0,status,1,MEDIUM,ALIVE,wolf1
0,status,2,VILLAGER,ALIVE,SampleRoleAssignPlayer
0,status,3,VILLAGER,ALIVE,SampleRoleAssignPlayer
0,status,4,POSSESSED,ALIVE,SampleRoleAssignPlayer
0,status,5,BODYGUARD,ALIVE,SampleRoleAssignPlayer
0,status,6,WEREWOLF,ALIVE,SampleRoleAssignPlayer
0,status,7,VILLAGER,ALIVE,SampleRoleAssignPlayer
0,status,8,VILLAGER,ALIVE,SampleRoleAssignPlayer
0,status,9,SEER,ALIVE,SampleRoleAssignPlayer
0,status,10,WEREWOLF,ALIVE,SampleRoleAssignPlayer
0,status,11,VILLAGER,ALIVE,SampleRoleAssignPlayer
0,status,12,VILLAGER,ALIVE,SampleRoleAssignPlayer
0,status,13,VILLAGER,ALIVE,SampleRoleAssignPlayer
0,status,14,VILLAGER,ALIVE,SampleRoleAssignPlayer
0,status,15,WEREWOLF,ALIVE,SampleRoleAssignPlayer
0,whisper,0,0,15,COMINGOUT Agent[15] MEDIUM
0,whisper,1,0,6,COMINGOUT Agent[06] VILLAGER
0,whisper,2,0,10,COMINGOUT Agent[10] SEER
0,whisper,3,1,6,Skip
0,whisper,4,1,10,DIVINED Agent[12] WEREWOLF
0,whisper,5,1,15,Skip
0,whisper,6,2,15,Skip
0,whisper,7,2,10,Skip
0,whisper,8,2,6,Skip
0,whisper,9,3,10,Skip
0,whisper,10,3,15,Over
0,whisper,11,3,6,Over
0,whisper,12,4,10,Over
0,whisper,13,4,6,Over
0,whisper,14,4,15,Over
0,divine,9,15,WEREWOLF
1,status,1,MEDIUM,ALIVE,wolf1
1,status,2,VILLAGER,ALIVE,SampleRoleAssignPlayer
1,status,3,VILLAGER,ALIVE,SampleRoleAssignPlayer
1,status,4,POSSESSED,ALIVE,SampleRoleAssignPlayer
1,status,5,BODYGUARD,ALIVE,SampleRoleAssignPlayer
1,status,6,WEREWOLF,ALIVE,SampleRoleAssignPlayer
1,status,7,VILLAGER,ALIVE,SampleRoleAssignPlayer
1,status,8,VILLAGER,ALIVE,SampleRoleAssignPlayer
1,status,9,SEER,ALIVE,SampleRoleAssignPlayer
1,status,10,WEREWOLF,ALIVE,SampleRoleAssignPlayer
1,status,11,VILLAGER,ALIVE,SampleRoleAssignPlayer
1,status,12,VILLAGER,ALIVE,SampleRoleAssignPlayer
1,status,13,VILLAGER,ALIVE,SampleRoleAssignPlayer
1,status,14,VILLAGER,ALIVE,SampleRoleAssignPlayer
1,status,15,WEREWOLF,ALIVE,SampleRoleAssignPlayer
1,talk,0,0,11,VOTE Agent[08]
1,talk,1,0,2,VOTE Agent[13]
1,talk,2,0,7,VOTE Agent[10]
1,talk,3,0,1,COMINGOUT Agent[01] MEDIUM
1,talk,4,0,8,VOTE Agent[05]
1,talk,5,0,5,VOTE Agent[09]
1,talk,6,0,13,VOTE Agent[15]
1,talk,7,0,9,COMINGOUT Agent[09] SEER
1,talk,8,0,15,VOTE Agent[02]
1,talk,9,0,12,VOTE Agent[09]
1,talk,10,0,3,VOTE Agent[14]
1,talk,11,0,4,COMINGOUT Agent[04] SEER
1,talk,12,0,10,VOTE Agent[12]
1,talk,13,0,6,VOTE Agent[08]
1,talk,14,0,14,VOTE Agent[02]
1,talk,15,1,1,VOTE Agent[08]
1,talk,16,1,11,Skip
1,talk,17,1,2,Skip
1,talk,18,1,12,Skip
1,talk,19,1,7,Skip
1,talk,20,1,10,REQUEST(VOTE Agent[12])
1,talk,21,1,3,Skip
1,talk,22,1,5,Skip
1,talk,23,1,8,Skip
1,talk,24,1,15,REQUEST(VOTE Agent[02])
1,talk,25,1,13,Skip
1,talk,26,1,6,REQUEST(VOTE Agent[08])
1,talk,27,1,9,DIVINED Agent[15] WEREWOLF
1,talk,28,1,4,DIVINED Agent[08] HUMAN
1,talk,29,1,14,Skip
1,talk,30,2,9,REQUEST(VOTE Agent[15])
1,talk,31,2,6,Skip
1,talk,32,2,10,COMINGOUT Agent[10] SEER
1,talk,33,2,14,ESTIMATE Agent[09] SEER
1,talk,34,2,12,ESTIMATE Agent[04] SEER
1,talk,35,2,4,REQUEST(VOTE Agent[03])
1,talk,36,2,11,ESTIMATE Agent[04] SEER
1,talk,37,2,5,ESTIMATE Agent[09] SEER
1,talk,38,2,3,ESTIMATE Agent[09] SEER
1,talk,39,2,1,ESTIMATE Agent[07] WEREWOLF
1,talk,40,2,13,ESTIMATE Agent[09] SEER
1,talk,41,2,15,VOTE Agent[01]
1,talk,42,2,8,ESTIMATE Agent[09] SEER
1,talk,43,2,2,ESTIMATE Agent[04] SEER
1,talk,44,2,7,ESTIMATE Agent[04] SEER
1,talk,45,3,13,Skip
1,talk,46,3,15,REQUEST(VOTE Agent[01])
1,talk,47,3,1,ESTIMATE Agent[04] WEREWOLF
1,talk,48,3,6,Skip
1,talk,49,3,14,ESTIMATE Agent[15] WEREWOLF
1,talk,50,3,10,DIVINED Agent[12] WEREWOLF
1,talk,51,3,8,ESTIMATE Agent[15] WEREWOLF
1,talk,52,3,3,ESTIMATE Agent[15] WEREWOLF
1,talk,53,3,5,ESTIMATE Agent[15] WEREWOLF
1,talk,54,3,2,ESTIMATE Agent[15] WEREWOLF
1,talk,55,3,9,VOTE Agent[15]
1,talk,56,3,4,VOTE Agent[09]
1,talk,57,3,11,ESTIMATE Agent[15] WEREWOLF
1,talk,58,3,7,ESTIMATE Agent[15] WEREWOLF
1,talk,59,3,12,ESTIMATE Agent[15] WEREWOLF
1,talk,60,4,3,REQUEST(Agent[09] DIVINATION Agent[15])
1,talk,61,4,15,COMINGOUT Agent[15] MEDIUM
1,talk,62,4,7,REQUEST(Agent[04] DIVINATION Agent[15])
1,talk,63,4,14,REQUEST(Agent[09] DIVINATION Agent[15])
1,talk,64,4,10,Skip
1,talk,65,4,5,REQUEST(Agent[09] DIVINATION Agent[15])
1,talk,66,4,9,Skip
1,talk,67,4,13,Skip
1,talk,68,4,6,Over
1,talk,69,4,2,REQUEST(Agent[04] DIVINATION Agent[15])
1,talk,70,4,12,REQUEST(Agent[04] DIVINATION Agent[15])
1,talk,71,4,8,REQUEST(Agent[09] DIVINATION Agent[15])
1,talk,72,4,11,REQUEST(Agent[04] DIVINATION Agent[15])
1,talk,73,4,4,REQUEST(VOTE Agent[09])
1,talk,74,4,1,ESTIMATE Agent[09] WEREWOLF
1,talk,75,5,6,Over
1,talk,76,5,13,Over
1,talk,77,5,11,VOTE Agent[15]
1,talk,78,5,9,Skip
1,talk,79,5,10,Skip
1,talk,80,5,4,Skip
1,talk,81,5,2,VOTE Agent[15]
1,talk,82,5,1,VOTE Agent[15]
1,talk,83,5,7,VOTE Agent[15]
1,talk,84,5,5,VOTE Agent[15]
1,talk,85,5,15,Skip
1,talk,86,5,3,VOTE Agent[15]
1,talk,87,5,14,VOTE Agent[15]
1,talk,88,5,8,VOTE Agent[15]
1,talk,89,5,12,VOTE Agent[15]
1,talk,90,6,12,Skip
1,talk,91,6,13,Over
1,talk,92,6,4,Skip
1,talk,93,6,3,Skip
1,talk,94,6,14,Skip
1,talk,95,6,9,Over
1,talk,96,6,11,Skip
1,talk,97,6,2,Skip
1,talk,98,6,6,Over
1,talk,99,6,5,Skip
1,talk,100,6,15,Skip
1,talk,101,6,10,Over
1,talk,102,6,7,Skip
1,talk,103,6,8,Skip
1,talk,104,6,1,Over
1,talk,105,7,2,Skip
1,talk,106,7,8,Skip
1,talk,107,7,4,Over
1,talk,108,7,5,Skip
1,talk,109,7,12,Skip
1,talk,110,7,3,Skip
1,talk,111,7,10,Over
1,talk,112,7,14,Skip
1,talk,113,7,13,Over
1,talk,114,7,6,Over
1,talk,115,7,7,Skip
1,talk,116,7,9,Over
1,talk,117,7,11,Skip
1,talk,118,7,15,Over
1,talk,119,7,1,Over
1,talk,120,8,4,Over
1,talk,121,8,3,Over
1,talk,122,8,7,Over
1,talk,123,8,5,Over
1,talk,124,8,12,Over
1,talk,125,8,14,Over
1,talk,126,8,2,Over
1,talk,127,8,8,Over
1,talk,128,8,6,Over
1,talk,129,8,11,Over
1,talk,130,8,13,Over
1,talk,131,8,1,Over
1,talk,132,8,15,Over
1,talk,133,8,9,Over
1,talk,134,8,10,Over
1,vote,1,15
1,vote,2,15
1,vote,3,15
1,vote,4,9
1,vote,5,15
1,vote,6,8
1,vote,7,15
1,vote,8,15
1,vote,9,15
1,vote,10,12
1,vote,11,15
1,vote,12,15
1,vote,13,15
1,vote,14,15
1,vote,15,1
1,execute,15,WEREWOLF
1,divine,9,13,HUMAN
1,whisper,0,0,6,ATTACK Agent[04]
1,whisper,1,0,10,ATTACK Agent[01]
1,whisper,2,1,10,REQUEST(ATTACK Agent[01])
1,whisper,3,1,6,REQUEST(ATTACK Agent[04])
1,whisper,4,2,10,DIVINED Agent[11] HUMAN
1,whisper,5,2,6,Skip
1,whisper,6,3,10,Skip
1,whisper,7,3,6,Skip
1,whisper,8,4,6,Over
1,whisper,9,4,10,Skip
1,whisper,10,5,10,Over
1,whisper,11,5,6,Over
1,guard,5,9,SEER
1,attackVote,6,4
1,attackVote,10,1
1,attackVote,6,4
1,attackVote,10,1
1,attack,4,true
2,status,1,MEDIUM,ALIVE,wolf1
2,status,2,VILLAGER,ALIVE,SampleRoleAssignPlayer
2,status,3,VILLAGER,ALIVE,SampleRoleAssignPlayer
2,status,4,POSSESSED,DEAD,SampleRoleAssignPlayer
2,status,5,BODYGUARD,ALIVE,SampleRoleAssignPlayer
2,status,6,WEREWOLF,ALIVE,SampleRoleAssignPlayer
2,status,7,VILLAGER,ALIVE,SampleRoleAssignPlayer
2,status,8,VILLAGER,ALIVE,SampleRoleAssignPlayer
2,status,9,SEER,ALIVE,SampleRoleAssignPlayer
2,status,10,WEREWOLF,ALIVE,SampleRoleAssignPlayer
2,status,11,VILLAGER,ALIVE,SampleRoleAssignPlayer
2,status,12,VILLAGER,ALIVE,SampleRoleAssignPlayer
2,status,13,VILLAGER,ALIVE,SampleRoleAssignPlayer
2,status,14,VILLAGER,ALIVE,SampleRoleAssignPlayer
2,status,15,WEREWOLF,DEAD,SampleRoleAssignPlayer
2,talk,0,0,14,ESTIMATE Agent[12] WEREWOLF
2,talk,1,0,1,IDENTIFIED Agent[15] WEREWOLF
2,talk,2,0,2,AGREE TALK day1 ID:33
2,talk,3,0,6,VOTE Agent[07]
2,talk,4,0,3,ESTIMATE Agent[12] WEREWOLF
2,talk,5,0,11,ESTIMATE Agent[10] SEER
2,talk,6,0,10,DIVINED Agent[11] HUMAN
2,talk,7,0,8,ESTIMATE Agent[12] WEREWOLF
2,talk,8,0,7,AGREE TALK day1 ID:33
2,talk,9,0,5,ESTIMATE Agent[12] WEREWOLF
2,talk,10,0,12,AGREE TALK day1 ID:33
2,talk,11,0,9,DIVINED Agent[13] HUMAN
2,talk,12,0,13,ESTIMATE Agent[12] WEREWOLF
2,talk,13,1,13,REQUEST(Agent[09] DIVINATION Agent[12])
2,talk,14,1,7,AGREE TALK day1 ID:37
2,talk,15,1,3,REQUEST(Agent[09] DIVINATION Agent[12])
2,talk,16,1,9,ESTIMATE Agent[10] WEREWOLF
2,talk,17,1,6,REQUEST(VOTE Agent[07])
2,talk,18,1,11,ESTIMATE Agent[12] WEREWOLF
2,talk,19,1,8,REQUEST(Agent[09] DIVINATION Agent[12])
2,talk,20,1,12,AGREE TALK day1 ID:37
2,talk,21,1,10,VOTE Agent[09]
2,talk,22,1,2,AGREE TALK day1 ID:37
2,talk,23,1,5,REQUEST(Agent[09] DIVINATION Agent[12])
2,talk,24,1,14,REQUEST(Agent[09] DIVINATION Agent[12])
2,talk,25,1,1,VOTE Agent[12]
2,talk,26,2,5,VOTE Agent[12]
2,talk,27,2,7,AGREE TALK day1 ID:38
2,talk,28,2,14,VOTE Agent[12]
2,talk,29,2,6,Skip
2,talk,30,2,2,AGREE TALK day1 ID:38
2,talk,31,2,13,VOTE Agent[12]
2,talk,32,2,11,REQUEST(Agent[10] DIVINATION Agent[12])
2,talk,33,2,9,VOTE Agent[10]
2,talk,34,2,8,VOTE Agent[12]
2,talk,35,2,1,ESTIMATE Agent[04] WEREWOLF
2,talk,36,2,3,VOTE Agent[12]
2,talk,37,2,10,REQUEST(VOTE Agent[09])
2,talk,38,2,12,AGREE TALK day1 ID:38
2,talk,39,3,2,AGREE TALK day1 ID:40
2,talk,40,3,3,Skip
2,talk,41,3,9,Skip
2,talk,42,3,14,Skip
2,talk,43,3,11,VOTE Agent[12]
2,talk,44,3,8,Skip
2,talk,45,3,12,AGREE TALK day1 ID:40
2,talk,46,3,13,Skip
2,talk,47,3,10,Skip
2,talk,48,3,6,Skip
2,talk,49,3,7,AGREE TALK day1 ID:40
2,talk,50,3,5,Skip
2,talk,51,3,1,ESTIMATE Agent[06] WEREWOLF
2,talk,52,4,10,Skip
2,talk,53,4,2,AGREE TALK day1 ID:42
2,talk,54,4,14,Skip
2,talk,55,4,6,Over
2,talk,56,4,3,Skip
2,talk,57,4,5,Skip
2,talk,58,4,8,Skip
2,talk,59,4,7,AGREE TALK day1 ID:42
2,talk,60,4,9,Skip
2,talk,61,4,11,Skip
2,talk,62,4,13,Skip
2,talk,63,4,1,ESTIMATE Agent[15] WEREWOLF
2,talk,64,4,12,AGREE TALK day1 ID:42
2,talk,65,5,2,DISAGREE TALK day1 ID:74
2,talk,66,5,12,DISAGREE TALK day1 ID:74
2,talk,67,5,3,Over
2,talk,68,5,6,Over
2,talk,69,5,5,Over
2,talk,70,5,13,Over
2,talk,71,5,10,Over
2,talk,72,5,7,DISAGREE TALK day1 ID:74
2,talk,73,5,8,Over
2,talk,74,5,9,Over
2,talk,75,5,1,Over
2,talk,76,5,11,Skip
2,talk,77,5,14,Over
2,talk,78,6,1,Over
2,talk,79,6,11,Over
2,talk,80,6,6,Over
2,talk,81,6,13,Over
2,talk,82,6,12,ESTIMATE Agent[09] SEER
2,talk,83,6,2,ESTIMATE Agent[09] SEER
2,talk,84,6,3,Over
2,talk,85,6,5,Over
2,talk,86,6,14,Over
2,talk,87,6,10,Over
2,talk,88,6,9,Over
2,talk,89,6,8,Over
2,talk,90,6,7,ESTIMATE Agent[09] SEER
2,talk,91,7,10,Over
2,talk,92,7,7,ESTIMATE Agent[12] WEREWOLF
2,talk,93,7,9,Over
2,talk,94,7,6,Over
2,talk,95,7,1,Over
2,talk,96,7,5,Over
2,talk,97,7,8,Over
2,talk,98,7,11,Over
2,talk,99,7,3,Over
2,talk,100,7,13,Over
2,talk,101,7,12,ESTIMATE Agent[10] WEREWOLF
2,talk,102,7,2,ESTIMATE Agent[12] WEREWOLF
2,talk,103,7,14,Over
2,talk,104,8,9,Over
2,talk,105,8,1,Over
2,talk,106,8,3,Over
2,talk,107,8,5,Over
2,talk,108,8,8,Over
2,talk,109,8,10,Over
2,talk,110,8,2,REQUEST(Agent[09] DIVINATION Agent[12])
2,talk,111,8,13,Over
2,talk,112,8,6,Over
2,talk,113,8,14,Over
2,talk,114,8,12,REQUEST(Agent[09] DIVINATION Agent[10])
2,talk,115,8,7,REQUEST(Agent[09] DIVINATION Agent[12])
2,talk,116,8,11,Over
2,talk,117,9,1,Over
2,talk,118,9,12,VOTE Agent[10]
2,talk,119,9,13,Over
2,talk,120,9,5,Over
2,talk,121,9,2,VOTE Agent[12]
2,talk,122,9,3,Over
2,talk,123,9,10,Over
2,talk,124,9,7,VOTE Agent[12]
2,talk,125,9,9,Over
2,talk,126,9,6,Over
2,talk,127,9,14,Over
2,talk,128,9,11,Over
2,talk,129,9,8,Over
2,talk,130,10,8,Over
2,talk,131,10,7,Over
2,talk,132,10,14,Over
2,talk,133,10,10,Over
2,talk,134,10,5,Over
2,talk,135,10,1,Over
2,talk,136,10,2,Over
2,talk,137,10,12,Over
2,talk,138,10,13,Over
2,talk,139,10,9,Over
2,talk,140,10,11,Over
2,talk,141,10,6,Over
2,talk,142,10,3,Over
2,vote,1,12
2,vote,2,12
2,vote,3,12
2,vote,5,12
2,vote,6,7
2,vote,7,12
2,vote,8,12
2,vote,9,10
2,vote,10,9
2,vote,11,12
2,vote,12,10
2,vote,13,12
2,vote,14,12
2,execute,12,VILLAGER
2,divine,9,10,WEREWOLF
2,whisper,0,0,10,ATTACK Agent[01]
2,whisper,1,0,6,ATTACK Agent[01]
2,whisper,2,1,6,REQUEST(ATTACK Agent[01])
2,whisper,3,1,10,REQUEST(ATTACK Agent[01])
2,whisper,4,2,6,Skip
2,whisper,5,2,10,DIVINED Agent[06] HUMAN
2,whisper,6,3,10,Skip
2,whisper,7,3,6,Skip
2,whisper,8,4,10,Skip
2,whisper,9,4,6,Over
2,whisper,10,5,6,Over
2,whisper,11,5,10,Over
2,guard,5,9,SEER
2,attackVote,6,1
2,attackVote,10,1
2,attack,1,true
3,status,1,MEDIUM,DEAD,wolf1
3,status,2,VILLAGER,ALIVE,SampleRoleAssignPlayer
3,status,3,VILLAGER,ALIVE,SampleRoleAssignPlayer
3,status,4,POSSESSED,DEAD,SampleRoleAssignPlayer
3,status,5,BODYGUARD,ALIVE,SampleRoleAssignPlayer
3,status,6,WEREWOLF,ALIVE,SampleRoleAssignPlayer
3,status,7,VILLAGER,ALIVE,SampleRoleAssignPlayer
3,status,8,VILLAGER,ALIVE,SampleRoleAssignPlayer
3,status,9,SEER,ALIVE,SampleRoleAssignPlayer
3,status,10,WEREWOLF,ALIVE,SampleRoleAssignPlayer
3,status,11,VILLAGER,ALIVE,SampleRoleAssignPlayer
3,status,12,VILLAGER,DEAD,SampleRoleAssignPlayer
3,status,13,VILLAGER,ALIVE,SampleRoleAssignPlayer
3,status,14,VILLAGER,ALIVE,SampleRoleAssignPlayer
3,status,15,WEREWOLF,DEAD,SampleRoleAssignPlayer
3,talk,0,0,7,VOTE Agent[08]
3,talk,1,0,14,VOTE Agent[09]
3,talk,2,0,5,VOTE Agent[08]
3,talk,3,0,10,DIVINED Agent[06] HUMAN
3,talk,4,0,3,VOTE Agent[08]
3,talk,5,0,2,VOTE Agent[05]
3,talk,6,0,13,VOTE Agent[03]
3,talk,7,0,9,DIVINED Agent[10] WEREWOLF
3,talk,8,0,8,VOTE Agent[06]
3,talk,9,0,11,VOTE Agent[13]
3,talk,10,0,6,VOTE Agent[07]
3,talk,11,1,7,DISAGREE TALK day2 ID:5
3,talk,12,1,10,VOTE Agent[09]
3,talk,13,1,8,DISAGREE TALK day2 ID:5
3,talk,14,1,13,DISAGREE TALK day2 ID:5
3,talk,15,1,9,REQUEST(VOTE Agent[10])
3,talk,16,1,3,DISAGREE TALK day2 ID:5
3,talk,17,1,6,REQUEST(VOTE Agent[07])
3,talk,18,1,11,DISAGREE TALK day2 ID:5
3,talk,19,1,14,DISAGREE TALK day2 ID:5
3,talk,20,1,2,DISAGREE TALK day2 ID:5
3,talk,21,1,5,DISAGREE TALK day2 ID:5
3,talk,22,2,9,VOTE Agent[10]
3,talk,23,2,13,AGREE TALK day2 ID:16
3,talk,24,2,3,AGREE TALK day2 ID:16
3,talk,25,2,11,AGREE TALK day2 ID:16
3,talk,26,2,5,AGREE TALK day2 ID:16
3,talk,27,2,6,Skip
3,talk,28,2,7,AGREE TALK day2 ID:16
3,talk,29,2,8,AGREE TALK day2 ID:16
3,talk,30,2,14,AGREE TALK day2 ID:16
3,talk,31,2,10,REQUEST(VOTE Agent[09])
3,talk,32,2,2,AGREE TALK day2 ID:16
3,talk,33,3,13,AGREE TALK day2 ID:101
3,talk,34,3,7,AGREE TALK day2 ID:101
3,talk,35,3,9,Skip
3,talk,36,3,3,AGREE TALK day2 ID:101
3,talk,37,3,8,AGREE TALK day2 ID:101
3,talk,38,3,14,AGREE TALK day2 ID:101
3,talk,39,3,2,AGREE TALK day2 ID:101
3,talk,40,3,11,AGREE TALK day2 ID:101
3,talk,41,3,10,Skip
3,talk,42,3,6,Skip
3,talk,43,3,5,AGREE TALK day2 ID:101
3,talk,44,4,2,ESTIMATE Agent[10] WEREWOLF
3,talk,45,4,11,ESTIMATE Agent[10] WEREWOLF
3,talk,46,4,9,Skip
3,talk,47,4,5,ESTIMATE Agent[10] WEREWOLF
3,talk,48,4,13,ESTIMATE Agent[10] WEREWOLF
3,talk,49,4,14,ESTIMATE Agent[10] WEREWOLF
3,talk,50,4,6,Over
3,talk,51,4,3,ESTIMATE Agent[10] WEREWOLF
3,talk,52,4,7,ESTIMATE Agent[10] WEREWOLF
3,talk,53,4,10,Skip
3,talk,54,4,8,ESTIMATE Agent[10] WEREWOLF
3,talk,55,5,7,REQUEST(Agent[09] DIVINATION Agent[10])
3,talk,56,5,10,Over
3,talk,57,5,8,REQUEST(Agent[09] DIVINATION Agent[10])
3,talk,58,5,5,REQUEST(Agent[09] DIVINATION Agent[10])
3,talk,59,5,2,REQUEST(Agent[09] DIVINATION Agent[10])
3,talk,60,5,9,Over
3,talk,61,5,3,REQUEST(Agent[09] DIVINATION Agent[10])
3,talk,62,5,14,REQUEST(Agent[09] DIVINATION Agent[10])
3,talk,63,5,6,Over
3,talk,64,5,11,REQUEST(Agent[10] DIVINATION Agent[10])
3,talk,65,5,13,REQUEST(Agent[09] DIVINATION Agent[10])
3,talk,66,6,10,Over
3,talk,67,6,11,VOTE Agent[10]
3,talk,68,6,7,VOTE Agent[10]
3,talk,69,6,13,VOTE Agent[10]
3,talk,70,6,14,VOTE Agent[10]
3,talk,71,6,9,Over
3,talk,72,6,5,VOTE Agent[10]
3,talk,73,6,8,VOTE Agent[10]
3,talk,74,6,6,Over
3,talk,75,6,3,VOTE Agent[10]
3,talk,76,6,2,VOTE Agent[10]
3,talk,77,7,3,Skip
3,talk,78,7,9,Over
3,talk,79,7,6,Over
3,talk,80,7,8,Skip
3,talk,81,7,13,Skip
3,talk,82,7,7,Skip
3,talk,83,7,11,Skip
3,talk,84,7,14,Skip
3,talk,85,7,10,Over
3,talk,86,7,5,Skip
3,talk,87,7,2,Skip
3,talk,88,8,6,Over
3,talk,89,8,5,Skip
3,talk,90,8,10,Over
3,talk,91,8,2,Skip
3,talk,92,8,13,Skip
3,talk,93,8,9,Over
3,talk,94,8,7,Skip
3,talk,95,8,11,Skip
3,talk,96,8,14,Skip
3,talk,97,8,8,Skip
3,talk,98,8,3,Skip
3,talk,99,9,7,Over
3,talk,100,9,13,Over
3,talk,101,9,3,Over
3,talk,102,9,6,Over
3,talk,103,9,9,Over
3,talk,104,9,10,Over
3,talk,105,9,2,Over
3,talk,106,9,11,Over
3,talk,107,9,8,Over
3,talk,108,9,14,Over
3,talk,109,9,5,Over
3,vote,2,10
3,vote,3,10
3,vote,5,10
3,vote,6,7
3,vote,7,10
3,vote,8,10
3,vote,9,10
3,vote,10,9
3,vote,11,10
3,vote,13,10
3,vote,14,10
3,execute,10,WEREWOLF
3,guard,5,9,SEER
4,status,1,MEDIUM,DEAD,wolf1
4,status,2,VILLAGER,ALIVE,SampleRoleAssignPlayer
4,status,3,VILLAGER,ALIVE,SampleRoleAssignPlayer
4,status,4,POSSESSED,DEAD,SampleRoleAssignPlayer
4,status,5,BODYGUARD,ALIVE,SampleRoleAssignPlayer
4,status,6,WEREWOLF,ALIVE,SampleRoleAssignPlayer
4,status,7,VILLAGER,ALIVE,SampleRoleAssignPlayer
4,status,8,VILLAGER,ALIVE,SampleRoleAssignPlayer
4,status,9,SEER,ALIVE,SampleRoleAssignPlayer
4,status,10,WEREWOLF,DEAD,SampleRoleAssignPlayer
4,status,11,VILLAGER,ALIVE,SampleRoleAssignPlayer
4,status,12,VILLAGER,DEAD,SampleRoleAssignPlayer
4,status,13,VILLAGER,ALIVE,SampleRoleAssignPlayer
4,status,14,VILLAGER,ALIVE,SampleRoleAssignPlayer
4,status,15,WEREWOLF,DEAD,SampleRoleAssignPlayer
4,talk,0,0,13,VOTE Agent[03]
4,talk,1,0,5,VOTE Agent[07]
4,talk,2,0,9,VOTE Agent[14]
4,talk,3,0,2,VOTE Agent[09]
4,talk,4,0,6,VOTE Agent[14]
4,talk,5,0,7,VOTE Agent[11]
4,talk,6,0,11,AGREE TALK day1 ID:33
4,talk,7,0,8,VOTE Agent[09]
4,talk,8,0,14,VOTE Agent[07]
4,talk,9,0,3,VOTE Agent[09]
4,talk,10,1,6,REQUEST(VOTE Agent[14])
4,talk,11,1,7,Skip
4,talk,12,1,9,Skip
4,talk,13,1,3,Skip
4,talk,14,1,5,Skip
4,talk,15,1,8,Skip
4,talk,16,1,13,Skip
4,talk,17,1,14,Skip
4,talk,18,1,2,Skip
4,talk,19,1,11,AGREE TALK day1 ID:37
4,talk,20,2,11,AGREE TALK day1 ID:38
4,talk,21,2,8,Skip
4,talk,22,2,2,Skip
4,talk,23,2,14,Skip
4,talk,24,2,9,Skip
4,talk,25,2,5,Skip
4,talk,26,2,6,Skip
4,talk,27,2,3,Skip
4,talk,28,2,13,Skip
4,talk,29,2,7,Skip
4,talk,30,3,8,Over
4,talk,31,3,9,Over
4,talk,32,3,13,Over
4,talk,33,3,14,Over
4,talk,34,3,11,AGREE TALK day1 ID:40
4,talk,35,3,7,Over
4,talk,36,3,3,Over
4,talk,37,3,2,Over
4,talk,38,3,5,Over
4,talk,39,3,6,Skip
4,talk,40,4,11,AGREE TALK day1 ID:42
4,talk,41,4,8,Over
4,talk,42,4,2,Over
4,talk,43,4,14,Over
4,talk,44,4,3,Over
4,talk,45,4,6,Over
4,talk,46,4,5,Over
4,talk,47,4,9,Over
4,talk,48,4,7,Over
4,talk,49,4,13,Over
4,talk,50,5,2,Over
4,talk,51,5,14,Over
4,talk,52,5,5,Over
4,talk,53,5,13,Over
4,talk,54,5,9,Over
4,talk,55,5,8,Over
4,talk,56,5,3,Over
4,talk,57,5,11,DISAGREE TALK day1 ID:74
4,talk,58,5,6,Over
4,talk,59,5,7,Over
4,talk,60,6,13,Over
4,talk,61,6,8,Over
4,talk,62,6,14,Over
4,talk,63,6,7,Over
4,talk,64,6,5,Over
4,talk,65,6,2,Over
4,talk,66,6,11,AGREE TALK day2 ID:82
4,talk,67,6,3,Over
4,talk,68,6,9,Over
4,talk,69,6,6,Over
4,talk,70,7,5,Over
4,talk,71,7,8,Over
4,talk,72,7,9,Over
4,talk,73,7,11,AGREE TALK day2 ID:83
4,talk,74,7,7,Over
4,talk,75,7,2,Over
4,talk,76,7,13,Over
4,talk,77,7,14,Over
4,talk,78,7,6,Over
4,talk,79,7,3,Over
4,talk,80,8,13,Over
4,talk,81,8,2,Over
4,talk,82,8,3,Over
4,talk,83,8,7,Over
4,talk,84,8,14,Over
4,talk,85,8,8,Over
4,talk,86,8,9,Over
4,talk,87,8,5,Over
4,talk,88,8,6,Over
4,talk,89,8,11,AGREE TALK day2 ID:90
4,talk,90,9,3,Over
4,talk,91,9,11,ESTIMATE Agent[09] SEER
4,talk,92,9,8,Over
4,talk,93,9,14,Over
4,talk,94,9,7,Over
4,talk,95,9,2,Over
4,talk,96,9,13,Over
4,talk,97,9,6,Over
4,talk,98,9,9,Over
4,talk,99,9,5,Over
4,talk,100,10,14,Over
4,talk,101,10,7,Over
4,talk,102,10,8,Over
4,talk,103,10,11,Over
4,talk,104,10,2,Over
4,talk,105,10,6,Over
4,talk,106,10,13,Over
4,talk,107,10,5,Over
4,talk,108,10,9,Over
4,talk,109,10,3,Over
4,vote,2,9
4,vote,3,9
4,vote,5,7
4,vote,6,14
4,vote,7,11
4,vote,8,9
4,vote,9,14
4,vote,11,6
4,vote,13,3
4,vote,14,7
4,execute,9,SEER
4,guard,5,9,SEER
4,attackVote,6,11
4,attack,11,true
5,status,1,MEDIUM,DEAD,wolf1
5,status,2,VILLAGER,ALIVE,SampleRoleAssignPlayer
5,status,3,VILLAGER,ALIVE,SampleRoleAssignPlayer
5,status,4,POSSESSED,DEAD,SampleRoleAssignPlayer
5,status,5,BODYGUARD,ALIVE,SampleRoleAssignPlayer
5,status,6,WEREWOLF,ALIVE,SampleRoleAssignPlayer
5,status,7,VILLAGER,ALIVE,SampleRoleAssignPlayer
5,status,8,VILLAGER,ALIVE,SampleRoleAssignPlayer
5,status,9,SEER,DEAD,SampleRoleAssignPlayer
5,status,10,WEREWOLF,DEAD,SampleRoleAssignPlayer
5,status,11,VILLAGER,DEAD,SampleRoleAssignPlayer
5,status,12,VILLAGER,DEAD,SampleRoleAssignPlayer
5,status,13,VILLAGER,ALIVE,SampleRoleAssignPlayer
5,status,14,VILLAGER,ALIVE,SampleRoleAssignPlayer
5,status,15,WEREWOLF,DEAD,SampleRoleAssignPlayer
5,talk,0,0,5,VOTE Agent[06]
5,talk,1,0,14,VOTE Agent[08]
5,talk,2,0,3,VOTE Agent[08]
5,talk,3,0,13,VOTE Agent[05]
5,talk,4,0,7,VOTE Agent[05]
5,talk,5,0,2,VOTE Agent[08]
5,talk,6,0,8,VOTE Agent[07]
5,talk,7,0,6,VOTE Agent[07]
5,talk,8,1,8,Skip
5,talk,9,1,2,Skip
5,talk,10,1,7,Skip
5,talk,11,1,6,REQUEST(VOTE Agent[07])
5,talk,12,1,14,Skip
5,talk,13,1,13,Skip
5,talk,14,1,3,Skip
5,talk,15,1,5,Skip
5,talk,16,2,13,Skip
5,talk,17,2,6,Skip
5,talk,18,2,5,Skip
5,talk,19,2,14,Skip
5,talk,20,2,7,Skip
5,talk,21,2,2,Skip
5,talk,22,2,8,Skip
5,talk,23,2,3,Skip
5,talk,24,3,14,Over
5,talk,25,3,5,Over
5,talk,26,3,6,Skip
5,talk,27,3,2,Over
5,talk,28,3,7,Over
5,talk,29,3,13,Over
5,talk,30,3,8,Over
5,talk,31,3,3,Over
5,talk,32,4,3,Over
5,talk,33,4,13,Over
5,talk,34,4,7,Over
5,talk,35,4,5,Over
5,talk,36,4,14,Over
5,talk,37,4,8,Over
5,talk,38,4,6,Over
5,talk,39,4,2,Over
5,vote,2,8
5,vote,3,8
5,vote,5,6
5,vote,6,7
5,vote,7,5
5,vote,8,7
5,vote,13,5
5,vote,14,8
5,execute,8,VILLAGER
5,guard,5,2,VILLAGER
5,attackVote,6,13
5,attack,13,true
6,status,1,MEDIUM,DEAD,wolf1
6,status,2,VILLAGER,ALIVE,SampleRoleAssignPlayer
6,status,3,VILLAGER,ALIVE,SampleRoleAssignPlayer
6,status,4,POSSESSED,DEAD,SampleRoleAssignPlayer
6,status,5,BODYGUARD,ALIVE,SampleRoleAssignPlayer
6,status,6,WEREWOLF,ALIVE,SampleRoleAssignPlayer
6,status,7,VILLAGER,ALIVE,SampleRoleAssignPlayer
6,status,8,VILLAGER,DEAD,SampleRoleAssignPlayer
6,status,9,SEER,DEAD,SampleRoleAssignPlayer
6,status,10,WEREWOLF,DEAD,SampleRoleAssignPlayer
6,status,11,VILLAGER,DEAD,SampleRoleAssignPlayer
6,status,12,VILLAGER,DEAD,SampleRoleAssignPlayer
6,status,13,VILLAGER,DEAD,SampleRoleAssignPlayer
6,status,14,VILLAGER,ALIVE,SampleRoleAssignPlayer
6,status,15,WEREWOLF,DEAD,SampleRoleAssignPlayer
6,talk,0,0,7,VOTE Agent[05]
6,talk,1,0,3,VOTE Agent[02]
6,talk,2,0,14,VOTE Agent[03]
6,talk,3,0,2,VOTE Agent[03]
6,talk,4,0,5,VOTE Agent[03]
6,talk,5,0,6,VOTE Agent[03]
6,talk,6,1,7,Skip
6,talk,7,1,14,Skip
6,talk,8,1,3,Skip
6,talk,9,1,5,Skip
6,talk,10,1,6,REQUEST(VOTE Agent[03])
6,talk,11,1,2,Skip
6,talk,12,2,5,Skip
6,talk,13,2,14,Skip
6,talk,14,2,2,Skip
6,talk,15,2,7,Skip
6,talk,16,2,3,Skip
6,talk,17,2,6,Skip
6,talk,18,3,2,Over
6,talk,19,3,3,Over
6,talk,20,3,6,Skip
6,talk,21,3,14,Over
6,talk,22,3,5,Over
6,talk,23,3,7,Over
6,talk,24,4,6,Over
6,talk,25,4,14,Over
6,talk,26,4,3,Over
6,talk,27,4,5,Over
6,talk,28,4,7,Over
6,talk,29,4,2,Over
6,vote,2,3
6,vote,3,2
6,vote,5,3
6,vote,6,3
6,vote,7,5
6,vote,14,3
6,execute,3,VILLAGER
6,guard,5,14,VILLAGER
6,attackVote,6,7
6,attack,7,true
7,status,1,MEDIUM,DEAD,wolf1
7,status,2,VILLAGER,ALIVE,SampleRoleAssignPlayer
7,status,3,VILLAGER,DEAD,SampleRoleAssignPlayer
7,status,4,POSSESSED,DEAD,SampleRoleAssignPlayer
7,status,5,BODYGUARD,ALIVE,SampleRoleAssignPlayer
7,status,6,WEREWOLF,ALIVE,SampleRoleAssignPlayer
7,status,7,VILLAGER,DEAD,SampleRoleAssignPlayer
7,status,8,VILLAGER,DEAD,SampleRoleAssignPlayer
7,status,9,SEER,DEAD,SampleRoleAssignPlayer
7,status,10,WEREWOLF,DEAD,SampleRoleAssignPlayer
7,status,11,VILLAGER,DEAD,SampleRoleAssignPlayer
7,status,12,VILLAGER,DEAD,SampleRoleAssignPlayer
7,status,13,VILLAGER,DEAD,SampleRoleAssignPlayer
7,status,14,VILLAGER,ALIVE,SampleRoleAssignPlayer
7,status,15,WEREWOLF,DEAD,SampleRoleAssignPlayer
7,talk,0,0,5,VOTE Agent[14]
7,talk,1,0,6,VOTE Agent[14]
7,talk,2,0,14,VOTE Agent[02]
7,talk,3,0,2,VOTE Agent[06]
7,talk,4,1,5,Skip
7,talk,5,1,14,Skip
7,talk,6,1,6,REQUEST(VOTE Agent[14])
7,talk,7,1,2,Skip
7,talk,8,2,14,Skip
7,talk,9,2,6,Skip
7,talk,10,2,2,Skip
7,talk,11,2,5,Skip
7,talk,12,3,2,Over
7,talk,13,3,5,Over
7,talk,14,3,6,Skip
7,talk,15,3,14,Over
7,talk,16,4,5,Over
7,talk,17,4,14,Over
7,talk,18,4,2,Over
7,talk,19,4,6,Over
7,vote,2,6
7,vote,5,14
7,vote,6,14
7,vote,14,2
7,execute,14,VILLAGER
7,guard,5,2,VILLAGER
7,attackVote,6,5
7,attack,5,true
8,status,1,MEDIUM,DEAD,wolf1
8,status,2,VILLAGER,ALIVE,SampleRoleAssignPlayer
8,status,3,VILLAGER,DEAD,SampleRoleAssignPlayer
8,status,4,POSSESSED,DEAD,SampleRoleAssignPlayer
8,status,5,BODYGUARD,DEAD,SampleRoleAssignPlayer
8,status,6,WEREWOLF,ALIVE,SampleRoleAssignPlayer
8,status,7,VILLAGER,DEAD,SampleRoleAssignPlayer
8,status,8,VILLAGER,DEAD,SampleRoleAssignPlayer
8,status,9,SEER,DEAD,SampleRoleAssignPlayer
8,status,10,WEREWOLF,DEAD,SampleRoleAssignPlayer
8,status,11,VILLAGER,DEAD,SampleRoleAssignPlayer
8,status,12,VILLAGER,DEAD,SampleRoleAssignPlayer
8,status,13,VILLAGER,DEAD,SampleRoleAssignPlayer
8,status,14,VILLAGER,DEAD,SampleRoleAssignPlayer
8,status,15,WEREWOLF,DEAD,SampleRoleAssignPlayer
8,result,1,1,WEREWOLF
