0,status,1,POSSESSED,ALIVE,wolf1
0,status,2,VILLAGER,ALIVE,SampleRoleAssignPlayer
0,status,3,WEREWOLF,ALIVE,SampleRoleAssignPlayer
0,status,4,VILLAGER,ALIVE,SampleRoleAssignPlayer
0,status,5,BODYGUARD,ALIVE,SampleRoleAssignPlayer
0,status,6,WEREWOLF,ALIVE,SampleRoleAssignPlayer
0,status,7,VILLAGER,ALIVE,SampleRoleAssignPlayer
0,status,8,VILLAGER,ALIVE,SampleRoleAssignPlayer
0,status,9,VILLAGER,ALIVE,SampleRoleAssignPlayer
0,status,10,VILLAGER,ALIVE,SampleRoleAssignPlayer
0,status,11,VILLAGER,ALIVE,SampleRoleAssignPlayer
0,status,12,SEER,ALIVE,SampleRoleAssignPlayer
0,status,13,WEREWOLF,ALIVE,SampleRoleAssignPlayer
0,status,14,MEDIUM,ALIVE,SampleRoleAssignPlayer
0,status,15,VILLAGER,ALIVE,SampleRoleAssignPlayer
0,whisper,0,0,13,COMINGOUT Agent[13] SEER
0,whisper,1,0,6,COMINGOUT Agent[06] MEDIUM
0,whisper,2,0,3,COMINGOUT Agent[03] SEER
0,whisper,3,1,13,Skip
0,whisper,4,1,3,COMINGOUT Agent[03] VILLAGER
0,whisper,5,1,6,Skip
0,whisper,6,2,3,Skip
0,whisper,7,2,13,DIVINED Agent[09] WEREWOLF
0,whisper,8,2,6,Skip
0,whisper,9,3,6,Over
0,whisper,10,3,13,Skip
0,whisper,11,3,3,Skip
0,whisper,12,4,13,Skip
0,whisper,13,4,3,Over
0,whisper,14,4,6,Over
0,whisper,15,5,6,Over
0,whisper,16,5,13,Over
0,whisper,17,5,3,Over
0,divine,12,9,HUMAN
1,status,1,POSSESSED,ALIVE,wolf1
1,status,2,VILLAGER,ALIVE,SampleRoleAssignPlayer
1,status,3,WEREWOLF,ALIVE,SampleRoleAssignPlayer
1,status,4,VILLAGER,ALIVE,SampleRoleAssignPlayer
1,status,5,BODYGUARD,ALIVE,SampleRoleAssignPlayer
1,status,6,WEREWOLF,ALIVE,SampleRoleAssignPlayer
1,status,7,VILLAGER,ALIVE,SampleRoleAssignPlayer
1,status,8,VILLAGER,ALIVE,SampleRoleAssignPlayer
1,status,9,VILLAGER,ALIVE,SampleRoleAssignPlayer
1,status,10,VILLAGER,ALIVE,SampleRoleAssignPlayer
1,status,11,VILLAGER,ALIVE,SampleRoleAssignPlayer
1,status,12,SEER,ALIVE,SampleRoleAssignPlayer
1,status,13,WEREWOLF,ALIVE,SampleRoleAssignPlayer
1,status,14,MEDIUM,ALIVE,SampleRoleAssignPlayer
1,status,15,VILLAGER,ALIVE,SampleRoleAssignPlayer
1,talk,0,0,1,COMINGOUT Agent[01] SEER
1,talk,1,0,7,VOTE Agent[13]
1,talk,2,0,13,VOTE Agent[09]
1,talk,3,0,15,VOTE Agent[13]
1,talk,4,0,10,VOTE Agent[09]
1,talk,5,0,5,VOTE Agent[15]
1,talk,6,0,11,VOTE Agent[08]
1,talk,7,0,3,VOTE Agent[15]
1,talk,8,0,6,VOTE Agent[10]
1,talk,9,0,14,VOTE Agent[03]
1,talk,10,0,9,VOTE Agent[11]
1,talk,11,0,2,VOTE Agent[07]
1,talk,12,0,12,COMINGOUT Agent[12] SEER
1,talk,13,0,4,VOTE Agent[08]
1,talk,14,0,8,VOTE Agent[07]
1,talk,15,1,13,REQUEST(VOTE Agent[09])
1,talk,16,1,11,Skip
1,talk,17,1,12,DIVINED Agent[09] HUMAN
1,talk,18,1,10,Skip
1,talk,19,1,8,Skip
1,talk,20,1,4,Skip
1,talk,21,1,3,REQUEST(VOTE Agent[15])
1,talk,22,1,14,Skip
1,talk,23,1,1,DIVINED Agent[07] HUMAN
1,talk,24,1,5,Skip
1,talk,25,1,9,Skip
1,talk,26,1,7,Skip
1,talk,27,1,6,REQUEST(VOTE Agent[10])
1,talk,28,1,2,Skip
1,talk,29,1,15,Skip
1,talk,30,2,12,ESTIMATE Agent[01] WEREWOLF
1,talk,31,2,4,ESTIMATE Agent[01] SEER
1,talk,32,2,10,ESTIMATE Agent[12] SEER
1,talk,33,2,13,COMINGOUT Agent[13] SEER
1,talk,34,2,5,ESTIMATE Agent[12] SEER
1,talk,35,2,1,VOTE Agent[05]
1,talk,36,2,3,Skip
1,talk,37,2,6,Skip
1,talk,38,2,7,ESTIMATE Agent[12] SEER
1,talk,39,2,11,ESTIMATE Agent[01] SEER
1,talk,40,2,15,ESTIMATE Agent[01] SEER
1,talk,41,2,14,ESTIMATE Agent[12] SEER
1,talk,42,2,9,ESTIMATE Agent[01] SEER
1,talk,43,2,2,ESTIMATE Agent[01] SEER
1,talk,44,2,8,ESTIMATE Agent[01] SEER
1,talk,45,3,13,DIVINED Agent[09] WEREWOLF
1,talk,46,3,15,Skip
1,talk,47,3,14,Skip
1,talk,48,3,7,Skip
1,talk,49,3,1,ESTIMATE Agent[05] WEREWOLF
1,talk,50,3,9,Skip
1,talk,51,3,12,VOTE Agent[01]
1,talk,52,3,2,Skip
1,talk,53,3,6,Skip
1,talk,54,3,4,Skip
1,talk,55,3,3,Skip
1,talk,56,3,10,Skip
1,talk,57,3,11,Skip
1,talk,58,3,5,Skip
1,talk,59,3,8,Skip
1,talk,60,4,15,ESTIMATE Agent[09] WEREWOLF
1,talk,61,4,5,ESTIMATE Agent[09] WEREWOLF
1,talk,62,4,10,Skip
1,talk,63,4,6,Over
1,talk,64,4,11,ESTIMATE Agent[09] WEREWOLF
1,talk,65,4,13,Skip
1,talk,66,4,14,ESTIMATE Agent[09] WEREWOLF
1,talk,67,4,8,ESTIMATE Agent[09] WEREWOLF
1,talk,68,4,7,ESTIMATE Agent[09] WEREWOLF
1,talk,69,4,4,ESTIMATE Agent[09] WEREWOLF
1,talk,70,4,3,Over
1,talk,71,4,2,ESTIMATE Agent[09] WEREWOLF
1,talk,72,4,12,Skip
1,talk,73,4,1,ESTIMATE Agent[11] WEREWOLF
1,talk,74,4,9,ESTIMATE Agent[13] WEREWOLF
1,talk,75,5,2,REQUEST(Agent[01] DIVINATION Agent[09])
1,talk,76,5,1,ESTIMATE Agent[12] WEREWOLF
1,talk,77,5,3,Over
1,talk,78,5,6,Over
1,talk,79,5,12,Skip
1,talk,80,5,14,REQUEST(Agent[12] DIVINATION Agent[09])
1,talk,81,5,15,REQUEST(Agent[01] DIVINATION Agent[09])
1,talk,82,5,4,REQUEST(Agent[01] DIVINATION Agent[09])
1,talk,83,5,5,REQUEST(Agent[12] DIVINATION Agent[09])
1,talk,84,5,7,REQUEST(Agent[12] DIVINATION Agent[09])
1,talk,85,5,13,Skip
1,talk,86,5,8,REQUEST(Agent[01] DIVINATION Agent[09])
1,talk,87,5,11,REQUEST(Agent[01] DIVINATION Agent[09])
1,talk,88,5,9,REQUEST(Agent[01] DIVINATION Agent[13])
1,talk,89,5,10,Over
1,talk,90,6,12,Over
1,talk,91,6,1,ESTIMATE Agent[07] VILLAGER
1,talk,92,6,11,VOTE Agent[09]
1,talk,93,6,4,VOTE Agent[09]
1,talk,94,6,9,VOTE Agent[13]
1,talk,95,6,6,Over
1,talk,96,6,13,Over
1,talk,97,6,3,Over
1,talk,98,6,5,VOTE Agent[09]
1,talk,99,6,10,Over
1,talk,100,6,2,VOTE Agent[09]
1,talk,101,6,14,VOTE Agent[09]
1,talk,102,6,7,VOTE Agent[09]
1,talk,103,6,15,VOTE Agent[09]
1,talk,104,6,8,VOTE Agent[09]
1,talk,105,7,13,Over
1,talk,106,7,7,Skip
1,talk,107,7,6,Over
1,talk,108,7,11,Skip
1,talk,109,7,12,Over
1,talk,110,7,15,Skip
1,talk,111,7,8,Skip
1,talk,112,7,5,Skip
1,talk,113,7,2,Skip
1,talk,114,7,14,Skip
1,talk,115,7,3,Over
1,talk,116,7,10,Over
1,talk,117,7,1,Over
1,talk,118,7,4,Skip
1,talk,119,7,9,Skip
1,talk,120,8,10,Over
1,talk,121,8,6,Over
1,talk,122,8,5,Skip
1,talk,123,8,15,Skip
1,talk,124,8,3,Over
1,talk,125,8,12,Over
1,talk,126,8,1,Over
1,talk,127,8,14,Skip
1,talk,128,8,9,Skip
1,talk,129,8,4,Skip
1,talk,130,8,13,Over
1,talk,131,8,2,Skip
1,talk,132,8,7,Skip
1,talk,133,8,11,Skip
1,talk,134,8,8,Skip
1,talk,135,9,3,Over
1,talk,136,9,13,Over
1,talk,137,9,1,Over
1,talk,138,9,5,Over
1,talk,139,9,10,Over
1,talk,140,9,4,Over
1,talk,141,9,14,Over
1,talk,142,9,15,Over
1,talk,143,9,9,Over
1,talk,144,9,6,Over
1,talk,145,9,7,Over
1,talk,146,9,12,Over
1,talk,147,9,2,Over
1,talk,148,9,8,Over
1,talk,149,9,11,Over
1,vote,1,5
1,vote,2,9
1,vote,3,15
1,vote,4,9
1,vote,5,9
1,vote,6,10
1,vote,7,9
1,vote,8,9
1,vote,9,13
1,vote,10,9
1,vote,11,9
1,vote,12,1
1,vote,13,9
1,vote,14,9
1,vote,15,9
1,execute,9,VILLAGER
1,divine,12,13,WEREWOLF
1,whisper,0,0,13,ATTACK Agent[01]
1,whisper,1,0,6,ATTACK Agent[12]
1,whisper,2,0,3,ATTACK Agent[12]
1,whisper,3,1,3,REQUEST(ATTACK Agent[12])
1,whisper,4,1,6,REQUEST(ATTACK Agent[12])
1,whisper,5,1,13,REQUEST(ATTACK Agent[01])
1,whisper,6,2,13,DIVINED Agent[14] WEREWOLF
1,whisper,7,2,6,IDENTIFIED Agent[09] HUMAN
1,whisper,8,2,3,Skip
1,whisper,9,3,6,Skip
1,whisper,10,3,13,Skip
1,whisper,11,3,3,Skip
1,whisper,12,4,3,Over
1,whisper,13,4,6,Skip
1,whisper,14,4,13,Skip
1,whisper,15,5,13,Over
1,whisper,16,5,6,Over
1,whisper,17,5,3,Over
1,guard,5,12,SEER
1,attackVote,3,12
1,attackVote,6,12
1,attackVote,13,1
1,attack,12,false
2,status,1,POSSESSED,ALIVE,wolf1
2,status,2,VILLAGER,ALIVE,SampleRoleAssignPlayer
2,status,3,WEREWOLF,ALIVE,SampleRoleAssignPlayer
2,status,4,VILLAGER,ALIVE,SampleRoleAssignPlayer
2,status,5,BODYGUARD,ALIVE,SampleRoleAssignPlayer
2,status,6,WEREWOLF,ALIVE,SampleRoleAssignPlayer
2,status,7,VILLAGER,ALIVE,SampleRoleAssignPlayer
2,status,8,VILLAGER,ALIVE,SampleRoleAssignPlayer
2,status,9,VILLAGER,DEAD,SampleRoleAssignPlayer
2,status,10,VILLAGER,ALIVE,SampleRoleAssignPlayer
2,status,11,VILLAGER,ALIVE,SampleRoleAssignPlayer
2,status,12,SEER,ALIVE,SampleRoleAssignPlayer
2,status,13,WEREWOLF,ALIVE,SampleRoleAssignPlayer
2,status,14,MEDIUM,ALIVE,SampleRoleAssignPlayer
2,status,15,VILLAGER,ALIVE,SampleRoleAssignPlayer
2,talk,0,0,6,VOTE Agent[11]
2,talk,1,0,14,AGREE TALK day1 ID:74
2,talk,2,0,1,DIVINED Agent[05] HUMAN
2,talk,3,0,13,DIVINED Agent[14] WEREWOLF
2,talk,4,0,2,VOTE Agent[01]
2,talk,5,0,8,VOTE Agent[15]
2,talk,6,0,15,VOTE Agent[07]
2,talk,7,0,7,VOTE Agent[03]
2,talk,8,0,3,VOTE Agent[05]
2,talk,9,0,11,VOTE Agent[15]
2,talk,10,0,10,VOTE Agent[05]
2,talk,11,0,12,DIVINED Agent[13] WEREWOLF
2,talk,12,0,4,VOTE Agent[02]
2,talk,13,0,5,VOTE Agent[02]
2,talk,14,1,13,VOTE Agent[12]
2,talk,15,1,5,ESTIMATE Agent[14] WEREWOLF
2,talk,16,1,10,AGREE TALK day1 ID:74
2,talk,17,1,4,AGREE TALK day1 ID:74
2,talk,18,1,11,ESTIMATE Agent[14] WEREWOLF
2,talk,19,1,3,REQUEST(VOTE Agent[05])
2,talk,20,1,7,AGREE TALK day1 ID:74
2,talk,21,1,6,REQUEST(VOTE Agent[11])
2,talk,22,1,12,REQUEST(VOTE Agent[13])
2,talk,23,1,2,AGREE TALK day1 ID:74
2,talk,24,1,15,AGREE TALK day1 ID:74
2,talk,25,1,8,AGREE TALK day1 ID:74
2,talk,26,1,1,VOTE Agent[11]
2,talk,27,1,14,ESTIMATE Agent[13] WEREWOLF
2,talk,28,2,8,ESTIMATE Agent[13] WEREWOLF
2,talk,29,2,14,REQUEST(Agent[12] DIVINATION Agent[13])
2,talk,30,2,6,Skip
2,talk,31,2,5,REQUEST(Agent[12] DIVINATION Agent[14])
2,talk,32,2,4,ESTIMATE Agent[13] WEREWOLF
2,talk,33,2,2,ESTIMATE Agent[13] WEREWOLF
2,talk,34,2,11,REQUEST(Agent[01] DIVINATION Agent[14])
2,talk,35,2,1,ESTIMATE Agent[04] WEREWOLF
2,talk,36,2,7,ESTIMATE Agent[13] WEREWOLF
2,talk,37,2,15,ESTIMATE Agent[13] WEREWOLF
2,talk,38,2,10,ESTIMATE Agent[13] WEREWOLF
2,talk,39,2,13,REQUEST(VOTE Agent[12])
2,talk,40,2,12,VOTE Agent[13]
2,talk,41,2,3,Skip
2,talk,42,3,11,VOTE Agent[14]
2,talk,43,3,6,Skip
2,talk,44,3,7,REQUEST(Agent[12] DIVINATION Agent[13])
2,talk,45,3,2,REQUEST(Agent[01] DIVINATION Agent[13])
2,talk,46,3,14,VOTE Agent[13]
2,talk,47,3,3,Skip
2,talk,48,3,5,VOTE Agent[14]
2,talk,49,3,1,ESTIMATE Agent[11] WEREWOLF
2,talk,50,3,12,Skip
2,talk,51,3,8,REQUEST(Agent[01] DIVINATION Agent[13])
2,talk,52,3,13,Skip
2,talk,53,3,15,REQUEST(Agent[01] DIVINATION Agent[13])
2,talk,54,3,4,REQUEST(Agent[01] DIVINATION Agent[13])
2,talk,55,3,10,REQUEST(Agent[12] DIVINATION Agent[13])
2,talk,56,4,6,Over
2,talk,57,4,13,Skip
2,talk,58,4,12,Skip
2,talk,59,4,14,Skip
2,talk,60,4,4,VOTE Agent[13]
2,talk,61,4,15,VOTE Agent[13]
2,talk,62,4,10,VOTE Agent[13]
2,talk,63,4,8,VOTE Agent[13]
2,talk,64,4,7,VOTE Agent[13]
2,talk,65,4,5,Skip
2,talk,66,4,3,Over
2,talk,67,4,2,VOTE Agent[13]
2,talk,68,4,1,ESTIMATE Agent[12] WEREWOLF
2,talk,69,4,11,Skip
2,talk,70,5,15,Skip
2,talk,71,5,6,Over
2,talk,72,5,10,Skip
2,talk,73,5,2,Skip
2,talk,74,5,4,Skip
2,talk,75,5,3,Over
2,talk,76,5,14,Skip
2,talk,77,5,11,Skip
2,talk,78,5,8,Skip
2,talk,79,5,7,Skip
2,talk,80,5,13,Over
2,talk,81,5,12,Over
2,talk,82,5,1,ESTIMATE Agent[05] VILLAGER
2,talk,83,5,5,Skip
2,talk,84,6,10,Skip
2,talk,85,6,4,Skip
2,talk,86,6,1,ESTIMATE Agent[07] VILLAGER
2,talk,87,6,3,Over
2,talk,88,6,2,Skip
2,talk,89,6,13,Over
2,talk,90,6,11,Over
2,talk,91,6,12,Over
2,talk,92,6,6,Over
2,talk,93,6,15,Skip
2,talk,94,6,14,Over
2,talk,95,6,7,Skip
2,talk,96,6,5,Over
2,talk,97,6,8,Skip
2,talk,98,7,6,Over
2,talk,99,7,7,Over
2,talk,100,7,1,Over
2,talk,101,7,5,Over
2,talk,102,7,2,Over
2,talk,103,7,8,Over
2,talk,104,7,10,Over
2,talk,105,7,4,Over
2,talk,106,7,11,Over
2,talk,107,7,14,Over
2,talk,108,7,12,Over
2,talk,109,7,13,Over
2,talk,110,7,15,Over
2,talk,111,7,3,Over
2,vote,1,11
2,vote,2,13
2,vote,3,5
2,vote,4,13
2,vote,5,14
2,vote,6,11
2,vote,7,13
2,vote,8,13
2,vote,10,13
2,vote,11,14
2,vote,12,13
2,vote,13,12
2,vote,14,13
2,vote,15,13
2,execute,13,WEREWOLF
2,whisper,0,0,3,ATTACK Agent[01]
2,whisper,1,0,6,ATTACK Agent[01]
2,whisper,2,1,6,REQUEST(ATTACK Agent[01])
2,whisper,3,1,3,REQUEST(ATTACK Agent[01])
2,whisper,4,2,6,IDENTIFIED Agent[13] HUMAN
2,whisper,5,2,3,Skip
2,whisper,6,3,6,Skip
2,whisper,7,3,3,Skip
2,whisper,8,4,3,Over
2,whisper,9,4,6,Skip
2,whisper,10,5,3,Over
2,whisper,11,5,6,Over
2,guard,5,12,SEER
2,attackVote,3,1
2,attackVote,6,1
2,attack,1,true
3,status,1,POSSESSED,DEAD,wolf1
3,status,2,VILLAGER,ALIVE,SampleRoleAssignPlayer
3,status,3,WEREWOLF,ALIVE,SampleRoleAssignPlayer
3,status,4,VILLAGER,ALIVE,SampleRoleAssignPlayer
3,status,5,BODYGUARD,ALIVE,SampleRoleAssignPlayer
3,status,6,WEREWOLF,ALIVE,SampleRoleAssignPlayer
3,status,7,VILLAGER,ALIVE,SampleRoleAssignPlayer
3,status,8,VILLAGER,ALIVE,SampleRoleAssignPlayer
3,status,9,VILLAGER,DEAD,SampleRoleAssignPlayer
3,status,10,VILLAGER,ALIVE,SampleRoleAssignPlayer
3,status,11,VILLAGER,ALIVE,SampleRoleAssignPlayer
3,status,12,SEER,ALIVE,SampleRoleAssignPlayer
3,status,13,WEREWOLF,DEAD,SampleRoleAssignPlayer
3,status,14,MEDIUM,ALIVE,SampleRoleAssignPlayer
3,status,15,VILLAGER,ALIVE,SampleRoleAssignPlayer
3,talk,0,0,6,VOTE Agent[04]
3,talk,1,0,7,AGREE TALK day2 ID:15
3,talk,2,0,10,AGREE TALK day2 ID:15
3,talk,3,0,12,VOTE Agent[03]
3,talk,4,0,15,AGREE TALK day1 ID:32
3,talk,5,0,8,AGREE TALK day1 ID:32
3,talk,6,0,3,VOTE Agent[02]
3,talk,7,0,11,AGREE TALK day1 ID:32
3,talk,8,0,14,COMINGOUT Agent[14] MEDIUM
3,talk,9,0,2,AGREE TALK day1 ID:32
3,talk,10,0,5,AGREE TALK day2 ID:15
3,talk,11,0,4,AGREE TALK day1 ID:32
3,talk,12,1,15,AGREE TALK day1 ID:34
3,talk,13,1,14,IDENTIFIED Agent[09] HUMAN
3,talk,14,1,11,AGREE TALK day1 ID:34
3,talk,15,1,4,AGREE TALK day1 ID:34
3,talk,16,1,12,Skip
3,talk,17,1,3,REQUEST(VOTE Agent[02])
3,talk,18,1,8,AGREE TALK day1 ID:34
3,talk,19,1,6,REQUEST(VOTE Agent[04])
3,talk,20,1,10,AGREE TALK day2 ID:18
3,talk,21,1,2,AGREE TALK day1 ID:34
3,talk,22,1,7,AGREE TALK day2 ID:18
3,talk,23,1,5,AGREE TALK day2 ID:18
3,talk,24,2,11,AGREE TALK day1 ID:38
3,talk,25,2,3,Skip
3,talk,26,2,2,AGREE TALK day1 ID:38
3,talk,27,2,7,ESTIMATE Agent[14] WEREWOLF
3,talk,28,2,14,IDENTIFIED Agent[13] WEREWOLF
3,talk,29,2,15,AGREE TALK day1 ID:38
3,talk,30,2,12,Skip
3,talk,31,2,10,ESTIMATE Agent[14] WEREWOLF
3,talk,32,2,5,ESTIMATE Agent[14] WEREWOLF
3,talk,33,2,6,VOTE Agent[14]
3,talk,34,2,4,AGREE TALK day1 ID:38
3,talk,35,2,8,AGREE TALK day1 ID:38
3,talk,36,3,14,VOTE Agent[06]
3,talk,37,3,3,Skip
3,talk,38,3,7,REQUEST(Agent[12] DIVINATION Agent[14])
3,talk,39,3,15,AGREE TALK day1 ID:41
3,talk,40,3,8,AGREE TALK day1 ID:41
3,talk,41,3,10,REQUEST(Agent[12] DIVINATION Agent[14])
3,talk,42,3,12,Over
3,talk,43,3,4,AGREE TALK day1 ID:41
3,talk,44,3,11,AGREE TALK day1 ID:41
3,talk,45,3,6,REQUEST(VOTE Agent[14])
3,talk,46,3,5,REQUEST(Agent[12] DIVINATION Agent[14])
3,talk,47,3,2,AGREE TALK day1 ID:41
3,talk,48,4,7,VOTE Agent[14]
3,talk,49,4,14,Skip
3,talk,50,4,11,DISAGREE TALK day1 ID:76
3,talk,51,4,10,VOTE Agent[14]
3,talk,52,4,2,DISAGREE TALK day1 ID:76
3,talk,53,4,15,DISAGREE TALK day1 ID:76
3,talk,54,4,12,Over
3,talk,55,4,8,DISAGREE TALK day1 ID:76
3,talk,56,4,3,Over
3,talk,57,4,4,DISAGREE TALK day1 ID:76
3,talk,58,4,5,VOTE Agent[14]
3,talk,59,4,6,COMINGOUT Agent[06] MEDIUM
3,talk,60,5,11,DISAGREE TALK day2 ID:68
3,talk,61,5,15,DISAGREE TALK day2 ID:68
3,talk,62,5,10,Skip
3,talk,63,5,14,Skip
3,talk,64,5,8,DISAGREE TALK day2 ID:68
3,talk,65,5,2,DISAGREE TALK day2 ID:68
3,talk,66,5,12,Over
3,talk,67,5,4,DISAGREE TALK day2 ID:68
3,talk,68,5,3,Over
3,talk,69,5,5,Skip
3,talk,70,5,7,Skip
3,talk,71,5,6,IDENTIFIED Agent[09] HUMAN
3,talk,72,6,5,Skip
3,talk,73,6,6,IDENTIFIED Agent[13] HUMAN
3,talk,74,6,2,ESTIMATE Agent[12] SEER
3,talk,75,6,8,ESTIMATE Agent[12] SEER
3,talk,76,6,12,Over
3,talk,77,6,7,Skip
3,talk,78,6,3,Over
3,talk,79,6,14,Over
3,talk,80,6,10,Skip
3,talk,81,6,15,ESTIMATE Agent[12] SEER
3,talk,82,6,11,ESTIMATE Agent[12] SEER
3,talk,83,6,4,ESTIMATE Agent[12] SEER
3,talk,84,7,15,AGREE TALK day2 ID:15
3,talk,85,7,11,AGREE TALK day2 ID:15
3,talk,86,7,12,ESTIMATE Agent[06] WEREWOLF
3,talk,87,7,2,AGREE TALK day2 ID:15
3,talk,88,7,14,Over
3,talk,89,7,10,Over
3,talk,90,7,8,AGREE TALK day2 ID:15
3,talk,91,7,4,AGREE TALK day2 ID:15
3,talk,92,7,3,Over
3,talk,93,7,5,Over
3,talk,94,7,6,Skip
3,talk,95,7,7,Over
3,talk,96,8,10,Over
3,talk,97,8,2,AGREE TALK day2 ID:18
3,talk,98,8,3,Over
3,talk,99,8,8,AGREE TALK day2 ID:18
3,talk,100,8,7,Over
3,talk,101,8,5,Over
3,talk,102,8,6,Skip
3,talk,103,8,15,AGREE TALK day2 ID:18
3,talk,104,8,11,AGREE TALK day2 ID:18
3,talk,105,8,12,VOTE Agent[06]
3,talk,106,8,4,AGREE TALK day2 ID:18
3,talk,107,8,14,Over
3,talk,108,9,15,ESTIMATE Agent[14] WEREWOLF
3,talk,109,9,12,Skip
3,talk,110,9,3,Over
3,talk,111,9,6,Over
3,talk,112,9,10,Over
3,talk,113,9,2,ESTIMATE Agent[14] WEREWOLF
3,talk,114,9,11,ESTIMATE Agent[14] WEREWOLF
3,talk,115,9,5,Over
3,talk,116,9,8,ESTIMATE Agent[14] WEREWOLF
3,talk,117,9,7,Over
3,talk,118,9,14,Over
3,talk,119,9,4,ESTIMATE Agent[14] WEREWOLF
3,talk,120,10,7,Over
3,talk,121,10,6,Over
3,talk,122,10,12,Skip
3,talk,123,10,8,Over
3,talk,124,10,3,Over
3,talk,125,10,14,Over
3,talk,126,10,2,Over
3,talk,127,10,5,Over
3,talk,128,10,11,Over
3,talk,129,10,4,Over
3,talk,130,10,15,Over
3,talk,131,10,10,Over
3,talk,132,11,10,Over
3,talk,133,11,14,Over
3,talk,134,11,4,Over
3,talk,135,11,6,Over
3,talk,136,11,5,Over
3,talk,137,11,15,Over
3,talk,138,11,8,Over
3,talk,139,11,11,Over
3,talk,140,11,3,Over
3,talk,141,11,2,Over
3,talk,142,11,12,Over
3,talk,143,11,7,Over
3,vote,2,14
3,vote,3,2
3,vote,4,14
3,vote,5,14
3,vote,6,14
3,vote,7,14
3,vote,8,14
3,vote,10,14
3,vote,11,14
3,vote,12,6
3,vote,14,6
3,vote,15,14
3,execute,14,MEDIUM
3,divine,12,6,WEREWOLF
3,whisper,0,0,3,ATTACK Agent[12]
3,whisper,1,0,6,ATTACK Agent[12]
3,whisper,2,1,3,REQUEST(ATTACK Agent[12])
3,whisper,3,1,6,REQUEST(ATTACK Agent[12])
3,whisper,4,2,6,IDENTIFIED Agent[14] WEREWOLF
3,whisper,5,2,3,Skip
3,whisper,6,3,3,Skip
3,whisper,7,3,6,Skip
3,whisper,8,4,3,Over
3,whisper,9,4,6,Skip
3,whisper,10,5,3,Over
3,whisper,11,5,6,Over
3,guard,5,12,SEER
3,attackVote,3,12
3,attackVote,6,12
3,attack,12,false
4,status,1,POSSESSED,DEAD,wolf1
4,status,2,VILLAGER,ALIVE,SampleRoleAssignPlayer
4,status,3,WEREWOLF,ALIVE,SampleRoleAssignPlayer
4,status,4,VILLAGER,ALIVE,SampleRoleAssignPlayer
4,status,5,BODYGUARD,ALIVE,SampleRoleAssignPlayer
4,status,6,WEREWOLF,ALIVE,SampleRoleAssignPlayer
4,status,7,VILLAGER,ALIVE,SampleRoleAssignPlayer
4,status,8,VILLAGER,ALIVE,SampleRoleAssignPlayer
4,status,9,VILLAGER,DEAD,SampleRoleAssignPlayer
4,status,10,VILLAGER,ALIVE,SampleRoleAssignPlayer
4,status,11,VILLAGER,ALIVE,SampleRoleAssignPlayer
4,status,12,SEER,ALIVE,SampleRoleAssignPlayer
4,status,13,WEREWOLF,DEAD,SampleRoleAssignPlayer
4,status,14,MEDIUM,DEAD,SampleRoleAssignPlayer
4,status,15,VILLAGER,ALIVE,SampleRoleAssignPlayer
4,talk,0,0,8,VOTE Agent[11]
4,talk,1,0,12,DIVINED Agent[06] WEREWOLF
4,talk,2,0,15,VOTE Agent[08]
4,talk,3,0,11,VOTE Agent[05]
4,talk,4,0,6,IDENTIFIED Agent[14] WEREWOLF
4,talk,5,0,2,VOTE Agent[12]
4,talk,6,0,3,VOTE Agent[04]
4,talk,7,0,7,VOTE Agent[11]
4,talk,8,0,10,VOTE Agent[03]
4,talk,9,0,4,VOTE Agent[08]
4,talk,10,0,5,VOTE Agent[15]
4,talk,11,1,8,AGREE TALK day3 ID:86
4,talk,12,1,12,REQUEST(VOTE Agent[06])
4,talk,13,1,15,AGREE TALK day3 ID:86
4,talk,14,1,3,REQUEST(VOTE Agent[04])
4,talk,15,1,5,AGREE TALK day3 ID:86
4,talk,16,1,7,AGREE TALK day3 ID:86
4,talk,17,1,11,AGREE TALK day3 ID:86
4,talk,18,1,10,AGREE TALK day3 ID:86
4,talk,19,1,4,AGREE TALK day3 ID:86
4,talk,20,1,6,VOTE Agent[15]
4,talk,21,1,2,AGREE TALK day3 ID:86
4,talk,22,2,5,ESTIMATE Agent[06] WEREWOLF
4,talk,23,2,12,VOTE Agent[06]
4,talk,24,2,4,ESTIMATE Agent[06] WEREWOLF
4,talk,25,2,15,ESTIMATE Agent[06] WEREWOLF
4,talk,26,2,11,ESTIMATE Agent[06] WEREWOLF
4,talk,27,2,10,ESTIMATE Agent[06] WEREWOLF
4,talk,28,2,7,ESTIMATE Agent[06] WEREWOLF
4,talk,29,2,3,Skip
4,talk,30,2,2,ESTIMATE Agent[06] WEREWOLF
4,talk,31,2,8,ESTIMATE Agent[06] WEREWOLF
4,talk,32,2,6,REQUEST(VOTE Agent[15])
4,talk,33,3,3,Skip
4,talk,34,3,11,REQUEST(Agent[12] DIVINATION Agent[06])
4,talk,35,3,4,REQUEST(Agent[12] DIVINATION Agent[06])
4,talk,36,3,15,REQUEST(Agent[12] DIVINATION Agent[06])
4,talk,37,3,7,REQUEST(Agent[12] DIVINATION Agent[06])
4,talk,38,3,2,REQUEST(Agent[12] DIVINATION Agent[06])
4,talk,39,3,10,REQUEST(Agent[12] DIVINATION Agent[06])
4,talk,40,3,6,Skip
4,talk,41,3,12,Skip
4,talk,42,3,5,REQUEST(Agent[12] DIVINATION Agent[06])
4,talk,43,3,8,REQUEST(Agent[12] DIVINATION Agent[06])
4,talk,44,4,4,VOTE Agent[06]
4,talk,45,4,10,VOTE Agent[06]
4,talk,46,4,12,Skip
4,talk,47,4,7,VOTE Agent[06]
4,talk,48,4,3,Over
4,talk,49,4,11,VOTE Agent[06]
4,talk,50,4,15,VOTE Agent[06]
4,talk,51,4,2,VOTE Agent[06]
4,talk,52,4,5,VOTE Agent[06]
4,talk,53,4,8,VOTE Agent[06]
4,talk,54,4,6,Skip
4,talk,55,5,6,Over
4,talk,56,5,15,Skip
4,talk,57,5,7,Skip
4,talk,58,5,12,Over
4,talk,59,5,4,Skip
4,talk,60,5,5,Skip
4,talk,61,5,8,Skip
4,talk,62,5,2,Skip
4,talk,63,5,3,Over
4,talk,64,5,11,Skip
4,talk,65,5,10,Skip
4,talk,66,6,4,Skip
4,talk,67,6,8,Skip
4,talk,68,6,5,Skip
4,talk,69,6,6,Over
4,talk,70,6,15,Skip
4,talk,71,6,10,Skip
4,talk,72,6,3,Over
4,talk,73,6,2,Skip
4,talk,74,6,12,Over
4,talk,75,6,7,Skip
4,talk,76,6,11,Skip
4,talk,77,7,15,Over
4,talk,78,7,8,Over
4,talk,79,7,3,Over
4,talk,80,7,10,Over
4,talk,81,7,11,Over
4,talk,82,7,5,Over
4,talk,83,7,6,Over
4,talk,84,7,2,Over
4,talk,85,7,7,Over
4,talk,86,7,4,Over
4,talk,87,7,12,Over
4,vote,2,6
4,vote,3,4
4,vote,4,6
4,vote,5,6
4,vote,6,15
4,vote,7,6
4,vote,8,6
4,vote,10,6
4,vote,11,6
4,vote,12,6
4,vote,15,6
4,execute,6,WEREWOLF
4,guard,5,12,SEER
5,status,1,POSSESSED,DEAD,wolf1
5,status,2,VILLAGER,ALIVE,SampleRoleAssignPlayer
5,status,3,WEREWOLF,ALIVE,SampleRoleAssignPlayer
5,status,4,VILLAGER,ALIVE,SampleRoleAssignPlayer
5,status,5,BODYGUARD,ALIVE,SampleRoleAssignPlayer
5,status,6,WEREWOLF,DEAD,SampleRoleAssignPlayer
5,status,7,VILLAGER,ALIVE,SampleRoleAssignPlayer
5,status,8,VILLAGER,ALIVE,SampleRoleAssignPlayer
5,status,9,VILLAGER,DEAD,SampleRoleAssignPlayer
5,status,10,VILLAGER,ALIVE,SampleRoleAssignPlayer
5,status,11,VILLAGER,ALIVE,SampleRoleAssignPlayer
5,status,12,SEER,ALIVE,SampleRoleAssignPlayer
5,status,13,WEREWOLF,DEAD,SampleRoleAssignPlayer
5,status,14,MEDIUM,DEAD,SampleRoleAssignPlayer
5,status,15,VILLAGER,ALIVE,SampleRoleAssignPlayer
5,talk,0,0,2,VOTE Agent[11]
5,talk,1,0,4,VOTE Agent[03]
5,talk,2,0,5,VOTE Agent[03]
5,talk,3,0,15,VOTE Agent[05]
5,talk,4,0,3,VOTE Agent[08]
5,talk,5,0,8,VOTE Agent[10]
5,talk,6,0,11,VOTE Agent[03]
5,talk,7,0,7,VOTE Agent[05]
5,talk,8,0,10,VOTE Agent[04]
5,talk,9,0,12,VOTE Agent[05]
5,talk,10,1,5,Skip
5,talk,11,1,11,Skip
5,talk,12,1,2,Skip
5,talk,13,1,7,Skip
5,talk,14,1,4,Skip
5,talk,15,1,12,Skip
5,talk,16,1,15,Skip
5,talk,17,1,8,Skip
5,talk,18,1,10,Skip
5,talk,19,1,3,REQUEST(VOTE Agent[08])
5,talk,20,2,4,Skip
5,talk,21,2,8,Skip
5,talk,22,2,3,Skip
5,talk,23,2,12,Skip
5,talk,24,2,7,Skip
5,talk,25,2,5,Skip
5,talk,26,2,2,Skip
5,talk,27,2,11,Skip
5,talk,28,2,10,Skip
5,talk,29,2,15,Skip
5,talk,30,3,7,Over
5,talk,31,3,3,Skip
5,talk,32,3,10,Over
5,talk,33,3,11,Over
5,talk,34,3,4,Over
5,talk,35,3,12,Over
5,talk,36,3,15,Over
5,talk,37,3,2,Over
5,talk,38,3,8,Over
5,talk,39,3,5,Over
5,talk,40,4,3,Over
5,talk,41,4,4,Over
5,talk,42,4,2,Over
5,talk,43,4,10,Over
5,talk,44,4,12,Over
5,talk,45,4,15,Over
5,talk,46,4,7,Over
5,talk,47,4,5,Over
5,talk,48,4,11,Over
5,talk,49,4,8,Over
5,vote,2,11
5,vote,3,8
5,vote,4,3
5,vote,5,3
5,vote,7,5
5,vote,8,10
5,vote,10,4
5,vote,11,3
5,vote,12,5
5,vote,15,5
5,vote,2,5
5,vote,3,5
5,vote,4,3
5,vote,5,3
5,vote,7,5
5,vote,8,5
5,vote,10,5
5,vote,11,3
5,vote,12,5
5,vote,15,5
5,execute,5,BODYGUARD
5,divine,12,15,HUMAN
5,attackVote,3,12
5,attack,12,true
6,status,1,POSSESSED,DEAD,wolf1
6,status,2,VILLAGER,ALIVE,SampleRoleAssignPlayer
6,status,3,WEREWOLF,ALIVE,SampleRoleAssignPlayer
6,status,4,VILLAGER,ALIVE,SampleRoleAssignPlayer
6,status,5,BODYGUARD,DEAD,SampleRoleAssignPlayer
6,status,6,WEREWOLF,DEAD,SampleRoleAssignPlayer
6,status,7,VILLAGER,ALIVE,SampleRoleAssignPlayer
6,status,8,VILLAGER,ALIVE,SampleRoleAssignPlayer
6,status,9,VILLAGER,DEAD,SampleRoleAssignPlayer
6,status,10,VILLAGER,ALIVE,SampleRoleAssignPlayer
6,status,11,VILLAGER,ALIVE,SampleRoleAssignPlayer
6,status,12,SEER,DEAD,SampleRoleAssignPlayer
6,status,13,WEREWOLF,DEAD,SampleRoleAssignPlayer
6,status,14,MEDIUM,DEAD,SampleRoleAssignPlayer
6,status,15,VILLAGER,ALIVE,SampleRoleAssignPlayer
6,talk,0,0,11,VOTE Agent[04]
6,talk,1,0,8,VOTE Agent[11]
6,talk,2,0,4,VOTE Agent[15]
6,talk,3,0,2,VOTE Agent[11]
6,talk,4,0,15,VOTE Agent[08]
6,talk,5,0,10,VOTE Agent[11]
6,talk,6,0,7,VOTE Agent[11]
6,talk,7,0,3,VOTE Agent[15]
6,talk,8,1,15,Skip
6,talk,9,1,8,Skip
6,talk,10,1,4,Skip
6,talk,11,1,10,Skip
6,talk,12,1,7,Skip
6,talk,13,1,2,Skip
6,talk,14,1,3,REQUEST(VOTE Agent[15])
6,talk,15,1,11,Skip
6,talk,16,2,15,Skip
6,talk,17,2,4,Skip
6,talk,18,2,10,Skip
6,talk,19,2,3,Skip
6,talk,20,2,2,Skip
6,talk,21,2,7,Skip
6,talk,22,2,8,Skip
6,talk,23,2,11,Skip
6,talk,24,3,11,Over
6,talk,25,3,7,Over
6,talk,26,3,15,Over
6,talk,27,3,10,Over
6,talk,28,3,8,Over
6,talk,29,3,2,Over
6,talk,30,3,3,Skip
6,talk,31,3,4,Over
6,talk,32,4,2,Over
6,talk,33,4,11,Over
6,talk,34,4,4,Over
6,talk,35,4,7,Over
6,talk,36,4,3,Over
6,talk,37,4,10,Over
6,talk,38,4,8,Over
6,talk,39,4,15,Over
6,vote,2,11
6,vote,3,15
6,vote,4,15
6,vote,7,11
6,vote,8,11
6,vote,10,11
6,vote,11,4
6,vote,15,8
6,execute,11,VILLAGER
6,attackVote,3,10
6,attack,10,true
7,status,1,POSSESSED,DEAD,wolf1
7,status,2,VILLAGER,ALIVE,SampleRoleAssignPlayer
7,status,3,WEREWOLF,ALIVE,SampleRoleAssignPlayer
7,status,4,VILLAGER,ALIVE,SampleRoleAssignPlayer
7,status,5,BODYGUARD,DEAD,SampleRoleAssignPlayer
7,status,6,WEREWOLF,DEAD,SampleRoleAssignPlayer
7,status,7,VILLAGER,ALIVE,SampleRoleAssignPlayer
7,status,8,VILLAGER,ALIVE,SampleRoleAssignPlayer
7,status,9,VILLAGER,DEAD,SampleRoleAssignPlayer
7,status,10,VILLAGER,DEAD,SampleRoleAssignPlayer
7,status,11,VILLAGER,DEAD,SampleRoleAssignPlayer
7,status,12,SEER,DEAD,SampleRoleAssignPlayer
7,status,13,WEREWOLF,DEAD,SampleRoleAssignPlayer
7,status,14,MEDIUM,DEAD,SampleRoleAssignPlayer
7,status,15,VILLAGER,ALIVE,SampleRoleAssignPlayer
7,talk,0,0,2,VOTE Agent[04]
7,talk,1,0,7,VOTE Agent[04]
7,talk,2,0,4,VOTE Agent[07]
7,talk,3,0,3,VOTE Agent[07]
7,talk,4,0,8,VOTE Agent[02]
7,talk,5,0,15,VOTE Agent[07]
7,talk,6,1,2,Skip
7,talk,7,1,4,Skip
7,talk,8,1,7,Skip
7,talk,9,1,3,REQUEST(VOTE Agent[07])
7,talk,10,1,8,Skip
7,talk,11,1,15,Skip
7,talk,12,2,15,Skip
7,talk,13,2,7,Skip
7,talk,14,2,3,Skip
7,talk,15,2,4,Skip
7,talk,16,2,2,Skip
7,talk,17,2,8,Skip
7,talk,18,3,7,Over
7,talk,19,3,15,Over
7,talk,20,3,3,Skip
7,talk,21,3,8,Over
7,talk,22,3,2,Over
7,talk,23,3,4,Over
7,talk,24,4,15,Over
7,talk,25,4,3,Over
7,talk,26,4,2,Over
7,talk,27,4,7,Over
7,talk,28,4,8,Over
7,talk,29,4,4,Over
7,vote,2,4
7,vote,3,7
7,vote,4,7
7,vote,7,4
7,vote,8,2
7,vote,15,7
7,execute,7,VILLAGER
7,attackVote,3,15
7,attack,15,true
8,status,1,POSSESSED,DEAD,wolf1
8,status,2,VILLAGER,ALIVE,SampleRoleAssignPlayer
8,status,3,WEREWOLF,ALIVE,SampleRoleAssignPlayer
8,status,4,VILLAGER,ALIVE,SampleRoleAssignPlayer
8,status,5,BODYGUARD,DEAD,SampleRoleAssignPlayer
8,status,6,WEREWOLF,DEAD,SampleRoleAssignPlayer
8,status,7,VILLAGER,DEAD,SampleRoleAssignPlayer
8,status,8,VILLAGER,ALIVE,SampleRoleAssignPlayer
8,status,9,VILLAGER,DEAD,SampleRoleAssignPlayer
8,status,10,VILLAGER,DEAD,SampleRoleAssignPlayer
8,status,11,VILLAGER,DEAD,SampleRoleAssignPlayer
8,status,12,SEER,DEAD,SampleRoleAssignPlayer
8,status,13,WEREWOLF,DEAD,SampleRoleAssignPlayer
8,status,14,MEDIUM,DEAD,SampleRoleAssignPlayer
8,status,15,VILLAGER,DEAD,SampleRoleAssignPlayer
8,talk,0,0,8,VOTE Agent[03]
8,talk,1,0,3,VOTE Agent[04]
8,talk,2,0,4,VOTE Agent[03]
8,talk,3,0,2,VOTE Agent[08]
8,talk,4,1,4,Skip
8,talk,5,1,8,Skip
8,talk,6,1,2,Skip
8,talk,7,1,3,REQUEST(VOTE Agent[04])
8,talk,8,2,3,Skip
8,talk,9,2,2,Skip
8,talk,10,2,8,Skip
8,talk,11,2,4,Skip
8,talk,12,3,4,Over
8,talk,13,3,8,Over
8,talk,14,3,3,Skip
8,talk,15,3,2,Over
8,talk,16,4,4,Over
8,talk,17,4,8,Over
8,talk,18,4,2,Over
8,talk,19,4,3,Over
8,vote,2,8
8,vote,3,4
8,vote,4,3
8,vote,8,3
8,execute,3,WEREWOLF
8,attack,4,true
9,status,1,POSSESSED,DEAD,wolf1
9,status,2,VILLAGER,ALIVE,SampleRoleAssignPlayer
9,status,3,WEREWOLF,DEAD,SampleRoleAssignPlayer
9,status,4,VILLAGER,DEAD,SampleRoleAssignPlayer
9,status,5,BODYGUARD,DEAD,SampleRoleAssignPlayer
9,status,6,WEREWOLF,DEAD,SampleRoleAssignPlayer
9,status,7,VILLAGER,DEAD,SampleRoleAssignPlayer
9,status,8,VILLAGER,ALIVE,SampleRoleAssignPlayer
9,status,9,VILLAGER,DEAD,SampleRoleAssignPlayer
9,status,10,VILLAGER,DEAD,SampleRoleAssignPlayer
9,status,11,VILLAGER,DEAD,SampleRoleAssignPlayer
9,status,12,SEER,DEAD,SampleRoleAssignPlayer
9,status,13,WEREWOLF,DEAD,SampleRoleAssignPlayer
9,status,14,MEDIUM,DEAD,SampleRoleAssignPlayer
9,status,15,VILLAGER,DEAD,SampleRoleAssignPlayer
9,result,2,0,VILLAGER
