0,status,1,VILLAGER,ALIVE,wolf1
0,status,2,VILLAGER,ALIVE,SampleRoleAssignPlayer
0,status,3,MEDIUM,ALIVE,SampleRoleAssignPlayer
0,status,4,VILLAGER,ALIVE,SampleRoleAssignPlayer
0,status,5,SEER,ALIVE,SampleRoleAssignPlayer
0,status,6,WEREWOLF,ALIVE,SampleRoleAssignPlayer
0,status,7,WEREWOLF,ALIVE,SampleRoleAssignPlayer
0,status,8,VILLAGER,ALIVE,SampleRoleAssignPlayer
0,status,9,VILLAGER,ALIVE,SampleRoleAssignPlayer
0,status,10,BODYGUARD,ALIVE,SampleRoleAssignPlayer
0,status,11,WEREWOLF,ALIVE,SampleRoleAssignPlayer
0,status,12,POSSESSED,ALIVE,SampleRoleAssignPlayer
0,status,13,VILLAGER,ALIVE,SampleRoleAssignPlayer
0,status,14,VILLAGER,ALIVE,SampleRoleAssignPlayer
0,status,15,VILLAGER,ALIVE,SampleRoleAssignPlayer
0,whisper,0,0,6,COMINGOUT Agent[06] SEER
0,whisper,1,0,11,COMINGOUT Agent[11] SEER
0,whisper,2,0,7,COMINGOUT Agent[07] SEER
0,whisper,3,1,7,Skip
0,whisper,4,1,6,COMINGOUT Agent[06] VILLAGER
0,whisper,5,1,11,COMINGOUT Agent[11] VILLAGER
0,whisper,6,2,11,COMINGOUT Agent[11] MEDIUM
0,whisper,7,2,6,COMINGOUT Agent[06] MEDIUM
0,whisper,8,2,7,Skip
0,whisper,9,3,7,Over
0,whisper,10,3,11,COMINGOUT Agent[11] VILLAGER
0,whisper,11,3,6,COMINGOUT Agent[06] VILLAGER
0,whisper,12,4,7,Over
0,whisper,13,4,6,Skip
0,whisper,14,4,11,Skip
0,whisper,15,5,6,Skip
0,whisper,16,5,7,Over
0,whisper,17,5,11,Skip
0,whisper,18,6,7,Over
0,whisper,19,6,6,Over
0,whisper,20,6,11,COMINGOUT Agent[11] MEDIUM
0,whisper,21,7,11,Skip
0,whisper,22,7,6,Over
0,whisper,23,7,7,DIVINED Agent[14] WEREWOLF
0,whisper,24,8,11,Skip
0,whisper,25,8,6,Over
0,whisper,26,8,7,Skip
0,whisper,27,9,11,Over
0,whisper,28,9,6,Over
0,whisper,29,9,7,Skip
0,whisper,30,10,6,Over
0,whisper,31,10,7,Over
0,whisper,32,10,11,Over
0,divine,5,10,HUMAN
1,status,1,VILLAGER,ALIVE,wolf1
1,status,2,VILLAGER,ALIVE,SampleRoleAssignPlayer
1,status,3,MEDIUM,ALIVE,SampleRoleAssignPlayer
1,status,4,VILLAGER,ALIVE,SampleRoleAssignPlayer
1,status,5,SEER,ALIVE,SampleRoleAssignPlayer
1,status,6,WEREWOLF,ALIVE,SampleRoleAssignPlayer
1,status,7,WEREWOLF,ALIVE,SampleRoleAssignPlayer
1,status,8,VILLAGER,ALIVE,SampleRoleAssignPlayer
1,status,9,VILLAGER,ALIVE,SampleRoleAssignPlayer
1,status,10,BODYGUARD,ALIVE,SampleRoleAssignPlayer
1,status,11,WEREWOLF,ALIVE,SampleRoleAssignPlayer
1,status,12,POSSESSED,ALIVE,SampleRoleAssignPlayer
1,status,13,VILLAGER,ALIVE,SampleRoleAssignPlayer
1,status,14,VILLAGER,ALIVE,SampleRoleAssignPlayer
1,status,15,VILLAGER,ALIVE,SampleRoleAssignPlayer
1,talk,0,0,7,VOTE Agent[14]
1,talk,1,0,11,VOTE Agent[01]
1,talk,2,0,5,VOTE Agent[08]
1,talk,3,0,12,COMINGOUT Agent[12] SEER
1,talk,4,0,3,COMINGOUT Agent[03] MEDIUM
1,talk,5,0,8,VOTE Agent[12]
1,talk,6,0,9,VOTE Agent[07]
1,talk,7,0,1,VOTE Agent[03]
1,talk,8,0,14,VOTE Agent[08]
1,talk,9,0,4,VOTE Agent[07]
1,talk,10,0,13,VOTE Agent[09]
1,talk,11,0,2,VOTE Agent[15]
1,talk,12,0,6,VOTE Agent[13]
1,talk,13,0,15,VOTE Agent[02]
1,talk,14,0,10,VOTE Agent[14]
1,talk,15,1,3,VOTE Agent[06]
1,talk,16,1,14,Skip
1,talk,17,1,13,Skip
1,talk,18,1,1,ESTIMATE Agent[05] WEREWOLF
1,talk,19,1,10,Skip
1,talk,20,1,5,COMINGOUT Agent[05] SEER
1,talk,21,1,6,REQUEST(VOTE Agent[13])
1,talk,22,1,11,REQUEST(VOTE Agent[01])
1,talk,23,1,2,Skip
1,talk,24,1,15,Skip
1,talk,25,1,9,Skip
1,talk,26,1,12,DIVINED Agent[03] HUMAN
1,talk,27,1,4,Skip
1,talk,28,1,8,Skip
1,talk,29,1,7,REQUEST(VOTE Agent[14])
1,talk,30,2,10,ESTIMATE Agent[12] SEER
1,talk,31,2,15,ESTIMATE Agent[12] SEER
1,talk,32,2,7,COMINGOUT Agent[07] SEER
1,talk,33,2,6,Skip
1,talk,34,2,1,ESTIMATE Agent[10] WEREWOLF
1,talk,35,2,4,ESTIMATE Agent[12] SEER
1,talk,36,2,12,REQUEST(VOTE Agent[08])
1,talk,37,2,13,ESTIMATE Agent[12] SEER
1,talk,38,2,5,DIVINED Agent[10] HUMAN
1,talk,39,2,8,ESTIMATE Agent[12] SEER
1,talk,40,2,2,ESTIMATE Agent[12] SEER
1,talk,41,2,14,ESTIMATE Agent[12] SEER
1,talk,42,2,11,COMINGOUT Agent[11] MEDIUM
1,talk,43,2,3,ESTIMATE Agent[12] SEER
1,talk,44,2,9,ESTIMATE Agent[12] SEER
1,talk,45,3,10,Skip
1,talk,46,3,1,ESTIMATE Agent[02] WEREWOLF
1,talk,47,3,4,Skip
1,talk,48,3,7,DIVINED Agent[14] WEREWOLF
1,talk,49,3,6,Skip
1,talk,50,3,15,Skip
1,talk,51,3,9,Skip
1,talk,52,3,11,VOTE Agent[03]
1,talk,53,3,3,ESTIMATE Agent[11] WEREWOLF
1,talk,54,3,12,VOTE Agent[05]
1,talk,55,3,8,Skip
1,talk,56,3,2,Skip
1,talk,57,3,13,Skip
1,talk,58,3,14,Skip
1,talk,59,3,5,ESTIMATE Agent[12] WEREWOLF
1,talk,60,4,14,ESTIMATE Agent[07] WEREWOLF
1,talk,61,4,8,ESTIMATE Agent[14] WEREWOLF
1,talk,62,4,3,REQUEST(Agent[12] DIVINATION Agent[11])
1,talk,63,4,10,Skip
1,talk,64,4,9,ESTIMATE Agent[14] WEREWOLF
1,talk,65,4,12,REQUEST(VOTE Agent[05])
1,talk,66,4,1,VOTE Agent[14]
1,talk,67,4,4,ESTIMATE Agent[14] WEREWOLF
1,talk,68,4,7,Skip
1,talk,69,4,13,ESTIMATE Agent[14] WEREWOLF
1,talk,70,4,2,ESTIMATE Agent[14] WEREWOLF
1,talk,71,4,6,Over
1,talk,72,4,11,REQUEST(VOTE Agent[03])
1,talk,73,4,15,ESTIMATE Agent[14] WEREWOLF
1,talk,74,4,5,VOTE Agent[12]
1,talk,75,5,1,ESTIMATE Agent[03] WEREWOLF
1,talk,76,5,14,REQUEST(Agent[12] DIVINATION Agent[07])
1,talk,77,5,3,VOTE Agent[11]
1,talk,78,5,15,REQUEST(Agent[12] DIVINATION Agent[14])
1,talk,79,5,10,Over
1,talk,80,5,9,REQUEST(Agent[12] DIVINATION Agent[14])
1,talk,81,5,12,Skip
1,talk,82,5,6,Over
1,talk,83,5,4,REQUEST(Agent[12] DIVINATION Agent[14])
1,talk,84,5,11,Skip
1,talk,85,5,5,Skip
1,talk,86,5,2,REQUEST(Agent[12] DIVINATION Agent[14])
1,talk,87,5,7,Skip
1,talk,88,5,13,REQUEST(Agent[12] DIVINATION Agent[14])
1,talk,89,5,8,REQUEST(Agent[12] DIVINATION Agent[14])
1,talk,90,6,7,Over
1,talk,91,6,12,Skip
1,talk,92,6,10,Over
1,talk,93,6,5,Skip
1,talk,94,6,1,ESTIMATE Agent[12] WEREWOLF
1,talk,95,6,2,VOTE Agent[14]
1,talk,96,6,14,VOTE Agent[07]
1,talk,97,6,13,VOTE Agent[14]
1,talk,98,6,15,VOTE Agent[14]
1,talk,99,6,8,VOTE Agent[14]
1,talk,100,6,3,Skip
1,talk,101,6,4,VOTE Agent[14]
1,talk,102,6,9,VOTE Agent[14]
1,talk,103,6,11,Skip
1,talk,104,6,6,Over
1,talk,105,7,5,Over
1,talk,106,7,8,Skip
1,talk,107,7,11,Over
1,talk,108,7,9,Skip
1,talk,109,7,1,Over
1,talk,110,7,13,Skip
1,talk,111,7,10,Over
1,talk,112,7,15,Skip
1,talk,113,7,12,Over
1,talk,114,7,4,Skip
1,talk,115,7,6,Over
1,talk,116,7,14,Skip
1,talk,117,7,7,Over
1,talk,118,7,2,Skip
1,talk,119,7,3,Skip
1,talk,120,8,12,Over
1,talk,121,8,14,Skip
1,talk,122,8,8,Skip
1,talk,123,8,3,Over
1,talk,124,8,7,Over
1,talk,125,8,13,Skip
1,talk,126,8,5,Over
1,talk,127,8,1,Over
1,talk,128,8,15,Skip
1,talk,129,8,4,Skip
1,talk,130,8,2,Skip
1,talk,131,8,6,Over
1,talk,132,8,11,Over
1,talk,133,8,10,Over
1,talk,134,8,9,Skip
1,talk,135,9,12,Over
1,talk,136,9,11,Over
1,talk,137,9,10,Over
1,talk,138,9,5,Over
1,talk,139,9,4,Over
1,talk,140,9,8,Over
1,talk,141,9,7,Over
1,talk,142,9,13,Over
1,talk,143,9,1,Over
1,talk,144,9,9,Over
1,talk,145,9,14,Over
1,talk,146,9,2,Over
1,talk,147,9,15,Over
1,talk,148,9,3,Over
1,talk,149,9,6,Over
1,vote,1,14
1,vote,2,14
1,vote,3,11
1,vote,4,14
1,vote,5,12
1,vote,6,13
1,vote,7,14
1,vote,8,14
1,vote,9,14
1,vote,10,14
1,vote,11,3
1,vote,12,5
1,vote,13,14
1,vote,14,7
1,vote,15,14
1,execute,14,VILLAGER
1,divine,5,12,HUMAN
1,whisper,0,0,6,ATTACK Agent[03]
1,whisper,1,0,7,ATTACK Agent[12]
1,whisper,2,0,11,ATTACK Agent[05]
1,whisper,3,1,7,REQUEST(ATTACK Agent[12])
1,whisper,4,1,11,REQUEST(ATTACK Agent[05])
1,whisper,5,1,6,REQUEST(ATTACK Agent[03])
1,whisper,6,2,11,IDENTIFIED Agent[14] HUMAN
1,whisper,7,2,7,DIVINED Agent[13] WEREWOLF
1,whisper,8,2,6,Skip
1,whisper,9,3,6,Skip
1,whisper,10,3,11,Skip
1,whisper,11,3,7,Skip
1,whisper,12,4,7,Skip
1,whisper,13,4,6,Over
1,whisper,14,4,11,Skip
1,whisper,15,5,7,Over
1,whisper,16,5,6,Over
1,whisper,17,5,11,Over
1,guard,10,12,POSSESSED
1,attackVote,6,3
1,attackVote,7,12
1,attackVote,11,5
1,attackVote,6,3
1,attackVote,7,12
1,attackVote,11,5
1,attack,12,false
2,status,1,VILLAGER,ALIVE,wolf1
2,status,2,VILLAGER,ALIVE,SampleRoleAssignPlayer
2,status,3,MEDIUM,ALIVE,SampleRoleAssignPlayer
2,status,4,VILLAGER,ALIVE,SampleRoleAssignPlayer
2,status,5,SEER,ALIVE,SampleRoleAssignPlayer
2,status,6,WEREWOLF,ALIVE,SampleRoleAssignPlayer
2,status,7,WEREWOLF,ALIVE,SampleRoleAssignPlayer
2,status,8,VILLAGER,ALIVE,SampleRoleAssignPlayer
2,status,9,VILLAGER,ALIVE,SampleRoleAssignPlayer
2,status,10,BODYGUARD,ALIVE,SampleRoleAssignPlayer
2,status,11,WEREWOLF,ALIVE,SampleRoleAssignPlayer
2,status,12,POSSESSED,ALIVE,SampleRoleAssignPlayer
2,status,13,VILLAGER,ALIVE,SampleRoleAssignPlayer
2,status,14,VILLAGER,DEAD,SampleRoleAssignPlayer
2,status,15,VILLAGER,ALIVE,SampleRoleAssignPlayer
2,talk,0,0,11,IDENTIFIED Agent[14] HUMAN
2,talk,1,0,1,VOTE Agent[11]
2,talk,2,0,15,VOTE Agent[08]
2,talk,3,0,13,VOTE Agent[04]
2,talk,4,0,6,VOTE Agent[01]
2,talk,5,0,12,DIVINED Agent[10] WEREWOLF
2,talk,6,0,2,VOTE Agent[15]
2,talk,7,0,7,DIVINED Agent[13] WEREWOLF
2,talk,8,0,9,VOTE Agent[05]
2,talk,9,0,5,DIVINED Agent[12] HUMAN
2,talk,10,0,8,VOTE Agent[15]
2,talk,11,0,3,IDENTIFIED Agent[14] HUMAN
2,talk,12,0,4,VOTE Agent[09]
2,talk,13,0,10,VOTE Agent[08]
2,talk,14,1,13,AGREE TALK day1 ID:60
2,talk,15,1,3,AGREE TALK day1 ID:60
2,talk,16,1,7,REQUEST(VOTE Agent[12])
2,talk,17,1,6,REQUEST(VOTE Agent[01])
2,talk,18,1,10,DISAGREE TALK day1 ID:60
2,talk,19,1,9,ESTIMATE Agent[13] WEREWOLF
2,talk,20,1,8,ESTIMATE Agent[13] WEREWOLF
2,talk,21,1,11,VOTE Agent[03]
2,talk,22,1,5,AGREE TALK day1 ID:60
2,talk,23,1,1,ESTIMATE Agent[02] WEREWOLF
2,talk,24,1,15,AGREE TALK day1 ID:34
2,talk,25,1,4,ESTIMATE Agent[13] WEREWOLF
2,talk,26,1,12,VOTE Agent[10]
2,talk,27,1,2,ESTIMATE Agent[13] WEREWOLF
2,talk,28,2,12,REQUEST(VOTE Agent[10])
2,talk,29,2,1,ESTIMATE Agent[03] WEREWOLF
2,talk,30,2,6,Skip
2,talk,31,2,8,REQUEST(Agent[12] DIVINATION Agent[13])
2,talk,32,2,13,ESTIMATE Agent[07] WEREWOLF
2,talk,33,2,2,REQUEST(Agent[12] DIVINATION Agent[13])
2,talk,34,2,4,REQUEST(Agent[12] DIVINATION Agent[13])
2,talk,35,2,3,ESTIMATE Agent[07] WEREWOLF
2,talk,36,2,5,ESTIMATE Agent[07] WEREWOLF
2,talk,37,2,15,ESTIMATE Agent[10] WEREWOLF
2,talk,38,2,10,ESTIMATE Agent[07] SEER
2,talk,39,2,7,VOTE Agent[13]
2,talk,40,2,9,REQUEST(Agent[12] DIVINATION Agent[13])
2,talk,41,2,11,REQUEST(VOTE Agent[03])
2,talk,42,3,8,VOTE Agent[13]
2,talk,43,3,15,REQUEST(Agent[12] DIVINATION Agent[10])
2,talk,44,3,2,VOTE Agent[13]
2,talk,45,3,7,REQUEST(VOTE Agent[13])
2,talk,46,3,6,Skip
2,talk,47,3,9,VOTE Agent[13]
2,talk,48,3,10,ESTIMATE Agent[13] WEREWOLF
2,talk,49,3,1,ESTIMATE Agent[07] WEREWOLF
2,talk,50,3,3,REQUEST(Agent[12] DIVINATION Agent[07])
2,talk,51,3,5,VOTE Agent[07]
2,talk,52,3,11,Skip
2,talk,53,3,12,Skip
2,talk,54,3,13,REQUEST(Agent[12] DIVINATION Agent[07])
2,talk,55,3,4,VOTE Agent[13]
2,talk,56,4,12,Skip
2,talk,57,4,8,Skip
2,talk,58,4,6,Over
2,talk,59,4,3,VOTE Agent[07]
2,talk,60,4,13,VOTE Agent[07]
2,talk,61,4,2,Skip
2,talk,62,4,9,Skip
2,talk,63,4,15,VOTE Agent[10]
2,talk,64,4,1,VOTE Agent[10]
2,talk,65,4,11,Skip
2,talk,66,4,4,Skip
2,talk,67,4,5,Skip
2,talk,68,4,7,Skip
2,talk,69,4,10,REQUEST(Agent[07] DIVINATION Agent[13])
2,talk,70,5,13,Skip
2,talk,71,5,9,Skip
2,talk,72,5,4,Skip
2,talk,73,5,1,Over
2,talk,74,5,6,Over
2,talk,75,5,5,Skip
2,talk,76,5,2,Skip
2,talk,77,5,15,Skip
2,talk,78,5,3,Skip
2,talk,79,5,7,Skip
2,talk,80,5,10,VOTE Agent[13]
2,talk,81,5,8,Skip
2,talk,82,5,11,Over
2,talk,83,5,12,Over
2,talk,84,6,4,Over
2,talk,85,6,7,Over
2,talk,86,6,3,Skip
2,talk,87,6,10,Skip
2,talk,88,6,2,Over
2,talk,89,6,12,Over
2,talk,90,6,5,Over
2,talk,91,6,13,Skip
2,talk,92,6,11,Over
2,talk,93,6,8,Over
2,talk,94,6,9,Over
2,talk,95,6,6,Over
2,talk,96,6,15,Skip
2,talk,97,6,1,Over
2,talk,98,7,7,Over
2,talk,99,7,12,Over
2,talk,100,7,10,Skip
2,talk,101,7,11,Over
2,talk,102,7,8,Over
2,talk,103,7,2,Over
2,talk,104,7,13,Over
2,talk,105,7,5,Over
2,talk,106,7,4,Over
2,talk,107,7,15,Over
2,talk,108,7,9,Over
2,talk,109,7,6,Over
2,talk,110,7,3,Over
2,talk,111,7,1,Over
2,talk,112,8,11,Over
2,talk,113,8,12,Over
2,talk,114,8,1,Over
2,talk,115,8,6,Over
2,talk,116,8,10,Over
2,talk,117,8,4,Over
2,talk,118,8,13,Over
2,talk,119,8,15,Over
2,talk,120,8,8,Over
2,talk,121,8,5,Over
2,talk,122,8,7,Over
2,talk,123,8,3,Over
2,talk,124,8,9,Over
2,talk,125,8,2,Over
2,vote,1,10
2,vote,2,13
2,vote,3,7
2,vote,4,13
2,vote,5,7
2,vote,6,1
2,vote,7,13
2,vote,8,13
2,vote,9,13
2,vote,10,13
2,vote,11,3
2,vote,12,10
2,vote,13,7
2,vote,15,10
2,execute,13,VILLAGER
2,divine,5,7,WEREWOLF
2,whisper,0,0,11,ESTIMATE Agent[12] POSSESSED
2,whisper,1,0,7,ESTIMATE Agent[12] POSSESSED
2,whisper,2,0,6,ESTIMATE Agent[12] POSSESSED
2,whisper,3,1,11,ATTACK Agent[05]
2,whisper,4,1,6,ATTACK Agent[05]
2,whisper,5,1,7,ATTACK Agent[05]
2,whisper,6,2,11,REQUEST(ATTACK Agent[05])
2,whisper,7,2,7,REQUEST(ATTACK Agent[05])
2,whisper,8,2,6,REQUEST(ATTACK Agent[05])
2,whisper,9,3,6,Skip
2,whisper,10,3,11,IDENTIFIED Agent[13] HUMAN
2,whisper,11,3,7,DIVINED Agent[02] WEREWOLF
2,whisper,12,4,7,Skip
2,whisper,13,4,6,Skip
2,whisper,14,4,11,Skip
2,whisper,15,5,6,Over
2,whisper,16,5,7,Skip
2,whisper,17,5,11,Skip
2,whisper,18,6,11,Over
2,whisper,19,6,6,Over
2,whisper,20,6,7,Over
2,guard,10,7,WEREWOLF
2,attackVote,6,5
2,attackVote,7,5
2,attackVote,11,5
2,attack,5,true
3,status,1,VILLAGER,ALIVE,wolf1
3,status,2,VILLAGER,ALIVE,SampleRoleAssignPlayer
3,status,3,MEDIUM,ALIVE,SampleRoleAssignPlayer
3,status,4,VILLAGER,ALIVE,SampleRoleAssignPlayer
3,status,5,SEER,DEAD,SampleRoleAssignPlayer
3,status,6,WEREWOLF,ALIVE,SampleRoleAssignPlayer
3,status,7,WEREWOLF,ALIVE,SampleRoleAssignPlayer
3,status,8,VILLAGER,ALIVE,SampleRoleAssignPlayer
3,status,9,VILLAGER,ALIVE,SampleRoleAssignPlayer
3,status,10,BODYGUARD,ALIVE,SampleRoleAssignPlayer
3,status,11,WEREWOLF,ALIVE,SampleRoleAssignPlayer
3,status,12,POSSESSED,ALIVE,SampleRoleAssignPlayer
3,status,13,VILLAGER,DEAD,SampleRoleAssignPlayer
3,status,14,VILLAGER,DEAD,SampleRoleAssignPlayer
3,status,15,VILLAGER,ALIVE,SampleRoleAssignPlayer
3,talk,0,0,12,DIVINED Agent[06] WEREWOLF
3,talk,1,0,10,DISAGREE TALK day1 ID:30
3,talk,2,0,2,AGREE TALK day1 ID:34
3,talk,3,0,9,AGREE TALK day1 ID:34
3,talk,4,0,8,AGREE TALK day1 ID:34
3,talk,5,0,4,AGREE TALK day1 ID:34
3,talk,6,0,6,VOTE Agent[01]
3,talk,7,0,11,IDENTIFIED Agent[13] HUMAN
3,talk,8,0,1,VOTE Agent[10]
3,talk,9,0,15,AGREE TALK day1 ID:34
3,talk,10,0,7,DIVINED Agent[02] WEREWOLF
3,talk,11,0,3,IDENTIFIED Agent[13] HUMAN
3,talk,12,1,3,AGREE TALK day1 ID:53
3,talk,13,1,9,AGREE TALK day2 ID:37
3,talk,14,1,4,AGREE TALK day2 ID:37
3,talk,15,1,2,AGREE TALK day2 ID:37
3,talk,16,1,11,VOTE Agent[03]
3,talk,17,1,10,DISAGREE TALK day1 ID:31
3,talk,18,1,1,ESTIMATE Agent[07] WEREWOLF
3,talk,19,1,7,VOTE Agent[02]
3,talk,20,1,6,REQUEST(VOTE Agent[01])
3,talk,21,1,8,AGREE TALK day2 ID:37
3,talk,22,1,15,AGREE TALK day2 ID:37
3,talk,23,1,12,VOTE Agent[06]
3,talk,24,2,2,ESTIMATE Agent[10] WEREWOLF
3,talk,25,2,11,REQUEST(VOTE Agent[03])
3,talk,26,2,6,Skip
3,talk,27,2,10,DISAGREE TALK day1 ID:35
3,talk,28,2,1,ESTIMATE Agent[11] WEREWOLF
3,talk,29,2,9,ESTIMATE Agent[10] WEREWOLF
3,talk,30,2,7,REQUEST(VOTE Agent[02])
3,talk,31,2,8,ESTIMATE Agent[10] WEREWOLF
3,talk,32,2,12,REQUEST(VOTE Agent[06])
3,talk,33,2,4,ESTIMATE Agent[10] WEREWOLF
3,talk,34,2,15,ESTIMATE Agent[10] WEREWOLF
3,talk,35,2,3,ESTIMATE Agent[11] WEREWOLF
3,talk,36,3,4,REQUEST(Agent[12] DIVINATION Agent[10])
3,talk,37,3,11,Skip
3,talk,38,3,7,Skip
3,talk,39,3,1,ESTIMATE Agent[15] WEREWOLF
3,talk,40,3,2,REQUEST(Agent[12] DIVINATION Agent[10])
3,talk,41,3,10,DISAGREE TALK day1 ID:37
3,talk,42,3,3,REQUEST(Agent[12] DIVINATION Agent[11])
3,talk,43,3,8,REQUEST(Agent[12] DIVINATION Agent[10])
3,talk,44,3,6,Skip
3,talk,45,3,12,Skip
3,talk,46,3,15,REQUEST(Agent[12] DIVINATION Agent[10])
3,talk,47,3,9,REQUEST(Agent[12] DIVINATION Agent[10])
3,talk,48,4,10,DISAGREE TALK day1 ID:39
3,talk,49,4,15,VOTE Agent[10]
3,talk,50,4,11,Skip
3,talk,51,4,3,VOTE Agent[11]
3,talk,52,4,12,Skip
3,talk,53,4,8,VOTE Agent[10]
3,talk,54,4,7,Skip
3,talk,55,4,9,VOTE Agent[10]
3,talk,56,4,6,Over
3,talk,57,4,1,VOTE Agent[11]
3,talk,58,4,2,VOTE Agent[10]
3,talk,59,4,4,VOTE Agent[10]
3,talk,60,5,7,Over
3,talk,61,5,8,Skip
3,talk,62,5,6,Over
3,talk,63,5,10,DISAGREE TALK day1 ID:40
3,talk,64,5,9,Skip
3,talk,65,5,3,Skip
3,talk,66,5,1,ESTIMATE Agent[10] VILLAGER
3,talk,67,5,4,Skip
3,talk,68,5,11,Over
3,talk,69,5,2,Skip
3,talk,70,5,12,Over
3,talk,71,5,15,Skip
3,talk,72,6,8,Skip
3,talk,73,6,6,Over
3,talk,74,6,15,Skip
3,talk,75,6,3,Skip
3,talk,76,6,4,Skip
3,talk,77,6,12,Over
3,talk,78,6,11,Over
3,talk,79,6,2,Skip
3,talk,80,6,10,DISAGREE TALK day1 ID:41
3,talk,81,6,1,Over
3,talk,82,6,9,Skip
3,talk,83,6,7,Over
3,talk,84,7,1,Over
3,talk,85,7,3,Over
3,talk,86,7,4,Over
3,talk,87,7,7,Over
3,talk,88,7,10,DISAGREE TALK day1 ID:43
3,talk,89,7,6,Over
3,talk,90,7,12,Over
3,talk,91,7,2,Over
3,talk,92,7,15,Over
3,talk,93,7,8,Over
3,talk,94,7,11,Over
3,talk,95,7,9,Over
3,talk,96,8,15,Over
3,talk,97,8,4,Over
3,talk,98,8,3,Over
3,talk,99,8,7,Over
3,talk,100,8,2,Over
3,talk,101,8,1,Over
3,talk,102,8,9,Over
3,talk,103,8,8,Over
3,talk,104,8,10,DISAGREE TALK day1 ID:44
3,talk,105,8,12,Over
3,talk,106,8,6,Over
3,talk,107,8,11,Over
3,talk,108,9,2,Over
3,talk,109,9,11,Over
3,talk,110,9,12,Over
3,talk,111,9,9,Over
3,talk,112,9,1,Over
3,talk,113,9,10,AGREE TALK day1 ID:59
3,talk,114,9,7,Over
3,talk,115,9,8,Over
3,talk,116,9,4,Over
3,talk,117,9,6,Over
3,talk,118,9,3,Over
3,talk,119,9,15,Over
3,talk,120,10,8,Over
3,talk,121,10,3,Over
3,talk,122,10,12,Over
3,talk,123,10,9,Over
3,talk,124,10,1,Over
3,talk,125,10,4,Over
3,talk,126,10,6,Over
3,talk,127,10,2,Over
3,talk,128,10,10,Over
3,talk,129,10,7,Over
3,talk,130,10,11,Over
3,talk,131,10,15,Over
3,vote,1,11
3,vote,2,10
3,vote,3,11
3,vote,4,10
3,vote,6,1
3,vote,7,2
3,vote,8,10
3,vote,9,10
3,vote,10,12
3,vote,11,3
3,vote,12,6
3,vote,15,10
3,execute,10,BODYGUARD
3,whisper,0,0,6,ATTACK Agent[03]
3,whisper,1,0,7,ATTACK Agent[03]
3,whisper,2,0,11,ATTACK Agent[03]
3,whisper,3,1,7,REQUEST(ATTACK Agent[03])
3,whisper,4,1,11,REQUEST(ATTACK Agent[03])
3,whisper,5,1,6,REQUEST(ATTACK Agent[03])
3,whisper,6,2,11,IDENTIFIED Agent[10] WEREWOLF
3,whisper,7,2,6,Skip
3,whisper,8,2,7,DIVINED Agent[03] HUMAN
3,whisper,9,3,6,Skip
3,whisper,10,3,7,Skip
3,whisper,11,3,11,Skip
3,whisper,12,4,6,Over
3,whisper,13,4,11,Skip
3,whisper,14,4,7,Skip
3,whisper,15,5,7,Over
3,whisper,16,5,6,Over
3,whisper,17,5,11,Over
3,attackVote,6,3
3,attackVote,7,3
3,attackVote,11,3
3,attack,3,true
4,status,1,VILLAGER,ALIVE,wolf1
4,status,2,VILLAGER,ALIVE,SampleRoleAssignPlayer
4,status,3,MEDIUM,DEAD,SampleRoleAssignPlayer
4,status,4,VILLAGER,ALIVE,SampleRoleAssignPlayer
4,status,5,SEER,DEAD,SampleRoleAssignPlayer
4,status,6,WEREWOLF,ALIVE,SampleRoleAssignPlayer
4,status,7,WEREWOLF,ALIVE,SampleRoleAssignPlayer
4,status,8,VILLAGER,ALIVE,SampleRoleAssignPlayer
4,status,9,VILLAGER,ALIVE,SampleRoleAssignPlayer
4,status,10,BODYGUARD,DEAD,SampleRoleAssignPlayer
4,status,11,WEREWOLF,ALIVE,SampleRoleAssignPlayer
4,status,12,POSSESSED,ALIVE,SampleRoleAssignPlayer
4,status,13,VILLAGER,DEAD,SampleRoleAssignPlayer
4,status,14,VILLAGER,DEAD,SampleRoleAssignPlayer
4,status,15,VILLAGER,ALIVE,SampleRoleAssignPlayer
4,talk,0,0,4,AGREE TALK day1 ID:46
4,talk,1,0,7,DIVINED Agent[03] HUMAN
4,talk,2,0,9,ESTIMATE Agent[06] WEREWOLF
4,talk,3,0,2,ESTIMATE Agent[06] WEREWOLF
4,talk,4,0,6,VOTE Agent[09]
4,talk,5,0,15,AGREE TALK day1 ID:46
4,talk,6,0,8,ESTIMATE Agent[06] WEREWOLF
4,talk,7,0,12,DIVINED Agent[11] HUMAN
4,talk,8,0,1,VOTE Agent[07]
4,talk,9,0,11,IDENTIFIED Agent[10] WEREWOLF
4,talk,10,1,2,REQUEST(Agent[12] DIVINATION Agent[06])
4,talk,11,1,11,VOTE Agent[15]
4,talk,12,1,9,REQUEST(Agent[12] DIVINATION Agent[06])
4,talk,13,1,7,VOTE Agent[02]
4,talk,14,1,1,ESTIMATE Agent[07] WEREWOLF
4,talk,15,1,4,AGREE TALK day2 ID:23
4,talk,16,1,8,REQUEST(Agent[12] DIVINATION Agent[06])
4,talk,17,1,15,AGREE TALK day2 ID:23
4,talk,18,1,6,REQUEST(VOTE Agent[09])
4,talk,19,1,12,VOTE Agent[07]
4,talk,20,2,1,ESTIMATE Agent[09] WEREWOLF
4,talk,21,2,15,ESTIMATE Agent[02] WEREWOLF
4,talk,22,2,8,VOTE Agent[06]
4,talk,23,2,6,Skip
4,talk,24,2,12,REQUEST(VOTE Agent[07])
4,talk,25,2,2,VOTE Agent[06]
4,talk,26,2,9,VOTE Agent[06]
4,talk,27,2,11,REQUEST(VOTE Agent[15])
4,talk,28,2,7,REQUEST(VOTE Agent[02])
4,talk,29,2,4,ESTIMATE Agent[02] WEREWOLF
4,talk,30,3,1,ESTIMATE Agent[11] WEREWOLF
4,talk,31,3,9,Skip
4,talk,32,3,7,Skip
4,talk,33,3,6,Skip
4,talk,34,3,4,REQUEST(Agent[12] DIVINATION Agent[02])
4,talk,35,3,11,Skip
4,talk,36,3,2,Skip
4,talk,37,3,8,Skip
4,talk,38,3,15,REQUEST(Agent[12] DIVINATION Agent[02])
4,talk,39,3,12,Skip
4,talk,40,4,11,Skip
4,talk,41,4,4,VOTE Agent[02]
4,talk,42,4,12,Skip
4,talk,43,4,1,ESTIMATE Agent[02] VILLAGER
4,talk,44,4,2,Skip
4,talk,45,4,7,Skip
4,talk,46,4,9,Skip
4,talk,47,4,8,Skip
4,talk,48,4,15,VOTE Agent[02]
4,talk,49,4,6,Over
4,talk,50,5,15,Skip
4,talk,51,5,12,Over
4,talk,52,5,2,Over
4,talk,53,5,7,Over
4,talk,54,5,6,Over
4,talk,55,5,4,Skip
4,talk,56,5,1,Over
4,talk,57,5,8,Over
4,talk,58,5,11,Over
4,talk,59,5,9,Over
4,talk,60,6,15,Skip
4,talk,61,6,1,Over
4,talk,62,6,7,Over
4,talk,63,6,4,Skip
4,talk,64,6,12,Over
4,talk,65,6,6,Over
4,talk,66,6,11,Over
4,talk,67,6,2,Over
4,talk,68,6,9,Over
4,talk,69,6,8,Over
4,talk,70,7,12,Over
4,talk,71,7,15,Over
4,talk,72,7,6,Over
4,talk,73,7,4,Over
4,talk,74,7,8,Over
4,talk,75,7,2,Over
4,talk,76,7,7,Over
4,talk,77,7,1,Over
4,talk,78,7,11,Over
4,talk,79,7,9,Over
4,vote,1,7
4,vote,2,6
4,vote,4,2
4,vote,6,9
4,vote,7,2
4,vote,8,6
4,vote,9,6
4,vote,11,15
4,vote,12,7
4,vote,15,2
4,vote,1,7
4,vote,2,6
4,vote,4,2
4,vote,6,2
4,vote,7,2
4,vote,8,6
4,vote,9,6
4,vote,11,2
4,vote,12,7
4,vote,15,2
4,execute,2,VILLAGER
4,whisper,0,0,7,ATTACK Agent[04]
4,whisper,1,0,11,ATTACK Agent[01]
4,whisper,2,0,6,ATTACK Agent[01]
4,whisper,3,1,7,REQUEST(ATTACK Agent[04])
4,whisper,4,1,11,REQUEST(ATTACK Agent[01])
4,whisper,5,1,6,REQUEST(ATTACK Agent[01])
4,whisper,6,2,11,IDENTIFIED Agent[02] HUMAN
4,whisper,7,2,6,Skip
4,whisper,8,2,7,DIVINED Agent[06] HUMAN
4,whisper,9,3,6,Skip
4,whisper,10,3,7,Skip
4,whisper,11,3,11,Skip
4,whisper,12,4,6,Over
4,whisper,13,4,11,Skip
4,whisper,14,4,7,Skip
4,whisper,15,5,7,Over
4,whisper,16,5,11,Over
4,whisper,17,5,6,Over
4,attackVote,6,1
4,attackVote,7,4
4,attackVote,11,1
4,attack,1,true
5,status,1,VILLAGER,DEAD,wolf1
5,status,2,VILLAGER,DEAD,SampleRoleAssignPlayer
5,status,3,MEDIUM,DEAD,SampleRoleAssignPlayer
5,status,4,VILLAGER,ALIVE,SampleRoleAssignPlayer
5,status,5,SEER,DEAD,SampleRoleAssignPlayer
5,status,6,WEREWOLF,ALIVE,SampleRoleAssignPlayer
5,status,7,WEREWOLF,ALIVE,SampleRoleAssignPlayer
5,status,8,VILLAGER,ALIVE,SampleRoleAssignPlayer
5,status,9,VILLAGER,ALIVE,SampleRoleAssignPlayer
5,status,10,BODYGUARD,DEAD,SampleRoleAssignPlayer
5,status,11,WEREWOLF,ALIVE,SampleRoleAssignPlayer
5,status,12,POSSESSED,ALIVE,SampleRoleAssignPlayer
5,status,13,VILLAGER,DEAD,SampleRoleAssignPlayer
5,status,14,VILLAGER,DEAD,SampleRoleAssignPlayer
5,status,15,VILLAGER,ALIVE,SampleRoleAssignPlayer
5,talk,0,0,11,IDENTIFIED Agent[02] HUMAN
5,talk,1,0,15,AGREE TALK day4 ID:2
5,talk,2,0,4,AGREE TALK day4 ID:2
5,talk,3,0,8,AGREE TALK day4 ID:2
5,talk,4,0,9,AGREE TALK day4 ID:2
5,talk,5,0,12,DIVINED Agent[04] HUMAN
5,talk,6,0,7,DIVINED Agent[06] HUMAN
5,talk,7,0,6,VOTE Agent[08]
5,talk,8,1,15,AGREE TALK day4 ID:3
5,talk,9,1,7,VOTE Agent[08]
5,talk,10,1,6,REQUEST(VOTE Agent[08])
5,talk,11,1,4,AGREE TALK day4 ID:3
5,talk,12,1,9,AGREE TALK day4 ID:3
5,talk,13,1,12,VOTE Agent[07]
5,talk,14,1,8,AGREE TALK day4 ID:3
5,talk,15,1,11,VOTE Agent[04]
5,talk,16,2,9,AGREE TALK day4 ID:6
5,talk,17,2,4,AGREE TALK day4 ID:6
5,talk,18,2,8,AGREE TALK day4 ID:6
5,talk,19,2,7,REQUEST(VOTE Agent[08])
5,talk,20,2,12,REQUEST(VOTE Agent[07])
5,talk,21,2,11,REQUEST(VOTE Agent[04])
5,talk,22,2,6,Skip
5,talk,23,2,15,AGREE TALK day4 ID:6
5,talk,24,3,8,ESTIMATE Agent[06] WEREWOLF
5,talk,25,3,9,ESTIMATE Agent[06] WEREWOLF
5,talk,26,3,15,ESTIMATE Agent[06] WEREWOLF
5,talk,27,3,4,ESTIMATE Agent[06] WEREWOLF
5,talk,28,3,11,Skip
5,talk,29,3,6,Skip
5,talk,30,3,7,Skip
5,talk,31,3,12,Skip
5,talk,32,4,9,REQUEST(Agent[12] DIVINATION Agent[06])
5,talk,33,4,6,Over
5,talk,34,4,15,REQUEST(Agent[12] DIVINATION Agent[06])
5,talk,35,4,7,Skip
5,talk,36,4,4,REQUEST(Agent[12] DIVINATION Agent[06])
5,talk,37,4,8,REQUEST(Agent[12] DIVINATION Agent[06])
5,talk,38,4,12,Skip
5,talk,39,4,11,Skip
5,talk,40,5,11,Over
5,talk,41,5,4,VOTE Agent[06]
5,talk,42,5,8,VOTE Agent[06]
5,talk,43,5,7,Over
5,talk,44,5,9,VOTE Agent[06]
5,talk,45,5,6,Over
5,talk,46,5,15,VOTE Agent[06]
5,talk,47,5,12,Over
5,talk,48,6,12,Over
5,talk,49,6,7,Over
5,talk,50,6,11,Over
5,talk,51,6,4,Skip
5,talk,52,6,15,Skip
5,talk,53,6,8,Skip
5,talk,54,6,9,Skip
5,talk,55,6,6,Over
5,talk,56,7,11,Over
5,talk,57,7,9,Skip
5,talk,58,7,15,Skip
5,talk,59,7,12,Over
5,talk,60,7,7,Over
5,talk,61,7,6,Over
5,talk,62,7,8,Skip
5,talk,63,7,4,Skip
5,talk,64,8,6,Over
5,talk,65,8,7,Over
5,talk,66,8,12,Over
5,talk,67,8,15,Over
5,talk,68,8,4,Over
5,talk,69,8,11,Over
5,talk,70,8,9,Over
5,talk,71,8,8,Over
5,vote,4,6
5,vote,6,8
5,vote,7,8
5,vote,8,6
5,vote,9,6
5,vote,11,4
5,vote,12,7
5,vote,15,6
5,execute,6,WEREWOLF
5,whisper,0,0,11,ATTACK Agent[04]
5,whisper,1,0,7,ATTACK Agent[08]
5,whisper,2,1,11,REQUEST(ATTACK Agent[04])
5,whisper,3,1,7,REQUEST(ATTACK Agent[08])
5,whisper,4,2,7,DIVINED Agent[09] HUMAN
5,whisper,5,2,11,IDENTIFIED Agent[06] HUMAN
5,whisper,6,3,7,Skip
5,whisper,7,3,11,Skip
5,whisper,8,4,11,Skip
5,whisper,9,4,7,Skip
5,whisper,10,5,7,Over
5,whisper,11,5,11,Over
5,attackVote,7,8
5,attackVote,11,4
5,attackVote,7,8
5,attackVote,11,4
5,attack,4,true
6,status,1,VILLAGER,DEAD,wolf1
6,status,2,VILLAGER,DEAD,SampleRoleAssignPlayer
6,status,3,MEDIUM,DEAD,SampleRoleAssignPlayer
6,status,4,VILLAGER,DEAD,SampleRoleAssignPlayer
6,status,5,SEER,DEAD,SampleRoleAssignPlayer
6,status,6,WEREWOLF,DEAD,SampleRoleAssignPlayer
6,status,7,WEREWOLF,ALIVE,SampleRoleAssignPlayer
6,status,8,VILLAGER,ALIVE,SampleRoleAssignPlayer
6,status,9,VILLAGER,ALIVE,SampleRoleAssignPlayer
6,status,10,BODYGUARD,DEAD,SampleRoleAssignPlayer
6,status,11,WEREWOLF,ALIVE,SampleRoleAssignPlayer
6,status,12,POSSESSED,ALIVE,SampleRoleAssignPlayer
6,status,13,VILLAGER,DEAD,SampleRoleAssignPlayer
6,status,14,VILLAGER,DEAD,SampleRoleAssignPlayer
6,status,15,VILLAGER,ALIVE,SampleRoleAssignPlayer
6,talk,0,0,15,VOTE Agent[12]
6,talk,1,0,8,VOTE Agent[09]
6,talk,2,0,11,IDENTIFIED Agent[06] HUMAN
6,talk,3,0,12,DIVINED Agent[08] HUMAN
6,talk,4,0,9,VOTE Agent[08]
6,talk,5,0,7,DIVINED Agent[09] HUMAN
6,talk,6,1,11,VOTE Agent[09]
6,talk,7,1,9,Skip
6,talk,8,1,7,VOTE Agent[15]
6,talk,9,1,15,Skip
6,talk,10,1,12,VOTE Agent[06]
6,talk,11,1,8,Skip
6,talk,12,2,7,REQUEST(VOTE Agent[15])
6,talk,13,2,11,REQUEST(VOTE Agent[09])
6,talk,14,2,9,Skip
6,talk,15,2,15,Skip
6,talk,16,2,8,Skip
6,talk,17,2,12,REQUEST(VOTE Agent[06])
6,talk,18,3,11,Skip
6,talk,19,3,7,Skip
6,talk,20,3,8,Over
6,talk,21,3,15,Over
6,talk,22,3,9,Over
6,talk,23,3,12,Skip
6,talk,24,4,15,Over
6,talk,25,4,9,Over
6,talk,26,4,7,Skip
6,talk,27,4,11,Skip
6,talk,28,4,12,Skip
6,talk,29,4,8,Over
6,talk,30,5,8,Over
6,talk,31,5,12,Over
6,talk,32,5,9,Over
6,talk,33,5,11,Over
6,talk,34,5,7,Over
6,talk,35,5,15,Over
6,vote,7,15
6,vote,8,9
6,vote,9,8
6,vote,11,9
6,vote,12,7
6,vote,15,12
6,execute,9,VILLAGER
6,whisper,0,0,7,ATTACK Agent[08]
6,whisper,1,0,11,ATTACK Agent[15]
6,whisper,2,1,7,REQUEST(ATTACK Agent[08])
6,whisper,3,1,11,REQUEST(ATTACK Agent[15])
6,whisper,4,2,11,IDENTIFIED Agent[09] HUMAN
6,whisper,5,2,7,DIVINED Agent[08] HUMAN
6,whisper,6,3,11,Skip
6,whisper,7,3,7,Skip
6,whisper,8,4,11,Skip
6,whisper,9,4,7,Skip
6,whisper,10,5,11,Over
6,whisper,11,5,7,Over
6,attackVote,7,8
6,attackVote,11,15
6,attackVote,7,8
6,attackVote,11,15
6,attack,15,true
7,status,1,VILLAGER,DEAD,wolf1
7,status,2,VILLAGER,DEAD,SampleRoleAssignPlayer
7,status,3,MEDIUM,DEAD,SampleRoleAssignPlayer
7,status,4,VILLAGER,DEAD,SampleRoleAssignPlayer
7,status,5,SEER,DEAD,SampleRoleAssignPlayer
7,status,6,WEREWOLF,DEAD,SampleRoleAssignPlayer
7,status,7,WEREWOLF,ALIVE,SampleRoleAssignPlayer
7,status,8,VILLAGER,ALIVE,SampleRoleAssignPlayer
7,status,9,VILLAGER,DEAD,SampleRoleAssignPlayer
7,status,10,BODYGUARD,DEAD,SampleRoleAssignPlayer
7,status,11,WEREWOLF,ALIVE,SampleRoleAssignPlayer
7,status,12,POSSESSED,ALIVE,SampleRoleAssignPlayer
7,status,13,VILLAGER,DEAD,SampleRoleAssignPlayer
7,status,14,VILLAGER,DEAD,SampleRoleAssignPlayer
7,status,15,VILLAGER,DEAD,SampleRoleAssignPlayer
7,result,2,2,WEREWOLF
