0,status,1,WEREWOLF,ALIVE,wolf1
0,status,2,VILLAGER,ALIVE,SampleRoleAssignPlayer
0,status,3,POSSESSED,ALIVE,SampleRoleAssignPlayer
0,status,4,WEREWOLF,ALIVE,SampleRoleAssignPlayer
0,status,5,VILLAGER,ALIVE,SampleRoleAssignPlayer
0,status,6,VILLAGER,ALIVE,SampleRoleAssignPlayer
0,status,7,SEER,ALIVE,SampleRoleAssignPlayer
0,status,8,VILLAGER,ALIVE,SampleRoleAssignPlayer
0,status,9,WEREWOLF,ALIVE,SampleRoleAssignPlayer
0,status,10,VILLAGER,ALIVE,SampleRoleAssignPlayer
0,status,11,MEDIUM,ALIVE,SampleRoleAssignPlayer
0,status,12,VILLAGER,ALIVE,SampleRoleAssignPlayer
0,status,13,VILLAGER,ALIVE,SampleRoleAssignPlayer
0,status,14,BODYGUARD,ALIVE,SampleRoleAssignPlayer
0,status,15,VILLAGER,ALIVE,SampleRoleAssignPlayer
0,whisper,0,0,4,COMINGOUT Agent[04] VILLAGER
0,whisper,1,0,9,COMINGOUT Agent[09] SEER
0,whisper,2,0,1,COMINGOUT Agent[01] VILLAGER
0,whisper,3,1,4,COMINGOUT Agent[04] MEDIUM
0,whisper,4,1,1,ATTACK Agent[02]
0,whisper,5,1,9,Skip
0,whisper,6,2,1,Over
0,whisper,7,2,4,Skip
0,whisper,8,2,9,DIVINED Agent[13] HUMAN
0,whisper,9,3,9,Skip
0,whisper,10,3,4,Skip
0,whisper,11,3,1,Over
0,whisper,12,4,4,Over
0,whisper,13,4,1,Over
0,whisper,14,4,9,Skip
0,whisper,15,5,9,Over
0,whisper,16,5,1,Over
0,whisper,17,5,4,Over
0,divine,7,1,WEREWOLF
1,status,1,WEREWOLF,ALIVE,wolf1
1,status,2,VILLAGER,ALIVE,SampleRoleAssignPlayer
1,status,3,POSSESSED,ALIVE,SampleRoleAssignPlayer
1,status,4,WEREWOLF,ALIVE,SampleRoleAssignPlayer
1,status,5,VILLAGER,ALIVE,SampleRoleAssignPlayer
1,status,6,VILLAGER,ALIVE,SampleRoleAssignPlayer
1,status,7,SEER,ALIVE,SampleRoleAssignPlayer
1,status,8,VILLAGER,ALIVE,SampleRoleAssignPlayer
1,status,9,WEREWOLF,ALIVE,SampleRoleAssignPlayer
1,status,10,VILLAGER,ALIVE,SampleRoleAssignPlayer
1,status,11,MEDIUM,ALIVE,SampleRoleAssignPlayer
1,status,12,VILLAGER,ALIVE,SampleRoleAssignPlayer
1,status,13,VILLAGER,ALIVE,SampleRoleAssignPlayer
1,status,14,BODYGUARD,ALIVE,SampleRoleAssignPlayer
1,status,15,VILLAGER,ALIVE,SampleRoleAssignPlayer
1,talk,0,0,6,VOTE Agent[01]
1,talk,1,0,4,VOTE Agent[12]
1,talk,2,0,15,VOTE Agent[11]
1,talk,3,0,1,VOTE Agent[03]
1,talk,4,0,11,VOTE Agent[07]
1,talk,5,0,9,VOTE Agent[05]
1,talk,6,0,5,VOTE Agent[14]
1,talk,7,0,8,VOTE Agent[11]
1,talk,8,0,12,VOTE Agent[02]
1,talk,9,0,3,COMINGOUT Agent[03] SEER
1,talk,10,0,13,VOTE Agent[15]
1,talk,11,0,14,VOTE Agent[13]
1,talk,12,0,2,VOTE Agent[14]
1,talk,13,0,10,VOTE Agent[15]
1,talk,14,0,7,COMINGOUT Agent[07] SEER
1,talk,15,1,2,Skip
1,talk,16,1,10,Skip
1,talk,17,1,13,Skip
1,talk,18,1,7,DIVINED Agent[01] WEREWOLF
1,talk,19,1,9,REQUEST(VOTE Agent[05])
1,talk,20,1,1,ESTIMATE Agent[02] WEREWOLF
1,talk,21,1,14,Skip
1,talk,22,1,3,DIVINED Agent[08] HUMAN
1,talk,23,1,12,Skip
1,talk,24,1,6,Skip
1,talk,25,1,8,Skip
1,talk,26,1,15,Skip
1,talk,27,1,11,Skip
1,talk,28,1,4,REQUEST(VOTE Agent[12])
1,talk,29,1,5,Skip
1,talk,30,2,8,ESTIMATE Agent[03] SEER
1,talk,31,2,13,ESTIMATE Agent[03] SEER
1,talk,32,2,15,ESTIMATE Agent[03] SEER
1,talk,33,2,14,ESTIMATE Agent[03] SEER
1,talk,34,2,4,Skip
1,talk,35,2,2,ESTIMATE Agent[03] SEER
1,talk,36,2,10,ESTIMATE Agent[07] SEER
1,talk,37,2,9,VOTE Agent[03]
1,talk,38,2,3,REQUEST(VOTE Agent[09])
1,talk,39,2,5,ESTIMATE Agent[03] SEER
1,talk,40,2,11,ESTIMATE Agent[03] SEER
1,talk,41,2,12,ESTIMATE Agent[07] SEER
1,talk,42,2,7,REQUEST(VOTE Agent[01])
1,talk,43,2,6,ESTIMATE Agent[07] SEER
1,talk,44,2,1,ESTIMATE Agent[11] WEREWOLF
1,talk,45,3,15,ESTIMATE Agent[01] WEREWOLF
1,talk,46,3,3,VOTE Agent[07]
1,talk,47,3,5,ESTIMATE Agent[01] WEREWOLF
1,talk,48,3,4,Skip
1,talk,49,3,7,VOTE Agent[01]
1,talk,50,3,14,ESTIMATE Agent[01] WEREWOLF
1,talk,51,3,8,ESTIMATE Agent[01] WEREWOLF
1,talk,52,3,11,ESTIMATE Agent[01] WEREWOLF
1,talk,53,3,2,ESTIMATE Agent[01] WEREWOLF
1,talk,54,3,12,ESTIMATE Agent[01] WEREWOLF
1,talk,55,3,9,REQUEST(VOTE Agent[03])
1,talk,56,3,6,Skip
1,talk,57,3,1,ESTIMATE Agent[15] WEREWOLF
1,talk,58,3,13,ESTIMATE Agent[01] WEREWOLF
1,talk,59,3,10,ESTIMATE Agent[01] WEREWOLF
1,talk,60,4,11,REQUEST(Agent[03] DIVINATION Agent[01])
1,talk,61,4,5,REQUEST(Agent[03] DIVINATION Agent[01])
1,talk,62,4,7,Skip
1,talk,63,4,3,REQUEST(VOTE Agent[07])
1,talk,64,4,8,REQUEST(Agent[03] DIVINATION Agent[01])
1,talk,65,4,6,Skip
1,talk,66,4,15,REQUEST(Agent[03] DIVINATION Agent[01])
1,talk,67,4,9,COMINGOUT Agent[09] SEER
1,talk,68,4,12,REQUEST(Agent[07] DIVINATION Agent[01])
1,talk,69,4,10,REQUEST(Agent[07] DIVINATION Agent[01])
1,talk,70,4,13,REQUEST(Agent[03] DIVINATION Agent[01])
1,talk,71,4,1,VOTE Agent[07]
1,talk,72,4,14,REQUEST(Agent[03] DIVINATION Agent[01])
1,talk,73,4,4,Over
1,talk,74,4,2,REQUEST(Agent[03] DIVINATION Agent[01])
1,talk,75,5,8,VOTE Agent[01]
1,talk,76,5,4,Over
1,talk,77,5,12,VOTE Agent[01]
1,talk,78,5,10,VOTE Agent[01]
1,talk,79,5,1,ESTIMATE Agent[03] WEREWOLF
1,talk,80,5,6,Over
1,talk,81,5,5,VOTE Agent[01]
1,talk,82,5,3,Skip
1,talk,83,5,11,VOTE Agent[01]
1,talk,84,5,14,VOTE Agent[01]
1,talk,85,5,2,VOTE Agent[01]
1,talk,86,5,9,DIVINED Agent[13] HUMAN
1,talk,87,5,13,VOTE Agent[01]
1,talk,88,5,15,VOTE Agent[01]
1,talk,89,5,7,Skip
1,talk,90,6,4,Over
1,talk,91,6,8,Skip
1,talk,92,6,13,Skip
1,talk,93,6,15,Skip
1,talk,94,6,3,Skip
1,talk,95,6,2,Skip
1,talk,96,6,9,Skip
1,talk,97,6,5,Skip
1,talk,98,6,10,Skip
1,talk,99,6,12,Skip
1,talk,100,6,7,Over
1,talk,101,6,1,VOTE Agent[12]
1,talk,102,6,11,Skip
1,talk,103,6,14,Skip
1,talk,104,6,6,Over
1,talk,105,7,7,Over
1,talk,106,7,3,Over
1,talk,107,7,5,Skip
1,talk,108,7,1,Over
1,talk,109,7,9,Skip
1,talk,110,7,6,Over
1,talk,111,7,8,Skip
1,talk,112,7,10,Skip
1,talk,113,7,14,Skip
1,talk,114,7,2,Skip
1,talk,115,7,13,Skip
1,talk,116,7,11,Skip
1,talk,117,7,4,Over
1,talk,118,7,12,Skip
1,talk,119,7,15,Skip
1,talk,120,8,4,Over
1,talk,121,8,9,Over
1,talk,122,8,12,Over
1,talk,123,8,2,Over
1,talk,124,8,8,Over
1,talk,125,8,11,Over
1,talk,126,8,5,Over
1,talk,127,8,7,Over
1,talk,128,8,10,Over
1,talk,129,8,6,Over
1,talk,130,8,13,Over
1,talk,131,8,1,Over
1,talk,132,8,14,Over
1,talk,133,8,15,Over
1,talk,134,8,3,Over
1,vote,1,12
1,vote,2,1
1,vote,3,7
1,vote,4,12
1,vote,5,1
1,vote,6,1
1,vote,7,1
1,vote,8,1
1,vote,9,3
1,vote,10,1
1,vote,11,1
1,vote,12,1
1,vote,13,1
1,vote,14,1
1,vote,15,1
1,execute,1,WEREWOLF
1,divine,7,5,HUMAN
1,whisper,0,0,9,ATTACK Agent[03]
1,whisper,1,0,4,ATTACK Agent[03]
1,whisper,2,1,4,REQUEST(ATTACK Agent[03])
1,whisper,3,1,9,REQUEST(ATTACK Agent[03])
1,whisper,4,2,4,IDENTIFIED Agent[01] HUMAN
1,whisper,5,2,9,DIVINED Agent[11] HUMAN
1,whisper,6,3,9,Skip
1,whisper,7,3,4,Skip
1,whisper,8,4,4,Skip
1,whisper,9,4,9,Skip
1,whisper,10,5,9,Over
1,whisper,11,5,4,Over
1,guard,14,3,POSSESSED
1,attackVote,4,3
1,attackVote,9,3
1,attack,3,false
2,status,1,WEREWOLF,DEAD,wolf1
2,status,2,VILLAGER,ALIVE,SampleRoleAssignPlayer
2,status,3,POSSESSED,ALIVE,SampleRoleAssignPlayer
2,status,4,WEREWOLF,ALIVE,SampleRoleAssignPlayer
2,status,5,VILLAGER,ALIVE,SampleRoleAssignPlayer
2,status,6,VILLAGER,ALIVE,SampleRoleAssignPlayer
2,status,7,SEER,ALIVE,SampleRoleAssignPlayer
2,status,8,VILLAGER,ALIVE,SampleRoleAssignPlayer
2,status,9,WEREWOLF,ALIVE,SampleRoleAssignPlayer
2,status,10,VILLAGER,ALIVE,SampleRoleAssignPlayer
2,status,11,MEDIUM,ALIVE,SampleRoleAssignPlayer
2,status,12,VILLAGER,ALIVE,SampleRoleAssignPlayer
2,status,13,VILLAGER,ALIVE,SampleRoleAssignPlayer
2,status,14,BODYGUARD,ALIVE,SampleRoleAssignPlayer
2,status,15,VILLAGER,ALIVE,SampleRoleAssignPlayer
2,talk,0,0,5,VOTE Agent[03]
2,talk,1,0,13,VOTE Agent[11]
2,talk,2,0,2,VOTE Agent[11]
2,talk,3,0,10,VOTE Agent[03]
2,talk,4,0,3,DIVINED Agent[04] HUMAN
2,talk,5,0,6,VOTE Agent[07]
2,talk,6,0,9,DIVINED Agent[11] HUMAN
2,talk,7,0,12,VOTE Agent[10]
2,talk,8,0,15,VOTE Agent[07]
2,talk,9,0,8,VOTE Agent[13]
2,talk,10,0,11,COMINGOUT Agent[11] MEDIUM
2,talk,11,0,4,VOTE Agent[07]
2,talk,12,0,14,VOTE Agent[07]
2,talk,13,0,7,DIVINED Agent[05] HUMAN
2,talk,14,1,15,Skip
2,talk,15,1,6,Skip
2,talk,16,1,11,IDENTIFIED Agent[01] WEREWOLF
2,talk,17,1,2,Skip
2,talk,18,1,7,DISAGREE TALK day1 ID:30
2,talk,19,1,14,Skip
2,talk,20,1,5,Skip
2,talk,21,1,3,VOTE Agent[09]
2,talk,22,1,8,Skip
2,talk,23,1,12,Skip
2,talk,24,1,13,Skip
2,talk,25,1,4,REQUEST(VOTE Agent[07])
2,talk,26,1,9,VOTE Agent[07]
2,talk,27,1,10,Skip
2,talk,28,2,6,Skip
2,talk,29,2,7,DISAGREE TALK day1 ID:31
2,talk,30,2,9,REQUEST(VOTE Agent[07])
2,talk,31,2,8,Skip
2,talk,32,2,15,Skip
2,talk,33,2,12,Skip
2,talk,34,2,5,Skip
2,talk,35,2,3,REQUEST(VOTE Agent[09])
2,talk,36,2,10,Skip
2,talk,37,2,2,Skip
2,talk,38,2,13,Skip
2,talk,39,2,14,Skip
2,talk,40,2,4,VOTE Agent[11]
2,talk,41,2,11,VOTE Agent[04]
2,talk,42,3,6,Over
2,talk,43,3,11,Skip
2,talk,44,3,13,Over
2,talk,45,3,15,Over
2,talk,46,3,7,DISAGREE TALK day1 ID:32
2,talk,47,3,3,Skip
2,talk,48,3,9,Skip
2,talk,49,3,5,Over
2,talk,50,3,8,Over
2,talk,51,3,12,Over
2,talk,52,3,2,Over
2,talk,53,3,4,REQUEST(VOTE Agent[11])
2,talk,54,3,10,Over
2,talk,55,3,14,Over
2,talk,56,4,14,Over
2,talk,57,4,13,Over
2,talk,58,4,11,Skip
2,talk,59,4,9,Skip
2,talk,60,4,7,DISAGREE TALK day1 ID:33
2,talk,61,4,3,Skip
2,talk,62,4,15,Over
2,talk,63,4,6,Over
2,talk,64,4,4,COMINGOUT Agent[04] MEDIUM
2,talk,65,4,5,Over
2,talk,66,4,8,Over
2,talk,67,4,2,Over
2,talk,68,4,10,Over
2,talk,69,4,12,Over
2,talk,70,5,5,Over
2,talk,71,5,4,IDENTIFIED Agent[01] HUMAN
2,talk,72,5,7,DISAGREE TALK day1 ID:35
2,talk,73,5,13,Over
2,talk,74,5,6,Over
2,talk,75,5,3,Over
2,talk,76,5,8,Over
2,talk,77,5,10,Over
2,talk,78,5,2,Over
2,talk,79,5,14,Over
2,talk,80,5,11,Over
2,talk,81,5,15,Over
2,talk,82,5,9,Over
2,talk,83,5,12,Over
2,talk,84,6,10,Over
2,talk,85,6,13,Over
2,talk,86,6,9,Over
2,talk,87,6,12,Over
2,talk,88,6,3,Over
2,talk,89,6,2,Over
2,talk,90,6,8,Over
2,talk,91,6,15,Over
2,talk,92,6,11,Over
2,talk,93,6,5,Over
2,talk,94,6,14,Over
2,talk,95,6,4,Skip
2,talk,96,6,6,Over
2,talk,97,6,7,DISAGREE TALK day1 ID:39
2,talk,98,7,15,Over
2,talk,99,7,4,Skip
2,talk,100,7,10,Over
2,talk,101,7,6,Over
2,talk,102,7,2,Over
2,talk,103,7,3,Over
2,talk,104,7,7,DISAGREE TALK day1 ID:40
2,talk,105,7,8,Over
2,talk,106,7,11,Over
2,talk,107,7,9,Over
2,talk,108,7,14,Over
2,talk,109,7,13,Over
2,talk,110,7,5,Over
2,talk,111,7,12,Over
2,talk,112,8,11,Over
2,talk,113,8,8,Over
2,talk,114,8,4,Over
2,talk,115,8,5,Over
2,talk,116,8,12,Over
2,talk,117,8,9,Over
2,talk,118,8,13,Over
2,talk,119,8,10,Over
2,talk,120,8,14,Over
2,talk,121,8,3,Over
2,talk,122,8,15,Over
2,talk,123,8,6,Over
2,talk,124,8,2,Over
2,talk,125,8,7,AGREE TALK day1 ID:79
2,talk,126,9,5,Over
2,talk,127,9,4,Over
2,talk,128,9,6,Over
2,talk,129,9,12,Over
2,talk,130,9,13,Over
2,talk,131,9,3,Over
2,talk,132,9,15,Over
2,talk,133,9,14,Over
2,talk,134,9,10,Over
2,talk,135,9,11,Over
2,talk,136,9,2,Over
2,talk,137,9,9,Over
2,talk,138,9,7,ESTIMATE Agent[03] WEREWOLF
2,talk,139,9,8,Over
2,talk,140,10,9,Over
2,talk,141,10,7,Over
2,talk,142,10,3,Over
2,talk,143,10,11,Over
2,talk,144,10,10,Over
2,talk,145,10,12,Over
2,talk,146,10,15,Over
2,talk,147,10,13,Over
2,talk,148,10,6,Over
2,talk,149,10,2,Over
2,talk,150,10,14,Over
2,talk,151,10,4,Over
2,talk,152,10,8,Over
2,talk,153,10,5,Over
2,vote,2,11
2,vote,3,9
2,vote,4,11
2,vote,5,3
2,vote,6,7
2,vote,7,3
2,vote,8,13
2,vote,9,7
2,vote,10,3
2,vote,11,4
2,vote,12,10
2,vote,13,11
2,vote,14,7
2,vote,15,7
2,execute,7,SEER
2,whisper,0,0,4,ESTIMATE Agent[03] POSSESSED
2,whisper,1,0,9,ESTIMATE Agent[03] POSSESSED
2,whisper,2,1,4,ATTACK Agent[11]
2,whisper,3,1,9,ATTACK Agent[11]
2,whisper,4,2,9,REQUEST(ATTACK Agent[11])
2,whisper,5,2,4,REQUEST(ATTACK Agent[11])
2,whisper,6,3,9,DIVINED Agent[04] HUMAN
2,whisper,7,3,4,IDENTIFIED Agent[07] WEREWOLF
2,whisper,8,4,4,Skip
2,whisper,9,4,9,Skip
2,whisper,10,5,9,Skip
2,whisper,11,5,4,Skip
2,whisper,12,6,9,Over
2,whisper,13,6,4,Over
2,guard,14,3,POSSESSED
2,attackVote,4,11
2,attackVote,9,11
2,attack,11,true
3,status,1,WEREWOLF,DEAD,wolf1
3,status,2,VILLAGER,ALIVE,SampleRoleAssignPlayer
3,status,3,POSSESSED,ALIVE,SampleRoleAssignPlayer
3,status,4,WEREWOLF,ALIVE,SampleRoleAssignPlayer
3,status,5,VILLAGER,ALIVE,SampleRoleAssignPlayer
3,status,6,VILLAGER,ALIVE,SampleRoleAssignPlayer
3,status,7,SEER,DEAD,SampleRoleAssignPlayer
3,status,8,VILLAGER,ALIVE,SampleRoleAssignPlayer
3,status,9,WEREWOLF,ALIVE,SampleRoleAssignPlayer
3,status,10,VILLAGER,ALIVE,SampleRoleAssignPlayer
3,status,11,MEDIUM,DEAD,SampleRoleAssignPlayer
3,status,12,VILLAGER,ALIVE,SampleRoleAssignPlayer
3,status,13,VILLAGER,ALIVE,SampleRoleAssignPlayer
3,status,14,BODYGUARD,ALIVE,SampleRoleAssignPlayer
3,status,15,VILLAGER,ALIVE,SampleRoleAssignPlayer
3,talk,0,0,14,VOTE Agent[09]
3,talk,1,0,3,DIVINED Agent[13] HUMAN
3,talk,2,0,15,VOTE Agent[05]
3,talk,3,0,4,IDENTIFIED Agent[07] WEREWOLF
3,talk,4,0,13,VOTE Agent[06]
3,talk,5,0,2,VOTE Agent[06]
3,talk,6,0,12,ESTIMATE Agent[09] SEER
3,talk,7,0,8,VOTE Agent[14]
3,talk,8,0,5,VOTE Agent[02]
3,talk,9,0,6,ESTIMATE Agent[09] SEER
3,talk,10,0,9,DIVINED Agent[04] HUMAN
3,talk,11,0,10,ESTIMATE Agent[09] SEER
3,talk,12,1,8,Skip
3,talk,13,1,10,VOTE Agent[13]
3,talk,14,1,9,VOTE Agent[15]
3,talk,15,1,14,Skip
3,talk,16,1,12,VOTE Agent[06]
3,talk,17,1,4,VOTE Agent[05]
3,talk,18,1,5,Skip
3,talk,19,1,6,VOTE Agent[04]
3,talk,20,1,13,Skip
3,talk,21,1,15,Skip
3,talk,22,1,2,Skip
3,talk,23,1,3,VOTE Agent[09]
3,talk,24,2,6,Skip
3,talk,25,2,5,Skip
3,talk,26,2,3,REQUEST(VOTE Agent[09])
3,talk,27,2,10,Skip
3,talk,28,2,12,Skip
3,talk,29,2,15,Skip
3,talk,30,2,9,REQUEST(VOTE Agent[15])
3,talk,31,2,13,Skip
3,talk,32,2,2,Skip
3,talk,33,2,14,Skip
3,talk,34,2,4,REQUEST(VOTE Agent[05])
3,talk,35,2,8,Skip
3,talk,36,3,15,Over
3,talk,37,3,5,Over
3,talk,38,3,3,Skip
3,talk,39,3,9,Skip
3,talk,40,3,6,Skip
3,talk,41,3,2,Over
3,talk,42,3,13,Over
3,talk,43,3,4,Skip
3,talk,44,3,12,Skip
3,talk,45,3,14,Over
3,talk,46,3,8,Over
3,talk,47,3,10,Skip
3,talk,48,4,3,Skip
3,talk,49,4,13,Over
3,talk,50,4,9,Skip
3,talk,51,4,4,Skip
3,talk,52,4,8,Over
3,talk,53,4,15,Over
3,talk,54,4,14,Over
3,talk,55,4,5,Over
3,talk,56,4,12,Over
3,talk,57,4,6,Over
3,talk,58,4,10,Over
3,talk,59,4,2,Over
3,talk,60,5,12,Over
3,talk,61,5,4,Over
3,talk,62,5,9,Over
3,talk,63,5,10,Over
3,talk,64,5,8,Over
3,talk,65,5,6,Over
3,talk,66,5,15,Over
3,talk,67,5,3,Over
3,talk,68,5,2,Over
3,talk,69,5,13,Over
3,talk,70,5,5,Over
3,talk,71,5,14,Over
3,vote,2,6
3,vote,3,9
3,vote,4,5
3,vote,5,2
3,vote,6,4
3,vote,8,14
3,vote,9,15
3,vote,10,13
3,vote,12,6
3,vote,13,6
3,vote,14,9
3,vote,15,5
3,execute,6,VILLAGER
3,whisper,0,0,9,ATTACK Agent[15]
3,whisper,1,0,4,ATTACK Agent[15]
3,whisper,2,1,9,REQUEST(ATTACK Agent[15])
3,whisper,3,1,4,REQUEST(ATTACK Agent[15])
3,whisper,4,2,4,IDENTIFIED Agent[06] WEREWOLF
3,whisper,5,2,9,DIVINED Agent[05] WEREWOLF
3,whisper,6,3,9,Skip
3,whisper,7,3,4,Skip
3,whisper,8,4,4,Skip
3,whisper,9,4,9,Skip
3,whisper,10,5,9,Over
3,whisper,11,5,4,Over
3,guard,14,3,POSSESSED
3,attackVote,4,15
3,attackVote,9,15
3,attack,15,true
4,status,1,WEREWOLF,DEAD,wolf1
4,status,2,VILLAGER,ALIVE,SampleRoleAssignPlayer
4,status,3,POSSESSED,ALIVE,SampleRoleAssignPlayer
4,status,4,WEREWOLF,ALIVE,SampleRoleAssignPlayer
4,status,5,VILLAGER,ALIVE,SampleRoleAssignPlayer
4,status,6,VILLAGER,DEAD,SampleRoleAssignPlayer
4,status,7,SEER,DEAD,SampleRoleAssignPlayer
4,status,8,VILLAGER,ALIVE,SampleRoleAssignPlayer
4,status,9,WEREWOLF,ALIVE,SampleRoleAssignPlayer
4,status,10,VILLAGER,ALIVE,SampleRoleAssignPlayer
4,status,11,MEDIUM,DEAD,SampleRoleAssignPlayer
4,status,12,VILLAGER,ALIVE,SampleRoleAssignPlayer
4,status,13,VILLAGER,ALIVE,SampleRoleAssignPlayer
4,status,14,BODYGUARD,ALIVE,SampleRoleAssignPlayer
4,status,15,VILLAGER,DEAD,SampleRoleAssignPlayer
4,talk,0,0,12,VOTE Agent[14]
4,talk,1,0,13,VOTE Agent[09]
4,talk,2,0,8,VOTE Agent[12]
4,talk,3,0,2,VOTE Agent[13]
4,talk,4,0,3,DIVINED Agent[05] HUMAN
4,talk,5,0,14,VOTE Agent[08]
4,talk,6,0,5,VOTE Agent[14]
4,talk,7,0,4,IDENTIFIED Agent[06] WEREWOLF
4,talk,8,0,9,DIVINED Agent[05] WEREWOLF
4,talk,9,0,10,VOTE Agent[02]
4,talk,10,1,9,VOTE Agent[05]
4,talk,11,1,4,VOTE Agent[14]
4,talk,12,1,14,ESTIMATE Agent[05] WEREWOLF
4,talk,13,1,10,ESTIMATE Agent[05] WEREWOLF
4,talk,14,1,5,DISAGREE TALK day3 ID:6
4,talk,15,1,13,ESTIMATE Agent[05] WEREWOLF
4,talk,16,1,3,VOTE Agent[09]
4,talk,17,1,8,ESTIMATE Agent[05] WEREWOLF
4,talk,18,1,12,ESTIMATE Agent[05] WEREWOLF
4,talk,19,1,2,ESTIMATE Agent[05] WEREWOLF
4,talk,20,2,14,REQUEST(Agent[03] DIVINATION Agent[05])
4,talk,21,2,5,DISAGREE TALK day3 ID:9
4,talk,22,2,8,REQUEST(Agent[03] DIVINATION Agent[05])
4,talk,23,2,3,REQUEST(VOTE Agent[09])
4,talk,24,2,13,REQUEST(Agent[03] DIVINATION Agent[05])
4,talk,25,2,2,REQUEST(Agent[03] DIVINATION Agent[05])
4,talk,26,2,4,REQUEST(VOTE Agent[14])
4,talk,27,2,12,REQUEST(Agent[09] DIVINATION Agent[05])
4,talk,28,2,9,REQUEST(VOTE Agent[05])
4,talk,29,2,10,REQUEST(Agent[09] DIVINATION Agent[05])
4,talk,30,3,9,Skip
4,talk,31,3,10,VOTE Agent[05]
4,talk,32,3,3,Skip
4,talk,33,3,4,Skip
4,talk,34,3,12,VOTE Agent[05]
4,talk,35,3,13,VOTE Agent[05]
4,talk,36,3,14,VOTE Agent[05]
4,talk,37,3,2,VOTE Agent[05]
4,talk,38,3,5,DISAGREE TALK day3 ID:11
4,talk,39,3,8,VOTE Agent[05]
4,talk,40,4,13,Skip
4,talk,41,4,8,Skip
4,talk,42,4,12,Skip
4,talk,43,4,3,Skip
4,talk,44,4,4,Skip
4,talk,45,4,10,Skip
4,talk,46,4,14,Skip
4,talk,47,4,9,Skip
4,talk,48,4,5,ESTIMATE Agent[09] WEREWOLF
4,talk,49,4,2,Skip
4,talk,50,5,3,Over
4,talk,51,5,9,Over
4,talk,52,5,12,Skip
4,talk,53,5,4,Over
4,talk,54,5,5,REQUEST(Agent[03] DIVINATION Agent[09])
4,talk,55,5,8,Skip
4,talk,56,5,14,Skip
4,talk,57,5,13,Skip
4,talk,58,5,10,Skip
4,talk,59,5,2,Skip
4,talk,60,6,12,Over
4,talk,61,6,8,Over
4,talk,62,6,10,Over
4,talk,63,6,4,Over
4,talk,64,6,9,Over
4,talk,65,6,2,Over
4,talk,66,6,14,Over
4,talk,67,6,3,Over
4,talk,68,6,13,Over
4,talk,69,6,5,VOTE Agent[09]
4,talk,70,7,5,Skip
4,talk,71,7,4,Over
4,talk,72,7,10,Over
4,talk,73,7,9,Over
4,talk,74,7,2,Over
4,talk,75,7,8,Over
4,talk,76,7,14,Over
4,talk,77,7,12,Over
4,talk,78,7,13,Over
4,talk,79,7,3,Over
4,talk,80,8,4,Over
4,talk,81,8,5,Skip
4,talk,82,8,9,Over
4,talk,83,8,13,Over
4,talk,84,8,3,Over
4,talk,85,8,8,Over
4,talk,86,8,2,Over
4,talk,87,8,12,Over
4,talk,88,8,10,Over
4,talk,89,8,14,Over
4,talk,90,9,9,Over
4,talk,91,9,8,Over
4,talk,92,9,4,Over
4,talk,93,9,14,Over
4,talk,94,9,5,Over
4,talk,95,9,3,Over
4,talk,96,9,12,Over
4,talk,97,9,10,Over
4,talk,98,9,2,Over
4,talk,99,9,13,Over
4,vote,2,5
4,vote,3,9
4,vote,4,14
4,vote,5,9
4,vote,8,5
4,vote,9,5
4,vote,10,5
4,vote,12,5
4,vote,13,5
4,vote,14,5
4,execute,5,VILLAGER
4,whisper,0,0,4,ATTACK Agent[14]
4,whisper,1,0,9,ATTACK Agent[10]
4,whisper,2,1,9,REQUEST(ATTACK Agent[10])
4,whisper,3,1,4,REQUEST(ATTACK Agent[14])
4,whisper,4,2,4,IDENTIFIED Agent[05] WEREWOLF
4,whisper,5,2,9,DIVINED Agent[02] HUMAN
4,whisper,6,3,4,Skip
4,whisper,7,3,9,Skip
4,whisper,8,4,9,Skip
4,whisper,9,4,4,Skip
4,whisper,10,5,4,Over
4,whisper,11,5,9,Over
4,guard,14,3,POSSESSED
4,attackVote,4,14
4,attackVote,9,10
4,attackVote,4,14
4,attackVote,9,10
4,attack,14,true
5,status,1,WEREWOLF,DEAD,wolf1
5,status,2,VILLAGER,ALIVE,SampleRoleAssignPlayer
5,status,3,POSSESSED,ALIVE,SampleRoleAssignPlayer
5,status,4,WEREWOLF,ALIVE,SampleRoleAssignPlayer
5,status,5,VILLAGER,DEAD,SampleRoleAssignPlayer
5,status,6,VILLAGER,DEAD,SampleRoleAssignPlayer
5,status,7,SEER,DEAD,SampleRoleAssignPlayer
5,status,8,VILLAGER,ALIVE,SampleRoleAssignPlayer
5,status,9,WEREWOLF,ALIVE,SampleRoleAssignPlayer
5,status,10,VILLAGER,ALIVE,SampleRoleAssignPlayer
5,status,11,MEDIUM,DEAD,SampleRoleAssignPlayer
5,status,12,VILLAGER,ALIVE,SampleRoleAssignPlayer
5,status,13,VILLAGER,ALIVE,SampleRoleAssignPlayer
5,status,14,BODYGUARD,DEAD,SampleRoleAssignPlayer
5,status,15,VILLAGER,DEAD,SampleRoleAssignPlayer
5,talk,0,0,12,VOTE Agent[04]
5,talk,1,0,8,VOTE Agent[04]
5,talk,2,0,2,VOTE Agent[13]
5,talk,3,0,4,IDENTIFIED Agent[05] WEREWOLF
5,talk,4,0,13,VOTE Agent[08]
5,talk,5,0,10,VOTE Agent[13]
5,talk,6,0,9,DIVINED Agent[02] HUMAN
5,talk,7,0,3,DIVINED Agent[12] HUMAN
5,talk,8,1,3,VOTE Agent[09]
5,talk,9,1,4,VOTE Agent[10]
5,talk,10,1,12,Skip
5,talk,11,1,9,VOTE Agent[10]
5,talk,12,1,8,Skip
5,talk,13,1,2,Skip
5,talk,14,1,10,Skip
5,talk,15,1,13,Skip
5,talk,16,2,8,Skip
5,talk,17,2,13,Skip
5,talk,18,2,12,Skip
5,talk,19,2,2,Skip
5,talk,20,2,3,REQUEST(VOTE Agent[09])
5,talk,21,2,9,REQUEST(VOTE Agent[10])
5,talk,22,2,4,REQUEST(VOTE Agent[10])
5,talk,23,2,10,Skip
5,talk,24,3,10,Over
5,talk,25,3,8,Over
5,talk,26,3,3,Skip
5,talk,27,3,9,Skip
5,talk,28,3,4,Skip
5,talk,29,3,2,Over
5,talk,30,3,13,Over
5,talk,31,3,12,Over
5,talk,32,4,10,Over
5,talk,33,4,12,Over
5,talk,34,4,13,Over
5,talk,35,4,3,Skip
5,talk,36,4,2,Over
5,talk,37,4,4,Skip
5,talk,38,4,9,Skip
5,talk,39,4,8,Over
5,talk,40,5,2,Over
5,talk,41,5,13,Over
5,talk,42,5,3,Over
5,talk,43,5,12,Over
5,talk,44,5,4,Over
5,talk,45,5,8,Over
5,talk,46,5,10,Over
5,talk,47,5,9,Over
5,vote,2,13
5,vote,3,9
5,vote,4,10
5,vote,8,4
5,vote,9,10
5,vote,10,13
5,vote,12,4
5,vote,13,8
5,vote,2,13
5,vote,3,13
5,vote,4,10
5,vote,8,4
5,vote,9,10
5,vote,10,13
5,vote,12,4
5,vote,13,10
5,execute,13,VILLAGER
5,whisper,0,0,9,ATTACK Agent[10]
5,whisper,1,0,4,ATTACK Agent[02]
5,whisper,2,1,9,REQUEST(ATTACK Agent[10])
5,whisper,3,1,4,REQUEST(ATTACK Agent[02])
5,whisper,4,2,9,DIVINED Agent[10] HUMAN
5,whisper,5,2,4,IDENTIFIED Agent[13] HUMAN
5,whisper,6,3,4,Skip
5,whisper,7,3,9,Skip
5,whisper,8,4,9,Skip
5,whisper,9,4,4,Skip
5,whisper,10,5,9,Over
5,whisper,11,5,4,Over
5,attackVote,4,2
5,attackVote,9,10
5,attackVote,4,2
5,attackVote,9,10
5,attack,10,true
6,status,1,WEREWOLF,DEAD,wolf1
6,status,2,VILLAGER,ALIVE,SampleRoleAssignPlayer
6,status,3,POSSESSED,ALIVE,SampleRoleAssignPlayer
6,status,4,WEREWOLF,ALIVE,SampleRoleAssignPlayer
6,status,5,VILLAGER,DEAD,SampleRoleAssignPlayer
6,status,6,VILLAGER,DEAD,SampleRoleAssignPlayer
6,status,7,SEER,DEAD,SampleRoleAssignPlayer
6,status,8,VILLAGER,ALIVE,SampleRoleAssignPlayer
6,status,9,WEREWOLF,ALIVE,SampleRoleAssignPlayer
6,status,10,VILLAGER,DEAD,SampleRoleAssignPlayer
6,status,11,MEDIUM,DEAD,SampleRoleAssignPlayer
6,status,12,VILLAGER,ALIVE,SampleRoleAssignPlayer
6,status,13,VILLAGER,DEAD,SampleRoleAssignPlayer
6,status,14,BODYGUARD,DEAD,SampleRoleAssignPlayer
6,status,15,VILLAGER,DEAD,SampleRoleAssignPlayer
6,talk,0,0,2,VOTE Agent[08]
6,talk,1,0,9,DIVINED Agent[10] HUMAN
6,talk,2,0,12,VOTE Agent[04]
6,talk,3,0,3,DIVINED Agent[02] HUMAN
6,talk,4,0,8,VOTE Agent[02]
6,talk,5,0,4,IDENTIFIED Agent[13] HUMAN
6,talk,6,1,8,Skip
6,talk,7,1,4,VOTE Agent[12]
6,talk,8,1,12,Skip
6,talk,9,1,2,Skip
6,talk,10,1,3,VOTE Agent[09]
6,talk,11,1,9,VOTE Agent[12]
6,talk,12,2,2,Skip
6,talk,13,2,8,Skip
6,talk,14,2,12,Skip
6,talk,15,2,4,REQUEST(VOTE Agent[12])
6,talk,16,2,9,REQUEST(VOTE Agent[12])
6,talk,17,2,3,REQUEST(VOTE Agent[09])
6,talk,18,3,2,Over
6,talk,19,3,9,Skip
6,talk,20,3,4,Skip
6,talk,21,3,8,Over
6,talk,22,3,3,Skip
6,talk,23,3,12,Over
6,talk,24,4,12,Over
6,talk,25,4,2,Over
6,talk,26,4,9,Skip
6,talk,27,4,4,Skip
6,talk,28,4,3,Skip
6,talk,29,4,8,Over
6,talk,30,5,4,Over
6,talk,31,5,9,Over
6,talk,32,5,2,Over
6,talk,33,5,12,Over
6,talk,34,5,3,Over
6,talk,35,5,8,Over
6,vote,2,8
6,vote,3,9
6,vote,4,12
6,vote,8,2
6,vote,9,12
6,vote,12,4
6,execute,12,VILLAGER
6,whisper,0,0,4,ATTACK Agent[02]
6,whisper,1,0,9,ATTACK Agent[02]
6,whisper,2,1,4,REQUEST(ATTACK Agent[02])
6,whisper,3,1,9,REQUEST(ATTACK Agent[02])
6,whisper,4,2,4,IDENTIFIED Agent[12] HUMAN
6,whisper,5,2,9,DIVINED Agent[08] HUMAN
6,whisper,6,3,9,Skip
6,whisper,7,3,4,Skip
6,whisper,8,4,9,Skip
6,whisper,9,4,4,Skip
6,whisper,10,5,9,Over
6,whisper,11,5,4,Over
6,attackVote,4,2
6,attackVote,9,2
6,attack,2,true
7,status,1,WEREWOLF,DEAD,wolf1
7,status,2,VILLAGER,DEAD,SampleRoleAssignPlayer
7,status,3,POSSESSED,ALIVE,SampleRoleAssignPlayer
7,status,4,WEREWOLF,ALIVE,SampleRoleAssignPlayer
7,status,5,VILLAGER,DEAD,SampleRoleAssignPlayer
7,status,6,VILLAGER,DEAD,SampleRoleAssignPlayer
7,status,7,SEER,DEAD,SampleRoleAssignPlayer
7,status,8,VILLAGER,ALIVE,SampleRoleAssignPlayer
7,status,9,WEREWOLF,ALIVE,SampleRoleAssignPlayer
7,status,10,VILLAGER,DEAD,SampleRoleAssignPlayer
7,status,11,MEDIUM,DEAD,SampleRoleAssignPlayer
7,status,12,VILLAGER,DEAD,SampleRoleAssignPlayer
7,status,13,VILLAGER,DEAD,SampleRoleAssignPlayer
7,status,14,BODYGUARD,DEAD,SampleRoleAssignPlayer
7,status,15,VILLAGER,DEAD,SampleRoleAssignPlayer
7,result,2,2,WEREWOLF
