0,status,1,MEDIUM,ALIVE,wolf1
0,status,2,WEREWOLF,ALIVE,SampleRoleAssignPlayer
0,status,3,VILLAGER,ALIVE,SampleRoleAssignPlayer
0,status,4,SEER,ALIVE,SampleRoleAssignPlayer
0,status,5,VILLAGER,ALIVE,SampleRoleAssignPlayer
0,status,6,WEREWOLF,ALIVE,SampleRoleAssignPlayer
0,status,7,VILLAGER,ALIVE,SampleRoleAssignPlayer
0,status,8,VILLAGER,ALIVE,SampleRoleAssignPlayer
0,status,9,VILLAGER,ALIVE,SampleRoleAssignPlayer
0,status,10,VILLAGER,ALIVE,SampleRoleAssignPlayer
0,status,11,VILLAGER,ALIVE,SampleRoleAssignPlayer
0,status,12,POSSESSED,ALIVE,SampleRoleAssignPlayer
0,status,13,VILLAGER,ALIVE,SampleRoleAssignPlayer
0,status,14,BODYGUARD,ALIVE,SampleRoleAssignPlayer
0,status,15,WEREWOLF,ALIVE,SampleRoleAssignPlayer
0,whisper,0,0,2,COMINGOUT Agent[02] VILLAGER
0,whisper,1,0,15,COMINGOUT Agent[15] MEDIUM
0,whisper,2,0,6,COMINGOUT Agent[06] VILLAGER
0,whisper,3,1,15,Skip
0,whisper,4,1,2,COMINGOUT Agent[02] SEER
0,whisper,5,1,6,COMINGOUT Agent[06] SEER
0,whisper,6,2,6,COMINGOUT Agent[06] VILLAGER
0,whisper,7,2,15,Skip
0,whisper,8,2,2,COMINGOUT Agent[02] VILLAGER
0,whisper,9,3,6,Skip
0,whisper,10,3,2,COMINGOUT Agent[02] SEER
0,whisper,11,3,15,Over
0,whisper,12,4,6,Skip
0,whisper,13,4,15,Over
0,whisper,14,4,2,DIVINED Agent[12] WEREWOLF
0,whisper,15,5,15,Over
0,whisper,16,5,2,Skip
0,whisper,17,5,6,Over
0,whisper,18,6,15,Over
0,whisper,19,6,6,Over
0,whisper,20,6,2,Skip
0,whisper,21,7,6,Over
0,whisper,22,7,15,Over
0,whisper,23,7,2,Over
0,divine,4,5,HUMAN
1,status,1,MEDIUM,ALIVE,wolf1
1,status,2,WEREWOLF,ALIVE,SampleRoleAssignPlayer
1,status,3,VILLAGER,ALIVE,SampleRoleAssignPlayer
1,status,4,SEER,ALIVE,SampleRoleAssignPlayer
1,status,5,VILLAGER,ALIVE,SampleRoleAssignPlayer
1,status,6,WEREWOLF,ALIVE,SampleRoleAssignPlayer
1,status,7,VILLAGER,ALIVE,SampleRoleAssignPlayer
1,status,8,VILLAGER,ALIVE,SampleRoleAssignPlayer
1,status,9,VILLAGER,ALIVE,SampleRoleAssignPlayer
1,status,10,VILLAGER,ALIVE,SampleRoleAssignPlayer
1,status,11,VILLAGER,ALIVE,SampleRoleAssignPlayer
1,status,12,POSSESSED,ALIVE,SampleRoleAssignPlayer
1,status,13,VILLAGER,ALIVE,SampleRoleAssignPlayer
1,status,14,BODYGUARD,ALIVE,SampleRoleAssignPlayer
1,status,15,WEREWOLF,ALIVE,SampleRoleAssignPlayer
1,talk,0,0,15,VOTE Agent[10]
1,talk,1,0,2,VOTE Agent[12]
1,talk,2,0,7,VOTE Agent[03]
1,talk,3,0,12,COMINGOUT Agent[12] SEER
1,talk,4,0,3,VOTE Agent[10]
1,talk,5,0,10,VOTE Agent[08]
1,talk,6,0,5,VOTE Agent[04]
1,talk,7,0,1,COMINGOUT Agent[01] MEDIUM
1,talk,8,0,6,VOTE Agent[05]
1,talk,9,0,11,VOTE Agent[14]
1,talk,10,0,13,VOTE Agent[11]
1,talk,11,0,14,VOTE Agent[04]
1,talk,12,0,4,VOTE Agent[11]
1,talk,13,0,8,VOTE Agent[02]
1,talk,14,0,9,VOTE Agent[13]
1,talk,15,1,9,Skip
1,talk,16,1,4,COMINGOUT Agent[04] SEER
1,talk,17,1,15,REQUEST(VOTE Agent[10])
1,talk,18,1,5,Skip
1,talk,19,1,3,Skip
1,talk,20,1,14,Skip
1,talk,21,1,7,Skip
1,talk,22,1,2,REQUEST(VOTE Agent[12])
1,talk,23,1,8,Skip
1,talk,24,1,12,DIVINED Agent[13] HUMAN
1,talk,25,1,6,REQUEST(VOTE Agent[05])
1,talk,26,1,13,Skip
1,talk,27,1,10,Skip
1,talk,28,1,11,Skip
1,talk,29,1,1,VOTE Agent[10]
1,talk,30,2,13,ESTIMATE Agent[12] SEER
1,talk,31,2,10,ESTIMATE Agent[12] SEER
1,talk,32,2,9,ESTIMATE Agent[12] SEER
1,talk,33,2,11,ESTIMATE Agent[12] SEER
1,talk,34,2,3,ESTIMATE Agent[12] SEER
1,talk,35,2,15,VOTE Agent[01]
1,talk,36,2,1,ESTIMATE Agent[09] WEREWOLF
1,talk,37,2,7,ESTIMATE Agent[12] SEER
1,talk,38,2,4,DIVINED Agent[05] HUMAN
1,talk,39,2,8,ESTIMATE Agent[12] SEER
1,talk,40,2,12,REQUEST(VOTE Agent[03])
1,talk,41,2,2,COMINGOUT Agent[02] SEER
1,talk,42,2,5,ESTIMATE Agent[12] SEER
1,talk,43,2,14,ESTIMATE Agent[12] SEER
1,talk,44,2,6,Skip
1,talk,45,3,1,ESTIMATE Agent[02] WEREWOLF
1,talk,46,3,15,REQUEST(VOTE Agent[01])
1,talk,47,3,11,Skip
1,talk,48,3,8,Skip
1,talk,49,3,3,Skip
1,talk,50,3,10,Skip
1,talk,51,3,12,VOTE Agent[04]
1,talk,52,3,2,DIVINED Agent[12] WEREWOLF
1,talk,53,3,13,Skip
1,talk,54,3,7,Skip
1,talk,55,3,4,ESTIMATE Agent[12] WEREWOLF
1,talk,56,3,6,Skip
1,talk,57,3,9,Skip
1,talk,58,3,14,Skip
1,talk,59,3,5,Skip
1,talk,60,4,7,DISAGREE TALK day1 ID:30
1,talk,61,4,8,DISAGREE TALK day1 ID:30
1,talk,62,4,5,DISAGREE TALK day1 ID:30
1,talk,63,4,2,Skip
1,talk,64,4,9,DISAGREE TALK day1 ID:30
1,talk,65,4,10,DISAGREE TALK day1 ID:30
1,talk,66,4,11,DISAGREE TALK day1 ID:30
1,talk,67,4,13,DISAGREE TALK day1 ID:30
1,talk,68,4,14,DISAGREE TALK day1 ID:30
1,talk,69,4,12,REQUEST(VOTE Agent[04])
1,talk,70,4,15,COMINGOUT Agent[15] MEDIUM
1,talk,71,4,3,DISAGREE TALK day1 ID:30
1,talk,72,4,1,ESTIMATE Agent[12] WEREWOLF
1,talk,73,4,6,Over
1,talk,74,4,4,VOTE Agent[12]
1,talk,75,5,5,DISAGREE TALK day1 ID:31
1,talk,76,5,9,DISAGREE TALK day1 ID:31
1,talk,77,5,6,Over
1,talk,78,5,14,DISAGREE TALK day1 ID:31
1,talk,79,5,3,DISAGREE TALK day1 ID:31
1,talk,80,5,15,Skip
1,talk,81,5,10,DISAGREE TALK day1 ID:31
1,talk,82,5,1,VOTE Agent[15]
1,talk,83,5,11,DISAGREE TALK day1 ID:31
1,talk,84,5,8,DISAGREE TALK day1 ID:31
1,talk,85,5,2,Skip
1,talk,86,5,13,DISAGREE TALK day1 ID:31
1,talk,87,5,4,Skip
1,talk,88,5,12,Skip
1,talk,89,5,7,DISAGREE TALK day1 ID:31
1,talk,90,6,7,DISAGREE TALK day1 ID:32
1,talk,91,6,8,DISAGREE TALK day1 ID:32
1,talk,92,6,3,DISAGREE TALK day1 ID:32
1,talk,93,6,6,Over
1,talk,94,6,12,Skip
1,talk,95,6,13,DISAGREE TALK day1 ID:32
1,talk,96,6,9,DISAGREE TALK day1 ID:32
1,talk,97,6,1,Over
1,talk,98,6,4,Skip
1,talk,99,6,5,DISAGREE TALK day1 ID:32
1,talk,100,6,11,DISAGREE TALK day1 ID:32
1,talk,101,6,14,DISAGREE TALK day1 ID:32
1,talk,102,6,10,DISAGREE TALK day1 ID:32
1,talk,103,6,2,Over
1,talk,104,6,15,Skip
1,talk,105,7,1,Over
1,talk,106,7,15,Over
1,talk,107,7,9,DISAGREE TALK day1 ID:33
1,talk,108,7,5,DISAGREE TALK day1 ID:33
1,talk,109,7,10,DISAGREE TALK day1 ID:33
1,talk,110,7,12,Over
1,talk,111,7,2,Over
1,talk,112,7,14,DISAGREE TALK day1 ID:33
1,talk,113,7,6,Over
1,talk,114,7,3,DISAGREE TALK day1 ID:33
1,talk,115,7,8,DISAGREE TALK day1 ID:33
1,talk,116,7,4,Over
1,talk,117,7,13,DISAGREE TALK day1 ID:33
1,talk,118,7,11,DISAGREE TALK day1 ID:33
1,talk,119,7,7,DISAGREE TALK day1 ID:33
1,talk,120,8,12,Over
1,talk,121,8,14,DISAGREE TALK day1 ID:34
1,talk,122,8,2,Over
1,talk,123,8,7,DISAGREE TALK day1 ID:34
1,talk,124,8,4,Over
1,talk,125,8,13,DISAGREE TALK day1 ID:34
1,talk,126,8,8,DISAGREE TALK day1 ID:34
1,talk,127,8,1,Over
1,talk,128,8,15,Over
1,talk,129,8,11,DISAGREE TALK day1 ID:34
1,talk,130,8,5,DISAGREE TALK day1 ID:34
1,talk,131,8,10,DISAGREE TALK day1 ID:34
1,talk,132,8,9,DISAGREE TALK day1 ID:34
1,talk,133,8,3,DISAGREE TALK day1 ID:34
1,talk,134,8,6,Over
1,talk,135,9,1,Over
1,talk,136,9,15,Over
1,talk,137,9,11,DISAGREE TALK day1 ID:37
1,talk,138,9,9,DISAGREE TALK day1 ID:37
1,talk,139,9,13,DISAGREE TALK day1 ID:37
1,talk,140,9,2,Over
1,talk,141,9,5,DISAGREE TALK day1 ID:37
1,talk,142,9,8,DISAGREE TALK day1 ID:37
1,talk,143,9,7,DISAGREE TALK day1 ID:37
1,talk,144,9,10,DISAGREE TALK day1 ID:37
1,talk,145,9,6,Over
1,talk,146,9,4,Over
1,talk,147,9,3,DISAGREE TALK day1 ID:37
1,talk,148,9,12,Over
1,talk,149,9,14,DISAGREE TALK day1 ID:37
1,talk,150,10,1,Over
1,talk,151,10,8,DISAGREE TALK day1 ID:39
1,talk,152,10,14,DISAGREE TALK day1 ID:39
1,talk,153,10,12,Over
1,talk,154,10,9,DISAGREE TALK day1 ID:39
1,talk,155,10,2,Over
1,talk,156,10,15,Over
1,talk,157,10,5,DISAGREE TALK day1 ID:39
1,talk,158,10,13,DISAGREE TALK day1 ID:39
1,talk,159,10,11,DISAGREE TALK day1 ID:39
1,talk,160,10,7,DISAGREE TALK day1 ID:39
1,talk,161,10,3,DISAGREE TALK day1 ID:39
1,talk,162,10,6,Over
1,talk,163,10,10,DISAGREE TALK day1 ID:39
1,talk,164,10,4,Over
1,talk,165,11,7,DISAGREE TALK day1 ID:42
1,talk,166,11,11,DISAGREE TALK day1 ID:42
1,talk,167,11,6,Over
1,talk,168,11,10,DISAGREE TALK day1 ID:42
1,talk,169,11,2,Over
1,talk,170,11,1,Over
1,talk,171,11,4,Over
1,talk,172,11,8,DISAGREE TALK day1 ID:42
1,talk,173,11,5,DISAGREE TALK day1 ID:42
1,talk,174,11,14,DISAGREE TALK day1 ID:42
1,talk,175,11,15,Over
1,talk,176,11,9,DISAGREE TALK day1 ID:42
1,talk,177,11,13,DISAGREE TALK day1 ID:42
1,talk,178,11,12,Over
1,talk,179,11,3,DISAGREE TALK day1 ID:42
1,talk,180,12,12,Over
1,talk,181,12,7,Over
1,talk,182,12,10,Over
1,talk,183,12,9,Over
1,talk,184,12,2,Over
1,talk,185,12,8,Over
1,talk,186,12,6,Over
1,talk,187,12,3,Over
1,talk,188,12,13,Over
1,talk,189,12,15,Over
1,talk,190,12,4,Over
1,talk,191,12,14,Over
1,talk,192,12,5,Over
1,talk,193,12,1,Over
1,talk,194,12,11,Over
1,vote,1,15
1,vote,2,12
1,vote,3,12
1,vote,4,12
1,vote,5,12
1,vote,6,5
1,vote,7,12
1,vote,8,12
1,vote,9,12
1,vote,10,12
1,vote,11,12
1,vote,12,4
1,vote,13,12
1,vote,14,12
1,vote,15,1
1,execute,12,POSSESSED
1,divine,4,2,WEREWOLF
1,whisper,0,0,6,ATTACK Agent[04]
1,whisper,1,0,15,ATTACK Agent[04]
1,whisper,2,0,2,ATTACK Agent[04]
1,whisper,3,1,6,REQUEST(ATTACK Agent[04])
1,whisper,4,1,15,REQUEST(ATTACK Agent[04])
1,whisper,5,1,2,REQUEST(ATTACK Agent[04])
1,whisper,6,2,15,IDENTIFIED Agent[12] WEREWOLF
1,whisper,7,2,2,DIVINED Agent[14] HUMAN
1,whisper,8,2,6,Skip
1,whisper,9,3,2,Skip
1,whisper,10,3,6,Skip
1,whisper,11,3,15,Skip
1,whisper,12,4,15,Skip
1,whisper,13,4,6,Over
1,whisper,14,4,2,Skip
1,whisper,15,5,2,Over
1,whisper,16,5,15,Over
1,whisper,17,5,6,Over
1,guard,14,12,POSSESSED
1,attackVote,2,4
1,attackVote,6,4
1,attackVote,15,4
1,attack,4,true
2,status,1,MEDIUM,ALIVE,wolf1
2,status,2,WEREWOLF,ALIVE,SampleRoleAssignPlayer
2,status,3,VILLAGER,ALIVE,SampleRoleAssignPlayer
2,status,4,SEER,DEAD,SampleRoleAssignPlayer
2,status,5,VILLAGER,ALIVE,SampleRoleAssignPlayer
2,status,6,WEREWOLF,ALIVE,SampleRoleAssignPlayer
2,status,7,VILLAGER,ALIVE,SampleRoleAssignPlayer
2,status,8,VILLAGER,ALIVE,SampleRoleAssignPlayer
2,status,9,VILLAGER,ALIVE,SampleRoleAssignPlayer
2,status,10,VILLAGER,ALIVE,SampleRoleAssignPlayer
2,status,11,VILLAGER,ALIVE,SampleRoleAssignPlayer
2,status,12,POSSESSED,DEAD,SampleRoleAssignPlayer
2,status,13,VILLAGER,ALIVE,SampleRoleAssignPlayer
2,status,14,BODYGUARD,ALIVE,SampleRoleAssignPlayer
2,status,15,WEREWOLF,ALIVE,SampleRoleAssignPlayer
2,talk,0,0,15,IDENTIFIED Agent[12] WEREWOLF
2,talk,1,0,9,DISAGREE TALK day1 ID:45
2,talk,2,0,13,DISAGREE TALK day1 ID:45
2,talk,3,0,1,IDENTIFIED Agent[12] HUMAN
2,talk,4,0,6,VOTE Agent[05]
2,talk,5,0,14,DISAGREE TALK day1 ID:45
2,talk,6,0,11,DISAGREE TALK day1 ID:45
2,talk,7,0,8,DISAGREE TALK day1 ID:45
2,talk,8,0,7,DISAGREE TALK day1 ID:45
2,talk,9,0,2,DIVINED Agent[14] HUMAN
2,talk,10,0,5,DISAGREE TALK day1 ID:45
2,talk,11,0,10,DISAGREE TALK day1 ID:45
2,talk,12,0,3,DISAGREE TALK day1 ID:45
2,talk,13,1,2,VOTE Agent[09]
2,talk,14,1,5,ESTIMATE Agent[02] SEER
2,talk,15,1,10,ESTIMATE Agent[02] SEER
2,talk,16,1,6,REQUEST(VOTE Agent[05])
2,talk,17,1,9,ESTIMATE Agent[02] SEER
2,talk,18,1,8,ESTIMATE Agent[02] SEER
2,talk,19,1,15,VOTE Agent[01]
2,talk,20,1,7,ESTIMATE Agent[02] SEER
2,talk,21,1,11,ESTIMATE Agent[02] SEER
2,talk,22,1,3,ESTIMATE Agent[02] SEER
2,talk,23,1,13,ESTIMATE Agent[02] SEER
2,talk,24,1,14,ESTIMATE Agent[02] SEER
2,talk,25,1,1,VOTE Agent[15]
2,talk,26,2,6,Skip
2,talk,27,2,5,VOTE Agent[15]
2,talk,28,2,3,VOTE Agent[10]
2,talk,29,2,9,VOTE Agent[02]
2,talk,30,2,8,VOTE Agent[15]
2,talk,31,2,11,VOTE Agent[10]
2,talk,32,2,1,ESTIMATE Agent[02] WEREWOLF
2,talk,33,2,2,REQUEST(VOTE Agent[09])
2,talk,34,2,10,VOTE Agent[07]
2,talk,35,2,13,VOTE Agent[07]
2,talk,36,2,15,REQUEST(VOTE Agent[01])
2,talk,37,2,7,VOTE Agent[11]
2,talk,38,2,14,VOTE Agent[15]
2,talk,39,3,8,Skip
2,talk,40,3,13,Skip
2,talk,41,3,14,Skip
2,talk,42,3,11,Skip
2,talk,43,3,5,Skip
2,talk,44,3,15,Skip
2,talk,45,3,10,Skip
2,talk,46,3,2,Skip
2,talk,47,3,7,Skip
2,talk,48,3,9,Skip
2,talk,49,3,6,Skip
2,talk,50,3,3,Skip
2,talk,51,3,1,ESTIMATE Agent[04] WEREWOLF
2,talk,52,4,2,Skip
2,talk,53,4,15,Skip
2,talk,54,4,8,Skip
2,talk,55,4,1,ESTIMATE Agent[09] WEREWOLF
2,talk,56,4,14,Skip
2,talk,57,4,5,Skip
2,talk,58,4,9,Skip
2,talk,59,4,11,Skip
2,talk,60,4,7,Skip
2,talk,61,4,10,Skip
2,talk,62,4,13,Skip
2,talk,63,4,3,Skip
2,talk,64,4,6,Over
2,talk,65,5,3,Over
2,talk,66,5,15,Over
2,talk,67,5,13,Over
2,talk,68,5,8,Over
2,talk,69,5,1,Over
2,talk,70,5,10,Over
2,talk,71,5,6,Over
2,talk,72,5,14,Over
2,talk,73,5,9,Over
2,talk,74,5,5,Over
2,talk,75,5,2,Over
2,talk,76,5,7,Over
2,talk,77,5,11,Over
2,vote,1,15
2,vote,2,9
2,vote,3,10
2,vote,5,15
2,vote,6,5
2,vote,7,11
2,vote,8,15
2,vote,9,2
2,vote,10,7
2,vote,11,10
2,vote,13,7
2,vote,14,15
2,vote,15,1
2,execute,15,WEREWOLF
2,whisper,0,0,2,ATTACK Agent[01]
2,whisper,1,0,6,ATTACK Agent[01]
2,whisper,2,1,2,REQUEST(ATTACK Agent[01])
2,whisper,3,1,6,REQUEST(ATTACK Agent[01])
2,whisper,4,2,2,DIVINED Agent[01] WEREWOLF
2,whisper,5,2,6,Skip
2,whisper,6,3,6,Skip
2,whisper,7,3,2,Skip
2,whisper,8,4,6,Over
2,whisper,9,4,2,Skip
2,whisper,10,5,2,Over
2,whisper,11,5,6,Over
2,guard,14,2,WEREWOLF
2,attackVote,2,1
2,attackVote,6,1
2,attack,1,true
3,status,1,MEDIUM,DEAD,wolf1
3,status,2,WEREWOLF,ALIVE,SampleRoleAssignPlayer
3,status,3,VILLAGER,ALIVE,SampleRoleAssignPlayer
3,status,4,SEER,DEAD,SampleRoleAssignPlayer
3,status,5,VILLAGER,ALIVE,SampleRoleAssignPlayer
3,status,6,WEREWOLF,ALIVE,SampleRoleAssignPlayer
3,status,7,VILLAGER,ALIVE,SampleRoleAssignPlayer
3,status,8,VILLAGER,ALIVE,SampleRoleAssignPlayer
3,status,9,VILLAGER,ALIVE,SampleRoleAssignPlayer
3,status,10,VILLAGER,ALIVE,SampleRoleAssignPlayer
3,status,11,VILLAGER,ALIVE,SampleRoleAssignPlayer
3,status,12,POSSESSED,DEAD,SampleRoleAssignPlayer
3,status,13,VILLAGER,ALIVE,SampleRoleAssignPlayer
3,status,14,BODYGUARD,ALIVE,SampleRoleAssignPlayer
3,status,15,WEREWOLF,DEAD,SampleRoleAssignPlayer
3,talk,0,0,13,VOTE Agent[05]
3,talk,1,0,5,VOTE Agent[09]
3,talk,2,0,11,VOTE Agent[14]
3,talk,3,0,14,VOTE Agent[03]
3,talk,4,0,7,VOTE Agent[06]
3,talk,5,0,2,DIVINED Agent[01] WEREWOLF
3,talk,6,0,10,VOTE Agent[11]
3,talk,7,0,8,VOTE Agent[06]
3,talk,8,0,6,VOTE Agent[11]
3,talk,9,0,3,VOTE Agent[13]
3,talk,10,0,9,VOTE Agent[06]
3,talk,11,1,8,AGREE TALK day1 ID:45
3,talk,12,1,3,AGREE TALK day1 ID:45
3,talk,13,1,11,AGREE TALK day1 ID:45
3,talk,14,1,13,AGREE TALK day1 ID:45
3,talk,15,1,10,AGREE TALK day1 ID:45
3,talk,16,1,7,AGREE TALK day1 ID:45
3,talk,17,1,5,AGREE TALK day1 ID:45
3,talk,18,1,2,VOTE Agent[11]
3,talk,19,1,9,AGREE TALK day1 ID:45
3,talk,20,1,6,REQUEST(VOTE Agent[11])
3,talk,21,1,14,AGREE TALK day1 ID:45
3,talk,22,2,14,DISAGREE TALK day2 ID:14
3,talk,23,2,2,REQUEST(VOTE Agent[11])
3,talk,24,2,5,DISAGREE TALK day2 ID:14
3,talk,25,2,10,DISAGREE TALK day2 ID:14
3,talk,26,2,13,DISAGREE TALK day2 ID:14
3,talk,27,2,6,Skip
3,talk,28,2,11,DISAGREE TALK day2 ID:14
3,talk,29,2,3,DISAGREE TALK day2 ID:14
3,talk,30,2,7,DISAGREE TALK day2 ID:14
3,talk,31,2,8,DISAGREE TALK day2 ID:14
3,talk,32,2,9,DISAGREE TALK day2 ID:14
3,talk,33,3,6,Skip
3,talk,34,3,5,DISAGREE TALK day2 ID:15
3,talk,35,3,3,DISAGREE TALK day2 ID:15
3,talk,36,3,11,DISAGREE TALK day2 ID:15
3,talk,37,3,14,DISAGREE TALK day2 ID:15
3,talk,38,3,13,DISAGREE TALK day2 ID:15
3,talk,39,3,7,DISAGREE TALK day2 ID:15
3,talk,40,3,10,DISAGREE TALK day2 ID:15
3,talk,41,3,2,Skip
3,talk,42,3,9,DISAGREE TALK day2 ID:15
3,talk,43,3,8,DISAGREE TALK day2 ID:15
3,talk,44,4,10,DISAGREE TALK day2 ID:17
3,talk,45,4,2,Skip
3,talk,46,4,7,DISAGREE TALK day2 ID:17
3,talk,47,4,11,DISAGREE TALK day2 ID:17
3,talk,48,4,8,DISAGREE TALK day2 ID:17
3,talk,49,4,9,DISAGREE TALK day2 ID:17
3,talk,50,4,6,Over
3,talk,51,4,14,DISAGREE TALK day2 ID:17
3,talk,52,4,3,DISAGREE TALK day2 ID:17
3,talk,53,4,5,DISAGREE TALK day2 ID:17
3,talk,54,4,13,DISAGREE TALK day2 ID:17
3,talk,55,5,10,DISAGREE TALK day2 ID:18
3,talk,56,5,14,DISAGREE TALK day2 ID:18
3,talk,57,5,6,Over
3,talk,58,5,5,DISAGREE TALK day2 ID:18
3,talk,59,5,13,DISAGREE TALK day2 ID:18
3,talk,60,5,11,DISAGREE TALK day2 ID:18
3,talk,61,5,7,DISAGREE TALK day2 ID:18
3,talk,62,5,3,DISAGREE TALK day2 ID:18
3,talk,63,5,9,DISAGREE TALK day2 ID:18
3,talk,64,5,2,Over
3,talk,65,5,8,DISAGREE TALK day2 ID:18
3,talk,66,6,5,DISAGREE TALK day2 ID:20
3,talk,67,6,7,DISAGREE TALK day2 ID:20
3,talk,68,6,8,DISAGREE TALK day2 ID:20
3,talk,69,6,13,DISAGREE TALK day2 ID:20
3,talk,70,6,10,DISAGREE TALK day2 ID:20
3,talk,71,6,11,DISAGREE TALK day2 ID:20
3,talk,72,6,14,DISAGREE TALK day2 ID:20
3,talk,73,6,2,Over
3,talk,74,6,6,Over
3,talk,75,6,9,DISAGREE TALK day2 ID:20
3,talk,76,6,3,DISAGREE TALK day2 ID:20
3,talk,77,7,2,Over
3,talk,78,7,14,DISAGREE TALK day2 ID:21
3,talk,79,7,13,DISAGREE TALK day2 ID:21
3,talk,80,7,5,DISAGREE TALK day2 ID:21
3,talk,81,7,8,DISAGREE TALK day2 ID:21
3,talk,82,7,11,DISAGREE TALK day2 ID:21
3,talk,83,7,10,DISAGREE TALK day2 ID:21
3,talk,84,7,6,Over
3,talk,85,7,7,DISAGREE TALK day2 ID:21
3,talk,86,7,3,DISAGREE TALK day2 ID:21
3,talk,87,7,9,DISAGREE TALK day2 ID:21
3,talk,88,8,9,DISAGREE TALK day2 ID:22
3,talk,89,8,7,DISAGREE TALK day2 ID:22
3,talk,90,8,14,DISAGREE TALK day2 ID:22
3,talk,91,8,10,DISAGREE TALK day2 ID:22
3,talk,92,8,3,DISAGREE TALK day2 ID:22
3,talk,93,8,13,DISAGREE TALK day2 ID:22
3,talk,94,8,6,Over
3,talk,95,8,8,DISAGREE TALK day2 ID:22
3,talk,96,8,11,DISAGREE TALK day2 ID:22
3,talk,97,8,5,DISAGREE TALK day2 ID:22
3,talk,98,8,2,Over
3,talk,99,9,2,Over
3,talk,100,9,8,DISAGREE TALK day2 ID:23
3,talk,101,9,13,DISAGREE TALK day2 ID:23
3,talk,102,9,9,DISAGREE TALK day2 ID:23
3,talk,103,9,10,DISAGREE TALK day2 ID:23
3,talk,104,9,7,DISAGREE TALK day2 ID:23
3,talk,105,9,6,Over
3,talk,106,9,14,DISAGREE TALK day2 ID:23
3,talk,107,9,3,DISAGREE TALK day2 ID:23
3,talk,108,9,5,DISAGREE TALK day2 ID:23
3,talk,109,9,11,DISAGREE TALK day2 ID:23
3,talk,110,10,9,Over
3,talk,111,10,5,Over
3,talk,112,10,8,Over
3,talk,113,10,7,Over
3,talk,114,10,3,Over
3,talk,115,10,6,Over
3,talk,116,10,13,Over
3,talk,117,10,14,Over
3,talk,118,10,2,Over
3,talk,119,10,11,Over
3,talk,120,10,10,Over
3,vote,2,11
3,vote,3,2
3,vote,5,2
3,vote,6,11
3,vote,7,2
3,vote,8,2
3,vote,9,2
3,vote,10,2
3,vote,11,2
3,vote,13,2
3,vote,14,2
3,execute,2,WEREWOLF
3,guard,14,9,VILLAGER
4,status,1,MEDIUM,DEAD,wolf1
4,status,2,WEREWOLF,DEAD,SampleRoleAssignPlayer
4,status,3,VILLAGER,ALIVE,SampleRoleAssignPlayer
4,status,4,SEER,DEAD,SampleRoleAssignPlayer
4,status,5,VILLAGER,ALIVE,SampleRoleAssignPlayer
4,status,6,WEREWOLF,ALIVE,SampleRoleAssignPlayer
4,status,7,VILLAGER,ALIVE,SampleRoleAssignPlayer
4,status,8,VILLAGER,ALIVE,SampleRoleAssignPlayer
4,status,9,VILLAGER,ALIVE,SampleRoleAssignPlayer
4,status,10,VILLAGER,ALIVE,SampleRoleAssignPlayer
4,status,11,VILLAGER,ALIVE,SampleRoleAssignPlayer
4,status,12,POSSESSED,DEAD,SampleRoleAssignPlayer
4,status,13,VILLAGER,ALIVE,SampleRoleAssignPlayer
4,status,14,BODYGUARD,ALIVE,SampleRoleAssignPlayer
4,status,15,WEREWOLF,DEAD,SampleRoleAssignPlayer
4,talk,0,0,5,VOTE Agent[13]
4,talk,1,0,9,VOTE Agent[08]
4,talk,2,0,8,VOTE Agent[05]
4,talk,3,0,13,VOTE Agent[10]
4,talk,4,0,7,VOTE Agent[05]
4,talk,5,0,6,VOTE Agent[08]
4,talk,6,0,11,VOTE Agent[14]
4,talk,7,0,10,VOTE Agent[06]
4,talk,8,0,3,VOTE Agent[09]
4,talk,9,0,14,VOTE Agent[10]
4,talk,10,1,8,Skip
4,talk,11,1,13,Skip
4,talk,12,1,14,Skip
4,talk,13,1,3,Skip
4,talk,14,1,9,Skip
4,talk,15,1,7,Skip
4,talk,16,1,6,REQUEST(VOTE Agent[08])
4,talk,17,1,10,Skip
4,talk,18,1,5,Skip
4,talk,19,1,11,Skip
4,talk,20,2,8,Skip
4,talk,21,2,11,Skip
4,talk,22,2,7,Skip
4,talk,23,2,9,Skip
4,talk,24,2,3,Skip
4,talk,25,2,10,Skip
4,talk,26,2,13,Skip
4,talk,27,2,14,Skip
4,talk,28,2,6,Skip
4,talk,29,2,5,Skip
4,talk,30,3,8,Over
4,talk,31,3,10,Over
4,talk,32,3,14,Over
4,talk,33,3,6,Skip
4,talk,34,3,7,Over
4,talk,35,3,5,Over
4,talk,36,3,13,Over
4,talk,37,3,3,Over
4,talk,38,3,11,Over
4,talk,39,3,9,Over
4,talk,40,4,3,Over
4,talk,41,4,11,Over
4,talk,42,4,13,Over
4,talk,43,4,5,Over
4,talk,44,4,10,Over
4,talk,45,4,14,Over
4,talk,46,4,6,Over
4,talk,47,4,8,Over
4,talk,48,4,7,Over
4,talk,49,4,9,Over
4,vote,3,9
4,vote,5,13
4,vote,6,8
4,vote,7,5
4,vote,8,5
4,vote,9,8
4,vote,10,6
4,vote,11,14
4,vote,13,10
4,vote,14,10
4,vote,3,5
4,vote,5,8
4,vote,6,8
4,vote,7,5
4,vote,8,5
4,vote,9,8
4,vote,10,5
4,vote,11,10
4,vote,13,10
4,vote,14,10
4,execute,5,VILLAGER
4,guard,14,13,VILLAGER
4,attackVote,6,13
4,attack,13,false
5,status,1,MEDIUM,DEAD,wolf1
5,status,2,WEREWOLF,DEAD,SampleRoleAssignPlayer
5,status,3,VILLAGER,ALIVE,SampleRoleAssignPlayer
5,status,4,SEER,DEAD,SampleRoleAssignPlayer
5,status,5,VILLAGER,DEAD,SampleRoleAssignPlayer
5,status,6,WEREWOLF,ALIVE,SampleRoleAssignPlayer
5,status,7,VILLAGER,ALIVE,SampleRoleAssignPlayer
5,status,8,VILLAGER,ALIVE,SampleRoleAssignPlayer
5,status,9,VILLAGER,ALIVE,SampleRoleAssignPlayer
5,status,10,VILLAGER,ALIVE,SampleRoleAssignPlayer
5,status,11,VILLAGER,ALIVE,SampleRoleAssignPlayer
5,status,12,POSSESSED,DEAD,SampleRoleAssignPlayer
5,status,13,VILLAGER,ALIVE,SampleRoleAssignPlayer
5,status,14,BODYGUARD,ALIVE,SampleRoleAssignPlayer
5,status,15,WEREWOLF,DEAD,SampleRoleAssignPlayer
5,talk,0,0,13,VOTE Agent[14]
5,talk,1,0,14,VOTE Agent[10]
5,talk,2,0,8,VOTE Agent[07]
5,talk,3,0,10,VOTE Agent[03]
5,talk,4,0,7,VOTE Agent[03]
5,talk,5,0,3,VOTE Agent[09]
5,talk,6,0,9,VOTE Agent[10]
5,talk,7,0,11,VOTE Agent[08]
5,talk,8,0,6,VOTE Agent[14]
5,talk,9,1,10,Skip
5,talk,10,1,6,REQUEST(VOTE Agent[14])
5,talk,11,1,14,Skip
5,talk,12,1,13,Skip
5,talk,13,1,3,Skip
5,talk,14,1,7,Skip
5,talk,15,1,11,Skip
5,talk,16,1,9,Skip
5,talk,17,1,8,Skip
5,talk,18,2,8,Skip
5,talk,19,2,7,Skip
5,talk,20,2,13,Skip
5,talk,21,2,14,Skip
5,talk,22,2,3,Skip
5,talk,23,2,6,Skip
5,talk,24,2,10,Skip
5,talk,25,2,9,Skip
5,talk,26,2,11,Skip
5,talk,27,3,8,Over
5,talk,28,3,7,Over
5,talk,29,3,9,Over
5,talk,30,3,3,Over
5,talk,31,3,14,Over
5,talk,32,3,11,Over
5,talk,33,3,10,Over
5,talk,34,3,13,Over
5,talk,35,3,6,Skip
5,talk,36,4,13,Over
5,talk,37,4,8,Over
5,talk,38,4,3,Over
5,talk,39,4,14,Over
5,talk,40,4,11,Over
5,talk,41,4,9,Over
5,talk,42,4,7,Over
5,talk,43,4,6,Over
5,talk,44,4,10,Over
5,vote,3,9
5,vote,6,14
5,vote,7,3
5,vote,8,7
5,vote,9,10
5,vote,10,3
5,vote,11,8
5,vote,13,14
5,vote,14,10
5,vote,3,14
5,vote,6,14
5,vote,7,3
5,vote,8,14
5,vote,9,10
5,vote,10,3
5,vote,11,3
5,vote,13,14
5,vote,14,10
5,execute,14,BODYGUARD
5,attackVote,6,10
5,attack,10,true
6,status,1,MEDIUM,DEAD,wolf1
6,status,2,WEREWOLF,DEAD,SampleRoleAssignPlayer
6,status,3,VILLAGER,ALIVE,SampleRoleAssignPlayer
6,status,4,SEER,DEAD,SampleRoleAssignPlayer
6,status,5,VILLAGER,DEAD,SampleRoleAssignPlayer
6,status,6,WEREWOLF,ALIVE,SampleRoleAssignPlayer
6,status,7,VILLAGER,ALIVE,SampleRoleAssignPlayer
6,status,8,VILLAGER,ALIVE,SampleRoleAssignPlayer
6,status,9,VILLAGER,ALIVE,SampleRoleAssignPlayer
6,status,10,VILLAGER,DEAD,SampleRoleAssignPlayer
6,status,11,VILLAGER,ALIVE,SampleRoleAssignPlayer
6,status,12,POSSESSED,DEAD,SampleRoleAssignPlayer
6,status,13,VILLAGER,ALIVE,SampleRoleAssignPlayer
6,status,14,BODYGUARD,DEAD,SampleRoleAssignPlayer
6,status,15,WEREWOLF,DEAD,SampleRoleAssignPlayer
6,talk,0,0,8,VOTE Agent[11]
6,talk,1,0,7,VOTE Agent[06]
6,talk,2,0,6,VOTE Agent[13]
6,talk,3,0,9,VOTE Agent[08]
6,talk,4,0,11,VOTE Agent[08]
6,talk,5,0,13,VOTE Agent[06]
6,talk,6,0,3,VOTE Agent[09]
6,talk,7,1,11,Skip
6,talk,8,1,7,Skip
6,talk,9,1,9,Skip
6,talk,10,1,8,Skip
6,talk,11,1,13,Skip
6,talk,12,1,3,Skip
6,talk,13,1,6,REQUEST(VOTE Agent[13])
6,talk,14,2,8,Skip
6,talk,15,2,13,Skip
6,talk,16,2,3,Skip
6,talk,17,2,6,Skip
6,talk,18,2,11,Skip
6,talk,19,2,7,Skip
6,talk,20,2,9,Skip
6,talk,21,3,9,Over
6,talk,22,3,11,Over
6,talk,23,3,6,Skip
6,talk,24,3,7,Over
6,talk,25,3,13,Over
6,talk,26,3,3,Over
6,talk,27,3,8,Over
6,talk,28,4,6,Over
6,talk,29,4,8,Over
6,talk,30,4,11,Over
6,talk,31,4,3,Over
6,talk,32,4,13,Over
6,talk,33,4,7,Over
6,talk,34,4,9,Over
6,vote,3,9
6,vote,6,13
6,vote,7,6
6,vote,8,11
6,vote,9,8
6,vote,11,8
6,vote,13,6
6,vote,3,6
6,vote,6,8
6,vote,7,6
6,vote,8,6
6,vote,9,8
6,vote,11,8
6,vote,13,6
6,execute,6,WEREWOLF
6,attack,7,true
7,status,1,MEDIUM,DEAD,wolf1
7,status,2,WEREWOLF,DEAD,SampleRoleAssignPlayer
7,status,3,VILLAGER,ALIVE,SampleRoleAssignPlayer
7,status,4,SEER,DEAD,SampleRoleAssignPlayer
7,status,5,VILLAGER,DEAD,SampleRoleAssignPlayer
7,status,6,WEREWOLF,DEAD,SampleRoleAssignPlayer
7,status,7,VILLAGER,DEAD,SampleRoleAssignPlayer
7,status,8,VILLAGER,ALIVE,SampleRoleAssignPlayer
7,status,9,VILLAGER,ALIVE,SampleRoleAssignPlayer
7,status,10,VILLAGER,DEAD,SampleRoleAssignPlayer
7,status,11,VILLAGER,ALIVE,SampleRoleAssignPlayer
7,status,12,POSSESSED,DEAD,SampleRoleAssignPlayer
7,status,13,VILLAGER,ALIVE,SampleRoleAssignPlayer
7,status,14,BODYGUARD,DEAD,SampleRoleAssignPlayer
7,status,15,WEREWOLF,DEAD,SampleRoleAssignPlayer
7,result,5,0,VILLAGER
