0,status,1,WEREWOLF,ALIVE,wolf1
0,status,2,VILLAGER,ALIVE,SampleRoleAssignPlayer
0,status,3,WEREWOLF,ALIVE,SampleRoleAssignPlayer
0,status,4,BODYGUARD,ALIVE,SampleRoleAssignPlayer
0,status,5,MEDIUM,ALIVE,SampleRoleAssignPlayer
0,status,6,POSSESSED,ALIVE,SampleRoleAssignPlayer
0,status,7,VILLAGER,ALIVE,SampleRoleAssignPlayer
0,status,8,VILLAGER,ALIVE,SampleRoleAssignPlayer
0,status,9,VILLAGER,ALIVE,SampleRoleAssignPlayer
0,status,10,VILLAGER,ALIVE,SampleRoleAssignPlayer
0,status,11,VILLAGER,ALIVE,SampleRoleAssignPlayer
0,status,12,VILLAGER,ALIVE,SampleRoleAssignPlayer
0,status,13,VILLAGER,ALIVE,SampleRoleAssignPlayer
0,status,14,WEREWOLF,ALIVE,SampleRoleAssignPlayer
0,status,15,SEER,ALIVE,SampleRoleAssignPlayer
0,whisper,0,0,1,COMINGOUT Agent[01] VILLAGER
0,whisper,1,0,14,COMINGOUT Agent[14] MEDIUM
0,whisper,2,0,3,COMINGOUT Agent[03] MEDIUM
0,whisper,3,1,3,Skip
0,whisper,4,1,14,COMINGOUT Agent[14] VILLAGER
0,whisper,5,1,1,ATTACK Agent[02]
0,whisper,6,2,14,COMINGOUT Agent[14] SEER
0,whisper,7,2,3,Skip
0,whisper,8,2,1,Over
0,whisper,9,3,14,DIVINED Agent[10] HUMAN
0,whisper,10,3,3,Over
0,whisper,11,3,1,Over
0,whisper,12,4,14,Skip
0,whisper,13,4,3,Over
0,whisper,14,4,1,Over
0,whisper,15,5,3,Over
0,whisper,16,5,1,Over
0,whisper,17,5,14,Skip
0,whisper,18,6,14,Over
0,whisper,19,6,3,Over
0,whisper,20,6,1,Over
0,divine,15,6,HUMAN
1,status,1,WEREWOLF,ALIVE,wolf1
1,status,2,VILLAGER,ALIVE,SampleRoleAssignPlayer
1,status,3,WEREWOLF,ALIVE,SampleRoleAssignPlayer
1,status,4,BODYGUARD,ALIVE,SampleRoleAssignPlayer
1,status,5,MEDIUM,ALIVE,SampleRoleAssignPlayer
1,status,6,POSSESSED,ALIVE,SampleRoleAssignPlayer
1,status,7,VILLAGER,ALIVE,SampleRoleAssignPlayer
1,status,8,VILLAGER,ALIVE,SampleRoleAssignPlayer
1,status,9,VILLAGER,ALIVE,SampleRoleAssignPlayer
1,status,10,VILLAGER,ALIVE,SampleRoleAssignPlayer
1,status,11,VILLAGER,ALIVE,SampleRoleAssignPlayer
1,status,12,VILLAGER,ALIVE,SampleRoleAssignPlayer
1,status,13,VILLAGER,ALIVE,SampleRoleAssignPlayer
1,status,14,WEREWOLF,ALIVE,SampleRoleAssignPlayer
1,status,15,SEER,ALIVE,SampleRoleAssignPlayer
1,talk,0,0,5,COMINGOUT Agent[05] MEDIUM
1,talk,1,0,6,COMINGOUT Agent[06] SEER
1,talk,2,0,14,VOTE Agent[02]
1,talk,3,0,1,VOTE Agent[05]
1,talk,4,0,2,VOTE Agent[05]
1,talk,5,0,4,VOTE Agent[02]
1,talk,6,0,8,VOTE Agent[01]
1,talk,7,0,10,VOTE Agent[13]
1,talk,8,0,15,VOTE Agent[14]
1,talk,9,0,11,VOTE Agent[09]
1,talk,10,0,7,VOTE Agent[08]
1,talk,11,0,3,VOTE Agent[05]
1,talk,12,0,9,VOTE Agent[03]
1,talk,13,0,12,VOTE Agent[01]
1,talk,14,0,13,VOTE Agent[04]
1,talk,15,1,9,Skip
1,talk,16,1,6,DIVINED Agent[05] HUMAN
1,talk,17,1,5,VOTE Agent[01]
1,talk,18,1,10,Skip
1,talk,19,1,15,COMINGOUT Agent[15] SEER
1,talk,20,1,14,REQUEST(VOTE Agent[02])
1,talk,21,1,11,Skip
1,talk,22,1,1,ESTIMATE Agent[04] WEREWOLF
1,talk,23,1,3,REQUEST(VOTE Agent[05])
1,talk,24,1,4,Skip
1,talk,25,1,7,Skip
1,talk,26,1,2,Skip
1,talk,27,1,13,Skip
1,talk,28,1,8,Skip
1,talk,29,1,12,Skip
1,talk,30,2,12,ESTIMATE Agent[06] SEER
1,talk,31,2,9,ESTIMATE Agent[06] SEER
1,talk,32,2,2,ESTIMATE Agent[06] SEER
1,talk,33,2,15,DIVINED Agent[06] HUMAN
1,talk,34,2,14,VOTE Agent[06]
1,talk,35,2,6,VOTE Agent[15]
1,talk,36,2,10,ESTIMATE Agent[06] SEER
1,talk,37,2,7,ESTIMATE Agent[06] SEER
1,talk,38,2,4,ESTIMATE Agent[06] SEER
1,talk,39,2,11,ESTIMATE Agent[06] SEER
1,talk,40,2,3,COMINGOUT Agent[03] MEDIUM
1,talk,41,2,1,ESTIMATE Agent[09] WEREWOLF
1,talk,42,2,8,ESTIMATE Agent[06] SEER
1,talk,43,2,13,ESTIMATE Agent[06] SEER
1,talk,44,2,5,ESTIMATE Agent[06] SEER
1,talk,45,3,1,ESTIMATE Agent[02] WEREWOLF
1,talk,46,3,13,Skip
1,talk,47,3,15,Skip
1,talk,48,3,8,Skip
1,talk,49,3,11,Skip
1,talk,50,3,12,Skip
1,talk,51,3,2,Skip
1,talk,52,3,5,ESTIMATE Agent[03] WEREWOLF
1,talk,53,3,10,Skip
1,talk,54,3,6,REQUEST(VOTE Agent[15])
1,talk,55,3,7,Skip
1,talk,56,3,9,Skip
1,talk,57,3,3,Skip
1,talk,58,3,14,REQUEST(VOTE Agent[06])
1,talk,59,3,4,Skip
1,talk,60,4,7,Skip
1,talk,61,4,8,Skip
1,talk,62,4,4,Skip
1,talk,63,4,15,Skip
1,talk,64,4,14,COMINGOUT Agent[14] SEER
1,talk,65,4,3,Skip
1,talk,66,4,2,Skip
1,talk,67,4,1,VOTE Agent[03]
1,talk,68,4,13,Skip
1,talk,69,4,9,Skip
1,talk,70,4,10,Skip
1,talk,71,4,5,REQUEST(Agent[06] DIVINATION Agent[03])
1,talk,72,4,12,Skip
1,talk,73,4,6,Skip
1,talk,74,4,11,Skip
1,talk,75,5,3,Over
1,talk,76,5,10,Over
1,talk,77,5,12,Over
1,talk,78,5,6,Skip
1,talk,79,5,5,VOTE Agent[03]
1,talk,80,5,11,Over
1,talk,81,5,14,DIVINED Agent[10] HUMAN
1,talk,82,5,8,Over
1,talk,83,5,15,Over
1,talk,84,5,2,Over
1,talk,85,5,7,Over
1,talk,86,5,1,ESTIMATE Agent[05] WEREWOLF
1,talk,87,5,13,Over
1,talk,88,5,9,Over
1,talk,89,5,4,Over
1,talk,90,6,14,Skip
1,talk,91,6,13,Over
1,talk,92,6,3,Over
1,talk,93,6,2,Over
1,talk,94,6,11,Over
1,talk,95,6,1,ESTIMATE Agent[06] WEREWOLF
1,talk,96,6,5,Skip
1,talk,97,6,8,Over
1,talk,98,6,12,Over
1,talk,99,6,10,Over
1,talk,100,6,15,Over
1,talk,101,6,9,Over
1,talk,102,6,7,Over
1,talk,103,6,6,Over
1,talk,104,6,4,Over
1,talk,105,7,6,Over
1,talk,106,7,13,Over
1,talk,107,7,10,Over
1,talk,108,7,8,Over
1,talk,109,7,15,Over
1,talk,110,7,12,Over
1,talk,111,7,4,Over
1,talk,112,7,2,Over
1,talk,113,7,11,Over
1,talk,114,7,9,Over
1,talk,115,7,5,Skip
1,talk,116,7,3,Over
1,talk,117,7,7,Over
1,talk,118,7,14,Skip
1,talk,119,7,1,Over
1,talk,120,8,14,Over
1,talk,121,8,9,Over
1,talk,122,8,15,Over
1,talk,123,8,13,Over
1,talk,124,8,2,Over
1,talk,125,8,8,Over
1,talk,126,8,6,Over
1,talk,127,8,11,Over
1,talk,128,8,1,Over
1,talk,129,8,10,Over
1,talk,130,8,5,Over
1,talk,131,8,3,Over
1,talk,132,8,7,Over
1,talk,133,8,12,Over
1,talk,134,8,4,Over
1,vote,1,3
1,vote,2,5
1,vote,3,5
1,vote,4,2
1,vote,5,3
1,vote,6,15
1,vote,7,8
1,vote,8,1
1,vote,9,3
1,vote,10,13
1,vote,11,9
1,vote,12,1
1,vote,13,4
1,vote,14,6
1,vote,15,14
1,execute,3,WEREWOLF
1,divine,15,14,WEREWOLF
1,whisper,0,0,14,ATTACK Agent[06]
1,whisper,1,0,1,ATTACK Agent[06]
1,whisper,2,1,1,Over
1,whisper,3,1,14,REQUEST(ATTACK Agent[06])
1,whisper,4,2,14,DIVINED Agent[13] HUMAN
1,whisper,5,2,1,Over
1,whisper,6,3,14,Skip
1,whisper,7,3,1,Over
1,whisper,8,4,14,Skip
1,whisper,9,4,1,Over
1,whisper,10,5,1,Over
1,whisper,11,5,14,Over
1,guard,4,6,POSSESSED
1,attackVote,1,6
1,attackVote,14,6
1,attack,6,false
2,status,1,WEREWOLF,ALIVE,wolf1
2,status,2,VILLAGER,ALIVE,SampleRoleAssignPlayer
2,status,3,WEREWOLF,DEAD,SampleRoleAssignPlayer
2,status,4,BODYGUARD,ALIVE,SampleRoleAssignPlayer
2,status,5,MEDIUM,ALIVE,SampleRoleAssignPlayer
2,status,6,POSSESSED,ALIVE,SampleRoleAssignPlayer
2,status,7,VILLAGER,ALIVE,SampleRoleAssignPlayer
2,status,8,VILLAGER,ALIVE,SampleRoleAssignPlayer
2,status,9,VILLAGER,ALIVE,SampleRoleAssignPlayer
2,status,10,VILLAGER,ALIVE,SampleRoleAssignPlayer
2,status,11,VILLAGER,ALIVE,SampleRoleAssignPlayer
2,status,12,VILLAGER,ALIVE,SampleRoleAssignPlayer
2,status,13,VILLAGER,ALIVE,SampleRoleAssignPlayer
2,status,14,WEREWOLF,ALIVE,SampleRoleAssignPlayer
2,status,15,SEER,ALIVE,SampleRoleAssignPlayer
2,talk,0,0,9,VOTE Agent[08]
2,talk,1,0,14,DIVINED Agent[13] HUMAN
2,talk,2,0,6,DIVINED Agent[11] HUMAN
2,talk,3,0,11,VOTE Agent[14]
2,talk,4,0,1,VOTE Agent[05]
2,talk,5,0,2,VOTE Agent[08]
2,talk,6,0,12,VOTE Agent[11]
2,talk,7,0,4,VOTE Agent[07]
2,talk,8,0,13,VOTE Agent[06]
2,talk,9,0,5,IDENTIFIED Agent[03] WEREWOLF
2,talk,10,0,10,VOTE Agent[07]
2,talk,11,0,8,VOTE Agent[11]
2,talk,12,0,15,DIVINED Agent[14] WEREWOLF
2,talk,13,0,7,VOTE Agent[14]
2,talk,14,1,15,REQUEST(VOTE Agent[14])
2,talk,15,1,13,ESTIMATE Agent[14] WEREWOLF
2,talk,16,1,4,ESTIMATE Agent[14] WEREWOLF
2,talk,17,1,9,ESTIMATE Agent[14] WEREWOLF
2,talk,18,1,14,VOTE Agent[06]
2,talk,19,1,11,Skip
2,talk,20,1,5,ESTIMATE Agent[14] WEREWOLF
2,talk,21,1,10,ESTIMATE Agent[14] WEREWOLF
2,talk,22,1,2,ESTIMATE Agent[14] WEREWOLF
2,talk,23,1,1,ESTIMATE Agent[03] WEREWOLF
2,talk,24,1,8,ESTIMATE Agent[14] WEREWOLF
2,talk,25,1,12,ESTIMATE Agent[14] WEREWOLF
2,talk,26,1,7,Skip
2,talk,27,1,6,VOTE Agent[15]
2,talk,28,2,9,REQUEST(Agent[06] DIVINATION Agent[14])
2,talk,29,2,6,REQUEST(VOTE Agent[15])
2,talk,30,2,12,REQUEST(Agent[06] DIVINATION Agent[14])
2,talk,31,2,14,REQUEST(VOTE Agent[06])
2,talk,32,2,1,ESTIMATE Agent[04] WEREWOLF
2,talk,33,2,11,Skip
2,talk,34,2,13,REQUEST(Agent[06] DIVINATION Agent[14])
2,talk,35,2,2,REQUEST(Agent[06] DIVINATION Agent[14])
2,talk,36,2,15,VOTE Agent[14]
2,talk,37,2,10,REQUEST(Agent[06] DIVINATION Agent[14])
2,talk,38,2,8,REQUEST(Agent[06] DIVINATION Agent[14])
2,talk,39,2,4,REQUEST(Agent[06] DIVINATION Agent[14])
2,talk,40,2,5,REQUEST(Agent[06] DIVINATION Agent[14])
2,talk,41,2,7,Skip
2,talk,42,3,4,VOTE Agent[14]
2,talk,43,3,6,Skip
2,talk,44,3,2,VOTE Agent[14]
2,talk,45,3,8,VOTE Agent[14]
2,talk,46,3,7,Over
2,talk,47,3,11,Over
2,talk,48,3,10,VOTE Agent[14]
2,talk,49,3,1,ESTIMATE Agent[14] WEREWOLF
2,talk,50,3,13,VOTE Agent[14]
2,talk,51,3,12,VOTE Agent[14]
2,talk,52,3,14,Skip
2,talk,53,3,5,VOTE Agent[14]
2,talk,54,3,9,VOTE Agent[14]
2,talk,55,3,15,Skip
2,talk,56,4,11,Over
2,talk,57,4,2,Skip
2,talk,58,4,9,Skip
2,talk,59,4,6,Skip
2,talk,60,4,15,Skip
2,talk,61,4,10,Skip
2,talk,62,4,1,VOTE Agent[14]
2,talk,63,4,5,Skip
2,talk,64,4,12,Skip
2,talk,65,4,4,Skip
2,talk,66,4,8,Skip
2,talk,67,4,13,Skip
2,talk,68,4,14,Skip
2,talk,69,4,7,Over
2,talk,70,5,11,Over
2,talk,71,5,12,Skip
2,talk,72,5,2,Skip
2,talk,73,5,4,Skip
2,talk,74,5,15,Over
2,talk,75,5,5,Skip
2,talk,76,5,8,Skip
2,talk,77,5,14,Over
2,talk,78,5,1,Over
2,talk,79,5,13,Skip
2,talk,80,5,9,Skip
2,talk,81,5,7,Over
2,talk,82,5,6,Over
2,talk,83,5,10,Skip
2,talk,84,6,1,Over
2,talk,85,6,12,Over
2,talk,86,6,2,Over
2,talk,87,6,10,Over
2,talk,88,6,4,Over
2,talk,89,6,11,Over
2,talk,90,6,15,Over
2,talk,91,6,6,Over
2,talk,92,6,8,Over
2,talk,93,6,13,Over
2,talk,94,6,14,Over
2,talk,95,6,7,Over
2,talk,96,6,9,Over
2,talk,97,6,5,Over
2,vote,1,14
2,vote,2,14
2,vote,4,14
2,vote,5,14
2,vote,6,15
2,vote,7,14
2,vote,8,14
2,vote,9,14
2,vote,10,14
2,vote,11,14
2,vote,12,14
2,vote,13,14
2,vote,14,6
2,vote,15,14
2,execute,14,WEREWOLF
2,guard,4,6,POSSESSED
3,status,1,WEREWOLF,ALIVE,wolf1
3,status,2,VILLAGER,ALIVE,SampleRoleAssignPlayer
3,status,3,WEREWOLF,DEAD,SampleRoleAssignPlayer
3,status,4,BODYGUARD,ALIVE,SampleRoleAssignPlayer
3,status,5,MEDIUM,ALIVE,SampleRoleAssignPlayer
3,status,6,POSSESSED,ALIVE,SampleRoleAssignPlayer
3,status,7,VILLAGER,ALIVE,SampleRoleAssignPlayer
3,status,8,VILLAGER,ALIVE,SampleRoleAssignPlayer
3,status,9,VILLAGER,ALIVE,SampleRoleAssignPlayer
3,status,10,VILLAGER,ALIVE,SampleRoleAssignPlayer
3,status,11,VILLAGER,ALIVE,SampleRoleAssignPlayer
3,status,12,VILLAGER,ALIVE,SampleRoleAssignPlayer
3,status,13,VILLAGER,ALIVE,SampleRoleAssignPlayer
3,status,14,WEREWOLF,DEAD,SampleRoleAssignPlayer
3,status,15,SEER,ALIVE,SampleRoleAssignPlayer
3,talk,0,0,5,IDENTIFIED Agent[14] WEREWOLF
3,talk,1,0,8,VOTE Agent[02]
3,talk,2,0,9,VOTE Agent[11]
3,talk,3,0,11,VOTE Agent[07]
3,talk,4,0,2,VOTE Agent[08]
3,talk,5,0,1,VOTE Agent[15]
3,talk,6,0,10,VOTE Agent[12]
3,talk,7,0,13,VOTE Agent[06]
3,talk,8,0,6,DIVINED Agent[13] WEREWOLF
3,talk,9,0,7,VOTE Agent[08]
3,talk,10,0,12,VOTE Agent[15]
3,talk,11,0,15,VOTE Agent[07]
3,talk,12,0,4,VOTE Agent[06]
3,talk,13,1,6,VOTE Agent[13]
3,talk,14,1,13,ESTIMATE Agent[15] SEER
3,talk,15,1,12,ESTIMATE Agent[13] WEREWOLF
3,talk,16,1,9,ESTIMATE Agent[13] WEREWOLF
3,talk,17,1,2,ESTIMATE Agent[13] WEREWOLF
3,talk,18,1,1,ESTIMATE Agent[04] WEREWOLF
3,talk,19,1,10,ESTIMATE Agent[13] WEREWOLF
3,talk,20,1,4,ESTIMATE Agent[13] WEREWOLF
3,talk,21,1,8,ESTIMATE Agent[13] WEREWOLF
3,talk,22,1,7,ESTIMATE Agent[13] WEREWOLF
3,talk,23,1,11,ESTIMATE Agent[13] WEREWOLF
3,talk,24,1,5,ESTIMATE Agent[13] WEREWOLF
3,talk,25,1,15,Skip
3,talk,26,2,9,REQUEST(Agent[06] DIVINATION Agent[13])
3,talk,27,2,10,REQUEST(Agent[06] DIVINATION Agent[13])
3,talk,28,2,5,REQUEST(Agent[06] DIVINATION Agent[13])
3,talk,29,2,8,REQUEST(Agent[06] DIVINATION Agent[13])
3,talk,30,2,13,Skip
3,talk,31,2,11,REQUEST(Agent[06] DIVINATION Agent[13])
3,talk,32,2,6,REQUEST(VOTE Agent[13])
3,talk,33,2,4,REQUEST(Agent[06] DIVINATION Agent[13])
3,talk,34,2,2,REQUEST(Agent[06] DIVINATION Agent[13])
3,talk,35,2,1,ESTIMATE Agent[05] WEREWOLF
3,talk,36,2,15,Skip
3,talk,37,2,12,REQUEST(Agent[06] DIVINATION Agent[13])
3,talk,38,2,7,REQUEST(Agent[06] DIVINATION Agent[13])
3,talk,39,3,6,Skip
3,talk,40,3,10,VOTE Agent[13]
3,talk,41,3,13,Skip
3,talk,42,3,4,VOTE Agent[13]
3,talk,43,3,15,Over
3,talk,44,3,2,VOTE Agent[13]
3,talk,45,3,8,VOTE Agent[13]
3,talk,46,3,1,ESTIMATE Agent[15] WEREWOLF
3,talk,47,3,12,VOTE Agent[13]
3,talk,48,3,9,VOTE Agent[13]
3,talk,49,3,7,VOTE Agent[13]
3,talk,50,3,11,VOTE Agent[13]
3,talk,51,3,5,VOTE Agent[13]
3,talk,52,4,1,VOTE Agent[13]
3,talk,53,4,6,Skip
3,talk,54,4,2,Skip
3,talk,55,4,5,Skip
3,talk,56,4,8,Skip
3,talk,57,4,13,Over
3,talk,58,4,10,Skip
3,talk,59,4,4,Skip
3,talk,60,4,15,Over
3,talk,61,4,9,Skip
3,talk,62,4,7,Skip
3,talk,63,4,11,Skip
3,talk,64,4,12,Skip
3,talk,65,5,6,Over
3,talk,66,5,11,Skip
3,talk,67,5,2,Skip
3,talk,68,5,12,Skip
3,talk,69,5,7,Skip
3,talk,70,5,9,Skip
3,talk,71,5,13,Over
3,talk,72,5,4,Skip
3,talk,73,5,10,Skip
3,talk,74,5,15,Over
3,talk,75,5,5,Skip
3,talk,76,5,1,Over
3,talk,77,5,8,Skip
3,talk,78,6,11,Over
3,talk,79,6,7,Over
3,talk,80,6,8,Over
3,talk,81,6,10,Over
3,talk,82,6,12,Over
3,talk,83,6,13,Over
3,talk,84,6,2,Over
3,talk,85,6,4,Over
3,talk,86,6,1,Over
3,talk,87,6,5,Over
3,talk,88,6,9,Over
3,talk,89,6,6,Over
3,talk,90,6,15,Over
3,vote,1,13
3,vote,2,13
3,vote,4,13
3,vote,5,13
3,vote,6,13
3,vote,7,13
3,vote,8,13
3,vote,9,13
3,vote,10,13
3,vote,11,13
3,vote,12,13
3,vote,13,6
3,vote,15,7
3,execute,13,VILLAGER
3,divine,15,1,WEREWOLF
3,guard,4,6,POSSESSED
3,attackVote,1,15
3,attack,15,true
4,status,1,WEREWOLF,ALIVE,wolf1
4,status,2,VILLAGER,ALIVE,SampleRoleAssignPlayer
4,status,3,WEREWOLF,DEAD,SampleRoleAssignPlayer
4,status,4,BODYGUARD,ALIVE,SampleRoleAssignPlayer
4,status,5,MEDIUM,ALIVE,SampleRoleAssignPlayer
4,status,6,POSSESSED,ALIVE,SampleRoleAssignPlayer
4,status,7,VILLAGER,ALIVE,SampleRoleAssignPlayer
4,status,8,VILLAGER,ALIVE,SampleRoleAssignPlayer
4,status,9,VILLAGER,ALIVE,SampleRoleAssignPlayer
4,status,10,VILLAGER,ALIVE,SampleRoleAssignPlayer
4,status,11,VILLAGER,ALIVE,SampleRoleAssignPlayer
4,status,12,VILLAGER,ALIVE,SampleRoleAssignPlayer
4,status,13,VILLAGER,DEAD,SampleRoleAssignPlayer
4,status,14,WEREWOLF,DEAD,SampleRoleAssignPlayer
4,status,15,SEER,DEAD,SampleRoleAssignPlayer
4,talk,0,0,5,IDENTIFIED Agent[13] HUMAN
4,talk,1,0,2,VOTE Agent[09]
4,talk,2,0,12,VOTE Agent[08]
4,talk,3,0,4,VOTE Agent[08]
4,talk,4,0,7,VOTE Agent[09]
4,talk,5,0,1,VOTE Agent[06]
4,talk,6,0,8,VOTE Agent[11]
4,talk,7,0,11,VOTE Agent[06]
4,talk,8,0,10,VOTE Agent[04]
4,talk,9,0,6,DIVINED Agent[12] HUMAN
4,talk,10,0,9,VOTE Agent[06]
4,talk,11,1,1,ESTIMATE Agent[03] WEREWOLF
4,talk,12,1,5,DISAGREE TALK day1 ID:30
4,talk,13,1,4,Skip
4,talk,14,1,6,VOTE Agent[13]
4,talk,15,1,11,Skip
4,talk,16,1,9,Skip
4,talk,17,1,7,Skip
4,talk,18,1,2,Skip
4,talk,19,1,8,Skip
4,talk,20,1,12,Skip
4,talk,21,1,10,Skip
4,talk,22,2,6,REQUEST(VOTE Agent[13])
4,talk,23,2,9,Skip
4,talk,24,2,4,Skip
4,talk,25,2,10,Skip
4,talk,26,2,2,Skip
4,talk,27,2,1,ESTIMATE Agent[04] WEREWOLF
4,talk,28,2,5,DISAGREE TALK day1 ID:31
4,talk,29,2,11,Skip
4,talk,30,2,12,Skip
4,talk,31,2,8,Skip
4,talk,32,2,7,Skip
4,talk,33,3,6,Skip
4,talk,34,3,12,Over
4,talk,35,3,5,DISAGREE TALK day1 ID:32
4,talk,36,3,7,Over
4,talk,37,3,1,ESTIMATE Agent[14] WEREWOLF
4,talk,38,3,4,Over
4,talk,39,3,9,Over
4,talk,40,3,10,Over
4,talk,41,3,11,Over
4,talk,42,3,2,Over
4,talk,43,3,8,Over
4,talk,44,4,6,Skip
4,talk,45,4,9,Over
4,talk,46,4,10,Over
4,talk,47,4,7,Over
4,talk,48,4,1,Over
4,talk,49,4,2,Over
4,talk,50,4,11,Over
4,talk,51,4,12,Over
4,talk,52,4,5,DISAGREE TALK day1 ID:36
4,talk,53,4,8,Over
4,talk,54,4,4,Over
4,talk,55,5,10,Over
4,talk,56,5,4,Over
4,talk,57,5,9,Over
4,talk,58,5,5,DISAGREE TALK day1 ID:37
4,talk,59,5,6,Over
4,talk,60,5,2,Over
4,talk,61,5,11,Over
4,talk,62,5,8,Over
4,talk,63,5,1,Over
4,talk,64,5,12,Over
4,talk,65,5,7,Over
4,talk,66,6,4,Over
4,talk,67,6,1,Over
4,talk,68,6,2,Over
4,talk,69,6,10,Over
4,talk,70,6,12,Over
4,talk,71,6,9,Over
4,talk,72,6,7,Over
4,talk,73,6,8,Over
4,talk,74,6,11,Over
4,talk,75,6,6,Over
4,talk,76,6,5,DISAGREE TALK day1 ID:38
4,talk,77,7,10,Over
4,talk,78,7,1,Over
4,talk,79,7,11,Over
4,talk,80,7,4,Over
4,talk,81,7,2,Over
4,talk,82,7,5,DISAGREE TALK day1 ID:39
4,talk,83,7,9,Over
4,talk,84,7,7,Over
4,talk,85,7,6,Over
4,talk,86,7,12,Over
4,talk,87,7,8,Over
4,talk,88,8,8,Over
4,talk,89,8,10,Over
4,talk,90,8,6,Over
4,talk,91,8,12,Over
4,talk,92,8,11,Over
4,talk,93,8,1,Over
4,talk,94,8,9,Over
4,talk,95,8,2,Over
4,talk,96,8,4,Over
4,talk,97,8,7,Over
4,talk,98,8,5,DISAGREE TALK day1 ID:42
4,talk,99,9,5,DISAGREE TALK day1 ID:43
4,talk,100,9,1,Over
4,talk,101,9,4,Over
4,talk,102,9,12,Over
4,talk,103,9,8,Over
4,talk,104,9,9,Over
4,talk,105,9,6,Over
4,talk,106,9,2,Over
4,talk,107,9,10,Over
4,talk,108,9,11,Over
4,talk,109,9,7,Over
4,talk,110,10,1,Over
4,talk,111,10,9,Over
4,talk,112,10,7,Over
4,talk,113,10,12,Over
4,talk,114,10,2,Over
4,talk,115,10,6,Over
4,talk,116,10,5,Over
4,talk,117,10,10,Over
4,talk,118,10,4,Over
4,talk,119,10,8,Over
4,talk,120,10,11,Over
4,vote,1,6
4,vote,2,9
4,vote,4,8
4,vote,5,6
4,vote,6,2
4,vote,7,9
4,vote,8,11
4,vote,9,6
4,vote,10,4
4,vote,11,6
4,vote,12,8
4,execute,6,POSSESSED
4,guard,4,6,POSSESSED
4,attackVote,1,12
4,attack,12,true
5,status,1,WEREWOLF,ALIVE,wolf1
5,status,2,VILLAGER,ALIVE,SampleRoleAssignPlayer
5,status,3,WEREWOLF,DEAD,SampleRoleAssignPlayer
5,status,4,BODYGUARD,ALIVE,SampleRoleAssignPlayer
5,status,5,MEDIUM,ALIVE,SampleRoleAssignPlayer
5,status,6,POSSESSED,DEAD,SampleRoleAssignPlayer
5,status,7,VILLAGER,ALIVE,SampleRoleAssignPlayer
5,status,8,VILLAGER,ALIVE,SampleRoleAssignPlayer
5,status,9,VILLAGER,ALIVE,SampleRoleAssignPlayer
5,status,10,VILLAGER,ALIVE,SampleRoleAssignPlayer
5,status,11,VILLAGER,ALIVE,SampleRoleAssignPlayer
5,status,12,VILLAGER,DEAD,SampleRoleAssignPlayer
5,status,13,VILLAGER,DEAD,SampleRoleAssignPlayer
5,status,14,WEREWOLF,DEAD,SampleRoleAssignPlayer
5,status,15,SEER,DEAD,SampleRoleAssignPlayer
5,talk,0,0,9,VOTE Agent[07]
5,talk,1,0,5,IDENTIFIED Agent[06] HUMAN
5,talk,2,0,7,VOTE Agent[05]
5,talk,3,0,1,VOTE Agent[04]
5,talk,4,0,4,VOTE Agent[05]
5,talk,5,0,11,VOTE Agent[08]
5,talk,6,0,8,VOTE Agent[02]
5,talk,7,0,10,VOTE Agent[05]
5,talk,8,0,2,VOTE Agent[08]
5,talk,9,1,5,VOTE Agent[01]
5,talk,10,1,7,Skip
5,talk,11,1,11,Skip
5,talk,12,1,9,Skip
5,talk,13,1,10,Skip
5,talk,14,1,4,Skip
5,talk,15,1,1,ESTIMATE Agent[03] WEREWOLF
5,talk,16,1,2,Skip
5,talk,17,1,8,Skip
5,talk,18,2,1,ESTIMATE Agent[04] WEREWOLF
5,talk,19,2,11,Skip
5,talk,20,2,8,Skip
5,talk,21,2,10,Skip
5,talk,22,2,2,Skip
5,talk,23,2,4,Skip
5,talk,24,2,7,Skip
5,talk,25,2,9,Skip
5,talk,26,2,5,Skip
5,talk,27,3,5,Skip
5,talk,28,3,9,Over
5,talk,29,3,4,Over
5,talk,30,3,11,Over
5,talk,31,3,8,Over
5,talk,32,3,7,Over
5,talk,33,3,2,Over
5,talk,34,3,1,ESTIMATE Agent[14] WEREWOLF
5,talk,35,3,10,Over
5,talk,36,4,7,Over
5,talk,37,4,4,Over
5,talk,38,4,9,Over
5,talk,39,4,11,Over
5,talk,40,4,5,Over
5,talk,41,4,2,Over
5,talk,42,4,1,VOTE Agent[02]
5,talk,43,4,8,Over
5,talk,44,4,10,Over
5,talk,45,5,1,Over
5,talk,46,5,5,Over
5,talk,47,5,7,Over
5,talk,48,5,10,Over
5,talk,49,5,9,Over
5,talk,50,5,11,Over
5,talk,51,5,2,Over
5,talk,52,5,8,Over
5,talk,53,5,4,Over
5,vote,1,2
5,vote,2,8
5,vote,4,5
5,vote,5,1
5,vote,7,5
5,vote,8,2
5,vote,9,7
5,vote,10,5
5,vote,11,8
5,execute,5,MEDIUM
5,guard,4,11,VILLAGER
5,attackVote,1,11
5,attack,11,false
6,status,1,WEREWOLF,ALIVE,wolf1
6,status,2,VILLAGER,ALIVE,SampleRoleAssignPlayer
6,status,3,WEREWOLF,DEAD,SampleRoleAssignPlayer
6,status,4,BODYGUARD,ALIVE,SampleRoleAssignPlayer
6,status,5,MEDIUM,DEAD,SampleRoleAssignPlayer
6,status,6,POSSESSED,DEAD,SampleRoleAssignPlayer
6,status,7,VILLAGER,ALIVE,SampleRoleAssignPlayer
6,status,8,VILLAGER,ALIVE,SampleRoleAssignPlayer
6,status,9,VILLAGER,ALIVE,SampleRoleAssignPlayer
6,status,10,VILLAGER,ALIVE,SampleRoleAssignPlayer
6,status,11,VILLAGER,ALIVE,SampleRoleAssignPlayer
6,status,12,VILLAGER,DEAD,SampleRoleAssignPlayer
6,status,13,VILLAGER,DEAD,SampleRoleAssignPlayer
6,status,14,WEREWOLF,DEAD,SampleRoleAssignPlayer
6,status,15,SEER,DEAD,SampleRoleAssignPlayer
6,talk,0,0,7,VOTE Agent[08]
6,talk,1,0,10,VOTE Agent[02]
6,talk,2,0,9,VOTE Agent[07]
6,talk,3,0,4,VOTE Agent[02]
6,talk,4,0,1,VOTE Agent[04]
6,talk,5,0,2,VOTE Agent[01]
6,talk,6,0,8,VOTE Agent[01]
6,talk,7,0,11,VOTE Agent[01]
6,talk,8,1,11,Skip
6,talk,9,1,7,Skip
6,talk,10,1,9,Skip
6,talk,11,1,4,Skip
6,talk,12,1,1,ESTIMATE Agent[03] WEREWOLF
6,talk,13,1,10,Skip
6,talk,14,1,2,Skip
6,talk,15,1,8,Skip
6,talk,16,2,11,Skip
6,talk,17,2,7,Skip
6,talk,18,2,4,Skip
6,talk,19,2,1,ESTIMATE Agent[04] WEREWOLF
6,talk,20,2,2,Skip
6,talk,21,2,10,Skip
6,talk,22,2,8,Skip
6,talk,23,2,9,Skip
6,talk,24,3,10,Over
6,talk,25,3,1,ESTIMATE Agent[14] WEREWOLF
6,talk,26,3,8,Over
6,talk,27,3,7,Over
6,talk,28,3,11,Over
6,talk,29,3,2,Over
6,talk,30,3,9,Over
6,talk,31,3,4,Over
6,talk,32,4,9,Over
6,talk,33,4,8,Over
6,talk,34,4,4,Over
6,talk,35,4,11,Over
6,talk,36,4,1,VOTE Agent[02]
6,talk,37,4,10,Over
6,talk,38,4,2,Over
6,talk,39,4,7,Over
6,talk,40,5,2,Over
6,talk,41,5,8,Over
6,talk,42,5,11,Over
6,talk,43,5,7,Over
6,talk,44,5,1,ESTIMATE Agent[11] VILLAGER
6,talk,45,5,10,Over
6,talk,46,5,4,Over
6,talk,47,5,9,Over
6,talk,48,6,1,Over
6,talk,49,6,2,Over
6,talk,50,6,8,Over
6,talk,51,6,11,Over
6,talk,52,6,7,Over
6,talk,53,6,4,Over
6,talk,54,6,9,Over
6,talk,55,6,10,Over
6,vote,1,2
6,vote,2,1
6,vote,4,2
6,vote,7,8
6,vote,8,1
6,vote,9,7
6,vote,10,2
6,vote,11,1
6,vote,1,2
6,vote,2,1
6,vote,4,2
6,vote,7,1
6,vote,8,1
6,vote,9,1
6,vote,10,2
6,vote,11,1
6,execute,1,WEREWOLF
6,guard,4,11,VILLAGER
6,attack,7,true
7,status,1,WEREWOLF,DEAD,wolf1
7,status,2,VILLAGER,ALIVE,SampleRoleAssignPlayer
7,status,3,WEREWOLF,DEAD,SampleRoleAssignPlayer
7,status,4,BODYGUARD,ALIVE,SampleRoleAssignPlayer
7,status,5,MEDIUM,DEAD,SampleRoleAssignPlayer
7,status,6,POSSESSED,DEAD,SampleRoleAssignPlayer
7,status,7,VILLAGER,DEAD,SampleRoleAssignPlayer
7,status,8,VILLAGER,ALIVE,SampleRoleAssignPlayer
7,status,9,VILLAGER,ALIVE,SampleRoleAssignPlayer
7,status,10,VILLAGER,ALIVE,SampleRoleAssignPlayer
7,status,11,VILLAGER,ALIVE,SampleRoleAssignPlayer
7,status,12,VILLAGER,DEAD,SampleRoleAssignPlayer
7,status,13,VILLAGER,DEAD,SampleRoleAssignPlayer
7,status,14,WEREWOLF,DEAD,SampleRoleAssignPlayer
7,status,15,SEER,DEAD,SampleRoleAssignPlayer
7,result,6,0,VILLAGER
