0,status,1,VILLAGER,ALIVE,wolf1
0,status,2,VILLAGER,ALIVE,SampleRoleAssignPlayer
0,status,3,POSSESSED,ALIVE,SampleRoleAssignPlayer
0,status,4,VILLAGER,ALIVE,SampleRoleAssignPlayer
0,status,5,WEREWOLF,ALIVE,SampleRoleAssignPlayer
0,status,6,VILLAGER,ALIVE,SampleRoleAssignPlayer
0,status,7,BODYGUARD,ALIVE,SampleRoleAssignPlayer
0,status,8,MEDIUM,ALIVE,SampleRoleAssignPlayer
0,status,9,WEREWOLF,ALIVE,SampleRoleAssignPlayer
0,status,10,VILLAGER,ALIVE,SampleRoleAssignPlayer
0,status,11,VILLAGER,ALIVE,SampleRoleAssignPlayer
0,status,12,WEREWOLF,ALIVE,SampleRoleAssignPlayer
0,status,13,VILLAGER,ALIVE,SampleRoleAssignPlayer
0,status,14,SEER,ALIVE,SampleRoleAssignPlayer
0,status,15,VILLAGER,ALIVE,SampleRoleAssignPlayer
0,whisper,0,0,5,COMINGOUT Agent[05] MEDIUM
0,whisper,1,0,12,COMINGOUT Agent[12] SEER
0,whisper,2,0,9,COMINGOUT Agent[09] VILLAGER
0,whisper,3,1,12,DIVINED Agent[06] HUMAN
0,whisper,4,1,5,Skip
0,whisper,5,1,9,Skip
0,whisper,6,2,5,Skip
0,whisper,7,2,12,Skip
0,whisper,8,2,9,Skip
0,whisper,9,3,12,Skip
0,whisper,10,3,9,Over
0,whisper,11,3,5,Over
0,whisper,12,4,12,Over
0,whisper,13,4,5,Over
0,whisper,14,4,9,Over
0,divine,14,12,WEREWOLF
1,status,1,VILLAGER,ALIVE,wolf1
1,status,2,VILLAGER,ALIVE,SampleRoleAssignPlayer
1,status,3,POSSESSED,ALIVE,SampleRoleAssignPlayer
1,status,4,VILLAGER,ALIVE,SampleRoleAssignPlayer
1,status,5,WEREWOLF,ALIVE,SampleRoleAssignPlayer
1,status,6,VILLAGER,ALIVE,SampleRoleAssignPlayer
1,status,7,BODYGUARD,ALIVE,SampleRoleAssignPlayer
1,status,8,MEDIUM,ALIVE,SampleRoleAssignPlayer
1,status,9,WEREWOLF,ALIVE,SampleRoleAssignPlayer
1,status,10,VILLAGER,ALIVE,SampleRoleAssignPlayer
1,status,11,VILLAGER,ALIVE,SampleRoleAssignPlayer
1,status,12,WEREWOLF,ALIVE,SampleRoleAssignPlayer
1,status,13,VILLAGER,ALIVE,SampleRoleAssignPlayer
1,status,14,SEER,ALIVE,SampleRoleAssignPlayer
1,status,15,VILLAGER,ALIVE,SampleRoleAssignPlayer
1,talk,0,0,13,VOTE Agent[11]
1,talk,1,0,2,VOTE Agent[13]
1,talk,2,0,11,VOTE Agent[02]
1,talk,3,0,3,COMINGOUT Agent[03] SEER
1,talk,4,0,9,VOTE Agent[11]
1,talk,5,0,10,VOTE Agent[14]
1,talk,6,0,4,VOTE Agent[02]
1,talk,7,0,15,VOTE Agent[05]
1,talk,8,0,7,VOTE Agent[12]
1,talk,9,0,1,VOTE Agent[03]
1,talk,10,0,14,COMINGOUT Agent[14] SEER
1,talk,11,0,5,VOTE Agent[02]
1,talk,12,0,8,VOTE Agent[15]
1,talk,13,0,6,VOTE Agent[12]
1,talk,14,0,12,VOTE Agent[01]
1,talk,15,1,15,Skip
1,talk,16,1,14,DIVINED Agent[12] WEREWOLF
1,talk,17,1,11,Skip
1,talk,18,1,5,REQUEST(VOTE Agent[02])
1,talk,19,1,4,Skip
1,talk,20,1,10,Skip
1,talk,21,1,9,REQUEST(VOTE Agent[11])
1,talk,22,1,1,ESTIMATE Agent[03] WEREWOLF
1,talk,23,1,7,Skip
1,talk,24,1,12,REQUEST(VOTE Agent[01])
1,talk,25,1,3,DIVINED Agent[07] WEREWOLF
1,talk,26,1,2,Skip
1,talk,27,1,13,Skip
1,talk,28,1,6,Skip
1,talk,29,1,8,Skip
1,talk,30,2,14,REQUEST(VOTE Agent[12])
1,talk,31,2,8,ESTIMATE Agent[14] SEER
1,talk,32,2,10,DISAGREE TALK day1 ID:22
1,talk,33,2,1,ESTIMATE Agent[06] WEREWOLF
1,talk,34,2,12,COMINGOUT Agent[12] SEER
1,talk,35,2,9,Skip
1,talk,36,2,5,COMINGOUT Agent[05] MEDIUM
1,talk,37,2,6,ESTIMATE Agent[14] SEER
1,talk,38,2,4,DISAGREE TALK day1 ID:22
1,talk,39,2,7,ESTIMATE Agent[14] SEER
1,talk,40,2,3,VOTE Agent[07]
1,talk,41,2,11,ESTIMATE Agent[14] SEER
1,talk,42,2,2,DISAGREE TALK day1 ID:22
1,talk,43,2,15,ESTIMATE Agent[14] SEER
1,talk,44,2,13,ESTIMATE Agent[14] SEER
1,talk,45,3,8,ESTIMATE Agent[12] WEREWOLF
1,talk,46,3,11,ESTIMATE Agent[12] WEREWOLF
1,talk,47,3,10,ESTIMATE Agent[03] SEER
1,talk,48,3,5,Skip
1,talk,49,3,12,DIVINED Agent[06] HUMAN
1,talk,50,3,13,ESTIMATE Agent[12] WEREWOLF
1,talk,51,3,3,REQUEST(VOTE Agent[07])
1,talk,52,3,2,ESTIMATE Agent[03] SEER
1,talk,53,3,9,Skip
1,talk,54,3,15,ESTIMATE Agent[12] WEREWOLF
1,talk,55,3,4,ESTIMATE Agent[03] SEER
1,talk,56,3,1,ESTIMATE Agent[09] WEREWOLF
1,talk,57,3,7,Skip
1,talk,58,3,14,VOTE Agent[12]
1,talk,59,3,6,Skip
1,talk,60,4,2,ESTIMATE Agent[12] WEREWOLF
1,talk,61,4,14,Skip
1,talk,62,4,3,Skip
1,talk,63,4,12,REQUEST(VOTE Agent[03])
1,talk,64,4,15,REQUEST(Agent[14] DIVINATION Agent[12])
1,talk,65,4,10,ESTIMATE Agent[12] WEREWOLF
1,talk,66,4,13,REQUEST(Agent[14] DIVINATION Agent[12])
1,talk,67,4,4,ESTIMATE Agent[12] WEREWOLF
1,talk,68,4,8,REQUEST(Agent[14] DIVINATION Agent[12])
1,talk,69,4,9,Over
1,talk,70,4,7,Skip
1,talk,71,4,6,Skip
1,talk,72,4,5,Skip
1,talk,73,4,11,REQUEST(Agent[14] DIVINATION Agent[12])
1,talk,74,4,1,VOTE Agent[07]
1,talk,75,5,7,Over
1,talk,76,5,5,Over
1,talk,77,5,6,Over
1,talk,78,5,2,REQUEST(Agent[03] DIVINATION Agent[12])
1,talk,79,5,15,VOTE Agent[12]
1,talk,80,5,8,VOTE Agent[12]
1,talk,81,5,1,ESTIMATE Agent[12] WEREWOLF
1,talk,82,5,3,Skip
1,talk,83,5,12,VOTE Agent[14]
1,talk,84,5,4,REQUEST(Agent[03] DIVINATION Agent[12])
1,talk,85,5,10,REQUEST(Agent[03] DIVINATION Agent[12])
1,talk,86,5,11,VOTE Agent[12]
1,talk,87,5,13,VOTE Agent[12]
1,talk,88,5,9,Over
1,talk,89,5,14,Skip
1,talk,90,6,7,Over
1,talk,91,6,5,Over
1,talk,92,6,13,Skip
1,talk,93,6,3,Over
1,talk,94,6,9,Over
1,talk,95,6,6,Over
1,talk,96,6,4,VOTE Agent[12]
1,talk,97,6,15,Skip
1,talk,98,6,8,COMINGOUT Agent[08] MEDIUM
1,talk,99,6,11,Skip
1,talk,100,6,12,REQUEST(VOTE Agent[14])
1,talk,101,6,1,ESTIMATE Agent[05] MEDIUM
1,talk,102,6,14,Over
1,talk,103,6,10,VOTE Agent[12]
1,talk,104,6,2,VOTE Agent[12]
1,talk,105,7,7,Over
1,talk,106,7,12,Skip
1,talk,107,7,10,Skip
1,talk,108,7,3,Over
1,talk,109,7,15,Skip
1,talk,110,7,6,Over
1,talk,111,7,9,Over
1,talk,112,7,11,Skip
1,talk,113,7,8,Skip
1,talk,114,7,14,Over
1,talk,115,7,13,Skip
1,talk,116,7,4,Skip
1,talk,117,7,1,ESTIMATE Agent[08] WEREWOLF
1,talk,118,7,5,VOTE Agent[08]
1,talk,119,7,2,Skip
1,talk,120,8,2,Skip
1,talk,121,8,6,Over
1,talk,122,8,13,Over
1,talk,123,8,8,Skip
1,talk,124,8,3,Over
1,talk,125,8,11,Over
1,talk,126,8,12,Skip
1,talk,127,8,10,Skip
1,talk,128,8,1,Over
1,talk,129,8,5,REQUEST(VOTE Agent[08])
1,talk,130,8,4,Skip
1,talk,131,8,9,Over
1,talk,132,8,15,Over
1,talk,133,8,7,Over
1,talk,134,8,14,Over
1,talk,135,9,1,Over
1,talk,136,9,15,Over
1,talk,137,9,6,Over
1,talk,138,9,13,Over
1,talk,139,9,2,Over
1,talk,140,9,9,Over
1,talk,141,9,3,Over
1,talk,142,9,4,Over
1,talk,143,9,7,Over
1,talk,144,9,8,Over
1,talk,145,9,10,Over
1,talk,146,9,5,Skip
1,talk,147,9,14,Over
1,talk,148,9,11,Over
1,talk,149,9,12,Over
1,talk,150,10,6,Over
1,talk,151,10,1,Over
1,talk,152,10,10,Over
1,talk,153,10,11,Over
1,talk,154,10,3,Over
1,talk,155,10,8,Over
1,talk,156,10,13,Over
1,talk,157,10,2,Over
1,talk,158,10,14,Over
1,talk,159,10,9,Over
1,talk,160,10,7,Over
1,talk,161,10,15,Over
1,talk,162,10,12,Over
1,talk,163,10,5,Skip
1,talk,164,10,4,Over
1,talk,165,11,5,Over
1,talk,166,11,4,Over
1,talk,167,11,3,Over
1,talk,168,11,1,Over
1,talk,169,11,6,Over
1,talk,170,11,15,Over
1,talk,171,11,11,Over
1,talk,172,11,2,Over
1,talk,173,11,8,Over
1,talk,174,11,7,Over
1,talk,175,11,12,Over
1,talk,176,11,10,Over
1,talk,177,11,14,Over
1,talk,178,11,13,Over
1,talk,179,11,9,Over
1,vote,1,7
1,vote,2,12
1,vote,3,7
1,vote,4,12
1,vote,5,8
1,vote,6,12
1,vote,7,12
1,vote,8,12
1,vote,9,11
1,vote,10,12
1,vote,11,12
1,vote,12,14
1,vote,13,12
1,vote,14,12
1,vote,15,12
1,execute,12,WEREWOLF
1,divine,14,7,HUMAN
1,whisper,0,0,9,ESTIMATE Agent[03] POSSESSED
1,whisper,1,0,5,ESTIMATE Agent[03] POSSESSED
1,whisper,2,1,9,ATTACK Agent[14]
1,whisper,3,1,5,ATTACK Agent[08]
1,whisper,4,2,5,REQUEST(ATTACK Agent[08])
1,whisper,5,2,9,REQUEST(ATTACK Agent[14])
1,whisper,6,3,9,Skip
1,whisper,7,3,5,IDENTIFIED Agent[12] HUMAN
1,whisper,8,4,9,Skip
1,whisper,9,4,5,Skip
1,whisper,10,5,9,Over
1,whisper,11,5,5,Skip
1,whisper,12,6,5,Over
1,whisper,13,6,9,Over
1,guard,7,14,SEER
1,attackVote,5,8
1,attackVote,9,14
1,attackVote,5,8
1,attackVote,9,14
1,attack,14,false
2,status,1,VILLAGER,ALIVE,wolf1
2,status,2,VILLAGER,ALIVE,SampleRoleAssignPlayer
2,status,3,POSSESSED,ALIVE,SampleRoleAssignPlayer
2,status,4,VILLAGER,ALIVE,SampleRoleAssignPlayer
2,status,5,WEREWOLF,ALIVE,SampleRoleAssignPlayer
2,status,6,VILLAGER,ALIVE,SampleRoleAssignPlayer
2,status,7,BODYGUARD,ALIVE,SampleRoleAssignPlayer
2,status,8,MEDIUM,ALIVE,SampleRoleAssignPlayer
2,status,9,WEREWOLF,ALIVE,SampleRoleAssignPlayer
2,status,10,VILLAGER,ALIVE,SampleRoleAssignPlayer
2,status,11,VILLAGER,ALIVE,SampleRoleAssignPlayer
2,status,12,WEREWOLF,DEAD,SampleRoleAssignPlayer
2,status,13,VILLAGER,ALIVE,SampleRoleAssignPlayer
2,status,14,SEER,ALIVE,SampleRoleAssignPlayer
2,status,15,VILLAGER,ALIVE,SampleRoleAssignPlayer
2,talk,0,0,14,DIVINED Agent[07] HUMAN
2,talk,1,0,5,IDENTIFIED Agent[12] HUMAN
2,talk,2,0,13,ESTIMATE Agent[07] WEREWOLF
2,talk,3,0,11,ESTIMATE Agent[07] WEREWOLF
2,talk,4,0,10,ESTIMATE Agent[07] WEREWOLF
2,talk,5,0,15,ESTIMATE Agent[07] WEREWOLF
2,talk,6,0,2,ESTIMATE Agent[07] WEREWOLF
2,talk,7,0,4,ESTIMATE Agent[07] WEREWOLF
2,talk,8,0,9,VOTE Agent[11]
2,talk,9,0,6,ESTIMATE Agent[07] WEREWOLF
2,talk,10,0,7,AGREE TALK day1 ID:22
2,talk,11,0,3,DIVINED Agent[04] WEREWOLF
2,talk,12,0,8,IDENTIFIED Agent[12] WEREWOLF
2,talk,13,0,1,VOTE Agent[07]
2,talk,14,1,4,REQUEST(Agent[03] DIVINATION Agent[07])
2,talk,15,1,1,ESTIMATE Agent[05] WEREWOLF
2,talk,16,1,13,REQUEST(Agent[14] DIVINATION Agent[07])
2,talk,17,1,5,VOTE Agent[08]
2,talk,18,1,11,REQUEST(Agent[14] DIVINATION Agent[07])
2,talk,19,1,6,REQUEST(Agent[14] DIVINATION Agent[07])
2,talk,20,1,3,VOTE Agent[14]
2,talk,21,1,8,ESTIMATE Agent[07] WEREWOLF
2,talk,22,1,14,AGREE TALK day1 ID:22
2,talk,23,1,2,REQUEST(Agent[03] DIVINATION Agent[07])
2,talk,24,1,10,REQUEST(Agent[03] DIVINATION Agent[07])
2,talk,25,1,9,REQUEST(VOTE Agent[11])
2,talk,26,1,15,REQUEST(Agent[14] DIVINATION Agent[07])
2,talk,27,1,7,DISAGREE TALK day1 ID:47
2,talk,28,2,5,REQUEST(VOTE Agent[08])
2,talk,29,2,13,VOTE Agent[07]
2,talk,30,2,9,Skip
2,talk,31,2,15,VOTE Agent[07]
2,talk,32,2,4,AGREE TALK day1 ID:31
2,talk,33,2,14,DISAGREE TALK day1 ID:47
2,talk,34,2,2,VOTE Agent[07]
2,talk,35,2,10,VOTE Agent[07]
2,talk,36,2,11,VOTE Agent[07]
2,talk,37,2,8,REQUEST(Agent[14] DIVINATION Agent[07])
2,talk,38,2,1,ESTIMATE Agent[09] WEREWOLF
2,talk,39,2,3,REQUEST(VOTE Agent[14])
2,talk,40,2,7,DISAGREE TALK day1 ID:52
2,talk,41,2,6,VOTE Agent[07]
2,talk,42,3,15,Skip
2,talk,43,3,13,Skip
2,talk,44,3,9,Skip
2,talk,45,3,5,Skip
2,talk,46,3,4,AGREE TALK day1 ID:37
2,talk,47,3,11,Skip
2,talk,48,3,10,Skip
2,talk,49,3,14,DISAGREE TALK day1 ID:52
2,talk,50,3,1,ESTIMATE Agent[12] WEREWOLF
2,talk,51,3,6,Skip
2,talk,52,3,7,DISAGREE TALK day1 ID:55
2,talk,53,3,3,Skip
2,talk,54,3,8,VOTE Agent[07]
2,talk,55,3,2,Skip
2,talk,56,4,8,Skip
2,talk,57,4,5,Skip
2,talk,58,4,6,Skip
2,talk,59,4,11,Skip
2,talk,60,4,1,VOTE Agent[08]
2,talk,61,4,2,Skip
2,talk,62,4,7,ESTIMATE Agent[03] WEREWOLF
2,talk,63,4,3,Skip
2,talk,64,4,15,Skip
2,talk,65,4,10,Skip
2,talk,66,4,13,Skip
2,talk,67,4,9,Over
2,talk,68,4,4,AGREE TALK day1 ID:39
2,talk,69,4,14,DISAGREE TALK day1 ID:55
2,talk,70,5,15,Over
2,talk,71,5,3,Over
2,talk,72,5,11,Over
2,talk,73,5,5,Over
2,talk,74,5,6,Over
2,talk,75,5,4,AGREE TALK day1 ID:41
2,talk,76,5,14,ESTIMATE Agent[03] WEREWOLF
2,talk,77,5,9,Over
2,talk,78,5,1,Over
2,talk,79,5,13,Over
2,talk,80,5,10,Over
2,talk,81,5,8,Skip
2,talk,82,5,2,Over
2,talk,83,5,7,REQUEST(Agent[14] DIVINATION Agent[03])
2,talk,84,6,2,Over
2,talk,85,6,3,Over
2,talk,86,6,15,Over
2,talk,87,6,5,Over
2,talk,88,6,8,Over
2,talk,89,6,11,Over
2,talk,90,6,4,AGREE TALK day1 ID:43
2,talk,91,6,13,Over
2,talk,92,6,1,Over
2,talk,93,6,9,Over
2,talk,94,6,6,Over
2,talk,95,6,10,Over
2,talk,96,6,14,VOTE Agent[03]
2,talk,97,6,7,VOTE Agent[03]
2,talk,98,7,2,Over
2,talk,99,7,4,AGREE TALK day1 ID:44
2,talk,100,7,5,Over
2,talk,101,7,11,Over
2,talk,102,7,9,Over
2,talk,103,7,6,Over
2,talk,104,7,14,Skip
2,talk,105,7,7,Skip
2,talk,106,7,8,Over
2,talk,107,7,10,Over
2,talk,108,7,13,Over
2,talk,109,7,15,Over
2,talk,110,7,1,Over
2,talk,111,7,3,Over
2,talk,112,8,8,Over
2,talk,113,8,4,ESTIMATE Agent[14] SEER
2,talk,114,8,14,Skip
2,talk,115,8,7,Skip
2,talk,116,8,3,Over
2,talk,117,8,1,Over
2,talk,118,8,11,Over
2,talk,119,8,15,Over
2,talk,120,8,2,Over
2,talk,121,8,10,Over
2,talk,122,8,9,Over
2,talk,123,8,5,Over
2,talk,124,8,13,Over
2,talk,125,8,6,Over
2,talk,126,9,13,Over
2,talk,127,9,9,Over
2,talk,128,9,5,Over
2,talk,129,9,8,Over
2,talk,130,9,1,Over
2,talk,131,9,10,Over
2,talk,132,9,3,Over
2,talk,133,9,6,Over
2,talk,134,9,7,Over
2,talk,135,9,14,Over
2,talk,136,9,4,AGREE TALK day1 ID:22
2,talk,137,9,15,Over
2,talk,138,9,2,Over
2,talk,139,9,11,Over
2,talk,140,10,8,Over
2,talk,141,10,4,Over
2,talk,142,10,6,Over
2,talk,143,10,9,Over
2,talk,144,10,5,Over
2,talk,145,10,13,Over
2,talk,146,10,7,Over
2,talk,147,10,14,Over
2,talk,148,10,2,Over
2,talk,149,10,15,Over
2,talk,150,10,3,Over
2,talk,151,10,1,Over
2,talk,152,10,11,Over
2,talk,153,10,10,Over
2,vote,1,8
2,vote,2,7
2,vote,3,14
2,vote,4,3
2,vote,5,8
2,vote,6,7
2,vote,7,3
2,vote,8,7
2,vote,9,11
2,vote,10,7
2,vote,11,7
2,vote,13,7
2,vote,14,3
2,vote,15,7
2,execute,7,BODYGUARD
2,divine,14,5,WEREWOLF
2,whisper,0,0,9,ATTACK Agent[08]
2,whisper,1,0,5,ATTACK Agent[08]
2,whisper,2,1,9,REQUEST(ATTACK Agent[08])
2,whisper,3,1,5,REQUEST(ATTACK Agent[08])
2,whisper,4,2,5,IDENTIFIED Agent[07] HUMAN
2,whisper,5,2,9,Skip
2,whisper,6,3,5,Skip
2,whisper,7,3,9,Skip
2,whisper,8,4,9,Over
2,whisper,9,4,5,Skip
2,whisper,10,5,5,Over
2,whisper,11,5,9,Over
2,attackVote,5,8
2,attackVote,9,8
2,attack,8,true
3,status,1,VILLAGER,ALIVE,wolf1
3,status,2,VILLAGER,ALIVE,SampleRoleAssignPlayer
3,status,3,POSSESSED,ALIVE,SampleRoleAssignPlayer
3,status,4,VILLAGER,ALIVE,SampleRoleAssignPlayer
3,status,5,WEREWOLF,ALIVE,SampleRoleAssignPlayer
3,status,6,VILLAGER,ALIVE,SampleRoleAssignPlayer
3,status,7,BODYGUARD,DEAD,SampleRoleAssignPlayer
3,status,8,MEDIUM,DEAD,SampleRoleAssignPlayer
3,status,9,WEREWOLF,ALIVE,SampleRoleAssignPlayer
3,status,10,VILLAGER,ALIVE,SampleRoleAssignPlayer
3,status,11,VILLAGER,ALIVE,SampleRoleAssignPlayer
3,status,12,WEREWOLF,DEAD,SampleRoleAssignPlayer
3,status,13,VILLAGER,ALIVE,SampleRoleAssignPlayer
3,status,14,SEER,ALIVE,SampleRoleAssignPlayer
3,status,15,VILLAGER,ALIVE,SampleRoleAssignPlayer
3,talk,0,0,10,ESTIMATE Agent[04] WEREWOLF
3,talk,1,0,11,ESTIMATE Agent[04] WEREWOLF
3,talk,2,0,3,DIVINED Agent[01] HUMAN
3,talk,3,0,2,ESTIMATE Agent[04] WEREWOLF
3,talk,4,0,1,VOTE Agent[05]
3,talk,5,0,5,IDENTIFIED Agent[07] HUMAN
3,talk,6,0,6,ESTIMATE Agent[04] WEREWOLF
3,talk,7,0,4,AGREE TALK day1 ID:22
3,talk,8,0,15,ESTIMATE Agent[04] WEREWOLF
3,talk,9,0,9,VOTE Agent[11]
3,talk,10,0,13,ESTIMATE Agent[04] WEREWOLF
3,talk,11,0,14,DIVINED Agent[05] WEREWOLF
3,talk,12,1,5,VOTE Agent[10]
3,talk,13,1,4,DISAGREE TALK day1 ID:47
3,talk,14,1,11,REQUEST(Agent[14] DIVINATION Agent[04])
3,talk,15,1,3,VOTE Agent[07]
3,talk,16,1,14,REQUEST(VOTE Agent[05])
3,talk,17,1,15,REQUEST(Agent[14] DIVINATION Agent[04])
3,talk,18,1,9,REQUEST(VOTE Agent[11])
3,talk,19,1,13,REQUEST(Agent[14] DIVINATION Agent[04])
3,talk,20,1,6,REQUEST(Agent[14] DIVINATION Agent[04])
3,talk,21,1,1,ESTIMATE Agent[05] WEREWOLF
3,talk,22,1,10,REQUEST(Agent[03] DIVINATION Agent[04])
3,talk,23,1,2,REQUEST(Agent[03] DIVINATION Agent[04])
3,talk,24,2,15,VOTE Agent[04]
3,talk,25,2,10,VOTE Agent[04]
3,talk,26,2,1,ESTIMATE Agent[09] WEREWOLF
3,talk,27,2,3,REQUEST(VOTE Agent[07])
3,talk,28,2,6,VOTE Agent[04]
3,talk,29,2,11,VOTE Agent[04]
3,talk,30,2,5,REQUEST(VOTE Agent[10])
3,talk,31,2,9,Skip
3,talk,32,2,14,VOTE Agent[05]
3,talk,33,2,13,VOTE Agent[04]
3,talk,34,2,4,DISAGREE TALK day1 ID:52
3,talk,35,2,2,VOTE Agent[04]
3,talk,36,3,1,ESTIMATE Agent[12] WEREWOLF
3,talk,37,3,13,Skip
3,talk,38,3,2,Skip
3,talk,39,3,6,Skip
3,talk,40,3,14,Skip
3,talk,41,3,5,Skip
3,talk,42,3,3,Skip
3,talk,43,3,15,Skip
3,talk,44,3,4,DISAGREE TALK day1 ID:55
3,talk,45,3,9,Skip
3,talk,46,3,10,Skip
3,talk,47,3,11,Skip
3,talk,48,4,2,Skip
3,talk,49,4,11,Skip
3,talk,50,4,6,Skip
3,talk,51,4,14,Skip
3,talk,52,4,3,Skip
3,talk,53,4,1,Over
3,talk,54,4,10,Skip
3,talk,55,4,5,Skip
3,talk,56,4,15,Skip
3,talk,57,4,4,AGREE TALK day2 ID:62
3,talk,58,4,9,Over
3,talk,59,4,13,Skip
3,talk,60,5,10,Over
3,talk,61,5,15,Over
3,talk,62,5,2,Over
3,talk,63,5,1,Over
3,talk,64,5,13,Over
3,talk,65,5,11,Over
3,talk,66,5,6,Over
3,talk,67,5,4,AGREE TALK day2 ID:76
3,talk,68,5,3,Over
3,talk,69,5,9,Over
3,talk,70,5,5,Over
3,talk,71,5,14,Over
3,talk,72,6,1,Over
3,talk,73,6,2,Over
3,talk,74,6,10,Over
3,talk,75,6,11,Over
3,talk,76,6,5,Over
3,talk,77,6,6,Over
3,talk,78,6,4,ESTIMATE Agent[03] WEREWOLF
3,talk,79,6,9,Over
3,talk,80,6,13,Over
3,talk,81,6,14,Over
3,talk,82,6,3,Over
3,talk,83,6,15,Over
3,talk,84,7,1,Over
3,talk,85,7,10,Over
3,talk,86,7,3,Over
3,talk,87,7,4,REQUEST(Agent[14] DIVINATION Agent[03])
3,talk,88,7,6,Over
3,talk,89,7,13,Over
3,talk,90,7,5,Over
3,talk,91,7,11,Over
3,talk,92,7,14,Over
3,talk,93,7,9,Over
3,talk,94,7,2,Over
3,talk,95,7,15,Over
3,talk,96,8,14,Over
3,talk,97,8,1,Over
3,talk,98,8,5,Over
3,talk,99,8,13,Over
3,talk,100,8,10,Over
3,talk,101,8,15,Over
3,talk,102,8,11,Over
3,talk,103,8,4,VOTE Agent[03]
3,talk,104,8,3,Over
3,talk,105,8,2,Over
3,talk,106,8,9,Over
3,talk,107,8,6,Over
3,talk,108,9,10,Over
3,talk,109,9,6,Over
3,talk,110,9,9,Over
3,talk,111,9,14,Over
3,talk,112,9,1,Over
3,talk,113,9,4,Skip
3,talk,114,9,11,Over
3,talk,115,9,3,Over
3,talk,116,9,13,Over
3,talk,117,9,5,Over
3,talk,118,9,15,Over
3,talk,119,9,2,Over
3,talk,120,10,15,Over
3,talk,121,10,6,Over
3,talk,122,10,2,Over
3,talk,123,10,10,Over
3,talk,124,10,14,Over
3,talk,125,10,11,Over
3,talk,126,10,9,Over
3,talk,127,10,4,Skip
3,talk,128,10,13,Over
3,talk,129,10,5,Over
3,talk,130,10,1,Over
3,talk,131,10,3,Over
3,talk,132,11,9,Over
3,talk,133,11,14,Over
3,talk,134,11,1,Over
3,talk,135,11,10,Over
3,talk,136,11,4,Over
3,talk,137,11,5,Over
3,talk,138,11,13,Over
3,talk,139,11,2,Over
3,talk,140,11,3,Over
3,talk,141,11,6,Over
3,talk,142,11,11,Over
3,talk,143,11,15,Over
3,vote,1,5
3,vote,2,4
3,vote,3,14
3,vote,4,3
3,vote,5,10
3,vote,6,4
3,vote,9,11
3,vote,10,4
3,vote,11,4
3,vote,13,4
3,vote,14,5
3,vote,15,4
3,execute,4,VILLAGER
3,divine,14,3,HUMAN
3,whisper,0,0,5,ATTACK Agent[14]
3,whisper,1,0,9,ATTACK Agent[14]
3,whisper,2,1,5,REQUEST(ATTACK Agent[14])
3,whisper,3,1,9,REQUEST(ATTACK Agent[14])
3,whisper,4,2,9,Skip
3,whisper,5,2,5,IDENTIFIED Agent[04] WEREWOLF
3,whisper,6,3,9,Skip
3,whisper,7,3,5,Skip
3,whisper,8,4,5,Skip
3,whisper,9,4,9,Over
3,whisper,10,5,5,Over
3,whisper,11,5,9,Over
3,attackVote,5,14
3,attackVote,9,14
3,attack,14,true
4,status,1,VILLAGER,ALIVE,wolf1
4,status,2,VILLAGER,ALIVE,SampleRoleAssignPlayer
4,status,3,POSSESSED,ALIVE,SampleRoleAssignPlayer
4,status,4,VILLAGER,DEAD,SampleRoleAssignPlayer
4,status,5,WEREWOLF,ALIVE,SampleRoleAssignPlayer
4,status,6,VILLAGER,ALIVE,SampleRoleAssignPlayer
4,status,7,BODYGUARD,DEAD,SampleRoleAssignPlayer
4,status,8,MEDIUM,DEAD,SampleRoleAssignPlayer
4,status,9,WEREWOLF,ALIVE,SampleRoleAssignPlayer
4,status,10,VILLAGER,ALIVE,SampleRoleAssignPlayer
4,status,11,VILLAGER,ALIVE,SampleRoleAssignPlayer
4,status,12,WEREWOLF,DEAD,SampleRoleAssignPlayer
4,status,13,VILLAGER,ALIVE,SampleRoleAssignPlayer
4,status,14,SEER,DEAD,SampleRoleAssignPlayer
4,status,15,VILLAGER,ALIVE,SampleRoleAssignPlayer
4,talk,0,0,1,VOTE Agent[03]
4,talk,1,0,5,IDENTIFIED Agent[04] WEREWOLF
4,talk,2,0,11,DISAGREE TALK day1 ID:22
4,talk,3,0,3,DIVINED Agent[05] HUMAN
4,talk,4,0,13,DISAGREE TALK day1 ID:22
4,talk,5,0,15,DISAGREE TALK day1 ID:22
4,talk,6,0,2,DISAGREE TALK day1 ID:101
4,talk,7,0,9,VOTE Agent[11]
4,talk,8,0,10,DISAGREE TALK day1 ID:101
4,talk,9,0,6,DISAGREE TALK day1 ID:22
4,talk,10,1,10,AGREE TALK day2 ID:15
4,talk,11,1,1,ESTIMATE Agent[05] WEREWOLF
4,talk,12,1,3,VOTE Agent[07]
4,talk,13,1,2,AGREE TALK day2 ID:15
4,talk,14,1,13,AGREE TALK day1 ID:47
4,talk,15,1,9,REQUEST(VOTE Agent[11])
4,talk,16,1,5,VOTE Agent[15]
4,talk,17,1,15,AGREE TALK day1 ID:47
4,talk,18,1,11,AGREE TALK day1 ID:47
4,talk,19,1,6,AGREE TALK day1 ID:47
4,talk,20,2,1,ESTIMATE Agent[09] WEREWOLF
4,talk,21,2,11,AGREE TALK day1 ID:52
4,talk,22,2,15,AGREE TALK day1 ID:52
4,talk,23,2,9,Skip
4,talk,24,2,10,AGREE TALK day3 ID:21
4,talk,25,2,6,AGREE TALK day1 ID:52
4,talk,26,2,13,AGREE TALK day1 ID:52
4,talk,27,2,5,REQUEST(VOTE Agent[15])
4,talk,28,2,2,AGREE TALK day3 ID:21
4,talk,29,2,3,REQUEST(VOTE Agent[07])
4,talk,30,3,2,ESTIMATE Agent[05] WEREWOLF
4,talk,31,3,1,ESTIMATE Agent[12] WEREWOLF
4,talk,32,3,9,Skip
4,talk,33,3,15,AGREE TALK day1 ID:55
4,talk,34,3,11,AGREE TALK day1 ID:55
4,talk,35,3,10,ESTIMATE Agent[05] WEREWOLF
4,talk,36,3,5,Skip
4,talk,37,3,13,AGREE TALK day1 ID:55
4,talk,38,3,6,AGREE TALK day1 ID:55
4,talk,39,3,3,Skip
4,talk,40,4,11,DISAGREE TALK day2 ID:62
4,talk,41,4,9,Over
4,talk,42,4,5,Skip
4,talk,43,4,6,DISAGREE TALK day2 ID:62
4,talk,44,4,1,ESTIMATE Agent[10] VILLAGER
4,talk,45,4,13,DISAGREE TALK day2 ID:62
4,talk,46,4,10,REQUEST(Agent[03] DIVINATION Agent[05])
4,talk,47,4,15,DISAGREE TALK day2 ID:62
4,talk,48,4,3,Skip
4,talk,49,4,2,REQUEST(Agent[03] DIVINATION Agent[05])
4,talk,50,5,10,VOTE Agent[05]
4,talk,51,5,13,DISAGREE TALK day2 ID:76
4,talk,52,5,15,DISAGREE TALK day2 ID:76
4,talk,53,5,11,DISAGREE TALK day2 ID:76
4,talk,54,5,9,Over
4,talk,55,5,1,Over
4,talk,56,5,2,VOTE Agent[05]
4,talk,57,5,3,Over
4,talk,58,5,6,DISAGREE TALK day2 ID:76
4,talk,59,5,5,Over
4,talk,60,6,13,DISAGREE TALK day3 ID:78
4,talk,61,6,9,Over
4,talk,62,6,3,Over
4,talk,63,6,15,DISAGREE TALK day3 ID:78
4,talk,64,6,5,Over
4,talk,65,6,11,DISAGREE TALK day3 ID:78
4,talk,66,6,2,Skip
4,talk,67,6,1,Over
4,talk,68,6,6,DISAGREE TALK day3 ID:78
4,talk,69,6,10,Skip
4,talk,70,7,13,ESTIMATE Agent[03] SEER
4,talk,71,7,2,Skip
4,talk,72,7,15,ESTIMATE Agent[03] SEER
4,talk,73,7,1,Over
4,talk,74,7,3,Over
4,talk,75,7,5,Over
4,talk,76,7,9,Over
4,talk,77,7,6,ESTIMATE Agent[03] SEER
4,talk,78,7,10,Skip
4,talk,79,7,11,ESTIMATE Agent[03] SEER
4,talk,80,8,3,Over
4,talk,81,8,1,Over
4,talk,82,8,6,DISAGREE TALK day1 ID:101
4,talk,83,8,13,DISAGREE TALK day1 ID:101
4,talk,84,8,2,Over
4,talk,85,8,10,Over
4,talk,86,8,9,Over
4,talk,87,8,11,DISAGREE TALK day1 ID:101
4,talk,88,8,15,DISAGREE TALK day1 ID:101
4,talk,89,8,5,Over
4,talk,90,9,10,Over
4,talk,91,9,11,AGREE TALK day2 ID:15
4,talk,92,9,15,AGREE TALK day2 ID:15
4,talk,93,9,2,Over
4,talk,94,9,5,Over
4,talk,95,9,9,Over
4,talk,96,9,1,Over
4,talk,97,9,13,AGREE TALK day2 ID:15
4,talk,98,9,6,AGREE TALK day2 ID:15
4,talk,99,9,3,Over
4,talk,100,10,2,Over
4,talk,101,10,3,Over
4,talk,102,10,9,Over
4,talk,103,10,11,Over
4,talk,104,10,15,Over
4,talk,105,10,5,Over
4,talk,106,10,6,Over
4,talk,107,10,13,Over
4,talk,108,10,10,Over
4,talk,109,10,1,VOTE Agent[05]
4,talk,110,11,6,Over
4,talk,111,11,13,Over
4,talk,112,11,9,Over
4,talk,113,11,11,Over
4,talk,114,11,5,Over
4,talk,115,11,2,Over
4,talk,116,11,10,Over
4,talk,117,11,1,ESTIMATE Agent[15] VILLAGER
4,talk,118,11,3,Over
4,talk,119,11,15,Over
4,talk,120,12,11,Over
4,talk,121,12,5,Over
4,talk,122,12,2,Over
4,talk,123,12,6,Over
4,talk,124,12,3,Over
4,talk,125,12,15,Over
4,talk,126,12,10,Over
4,talk,127,12,1,Over
4,talk,128,12,9,Over
4,talk,129,12,13,Over
4,vote,1,5
4,vote,2,5
4,vote,3,1
4,vote,5,15
4,vote,6,5
4,vote,9,11
4,vote,10,5
4,vote,11,5
4,vote,13,5
4,vote,15,5
4,execute,5,WEREWOLF
5,status,1,VILLAGER,ALIVE,wolf1
5,status,2,VILLAGER,ALIVE,SampleRoleAssignPlayer
5,status,3,POSSESSED,ALIVE,SampleRoleAssignPlayer
5,status,4,VILLAGER,DEAD,SampleRoleAssignPlayer
5,status,5,WEREWOLF,DEAD,SampleRoleAssignPlayer
5,status,6,VILLAGER,ALIVE,SampleRoleAssignPlayer
5,status,7,BODYGUARD,DEAD,SampleRoleAssignPlayer
5,status,8,MEDIUM,DEAD,SampleRoleAssignPlayer
5,status,9,WEREWOLF,ALIVE,SampleRoleAssignPlayer
5,status,10,VILLAGER,ALIVE,SampleRoleAssignPlayer
5,status,11,VILLAGER,ALIVE,SampleRoleAssignPlayer
5,status,12,WEREWOLF,DEAD,SampleRoleAssignPlayer
5,status,13,VILLAGER,ALIVE,SampleRoleAssignPlayer
5,status,14,SEER,DEAD,SampleRoleAssignPlayer
5,status,15,VILLAGER,ALIVE,SampleRoleAssignPlayer
5,talk,0,0,1,VOTE Agent[03]
5,talk,1,0,13,VOTE Agent[11]
5,talk,2,0,3,DIVINED Agent[06] WEREWOLF
5,talk,3,0,11,VOTE Agent[10]
5,talk,4,0,15,VOTE Agent[09]
5,talk,5,0,2,VOTE Agent[06]
5,talk,6,0,9,VOTE Agent[11]
5,talk,7,0,10,VOTE Agent[15]
5,talk,8,0,6,VOTE Agent[13]
5,talk,9,1,9,REQUEST(VOTE Agent[11])
5,talk,10,1,1,ESTIMATE Agent[05] WEREWOLF
5,talk,11,1,13,AGREE TALK day1 ID:33
5,talk,12,1,10,AGREE TALK day1 ID:33
5,talk,13,1,2,Skip
5,talk,14,1,15,AGREE TALK day1 ID:33
5,talk,15,1,3,VOTE Agent[06]
5,talk,16,1,11,AGREE TALK day1 ID:33
5,talk,17,1,6,AGREE TALK day1 ID:22
5,talk,18,2,3,REQUEST(VOTE Agent[06])
5,talk,19,2,10,ESTIMATE Agent[06] WEREWOLF
5,talk,20,2,15,ESTIMATE Agent[06] WEREWOLF
5,talk,21,2,1,ESTIMATE Agent[09] WEREWOLF
5,talk,22,2,9,Skip
5,talk,23,2,11,ESTIMATE Agent[06] WEREWOLF
5,talk,24,2,2,Skip
5,talk,25,2,6,DISAGREE TALK day1 ID:47
5,talk,26,2,13,ESTIMATE Agent[06] WEREWOLF
5,talk,27,3,1,ESTIMATE Agent[12] WEREWOLF
5,talk,28,3,10,REQUEST(Agent[03] DIVINATION Agent[06])
5,talk,29,3,11,REQUEST(Agent[03] DIVINATION Agent[06])
5,talk,30,3,15,REQUEST(Agent[03] DIVINATION Agent[06])
5,talk,31,3,13,REQUEST(Agent[03] DIVINATION Agent[06])
5,talk,32,3,3,Skip
5,talk,33,3,9,Skip
5,talk,34,3,2,Over
5,talk,35,3,6,DISAGREE TALK day1 ID:52
5,talk,36,4,1,ESTIMATE Agent[10] VILLAGER
5,talk,37,4,10,VOTE Agent[06]
5,talk,38,4,2,Over
5,talk,39,4,13,VOTE Agent[06]
5,talk,40,4,6,DISAGREE TALK day1 ID:55
5,talk,41,4,3,Skip
5,talk,42,4,15,VOTE Agent[06]
5,talk,43,4,9,Over
5,talk,44,4,11,VOTE Agent[06]
5,talk,45,5,6,AGREE TALK day2 ID:62
5,talk,46,5,3,Over
5,talk,47,5,13,Skip
5,talk,48,5,15,Skip
5,talk,49,5,10,Skip
5,talk,50,5,11,Skip
5,talk,51,5,1,ESTIMATE Agent[15] VILLAGER
5,talk,52,5,2,Over
5,talk,53,5,9,Over
5,talk,54,6,15,Skip
5,talk,55,6,9,Over
5,talk,56,6,13,Skip
5,talk,57,6,3,Over
5,talk,58,6,6,AGREE TALK day2 ID:76
5,talk,59,6,2,Over
5,talk,60,6,11,Skip
5,talk,61,6,10,Skip
5,talk,62,6,1,Over
5,talk,63,7,13,Over
5,talk,64,7,1,Over
5,talk,65,7,9,Over
5,talk,66,7,15,Over
5,talk,67,7,11,Over
5,talk,68,7,3,Over
5,talk,69,7,2,Over
5,talk,70,7,10,Over
5,talk,71,7,6,AGREE TALK day3 ID:78
5,talk,72,8,9,Over
5,talk,73,8,10,Over
5,talk,74,8,13,Over
5,talk,75,8,11,Over
5,talk,76,8,3,Over
5,talk,77,8,1,Over
5,talk,78,8,2,Over
5,talk,79,8,15,Over
5,talk,80,8,6,DISAGREE TALK day4 ID:70
5,talk,81,9,11,Over
5,talk,82,9,13,Over
5,talk,83,9,3,Over
5,talk,84,9,10,Over
5,talk,85,9,9,Over
5,talk,86,9,6,DISAGREE TALK day4 ID:72
5,talk,87,9,15,Over
5,talk,88,9,1,Over
5,talk,89,9,2,Over
5,talk,90,10,11,Over
5,talk,91,10,2,Over
5,talk,92,10,3,Over
5,talk,93,10,13,Over
5,talk,94,10,6,Over
5,talk,95,10,1,Over
5,talk,96,10,9,Over
5,talk,97,10,15,Over
5,talk,98,10,10,Over
5,vote,1,3
5,vote,2,6
5,vote,3,6
5,vote,6,3
5,vote,9,11
5,vote,10,6
5,vote,11,6
5,vote,13,6
5,vote,15,6
5,execute,6,VILLAGER
5,attackVote,9,11
5,attack,11,true
6,status,1,VILLAGER,ALIVE,wolf1
6,status,2,VILLAGER,ALIVE,SampleRoleAssignPlayer
6,status,3,POSSESSED,ALIVE,SampleRoleAssignPlayer
6,status,4,VILLAGER,DEAD,SampleRoleAssignPlayer
6,status,5,WEREWOLF,DEAD,SampleRoleAssignPlayer
6,status,6,VILLAGER,DEAD,SampleRoleAssignPlayer
6,status,7,BODYGUARD,DEAD,SampleRoleAssignPlayer
6,status,8,MEDIUM,DEAD,SampleRoleAssignPlayer
6,status,9,WEREWOLF,ALIVE,SampleRoleAssignPlayer
6,status,10,VILLAGER,ALIVE,SampleRoleAssignPlayer
6,status,11,VILLAGER,DEAD,SampleRoleAssignPlayer
6,status,12,WEREWOLF,DEAD,SampleRoleAssignPlayer
6,status,13,VILLAGER,ALIVE,SampleRoleAssignPlayer
6,status,14,SEER,DEAD,SampleRoleAssignPlayer
6,status,15,VILLAGER,ALIVE,SampleRoleAssignPlayer
6,talk,0,0,1,VOTE Agent[03]
6,talk,1,0,13,VOTE Agent[10]
6,talk,2,0,15,VOTE Agent[03]
6,talk,3,0,3,DIVINED Agent[15] HUMAN
6,talk,4,0,10,VOTE Agent[13]
6,talk,5,0,9,VOTE Agent[02]
6,talk,6,0,2,VOTE Agent[03]
6,talk,7,1,15,Skip
6,talk,8,1,9,REQUEST(VOTE Agent[02])
6,talk,9,1,1,ESTIMATE Agent[05] WEREWOLF
6,talk,10,1,13,Skip
6,talk,11,1,10,Skip
6,talk,12,1,3,VOTE Agent[04]
6,talk,13,1,2,Skip
6,talk,14,2,9,Skip
6,talk,15,2,15,Skip
6,talk,16,2,1,ESTIMATE Agent[09] WEREWOLF
6,talk,17,2,13,Skip
6,talk,18,2,2,Skip
6,talk,19,2,3,REQUEST(VOTE Agent[04])
6,talk,20,2,10,Skip
6,talk,21,3,3,Skip
6,talk,22,3,13,Over
6,talk,23,3,1,ESTIMATE Agent[12] WEREWOLF
6,talk,24,3,9,Skip
6,talk,25,3,10,Over
6,talk,26,3,15,Over
6,talk,27,3,2,Over
6,talk,28,4,3,Skip
6,talk,29,4,1,ESTIMATE Agent[10] VILLAGER
6,talk,30,4,9,Over
6,talk,31,4,15,Over
6,talk,32,4,2,Over
6,talk,33,4,13,Over
6,talk,34,4,10,Over
6,talk,35,5,13,Over
6,talk,36,5,9,Over
6,talk,37,5,10,Over
6,talk,38,5,15,Over
6,talk,39,5,3,Over
6,talk,40,5,2,Over
6,talk,41,5,1,ESTIMATE Agent[15] VILLAGER
6,talk,42,6,9,Over
6,talk,43,6,10,Over
6,talk,44,6,15,Over
6,talk,45,6,13,Over
6,talk,46,6,1,Over
6,talk,47,6,3,Over
6,talk,48,6,2,Over
6,vote,1,3
6,vote,2,3
6,vote,3,1
6,vote,9,2
6,vote,10,13
6,vote,13,10
6,vote,15,3
6,execute,3,POSSESSED
6,attackVote,9,13
6,attack,13,true
7,status,1,VILLAGER,ALIVE,wolf1
7,status,2,VILLAGER,ALIVE,SampleRoleAssignPlayer
7,status,3,POSSESSED,DEAD,SampleRoleAssignPlayer
7,status,4,VILLAGER,DEAD,SampleRoleAssignPlayer
7,status,5,WEREWOLF,DEAD,SampleRoleAssignPlayer
7,status,6,VILLAGER,DEAD,SampleRoleAssignPlayer
7,status,7,BODYGUARD,DEAD,SampleRoleAssignPlayer
7,status,8,MEDIUM,DEAD,SampleRoleAssignPlayer
7,status,9,WEREWOLF,ALIVE,SampleRoleAssignPlayer
7,status,10,VILLAGER,ALIVE,SampleRoleAssignPlayer
7,status,11,VILLAGER,DEAD,SampleRoleAssignPlayer
7,status,12,WEREWOLF,DEAD,SampleRoleAssignPlayer
7,status,13,VILLAGER,DEAD,SampleRoleAssignPlayer
7,status,14,SEER,DEAD,SampleRoleAssignPlayer
7,status,15,VILLAGER,ALIVE,SampleRoleAssignPlayer
7,talk,0,0,9,VOTE Agent[10]
7,talk,1,0,1,VOTE Agent[09]
7,talk,2,0,15,VOTE Agent[09]
7,talk,3,0,10,VOTE Agent[15]
7,talk,4,0,2,VOTE Agent[09]
7,talk,5,1,9,REQUEST(VOTE Agent[10])
7,talk,6,1,15,Skip
7,talk,7,1,1,ESTIMATE Agent[05] WEREWOLF
7,talk,8,1,2,Skip
7,talk,9,1,10,Skip
7,talk,10,2,9,Skip
7,talk,11,2,2,Skip
7,talk,12,2,10,Skip
7,talk,13,2,1,ESTIMATE Agent[09] WEREWOLF
7,talk,14,2,15,Skip
7,talk,15,3,9,Skip
7,talk,16,3,2,Over
7,talk,17,3,10,Over
7,talk,18,3,15,Over
7,talk,19,3,1,ESTIMATE Agent[12] WEREWOLF
7,talk,20,4,1,ESTIMATE Agent[10] VILLAGER
7,talk,21,4,2,Over
7,talk,22,4,10,Over
7,talk,23,4,15,Over
7,talk,24,4,9,Over
7,talk,25,5,1,Over
7,talk,26,5,2,Over
7,talk,27,5,15,Over
7,talk,28,5,9,Over
7,talk,29,5,10,Over
7,vote,1,9
7,vote,2,9
7,vote,9,10
7,vote,10,15
7,vote,15,9
7,execute,9,WEREWOLF
7,attack,10,true
8,status,1,VILLAGER,ALIVE,wolf1
8,status,2,VILLAGER,ALIVE,SampleRoleAssignPlayer
8,status,3,POSSESSED,DEAD,SampleRoleAssignPlayer
8,status,4,VILLAGER,DEAD,SampleRoleAssignPlayer
8,status,5,WEREWOLF,DEAD,SampleRoleAssignPlayer
8,status,6,VILLAGER,DEAD,SampleRoleAssignPlayer
8,status,7,BODYGUARD,DEAD,SampleRoleAssignPlayer
8,status,8,MEDIUM,DEAD,SampleRoleAssignPlayer
8,status,9,WEREWOLF,DEAD,SampleRoleAssignPlayer
8,status,10,VILLAGER,DEAD,SampleRoleAssignPlayer
8,status,11,VILLAGER,DEAD,SampleRoleAssignPlayer
8,status,12,WEREWOLF,DEAD,SampleRoleAssignPlayer
8,status,13,VILLAGER,DEAD,SampleRoleAssignPlayer
8,status,14,SEER,DEAD,SampleRoleAssignPlayer
8,status,15,VILLAGER,ALIVE,SampleRoleAssignPlayer
8,result,3,0,VILLAGER
