0,status,1,VILLAGER,ALIVE,wolf1
0,status,2,SEER,ALIVE,SampleRoleAssignPlayer
0,status,3,WEREWOLF,ALIVE,SampleRoleAssignPlayer
0,status,4,VILLAGER,ALIVE,SampleRoleAssignPlayer
0,status,5,VILLAGER,ALIVE,SampleRoleAssignPlayer
0,status,6,WEREWOLF,ALIVE,SampleRoleAssignPlayer
0,status,7,POSSESSED,ALIVE,SampleRoleAssignPlayer
0,status,8,VILLAGER,ALIVE,SampleRoleAssignPlayer
0,status,9,MEDIUM,ALIVE,SampleRoleAssignPlayer
0,status,10,VILLAGER,ALIVE,SampleRoleAssignPlayer
0,status,11,BODYGUARD,ALIVE,SampleRoleAssignPlayer
0,status,12,VILLAGER,ALIVE,SampleRoleAssignPlayer
0,status,13,VILLAGER,ALIVE,SampleRoleAssignPlayer
0,status,14,VILLAGER,ALIVE,SampleRoleAssignPlayer
0,status,15,WEREWOLF,ALIVE,SampleRoleAssignPlayer
0,whisper,0,0,6,COMINGOUT Agent[06] VILLAGER
0,whisper,1,0,15,COMINGOUT Agent[15] MEDIUM
0,whisper,2,0,3,COMINGOUT Agent[03] MEDIUM
0,whisper,3,1,6,COMINGOUT Agent[06] SEER
0,whisper,4,1,15,Skip
0,whisper,5,1,3,COMINGOUT Agent[03] VILLAGER
0,whisper,6,2,15,Skip
0,whisper,7,2,6,DIVINED Agent[05] HUMAN
0,whisper,8,2,3,Skip
0,whisper,9,3,3,Skip
0,whisper,10,3,6,Skip
0,whisper,11,3,15,Over
0,whisper,12,4,15,Over
0,whisper,13,4,3,Over
0,whisper,14,4,6,Skip
0,whisper,15,5,15,Over
0,whisper,16,5,3,Over
0,whisper,17,5,6,Over
0,divine,2,11,HUMAN
1,status,1,VILLAGER,ALIVE,wolf1
1,status,2,SEER,ALIVE,SampleRoleAssignPlayer
1,status,3,WEREWOLF,ALIVE,SampleRoleAssignPlayer
1,status,4,VILLAGER,ALIVE,SampleRoleAssignPlayer
1,status,5,VILLAGER,ALIVE,SampleRoleAssignPlayer
1,status,6,WEREWOLF,ALIVE,SampleRoleAssignPlayer
1,status,7,POSSESSED,ALIVE,SampleRoleAssignPlayer
1,status,8,VILLAGER,ALIVE,SampleRoleAssignPlayer
1,status,9,MEDIUM,ALIVE,SampleRoleAssignPlayer
1,status,10,VILLAGER,ALIVE,SampleRoleAssignPlayer
1,status,11,BODYGUARD,ALIVE,SampleRoleAssignPlayer
1,status,12,VILLAGER,ALIVE,SampleRoleAssignPlayer
1,status,13,VILLAGER,ALIVE,SampleRoleAssignPlayer
1,status,14,VILLAGER,ALIVE,SampleRoleAssignPlayer
1,status,15,WEREWOLF,ALIVE,SampleRoleAssignPlayer
1,talk,0,0,8,VOTE Agent[09]
1,talk,1,0,12,VOTE Agent[06]
1,talk,2,0,5,VOTE Agent[11]
1,talk,3,0,11,VOTE Agent[15]
1,talk,4,0,6,VOTE Agent[10]
1,talk,5,0,4,VOTE Agent[07]
1,talk,6,0,13,VOTE Agent[02]
1,talk,7,0,2,COMINGOUT Agent[02] SEER
1,talk,8,0,3,VOTE Agent[12]
1,talk,9,0,14,VOTE Agent[08]
1,talk,10,0,9,VOTE Agent[14]
1,talk,11,0,10,VOTE Agent[14]
1,talk,12,0,7,COMINGOUT Agent[07] SEER
1,talk,13,0,15,VOTE Agent[05]
1,talk,14,0,1,VOTE Agent[07]
1,talk,15,1,6,REQUEST(VOTE Agent[10])
1,talk,16,1,2,DIVINED Agent[11] HUMAN
1,talk,17,1,14,Skip
1,talk,18,1,9,Skip
1,talk,19,1,1,ESTIMATE Agent[07] WEREWOLF
1,talk,20,1,12,Skip
1,talk,21,1,11,Skip
1,talk,22,1,10,Skip
1,talk,23,1,8,Skip
1,talk,24,1,13,Skip
1,talk,25,1,7,DIVINED Agent[14] WEREWOLF
1,talk,26,1,5,Skip
1,talk,27,1,3,REQUEST(VOTE Agent[12])
1,talk,28,1,15,REQUEST(VOTE Agent[05])
1,talk,29,1,4,Skip
1,talk,30,2,13,DISAGREE TALK day1 ID:19
1,talk,31,2,12,ESTIMATE Agent[02] SEER
1,talk,32,2,9,ESTIMATE Agent[02] SEER
1,talk,33,2,6,VOTE Agent[02]
1,talk,34,2,7,VOTE Agent[14]
1,talk,35,2,10,DISAGREE TALK day1 ID:19
1,talk,36,2,5,DISAGREE TALK day1 ID:19
1,talk,37,2,11,ESTIMATE Agent[02] SEER
1,talk,38,2,15,Skip
1,talk,39,2,2,VOTE Agent[07]
1,talk,40,2,14,ESTIMATE Agent[02] SEER
1,talk,41,2,8,ESTIMATE Agent[02] SEER
1,talk,42,2,4,ESTIMATE Agent[02] SEER
1,talk,43,2,1,ESTIMATE Agent[08] WEREWOLF
1,talk,44,2,3,Skip
1,talk,45,3,8,ESTIMATE Agent[14] WEREWOLF
1,talk,46,3,13,ESTIMATE Agent[07] SEER
1,talk,47,3,3,Skip
1,talk,48,3,15,Skip
1,talk,49,3,7,REQUEST(VOTE Agent[14])
1,talk,50,3,4,ESTIMATE Agent[14] WEREWOLF
1,talk,51,3,2,Skip
1,talk,52,3,9,Skip
1,talk,53,3,12,ESTIMATE Agent[14] WEREWOLF
1,talk,54,3,11,ESTIMATE Agent[14] WEREWOLF
1,talk,55,3,6,REQUEST(VOTE Agent[02])
1,talk,56,3,1,ESTIMATE Agent[10] WEREWOLF
1,talk,57,3,14,AGREE TALK day1 ID:19
1,talk,58,3,10,ESTIMATE Agent[07] SEER
1,talk,59,3,5,ESTIMATE Agent[07] SEER
1,talk,60,4,5,ESTIMATE Agent[14] WEREWOLF
1,talk,61,4,14,ESTIMATE Agent[07] WEREWOLF
1,talk,62,4,11,REQUEST(Agent[02] DIVINATION Agent[14])
1,talk,63,4,10,Skip
1,talk,64,4,4,REQUEST(Agent[02] DIVINATION Agent[14])
1,talk,65,4,6,COMINGOUT Agent[06] SEER
1,talk,66,4,1,VOTE Agent[14]
1,talk,67,4,12,REQUEST(Agent[02] DIVINATION Agent[14])
1,talk,68,4,9,Skip
1,talk,69,4,13,ESTIMATE Agent[14] WEREWOLF
1,talk,70,4,2,Skip
1,talk,71,4,15,Over
1,talk,72,4,7,Skip
1,talk,73,4,8,REQUEST(Agent[02] DIVINATION Agent[14])
1,talk,74,4,3,Over
1,talk,75,5,4,VOTE Agent[14]
1,talk,76,5,7,Skip
1,talk,77,5,3,Over
1,talk,78,5,1,ESTIMATE Agent[02] WEREWOLF
1,talk,79,5,11,VOTE Agent[14]
1,talk,80,5,6,DIVINED Agent[05] HUMAN
1,talk,81,5,8,VOTE Agent[14]
1,talk,82,5,9,Over
1,talk,83,5,12,VOTE Agent[14]
1,talk,84,5,15,Over
1,talk,85,5,2,Over
1,talk,86,5,14,REQUEST(Agent[02] DIVINATION Agent[07])
1,talk,87,5,5,REQUEST(Agent[07] DIVINATION Agent[14])
1,talk,88,5,13,REQUEST(Agent[07] DIVINATION Agent[14])
1,talk,89,5,10,Skip
1,talk,90,6,10,Over
1,talk,91,6,7,Over
1,talk,92,6,8,Skip
1,talk,93,6,13,VOTE Agent[14]
1,talk,94,6,4,Skip
1,talk,95,6,5,VOTE Agent[14]
1,talk,96,6,15,Over
1,talk,97,6,9,Over
1,talk,98,6,2,Over
1,talk,99,6,6,Skip
1,talk,100,6,11,Skip
1,talk,101,6,12,Skip
1,talk,102,6,14,VOTE Agent[07]
1,talk,103,6,1,ESTIMATE Agent[13] WEREWOLF
1,talk,104,6,3,Over
1,talk,105,7,13,Skip
1,talk,106,7,4,Skip
1,talk,107,7,14,Skip
1,talk,108,7,15,Over
1,talk,109,7,3,Over
1,talk,110,7,8,Skip
1,talk,111,7,2,Over
1,talk,112,7,1,Over
1,talk,113,7,10,Over
1,talk,114,7,9,Over
1,talk,115,7,11,Skip
1,talk,116,7,7,Over
1,talk,117,7,12,Skip
1,talk,118,7,6,Skip
1,talk,119,7,5,Skip
1,talk,120,8,10,Over
1,talk,121,8,2,Over
1,talk,122,8,11,Over
1,talk,123,8,1,Over
1,talk,124,8,12,Over
1,talk,125,8,4,Over
1,talk,126,8,3,Over
1,talk,127,8,8,Over
1,talk,128,8,9,Over
1,talk,129,8,7,Over
1,talk,130,8,6,Over
1,talk,131,8,13,Skip
1,talk,132,8,15,Over
1,talk,133,8,14,Skip
1,talk,134,8,5,Skip
1,talk,135,9,10,Over
1,talk,136,9,15,Over
1,talk,137,9,1,Over
1,talk,138,9,9,Over
1,talk,139,9,8,Over
1,talk,140,9,3,Over
1,talk,141,9,6,Over
1,talk,142,9,14,Over
1,talk,143,9,2,Over
1,talk,144,9,5,Over
1,talk,145,9,13,Over
1,talk,146,9,11,Over
1,talk,147,9,12,Over
1,talk,148,9,7,Over
1,talk,149,9,4,Over
1,vote,1,14
1,vote,2,7
1,vote,3,12
1,vote,4,14
1,vote,5,14
1,vote,6,2
1,vote,7,14
1,vote,8,14
1,vote,9,14
1,vote,10,14
1,vote,11,14
1,vote,12,14
1,vote,13,14
1,vote,14,7
1,vote,15,5
1,execute,14,VILLAGER
1,divine,2,7,HUMAN
1,whisper,0,0,15,ESTIMATE Agent[07] POSSESSED
1,whisper,1,0,3,ESTIMATE Agent[07] POSSESSED
1,whisper,2,0,6,ESTIMATE Agent[07] POSSESSED
1,whisper,3,1,6,ATTACK Agent[02]
1,whisper,4,1,15,ATTACK Agent[02]
1,whisper,5,1,3,ATTACK Agent[02]
1,whisper,6,2,6,REQUEST(ATTACK Agent[02])
1,whisper,7,2,15,REQUEST(ATTACK Agent[02])
1,whisper,8,2,3,REQUEST(ATTACK Agent[02])
1,whisper,9,3,15,IDENTIFIED Agent[14] WEREWOLF
1,whisper,10,3,3,Skip
1,whisper,11,3,6,DIVINED Agent[15] HUMAN
1,whisper,12,4,3,Skip
1,whisper,13,4,15,Skip
1,whisper,14,4,6,Skip
1,whisper,15,5,15,Skip
1,whisper,16,5,3,Over
1,whisper,17,5,6,Skip
1,whisper,18,6,15,Over
1,whisper,19,6,6,Over
1,whisper,20,6,3,Over
1,guard,11,2,SEER
1,attackVote,3,2
1,attackVote,6,2
1,attackVote,15,2
1,attack,2,false
2,status,1,VILLAGER,ALIVE,wolf1
2,status,2,SEER,ALIVE,SampleRoleAssignPlayer
2,status,3,WEREWOLF,ALIVE,SampleRoleAssignPlayer
2,status,4,VILLAGER,ALIVE,SampleRoleAssignPlayer
2,status,5,VILLAGER,ALIVE,SampleRoleAssignPlayer
2,status,6,WEREWOLF,ALIVE,SampleRoleAssignPlayer
2,status,7,POSSESSED,ALIVE,SampleRoleAssignPlayer
2,status,8,VILLAGER,ALIVE,SampleRoleAssignPlayer
2,status,9,MEDIUM,ALIVE,SampleRoleAssignPlayer
2,status,10,VILLAGER,ALIVE,SampleRoleAssignPlayer
2,status,11,BODYGUARD,ALIVE,SampleRoleAssignPlayer
2,status,12,VILLAGER,ALIVE,SampleRoleAssignPlayer
2,status,13,VILLAGER,ALIVE,SampleRoleAssignPlayer
2,status,14,VILLAGER,DEAD,SampleRoleAssignPlayer
2,status,15,WEREWOLF,ALIVE,SampleRoleAssignPlayer
2,talk,0,0,11,VOTE Agent[08]
2,talk,1,0,13,VOTE Agent[03]
2,talk,2,0,4,VOTE Agent[09]
2,talk,3,0,12,VOTE Agent[08]
2,talk,4,0,3,VOTE Agent[08]
2,talk,5,0,6,DIVINED Agent[15] HUMAN
2,talk,6,0,5,VOTE Agent[08]
2,talk,7,0,1,VOTE Agent[10]
2,talk,8,0,9,COMINGOUT Agent[09] MEDIUM
2,talk,9,0,7,DIVINED Agent[12] HUMAN
2,talk,10,0,2,DIVINED Agent[07] HUMAN
2,talk,11,0,10,VOTE Agent[06]
2,talk,12,0,8,VOTE Agent[01]
2,talk,13,0,15,VOTE Agent[08]
2,talk,14,1,3,REQUEST(VOTE Agent[08])
2,talk,15,1,5,Skip
2,talk,16,1,15,REQUEST(VOTE Agent[08])
2,talk,17,1,11,Skip
2,talk,18,1,6,VOTE Agent[02]
2,talk,19,1,4,Skip
2,talk,20,1,7,VOTE Agent[06]
2,talk,21,1,9,IDENTIFIED Agent[14] HUMAN
2,talk,22,1,13,Skip
2,talk,23,1,2,ESTIMATE Agent[06] WEREWOLF
2,talk,24,1,8,Skip
2,talk,25,1,10,Skip
2,talk,26,1,1,ESTIMATE Agent[07] WEREWOLF
2,talk,27,1,12,Skip
2,talk,28,2,10,Skip
2,talk,29,2,3,Skip
2,talk,30,2,1,ESTIMATE Agent[08] WEREWOLF
2,talk,31,2,11,Skip
2,talk,32,2,9,AGREE TALK day1 ID:19
2,talk,33,2,5,Skip
2,talk,34,2,4,Skip
2,talk,35,2,13,Skip
2,talk,36,2,8,Skip
2,talk,37,2,2,VOTE Agent[06]
2,talk,38,2,15,COMINGOUT Agent[15] MEDIUM
2,talk,39,2,7,REQUEST(VOTE Agent[06])
2,talk,40,2,6,REQUEST(VOTE Agent[02])
2,talk,41,2,12,Skip
2,talk,42,3,13,Over
2,talk,43,3,3,Skip
2,talk,44,3,15,IDENTIFIED Agent[14] WEREWOLF
2,talk,45,3,10,Over
2,talk,46,3,8,Over
2,talk,47,3,5,Over
2,talk,48,3,12,Over
2,talk,49,3,7,Skip
2,talk,50,3,6,Skip
2,talk,51,3,11,Over
2,talk,52,3,1,ESTIMATE Agent[09] WEREWOLF
2,talk,53,3,2,Skip
2,talk,54,3,9,DISAGREE TALK day1 ID:46
2,talk,55,3,4,Over
2,talk,56,4,4,Over
2,talk,57,4,15,VOTE Agent[09]
2,talk,58,4,7,Skip
2,talk,59,4,8,Over
2,talk,60,4,9,DISAGREE TALK day1 ID:58
2,talk,61,4,10,Over
2,talk,62,4,6,Skip
2,talk,63,4,5,Over
2,talk,64,4,2,Skip
2,talk,65,4,3,Over
2,talk,66,4,12,Over
2,talk,67,4,13,Over
2,talk,68,4,1,VOTE Agent[15]
2,talk,69,4,11,Over
2,talk,70,5,2,Over
2,talk,71,5,13,Over
2,talk,72,5,11,Over
2,talk,73,5,7,Over
2,talk,74,5,4,Over
2,talk,75,5,8,Over
2,talk,76,5,15,REQUEST(VOTE Agent[09])
2,talk,77,5,10,Over
2,talk,78,5,9,DISAGREE TALK day1 ID:59
2,talk,79,5,3,Over
2,talk,80,5,6,Over
2,talk,81,5,12,Over
2,talk,82,5,1,ESTIMATE Agent[06] WEREWOLF
2,talk,83,5,5,Over
2,talk,84,6,15,Skip
2,talk,85,6,11,Over
2,talk,86,6,8,Over
2,talk,87,6,6,Over
2,talk,88,6,7,Over
2,talk,89,6,10,Over
2,talk,90,6,4,Over
2,talk,91,6,2,Over
2,talk,92,6,13,Over
2,talk,93,6,9,AGREE TALK day1 ID:61
2,talk,94,6,1,ESTIMATE Agent[13] WEREWOLF
2,talk,95,6,12,Over
2,talk,96,6,3,Over
2,talk,97,6,5,Over
2,talk,98,7,3,Over
2,talk,99,7,13,Over
2,talk,100,7,6,Over
2,talk,101,7,1,ESTIMATE Agent[15] WEREWOLF
2,talk,102,7,15,Skip
2,talk,103,7,5,Over
2,talk,104,7,2,Over
2,talk,105,7,9,ESTIMATE Agent[07] WEREWOLF
2,talk,106,7,11,Over
2,talk,107,7,4,Over
2,talk,108,7,10,Over
2,talk,109,7,7,Over
2,talk,110,7,12,Over
2,talk,111,7,8,Over
2,talk,112,8,11,Over
2,talk,113,8,6,Over
2,talk,114,8,15,Over
2,talk,115,8,5,Over
2,talk,116,8,4,Over
2,talk,117,8,1,Over
2,talk,118,8,2,Over
2,talk,119,8,8,Over
2,talk,120,8,13,Over
2,talk,121,8,12,Over
2,talk,122,8,7,Over
2,talk,123,8,9,REQUEST(Agent[02] DIVINATION Agent[07])
2,talk,124,8,10,Over
2,talk,125,8,3,Over
2,talk,126,9,4,Over
2,talk,127,9,10,Over
2,talk,128,9,7,Over
2,talk,129,9,6,Over
2,talk,130,9,9,VOTE Agent[07]
2,talk,131,9,11,Over
2,talk,132,9,12,Over
2,talk,133,9,8,Over
2,talk,134,9,3,Over
2,talk,135,9,2,Over
2,talk,136,9,15,Over
2,talk,137,9,1,Over
2,talk,138,9,5,Over
2,talk,139,9,13,Over
2,talk,140,10,12,Over
2,talk,141,10,9,Over
2,talk,142,10,2,Over
2,talk,143,10,15,Over
2,talk,144,10,10,Over
2,talk,145,10,6,Over
2,talk,146,10,13,Over
2,talk,147,10,11,Over
2,talk,148,10,5,Over
2,talk,149,10,8,Over
2,talk,150,10,7,Over
2,talk,151,10,4,Over
2,talk,152,10,1,Over
2,talk,153,10,3,Over
2,vote,1,15
2,vote,2,6
2,vote,3,8
2,vote,4,9
2,vote,5,8
2,vote,6,2
2,vote,7,6
2,vote,8,1
2,vote,9,7
2,vote,10,6
2,vote,11,8
2,vote,12,8
2,vote,13,3
2,vote,15,9
2,execute,8,VILLAGER
2,divine,2,6,WEREWOLF
2,whisper,0,0,3,ATTACK Agent[02]
2,whisper,1,0,15,ATTACK Agent[02]
2,whisper,2,0,6,ATTACK Agent[09]
2,whisper,3,1,6,REQUEST(ATTACK Agent[09])
2,whisper,4,1,3,REQUEST(ATTACK Agent[02])
2,whisper,5,1,15,REQUEST(ATTACK Agent[02])
2,whisper,6,2,6,DIVINED Agent[09] WEREWOLF
2,whisper,7,2,15,IDENTIFIED Agent[08] WEREWOLF
2,whisper,8,2,3,Skip
2,whisper,9,3,3,Skip
2,whisper,10,3,15,Skip
2,whisper,11,3,6,Skip
2,whisper,12,4,6,Skip
2,whisper,13,4,3,Over
2,whisper,14,4,15,Skip
2,whisper,15,5,3,Over
2,whisper,16,5,6,Over
2,whisper,17,5,15,Over
2,guard,11,2,SEER
2,attackVote,3,2
2,attackVote,6,9
2,attackVote,15,2
2,attack,2,false
3,status,1,VILLAGER,ALIVE,wolf1
3,status,2,SEER,ALIVE,SampleRoleAssignPlayer
3,status,3,WEREWOLF,ALIVE,SampleRoleAssignPlayer
3,status,4,VILLAGER,ALIVE,SampleRoleAssignPlayer
3,status,5,VILLAGER,ALIVE,SampleRoleAssignPlayer
3,status,6,WEREWOLF,ALIVE,SampleRoleAssignPlayer
3,status,7,POSSESSED,ALIVE,SampleRoleAssignPlayer
3,status,8,VILLAGER,DEAD,SampleRoleAssignPlayer
3,status,9,MEDIUM,ALIVE,SampleRoleAssignPlayer
3,status,10,VILLAGER,ALIVE,SampleRoleAssignPlayer
3,status,11,BODYGUARD,ALIVE,SampleRoleAssignPlayer
3,status,12,VILLAGER,ALIVE,SampleRoleAssignPlayer
3,status,13,VILLAGER,ALIVE,SampleRoleAssignPlayer
3,status,14,VILLAGER,DEAD,SampleRoleAssignPlayer
3,status,15,WEREWOLF,ALIVE,SampleRoleAssignPlayer
3,talk,0,0,5,VOTE Agent[11]
3,talk,1,0,13,VOTE Agent[09]
3,talk,2,0,6,DIVINED Agent[09] WEREWOLF
3,talk,3,0,7,DIVINED Agent[01] HUMAN
3,talk,4,0,15,IDENTIFIED Agent[08] WEREWOLF
3,talk,5,0,12,VOTE Agent[04]
3,talk,6,0,9,IDENTIFIED Agent[08] HUMAN
3,talk,7,0,2,DIVINED Agent[06] WEREWOLF
3,talk,8,0,1,VOTE Agent[15]
3,talk,9,0,11,VOTE Agent[06]
3,talk,10,0,3,VOTE Agent[04]
3,talk,11,0,10,VOTE Agent[11]
3,talk,12,0,4,VOTE Agent[06]
3,talk,13,1,7,VOTE Agent[14]
3,talk,14,1,15,VOTE Agent[09]
3,talk,15,1,1,ESTIMATE Agent[06] WEREWOLF
3,talk,16,1,13,Skip
3,talk,17,1,4,Skip
3,talk,18,1,5,AGREE TALK day2 ID:23
3,talk,19,1,9,AGREE TALK day2 ID:101
3,talk,20,1,11,Skip
3,talk,21,1,2,REQUEST(VOTE Agent[06])
3,talk,22,1,3,REQUEST(VOTE Agent[04])
3,talk,23,1,10,AGREE TALK day2 ID:23
3,talk,24,1,6,VOTE Agent[09]
3,talk,25,1,12,AGREE TALK day2 ID:23
3,talk,26,2,15,REQUEST(VOTE Agent[09])
3,talk,27,2,11,Skip
3,talk,28,2,3,Skip
3,talk,29,2,10,AGREE TALK day2 ID:82
3,talk,30,2,4,Skip
3,talk,31,2,13,Skip
3,talk,32,2,7,REQUEST(VOTE Agent[14])
3,talk,33,2,1,ESTIMATE Agent[13] WEREWOLF
3,talk,34,2,12,AGREE TALK day2 ID:82
3,talk,35,2,6,REQUEST(VOTE Agent[09])
3,talk,36,2,5,AGREE TALK day2 ID:82
3,talk,37,2,9,ESTIMATE Agent[15] WEREWOLF
3,talk,38,2,2,VOTE Agent[06]
3,talk,39,3,1,ESTIMATE Agent[15] WEREWOLF
3,talk,40,3,6,Skip
3,talk,41,3,5,ESTIMATE Agent[06] WEREWOLF
3,talk,42,3,13,Over
3,talk,43,3,12,ESTIMATE Agent[06] WEREWOLF
3,talk,44,3,9,REQUEST(Agent[02] DIVINATION Agent[15])
3,talk,45,3,10,ESTIMATE Agent[06] WEREWOLF
3,talk,46,3,7,Skip
3,talk,47,3,11,Over
3,talk,48,3,2,Skip
3,talk,49,3,3,Skip
3,talk,50,3,4,Over
3,talk,51,3,15,Skip
3,talk,52,4,15,Skip
3,talk,53,4,9,VOTE Agent[15]
3,talk,54,4,1,ESTIMATE Agent[02] SEER
3,talk,55,4,11,Over
3,talk,56,4,6,Skip
3,talk,57,4,4,Over
3,talk,58,4,10,REQUEST(Agent[07] DIVINATION Agent[06])
3,talk,59,4,5,REQUEST(Agent[07] DIVINATION Agent[06])
3,talk,60,4,13,Over
3,talk,61,4,2,Skip
3,talk,62,4,3,Over
3,talk,63,4,12,REQUEST(Agent[02] DIVINATION Agent[06])
3,talk,64,4,7,Skip
3,talk,65,5,10,VOTE Agent[06]
3,talk,66,5,5,VOTE Agent[06]
3,talk,67,5,3,Over
3,talk,68,5,1,ESTIMATE Agent[05] VILLAGER
3,talk,69,5,11,Over
3,talk,70,5,15,Over
3,talk,71,5,4,Over
3,talk,72,5,2,Over
3,talk,73,5,7,Over
3,talk,74,5,12,VOTE Agent[06]
3,talk,75,5,6,Over
3,talk,76,5,13,Over
3,talk,77,5,9,Skip
3,talk,78,6,3,Over
3,talk,79,6,7,Over
3,talk,80,6,10,Skip
3,talk,81,6,9,Skip
3,talk,82,6,2,Over
3,talk,83,6,12,Skip
3,talk,84,6,15,Over
3,talk,85,6,4,Over
3,talk,86,6,11,Over
3,talk,87,6,1,ESTIMATE Agent[09] MEDIUM
3,talk,88,6,13,Over
3,talk,89,6,5,Skip
3,talk,90,6,6,Over
3,talk,91,7,5,Skip
3,talk,92,7,2,Over
3,talk,93,7,15,Over
3,talk,94,7,7,Over
3,talk,95,7,10,Skip
3,talk,96,7,9,Over
3,talk,97,7,4,Over
3,talk,98,7,11,Over
3,talk,99,7,12,Skip
3,talk,100,7,1,ESTIMATE Agent[10] VILLAGER
3,talk,101,7,13,Over
3,talk,102,7,3,Over
3,talk,103,7,6,Over
3,talk,104,8,9,Over
3,talk,105,8,4,Over
3,talk,106,8,6,Over
3,talk,107,8,1,ESTIMATE Agent[11] VILLAGER
3,talk,108,8,15,Over
3,talk,109,8,2,Over
3,talk,110,8,10,Over
3,talk,111,8,3,Over
3,talk,112,8,13,Over
3,talk,113,8,11,Over
3,talk,114,8,5,Over
3,talk,115,8,12,Over
3,talk,116,8,7,Over
3,talk,117,9,15,Over
3,talk,118,9,7,Over
3,talk,119,9,1,Over
3,talk,120,9,12,Over
3,talk,121,9,4,Over
3,talk,122,9,9,Over
3,talk,123,9,2,Over
3,talk,124,9,13,Over
3,talk,125,9,11,Over
3,talk,126,9,6,Over
3,talk,127,9,10,Over
3,talk,128,9,5,Over
3,talk,129,9,3,Over
3,vote,1,15
3,vote,2,6
3,vote,3,4
3,vote,4,6
3,vote,5,6
3,vote,6,9
3,vote,7,15
3,vote,9,15
3,vote,10,6
3,vote,11,6
3,vote,12,6
3,vote,13,9
3,vote,15,9
3,execute,6,WEREWOLF
3,whisper,0,0,15,ATTACK Agent[02]
3,whisper,1,0,3,ATTACK Agent[09]
3,whisper,2,1,15,REQUEST(ATTACK Agent[02])
3,whisper,3,1,3,REQUEST(ATTACK Agent[09])
3,whisper,4,2,3,Skip
3,whisper,5,2,15,IDENTIFIED Agent[06] HUMAN
3,whisper,6,3,15,Skip
3,whisper,7,3,3,Skip
3,whisper,8,4,3,Over
3,whisper,9,4,15,Skip
3,whisper,10,5,15,Over
3,whisper,11,5,3,Over
3,guard,11,2,SEER
3,attackVote,3,9
3,attackVote,15,2
3,attackVote,3,9
3,attackVote,15,2
3,attack,2,false
4,status,1,VILLAGER,ALIVE,wolf1
4,status,2,SEER,ALIVE,SampleRoleAssignPlayer
4,status,3,WEREWOLF,ALIVE,SampleRoleAssignPlayer
4,status,4,VILLAGER,ALIVE,SampleRoleAssignPlayer
4,status,5,VILLAGER,ALIVE,SampleRoleAssignPlayer
4,status,6,WEREWOLF,DEAD,SampleRoleAssignPlayer
4,status,7,POSSESSED,ALIVE,SampleRoleAssignPlayer
4,status,8,VILLAGER,DEAD,SampleRoleAssignPlayer
4,status,9,MEDIUM,ALIVE,SampleRoleAssignPlayer
4,status,10,VILLAGER,ALIVE,SampleRoleAssignPlayer
4,status,11,BODYGUARD,ALIVE,SampleRoleAssignPlayer
4,status,12,VILLAGER,ALIVE,SampleRoleAssignPlayer
4,status,13,VILLAGER,ALIVE,SampleRoleAssignPlayer
4,status,14,VILLAGER,DEAD,SampleRoleAssignPlayer
4,status,15,WEREWOLF,ALIVE,SampleRoleAssignPlayer
4,talk,0,0,1,VOTE Agent[07]
4,talk,1,0,3,VOTE Agent[12]
4,talk,2,0,15,IDENTIFIED Agent[06] HUMAN
4,talk,3,0,4,AGREE TALK day2 ID:52
4,talk,4,0,9,IDENTIFIED Agent[06] WEREWOLF
4,talk,5,0,11,AGREE TALK day2 ID:52
4,talk,6,0,12,AGREE TALK day2 ID:52
4,talk,7,0,13,AGREE TALK day2 ID:52
4,talk,8,0,10,AGREE TALK day2 ID:52
4,talk,9,0,5,AGREE TALK day2 ID:52
4,talk,10,0,7,DIVINED Agent[11] HUMAN
4,talk,11,0,2,VOTE Agent[05]
4,talk,12,1,9,AGREE TALK day2 ID:101
4,talk,13,1,3,REQUEST(VOTE Agent[12])
4,talk,14,1,1,ESTIMATE Agent[06] WEREWOLF
4,talk,15,1,12,DISAGREE TALK day3 ID:87
4,talk,16,1,15,VOTE Agent[09]
4,talk,17,1,2,AGREE TALK day2 ID:101
4,talk,18,1,13,DISAGREE TALK day3 ID:87
4,talk,19,1,11,DISAGREE TALK day3 ID:87
4,talk,20,1,4,DISAGREE TALK day3 ID:87
4,talk,21,1,5,DISAGREE TALK day3 ID:87
4,talk,22,1,7,VOTE Agent[02]
4,talk,23,1,10,DISAGREE TALK day3 ID:87
4,talk,24,2,10,ESTIMATE Agent[09] WEREWOLF
4,talk,25,2,5,ESTIMATE Agent[09] WEREWOLF
4,talk,26,2,15,REQUEST(VOTE Agent[09])
4,talk,27,2,1,ESTIMATE Agent[13] WEREWOLF
4,talk,28,2,13,ESTIMATE Agent[09] WEREWOLF
4,talk,29,2,11,ESTIMATE Agent[09] WEREWOLF
4,talk,30,2,7,REQUEST(VOTE Agent[02])
4,talk,31,2,12,ESTIMATE Agent[09] WEREWOLF
4,talk,32,2,9,AGREE TALK day3 ID:37
4,talk,33,2,2,AGREE TALK day3 ID:37
4,talk,34,2,3,Skip
4,talk,35,2,4,ESTIMATE Agent[09] WEREWOLF
4,talk,36,3,4,REQUEST(Agent[02] DIVINATION Agent[09])
4,talk,37,3,11,REQUEST(Agent[02] DIVINATION Agent[09])
4,talk,38,3,7,Skip
4,talk,39,3,1,ESTIMATE Agent[15] WEREWOLF
4,talk,40,3,10,REQUEST(Agent[07] DIVINATION Agent[09])
4,talk,41,3,13,REQUEST(Agent[07] DIVINATION Agent[09])
4,talk,42,3,2,AGREE TALK day3 ID:39
4,talk,43,3,15,Skip
4,talk,44,3,3,Skip
4,talk,45,3,9,AGREE TALK day3 ID:39
4,talk,46,3,5,REQUEST(Agent[07] DIVINATION Agent[09])
4,talk,47,3,12,REQUEST(Agent[02] DIVINATION Agent[09])
4,talk,48,4,5,VOTE Agent[09]
4,talk,49,4,10,VOTE Agent[09]
4,talk,50,4,12,VOTE Agent[09]
4,talk,51,4,2,ESTIMATE Agent[15] WEREWOLF
4,talk,52,4,11,VOTE Agent[09]
4,talk,53,4,3,Over
4,talk,54,4,9,ESTIMATE Agent[15] WEREWOLF
4,talk,55,4,7,Skip
4,talk,56,4,1,VOTE Agent[15]
4,talk,57,4,13,VOTE Agent[09]
4,talk,58,4,4,VOTE Agent[09]
4,talk,59,4,15,Skip
4,talk,60,5,15,Over
4,talk,61,5,9,REQUEST(Agent[02] DIVINATION Agent[15])
4,talk,62,5,12,Skip
4,talk,63,5,3,Over
4,talk,64,5,10,Skip
4,talk,65,5,5,Skip
4,talk,66,5,2,VOTE Agent[15]
4,talk,67,5,13,Skip
4,talk,68,5,1,ESTIMATE Agent[02] SEER
4,talk,69,5,4,Skip
4,talk,70,5,7,Over
4,talk,71,5,11,Skip
4,talk,72,6,10,Skip
4,talk,73,6,1,ESTIMATE Agent[05] VILLAGER
4,talk,74,6,9,VOTE Agent[15]
4,talk,75,6,11,Skip
4,talk,76,6,12,Skip
4,talk,77,6,2,Skip
4,talk,78,6,3,Over
4,talk,79,6,5,Skip
4,talk,80,6,15,Over
4,talk,81,6,7,Over
4,talk,82,6,4,Skip
4,talk,83,6,13,Skip
4,talk,84,7,13,Over
4,talk,85,7,3,Over
4,talk,86,7,12,Over
4,talk,87,7,2,Skip
4,talk,88,7,5,Over
4,talk,89,7,15,Over
4,talk,90,7,7,Over
4,talk,91,7,4,Over
4,talk,92,7,11,Over
4,talk,93,7,9,Skip
4,talk,94,7,1,ESTIMATE Agent[09] MEDIUM
4,talk,95,7,10,Over
4,talk,96,8,2,Over
4,talk,97,8,13,Over
4,talk,98,8,12,Over
4,talk,99,8,4,Over
4,talk,100,8,1,ESTIMATE Agent[10] VILLAGER
4,talk,101,8,3,Over
4,talk,102,8,7,Over
4,talk,103,8,11,Over
4,talk,104,8,5,Over
4,talk,105,8,15,Over
4,talk,106,8,10,Over
4,talk,107,8,9,Skip
4,talk,108,9,13,Over
4,talk,109,9,1,ESTIMATE Agent[11] VILLAGER
4,talk,110,9,2,Over
4,talk,111,9,7,Over
4,talk,112,9,12,Over
4,talk,113,9,3,Over
4,talk,114,9,5,Over
4,talk,115,9,9,Over
4,talk,116,9,4,Over
4,talk,117,9,15,Over
4,talk,118,9,10,Over
4,talk,119,9,11,Over
4,talk,120,10,4,Over
4,talk,121,10,1,Over
4,talk,122,10,3,Over
4,talk,123,10,10,Over
4,talk,124,10,12,Over
4,talk,125,10,13,Over
4,talk,126,10,9,Over
4,talk,127,10,7,Over
4,talk,128,10,2,Over
4,talk,129,10,5,Over
4,talk,130,10,11,Over
4,talk,131,10,15,Over
4,vote,1,15
4,vote,2,15
4,vote,3,12
4,vote,4,9
4,vote,5,9
4,vote,7,2
4,vote,9,15
4,vote,10,9
4,vote,11,9
4,vote,12,9
4,vote,13,9
4,vote,15,9
4,execute,9,MEDIUM
4,divine,2,15,WEREWOLF
4,whisper,0,0,15,ATTACK Agent[02]
4,whisper,1,0,3,ATTACK Agent[02]
4,whisper,2,1,15,REQUEST(ATTACK Agent[02])
4,whisper,3,1,3,REQUEST(ATTACK Agent[02])
4,whisper,4,2,15,IDENTIFIED Agent[09] WEREWOLF
4,whisper,5,2,3,Skip
4,whisper,6,3,15,Skip
4,whisper,7,3,3,Skip
4,whisper,8,4,15,Skip
4,whisper,9,4,3,Over
4,whisper,10,5,15,Over
4,whisper,11,5,3,Over
4,guard,11,2,SEER
4,attackVote,3,2
4,attackVote,15,2
4,attack,2,false
5,status,1,VILLAGER,ALIVE,wolf1
5,status,2,SEER,ALIVE,SampleRoleAssignPlayer
5,status,3,WEREWOLF,ALIVE,SampleRoleAssignPlayer
5,status,4,VILLAGER,ALIVE,SampleRoleAssignPlayer
5,status,5,VILLAGER,ALIVE,SampleRoleAssignPlayer
5,status,6,WEREWOLF,DEAD,SampleRoleAssignPlayer
5,status,7,POSSESSED,ALIVE,SampleRoleAssignPlayer
5,status,8,VILLAGER,DEAD,SampleRoleAssignPlayer
5,status,9,MEDIUM,DEAD,SampleRoleAssignPlayer
5,status,10,VILLAGER,ALIVE,SampleRoleAssignPlayer
5,status,11,BODYGUARD,ALIVE,SampleRoleAssignPlayer
5,status,12,VILLAGER,ALIVE,SampleRoleAssignPlayer
5,status,13,VILLAGER,ALIVE,SampleRoleAssignPlayer
5,status,14,VILLAGER,DEAD,SampleRoleAssignPlayer
5,status,15,WEREWOLF,ALIVE,SampleRoleAssignPlayer
5,talk,0,0,7,DIVINED Agent[15] HUMAN
5,talk,1,0,13,VOTE Agent[10]
5,talk,2,0,12,VOTE Agent[04]
5,talk,3,0,2,DIVINED Agent[15] WEREWOLF
5,talk,4,0,11,VOTE Agent[15]
5,talk,5,0,15,IDENTIFIED Agent[09] WEREWOLF
5,talk,6,0,1,VOTE Agent[07]
5,talk,7,0,4,VOTE Agent[11]
5,talk,8,0,10,VOTE Agent[04]
5,talk,9,0,3,VOTE Agent[11]
5,talk,10,0,5,VOTE Agent[15]
5,talk,11,1,5,Skip
5,talk,12,1,2,REQUEST(VOTE Agent[15])
5,talk,13,1,10,AGREE TALK day2 ID:101
5,talk,14,1,4,AGREE TALK day2 ID:101
5,talk,15,1,15,VOTE Agent[12]
5,talk,16,1,7,VOTE Agent[02]
5,talk,17,1,1,ESTIMATE Agent[06] WEREWOLF
5,talk,18,1,13,AGREE TALK day2 ID:101
5,talk,19,1,3,REQUEST(VOTE Agent[11])
5,talk,20,1,11,Skip
5,talk,21,1,12,AGREE TALK day2 ID:101
5,talk,22,2,11,Skip
5,talk,23,2,10,AGREE TALK day3 ID:37
5,talk,24,2,3,Skip
5,talk,25,2,2,VOTE Agent[15]
5,talk,26,2,4,AGREE TALK day3 ID:37
5,talk,27,2,15,REQUEST(VOTE Agent[12])
5,talk,28,2,13,AGREE TALK day3 ID:37
5,talk,29,2,1,ESTIMATE Agent[13] WEREWOLF
5,talk,30,2,7,REQUEST(VOTE Agent[02])
5,talk,31,2,12,AGREE TALK day3 ID:37
5,talk,32,2,5,Skip
5,talk,33,3,7,Skip
5,talk,34,3,15,Skip
5,talk,35,3,11,Over
5,talk,36,3,2,Skip
5,talk,37,3,4,AGREE TALK day3 ID:39
5,talk,38,3,5,Over
5,talk,39,3,10,AGREE TALK day3 ID:39
5,talk,40,3,13,AGREE TALK day3 ID:39
5,talk,41,3,12,AGREE TALK day3 ID:39
5,talk,42,3,3,Skip
5,talk,43,3,1,ESTIMATE Agent[03] WEREWOLF
5,talk,44,4,4,AGREE TALK day4 ID:39
5,talk,45,4,10,AGREE TALK day4 ID:39
5,talk,46,4,15,Skip
5,talk,47,4,3,Over
5,talk,48,4,13,AGREE TALK day4 ID:39
5,talk,49,4,11,Over
5,talk,50,4,7,Skip
5,talk,51,4,1,VOTE Agent[15]
5,talk,52,4,2,Skip
5,talk,53,4,12,AGREE TALK day4 ID:39
5,talk,54,4,5,Over
5,talk,55,5,1,ESTIMATE Agent[15] WEREWOLF
5,talk,56,5,5,Over
5,talk,57,5,11,Over
5,talk,58,5,3,Over
5,talk,59,5,7,Over
5,talk,60,5,13,AGREE TALK day4 ID:51
5,talk,61,5,4,AGREE TALK day4 ID:51
5,talk,62,5,15,Over
5,talk,63,5,2,Over
5,talk,64,5,10,AGREE TALK day4 ID:51
5,talk,65,5,12,AGREE TALK day4 ID:51
5,talk,66,6,11,Over
5,talk,67,6,7,Over
5,talk,68,6,1,ESTIMATE Agent[02] SEER
5,talk,69,6,2,Over
5,talk,70,6,12,AGREE TALK day4 ID:54
5,talk,71,6,3,Over
5,talk,72,6,4,AGREE TALK day4 ID:54
5,talk,73,6,5,Over
5,talk,74,6,10,AGREE TALK day4 ID:54
5,talk,75,6,13,AGREE TALK day4 ID:54
5,talk,76,6,15,Over
5,talk,77,7,11,Over
5,talk,78,7,1,ESTIMATE Agent[05] VILLAGER
5,talk,79,7,4,ESTIMATE Agent[15] WEREWOLF
5,talk,80,7,3,Over
5,talk,81,7,12,ESTIMATE Agent[15] WEREWOLF
5,talk,82,7,2,Over
5,talk,83,7,15,Over
5,talk,84,7,5,Over
5,talk,85,7,10,ESTIMATE Agent[15] WEREWOLF
5,talk,86,7,7,Over
5,talk,87,7,13,ESTIMATE Agent[15] WEREWOLF
5,talk,88,8,4,REQUEST(Agent[02] DIVINATION Agent[15])
5,talk,89,8,13,REQUEST(Agent[07] DIVINATION Agent[15])
5,talk,90,8,11,Over
5,talk,91,8,5,Over
5,talk,92,8,7,Over
5,talk,93,8,15,Over
5,talk,94,8,2,Over
5,talk,95,8,3,Over
5,talk,96,8,12,REQUEST(Agent[02] DIVINATION Agent[15])
5,talk,97,8,1,ESTIMATE Agent[10] VILLAGER
5,talk,98,8,10,REQUEST(Agent[07] DIVINATION Agent[15])
5,talk,99,9,12,VOTE Agent[15]
5,talk,100,9,11,Over
5,talk,101,9,4,VOTE Agent[15]
5,talk,102,9,5,Over
5,talk,103,9,1,ESTIMATE Agent[11] VILLAGER
5,talk,104,9,13,VOTE Agent[15]
5,talk,105,9,7,Over
5,talk,106,9,3,Over
5,talk,107,9,2,Over
5,talk,108,9,10,VOTE Agent[15]
5,talk,109,9,15,Over
5,talk,110,10,15,Over
5,talk,111,10,11,Over
5,talk,112,10,13,Over
5,talk,113,10,7,Over
5,talk,114,10,12,Over
5,talk,115,10,4,Over
5,talk,116,10,2,Over
5,talk,117,10,10,Over
5,talk,118,10,5,Over
5,talk,119,10,3,Over
5,talk,120,10,1,Over
5,vote,1,15
5,vote,2,15
5,vote,3,11
5,vote,4,15
5,vote,5,15
5,vote,7,2
5,vote,10,15
5,vote,11,15
5,vote,12,15
5,vote,13,15
5,vote,15,12
5,execute,15,WEREWOLF
5,guard,11,2,SEER
6,status,1,VILLAGER,ALIVE,wolf1
6,status,2,SEER,ALIVE,SampleRoleAssignPlayer
6,status,3,WEREWOLF,ALIVE,SampleRoleAssignPlayer
6,status,4,VILLAGER,ALIVE,SampleRoleAssignPlayer
6,status,5,VILLAGER,ALIVE,SampleRoleAssignPlayer
6,status,6,WEREWOLF,DEAD,SampleRoleAssignPlayer
6,status,7,POSSESSED,ALIVE,SampleRoleAssignPlayer
6,status,8,VILLAGER,DEAD,SampleRoleAssignPlayer
6,status,9,MEDIUM,DEAD,SampleRoleAssignPlayer
6,status,10,VILLAGER,ALIVE,SampleRoleAssignPlayer
6,status,11,BODYGUARD,ALIVE,SampleRoleAssignPlayer
6,status,12,VILLAGER,ALIVE,SampleRoleAssignPlayer
6,status,13,VILLAGER,ALIVE,SampleRoleAssignPlayer
6,status,14,VILLAGER,DEAD,SampleRoleAssignPlayer
6,status,15,WEREWOLF,DEAD,SampleRoleAssignPlayer
6,talk,0,0,3,VOTE Agent[13]
6,talk,1,0,2,VOTE Agent[05]
6,talk,2,0,4,VOTE Agent[12]
6,talk,3,0,1,VOTE Agent[07]
6,talk,4,0,13,VOTE Agent[03]
6,talk,5,0,7,DIVINED Agent[03] HUMAN
6,talk,6,0,11,VOTE Agent[02]
6,talk,7,0,10,VOTE Agent[13]
6,talk,8,0,12,VOTE Agent[11]
6,talk,9,0,5,VOTE Agent[13]
6,talk,10,1,4,Skip
6,talk,11,1,11,Skip
6,talk,12,1,1,ESTIMATE Agent[03] WEREWOLF
6,talk,13,1,10,Skip
6,talk,14,1,3,REQUEST(VOTE Agent[13])
6,talk,15,1,2,Skip
6,talk,16,1,7,VOTE Agent[14]
6,talk,17,1,5,Skip
6,talk,18,1,12,Skip
6,talk,19,1,13,Skip
6,talk,20,2,12,Skip
6,talk,21,2,11,Skip
6,talk,22,2,3,Skip
6,talk,23,2,7,REQUEST(VOTE Agent[14])
6,talk,24,2,4,Skip
6,talk,25,2,2,Skip
6,talk,26,2,10,Skip
6,talk,27,2,5,Skip
6,talk,28,2,1,ESTIMATE Agent[06] WEREWOLF
6,talk,29,2,13,Skip
6,talk,30,3,12,Over
6,talk,31,3,4,Over
6,talk,32,3,13,Over
6,talk,33,3,10,Over
6,talk,34,3,11,Over
6,talk,35,3,7,Skip
6,talk,36,3,3,Skip
6,talk,37,3,1,ESTIMATE Agent[15] WEREWOLF
6,talk,38,3,5,Over
6,talk,39,3,2,Over
6,talk,40,4,11,Over
6,talk,41,4,4,Over
6,talk,42,4,13,Over
6,talk,43,4,5,Over
6,talk,44,4,1,VOTE Agent[03]
6,talk,45,4,10,Over
6,talk,46,4,3,Over
6,talk,47,4,12,Over
6,talk,48,4,2,Over
6,talk,49,4,7,Skip
6,talk,50,5,5,Over
6,talk,51,5,2,Over
6,talk,52,5,10,Over
6,talk,53,5,7,Over
6,talk,54,5,4,Over
6,talk,55,5,12,Over
6,talk,56,5,1,ESTIMATE Agent[02] SEER
6,talk,57,5,11,Over
6,talk,58,5,3,Over
6,talk,59,5,13,Over
6,talk,60,6,13,Over
6,talk,61,6,10,Over
6,talk,62,6,3,Over
6,talk,63,6,5,Over
6,talk,64,6,12,Over
6,talk,65,6,4,Over
6,talk,66,6,1,ESTIMATE Agent[05] VILLAGER
6,talk,67,6,7,Over
6,talk,68,6,2,Over
6,talk,69,6,11,Over
6,talk,70,7,10,Over
6,talk,71,7,3,Over
6,talk,72,7,4,Over
6,talk,73,7,7,Over
6,talk,74,7,5,Over
6,talk,75,7,11,Over
6,talk,76,7,2,Over
6,talk,77,7,12,Over
6,talk,78,7,1,ESTIMATE Agent[10] VILLAGER
6,talk,79,7,13,Over
6,talk,80,8,11,Over
6,talk,81,8,13,Over
6,talk,82,8,1,ESTIMATE Agent[11] VILLAGER
6,talk,83,8,10,Over
6,talk,84,8,4,Over
6,talk,85,8,5,Over
6,talk,86,8,2,Over
6,talk,87,8,7,Over
6,talk,88,8,3,Over
6,talk,89,8,12,Over
6,talk,90,9,11,Over
6,talk,91,9,10,Over
6,talk,92,9,5,Over
6,talk,93,9,13,Over
6,talk,94,9,2,Over
6,talk,95,9,3,Over
6,talk,96,9,1,ESTIMATE Agent[12] VILLAGER
6,talk,97,9,12,Over
6,talk,98,9,4,Over
6,talk,99,9,7,Over
6,talk,100,10,13,Over
6,talk,101,10,5,Over
6,talk,102,10,12,Over
6,talk,103,10,3,Over
6,talk,104,10,11,Over
6,talk,105,10,1,Over
6,talk,106,10,4,Over
6,talk,107,10,7,Over
6,talk,108,10,2,Over
6,talk,109,10,10,Over
6,vote,1,3
6,vote,2,5
6,vote,3,13
6,vote,4,12
6,vote,5,13
6,vote,7,5
6,vote,10,13
6,vote,11,2
6,vote,12,11
6,vote,13,3
6,execute,13,VILLAGER
6,divine,2,5,HUMAN
6,guard,11,2,SEER
6,attackVote,3,2
6,attack,2,false
7,status,1,VILLAGER,ALIVE,wolf1
7,status,2,SEER,ALIVE,SampleRoleAssignPlayer
7,status,3,WEREWOLF,ALIVE,SampleRoleAssignPlayer
7,status,4,VILLAGER,ALIVE,SampleRoleAssignPlayer
7,status,5,VILLAGER,ALIVE,SampleRoleAssignPlayer
7,status,6,WEREWOLF,DEAD,SampleRoleAssignPlayer
7,status,7,POSSESSED,ALIVE,SampleRoleAssignPlayer
7,status,8,VILLAGER,DEAD,SampleRoleAssignPlayer
7,status,9,MEDIUM,DEAD,SampleRoleAssignPlayer
7,status,10,VILLAGER,ALIVE,SampleRoleAssignPlayer
7,status,11,BODYGUARD,ALIVE,SampleRoleAssignPlayer
7,status,12,VILLAGER,ALIVE,SampleRoleAssignPlayer
7,status,13,VILLAGER,DEAD,SampleRoleAssignPlayer
7,status,14,VILLAGER,DEAD,SampleRoleAssignPlayer
7,status,15,WEREWOLF,DEAD,SampleRoleAssignPlayer
7,talk,0,0,10,VOTE Agent[12]
7,talk,1,0,7,DIVINED Agent[04] HUMAN
7,talk,2,0,3,VOTE Agent[05]
7,talk,3,0,1,VOTE Agent[07]
7,talk,4,0,12,VOTE Agent[11]
7,talk,5,0,2,DIVINED Agent[05] HUMAN
7,talk,6,0,11,VOTE Agent[07]
7,talk,7,0,4,VOTE Agent[10]
7,talk,8,0,5,VOTE Agent[01]
7,talk,9,1,1,ESTIMATE Agent[03] WEREWOLF
7,talk,10,1,12,Skip
7,talk,11,1,4,Skip
7,talk,12,1,2,VOTE Agent[10]
7,talk,13,1,3,REQUEST(VOTE Agent[05])
7,talk,14,1,7,VOTE Agent[02]
7,talk,15,1,5,Skip
7,talk,16,1,10,Skip
7,talk,17,1,11,Skip
7,talk,18,2,2,Skip
7,talk,19,2,7,REQUEST(VOTE Agent[02])
7,talk,20,2,10,Skip
7,talk,21,2,1,ESTIMATE Agent[06] WEREWOLF
7,talk,22,2,5,Skip
7,talk,23,2,4,Skip
7,talk,24,2,12,Skip
7,talk,25,2,3,Skip
7,talk,26,2,11,Skip
7,talk,27,3,2,Skip
7,talk,28,3,11,Over
7,talk,29,3,12,Over
7,talk,30,3,5,Over
7,talk,31,3,1,ESTIMATE Agent[15] WEREWOLF
7,talk,32,3,4,Over
7,talk,33,3,10,Over
7,talk,34,3,3,Skip
7,talk,35,3,7,Skip
7,talk,36,4,7,Skip
7,talk,37,4,1,ESTIMATE Agent[02] SEER
7,talk,38,4,2,Over
7,talk,39,4,4,Over
7,talk,40,4,3,Over
7,talk,41,4,11,Over
7,talk,42,4,10,Over
7,talk,43,4,5,Over
7,talk,44,4,12,Over
7,talk,45,5,12,Over
7,talk,46,5,5,Over
7,talk,47,5,11,Over
7,talk,48,5,3,Over
7,talk,49,5,2,Over
7,talk,50,5,1,ESTIMATE Agent[05] VILLAGER
7,talk,51,5,7,Over
7,talk,52,5,4,Over
7,talk,53,5,10,Over
7,talk,54,6,1,ESTIMATE Agent[10] VILLAGER
7,talk,55,6,11,Over
7,talk,56,6,12,Over
7,talk,57,6,10,Over
7,talk,58,6,3,Over
7,talk,59,6,2,Over
7,talk,60,6,4,Over
7,talk,61,6,5,Over
7,talk,62,6,7,Over
7,talk,63,7,5,Over
7,talk,64,7,11,Over
7,talk,65,7,2,Over
7,talk,66,7,10,Over
7,talk,67,7,7,Over
7,talk,68,7,3,Over
7,talk,69,7,12,Over
7,talk,70,7,1,ESTIMATE Agent[11] VILLAGER
7,talk,71,7,4,Over
7,talk,72,8,12,Over
7,talk,73,8,11,Over
7,talk,74,8,3,Over
7,talk,75,8,5,Over
7,talk,76,8,2,Over
7,talk,77,8,4,Over
7,talk,78,8,7,Over
7,talk,79,8,1,ESTIMATE Agent[12] VILLAGER
7,talk,80,8,10,Over
7,talk,81,9,11,Over
7,talk,82,9,10,Over
7,talk,83,9,4,Over
7,talk,84,9,12,Over
7,talk,85,9,7,Over
7,talk,86,9,1,Over
7,talk,87,9,3,Over
7,talk,88,9,2,Over
7,talk,89,9,5,Over
7,vote,1,7
7,vote,2,10
7,vote,3,5
7,vote,4,10
7,vote,5,1
7,vote,7,2
7,vote,10,12
7,vote,11,7
7,vote,12,11
7,vote,1,7
7,vote,2,10
7,vote,3,7
7,vote,4,10
7,vote,5,10
7,vote,7,2
7,vote,10,7
7,vote,11,7
7,vote,12,10
7,execute,10,VILLAGER
7,divine,2,1,HUMAN
7,guard,11,2,SEER
7,attackVote,3,2
7,attack,2,false
8,status,1,VILLAGER,ALIVE,wolf1
8,status,2,SEER,ALIVE,SampleRoleAssignPlayer
8,status,3,WEREWOLF,ALIVE,SampleRoleAssignPlayer
8,status,4,VILLAGER,ALIVE,SampleRoleAssignPlayer
8,status,5,VILLAGER,ALIVE,SampleRoleAssignPlayer
8,status,6,WEREWOLF,DEAD,SampleRoleAssignPlayer
8,status,7,POSSESSED,ALIVE,SampleRoleAssignPlayer
8,status,8,VILLAGER,DEAD,SampleRoleAssignPlayer
8,status,9,MEDIUM,DEAD,SampleRoleAssignPlayer
8,status,10,VILLAGER,DEAD,SampleRoleAssignPlayer
8,status,11,BODYGUARD,ALIVE,SampleRoleAssignPlayer
8,status,12,VILLAGER,ALIVE,SampleRoleAssignPlayer
8,status,13,VILLAGER,DEAD,SampleRoleAssignPlayer
8,status,14,VILLAGER,DEAD,SampleRoleAssignPlayer
8,status,15,WEREWOLF,DEAD,SampleRoleAssignPlayer
8,talk,0,0,1,VOTE Agent[07]
8,talk,1,0,4,VOTE Agent[03]
8,talk,2,0,12,VOTE Agent[07]
8,talk,3,0,3,VOTE Agent[11]
8,talk,4,0,11,VOTE Agent[02]
8,talk,5,0,5,VOTE Agent[07]
8,talk,6,0,2,DIVINED Agent[01] HUMAN
8,talk,7,0,7,DIVINED Agent[05] HUMAN
8,talk,8,1,4,Skip
8,talk,9,1,3,REQUEST(VOTE Agent[11])
8,talk,10,1,12,Skip
8,talk,11,1,2,VOTE Agent[07]
8,talk,12,1,11,Skip
8,talk,13,1,1,ESTIMATE Agent[03] WEREWOLF
8,talk,14,1,7,VOTE Agent[02]
8,talk,15,1,5,Skip
8,talk,16,2,2,Skip
8,talk,17,2,1,ESTIMATE Agent[06] WEREWOLF
8,talk,18,2,3,Skip
8,talk,19,2,11,Skip
8,talk,20,2,4,Skip
8,talk,21,2,7,REQUEST(VOTE Agent[02])
8,talk,22,2,5,Skip
8,talk,23,2,12,Skip
8,talk,24,3,11,Over
8,talk,25,3,5,Over
8,talk,26,3,7,Skip
8,talk,27,3,4,Over
8,talk,28,3,2,Skip
8,talk,29,3,12,Over
8,talk,30,3,3,Skip
8,talk,31,3,1,ESTIMATE Agent[15] WEREWOLF
8,talk,32,4,3,Over
8,talk,33,4,7,Skip
8,talk,34,4,5,Over
8,talk,35,4,12,Over
8,talk,36,4,4,Over
8,talk,37,4,1,ESTIMATE Agent[02] SEER
8,talk,38,4,2,Over
8,talk,39,4,11,Over
8,talk,40,5,7,Over
8,talk,41,5,3,Over
8,talk,42,5,1,ESTIMATE Agent[05] VILLAGER
8,talk,43,5,11,Over
8,talk,44,5,5,Over
8,talk,45,5,2,Over
8,talk,46,5,12,Over
8,talk,47,5,4,Over
8,talk,48,6,2,Over
8,talk,49,6,1,ESTIMATE Agent[11] VILLAGER
8,talk,50,6,12,Over
8,talk,51,6,5,Over
8,talk,52,6,3,Over
8,talk,53,6,11,Over
8,talk,54,6,7,Over
8,talk,55,6,4,Over
8,talk,56,7,12,Over
8,talk,57,7,5,Over
8,talk,58,7,11,Over
8,talk,59,7,2,Over
8,talk,60,7,3,Over
8,talk,61,7,1,ESTIMATE Agent[12] VILLAGER
8,talk,62,7,7,Over
8,talk,63,7,4,Over
8,talk,64,8,5,Over
8,talk,65,8,12,Over
8,talk,66,8,3,Over
8,talk,67,8,1,Over
8,talk,68,8,4,Over
8,talk,69,8,2,Over
8,talk,70,8,11,Over
8,talk,71,8,7,Over
8,vote,1,7
8,vote,2,7
8,vote,3,11
8,vote,4,3
8,vote,5,7
8,vote,7,2
8,vote,11,2
8,vote,12,7
8,execute,7,POSSESSED
8,divine,2,12,HUMAN
8,guard,11,2,SEER
8,attackVote,3,2
8,attack,2,false
9,status,1,VILLAGER,ALIVE,wolf1
9,status,2,SEER,ALIVE,SampleRoleAssignPlayer
9,status,3,WEREWOLF,ALIVE,SampleRoleAssignPlayer
9,status,4,VILLAGER,ALIVE,SampleRoleAssignPlayer
9,status,5,VILLAGER,ALIVE,SampleRoleAssignPlayer
9,status,6,WEREWOLF,DEAD,SampleRoleAssignPlayer
9,status,7,POSSESSED,DEAD,SampleRoleAssignPlayer
9,status,8,VILLAGER,DEAD,SampleRoleAssignPlayer
9,status,9,MEDIUM,DEAD,SampleRoleAssignPlayer
9,status,10,VILLAGER,DEAD,SampleRoleAssignPlayer
9,status,11,BODYGUARD,ALIVE,SampleRoleAssignPlayer
9,status,12,VILLAGER,ALIVE,SampleRoleAssignPlayer
9,status,13,VILLAGER,DEAD,SampleRoleAssignPlayer
9,status,14,VILLAGER,DEAD,SampleRoleAssignPlayer
9,status,15,WEREWOLF,DEAD,SampleRoleAssignPlayer
9,talk,0,0,11,VOTE Agent[03]
9,talk,1,0,2,DIVINED Agent[12] HUMAN
9,talk,2,0,12,VOTE Agent[11]
9,talk,3,0,1,VOTE Agent[03]
9,talk,4,0,3,VOTE Agent[02]
9,talk,5,0,5,AGREE TALK day1 ID:31
9,talk,6,0,4,VOTE Agent[05]
9,talk,7,1,5,AGREE TALK day1 ID:32
9,talk,8,1,11,Skip
9,talk,9,1,3,REQUEST(VOTE Agent[02])
9,talk,10,1,2,VOTE Agent[03]
9,talk,11,1,4,Skip
9,talk,12,1,1,ESTIMATE Agent[03] WEREWOLF
9,talk,13,1,12,Skip
9,talk,14,2,2,Skip
9,talk,15,2,12,Skip
9,talk,16,2,1,ESTIMATE Agent[06] WEREWOLF
9,talk,17,2,11,Skip
9,talk,18,2,3,Skip
9,talk,19,2,5,AGREE TALK day1 ID:37
9,talk,20,2,4,Skip
9,talk,21,3,2,Skip
9,talk,22,3,1,ESTIMATE Agent[15] WEREWOLF
9,talk,23,3,12,Over
9,talk,24,3,3,Skip
9,talk,25,3,5,AGREE TALK day1 ID:40
9,talk,26,3,4,Over
9,talk,27,3,11,Over
9,talk,28,4,12,Over
9,talk,29,4,3,Over
9,talk,30,4,4,Over
9,talk,31,4,11,Over
9,talk,32,4,5,AGREE TALK day1 ID:41
9,talk,33,4,1,ESTIMATE Agent[02] SEER
9,talk,34,4,2,Over
9,talk,35,5,2,Over
9,talk,36,5,5,AGREE TALK day1 ID:42
9,talk,37,5,12,Over
9,talk,38,5,11,Over
9,talk,39,5,4,Over
9,talk,40,5,3,Over
9,talk,41,5,1,ESTIMATE Agent[05] VILLAGER
9,talk,42,6,2,Over
9,talk,43,6,1,ESTIMATE Agent[11] VILLAGER
9,talk,44,6,11,Over
9,talk,45,6,5,DISAGREE TALK day1 ID:78
9,talk,46,6,12,Over
9,talk,47,6,4,Over
9,talk,48,6,3,Over
9,talk,49,7,2,Over
9,talk,50,7,12,Over
9,talk,51,7,3,Over
9,talk,52,7,11,Over
9,talk,53,7,4,Over
9,talk,54,7,1,ESTIMATE Agent[12] VILLAGER
9,talk,55,7,5,AGREE TALK day3 ID:54
9,talk,56,8,4,Over
9,talk,57,8,12,Over
9,talk,58,8,3,Over
9,talk,59,8,2,Over
9,talk,60,8,11,Over
9,talk,61,8,1,Over
9,talk,62,8,5,AGREE TALK day4 ID:68
9,talk,63,9,4,Over
9,talk,64,9,12,Over
9,talk,65,9,5,AGREE TALK day5 ID:68
9,talk,66,9,11,Over
9,talk,67,9,3,Over
9,talk,68,9,2,Over
9,talk,69,9,1,Over
9,talk,70,10,12,Over
9,talk,71,10,5,Over
9,talk,72,10,4,Over
9,talk,73,10,11,Over
9,talk,74,10,3,Over
9,talk,75,10,1,Over
9,talk,76,10,2,Over
9,vote,1,3
9,vote,2,3
9,vote,3,2
9,vote,4,5
9,vote,5,11
9,vote,11,3
9,vote,12,11
9,execute,3,WEREWOLF
9,divine,2,4,HUMAN
9,guard,11,2,SEER
9,attack,5,true
10,status,1,VILLAGER,ALIVE,wolf1
10,status,2,SEER,ALIVE,SampleRoleAssignPlayer
10,status,3,WEREWOLF,DEAD,SampleRoleAssignPlayer
10,status,4,VILLAGER,ALIVE,SampleRoleAssignPlayer
10,status,5,VILLAGER,DEAD,SampleRoleAssignPlayer
10,status,6,WEREWOLF,DEAD,SampleRoleAssignPlayer
10,status,7,POSSESSED,DEAD,SampleRoleAssignPlayer
10,status,8,VILLAGER,DEAD,SampleRoleAssignPlayer
10,status,9,MEDIUM,DEAD,SampleRoleAssignPlayer
10,status,10,VILLAGER,DEAD,SampleRoleAssignPlayer
10,status,11,BODYGUARD,ALIVE,SampleRoleAssignPlayer
10,status,12,VILLAGER,ALIVE,SampleRoleAssignPlayer
10,status,13,VILLAGER,DEAD,SampleRoleAssignPlayer
10,status,14,VILLAGER,DEAD,SampleRoleAssignPlayer
10,status,15,WEREWOLF,DEAD,SampleRoleAssignPlayer
10,result,5,0,VILLAGER
