0,status,1,VILLAGER,ALIVE,wolf1
0,status,2,VILLAGER,ALIVE,SampleRoleAssignPlayer
0,status,3,VILLAGER,ALIVE,SampleRoleAssignPlayer
0,status,4,VILLAGER,ALIVE,SampleRoleAssignPlayer
0,status,5,VILLAGER,ALIVE,SampleRoleAssignPlayer
0,status,6,WEREWOLF,ALIVE,SampleRoleAssignPlayer
0,status,7,SEER,ALIVE,SampleRoleAssignPlayer
0,status,8,WEREWOLF,ALIVE,SampleRoleAssignPlayer
0,status,9,VILLAGER,ALIVE,SampleRoleAssignPlayer
0,status,10,VILLAGER,ALIVE,SampleRoleAssignPlayer
0,status,11,WEREWOLF,ALIVE,SampleRoleAssignPlayer
0,status,12,POSSESSED,ALIVE,SampleRoleAssignPlayer
0,status,13,BODYGUARD,ALIVE,SampleRoleAssignPlayer
0,status,14,VILLAGER,ALIVE,SampleRoleAssignPlayer
0,status,15,MEDIUM,ALIVE,SampleRoleAssignPlayer
0,whisper,0,0,11,COMINGOUT Agent[11] MEDIUM
0,whisper,1,0,8,COMINGOUT Agent[08] SEER
0,whisper,2,0,6,COMINGOUT Agent[06] SEER
0,whisper,3,1,6,COMINGOUT Agent[06] VILLAGER
0,whisper,4,1,11,Skip
0,whisper,5,1,8,COMINGOUT Agent[08] VILLAGER
0,whisper,6,2,6,Skip
0,whisper,7,2,11,Skip
0,whisper,8,2,8,COMINGOUT Agent[08] SEER
0,whisper,9,3,11,Over
0,whisper,10,3,6,Skip
0,whisper,11,3,8,DIVINED Agent[10] WEREWOLF
0,whisper,12,4,8,Skip
0,whisper,13,4,11,Over
0,whisper,14,4,6,Over
0,whisper,15,5,6,Over
0,whisper,16,5,11,Over
0,whisper,17,5,8,Skip
0,whisper,18,6,8,Over
0,whisper,19,6,11,Over
0,whisper,20,6,6,Over
0,divine,7,3,HUMAN
1,status,1,VILLAGER,ALIVE,wolf1
1,status,2,VILLAGER,ALIVE,SampleRoleAssignPlayer
1,status,3,VILLAGER,ALIVE,SampleRoleAssignPlayer
1,status,4,VILLAGER,ALIVE,SampleRoleAssignPlayer
1,status,5,VILLAGER,ALIVE,SampleRoleAssignPlayer
1,status,6,WEREWOLF,ALIVE,SampleRoleAssignPlayer
1,status,7,SEER,ALIVE,SampleRoleAssignPlayer
1,status,8,WEREWOLF,ALIVE,SampleRoleAssignPlayer
1,status,9,VILLAGER,ALIVE,SampleRoleAssignPlayer
1,status,10,VILLAGER,ALIVE,SampleRoleAssignPlayer
1,status,11,WEREWOLF,ALIVE,SampleRoleAssignPlayer
1,status,12,POSSESSED,ALIVE,SampleRoleAssignPlayer
1,status,13,BODYGUARD,ALIVE,SampleRoleAssignPlayer
1,status,14,VILLAGER,ALIVE,SampleRoleAssignPlayer
1,status,15,MEDIUM,ALIVE,SampleRoleAssignPlayer
1,talk,0,0,12,COMINGOUT Agent[12] SEER
1,talk,1,0,6,VOTE Agent[12]
1,talk,2,0,1,VOTE Agent[14]
1,talk,3,0,4,VOTE Agent[06]
1,talk,4,0,8,VOTE Agent[10]
1,talk,5,0,9,VOTE Agent[02]
1,talk,6,0,3,VOTE Agent[11]
1,talk,7,0,2,VOTE Agent[04]
1,talk,8,0,7,COMINGOUT Agent[07] SEER
1,talk,9,0,11,VOTE Agent[09]
1,talk,10,0,13,VOTE Agent[15]
1,talk,11,0,14,VOTE Agent[06]
1,talk,12,0,10,VOTE Agent[06]
1,talk,13,0,15,VOTE Agent[13]
1,talk,14,0,5,VOTE Agent[07]
1,talk,15,1,15,Skip
1,talk,16,1,12,DIVINED Agent[13] WEREWOLF
1,talk,17,1,11,REQUEST(VOTE Agent[09])
1,talk,18,1,4,Skip
1,talk,19,1,2,Skip
1,talk,20,1,14,Skip
1,talk,21,1,1,ESTIMATE Agent[06] WEREWOLF
1,talk,22,1,8,REQUEST(VOTE Agent[10])
1,talk,23,1,5,Skip
1,talk,24,1,9,Skip
1,talk,25,1,10,Skip
1,talk,26,1,6,REQUEST(VOTE Agent[12])
1,talk,27,1,7,DIVINED Agent[03] HUMAN
1,talk,28,1,3,Skip
1,talk,29,1,13,Skip
1,talk,30,2,13,ESTIMATE Agent[07] SEER
1,talk,31,2,3,ESTIMATE Agent[12] SEER
1,talk,32,2,7,ESTIMATE Agent[12] WEREWOLF
1,talk,33,2,14,ESTIMATE Agent[07] SEER
1,talk,34,2,2,ESTIMATE Agent[12] SEER
1,talk,35,2,15,ESTIMATE Agent[12] SEER
1,talk,36,2,4,ESTIMATE Agent[12] SEER
1,talk,37,2,12,VOTE Agent[13]
1,talk,38,2,10,ESTIMATE Agent[12] SEER
1,talk,39,2,6,VOTE Agent[04]
1,talk,40,2,9,ESTIMATE Agent[07] SEER
1,talk,41,2,11,Skip
1,talk,42,2,5,ESTIMATE Agent[07] SEER
1,talk,43,2,8,COMINGOUT Agent[08] SEER
1,talk,44,2,1,ESTIMATE Agent[11] WEREWOLF
1,talk,45,3,8,DIVINED Agent[10] WEREWOLF
1,talk,46,3,3,ESTIMATE Agent[13] WEREWOLF
1,talk,47,3,13,ESTIMATE Agent[12] WEREWOLF
1,talk,48,3,14,ESTIMATE Agent[13] WEREWOLF
1,talk,49,3,15,Skip
1,talk,50,3,9,ESTIMATE Agent[13] WEREWOLF
1,talk,51,3,2,ESTIMATE Agent[13] WEREWOLF
1,talk,52,3,6,REQUEST(VOTE Agent[04])
1,talk,53,3,1,ESTIMATE Agent[07] WEREWOLF
1,talk,54,3,7,VOTE Agent[12]
1,talk,55,3,5,ESTIMATE Agent[13] WEREWOLF
1,talk,56,3,4,ESTIMATE Agent[13] WEREWOLF
1,talk,57,3,11,Skip
1,talk,58,3,12,REQUEST(VOTE Agent[13])
1,talk,59,3,10,ESTIMATE Agent[13] WEREWOLF
1,talk,60,4,12,Skip
1,talk,61,4,10,REQUEST(Agent[12] DIVINATION Agent[13])
1,talk,62,4,14,REQUEST(Agent[07] DIVINATION Agent[13])
1,talk,63,4,11,Over
1,talk,64,4,13,REQUEST(Agent[07] DIVINATION Agent[12])
1,talk,65,4,4,REQUEST(Agent[12] DIVINATION Agent[13])
1,talk,66,4,8,Skip
1,talk,67,4,2,REQUEST(Agent[12] DIVINATION Agent[13])
1,talk,68,4,6,Skip
1,talk,69,4,1,VOTE Agent[10]
1,talk,70,4,7,Skip
1,talk,71,4,9,REQUEST(Agent[07] DIVINATION Agent[13])
1,talk,72,4,3,REQUEST(Agent[12] DIVINATION Agent[13])
1,talk,73,4,5,REQUEST(Agent[07] DIVINATION Agent[13])
1,talk,74,4,15,Skip
1,talk,75,5,1,ESTIMATE Agent[10] WEREWOLF
1,talk,76,5,10,VOTE Agent[13]
1,talk,77,5,5,VOTE Agent[13]
1,talk,78,5,14,VOTE Agent[13]
1,talk,79,5,11,Over
1,talk,80,5,15,Over
1,talk,81,5,3,VOTE Agent[13]
1,talk,82,5,6,Skip
1,talk,83,5,13,VOTE Agent[12]
1,talk,84,5,9,VOTE Agent[13]
1,talk,85,5,8,Skip
1,talk,86,5,4,VOTE Agent[13]
1,talk,87,5,12,Skip
1,talk,88,5,2,VOTE Agent[13]
1,talk,89,5,7,Skip
1,talk,90,6,3,Skip
1,talk,91,6,5,Skip
1,talk,92,6,7,Over
1,talk,93,6,11,Over
1,talk,94,6,8,Over
1,talk,95,6,6,Over
1,talk,96,6,15,Over
1,talk,97,6,13,Skip
1,talk,98,6,2,Skip
1,talk,99,6,9,Skip
1,talk,100,6,4,Skip
1,talk,101,6,12,Over
1,talk,102,6,14,Skip
1,talk,103,6,10,Skip
1,talk,104,6,1,VOTE Agent[13]
1,talk,105,7,12,Over
1,talk,106,7,13,Skip
1,talk,107,7,10,Skip
1,talk,108,7,11,Over
1,talk,109,7,5,Skip
1,talk,110,7,1,ESTIMATE Agent[14] WEREWOLF
1,talk,111,7,6,Over
1,talk,112,7,3,Skip
1,talk,113,7,14,Skip
1,talk,114,7,4,Skip
1,talk,115,7,2,Skip
1,talk,116,7,7,Over
1,talk,117,7,9,Skip
1,talk,118,7,8,Over
1,talk,119,7,15,Over
1,talk,120,8,12,Over
1,talk,121,8,11,Over
1,talk,122,8,8,Over
1,talk,123,8,2,Over
1,talk,124,8,1,Over
1,talk,125,8,10,Over
1,talk,126,8,4,Over
1,talk,127,8,14,Over
1,talk,128,8,9,Over
1,talk,129,8,3,Over
1,talk,130,8,7,Over
1,talk,131,8,15,Over
1,talk,132,8,6,Over
1,talk,133,8,5,Over
1,talk,134,8,13,Over
1,vote,1,13
1,vote,2,13
1,vote,3,13
1,vote,4,13
1,vote,5,13
1,vote,6,4
1,vote,7,12
1,vote,8,10
1,vote,9,13
1,vote,10,13
1,vote,11,9
1,vote,12,13
1,vote,13,12
1,vote,14,13
1,vote,15,13
1,execute,13,BODYGUARD
1,divine,7,12,HUMAN
1,whisper,0,0,8,ESTIMATE Agent[12] POSSESSED
1,whisper,1,0,6,ESTIMATE Agent[12] POSSESSED
1,whisper,2,0,11,ESTIMATE Agent[12] POSSESSED
1,whisper,3,1,8,ATTACK Agent[07]
1,whisper,4,1,6,ATTACK Agent[07]
1,whisper,5,1,11,ATTACK Agent[07]
1,whisper,6,2,11,REQUEST(ATTACK Agent[07])
1,whisper,7,2,8,REQUEST(ATTACK Agent[07])
1,whisper,8,2,6,REQUEST(ATTACK Agent[07])
1,whisper,9,3,11,IDENTIFIED Agent[13] HUMAN
1,whisper,10,3,6,Skip
1,whisper,11,3,8,DIVINED Agent[15] HUMAN
1,whisper,12,4,11,Skip
1,whisper,13,4,6,Skip
1,whisper,14,4,8,Skip
1,whisper,15,5,8,Skip
1,whisper,16,5,11,Skip
1,whisper,17,5,6,Over
1,whisper,18,6,6,Over
1,whisper,19,6,11,Over
1,whisper,20,6,8,Over
1,attackVote,6,7
1,attackVote,8,7
1,attackVote,11,7
1,attack,7,true
2,status,1,VILLAGER,ALIVE,wolf1
2,status,2,VILLAGER,ALIVE,SampleRoleAssignPlayer
2,status,3,VILLAGER,ALIVE,SampleRoleAssignPlayer
2,status,4,VILLAGER,ALIVE,SampleRoleAssignPlayer
2,status,5,VILLAGER,ALIVE,SampleRoleAssignPlayer
2,status,6,WEREWOLF,ALIVE,SampleRoleAssignPlayer
2,status,7,SEER,DEAD,SampleRoleAssignPlayer
2,status,8,WEREWOLF,ALIVE,SampleRoleAssignPlayer
2,status,9,VILLAGER,ALIVE,SampleRoleAssignPlayer
2,status,10,VILLAGER,ALIVE,SampleRoleAssignPlayer
2,status,11,WEREWOLF,ALIVE,SampleRoleAssignPlayer
2,status,12,POSSESSED,ALIVE,SampleRoleAssignPlayer
2,status,13,BODYGUARD,DEAD,SampleRoleAssignPlayer
2,status,14,VILLAGER,ALIVE,SampleRoleAssignPlayer
2,status,15,MEDIUM,ALIVE,SampleRoleAssignPlayer
2,talk,0,0,14,ESTIMATE Agent[08] SEER
2,talk,1,0,11,VOTE Agent[05]
2,talk,2,0,4,AGREE TALK day1 ID:75
2,talk,3,0,6,VOTE Agent[09]
2,talk,4,0,8,DIVINED Agent[15] HUMAN
2,talk,5,0,1,VOTE Agent[10]
2,talk,6,0,12,DIVINED Agent[09] HUMAN
2,talk,7,0,5,ESTIMATE Agent[08] SEER
2,talk,8,0,15,ESTIMATE Agent[08] SEER
2,talk,9,0,10,ESTIMATE Agent[08] WEREWOLF
2,talk,10,0,9,ESTIMATE Agent[08] SEER
2,talk,11,0,2,AGREE TALK day1 ID:75
2,talk,12,0,3,AGREE TALK day1 ID:75
2,talk,13,1,15,DISAGREE TALK day1 ID:31
2,talk,14,1,10,REQUEST(Agent[12] DIVINATION Agent[08])
2,talk,15,1,6,REQUEST(VOTE Agent[09])
2,talk,16,1,9,AGREE TALK day1 ID:75
2,talk,17,1,14,AGREE TALK day1 ID:75
2,talk,18,1,5,AGREE TALK day1 ID:75
2,talk,19,1,3,ESTIMATE Agent[10] WEREWOLF
2,talk,20,1,12,VOTE Agent[08]
2,talk,21,1,8,VOTE Agent[10]
2,talk,22,1,11,REQUEST(VOTE Agent[05])
2,talk,23,1,4,ESTIMATE Agent[10] WEREWOLF
2,talk,24,1,2,ESTIMATE Agent[10] WEREWOLF
2,talk,25,1,1,ESTIMATE Agent[10] WEREWOLF
2,talk,26,2,15,AGREE TALK day1 ID:32
2,talk,27,2,2,REQUEST(Agent[12] DIVINATION Agent[10])
2,talk,28,2,5,ESTIMATE Agent[10] WEREWOLF
2,talk,29,2,3,REQUEST(Agent[12] DIVINATION Agent[10])
2,talk,30,2,9,ESTIMATE Agent[10] WEREWOLF
2,talk,31,2,14,ESTIMATE Agent[10] WEREWOLF
2,talk,32,2,6,Skip
2,talk,33,2,11,Skip
2,talk,34,2,10,VOTE Agent[08]
2,talk,35,2,1,ESTIMATE Agent[12] WEREWOLF
2,talk,36,2,12,REQUEST(VOTE Agent[08])
2,talk,37,2,4,REQUEST(Agent[12] DIVINATION Agent[10])
2,talk,38,2,8,REQUEST(VOTE Agent[10])
2,talk,39,3,3,VOTE Agent[10]
2,talk,40,3,8,Skip
2,talk,41,3,12,Skip
2,talk,42,3,2,VOTE Agent[10]
2,talk,43,3,5,REQUEST(Agent[08] DIVINATION Agent[10])
2,talk,44,3,1,ESTIMATE Agent[14] WEREWOLF
2,talk,45,3,10,Skip
2,talk,46,3,9,REQUEST(Agent[08] DIVINATION Agent[10])
2,talk,47,3,11,Skip
2,talk,48,3,6,Skip
2,talk,49,3,14,REQUEST(Agent[08] DIVINATION Agent[10])
2,talk,50,3,4,VOTE Agent[10]
2,talk,51,3,15,DISAGREE TALK day1 ID:34
2,talk,52,4,15,DISAGREE TALK day1 ID:35
2,talk,53,4,9,VOTE Agent[10]
2,talk,54,4,11,Over
2,talk,55,4,1,Over
2,talk,56,4,14,VOTE Agent[10]
2,talk,57,4,6,Over
2,talk,58,4,12,Skip
2,talk,59,4,5,VOTE Agent[10]
2,talk,60,4,8,Skip
2,talk,61,4,3,Skip
2,talk,62,4,10,Skip
2,talk,63,4,2,Skip
2,talk,64,4,4,Skip
2,talk,65,5,3,Skip
2,talk,66,5,14,Skip
2,talk,67,5,2,Skip
2,talk,68,5,8,Over
2,talk,69,5,6,Over
2,talk,70,5,10,Over
2,talk,71,5,15,DISAGREE TALK day1 ID:36
2,talk,72,5,11,Over
2,talk,73,5,1,Over
2,talk,74,5,5,Skip
2,talk,75,5,9,Skip
2,talk,76,5,12,Over
2,talk,77,5,4,Skip
2,talk,78,6,10,Over
2,talk,79,6,4,Over
2,talk,80,6,1,Over
2,talk,81,6,5,Skip
2,talk,82,6,9,Skip
2,talk,83,6,2,Over
2,talk,84,6,8,Over
2,talk,85,6,15,DISAGREE TALK day1 ID:38
2,talk,86,6,11,Over
2,talk,87,6,14,Skip
2,talk,88,6,6,Over
2,talk,89,6,12,Over
2,talk,90,6,3,Over
2,talk,91,7,5,Over
2,talk,92,7,15,AGREE TALK day1 ID:47
2,talk,93,7,11,Over
2,talk,94,7,8,Over
2,talk,95,7,12,Over
2,talk,96,7,3,Over
2,talk,97,7,1,Over
2,talk,98,7,14,Over
2,talk,99,7,6,Over
2,talk,100,7,2,Over
2,talk,101,7,4,Over
2,talk,102,7,10,Over
2,talk,103,7,9,Over
2,talk,104,8,11,Over
2,talk,105,8,5,Over
2,talk,106,8,14,Over
2,talk,107,8,3,Over
2,talk,108,8,4,Over
2,talk,109,8,10,Over
2,talk,110,8,8,Over
2,talk,111,8,15,ESTIMATE Agent[12] WEREWOLF
2,talk,112,8,2,Over
2,talk,113,8,12,Over
2,talk,114,8,6,Over
2,talk,115,8,9,Over
2,talk,116,8,1,Over
2,talk,117,9,5,Over
2,talk,118,9,10,Over
2,talk,119,9,2,Over
2,talk,120,9,1,Over
2,talk,121,9,9,Over
2,talk,122,9,15,REQUEST(Agent[08] DIVINATION Agent[12])
2,talk,123,9,4,Over
2,talk,124,9,3,Over
2,talk,125,9,12,Over
2,talk,126,9,11,Over
2,talk,127,9,14,Over
2,talk,128,9,6,Over
2,talk,129,9,8,Over
2,talk,130,10,9,Over
2,talk,131,10,10,Over
2,talk,132,10,15,Over
2,talk,133,10,11,Over
2,talk,134,10,14,Over
2,talk,135,10,12,Over
2,talk,136,10,6,Over
2,talk,137,10,4,Over
2,talk,138,10,1,Over
2,talk,139,10,5,Over
2,talk,140,10,2,Over
2,talk,141,10,3,Over
2,talk,142,10,8,Over
2,vote,1,10
2,vote,2,10
2,vote,3,10
2,vote,4,10
2,vote,5,10
2,vote,6,9
2,vote,8,10
2,vote,9,10
2,vote,10,8
2,vote,11,5
2,vote,12,8
2,vote,14,10
2,vote,15,12
2,execute,10,VILLAGER
2,whisper,0,0,11,ATTACK Agent[05]
2,whisper,1,0,8,ATTACK Agent[09]
2,whisper,2,0,6,ATTACK Agent[01]
2,whisper,3,1,8,REQUEST(ATTACK Agent[09])
2,whisper,4,1,11,REQUEST(ATTACK Agent[05])
2,whisper,5,1,6,REQUEST(ATTACK Agent[01])
2,whisper,6,2,8,DIVINED Agent[04] HUMAN
2,whisper,7,2,11,IDENTIFIED Agent[10] WEREWOLF
2,whisper,8,2,6,Skip
2,whisper,9,3,8,Skip
2,whisper,10,3,6,Skip
2,whisper,11,3,11,Skip
2,whisper,12,4,8,Skip
2,whisper,13,4,6,Over
2,whisper,14,4,11,Skip
2,whisper,15,5,11,Over
2,whisper,16,5,8,Over
2,whisper,17,5,6,Over
2,attackVote,6,1
2,attackVote,8,9
2,attackVote,11,5
2,attackVote,6,1
2,attackVote,8,9
2,attackVote,11,5
2,attack,5,true
3,status,1,VILLAGER,ALIVE,wolf1
3,status,2,VILLAGER,ALIVE,SampleRoleAssignPlayer
3,status,3,VILLAGER,ALIVE,SampleRoleAssignPlayer
3,status,4,VILLAGER,ALIVE,SampleRoleAssignPlayer
3,status,5,VILLAGER,DEAD,SampleRoleAssignPlayer
3,status,6,WEREWOLF,ALIVE,SampleRoleAssignPlayer
3,status,7,SEER,DEAD,SampleRoleAssignPlayer
3,status,8,WEREWOLF,ALIVE,SampleRoleAssignPlayer
3,status,9,VILLAGER,ALIVE,SampleRoleAssignPlayer
3,status,10,VILLAGER,DEAD,SampleRoleAssignPlayer
3,status,11,WEREWOLF,ALIVE,SampleRoleAssignPlayer
3,status,12,POSSESSED,ALIVE,SampleRoleAssignPlayer
3,status,13,BODYGUARD,DEAD,SampleRoleAssignPlayer
3,status,14,VILLAGER,ALIVE,SampleRoleAssignPlayer
3,status,15,MEDIUM,ALIVE,SampleRoleAssignPlayer
3,talk,0,0,2,VOTE Agent[15]
3,talk,1,0,1,VOTE Agent[11]
3,talk,2,0,15,COMINGOUT Agent[15] MEDIUM
3,talk,3,0,6,VOTE Agent[15]
3,talk,4,0,8,DIVINED Agent[04] HUMAN
3,talk,5,0,11,COMINGOUT Agent[11] MEDIUM
3,talk,6,0,9,VOTE Agent[01]
3,talk,7,0,14,VOTE Agent[02]
3,talk,8,0,4,VOTE Agent[14]
3,talk,9,0,12,DIVINED Agent[04] HUMAN
3,talk,10,0,3,VOTE Agent[09]
3,talk,11,1,1,ESTIMATE Agent[10] WEREWOLF
3,talk,12,1,2,Skip
3,talk,13,1,3,Skip
3,talk,14,1,8,VOTE Agent[09]
3,talk,15,1,11,IDENTIFIED Agent[13] HUMAN
3,talk,16,1,6,REQUEST(VOTE Agent[15])
3,talk,17,1,4,Skip
3,talk,18,1,14,Skip
3,talk,19,1,9,Skip
3,talk,20,1,15,IDENTIFIED Agent[13] HUMAN
3,talk,21,1,12,VOTE Agent[08]
3,talk,22,2,4,Skip
3,talk,23,2,2,Skip
3,talk,24,2,12,REQUEST(VOTE Agent[08])
3,talk,25,2,8,REQUEST(VOTE Agent[09])
3,talk,26,2,6,Skip
3,talk,27,2,15,IDENTIFIED Agent[10] HUMAN
3,talk,28,2,11,IDENTIFIED Agent[10] WEREWOLF
3,talk,29,2,1,ESTIMATE Agent[11] WEREWOLF
3,talk,30,2,14,Skip
3,talk,31,2,3,Skip
3,talk,32,2,9,Skip
3,talk,33,3,9,Over
3,talk,34,3,14,Over
3,talk,35,3,8,Skip
3,talk,36,3,12,Skip
3,talk,37,3,3,Over
3,talk,38,3,2,Over
3,talk,39,3,4,Over
3,talk,40,3,6,Skip
3,talk,41,3,15,DISAGREE TALK day2 ID:0
3,talk,42,3,1,ESTIMATE Agent[12] WEREWOLF
3,talk,43,3,11,REQUEST(VOTE Agent[02])
3,talk,44,4,14,Over
3,talk,45,4,12,Skip
3,talk,46,4,9,Over
3,talk,47,4,1,VOTE Agent[14]
3,talk,48,4,15,DISAGREE TALK day2 ID:7
3,talk,49,4,3,Over
3,talk,50,4,11,VOTE Agent[15]
3,talk,51,4,6,Over
3,talk,52,4,2,Over
3,talk,53,4,4,Over
3,talk,54,4,8,Skip
3,talk,55,5,15,DISAGREE TALK day2 ID:8
3,talk,56,5,14,Over
3,talk,57,5,12,Over
3,talk,58,5,9,Over
3,talk,59,5,8,Over
3,talk,60,5,3,Over
3,talk,61,5,6,Over
3,talk,62,5,2,Over
3,talk,63,5,1,ESTIMATE Agent[14] WEREWOLF
3,talk,64,5,11,REQUEST(VOTE Agent[15])
3,talk,65,5,4,Over
3,talk,66,6,15,AGREE TALK day2 ID:9
3,talk,67,6,6,Over
3,talk,68,6,14,Over
3,talk,69,6,1,ESTIMATE Agent[03] VILLAGER
3,talk,70,6,8,Over
3,talk,71,6,3,Over
3,talk,72,6,4,Over
3,talk,73,6,2,Over
3,talk,74,6,12,Over
3,talk,75,6,11,Skip
3,talk,76,6,9,Over
3,talk,77,7,15,DISAGREE TALK day2 ID:10
3,talk,78,7,3,Over
3,talk,79,7,6,Over
3,talk,80,7,1,Over
3,talk,81,7,2,Over
3,talk,82,7,4,Over
3,talk,83,7,8,Over
3,talk,84,7,11,Skip
3,talk,85,7,9,Over
3,talk,86,7,14,Over
3,talk,87,7,12,Over
3,talk,88,8,6,Over
3,talk,89,8,14,Over
3,talk,90,8,12,Over
3,talk,91,8,1,Over
3,talk,92,8,9,Over
3,talk,93,8,4,Over
3,talk,94,8,3,Over
3,talk,95,8,2,Over
3,talk,96,8,11,Over
3,talk,97,8,15,ESTIMATE Agent[08] WEREWOLF
3,talk,98,8,8,Over
3,talk,99,9,9,Over
3,talk,100,9,6,Over
3,talk,101,9,11,Over
3,talk,102,9,14,Over
3,talk,103,9,12,Over
3,talk,104,9,15,REQUEST(DIVINATION Agent[08])
3,talk,105,9,1,Over
3,talk,106,9,4,Over
3,talk,107,9,8,Over
3,talk,108,9,3,Over
3,talk,109,9,2,Over
3,talk,110,10,3,Over
3,talk,111,10,2,Over
3,talk,112,10,14,Over
3,talk,113,10,1,Over
3,talk,114,10,12,Over
3,talk,115,10,11,Over
3,talk,116,10,6,Over
3,talk,117,10,8,Over
3,talk,118,10,9,Over
3,talk,119,10,4,Over
3,talk,120,10,15,Over
3,vote,1,14
3,vote,2,15
3,vote,3,9
3,vote,4,14
3,vote,6,15
3,vote,8,9
3,vote,9,1
3,vote,11,15
3,vote,12,8
3,vote,14,2
3,vote,15,8
3,execute,15,MEDIUM
3,whisper,0,0,11,ATTACK Agent[04]
3,whisper,1,0,6,ATTACK Agent[04]
3,whisper,2,0,8,ATTACK Agent[14]
3,whisper,3,1,8,REQUEST(ATTACK Agent[14])
3,whisper,4,1,11,REQUEST(ATTACK Agent[04])
3,whisper,5,1,6,REQUEST(ATTACK Agent[04])
3,whisper,6,2,11,IDENTIFIED Agent[15] WEREWOLF
3,whisper,7,2,6,Skip
3,whisper,8,2,8,DIVINED Agent[11] HUMAN
3,whisper,9,3,8,Skip
3,whisper,10,3,11,Skip
3,whisper,11,3,6,Skip
3,whisper,12,4,11,Skip
3,whisper,13,4,8,Skip
3,whisper,14,4,6,Over
3,whisper,15,5,8,Over
3,whisper,16,5,6,Over
3,whisper,17,5,11,Over
3,attackVote,6,4
3,attackVote,8,14
3,attackVote,11,4
3,attack,4,true
4,status,1,VILLAGER,ALIVE,wolf1
4,status,2,VILLAGER,ALIVE,SampleRoleAssignPlayer
4,status,3,VILLAGER,ALIVE,SampleRoleAssignPlayer
4,status,4,VILLAGER,DEAD,SampleRoleAssignPlayer
4,status,5,VILLAGER,DEAD,SampleRoleAssignPlayer
4,status,6,WEREWOLF,ALIVE,SampleRoleAssignPlayer
4,status,7,SEER,DEAD,SampleRoleAssignPlayer
4,status,8,WEREWOLF,ALIVE,SampleRoleAssignPlayer
4,status,9,VILLAGER,ALIVE,SampleRoleAssignPlayer
4,status,10,VILLAGER,DEAD,SampleRoleAssignPlayer
4,status,11,WEREWOLF,ALIVE,SampleRoleAssignPlayer
4,status,12,POSSESSED,ALIVE,SampleRoleAssignPlayer
4,status,13,BODYGUARD,DEAD,SampleRoleAssignPlayer
4,status,14,VILLAGER,ALIVE,SampleRoleAssignPlayer
4,status,15,MEDIUM,DEAD,SampleRoleAssignPlayer
4,talk,0,0,1,VOTE Agent[12]
4,talk,1,0,6,VOTE Agent[01]
4,talk,2,0,14,VOTE Agent[09]
4,talk,3,0,8,DIVINED Agent[11] HUMAN
4,talk,4,0,3,VOTE Agent[12]
4,talk,5,0,12,DIVINED Agent[06] HUMAN
4,talk,6,0,11,IDENTIFIED Agent[15] WEREWOLF
4,talk,7,0,9,VOTE Agent[12]
4,talk,8,0,2,VOTE Agent[11]
4,talk,9,1,1,ESTIMATE Agent[11] WEREWOLF
4,talk,10,1,9,Skip
4,talk,11,1,6,REQUEST(VOTE Agent[01])
4,talk,12,1,3,Skip
4,talk,13,1,14,Skip
4,talk,14,1,8,VOTE Agent[01]
4,talk,15,1,2,Skip
4,talk,16,1,11,VOTE Agent[01]
4,talk,17,1,12,VOTE Agent[08]
4,talk,18,2,1,ESTIMATE Agent[12] WEREWOLF
4,talk,19,2,14,Skip
4,talk,20,2,9,Skip
4,talk,21,2,8,REQUEST(VOTE Agent[01])
4,talk,22,2,3,Skip
4,talk,23,2,6,Skip
4,talk,24,2,12,REQUEST(VOTE Agent[08])
4,talk,25,2,2,Skip
4,talk,26,2,11,REQUEST(VOTE Agent[01])
4,talk,27,3,2,Over
4,talk,28,3,9,Over
4,talk,29,3,14,Over
4,talk,30,3,1,ESTIMATE Agent[14] WEREWOLF
4,talk,31,3,6,Skip
4,talk,32,3,12,Skip
4,talk,33,3,8,Skip
4,talk,34,3,3,Over
4,talk,35,3,11,Skip
4,talk,36,4,11,Skip
4,talk,37,4,8,Skip
4,talk,38,4,9,Over
4,talk,39,4,12,Skip
4,talk,40,4,3,Over
4,talk,41,4,2,Over
4,talk,42,4,1,ESTIMATE Agent[03] VILLAGER
4,talk,43,4,14,Over
4,talk,44,4,6,Over
4,talk,45,5,3,Over
4,talk,46,5,1,ESTIMATE Agent[09] VILLAGER
4,talk,47,5,12,Over
4,talk,48,5,11,Over
4,talk,49,5,9,Over
4,talk,50,5,6,Over
4,talk,51,5,14,Over
4,talk,52,5,2,Over
4,talk,53,5,8,Over
4,talk,54,6,14,Over
4,talk,55,6,1,Over
4,talk,56,6,9,Over
4,talk,57,6,11,Over
4,talk,58,6,3,Over
4,talk,59,6,6,Over
4,talk,60,6,12,Over
4,talk,61,6,2,Over
4,talk,62,6,8,Over
4,vote,1,12
4,vote,2,11
4,vote,3,12
4,vote,6,1
4,vote,8,1
4,vote,9,12
4,vote,11,1
4,vote,12,8
4,vote,14,9
4,vote,1,12
4,vote,2,1
4,vote,3,12
4,vote,6,1
4,vote,8,1
4,vote,9,12
4,vote,11,1
4,vote,12,1
4,vote,14,12
4,execute,1,VILLAGER
4,whisper,0,0,6,ATTACK Agent[14]
4,whisper,1,0,8,ATTACK Agent[02]
4,whisper,2,0,11,ATTACK Agent[02]
4,whisper,3,1,6,REQUEST(ATTACK Agent[14])
4,whisper,4,1,8,REQUEST(ATTACK Agent[02])
4,whisper,5,1,11,REQUEST(ATTACK Agent[02])
4,whisper,6,2,8,DIVINED Agent[06] HUMAN
4,whisper,7,2,11,IDENTIFIED Agent[01] WEREWOLF
4,whisper,8,2,6,Skip
4,whisper,9,3,11,Skip
4,whisper,10,3,6,Skip
4,whisper,11,3,8,Skip
4,whisper,12,4,6,Over
4,whisper,13,4,11,Skip
4,whisper,14,4,8,Skip
4,whisper,15,5,8,Over
4,whisper,16,5,11,Over
4,whisper,17,5,6,Over
4,attackVote,6,14
4,attackVote,8,2
4,attackVote,11,2
4,attack,2,true
5,status,1,VILLAGER,DEAD,wolf1
5,status,2,VILLAGER,DEAD,SampleRoleAssignPlayer
5,status,3,VILLAGER,ALIVE,SampleRoleAssignPlayer
5,status,4,VILLAGER,DEAD,SampleRoleAssignPlayer
5,status,5,VILLAGER,DEAD,SampleRoleAssignPlayer
5,status,6,WEREWOLF,ALIVE,SampleRoleAssignPlayer
5,status,7,SEER,DEAD,SampleRoleAssignPlayer
5,status,8,WEREWOLF,ALIVE,SampleRoleAssignPlayer
5,status,9,VILLAGER,ALIVE,SampleRoleAssignPlayer
5,status,10,VILLAGER,DEAD,SampleRoleAssignPlayer
5,status,11,WEREWOLF,ALIVE,SampleRoleAssignPlayer
5,status,12,POSSESSED,ALIVE,SampleRoleAssignPlayer
5,status,13,BODYGUARD,DEAD,SampleRoleAssignPlayer
5,status,14,VILLAGER,ALIVE,SampleRoleAssignPlayer
5,status,15,MEDIUM,DEAD,SampleRoleAssignPlayer
5,talk,0,0,12,DIVINED Agent[11] HUMAN
5,talk,1,0,14,VOTE Agent[12]
5,talk,2,0,6,VOTE Agent[03]
5,talk,3,0,8,DIVINED Agent[06] HUMAN
5,talk,4,0,3,VOTE Agent[12]
5,talk,5,0,11,IDENTIFIED Agent[01] WEREWOLF
5,talk,6,0,9,VOTE Agent[08]
5,talk,7,1,12,VOTE Agent[08]
5,talk,8,1,14,Skip
5,talk,9,1,6,REQUEST(VOTE Agent[03])
5,talk,10,1,9,Skip
5,talk,11,1,8,VOTE Agent[03]
5,talk,12,1,11,VOTE Agent[09]
5,talk,13,1,3,Skip
5,talk,14,2,9,Skip
5,talk,15,2,11,REQUEST(VOTE Agent[09])
5,talk,16,2,12,REQUEST(VOTE Agent[08])
5,talk,17,2,8,REQUEST(VOTE Agent[03])
5,talk,18,2,6,Skip
5,talk,19,2,14,Skip
5,talk,20,2,3,Skip
5,talk,21,3,3,Over
5,talk,22,3,12,Skip
5,talk,23,3,8,Skip
5,talk,24,3,6,Skip
5,talk,25,3,11,Skip
5,talk,26,3,9,Over
5,talk,27,3,14,Over
5,talk,28,4,6,Over
5,talk,29,4,8,Skip
5,talk,30,4,12,Skip
5,talk,31,4,3,Over
5,talk,32,4,9,Over
5,talk,33,4,11,Skip
5,talk,34,4,14,Over
5,talk,35,5,12,Over
5,talk,36,5,11,Over
5,talk,37,5,8,Over
5,talk,38,5,14,Over
5,talk,39,5,6,Over
5,talk,40,5,9,Over
5,talk,41,5,3,Over
5,vote,3,12
5,vote,6,3
5,vote,8,3
5,vote,9,8
5,vote,11,9
5,vote,12,8
5,vote,14,12
5,vote,3,12
5,vote,6,3
5,vote,8,3
5,vote,9,8
5,vote,11,3
5,vote,12,8
5,vote,14,12
5,execute,3,VILLAGER
5,whisper,0,0,8,ATTACK Agent[09]
5,whisper,1,0,11,ATTACK Agent[14]
5,whisper,2,0,6,ATTACK Agent[14]
5,whisper,3,1,11,REQUEST(ATTACK Agent[14])
5,whisper,4,1,8,REQUEST(ATTACK Agent[09])
5,whisper,5,1,6,REQUEST(ATTACK Agent[14])
5,whisper,6,2,11,IDENTIFIED Agent[03] HUMAN
5,whisper,7,2,6,Skip
5,whisper,8,2,8,DIVINED Agent[09] WEREWOLF
5,whisper,9,3,6,Skip
5,whisper,10,3,11,Skip
5,whisper,11,3,8,Skip
5,whisper,12,4,6,Over
5,whisper,13,4,8,Skip
5,whisper,14,4,11,Skip
5,whisper,15,5,6,Over
5,whisper,16,5,11,Over
5,whisper,17,5,8,Over
5,attackVote,6,14
5,attackVote,8,9
5,attackVote,11,14
5,attack,14,true
6,status,1,VILLAGER,DEAD,wolf1
6,status,2,VILLAGER,DEAD,SampleRoleAssignPlayer
6,status,3,VILLAGER,DEAD,SampleRoleAssignPlayer
6,status,4,VILLAGER,DEAD,SampleRoleAssignPlayer
6,status,5,VILLAGER,DEAD,SampleRoleAssignPlayer
6,status,6,WEREWOLF,ALIVE,SampleRoleAssignPlayer
6,status,7,SEER,DEAD,SampleRoleAssignPlayer
6,status,8,WEREWOLF,ALIVE,SampleRoleAssignPlayer
6,status,9,VILLAGER,ALIVE,SampleRoleAssignPlayer
6,status,10,VILLAGER,DEAD,SampleRoleAssignPlayer
6,status,11,WEREWOLF,ALIVE,SampleRoleAssignPlayer
6,status,12,POSSESSED,ALIVE,SampleRoleAssignPlayer
6,status,13,BODYGUARD,DEAD,SampleRoleAssignPlayer
6,status,14,VILLAGER,DEAD,SampleRoleAssignPlayer
6,status,15,MEDIUM,DEAD,SampleRoleAssignPlayer
6,result,2,3,WEREWOLF
