0,status,1,VILLAGER,ALIVE,wolf1
0,status,2,SEER,ALIVE,SampleRoleAssignPlayer
0,status,3,VILLAGER,ALIVE,SampleRoleAssignPlayer
0,status,4,VILLAGER,ALIVE,SampleRoleAssignPlayer
0,status,5,VILLAGER,ALIVE,SampleRoleAssignPlayer
0,status,6,POSSESSED,ALIVE,SampleRoleAssignPlayer
0,status,7,WEREWOLF,ALIVE,SampleRoleAssignPlayer
0,status,8,BODYGUARD,ALIVE,SampleRoleAssignPlayer
0,status,9,VILLAGER,ALIVE,SampleRoleAssignPlayer
0,status,10,VILLAGER,ALIVE,SampleRoleAssignPlayer
0,status,11,MEDIUM,ALIVE,SampleRoleAssignPlayer
0,status,12,VILLAGER,ALIVE,SampleRoleAssignPlayer
0,status,13,VILLAGER,ALIVE,SampleRoleAssignPlayer
0,status,14,WEREWOLF,ALIVE,SampleRoleAssignPlayer
0,status,15,WEREWOLF,ALIVE,SampleRoleAssignPlayer
0,whisper,0,0,7,COMINGOUT Agent[07] SEER
0,whisper,1,0,15,COMINGOUT Agent[15] MEDIUM
0,whisper,2,0,14,COMINGOUT Agent[14] MEDIUM
0,whisper,3,1,14,Skip
0,whisper,4,1,15,Skip
0,whisper,5,1,7,Skip
0,whisper,6,2,7,Skip
0,whisper,7,2,14,COMINGOUT Agent[14] VILLAGER
0,whisper,8,2,15,COMINGOUT Agent[15] VILLAGER
0,whisper,9,3,14,Skip
0,whisper,10,3,15,Skip
0,whisper,11,3,7,Over
0,whisper,12,4,15,Skip
0,whisper,13,4,7,Over
0,whisper,14,4,14,COMINGOUT Agent[14] MEDIUM
0,whisper,15,5,15,Over
0,whisper,16,5,14,Skip
0,whisper,17,5,7,DIVINED Agent[15] HUMAN
0,whisper,18,6,7,Skip
0,whisper,19,6,15,Over
0,whisper,20,6,14,Skip
0,whisper,21,7,7,Skip
0,whisper,22,7,15,Over
0,whisper,23,7,14,Over
0,whisper,24,8,14,Over
0,whisper,25,8,7,Over
0,whisper,26,8,15,Over
0,divine,2,1,HUMAN
1,status,1,VILLAGER,ALIVE,wolf1
1,status,2,SEER,ALIVE,SampleRoleAssignPlayer
1,status,3,VILLAGER,ALIVE,SampleRoleAssignPlayer
1,status,4,VILLAGER,ALIVE,SampleRoleAssignPlayer
1,status,5,VILLAGER,ALIVE,SampleRoleAssignPlayer
1,status,6,POSSESSED,ALIVE,SampleRoleAssignPlayer
1,status,7,WEREWOLF,ALIVE,SampleRoleAssignPlayer
1,status,8,BODYGUARD,ALIVE,SampleRoleAssignPlayer
1,status,9,VILLAGER,ALIVE,SampleRoleAssignPlayer
1,status,10,VILLAGER,ALIVE,SampleRoleAssignPlayer
1,status,11,MEDIUM,ALIVE,SampleRoleAssignPlayer
1,status,12,VILLAGER,ALIVE,SampleRoleAssignPlayer
1,status,13,VILLAGER,ALIVE,SampleRoleAssignPlayer
1,status,14,WEREWOLF,ALIVE,SampleRoleAssignPlayer
1,status,15,WEREWOLF,ALIVE,SampleRoleAssignPlayer
1,talk,0,0,5,VOTE Agent[04]
1,talk,1,0,14,VOTE Agent[12]
1,talk,2,0,2,VOTE Agent[15]
1,talk,3,0,11,VOTE Agent[15]
1,talk,4,0,10,VOTE Agent[05]
1,talk,5,0,3,VOTE Agent[07]
1,talk,6,0,7,VOTE Agent[04]
1,talk,7,0,1,VOTE Agent[12]
1,talk,8,0,6,COMINGOUT Agent[06] SEER
1,talk,9,0,9,VOTE Agent[07]
1,talk,10,0,4,VOTE Agent[06]
1,talk,11,0,15,VOTE Agent[05]
1,talk,12,0,12,VOTE Agent[03]
1,talk,13,0,8,VOTE Agent[06]
1,talk,14,0,13,VOTE Agent[15]
1,talk,15,1,6,DIVINED Agent[13] WEREWOLF
1,talk,16,1,2,COMINGOUT Agent[02] SEER
1,talk,17,1,4,Skip
1,talk,18,1,12,Skip
1,talk,19,1,7,REQUEST(VOTE Agent[04])
1,talk,20,1,10,Skip
1,talk,21,1,14,REQUEST(VOTE Agent[12])
1,talk,22,1,1,ESTIMATE Agent[05] WEREWOLF
1,talk,23,1,15,REQUEST(VOTE Agent[05])
1,talk,24,1,5,Skip
1,talk,25,1,9,Skip
1,talk,26,1,11,Skip
1,talk,27,1,3,Skip
1,talk,28,1,8,Skip
1,talk,29,1,13,Skip
1,talk,30,2,15,Skip
1,talk,31,2,11,ESTIMATE Agent[06] SEER
1,talk,32,2,10,ESTIMATE Agent[06] SEER
1,talk,33,2,7,COMINGOUT Agent[07] SEER
1,talk,34,2,6,VOTE Agent[13]
1,talk,35,2,1,ESTIMATE Agent[09] WEREWOLF
1,talk,36,2,4,ESTIMATE Agent[06] SEER
1,talk,37,2,12,ESTIMATE Agent[06] SEER
1,talk,38,2,5,ESTIMATE Agent[06] SEER
1,talk,39,2,2,DIVINED Agent[01] HUMAN
1,talk,40,2,13,ESTIMATE Agent[06] WEREWOLF
1,talk,41,2,14,Skip
1,talk,42,2,8,ESTIMATE Agent[06] SEER
1,talk,43,2,9,ESTIMATE Agent[06] SEER
1,talk,44,2,3,ESTIMATE Agent[06] SEER
1,talk,45,3,12,ESTIMATE Agent[13] WEREWOLF
1,talk,46,3,15,Skip
1,talk,47,3,2,ESTIMATE Agent[06] WEREWOLF
1,talk,48,3,5,ESTIMATE Agent[13] WEREWOLF
1,talk,49,3,8,ESTIMATE Agent[13] WEREWOLF
1,talk,50,3,3,ESTIMATE Agent[13] WEREWOLF
1,talk,51,3,7,DIVINED Agent[15] HUMAN
1,talk,52,3,10,ESTIMATE Agent[13] WEREWOLF
1,talk,53,3,4,ESTIMATE Agent[13] WEREWOLF
1,talk,54,3,13,REQUEST(DIVINATION Agent[06])
1,talk,55,3,1,ESTIMATE Agent[07] WEREWOLF
1,talk,56,3,6,REQUEST(VOTE Agent[13])
1,talk,57,3,9,ESTIMATE Agent[13] WEREWOLF
1,talk,58,3,11,ESTIMATE Agent[13] WEREWOLF
1,talk,59,3,14,Skip
1,talk,60,4,11,REQUEST(Agent[06] DIVINATION Agent[13])
1,talk,61,4,10,REQUEST(Agent[06] DIVINATION Agent[13])
1,talk,62,4,13,VOTE Agent[06]
1,talk,63,4,15,Over
1,talk,64,4,1,VOTE Agent[13]
1,talk,65,4,14,Over
1,talk,66,4,2,VOTE Agent[06]
1,talk,67,4,7,REQUEST(VOTE Agent[06])
1,talk,68,4,9,REQUEST(Agent[06] DIVINATION Agent[13])
1,talk,69,4,12,REQUEST(Agent[06] DIVINATION Agent[13])
1,talk,70,4,6,Skip
1,talk,71,4,3,REQUEST(Agent[06] DIVINATION Agent[13])
1,talk,72,4,8,REQUEST(Agent[06] DIVINATION Agent[13])
1,talk,73,4,4,REQUEST(Agent[06] DIVINATION Agent[13])
1,talk,74,4,5,REQUEST(Agent[06] DIVINATION Agent[13])
1,talk,75,5,15,Over
1,talk,76,5,10,VOTE Agent[13]
1,talk,77,5,9,VOTE Agent[13]
1,talk,78,5,13,ESTIMATE Agent[02] SEER
1,talk,79,5,3,VOTE Agent[13]
1,talk,80,5,5,VOTE Agent[13]
1,talk,81,5,1,ESTIMATE Agent[12] WEREWOLF
1,talk,82,5,7,VOTE Agent[02]
1,talk,83,5,4,VOTE Agent[13]
1,talk,84,5,11,VOTE Agent[13]
1,talk,85,5,12,VOTE Agent[13]
1,talk,86,5,2,Skip
1,talk,87,5,8,VOTE Agent[13]
1,talk,88,5,14,Over
1,talk,89,5,6,Skip
1,talk,90,6,11,Skip
1,talk,91,6,14,Over
1,talk,92,6,12,Skip
1,talk,93,6,8,Skip
1,talk,94,6,6,Over
1,talk,95,6,9,Skip
1,talk,96,6,1,Over
1,talk,97,6,5,Skip
1,talk,98,6,10,Skip
1,talk,99,6,15,Over
1,talk,100,6,4,Skip
1,talk,101,6,13,Skip
1,talk,102,6,7,REQUEST(VOTE Agent[02])
1,talk,103,6,2,Skip
1,talk,104,6,3,Skip
1,talk,105,7,10,Skip
1,talk,106,7,7,Skip
1,talk,107,7,12,Skip
1,talk,108,7,11,Skip
1,talk,109,7,13,Skip
1,talk,110,7,4,Skip
1,talk,111,7,6,Over
1,talk,112,7,2,Over
1,talk,113,7,8,Skip
1,talk,114,7,15,Over
1,talk,115,7,5,Skip
1,talk,116,7,9,Skip
1,talk,117,7,14,Over
1,talk,118,7,3,Skip
1,talk,119,7,1,Over
1,talk,120,8,10,Over
1,talk,121,8,3,Over
1,talk,122,8,4,Over
1,talk,123,8,2,Over
1,talk,124,8,14,Over
1,talk,125,8,9,Over
1,talk,126,8,11,Over
1,talk,127,8,1,Over
1,talk,128,8,6,Over
1,talk,129,8,8,Over
1,talk,130,8,12,Over
1,talk,131,8,13,Over
1,talk,132,8,15,Over
1,talk,133,8,5,Over
1,talk,134,8,7,Skip
1,talk,135,9,9,Over
1,talk,136,9,1,Over
1,talk,137,9,10,Over
1,talk,138,9,4,Over
1,talk,139,9,5,Over
1,talk,140,9,11,Over
1,talk,141,9,7,Over
1,talk,142,9,14,Over
1,talk,143,9,3,Over
1,talk,144,9,6,Over
1,talk,145,9,13,Over
1,talk,146,9,2,Over
1,talk,147,9,15,Over
1,talk,148,9,12,Over
1,talk,149,9,8,Over
1,vote,1,13
1,vote,2,6
1,vote,3,13
1,vote,4,13
1,vote,5,13
1,vote,6,13
1,vote,7,2
1,vote,8,13
1,vote,9,13
1,vote,10,13
1,vote,11,13
1,vote,12,13
1,vote,13,6
1,vote,14,12
1,vote,15,5
1,execute,13,VILLAGER
1,divine,2,7,WEREWOLF
1,whisper,0,0,14,ESTIMATE Agent[06] POSSESSED
1,whisper,1,0,15,ESTIMATE Agent[06] POSSESSED
1,whisper,2,0,7,ESTIMATE Agent[06] POSSESSED
1,whisper,3,1,14,ATTACK Agent[02]
1,whisper,4,1,15,ATTACK Agent[02]
1,whisper,5,1,7,ATTACK Agent[02]
1,whisper,6,2,14,REQUEST(ATTACK Agent[02])
1,whisper,7,2,7,REQUEST(ATTACK Agent[02])
1,whisper,8,2,15,REQUEST(ATTACK Agent[02])
1,whisper,9,3,15,Skip
1,whisper,10,3,14,IDENTIFIED Agent[13] HUMAN
1,whisper,11,3,7,DIVINED Agent[12] WEREWOLF
1,whisper,12,4,14,Skip
1,whisper,13,4,15,Skip
1,whisper,14,4,7,Skip
1,whisper,15,5,7,Skip
1,whisper,16,5,15,Over
1,whisper,17,5,14,Skip
1,whisper,18,6,14,Over
1,whisper,19,6,7,Over
1,whisper,20,6,15,Over
1,guard,8,6,POSSESSED
1,attackVote,7,2
1,attackVote,14,2
1,attackVote,15,2
1,attack,2,true
2,status,1,VILLAGER,ALIVE,wolf1
2,status,2,SEER,DEAD,SampleRoleAssignPlayer
2,status,3,VILLAGER,ALIVE,SampleRoleAssignPlayer
2,status,4,VILLAGER,ALIVE,SampleRoleAssignPlayer
2,status,5,VILLAGER,ALIVE,SampleRoleAssignPlayer
2,status,6,POSSESSED,ALIVE,SampleRoleAssignPlayer
2,status,7,WEREWOLF,ALIVE,SampleRoleAssignPlayer
2,status,8,BODYGUARD,ALIVE,SampleRoleAssignPlayer
2,status,9,VILLAGER,ALIVE,SampleRoleAssignPlayer
2,status,10,VILLAGER,ALIVE,SampleRoleAssignPlayer
2,status,11,MEDIUM,ALIVE,SampleRoleAssignPlayer
2,status,12,VILLAGER,ALIVE,SampleRoleAssignPlayer
2,status,13,VILLAGER,DEAD,SampleRoleAssignPlayer
2,status,14,WEREWOLF,ALIVE,SampleRoleAssignPlayer
2,status,15,WEREWOLF,ALIVE,SampleRoleAssignPlayer
2,talk,0,0,1,VOTE Agent[12]
2,talk,1,0,9,VOTE Agent[03]
2,talk,2,0,6,DIVINED Agent[08] WEREWOLF
2,talk,3,0,15,VOTE Agent[03]
2,talk,4,0,10,VOTE Agent[01]
2,talk,5,0,5,VOTE Agent[07]
2,talk,6,0,8,VOTE Agent[14]
2,talk,7,0,3,VOTE Agent[15]
2,talk,8,0,14,VOTE Agent[10]
2,talk,9,0,4,VOTE Agent[01]
2,talk,10,0,7,DIVINED Agent[12] WEREWOLF
2,talk,11,0,12,VOTE Agent[07]
2,talk,12,0,11,DISAGREE TALK day1 ID:55
2,talk,13,1,9,AGREE TALK day1 ID:81
2,talk,14,1,4,AGREE TALK day1 ID:81
2,talk,15,1,1,ESTIMATE Agent[05] WEREWOLF
2,talk,16,1,5,AGREE TALK day1 ID:81
2,talk,17,1,10,AGREE TALK day1 ID:81
2,talk,18,1,7,VOTE Agent[12]
2,talk,19,1,15,REQUEST(VOTE Agent[03])
2,talk,20,1,14,REQUEST(VOTE Agent[10])
2,talk,21,1,11,ESTIMATE Agent[07] SEER
2,talk,22,1,6,VOTE Agent[07]
2,talk,23,1,8,DISAGREE TALK day1 ID:55
2,talk,24,1,12,Skip
2,talk,25,1,3,AGREE TALK day1 ID:81
2,talk,26,2,1,ESTIMATE Agent[06] WEREWOLF
2,talk,27,2,10,ESTIMATE Agent[12] WEREWOLF
2,talk,28,2,3,ESTIMATE Agent[12] WEREWOLF
2,talk,29,2,4,ESTIMATE Agent[12] WEREWOLF
2,talk,30,2,6,REQUEST(VOTE Agent[07])
2,talk,31,2,8,ESTIMATE Agent[07] SEER
2,talk,32,2,15,Skip
2,talk,33,2,14,COMINGOUT Agent[14] MEDIUM
2,talk,34,2,7,REQUEST(VOTE Agent[12])
2,talk,35,2,5,ESTIMATE Agent[12] WEREWOLF
2,talk,36,2,11,DISAGREE TALK day1 ID:31
2,talk,37,2,12,Skip
2,talk,38,2,9,ESTIMATE Agent[12] WEREWOLF
2,talk,39,3,7,Skip
2,talk,40,3,11,DISAGREE TALK day1 ID:32
2,talk,41,3,3,REQUEST(Agent[06] DIVINATION Agent[12])
2,talk,42,3,12,Over
2,talk,43,3,14,IDENTIFIED Agent[13] HUMAN
2,talk,44,3,1,ESTIMATE Agent[09] WEREWOLF
2,talk,45,3,10,REQUEST(Agent[06] DIVINATION Agent[12])
2,talk,46,3,15,Skip
2,talk,47,3,9,REQUEST(Agent[06] DIVINATION Agent[12])
2,talk,48,3,5,REQUEST(Agent[06] DIVINATION Agent[12])
2,talk,49,3,6,Skip
2,talk,50,3,8,AGREE TALK day1 ID:81
2,talk,51,3,4,REQUEST(Agent[06] DIVINATION Agent[12])
2,talk,52,4,8,ESTIMATE Agent[12] WEREWOLF
2,talk,53,4,15,Over
2,talk,54,4,9,VOTE Agent[12]
2,talk,55,4,6,Skip
2,talk,56,4,7,Skip
2,talk,57,4,10,VOTE Agent[12]
2,talk,58,4,1,ESTIMATE Agent[14] MEDIUM
2,talk,59,4,3,VOTE Agent[12]
2,talk,60,4,5,VOTE Agent[12]
2,talk,61,4,12,Over
2,talk,62,4,4,VOTE Agent[12]
2,talk,63,4,14,Skip
2,talk,64,4,11,DISAGREE TALK day1 ID:36
2,talk,65,5,9,Skip
2,talk,66,5,3,Skip
2,talk,67,5,4,Skip
2,talk,68,5,12,Over
2,talk,69,5,10,Skip
2,talk,70,5,8,REQUEST(Agent[07] DIVINATION Agent[12])
2,talk,71,5,11,DISAGREE TALK day1 ID:37
2,talk,72,5,14,Skip
2,talk,73,5,6,Over
2,talk,74,5,1,Over
2,talk,75,5,15,Over
2,talk,76,5,5,Skip
2,talk,77,5,7,Over
2,talk,78,6,3,Skip
2,talk,79,6,15,Over
2,talk,80,6,1,Over
2,talk,81,6,9,Skip
2,talk,82,6,5,Skip
2,talk,83,6,7,Over
2,talk,84,6,8,VOTE Agent[12]
2,talk,85,6,11,DISAGREE TALK day1 ID:38
2,talk,86,6,6,Over
2,talk,87,6,12,Over
2,talk,88,6,4,Skip
2,talk,89,6,10,Skip
2,talk,90,6,14,Over
2,talk,91,7,5,Over
2,talk,92,7,10,Over
2,talk,93,7,11,AGREE TALK day1 ID:40
2,talk,94,7,4,Over
2,talk,95,7,8,Skip
2,talk,96,7,3,Over
2,talk,97,7,15,Over
2,talk,98,7,12,Over
2,talk,99,7,7,Over
2,talk,100,7,6,Over
2,talk,101,7,1,Over
2,talk,102,7,9,Over
2,talk,103,7,14,Over
2,talk,104,8,7,Over
2,talk,105,8,14,Over
2,talk,106,8,5,Over
2,talk,107,8,10,Over
2,talk,108,8,1,Over
2,talk,109,8,15,Over
2,talk,110,8,6,Over
2,talk,111,8,9,Over
2,talk,112,8,8,Skip
2,talk,113,8,4,Over
2,talk,114,8,3,Over
2,talk,115,8,11,DISAGREE TALK day1 ID:42
2,talk,116,8,12,Over
2,talk,117,9,12,Over
2,talk,118,9,6,Over
2,talk,119,9,10,Over
2,talk,120,9,15,Over
2,talk,121,9,1,Over
2,talk,122,9,8,Over
2,talk,123,9,11,DISAGREE TALK day1 ID:43
2,talk,124,9,3,Over
2,talk,125,9,14,Over
2,talk,126,9,7,Over
2,talk,127,9,9,Over
2,talk,128,9,4,Over
2,talk,129,9,5,Over
2,talk,130,10,3,Over
2,talk,131,10,15,Over
2,talk,132,10,9,Over
2,talk,133,10,4,Over
2,talk,134,10,5,Over
2,talk,135,10,10,Over
2,talk,136,10,11,Over
2,talk,137,10,14,Over
2,talk,138,10,7,Over
2,talk,139,10,12,Over
2,talk,140,10,1,Over
2,talk,141,10,8,Over
2,talk,142,10,6,Over
2,vote,1,12
2,vote,3,12
2,vote,4,12
2,vote,5,12
2,vote,6,7
2,vote,7,12
2,vote,8,12
2,vote,9,12
2,vote,10,12
2,vote,11,6
2,vote,12,7
2,vote,14,10
2,vote,15,3
2,execute,12,VILLAGER
2,whisper,0,0,7,ATTACK Agent[05]
2,whisper,1,0,14,ATTACK Agent[04]
2,whisper,2,0,15,ATTACK Agent[01]
2,whisper,3,1,14,REQUEST(ATTACK Agent[04])
2,whisper,4,1,7,REQUEST(ATTACK Agent[05])
2,whisper,5,1,15,REQUEST(ATTACK Agent[01])
2,whisper,6,2,7,DIVINED Agent[09] HUMAN
2,whisper,7,2,14,IDENTIFIED Agent[12] WEREWOLF
2,whisper,8,2,15,Skip
2,whisper,9,3,14,Skip
2,whisper,10,3,7,Skip
2,whisper,11,3,15,Skip
2,whisper,12,4,15,Over
2,whisper,13,4,14,Skip
2,whisper,14,4,7,Skip
2,whisper,15,5,7,Over
2,whisper,16,5,14,Over
2,whisper,17,5,15,Over
2,guard,8,7,WEREWOLF
2,attackVote,7,5
2,attackVote,14,4
2,attackVote,15,1
2,attackVote,7,5
2,attackVote,14,4
2,attackVote,15,1
2,attack,5,true
3,status,1,VILLAGER,ALIVE,wolf1
3,status,2,SEER,DEAD,SampleRoleAssignPlayer
3,status,3,VILLAGER,ALIVE,SampleRoleAssignPlayer
3,status,4,VILLAGER,ALIVE,SampleRoleAssignPlayer
3,status,5,VILLAGER,DEAD,SampleRoleAssignPlayer
3,status,6,POSSESSED,ALIVE,SampleRoleAssignPlayer
3,status,7,WEREWOLF,ALIVE,SampleRoleAssignPlayer
3,status,8,BODYGUARD,ALIVE,SampleRoleAssignPlayer
3,status,9,VILLAGER,ALIVE,SampleRoleAssignPlayer
3,status,10,VILLAGER,ALIVE,SampleRoleAssignPlayer
3,status,11,MEDIUM,ALIVE,SampleRoleAssignPlayer
3,status,12,VILLAGER,DEAD,SampleRoleAssignPlayer
3,status,13,VILLAGER,DEAD,SampleRoleAssignPlayer
3,status,14,WEREWOLF,ALIVE,SampleRoleAssignPlayer
3,status,15,WEREWOLF,ALIVE,SampleRoleAssignPlayer
3,talk,0,0,11,IDENTIFIED Agent[12] HUMAN
3,talk,1,0,8,DISAGREE TALK day1 ID:31
3,talk,2,0,9,ESTIMATE Agent[08] WEREWOLF
3,talk,3,0,1,VOTE Agent[06]
3,talk,4,0,15,VOTE Agent[01]
3,talk,5,0,7,DIVINED Agent[09] HUMAN
3,talk,6,0,4,ESTIMATE Agent[08] WEREWOLF
3,talk,7,0,3,ESTIMATE Agent[08] WEREWOLF
3,talk,8,0,14,IDENTIFIED Agent[12] WEREWOLF
3,talk,9,0,6,DIVINED Agent[03] HUMAN
3,talk,10,0,10,ESTIMATE Agent[08] WEREWOLF
3,talk,11,1,15,REQUEST(VOTE Agent[01])
3,talk,12,1,4,REQUEST(Agent[06] DIVINATION Agent[08])
3,talk,13,1,11,DISAGREE TALK day1 ID:31
3,talk,14,1,6,VOTE Agent[13]
3,talk,15,1,9,REQUEST(Agent[06] DIVINATION Agent[08])
3,talk,16,1,3,REQUEST(Agent[06] DIVINATION Agent[08])
3,talk,17,1,8,DISAGREE TALK day1 ID:32
3,talk,18,1,1,ESTIMATE Agent[02] WEREWOLF
3,talk,19,1,14,VOTE Agent[09]
3,talk,20,1,7,VOTE Agent[04]
3,talk,21,1,10,REQUEST(Agent[06] DIVINATION Agent[08])
3,talk,22,2,9,VOTE Agent[08]
3,talk,23,2,4,VOTE Agent[08]
3,talk,24,2,6,REQUEST(VOTE Agent[13])
3,talk,25,2,15,Skip
3,talk,26,2,7,REQUEST(VOTE Agent[04])
3,talk,27,2,10,VOTE Agent[08]
3,talk,28,2,8,DISAGREE TALK day1 ID:36
3,talk,29,2,14,REQUEST(VOTE Agent[09])
3,talk,30,2,3,VOTE Agent[08]
3,talk,31,2,1,ESTIMATE Agent[11] WEREWOLF
3,talk,32,2,11,DISAGREE TALK day1 ID:32
3,talk,33,3,4,Skip
3,talk,34,3,10,Skip
3,talk,35,3,9,Skip
3,talk,36,3,11,DISAGREE TALK day1 ID:36
3,talk,37,3,6,Skip
3,talk,38,3,7,Skip
3,talk,39,3,3,Skip
3,talk,40,3,15,Skip
3,talk,41,3,1,ESTIMATE Agent[12] WEREWOLF
3,talk,42,3,14,Skip
3,talk,43,3,8,DISAGREE TALK day1 ID:37
3,talk,44,4,11,DISAGREE TALK day1 ID:37
3,talk,45,4,1,VOTE Agent[11]
3,talk,46,4,3,Skip
3,talk,47,4,6,Skip
3,talk,48,4,10,Skip
3,talk,49,4,14,Skip
3,talk,50,4,7,Skip
3,talk,51,4,4,Skip
3,talk,52,4,8,DISAGREE TALK day1 ID:38
3,talk,53,4,9,Skip
3,talk,54,4,15,Over
3,talk,55,5,8,AGREE TALK day1 ID:40
3,talk,56,5,10,Over
3,talk,57,5,4,Over
3,talk,58,5,11,DISAGREE TALK day1 ID:38
3,talk,59,5,3,Over
3,talk,60,5,7,Over
3,talk,61,5,9,Over
3,talk,62,5,6,Over
3,talk,63,5,1,ESTIMATE Agent[08] VILLAGER
3,talk,64,5,14,Over
3,talk,65,5,15,Over
3,talk,66,6,6,Over
3,talk,67,6,15,Over
3,talk,68,6,1,VOTE Agent[06]
3,talk,69,6,11,AGREE TALK day1 ID:40
3,talk,70,6,3,Over
3,talk,71,6,8,DISAGREE TALK day1 ID:42
3,talk,72,6,9,Over
3,talk,73,6,14,Over
3,talk,74,6,7,Over
3,talk,75,6,4,Over
3,talk,76,6,10,Over
3,talk,77,7,7,Over
3,talk,78,7,11,DISAGREE TALK day1 ID:42
3,talk,79,7,6,Over
3,talk,80,7,15,Over
3,talk,81,7,14,Over
3,talk,82,7,9,Over
3,talk,83,7,3,Over
3,talk,84,7,8,DISAGREE TALK day1 ID:43
3,talk,85,7,10,Over
3,talk,86,7,1,ESTIMATE Agent[15] VILLAGER
3,talk,87,7,4,Over
3,talk,88,8,4,Over
3,talk,89,8,11,DISAGREE TALK day1 ID:43
3,talk,90,8,15,Over
3,talk,91,8,10,Over
3,talk,92,8,7,Over
3,talk,93,8,6,Over
3,talk,94,8,9,Over
3,talk,95,8,14,Over
3,talk,96,8,3,Over
3,talk,97,8,8,DISAGREE TALK day1 ID:44
3,talk,98,8,1,Over
3,talk,99,9,14,Over
3,talk,100,9,1,Over
3,talk,101,9,6,Over
3,talk,102,9,11,DISAGREE TALK day1 ID:44
3,talk,103,9,9,Over
3,talk,104,9,8,AGREE TALK day1 ID:47
3,talk,105,9,3,Over
3,talk,106,9,10,Over
3,talk,107,9,15,Over
3,talk,108,9,4,Over
3,talk,109,9,7,Over
3,talk,110,10,10,Over
3,talk,111,10,1,Over
3,talk,112,10,3,Over
3,talk,113,10,8,Over
3,talk,114,10,7,Over
3,talk,115,10,14,Over
3,talk,116,10,4,Over
3,talk,117,10,15,Over
3,talk,118,10,9,Over
3,talk,119,10,11,Over
3,talk,120,10,6,Over
3,vote,1,6
3,vote,3,8
3,vote,4,8
3,vote,6,7
3,vote,7,4
3,vote,8,6
3,vote,9,8
3,vote,10,8
3,vote,11,6
3,vote,14,9
3,vote,15,1
3,execute,8,BODYGUARD
3,whisper,0,0,14,ATTACK Agent[04]
3,whisper,1,0,15,ATTACK Agent[11]
3,whisper,2,0,7,ATTACK Agent[04]
3,whisper,3,1,14,REQUEST(ATTACK Agent[04])
3,whisper,4,1,7,REQUEST(ATTACK Agent[04])
3,whisper,5,1,15,REQUEST(ATTACK Agent[11])
3,whisper,6,2,7,DIVINED Agent[11] WEREWOLF
3,whisper,7,2,15,Skip
3,whisper,8,2,14,IDENTIFIED Agent[08] HUMAN
3,whisper,9,3,15,Skip
3,whisper,10,3,7,Skip
3,whisper,11,3,14,Skip
3,whisper,12,4,7,Skip
3,whisper,13,4,15,Over
3,whisper,14,4,14,Skip
3,whisper,15,5,7,Over
3,whisper,16,5,15,Over
3,whisper,17,5,14,Over
3,attackVote,7,4
3,attackVote,14,4
3,attackVote,15,11
3,attack,4,true
4,status,1,VILLAGER,ALIVE,wolf1
4,status,2,SEER,DEAD,SampleRoleAssignPlayer
4,status,3,VILLAGER,ALIVE,SampleRoleAssignPlayer
4,status,4,VILLAGER,DEAD,SampleRoleAssignPlayer
4,status,5,VILLAGER,DEAD,SampleRoleAssignPlayer
4,status,6,POSSESSED,ALIVE,SampleRoleAssignPlayer
4,status,7,WEREWOLF,ALIVE,SampleRoleAssignPlayer
4,status,8,BODYGUARD,DEAD,SampleRoleAssignPlayer
4,status,9,VILLAGER,ALIVE,SampleRoleAssignPlayer
4,status,10,VILLAGER,ALIVE,SampleRoleAssignPlayer
4,status,11,MEDIUM,ALIVE,SampleRoleAssignPlayer
4,status,12,VILLAGER,DEAD,SampleRoleAssignPlayer
4,status,13,VILLAGER,DEAD,SampleRoleAssignPlayer
4,status,14,WEREWOLF,ALIVE,SampleRoleAssignPlayer
4,status,15,WEREWOLF,ALIVE,SampleRoleAssignPlayer
4,talk,0,0,14,IDENTIFIED Agent[08] HUMAN
4,talk,1,0,9,VOTE Agent[03]
4,talk,2,0,3,VOTE Agent[07]
4,talk,3,0,11,IDENTIFIED Agent[08] HUMAN
4,talk,4,0,10,VOTE Agent[09]
4,talk,5,0,6,DIVINED Agent[15] HUMAN
4,talk,6,0,7,DIVINED Agent[11] WEREWOLF
4,talk,7,0,1,VOTE Agent[06]
4,talk,8,0,15,VOTE Agent[09]
4,talk,9,1,10,AGREE TALK day3 ID:31
4,talk,10,1,9,AGREE TALK day3 ID:31
4,talk,11,1,3,AGREE TALK day3 ID:31
4,talk,12,1,7,VOTE Agent[11]
4,talk,13,1,14,VOTE Agent[03]
4,talk,14,1,1,ESTIMATE Agent[02] WEREWOLF
4,talk,15,1,6,VOTE Agent[13]
4,talk,16,1,15,REQUEST(VOTE Agent[09])
4,talk,17,1,11,AGREE TALK day1 ID:55
4,talk,18,2,10,ESTIMATE Agent[11] WEREWOLF
4,talk,19,2,14,REQUEST(VOTE Agent[03])
4,talk,20,2,11,DISAGREE TALK day2 ID:21
4,talk,21,2,9,ESTIMATE Agent[11] WEREWOLF
4,talk,22,2,15,Skip
4,talk,23,2,7,REQUEST(VOTE Agent[11])
4,talk,24,2,1,ESTIMATE Agent[11] WEREWOLF
4,talk,25,2,6,REQUEST(VOTE Agent[13])
4,talk,26,2,3,ESTIMATE Agent[11] WEREWOLF
4,talk,27,3,1,ESTIMATE Agent[12] WEREWOLF
4,talk,28,3,11,DISAGREE TALK day2 ID:31
4,talk,29,3,9,REQUEST(Agent[06] DIVINATION Agent[11])
4,talk,30,3,3,REQUEST(Agent[06] DIVINATION Agent[11])
4,talk,31,3,14,Skip
4,talk,32,3,10,REQUEST(Agent[06] DIVINATION Agent[11])
4,talk,33,3,15,Skip
4,talk,34,3,7,Skip
4,talk,35,3,6,Skip
4,talk,36,4,9,VOTE Agent[11]
4,talk,37,4,11,ESTIMATE Agent[07] WEREWOLF
4,talk,38,4,14,Skip
4,talk,39,4,7,Skip
4,talk,40,4,15,Over
4,talk,41,4,1,VOTE Agent[11]
4,talk,42,4,6,Skip
4,talk,43,4,3,VOTE Agent[11]
4,talk,44,4,10,VOTE Agent[11]
4,talk,45,5,9,Skip
4,talk,46,5,3,Skip
4,talk,47,5,15,Over
4,talk,48,5,7,Over
4,talk,49,5,10,Skip
4,talk,50,5,1,ESTIMATE Agent[03] VILLAGER
4,talk,51,5,11,REQUEST(DIVINATION Agent[07])
4,talk,52,5,14,Over
4,talk,53,5,6,Over
4,talk,54,6,14,Over
4,talk,55,6,7,Over
4,talk,56,6,6,Over
4,talk,57,6,15,Over
4,talk,58,6,10,Skip
4,talk,59,6,1,ESTIMATE Agent[09] VILLAGER
4,talk,60,6,9,Skip
4,talk,61,6,11,VOTE Agent[07]
4,talk,62,6,3,Skip
4,talk,63,7,10,Over
4,talk,64,7,7,Over
4,talk,65,7,11,Skip
4,talk,66,7,9,Over
4,talk,67,7,6,Over
4,talk,68,7,1,ESTIMATE Agent[10] VILLAGER
4,talk,69,7,3,Over
4,talk,70,7,14,Over
4,talk,71,7,15,Over
4,talk,72,8,10,Over
4,talk,73,8,15,Over
4,talk,74,8,11,Skip
4,talk,75,8,1,ESTIMATE Agent[15] VILLAGER
4,talk,76,8,3,Over
4,talk,77,8,9,Over
4,talk,78,8,6,Over
4,talk,79,8,7,Over
4,talk,80,8,14,Over
4,talk,81,9,3,Over
4,talk,82,9,9,Over
4,talk,83,9,1,Over
4,talk,84,9,11,Over
4,talk,85,9,15,Over
4,talk,86,9,6,Over
4,talk,87,9,10,Over
4,talk,88,9,14,Over
4,talk,89,9,7,Over
4,vote,1,11
4,vote,3,11
4,vote,6,15
4,vote,7,11
4,vote,9,11
4,vote,10,11
4,vote,11,7
4,vote,14,3
4,vote,15,9
4,execute,11,MEDIUM
4,whisper,0,0,15,ATTACK Agent[01]
4,whisper,1,0,7,ATTACK Agent[09]
4,whisper,2,0,14,ATTACK Agent[09]
4,whisper,3,1,7,REQUEST(ATTACK Agent[09])
4,whisper,4,1,15,REQUEST(ATTACK Agent[01])
4,whisper,5,1,14,REQUEST(ATTACK Agent[09])
4,whisper,6,2,14,IDENTIFIED Agent[11] WEREWOLF
4,whisper,7,2,7,DIVINED Agent[10] WEREWOLF
4,whisper,8,2,15,Skip
4,whisper,9,3,15,Skip
4,whisper,10,3,7,Skip
4,whisper,11,3,14,Skip
4,whisper,12,4,15,Over
4,whisper,13,4,7,Skip
4,whisper,14,4,14,Skip
4,whisper,15,5,7,Over
4,whisper,16,5,15,Over
4,whisper,17,5,14,Over
4,attackVote,7,9
4,attackVote,14,9
4,attackVote,15,1
4,attack,9,true
5,status,1,VILLAGER,ALIVE,wolf1
5,status,2,SEER,DEAD,SampleRoleAssignPlayer
5,status,3,VILLAGER,ALIVE,SampleRoleAssignPlayer
5,status,4,VILLAGER,DEAD,SampleRoleAssignPlayer
5,status,5,VILLAGER,DEAD,SampleRoleAssignPlayer
5,status,6,POSSESSED,ALIVE,SampleRoleAssignPlayer
5,status,7,WEREWOLF,ALIVE,SampleRoleAssignPlayer
5,status,8,BODYGUARD,DEAD,SampleRoleAssignPlayer
5,status,9,VILLAGER,DEAD,SampleRoleAssignPlayer
5,status,10,VILLAGER,ALIVE,SampleRoleAssignPlayer
5,status,11,MEDIUM,DEAD,SampleRoleAssignPlayer
5,status,12,VILLAGER,DEAD,SampleRoleAssignPlayer
5,status,13,VILLAGER,DEAD,SampleRoleAssignPlayer
5,status,14,WEREWOLF,ALIVE,SampleRoleAssignPlayer
5,status,15,WEREWOLF,ALIVE,SampleRoleAssignPlayer
5,talk,0,0,10,VOTE Agent[14]
5,talk,1,0,7,DIVINED Agent[10] WEREWOLF
5,talk,2,0,6,DIVINED Agent[14] WEREWOLF
5,talk,3,0,3,VOTE Agent[07]
5,talk,4,0,1,VOTE Agent[06]
5,talk,5,0,14,IDENTIFIED Agent[11] WEREWOLF
5,talk,6,0,15,VOTE Agent[10]
5,talk,7,1,1,ESTIMATE Agent[05] WEREWOLF
5,talk,8,1,14,VOTE Agent[10]
5,talk,9,1,6,VOTE Agent[13]
5,talk,10,1,3,DISAGREE TALK day4 ID:68
5,talk,11,1,15,REQUEST(VOTE Agent[10])
5,talk,12,1,7,VOTE Agent[10]
5,talk,13,1,10,Skip
5,talk,14,2,3,ESTIMATE Agent[10] WEREWOLF
5,talk,15,2,1,ESTIMATE Agent[07] WEREWOLF
5,talk,16,2,10,Skip
5,talk,17,2,6,REQUEST(VOTE Agent[13])
5,talk,18,2,7,REQUEST(VOTE Agent[10])
5,talk,19,2,14,REQUEST(VOTE Agent[10])
5,talk,20,2,15,Skip
5,talk,21,3,14,Skip
5,talk,22,3,15,Skip
5,talk,23,3,6,Skip
5,talk,24,3,7,Skip
5,talk,25,3,10,Over
5,talk,26,3,3,REQUEST(Agent[06] DIVINATION Agent[10])
5,talk,27,3,1,ESTIMATE Agent[14] WEREWOLF
5,talk,28,4,1,VOTE Agent[07]
5,talk,29,4,14,Skip
5,talk,30,4,10,Over
5,talk,31,4,7,Skip
5,talk,32,4,15,Over
5,talk,33,4,6,Skip
5,talk,34,4,3,VOTE Agent[10]
5,talk,35,5,7,Over
5,talk,36,5,3,Skip
5,talk,37,5,6,Over
5,talk,38,5,1,VOTE Agent[14]
5,talk,39,5,10,Over
5,talk,40,5,14,Over
5,talk,41,5,15,Over
5,talk,42,6,7,Over
5,talk,43,6,1,ESTIMATE Agent[10] VILLAGER
5,talk,44,6,10,Over
5,talk,45,6,3,Skip
5,talk,46,6,14,Over
5,talk,47,6,6,Over
5,talk,48,6,15,Over
5,talk,49,7,1,Over
5,talk,50,7,3,Over
5,talk,51,7,14,Over
5,talk,52,7,7,Over
5,talk,53,7,10,Over
5,talk,54,7,6,Over
5,talk,55,7,15,Over
5,vote,1,14
5,vote,3,10
5,vote,6,3
5,vote,7,10
5,vote,10,14
5,vote,14,10
5,vote,15,10
5,execute,10,VILLAGER
5,whisper,0,0,15,ATTACK Agent[03]
5,whisper,1,0,7,ATTACK Agent[01]
5,whisper,2,0,14,ATTACK Agent[03]
5,whisper,3,1,7,REQUEST(ATTACK Agent[01])
5,whisper,4,1,15,REQUEST(ATTACK Agent[03])
5,whisper,5,1,14,REQUEST(ATTACK Agent[03])
5,whisper,6,2,14,IDENTIFIED Agent[10] HUMAN
5,whisper,7,2,7,DIVINED Agent[14] HUMAN
5,whisper,8,2,15,Skip
5,whisper,9,3,15,Skip
5,whisper,10,3,7,Skip
5,whisper,11,3,14,Skip
5,whisper,12,4,15,Over
5,whisper,13,4,7,Skip
5,whisper,14,4,14,Skip
5,whisper,15,5,14,Over
5,whisper,16,5,15,Over
5,whisper,17,5,7,Over
5,attackVote,7,1
5,attackVote,14,3
5,attackVote,15,3
5,attack,3,true
6,status,1,VILLAGER,ALIVE,wolf1
6,status,2,SEER,DEAD,SampleRoleAssignPlayer
6,status,3,VILLAGER,DEAD,SampleRoleAssignPlayer
6,status,4,VILLAGER,DEAD,SampleRoleAssignPlayer
6,status,5,VILLAGER,DEAD,SampleRoleAssignPlayer
6,status,6,POSSESSED,ALIVE,SampleRoleAssignPlayer
6,status,7,WEREWOLF,ALIVE,SampleRoleAssignPlayer
6,status,8,BODYGUARD,DEAD,SampleRoleAssignPlayer
6,status,9,VILLAGER,DEAD,SampleRoleAssignPlayer
6,status,10,VILLAGER,DEAD,SampleRoleAssignPlayer
6,status,11,MEDIUM,DEAD,SampleRoleAssignPlayer
6,status,12,VILLAGER,DEAD,SampleRoleAssignPlayer
6,status,13,VILLAGER,DEAD,SampleRoleAssignPlayer
6,status,14,WEREWOLF,ALIVE,SampleRoleAssignPlayer
6,status,15,WEREWOLF,ALIVE,SampleRoleAssignPlayer
6,result,2,3,WEREWOLF
