0,status,1,BODYGUARD,ALIVE,wolf1
0,status,2,VILLAGER,ALIVE,SampleRoleAssignPlayer
0,status,3,MEDIUM,ALIVE,SampleRoleAssignPlayer
0,status,4,VILLAGER,ALIVE,SampleRoleAssignPlayer
0,status,5,WEREWOLF,ALIVE,SampleRoleAssignPlayer
0,status,6,VILLAGER,ALIVE,SampleRoleAssignPlayer
0,status,7,VILLAGER,ALIVE,SampleRoleAssignPlayer
0,status,8,WEREWOLF,ALIVE,SampleRoleAssignPlayer
0,status,9,VILLAGER,ALIVE,SampleRoleAssignPlayer
0,status,10,VILLAGER,ALIVE,SampleRoleAssignPlayer
0,status,11,WEREWOLF,ALIVE,SampleRoleAssignPlayer
0,status,12,VILLAGER,ALIVE,SampleRoleAssignPlayer
0,status,13,POSSESSED,ALIVE,SampleRoleAssignPlayer
0,status,14,SEER,ALIVE,SampleRoleAssignPlayer
0,status,15,VILLAGER,ALIVE,SampleRoleAssignPlayer
0,whisper,0,0,11,COMINGOUT Agent[11] SEER
0,whisper,1,0,5,COMINGOUT Agent[05] MEDIUM
0,whisper,2,0,8,COMINGOUT Agent[08] SEER
0,whisper,3,1,5,Skip
0,whisper,4,1,8,COMINGOUT Agent[08] VILLAGER
0,whisper,5,1,11,COMINGOUT Agent[11] VILLAGER
0,whisper,6,2,5,Skip
0,whisper,7,2,11,COMINGOUT Agent[11] SEER
0,whisper,8,2,8,COMINGOUT Agent[08] SEER
0,whisper,9,3,11,Skip
0,whisper,10,3,5,Over
0,whisper,11,3,8,Skip
0,whisper,12,4,5,Over
0,whisper,13,4,11,Skip
0,whisper,14,4,8,Skip
0,whisper,15,5,11,COMINGOUT Agent[11] VILLAGER
0,whisper,16,5,5,Over
0,whisper,17,5,8,Over
0,whisper,18,6,11,Skip
0,whisper,19,6,8,DIVINED Agent[05] HUMAN
0,whisper,20,6,5,Over
0,whisper,21,7,5,Over
0,whisper,22,7,11,Skip
0,whisper,23,7,8,Skip
0,whisper,24,8,8,Skip
0,whisper,25,8,5,Over
0,whisper,26,8,11,Over
0,whisper,27,9,8,Over
0,whisper,28,9,5,Over
0,whisper,29,9,11,Over
0,divine,14,13,HUMAN
1,status,1,BODYGUARD,ALIVE,wolf1
1,status,2,VILLAGER,ALIVE,SampleRoleAssignPlayer
1,status,3,MEDIUM,ALIVE,SampleRoleAssignPlayer
1,status,4,VILLAGER,ALIVE,SampleRoleAssignPlayer
1,status,5,WEREWOLF,ALIVE,SampleRoleAssignPlayer
1,status,6,VILLAGER,ALIVE,SampleRoleAssignPlayer
1,status,7,VILLAGER,ALIVE,SampleRoleAssignPlayer
1,status,8,WEREWOLF,ALIVE,SampleRoleAssignPlayer
1,status,9,VILLAGER,ALIVE,SampleRoleAssignPlayer
1,status,10,VILLAGER,ALIVE,SampleRoleAssignPlayer
1,status,11,WEREWOLF,ALIVE,SampleRoleAssignPlayer
1,status,12,VILLAGER,ALIVE,SampleRoleAssignPlayer
1,status,13,POSSESSED,ALIVE,SampleRoleAssignPlayer
1,status,14,SEER,ALIVE,SampleRoleAssignPlayer
1,status,15,VILLAGER,ALIVE,SampleRoleAssignPlayer
1,talk,0,0,11,VOTE Agent[03]
1,talk,1,0,8,VOTE Agent[09]
1,talk,2,0,14,VOTE Agent[08]
1,talk,3,0,5,VOTE Agent[02]
1,talk,4,0,12,VOTE Agent[01]
1,talk,5,0,7,VOTE Agent[09]
1,talk,6,0,6,VOTE Agent[03]
1,talk,7,0,3,COMINGOUT Agent[03] MEDIUM
1,talk,8,0,13,COMINGOUT Agent[13] SEER
1,talk,9,0,2,VOTE Agent[10]
1,talk,10,0,1,VOTE Agent[15]
1,talk,11,0,9,VOTE Agent[03]
1,talk,12,0,10,VOTE Agent[09]
1,talk,13,0,4,VOTE Agent[14]
1,talk,14,0,15,VOTE Agent[09]
1,talk,15,1,9,Skip
1,talk,16,1,8,REQUEST(VOTE Agent[09])
1,talk,17,1,10,Skip
1,talk,18,1,2,Skip
1,talk,19,1,3,VOTE Agent[11]
1,talk,20,1,4,Skip
1,talk,21,1,15,Skip
1,talk,22,1,6,Skip
1,talk,23,1,1,ESTIMATE Agent[04] WEREWOLF
1,talk,24,1,11,REQUEST(VOTE Agent[03])
1,talk,25,1,5,REQUEST(VOTE Agent[02])
1,talk,26,1,12,Skip
1,talk,27,1,13,DIVINED Agent[12] HUMAN
1,talk,28,1,7,Skip
1,talk,29,1,14,COMINGOUT Agent[14] SEER
1,talk,30,2,6,ESTIMATE Agent[13] SEER
1,talk,31,2,10,ESTIMATE Agent[13] SEER
1,talk,32,2,12,ESTIMATE Agent[13] SEER
1,talk,33,2,13,REQUEST(VOTE Agent[07])
1,talk,34,2,1,ESTIMATE Agent[13] WEREWOLF
1,talk,35,2,8,COMINGOUT Agent[08] SEER
1,talk,36,2,15,ESTIMATE Agent[13] SEER
1,talk,37,2,2,ESTIMATE Agent[13] SEER
1,talk,38,2,4,ESTIMATE Agent[13] SEER
1,talk,39,2,9,ESTIMATE Agent[13] SEER
1,talk,40,2,11,Skip
1,talk,41,2,7,ESTIMATE Agent[13] SEER
1,talk,42,2,14,DIVINED Agent[13] HUMAN
1,talk,43,2,3,ESTIMATE Agent[13] SEER
1,talk,44,2,5,COMINGOUT Agent[05] MEDIUM
1,talk,45,3,11,Skip
1,talk,46,3,15,Skip
1,talk,47,3,9,Skip
1,talk,48,3,5,VOTE Agent[03]
1,talk,49,3,6,Skip
1,talk,50,3,14,Skip
1,talk,51,3,3,ESTIMATE Agent[05] WEREWOLF
1,talk,52,3,12,Skip
1,talk,53,3,2,Skip
1,talk,54,3,8,DIVINED Agent[05] HUMAN
1,talk,55,3,10,Skip
1,talk,56,3,13,VOTE Agent[14]
1,talk,57,3,1,ESTIMATE Agent[03] WEREWOLF
1,talk,58,3,4,Skip
1,talk,59,3,7,Skip
1,talk,60,4,1,VOTE Agent[03]
1,talk,61,4,11,Over
1,talk,62,4,12,Skip
1,talk,63,4,8,VOTE Agent[13]
1,talk,64,4,9,Skip
1,talk,65,4,2,Skip
1,talk,66,4,14,Skip
1,talk,67,4,15,Skip
1,talk,68,4,7,Skip
1,talk,69,4,5,REQUEST(VOTE Agent[03])
1,talk,70,4,6,Skip
1,talk,71,4,3,REQUEST(Agent[13] DIVINATION Agent[05])
1,talk,72,4,13,REQUEST(VOTE Agent[14])
1,talk,73,4,4,Skip
1,talk,74,4,10,Skip
1,talk,75,5,7,Over
1,talk,76,5,2,Over
1,talk,77,5,10,Over
1,talk,78,5,9,Over
1,talk,79,5,11,Over
1,talk,80,5,14,Over
1,talk,81,5,5,Skip
1,talk,82,5,1,ESTIMATE Agent[14] WEREWOLF
1,talk,83,5,4,Over
1,talk,84,5,12,Over
1,talk,85,5,13,Skip
1,talk,86,5,3,VOTE Agent[05]
1,talk,87,5,8,REQUEST(VOTE Agent[13])
1,talk,88,5,15,Over
1,talk,89,5,6,Over
1,talk,90,6,13,Skip
1,talk,91,6,7,Over
1,talk,92,6,8,Skip
1,talk,93,6,1,ESTIMATE Agent[15] WEREWOLF
1,talk,94,6,3,Skip
1,talk,95,6,5,Skip
1,talk,96,6,4,Over
1,talk,97,6,2,Over
1,talk,98,6,15,Over
1,talk,99,6,11,Over
1,talk,100,6,12,Over
1,talk,101,6,9,Over
1,talk,102,6,14,Over
1,talk,103,6,6,Over
1,talk,104,6,10,Over
1,talk,105,7,11,Over
1,talk,106,7,2,Over
1,talk,107,7,7,Over
1,talk,108,7,8,Skip
1,talk,109,7,3,Skip
1,talk,110,7,6,Over
1,talk,111,7,5,Over
1,talk,112,7,10,Over
1,talk,113,7,12,Over
1,talk,114,7,4,Over
1,talk,115,7,1,Over
1,talk,116,7,9,Over
1,talk,117,7,13,Over
1,talk,118,7,14,Over
1,talk,119,7,15,Over
1,talk,120,8,5,Over
1,talk,121,8,1,Over
1,talk,122,8,6,Over
1,talk,123,8,12,Over
1,talk,124,8,7,Over
1,talk,125,8,15,Over
1,talk,126,8,8,Over
1,talk,127,8,2,Over
1,talk,128,8,13,Over
1,talk,129,8,14,Over
1,talk,130,8,10,Over
1,talk,131,8,3,Over
1,talk,132,8,11,Over
1,talk,133,8,9,Over
1,talk,134,8,4,Over
1,vote,1,3
1,vote,2,10
1,vote,3,5
1,vote,4,14
1,vote,5,3
1,vote,6,3
1,vote,7,9
1,vote,8,13
1,vote,9,3
1,vote,10,9
1,vote,11,3
1,vote,12,1
1,vote,13,14
1,vote,14,8
1,vote,15,9
1,execute,3,MEDIUM
1,divine,14,8,WEREWOLF
1,whisper,0,0,8,ATTACK Agent[13]
1,whisper,1,0,5,ATTACK Agent[13]
1,whisper,2,0,11,ATTACK Agent[13]
1,whisper,3,1,8,REQUEST(ATTACK Agent[13])
1,whisper,4,1,11,REQUEST(ATTACK Agent[13])
1,whisper,5,1,5,REQUEST(ATTACK Agent[13])
1,whisper,6,2,11,Skip
1,whisper,7,2,5,IDENTIFIED Agent[03] WEREWOLF
1,whisper,8,2,8,DIVINED Agent[07] WEREWOLF
1,whisper,9,3,8,Skip
1,whisper,10,3,11,Skip
1,whisper,11,3,5,Skip
1,whisper,12,4,5,Skip
1,whisper,13,4,11,Over
1,whisper,14,4,8,Skip
1,whisper,15,5,11,Over
1,whisper,16,5,5,Over
1,whisper,17,5,8,Over
1,guard,1,13,POSSESSED
1,attackVote,5,13
1,attackVote,8,13
1,attackVote,11,13
1,attack,13,false
2,status,1,BODYGUARD,ALIVE,wolf1
2,status,2,VILLAGER,ALIVE,SampleRoleAssignPlayer
2,status,3,MEDIUM,DEAD,SampleRoleAssignPlayer
2,status,4,VILLAGER,ALIVE,SampleRoleAssignPlayer
2,status,5,WEREWOLF,ALIVE,SampleRoleAssignPlayer
2,status,6,VILLAGER,ALIVE,SampleRoleAssignPlayer
2,status,7,VILLAGER,ALIVE,SampleRoleAssignPlayer
2,status,8,WEREWOLF,ALIVE,SampleRoleAssignPlayer
2,status,9,VILLAGER,ALIVE,SampleRoleAssignPlayer
2,status,10,VILLAGER,ALIVE,SampleRoleAssignPlayer
2,status,11,WEREWOLF,ALIVE,SampleRoleAssignPlayer
2,status,12,VILLAGER,ALIVE,SampleRoleAssignPlayer
2,status,13,POSSESSED,ALIVE,SampleRoleAssignPlayer
2,status,14,SEER,ALIVE,SampleRoleAssignPlayer
2,status,15,VILLAGER,ALIVE,SampleRoleAssignPlayer
2,talk,0,0,2,VOTE Agent[10]
2,talk,1,0,5,IDENTIFIED Agent[03] WEREWOLF
2,talk,2,0,6,VOTE Agent[14]
2,talk,3,0,9,VOTE Agent[12]
2,talk,4,0,1,VOTE Agent[05]
2,talk,5,0,4,VOTE Agent[15]
2,talk,6,0,13,DIVINED Agent[09] HUMAN
2,talk,7,0,14,DIVINED Agent[08] WEREWOLF
2,talk,8,0,15,VOTE Agent[04]
2,talk,9,0,7,VOTE Agent[05]
2,talk,10,0,8,DIVINED Agent[07] WEREWOLF
2,talk,11,0,12,VOTE Agent[04]
2,talk,12,0,11,VOTE Agent[06]
2,talk,13,0,10,VOTE Agent[07]
2,talk,14,1,4,ESTIMATE Agent[08] WEREWOLF
2,talk,15,1,6,ESTIMATE Agent[08] WEREWOLF
2,talk,16,1,14,REQUEST(VOTE Agent[08])
2,talk,17,1,9,ESTIMATE Agent[08] WEREWOLF
2,talk,18,1,8,VOTE Agent[07]
2,talk,19,1,12,ESTIMATE Agent[08] WEREWOLF
2,talk,20,1,15,ESTIMATE Agent[08] WEREWOLF
2,talk,21,1,1,ESTIMATE Agent[03] WEREWOLF
2,talk,22,1,5,VOTE Agent[01]
2,talk,23,1,2,ESTIMATE Agent[08] WEREWOLF
2,talk,24,1,7,ESTIMATE Agent[08] WEREWOLF
2,talk,25,1,10,ESTIMATE Agent[08] WEREWOLF
2,talk,26,1,13,REQUEST(VOTE Agent[08])
2,talk,27,1,11,REQUEST(VOTE Agent[06])
2,talk,28,2,11,Skip
2,talk,29,2,9,REQUEST(Agent[13] DIVINATION Agent[08])
2,talk,30,2,4,REQUEST(Agent[13] DIVINATION Agent[08])
2,talk,31,2,8,REQUEST(VOTE Agent[07])
2,talk,32,2,1,ESTIMATE Agent[04] WEREWOLF
2,talk,33,2,12,REQUEST(Agent[13] DIVINATION Agent[08])
2,talk,34,2,7,REQUEST(Agent[13] DIVINATION Agent[08])
2,talk,35,2,2,REQUEST(Agent[13] DIVINATION Agent[08])
2,talk,36,2,14,VOTE Agent[08]
2,talk,37,2,6,REQUEST(Agent[13] DIVINATION Agent[08])
2,talk,38,2,5,REQUEST(VOTE Agent[01])
2,talk,39,2,15,REQUEST(Agent[13] DIVINATION Agent[08])
2,talk,40,2,13,VOTE Agent[14]
2,talk,41,2,10,REQUEST(Agent[13] DIVINATION Agent[08])
2,talk,42,3,11,Skip
2,talk,43,3,15,VOTE Agent[08]
2,talk,44,3,10,VOTE Agent[08]
2,talk,45,3,7,VOTE Agent[08]
2,talk,46,3,13,REQUEST(VOTE Agent[14])
2,talk,47,3,6,VOTE Agent[08]
2,talk,48,3,8,Skip
2,talk,49,3,14,Skip
2,talk,50,3,9,VOTE Agent[08]
2,talk,51,3,4,VOTE Agent[08]
2,talk,52,3,12,VOTE Agent[08]
2,talk,53,3,1,ESTIMATE Agent[08] WEREWOLF
2,talk,54,3,2,VOTE Agent[08]
2,talk,55,3,5,Skip
2,talk,56,4,9,Skip
2,talk,57,4,14,Skip
2,talk,58,4,7,Skip
2,talk,59,4,11,Over
2,talk,60,4,2,Skip
2,talk,61,4,8,Skip
2,talk,62,4,10,Skip
2,talk,63,4,5,Skip
2,talk,64,4,6,Skip
2,talk,65,4,13,Skip
2,talk,66,4,12,Skip
2,talk,67,4,4,Skip
2,talk,68,4,15,Skip
2,talk,69,4,1,VOTE Agent[07]
2,talk,70,5,7,Skip
2,talk,71,5,12,Skip
2,talk,72,5,15,Skip
2,talk,73,5,8,Over
2,talk,74,5,9,Skip
2,talk,75,5,4,Skip
2,talk,76,5,10,Skip
2,talk,77,5,13,Skip
2,talk,78,5,6,Skip
2,talk,79,5,2,Skip
2,talk,80,5,11,Over
2,talk,81,5,14,Over
2,talk,82,5,1,Over
2,talk,83,5,5,Over
2,talk,84,6,15,Over
2,talk,85,6,4,Over
2,talk,86,6,14,Over
2,talk,87,6,6,Over
2,talk,88,6,7,Over
2,talk,89,6,12,Over
2,talk,90,6,11,Over
2,talk,91,6,1,Over
2,talk,92,6,10,Over
2,talk,93,6,2,Over
2,talk,94,6,9,Over
2,talk,95,6,8,Over
2,talk,96,6,5,Over
2,talk,97,6,13,Over
2,vote,1,7
2,vote,2,8
2,vote,4,8
2,vote,5,1
2,vote,6,8
2,vote,7,8
2,vote,8,7
2,vote,9,8
2,vote,10,8
2,vote,11,6
2,vote,12,8
2,vote,13,14
2,vote,14,8
2,vote,15,8
2,execute,8,WEREWOLF
2,whisper,0,0,11,ATTACK Agent[14]
2,whisper,1,0,5,ATTACK Agent[14]
2,whisper,2,1,5,REQUEST(ATTACK Agent[14])
2,whisper,3,1,11,REQUEST(ATTACK Agent[14])
2,whisper,4,2,11,Skip
2,whisper,5,2,5,IDENTIFIED Agent[08] HUMAN
2,whisper,6,3,11,Skip
2,whisper,7,3,5,Skip
2,whisper,8,4,11,Over
2,whisper,9,4,5,Skip
2,whisper,10,5,11,Over
2,whisper,11,5,5,Over
2,guard,1,13,POSSESSED
2,attackVote,5,14
2,attackVote,11,14
2,attack,14,true
3,status,1,BODYGUARD,ALIVE,wolf1
3,status,2,VILLAGER,ALIVE,SampleRoleAssignPlayer
3,status,3,MEDIUM,DEAD,SampleRoleAssignPlayer
3,status,4,VILLAGER,ALIVE,SampleRoleAssignPlayer
3,status,5,WEREWOLF,ALIVE,SampleRoleAssignPlayer
3,status,6,VILLAGER,ALIVE,SampleRoleAssignPlayer
3,status,7,VILLAGER,ALIVE,SampleRoleAssignPlayer
3,status,8,WEREWOLF,DEAD,SampleRoleAssignPlayer
3,status,9,VILLAGER,ALIVE,SampleRoleAssignPlayer
3,status,10,VILLAGER,ALIVE,SampleRoleAssignPlayer
3,status,11,WEREWOLF,ALIVE,SampleRoleAssignPlayer
3,status,12,VILLAGER,ALIVE,SampleRoleAssignPlayer
3,status,13,POSSESSED,ALIVE,SampleRoleAssignPlayer
3,status,14,SEER,DEAD,SampleRoleAssignPlayer
3,status,15,VILLAGER,ALIVE,SampleRoleAssignPlayer
3,talk,0,0,15,VOTE Agent[10]
3,talk,1,0,12,VOTE Agent[09]
3,talk,2,0,4,VOTE Agent[12]
3,talk,3,0,6,VOTE Agent[04]
3,talk,4,0,9,VOTE Agent[15]
3,talk,5,0,1,VOTE Agent[07]
3,talk,6,0,11,VOTE Agent[01]
3,talk,7,0,13,DIVINED Agent[11] HUMAN
3,talk,8,0,5,IDENTIFIED Agent[08] HUMAN
3,talk,9,0,2,VOTE Agent[09]
3,talk,10,0,10,VOTE Agent[01]
3,talk,11,0,7,VOTE Agent[01]
3,talk,12,1,10,Skip
3,talk,13,1,12,Skip
3,talk,14,1,15,Skip
3,talk,15,1,2,Skip
3,talk,16,1,4,Skip
3,talk,17,1,11,REQUEST(VOTE Agent[01])
3,talk,18,1,9,Skip
3,talk,19,1,13,VOTE Agent[01]
3,talk,20,1,5,VOTE Agent[12]
3,talk,21,1,7,Skip
3,talk,22,1,6,Skip
3,talk,23,1,1,ESTIMATE Agent[03] WEREWOLF
3,talk,24,2,2,Skip
3,talk,25,2,9,Skip
3,talk,26,2,1,COMINGOUT Agent[01] BODYGUARD
3,talk,27,2,10,Skip
3,talk,28,2,6,Skip
3,talk,29,2,12,Skip
3,talk,30,2,5,REQUEST(VOTE Agent[12])
3,talk,31,2,15,Skip
3,talk,32,2,11,Skip
3,talk,33,2,7,Skip
3,talk,34,2,13,REQUEST(VOTE Agent[01])
3,talk,35,2,4,Skip
3,talk,36,3,1,GUARDED Agent[13]
3,talk,37,3,13,Skip
3,talk,38,3,7,Over
3,talk,39,3,6,Over
3,talk,40,3,11,Skip
3,talk,41,3,15,Over
3,talk,42,3,5,Skip
3,talk,43,3,10,Over
3,talk,44,3,4,Over
3,talk,45,3,12,Over
3,talk,46,3,9,Over
3,talk,47,3,2,Over
3,talk,48,4,13,Skip
3,talk,49,4,10,Over
3,talk,50,4,11,Over
3,talk,51,4,1,GUARDED Agent[13]
3,talk,52,4,12,Over
3,talk,53,4,2,Over
3,talk,54,4,4,Over
3,talk,55,4,7,Over
3,talk,56,4,5,Skip
3,talk,57,4,6,Over
3,talk,58,4,9,Over
3,talk,59,4,15,Over
3,talk,60,5,15,Over
3,talk,61,5,7,Over
3,talk,62,5,12,Over
3,talk,63,5,2,Over
3,talk,64,5,6,Over
3,talk,65,5,10,Over
3,talk,66,5,11,Over
3,talk,67,5,13,Over
3,talk,68,5,1,ESTIMATE Agent[07] WEREWOLF
3,talk,69,5,4,Over
3,talk,70,5,9,Over
3,talk,71,5,5,Over
3,talk,72,6,13,Over
3,talk,73,6,2,Over
3,talk,74,6,11,Over
3,talk,75,6,1,ESTIMATE Agent[14] WEREWOLF
3,talk,76,6,12,Over
3,talk,77,6,7,Over
3,talk,78,6,10,Over
3,talk,79,6,15,Over
3,talk,80,6,4,Over
3,talk,81,6,9,Over
3,talk,82,6,5,Over
3,talk,83,6,6,Over
3,talk,84,7,13,Over
3,talk,85,7,6,Over
3,talk,86,7,12,Over
3,talk,87,7,11,Over
3,talk,88,7,10,Over
3,talk,89,7,7,Over
3,talk,90,7,15,Over
3,talk,91,7,5,Over
3,talk,92,7,4,Over
3,talk,93,7,9,Over
3,talk,94,7,2,Over
3,talk,95,7,1,VOTE Agent[15]
3,talk,96,8,9,Over
3,talk,97,8,13,Over
3,talk,98,8,10,Over
3,talk,99,8,2,Over
3,talk,100,8,1,ESTIMATE Agent[12] VILLAGER
3,talk,101,8,7,Over
3,talk,102,8,6,Over
3,talk,103,8,12,Over
3,talk,104,8,15,Over
3,talk,105,8,4,Over
3,talk,106,8,11,Over
3,talk,107,8,5,Over
3,talk,108,9,4,Over
3,talk,109,9,10,Over
3,talk,110,9,1,Over
3,talk,111,9,2,Over
3,talk,112,9,13,Over
3,talk,113,9,5,Over
3,talk,114,9,12,Over
3,talk,115,9,11,Over
3,talk,116,9,7,Over
3,talk,117,9,9,Over
3,talk,118,9,6,Over
3,talk,119,9,15,Over
3,vote,1,15
3,vote,2,9
3,vote,4,12
3,vote,5,12
3,vote,6,4
3,vote,7,1
3,vote,9,15
3,vote,10,1
3,vote,11,1
3,vote,12,9
3,vote,13,1
3,vote,15,10
3,execute,1,BODYGUARD
3,whisper,0,0,5,ESTIMATE Agent[13] POSSESSED
3,whisper,1,0,11,ESTIMATE Agent[13] POSSESSED
3,whisper,2,1,11,ATTACK Agent[09]
3,whisper,3,1,5,ATTACK Agent[09]
3,whisper,4,2,5,REQUEST(ATTACK Agent[09])
3,whisper,5,2,11,REQUEST(ATTACK Agent[09])
3,whisper,6,3,11,Skip
3,whisper,7,3,5,IDENTIFIED Agent[01] WEREWOLF
3,whisper,8,4,5,Skip
3,whisper,9,4,11,Skip
3,whisper,10,5,11,Over
3,whisper,11,5,5,Skip
3,whisper,12,6,11,Over
3,whisper,13,6,5,Over
3,attackVote,5,9
3,attackVote,11,9
3,attack,9,true
4,status,1,BODYGUARD,DEAD,wolf1
4,status,2,VILLAGER,ALIVE,SampleRoleAssignPlayer
4,status,3,MEDIUM,DEAD,SampleRoleAssignPlayer
4,status,4,VILLAGER,ALIVE,SampleRoleAssignPlayer
4,status,5,WEREWOLF,ALIVE,SampleRoleAssignPlayer
4,status,6,VILLAGER,ALIVE,SampleRoleAssignPlayer
4,status,7,VILLAGER,ALIVE,SampleRoleAssignPlayer
4,status,8,WEREWOLF,DEAD,SampleRoleAssignPlayer
4,status,9,VILLAGER,DEAD,SampleRoleAssignPlayer
4,status,10,VILLAGER,ALIVE,SampleRoleAssignPlayer
4,status,11,WEREWOLF,ALIVE,SampleRoleAssignPlayer
4,status,12,VILLAGER,ALIVE,SampleRoleAssignPlayer
4,status,13,POSSESSED,ALIVE,SampleRoleAssignPlayer
4,status,14,SEER,DEAD,SampleRoleAssignPlayer
4,status,15,VILLAGER,ALIVE,SampleRoleAssignPlayer
4,talk,0,0,12,VOTE Agent[06]
4,talk,1,0,6,VOTE Agent[10]
4,talk,2,0,11,VOTE Agent[10]
4,talk,3,0,4,VOTE Agent[13]
4,talk,4,0,10,VOTE Agent[11]
4,talk,5,0,2,VOTE Agent[10]
4,talk,6,0,7,VOTE Agent[10]
4,talk,7,0,13,DIVINED Agent[02] HUMAN
4,talk,8,0,5,IDENTIFIED Agent[01] WEREWOLF
4,talk,9,0,15,VOTE Agent[02]
4,talk,10,1,12,Skip
4,talk,11,1,4,Skip
4,talk,12,1,15,Skip
4,talk,13,1,6,Skip
4,talk,14,1,13,VOTE Agent[04]
4,talk,15,1,11,REQUEST(VOTE Agent[10])
4,talk,16,1,10,Skip
4,talk,17,1,2,Skip
4,talk,18,1,7,Skip
4,talk,19,1,5,VOTE Agent[07]
4,talk,20,2,15,Skip
4,talk,21,2,5,REQUEST(VOTE Agent[07])
4,talk,22,2,10,Skip
4,talk,23,2,7,Skip
4,talk,24,2,12,Skip
4,talk,25,2,13,REQUEST(VOTE Agent[04])
4,talk,26,2,11,Skip
4,talk,27,2,6,Skip
4,talk,28,2,4,Skip
4,talk,29,2,2,Skip
4,talk,30,3,12,Over
4,talk,31,3,13,Skip
4,talk,32,3,7,Over
4,talk,33,3,10,Over
4,talk,34,3,4,Over
4,talk,35,3,5,Skip
4,talk,36,3,6,Over
4,talk,37,3,11,Skip
4,talk,38,3,15,Over
4,talk,39,3,2,Over
4,talk,40,4,11,Over
4,talk,41,4,15,Over
4,talk,42,4,2,Over
4,talk,43,4,13,Skip
4,talk,44,4,6,Over
4,talk,45,4,4,Over
4,talk,46,4,12,Over
4,talk,47,4,7,Over
4,talk,48,4,5,Skip
4,talk,49,4,10,Over
4,talk,50,5,4,Over
4,talk,51,5,13,Over
4,talk,52,5,5,Over
4,talk,53,5,10,Over
4,talk,54,5,6,Over
4,talk,55,5,2,Over
4,talk,56,5,15,Over
4,talk,57,5,11,Over
4,talk,58,5,7,Over
4,talk,59,5,12,Over
4,vote,2,10
4,vote,4,13
4,vote,5,7
4,vote,6,10
4,vote,7,10
4,vote,10,11
4,vote,11,10
4,vote,12,6
4,vote,13,4
4,vote,15,2
4,execute,10,VILLAGER
4,whisper,0,0,11,ATTACK Agent[15]
4,whisper,1,0,5,ATTACK Agent[02]
4,whisper,2,1,5,REQUEST(ATTACK Agent[02])
4,whisper,3,1,11,REQUEST(ATTACK Agent[15])
4,whisper,4,2,5,IDENTIFIED Agent[10] HUMAN
4,whisper,5,2,11,Skip
4,whisper,6,3,5,Skip
4,whisper,7,3,11,Skip
4,whisper,8,4,5,Skip
4,whisper,9,4,11,Over
4,whisper,10,5,5,Over
4,whisper,11,5,11,Over
4,attackVote,5,2
4,attackVote,11,15
4,attackVote,5,2
4,attackVote,11,15
4,attack,15,true
5,status,1,BODYGUARD,DEAD,wolf1
5,status,2,VILLAGER,ALIVE,SampleRoleAssignPlayer
5,status,3,MEDIUM,DEAD,SampleRoleAssignPlayer
5,status,4,VILLAGER,ALIVE,SampleRoleAssignPlayer
5,status,5,WEREWOLF,ALIVE,SampleRoleAssignPlayer
5,status,6,VILLAGER,ALIVE,SampleRoleAssignPlayer
5,status,7,VILLAGER,ALIVE,SampleRoleAssignPlayer
5,status,8,WEREWOLF,DEAD,SampleRoleAssignPlayer
5,status,9,VILLAGER,DEAD,SampleRoleAssignPlayer
5,status,10,VILLAGER,DEAD,SampleRoleAssignPlayer
5,status,11,WEREWOLF,ALIVE,SampleRoleAssignPlayer
5,status,12,VILLAGER,ALIVE,SampleRoleAssignPlayer
5,status,13,POSSESSED,ALIVE,SampleRoleAssignPlayer
5,status,14,SEER,DEAD,SampleRoleAssignPlayer
5,status,15,VILLAGER,DEAD,SampleRoleAssignPlayer
5,talk,0,0,6,VOTE Agent[12]
5,talk,1,0,4,VOTE Agent[02]
5,talk,2,0,11,VOTE Agent[02]
5,talk,3,0,7,VOTE Agent[11]
5,talk,4,0,5,IDENTIFIED Agent[10] HUMAN
5,talk,5,0,12,VOTE Agent[11]
5,talk,6,0,13,DIVINED Agent[07] HUMAN
5,talk,7,0,2,VOTE Agent[06]
5,talk,8,1,13,VOTE Agent[06]
5,talk,9,1,11,REQUEST(VOTE Agent[02])
5,talk,10,1,6,Skip
5,talk,11,1,5,VOTE Agent[07]
5,talk,12,1,4,Skip
5,talk,13,1,7,Skip
5,talk,14,1,12,Skip
5,talk,15,1,2,Skip
5,talk,16,2,2,Skip
5,talk,17,2,4,Skip
5,talk,18,2,11,Skip
5,talk,19,2,5,REQUEST(VOTE Agent[07])
5,talk,20,2,13,REQUEST(VOTE Agent[06])
5,talk,21,2,12,Skip
5,talk,22,2,6,Skip
5,talk,23,2,7,Skip
5,talk,24,3,5,Skip
5,talk,25,3,4,Over
5,talk,26,3,12,Over
5,talk,27,3,6,Over
5,talk,28,3,13,Skip
5,talk,29,3,2,Over
5,talk,30,3,7,Over
5,talk,31,3,11,Skip
5,talk,32,4,5,Skip
5,talk,33,4,4,Over
5,talk,34,4,13,Skip
5,talk,35,4,7,Over
5,talk,36,4,11,Over
5,talk,37,4,12,Over
5,talk,38,4,2,Over
5,talk,39,4,6,Over
5,talk,40,5,4,Over
5,talk,41,5,13,Over
5,talk,42,5,6,Over
5,talk,43,5,11,Over
5,talk,44,5,12,Over
5,talk,45,5,5,Over
5,talk,46,5,7,Over
5,talk,47,5,2,Over
5,vote,2,6
5,vote,4,2
5,vote,5,7
5,vote,6,12
5,vote,7,11
5,vote,11,2
5,vote,12,11
5,vote,13,6
5,vote,2,6
5,vote,4,2
5,vote,5,6
5,vote,6,11
5,vote,7,11
5,vote,11,2
5,vote,12,11
5,vote,13,6
5,execute,11,WEREWOLF
6,status,1,BODYGUARD,DEAD,wolf1
6,status,2,VILLAGER,ALIVE,SampleRoleAssignPlayer
6,status,3,MEDIUM,DEAD,SampleRoleAssignPlayer
6,status,4,VILLAGER,ALIVE,SampleRoleAssignPlayer
6,status,5,WEREWOLF,ALIVE,SampleRoleAssignPlayer
6,status,6,VILLAGER,ALIVE,SampleRoleAssignPlayer
6,status,7,VILLAGER,ALIVE,SampleRoleAssignPlayer
6,status,8,WEREWOLF,DEAD,SampleRoleAssignPlayer
6,status,9,VILLAGER,DEAD,SampleRoleAssignPlayer
6,status,10,VILLAGER,DEAD,SampleRoleAssignPlayer
6,status,11,WEREWOLF,DEAD,SampleRoleAssignPlayer
6,status,12,VILLAGER,ALIVE,SampleRoleAssignPlayer
6,status,13,POSSESSED,ALIVE,SampleRoleAssignPlayer
6,status,14,SEER,DEAD,SampleRoleAssignPlayer
6,status,15,VILLAGER,DEAD,SampleRoleAssignPlayer
6,talk,0,0,13,DIVINED Agent[04] WEREWOLF
6,talk,1,0,7,VOTE Agent[04]
6,talk,2,0,4,VOTE Agent[05]
6,talk,3,0,5,VOTE Agent[04]
6,talk,4,0,2,VOTE Agent[13]
6,talk,5,0,6,VOTE Agent[02]
6,talk,6,0,12,VOTE Agent[05]
6,talk,7,1,2,AGREE TALK day1 ID:23
6,talk,8,1,13,VOTE Agent[04]
6,talk,9,1,5,REQUEST(VOTE Agent[04])
6,talk,10,1,4,DISAGREE TALK day1 ID:30
6,talk,11,1,6,AGREE TALK day1 ID:23
6,talk,12,1,7,Skip
6,talk,13,1,12,AGREE TALK day1 ID:23
6,talk,14,2,13,REQUEST(VOTE Agent[04])
6,talk,15,2,6,AGREE TALK day2 ID:32
6,talk,16,2,12,AGREE TALK day2 ID:32
6,talk,17,2,5,Skip
6,talk,18,2,7,Skip
6,talk,19,2,2,AGREE TALK day2 ID:32
6,talk,20,2,4,DISAGREE TALK day1 ID:31
6,talk,21,3,5,Skip
6,talk,22,3,7,Over
6,talk,23,3,4,DISAGREE TALK day1 ID:32
6,talk,24,3,12,ESTIMATE Agent[04] WEREWOLF
6,talk,25,3,2,ESTIMATE Agent[04] WEREWOLF
6,talk,26,3,6,ESTIMATE Agent[04] WEREWOLF
6,talk,27,3,13,Skip
6,talk,28,4,4,AGREE TALK day1 ID:34
6,talk,29,4,7,Over
6,talk,30,4,5,Over
6,talk,31,4,6,REQUEST(Agent[13] DIVINATION Agent[04])
6,talk,32,4,2,REQUEST(Agent[13] DIVINATION Agent[04])
6,talk,33,4,13,Skip
6,talk,34,4,12,REQUEST(Agent[13] DIVINATION Agent[04])
6,talk,35,5,12,VOTE Agent[04]
6,talk,36,5,7,Over
6,talk,37,5,2,VOTE Agent[04]
6,talk,38,5,13,Over
6,talk,39,5,6,VOTE Agent[04]
6,talk,40,5,5,Over
6,talk,41,5,4,DISAGREE TALK day1 ID:36
6,talk,42,6,7,Over
6,talk,43,6,12,Skip
6,talk,44,6,4,DISAGREE TALK day1 ID:37
6,talk,45,6,13,Over
6,talk,46,6,2,Skip
6,talk,47,6,6,Skip
6,talk,48,6,5,Over
6,talk,49,7,4,DISAGREE TALK day1 ID:38
6,talk,50,7,5,Over
6,talk,51,7,12,Skip
6,talk,52,7,7,Over
6,talk,53,7,2,Skip
6,talk,54,7,13,Over
6,talk,55,7,6,Skip
6,talk,56,8,5,Over
6,talk,57,8,2,Over
6,talk,58,8,7,Over
6,talk,59,8,6,Over
6,talk,60,8,13,Over
6,talk,61,8,4,DISAGREE TALK day1 ID:39
6,talk,62,8,12,Over
6,talk,63,9,6,Over
6,talk,64,9,7,Over
6,talk,65,9,4,DISAGREE TALK day1 ID:41
6,talk,66,9,12,Over
6,talk,67,9,5,Over
6,talk,68,9,2,Over
6,talk,69,9,13,Over
6,talk,70,10,4,Over
6,talk,71,10,6,Over
6,talk,72,10,12,Over
6,talk,73,10,7,Over
6,talk,74,10,2,Over
6,talk,75,10,13,Over
6,talk,76,10,5,Over
6,vote,2,4
6,vote,4,13
6,vote,5,4
6,vote,6,4
6,vote,7,4
6,vote,12,4
6,vote,13,4
6,execute,4,VILLAGER
6,attackVote,5,12
6,attack,12,true
7,status,1,BODYGUARD,DEAD,wolf1
7,status,2,VILLAGER,ALIVE,SampleRoleAssignPlayer
7,status,3,MEDIUM,DEAD,SampleRoleAssignPlayer
7,status,4,VILLAGER,DEAD,SampleRoleAssignPlayer
7,status,5,WEREWOLF,ALIVE,SampleRoleAssignPlayer
7,status,6,VILLAGER,ALIVE,SampleRoleAssignPlayer
7,status,7,VILLAGER,ALIVE,SampleRoleAssignPlayer
7,status,8,WEREWOLF,DEAD,SampleRoleAssignPlayer
7,status,9,VILLAGER,DEAD,SampleRoleAssignPlayer
7,status,10,VILLAGER,DEAD,SampleRoleAssignPlayer
7,status,11,WEREWOLF,DEAD,SampleRoleAssignPlayer
7,status,12,VILLAGER,DEAD,SampleRoleAssignPlayer
7,status,13,POSSESSED,ALIVE,SampleRoleAssignPlayer
7,status,14,SEER,DEAD,SampleRoleAssignPlayer
7,status,15,VILLAGER,DEAD,SampleRoleAssignPlayer
7,talk,0,0,5,IDENTIFIED Agent[04] WEREWOLF
7,talk,1,0,2,VOTE Agent[13]
7,talk,2,0,13,DIVINED Agent[06] HUMAN
7,talk,3,0,6,VOTE Agent[05]
7,talk,4,0,7,VOTE Agent[02]
7,talk,5,1,5,VOTE Agent[06]
7,talk,6,1,2,Skip
7,talk,7,1,13,VOTE Agent[04]
7,talk,8,1,7,Skip
7,talk,9,1,6,Skip
7,talk,10,2,5,REQUEST(VOTE Agent[06])
7,talk,11,2,13,REQUEST(VOTE Agent[04])
7,talk,12,2,6,Skip
7,talk,13,2,7,Skip
7,talk,14,2,2,Skip
7,talk,15,3,5,Skip
7,talk,16,3,2,Over
7,talk,17,3,13,Skip
7,talk,18,3,7,Over
7,talk,19,3,6,Over
7,talk,20,4,13,Skip
7,talk,21,4,7,Over
7,talk,22,4,5,Skip
7,talk,23,4,2,Over
7,talk,24,4,6,Over
7,talk,25,5,13,Over
7,talk,26,5,5,Over
7,talk,27,5,6,Over
7,talk,28,5,2,Over
7,talk,29,5,7,Over
7,vote,2,13
7,vote,5,6
7,vote,6,5
7,vote,7,2
7,vote,13,2
7,execute,2,VILLAGER
7,attackVote,5,7
7,attack,7,true
8,status,1,BODYGUARD,DEAD,wolf1
8,status,2,VILLAGER,DEAD,SampleRoleAssignPlayer
8,status,3,MEDIUM,DEAD,SampleRoleAssignPlayer
8,status,4,VILLAGER,DEAD,SampleRoleAssignPlayer
8,status,5,WEREWOLF,ALIVE,SampleRoleAssignPlayer
8,status,6,VILLAGER,ALIVE,SampleRoleAssignPlayer
8,status,7,VILLAGER,DEAD,SampleRoleAssignPlayer
8,status,8,WEREWOLF,DEAD,SampleRoleAssignPlayer
8,status,9,VILLAGER,DEAD,SampleRoleAssignPlayer
8,status,10,VILLAGER,DEAD,SampleRoleAssignPlayer
8,status,11,WEREWOLF,DEAD,SampleRoleAssignPlayer
8,status,12,VILLAGER,DEAD,SampleRoleAssignPlayer
8,status,13,POSSESSED,ALIVE,SampleRoleAssignPlayer
8,status,14,SEER,DEAD,SampleRoleAssignPlayer
8,status,15,VILLAGER,DEAD,SampleRoleAssignPlayer
8,talk,0,0,5,IDENTIFIED Agent[02] HUMAN
8,talk,1,0,6,VOTE Agent[05]
8,talk,2,0,13,DIVINED Agent[05] WEREWOLF
8,talk,3,1,6,Skip
8,talk,4,1,5,VOTE Agent[06]
8,talk,5,1,13,VOTE Agent[05]
8,talk,6,2,6,Skip
8,talk,7,2,13,REQUEST(VOTE Agent[05])
8,talk,8,2,5,REQUEST(VOTE Agent[06])
8,talk,9,3,13,Skip
8,talk,10,3,5,Skip
8,talk,11,3,6,Over
8,talk,12,4,13,Skip
8,talk,13,4,5,Skip
8,talk,14,4,6,Over
8,talk,15,5,6,Over
8,talk,16,5,13,Over
8,talk,17,5,5,Over
8,vote,5,6
8,vote,6,5
8,vote,13,5
8,execute,5,WEREWOLF
8,attack,13,true
9,status,1,BODYGUARD,DEAD,wolf1
9,status,2,VILLAGER,DEAD,SampleRoleAssignPlayer
9,status,3,MEDIUM,DEAD,SampleRoleAssignPlayer
9,status,4,VILLAGER,DEAD,SampleRoleAssignPlayer
9,status,5,WEREWOLF,DEAD,SampleRoleAssignPlayer
9,status,6,VILLAGER,ALIVE,SampleRoleAssignPlayer
9,status,7,VILLAGER,DEAD,SampleRoleAssignPlayer
9,status,8,WEREWOLF,DEAD,SampleRoleAssignPlayer
9,status,9,VILLAGER,DEAD,SampleRoleAssignPlayer
9,status,10,VILLAGER,DEAD,SampleRoleAssignPlayer
9,status,11,WEREWOLF,DEAD,SampleRoleAssignPlayer
9,status,12,VILLAGER,DEAD,SampleRoleAssignPlayer
9,status,13,POSSESSED,DEAD,SampleRoleAssignPlayer
9,status,14,SEER,DEAD,SampleRoleAssignPlayer
9,status,15,VILLAGER,DEAD,SampleRoleAssignPlayer
9,result,1,0,VILLAGER
