0,status,1,VILLAGER,ALIVE,wolf1
0,status,2,BODYGUARD,ALIVE,SampleRoleAssignPlayer
0,status,3,VILLAGER,ALIVE,SampleRoleAssignPlayer
0,status,4,VILLAGER,ALIVE,SampleRoleAssignPlayer
0,status,5,VILLAGER,ALIVE,SampleRoleAssignPlayer
0,status,6,WEREWOLF,ALIVE,SampleRoleAssignPlayer
0,status,7,WEREWOLF,ALIVE,SampleRoleAssignPlayer
0,status,8,POSSESSED,ALIVE,SampleRoleAssignPlayer
0,status,9,VILLAGER,ALIVE,SampleRoleAssignPlayer
0,status,10,WEREWOLF,ALIVE,SampleRoleAssignPlayer
0,status,11,VILLAGER,ALIVE,SampleRoleAssignPlayer
0,status,12,VILLAGER,ALIVE,SampleRoleAssignPlayer
0,status,13,VILLAGER,ALIVE,SampleRoleAssignPlayer
0,status,14,SEER,ALIVE,SampleRoleAssignPlayer
0,status,15,MEDIUM,ALIVE,SampleRoleAssignPlayer
0,whisper,0,0,10,COMINGOUT Agent[10] SEER
0,whisper,1,0,6,COMINGOUT Agent[06] SEER
0,whisper,2,0,7,COMINGOUT Agent[07] SEER
0,whisper,3,1,10,COMINGOUT Agent[10] VILLAGER
0,whisper,4,1,7,Skip
0,whisper,5,1,6,COMINGOUT Agent[06] VILLAGER
0,whisper,6,2,7,Skip
0,whisper,7,2,10,COMINGOUT Agent[10] MEDIUM
0,whisper,8,2,6,COMINGOUT Agent[06] MEDIUM
0,whisper,9,3,10,Skip
0,whisper,10,3,7,Over
0,whisper,11,3,6,Skip
0,whisper,12,4,7,Over
0,whisper,13,4,6,COMINGOUT Agent[06] VILLAGER
0,whisper,14,4,10,COMINGOUT Agent[10] VILLAGER
0,whisper,15,5,10,COMINGOUT Agent[10] MEDIUM
0,whisper,16,5,7,Over
0,whisper,17,5,6,COMINGOUT Agent[06] MEDIUM
0,whisper,18,6,7,Over
0,whisper,19,6,10,Skip
0,whisper,20,6,6,Skip
0,whisper,21,7,10,Skip
0,whisper,22,7,6,COMINGOUT Agent[06] VILLAGER
0,whisper,23,7,7,Over
0,whisper,24,8,6,Skip
0,whisper,25,8,10,Over
0,whisper,26,8,7,DIVINED Agent[08] WEREWOLF
0,whisper,27,9,6,Skip
0,whisper,28,9,10,Over
0,whisper,29,9,7,Skip
0,whisper,30,10,7,Skip
0,whisper,31,10,6,Over
0,whisper,32,10,10,Over
0,whisper,33,11,6,Over
0,whisper,34,11,7,Over
0,whisper,35,11,10,Over
0,divine,14,2,HUMAN
1,status,1,VILLAGER,ALIVE,wolf1
1,status,2,BODYGUARD,ALIVE,SampleRoleAssignPlayer
1,status,3,VILLAGER,ALIVE,SampleRoleAssignPlayer
1,status,4,VILLAGER,ALIVE,SampleRoleAssignPlayer
1,status,5,VILLAGER,ALIVE,SampleRoleAssignPlayer
1,status,6,WEREWOLF,ALIVE,SampleRoleAssignPlayer
1,status,7,WEREWOLF,ALIVE,SampleRoleAssignPlayer
1,status,8,POSSESSED,ALIVE,SampleRoleAssignPlayer
1,status,9,VILLAGER,ALIVE,SampleRoleAssignPlayer
1,status,10,WEREWOLF,ALIVE,SampleRoleAssignPlayer
1,status,11,VILLAGER,ALIVE,SampleRoleAssignPlayer
1,status,12,VILLAGER,ALIVE,SampleRoleAssignPlayer
1,status,13,VILLAGER,ALIVE,SampleRoleAssignPlayer
1,status,14,SEER,ALIVE,SampleRoleAssignPlayer
1,status,15,MEDIUM,ALIVE,SampleRoleAssignPlayer
1,talk,0,0,15,VOTE Agent[10]
1,talk,1,0,13,VOTE Agent[03]
1,talk,2,0,7,VOTE Agent[08]
1,talk,3,0,3,VOTE Agent[12]
1,talk,4,0,9,VOTE Agent[10]
1,talk,5,0,12,VOTE Agent[01]
1,talk,6,0,10,VOTE Agent[12]
1,talk,7,0,4,VOTE Agent[10]
1,talk,8,0,8,COMINGOUT Agent[08] SEER
1,talk,9,0,5,VOTE Agent[10]
1,talk,10,0,2,VOTE Agent[13]
1,talk,11,0,6,VOTE Agent[15]
1,talk,12,0,14,VOTE Agent[09]
1,talk,13,0,11,VOTE Agent[12]
1,talk,14,0,1,VOTE Agent[06]
1,talk,15,1,11,Skip
1,talk,16,1,15,Skip
1,talk,17,1,6,REQUEST(VOTE Agent[15])
1,talk,18,1,14,COMINGOUT Agent[14] SEER
1,talk,19,1,1,ESTIMATE Agent[02] WEREWOLF
1,talk,20,1,5,Skip
1,talk,21,1,7,REQUEST(VOTE Agent[08])
1,talk,22,1,13,Skip
1,talk,23,1,2,Skip
1,talk,24,1,4,Skip
1,talk,25,1,3,Skip
1,talk,26,1,10,REQUEST(VOTE Agent[12])
1,talk,27,1,8,DIVINED Agent[10] HUMAN
1,talk,28,1,9,Skip
1,talk,29,1,12,Skip
1,talk,30,2,1,ESTIMATE Agent[12] WEREWOLF
1,talk,31,2,4,ESTIMATE Agent[08] SEER
1,talk,32,2,9,ESTIMATE Agent[08] SEER
1,talk,33,2,15,ESTIMATE Agent[08] SEER
1,talk,34,2,14,DIVINED Agent[02] HUMAN
1,talk,35,2,2,ESTIMATE Agent[08] SEER
1,talk,36,2,5,ESTIMATE Agent[08] SEER
1,talk,37,2,8,REQUEST(VOTE Agent[05])
1,talk,38,2,7,COMINGOUT Agent[07] SEER
1,talk,39,2,13,ESTIMATE Agent[08] SEER
1,talk,40,2,11,ESTIMATE Agent[08] SEER
1,talk,41,2,3,ESTIMATE Agent[08] SEER
1,talk,42,2,12,ESTIMATE Agent[08] SEER
1,talk,43,2,10,Skip
1,talk,44,2,6,Skip
1,talk,45,3,13,Skip
1,talk,46,3,14,ESTIMATE Agent[08] WEREWOLF
1,talk,47,3,5,Skip
1,talk,48,3,4,Skip
1,talk,49,3,6,Skip
1,talk,50,3,3,Skip
1,talk,51,3,15,Skip
1,talk,52,3,9,Skip
1,talk,53,3,2,Skip
1,talk,54,3,1,ESTIMATE Agent[06] WEREWOLF
1,talk,55,3,8,VOTE Agent[14]
1,talk,56,3,12,Skip
1,talk,57,3,11,Skip
1,talk,58,3,7,DIVINED Agent[08] WEREWOLF
1,talk,59,3,10,Skip
1,talk,60,4,14,VOTE Agent[08]
1,talk,61,4,15,DISAGREE TALK day1 ID:31
1,talk,62,4,10,Over
1,talk,63,4,11,DISAGREE TALK day1 ID:31
1,talk,64,4,8,REQUEST(VOTE Agent[14])
1,talk,65,4,6,Over
1,talk,66,4,1,VOTE Agent[12]
1,talk,67,4,5,DISAGREE TALK day1 ID:31
1,talk,68,4,7,Skip
1,talk,69,4,12,DISAGREE TALK day1 ID:31
1,talk,70,4,4,DISAGREE TALK day1 ID:31
1,talk,71,4,3,DISAGREE TALK day1 ID:31
1,talk,72,4,13,DISAGREE TALK day1 ID:31
1,talk,73,4,2,DISAGREE TALK day1 ID:31
1,talk,74,4,9,DISAGREE TALK day1 ID:31
1,talk,75,5,2,DISAGREE TALK day1 ID:32
1,talk,76,5,5,DISAGREE TALK day1 ID:32
1,talk,77,5,8,Skip
1,talk,78,5,7,Skip
1,talk,79,5,15,DISAGREE TALK day1 ID:32
1,talk,80,5,14,Skip
1,talk,81,5,13,DISAGREE TALK day1 ID:32
1,talk,82,5,12,DISAGREE TALK day1 ID:32
1,talk,83,5,11,DISAGREE TALK day1 ID:32
1,talk,84,5,10,Over
1,talk,85,5,4,DISAGREE TALK day1 ID:32
1,talk,86,5,9,DISAGREE TALK day1 ID:32
1,talk,87,5,1,ESTIMATE Agent[14] WEREWOLF
1,talk,88,5,6,Over
1,talk,89,5,3,DISAGREE TALK day1 ID:32
1,talk,90,6,6,Over
1,talk,91,6,9,DISAGREE TALK day1 ID:33
1,talk,92,6,2,DISAGREE TALK day1 ID:33
1,talk,93,6,5,DISAGREE TALK day1 ID:33
1,talk,94,6,3,DISAGREE TALK day1 ID:33
1,talk,95,6,10,Over
1,talk,96,6,12,DISAGREE TALK day1 ID:33
1,talk,97,6,14,Skip
1,talk,98,6,8,Skip
1,talk,99,6,11,DISAGREE TALK day1 ID:33
1,talk,100,6,7,Over
1,talk,101,6,1,ESTIMATE Agent[15] WEREWOLF
1,talk,102,6,13,DISAGREE TALK day1 ID:33
1,talk,103,6,4,DISAGREE TALK day1 ID:33
1,talk,104,6,15,DISAGREE TALK day1 ID:33
1,talk,105,7,11,DISAGREE TALK day1 ID:35
1,talk,106,7,6,Over
1,talk,107,7,15,DISAGREE TALK day1 ID:35
1,talk,108,7,9,DISAGREE TALK day1 ID:35
1,talk,109,7,8,Over
1,talk,110,7,4,DISAGREE TALK day1 ID:35
1,talk,111,7,14,Over
1,talk,112,7,1,Over
1,talk,113,7,2,DISAGREE TALK day1 ID:35
1,talk,114,7,5,DISAGREE TALK day1 ID:35
1,talk,115,7,10,Over
1,talk,116,7,13,DISAGREE TALK day1 ID:35
1,talk,117,7,12,DISAGREE TALK day1 ID:35
1,talk,118,7,3,DISAGREE TALK day1 ID:35
1,talk,119,7,7,Over
1,talk,120,8,7,Over
1,talk,121,8,9,DISAGREE TALK day1 ID:36
1,talk,122,8,4,DISAGREE TALK day1 ID:36
1,talk,123,8,13,DISAGREE TALK day1 ID:36
1,talk,124,8,5,DISAGREE TALK day1 ID:36
1,talk,125,8,12,DISAGREE TALK day1 ID:36
1,talk,126,8,8,Over
1,talk,127,8,14,Over
1,talk,128,8,10,Over
1,talk,129,8,15,DISAGREE TALK day1 ID:36
1,talk,130,8,6,Over
1,talk,131,8,11,DISAGREE TALK day1 ID:36
1,talk,132,8,3,DISAGREE TALK day1 ID:36
1,talk,133,8,1,Over
1,talk,134,8,2,DISAGREE TALK day1 ID:36
1,talk,135,9,7,Over
1,talk,136,9,13,DISAGREE TALK day1 ID:39
1,talk,137,9,4,DISAGREE TALK day1 ID:39
1,talk,138,9,11,DISAGREE TALK day1 ID:39
1,talk,139,9,14,Over
1,talk,140,9,15,DISAGREE TALK day1 ID:39
1,talk,141,9,1,Over
1,talk,142,9,8,Over
1,talk,143,9,2,DISAGREE TALK day1 ID:39
1,talk,144,9,5,DISAGREE TALK day1 ID:39
1,talk,145,9,10,Over
1,talk,146,9,3,DISAGREE TALK day1 ID:39
1,talk,147,9,12,DISAGREE TALK day1 ID:39
1,talk,148,9,6,Over
1,talk,149,9,9,DISAGREE TALK day1 ID:39
1,talk,150,10,9,DISAGREE TALK day1 ID:40
1,talk,151,10,4,DISAGREE TALK day1 ID:40
1,talk,152,10,6,Over
1,talk,153,10,15,DISAGREE TALK day1 ID:40
1,talk,154,10,7,Over
1,talk,155,10,14,Over
1,talk,156,10,13,DISAGREE TALK day1 ID:40
1,talk,157,10,11,DISAGREE TALK day1 ID:40
1,talk,158,10,12,DISAGREE TALK day1 ID:40
1,talk,159,10,8,Over
1,talk,160,10,3,DISAGREE TALK day1 ID:40
1,talk,161,10,1,Over
1,talk,162,10,2,DISAGREE TALK day1 ID:40
1,talk,163,10,5,DISAGREE TALK day1 ID:40
1,talk,164,10,10,Over
1,talk,165,11,4,DISAGREE TALK day1 ID:41
1,talk,166,11,2,DISAGREE TALK day1 ID:41
1,talk,167,11,13,DISAGREE TALK day1 ID:41
1,talk,168,11,9,DISAGREE TALK day1 ID:41
1,talk,169,11,14,Over
1,talk,170,11,15,DISAGREE TALK day1 ID:41
1,talk,171,11,6,Over
1,talk,172,11,8,Over
1,talk,173,11,7,Over
1,talk,174,11,1,Over
1,talk,175,11,5,DISAGREE TALK day1 ID:41
1,talk,176,11,11,DISAGREE TALK day1 ID:41
1,talk,177,11,10,Over
1,talk,178,11,3,DISAGREE TALK day1 ID:41
1,talk,179,11,12,DISAGREE TALK day1 ID:41
1,talk,180,12,8,Over
1,talk,181,12,1,Over
1,talk,182,12,7,Over
1,talk,183,12,3,Over
1,talk,184,12,13,Over
1,talk,185,12,9,Over
1,talk,186,12,15,Over
1,talk,187,12,11,Over
1,talk,188,12,10,Over
1,talk,189,12,6,Over
1,talk,190,12,4,Over
1,talk,191,12,12,Over
1,talk,192,12,2,Over
1,talk,193,12,14,Over
1,talk,194,12,5,Over
1,vote,1,12
1,vote,2,8
1,vote,3,8
1,vote,4,8
1,vote,5,8
1,vote,6,15
1,vote,7,8
1,vote,8,14
1,vote,9,8
1,vote,10,12
1,vote,11,8
1,vote,12,8
1,vote,13,8
1,vote,14,8
1,vote,15,8
1,execute,8,POSSESSED
1,whisper,0,0,7,ESTIMATE Agent[08] POSSESSED
1,whisper,1,0,6,ESTIMATE Agent[08] POSSESSED
1,whisper,2,0,10,ESTIMATE Agent[08] POSSESSED
1,whisper,3,1,7,ATTACK Agent[14]
1,whisper,4,1,10,ATTACK Agent[14]
1,whisper,5,1,6,ATTACK Agent[14]
1,whisper,6,2,10,REQUEST(ATTACK Agent[14])
1,whisper,7,2,7,REQUEST(ATTACK Agent[14])
1,whisper,8,2,6,REQUEST(ATTACK Agent[14])
1,whisper,9,3,7,DIVINED Agent[03] WEREWOLF
1,whisper,10,3,10,IDENTIFIED Agent[08] HUMAN
1,whisper,11,3,6,Skip
1,whisper,12,4,6,Skip
1,whisper,13,4,10,Skip
1,whisper,14,4,7,Skip
1,whisper,15,5,7,Skip
1,whisper,16,5,6,Over
1,whisper,17,5,10,Skip
1,whisper,18,6,10,Over
1,whisper,19,6,7,Over
1,whisper,20,6,6,Over
1,guard,2,8,POSSESSED
1,attackVote,6,14
1,attackVote,7,14
1,attackVote,10,14
1,attack,14,true
2,status,1,VILLAGER,ALIVE,wolf1
2,status,2,BODYGUARD,ALIVE,SampleRoleAssignPlayer
2,status,3,VILLAGER,ALIVE,SampleRoleAssignPlayer
2,status,4,VILLAGER,ALIVE,SampleRoleAssignPlayer
2,status,5,VILLAGER,ALIVE,SampleRoleAssignPlayer
2,status,6,WEREWOLF,ALIVE,SampleRoleAssignPlayer
2,status,7,WEREWOLF,ALIVE,SampleRoleAssignPlayer
2,status,8,POSSESSED,DEAD,SampleRoleAssignPlayer
2,status,9,VILLAGER,ALIVE,SampleRoleAssignPlayer
2,status,10,WEREWOLF,ALIVE,SampleRoleAssignPlayer
2,status,11,VILLAGER,ALIVE,SampleRoleAssignPlayer
2,status,12,VILLAGER,ALIVE,SampleRoleAssignPlayer
2,status,13,VILLAGER,ALIVE,SampleRoleAssignPlayer
2,status,14,SEER,DEAD,SampleRoleAssignPlayer
2,status,15,MEDIUM,ALIVE,SampleRoleAssignPlayer
2,talk,0,0,15,COMINGOUT Agent[15] MEDIUM
2,talk,1,0,3,ESTIMATE Agent[07] SEER
2,talk,2,0,2,ESTIMATE Agent[07] SEER
2,talk,3,0,5,ESTIMATE Agent[07] SEER
2,talk,4,0,10,COMINGOUT Agent[10] MEDIUM
2,talk,5,0,11,ESTIMATE Agent[07] SEER
2,talk,6,0,13,ESTIMATE Agent[07] SEER
2,talk,7,0,6,VOTE Agent[03]
2,talk,8,0,12,ESTIMATE Agent[07] SEER
2,talk,9,0,7,DIVINED Agent[03] WEREWOLF
2,talk,10,0,9,ESTIMATE Agent[07] SEER
2,talk,11,0,4,ESTIMATE Agent[07] SEER
2,talk,12,0,1,VOTE Agent[15]
2,talk,13,1,7,VOTE Agent[03]
2,talk,14,1,10,IDENTIFIED Agent[08] HUMAN
2,talk,15,1,12,ESTIMATE Agent[03] WEREWOLF
2,talk,16,1,11,ESTIMATE Agent[03] WEREWOLF
2,talk,17,1,3,DISAGREE TALK day2 ID:1
2,talk,18,1,1,ESTIMATE Agent[12] WEREWOLF
2,talk,19,1,6,REQUEST(VOTE Agent[03])
2,talk,20,1,13,ESTIMATE Agent[03] WEREWOLF
2,talk,21,1,9,ESTIMATE Agent[03] WEREWOLF
2,talk,22,1,15,IDENTIFIED Agent[08] HUMAN
2,talk,23,1,2,ESTIMATE Agent[03] WEREWOLF
2,talk,24,1,5,ESTIMATE Agent[03] WEREWOLF
2,talk,25,1,4,ESTIMATE Agent[03] WEREWOLF
2,talk,26,2,1,ESTIMATE Agent[14] WEREWOLF
2,talk,27,2,5,REQUEST(Agent[07] DIVINATION Agent[03])
2,talk,28,2,13,REQUEST(Agent[07] DIVINATION Agent[03])
2,talk,29,2,2,REQUEST(Agent[07] DIVINATION Agent[03])
2,talk,30,2,6,Skip
2,talk,31,2,15,ESTIMATE Agent[07] WEREWOLF
2,talk,32,2,9,REQUEST(Agent[07] DIVINATION Agent[03])
2,talk,33,2,12,REQUEST(Agent[07] DIVINATION Agent[03])
2,talk,34,2,10,REQUEST(VOTE Agent[09])
2,talk,35,2,4,REQUEST(Agent[07] DIVINATION Agent[03])
2,talk,36,2,7,REQUEST(VOTE Agent[03])
2,talk,37,2,3,DISAGREE TALK day2 ID:2
2,talk,38,2,11,REQUEST(Agent[07] DIVINATION Agent[03])
2,talk,39,3,11,VOTE Agent[03]
2,talk,40,3,13,VOTE Agent[03]
2,talk,41,3,7,Skip
2,talk,42,3,3,DISAGREE TALK day2 ID:3
2,talk,43,3,2,VOTE Agent[03]
2,talk,44,3,15,REQUEST(DIVINATION Agent[07])
2,talk,45,3,12,VOTE Agent[03]
2,talk,46,3,10,VOTE Agent[15]
2,talk,47,3,4,VOTE Agent[03]
2,talk,48,3,1,ESTIMATE Agent[15] WEREWOLF
2,talk,49,3,5,VOTE Agent[03]
2,talk,50,3,9,VOTE Agent[03]
2,talk,51,3,6,Skip
2,talk,52,4,7,Skip
2,talk,53,4,10,REQUEST(VOTE Agent[15])
2,talk,54,4,9,Skip
2,talk,55,4,4,Skip
2,talk,56,4,1,Over
2,talk,57,4,2,Skip
2,talk,58,4,13,Skip
2,talk,59,4,12,Skip
2,talk,60,4,3,DISAGREE TALK day2 ID:5
2,talk,61,4,15,VOTE Agent[07]
2,talk,62,4,6,Over
2,talk,63,4,11,Skip
2,talk,64,4,5,Skip
2,talk,65,5,1,Over
2,talk,66,5,10,Skip
2,talk,67,5,7,Over
2,talk,68,5,15,Skip
2,talk,69,5,2,Skip
2,talk,70,5,13,Skip
2,talk,71,5,11,Skip
2,talk,72,5,6,Over
2,talk,73,5,5,Skip
2,talk,74,5,12,Skip
2,talk,75,5,9,Skip
2,talk,76,5,4,Skip
2,talk,77,5,3,DISAGREE TALK day2 ID:6
2,talk,78,6,2,Over
2,talk,79,6,9,Over
2,talk,80,6,5,Over
2,talk,81,6,10,Skip
2,talk,82,6,15,Skip
2,talk,83,6,3,DISAGREE TALK day2 ID:8
2,talk,84,6,13,Over
2,talk,85,6,7,Over
2,talk,86,6,12,Over
2,talk,87,6,11,Over
2,talk,88,6,1,Over
2,talk,89,6,4,Over
2,talk,90,6,6,Over
2,talk,91,7,13,Over
2,talk,92,7,9,Over
2,talk,93,7,5,Over
2,talk,94,7,15,Over
2,talk,95,7,3,DISAGREE TALK day2 ID:10
2,talk,96,7,6,Over
2,talk,97,7,1,Over
2,talk,98,7,4,Over
2,talk,99,7,2,Over
2,talk,100,7,10,Over
2,talk,101,7,7,Over
2,talk,102,7,12,Over
2,talk,103,7,11,Over
2,talk,104,8,9,Over
2,talk,105,8,15,Over
2,talk,106,8,6,Over
2,talk,107,8,3,DISAGREE TALK day2 ID:11
2,talk,108,8,2,Over
2,talk,109,8,1,Over
2,talk,110,8,12,Over
2,talk,111,8,11,Over
2,talk,112,8,13,Over
2,talk,113,8,10,Over
2,talk,114,8,5,Over
2,talk,115,8,7,Over
2,talk,116,8,4,Over
2,talk,117,9,2,Over
2,talk,118,9,9,Over
2,talk,119,9,13,Over
2,talk,120,9,6,Over
2,talk,121,9,1,Over
2,talk,122,9,15,Over
2,talk,123,9,10,Over
2,talk,124,9,12,Over
2,talk,125,9,7,Over
2,talk,126,9,4,Over
2,talk,127,9,3,ESTIMATE Agent[07] WEREWOLF
2,talk,128,9,5,Over
2,talk,129,9,11,Over
2,talk,130,10,3,Over
2,talk,131,10,11,Over
2,talk,132,10,15,Over
2,talk,133,10,13,Over
2,talk,134,10,4,Over
2,talk,135,10,2,Over
2,talk,136,10,12,Over
2,talk,137,10,5,Over
2,talk,138,10,6,Over
2,talk,139,10,9,Over
2,talk,140,10,1,Over
2,talk,141,10,10,Over
2,talk,142,10,7,Over
2,vote,1,15
2,vote,2,3
2,vote,3,7
2,vote,4,3
2,vote,5,3
2,vote,6,3
2,vote,7,3
2,vote,9,3
2,vote,10,15
2,vote,11,3
2,vote,12,3
2,vote,13,3
2,vote,15,7
2,execute,3,VILLAGER
2,whisper,0,0,6,ATTACK Agent[15]
2,whisper,1,0,10,ATTACK Agent[15]
2,whisper,2,0,7,ATTACK Agent[15]
2,whisper,3,1,7,REQUEST(ATTACK Agent[15])
2,whisper,4,1,6,REQUEST(ATTACK Agent[15])
2,whisper,5,1,10,REQUEST(ATTACK Agent[15])
2,whisper,6,2,10,IDENTIFIED Agent[03] WEREWOLF
2,whisper,7,2,7,DIVINED Agent[06] HUMAN
2,whisper,8,2,6,Skip
2,whisper,9,3,10,Skip
2,whisper,10,3,6,Skip
2,whisper,11,3,7,Skip
2,whisper,12,4,10,Skip
2,whisper,13,4,6,Over
2,whisper,14,4,7,Skip
2,whisper,15,5,10,Over
2,whisper,16,5,6,Over
2,whisper,17,5,7,Over
2,guard,2,7,WEREWOLF
2,attackVote,6,15
2,attackVote,7,15
2,attackVote,10,15
2,attack,15,true
3,status,1,VILLAGER,ALIVE,wolf1
3,status,2,BODYGUARD,ALIVE,SampleRoleAssignPlayer
3,status,3,VILLAGER,DEAD,SampleRoleAssignPlayer
3,status,4,VILLAGER,ALIVE,SampleRoleAssignPlayer
3,status,5,VILLAGER,ALIVE,SampleRoleAssignPlayer
3,status,6,WEREWOLF,ALIVE,SampleRoleAssignPlayer
3,status,7,WEREWOLF,ALIVE,SampleRoleAssignPlayer
3,status,8,POSSESSED,DEAD,SampleRoleAssignPlayer
3,status,9,VILLAGER,ALIVE,SampleRoleAssignPlayer
3,status,10,WEREWOLF,ALIVE,SampleRoleAssignPlayer
3,status,11,VILLAGER,ALIVE,SampleRoleAssignPlayer
3,status,12,VILLAGER,ALIVE,SampleRoleAssignPlayer
3,status,13,VILLAGER,ALIVE,SampleRoleAssignPlayer
3,status,14,SEER,DEAD,SampleRoleAssignPlayer
3,status,15,MEDIUM,DEAD,SampleRoleAssignPlayer
3,talk,0,0,4,VOTE Agent[02]
3,talk,1,0,10,IDENTIFIED Agent[03] WEREWOLF
3,talk,2,0,11,VOTE Agent[01]
3,talk,3,0,5,VOTE Agent[04]
3,talk,4,0,13,VOTE Agent[09]
3,talk,5,0,2,VOTE Agent[10]
3,talk,6,0,12,VOTE Agent[07]
3,talk,7,0,9,VOTE Agent[07]
3,talk,8,0,6,VOTE Agent[02]
3,talk,9,0,7,DIVINED Agent[06] HUMAN
3,talk,10,0,1,VOTE Agent[07]
3,talk,11,1,10,VOTE Agent[04]
3,talk,12,1,7,VOTE Agent[13]
3,talk,13,1,6,REQUEST(VOTE Agent[02])
3,talk,14,1,1,ESTIMATE Agent[02] WEREWOLF
3,talk,15,1,13,Skip
3,talk,16,1,12,Skip
3,talk,17,1,2,Skip
3,talk,18,1,11,Skip
3,talk,19,1,4,Skip
3,talk,20,1,9,Skip
3,talk,21,1,5,Skip
3,talk,22,2,7,REQUEST(VOTE Agent[13])
3,talk,23,2,11,Skip
3,talk,24,2,12,Skip
3,talk,25,2,13,Skip
3,talk,26,2,2,Skip
3,talk,27,2,9,Skip
3,talk,28,2,10,REQUEST(VOTE Agent[04])
3,talk,29,2,5,Skip
3,talk,30,2,1,ESTIMATE Agent[07] WEREWOLF
3,talk,31,2,6,Skip
3,talk,32,2,4,Skip
3,talk,33,3,11,Over
3,talk,34,3,12,Over
3,talk,35,3,5,Over
3,talk,36,3,7,Skip
3,talk,37,3,13,Over
3,talk,38,3,4,Over
3,talk,39,3,2,Over
3,talk,40,3,1,ESTIMATE Agent[14] WEREWOLF
3,talk,41,3,6,Skip
3,talk,42,3,10,Skip
3,talk,43,3,9,Over
3,talk,44,4,2,Over
3,talk,45,4,13,Over
3,talk,46,4,6,Over
3,talk,47,4,11,Over
3,talk,48,4,12,Over
3,talk,49,4,10,Skip
3,talk,50,4,5,Over
3,talk,51,4,4,Over
3,talk,52,4,9,Over
3,talk,53,4,1,Over
3,talk,54,4,7,Skip
3,talk,55,5,11,Over
3,talk,56,5,12,Over
3,talk,57,5,13,Over
3,talk,58,5,5,Over
3,talk,59,5,9,Over
3,talk,60,5,2,Over
3,talk,61,5,10,Over
3,talk,62,5,7,Over
3,talk,63,5,6,Over
3,talk,64,5,4,Over
3,talk,65,5,1,Over
3,vote,1,7
3,vote,2,10
3,vote,4,2
3,vote,5,4
3,vote,6,2
3,vote,7,13
3,vote,9,7
3,vote,10,4
3,vote,11,1
3,vote,12,7
3,vote,13,9
3,execute,7,WEREWOLF
3,whisper,0,0,6,ATTACK Agent[12]
3,whisper,1,0,10,ATTACK Agent[02]
3,whisper,2,1,10,REQUEST(ATTACK Agent[02])
3,whisper,3,1,6,REQUEST(ATTACK Agent[12])
3,whisper,4,2,10,IDENTIFIED Agent[07] HUMAN
3,whisper,5,2,6,Skip
3,whisper,6,3,10,Skip
3,whisper,7,3,6,Skip
3,whisper,8,4,10,Skip
3,whisper,9,4,6,Over
3,whisper,10,5,6,Over
3,whisper,11,5,10,Over
3,guard,2,7,WEREWOLF
3,attackVote,6,12
3,attackVote,10,2
3,attackVote,6,12
3,attackVote,10,2
3,attack,2,true
4,status,1,VILLAGER,ALIVE,wolf1
4,status,2,BODYGUARD,DEAD,SampleRoleAssignPlayer
4,status,3,VILLAGER,DEAD,SampleRoleAssignPlayer
4,status,4,VILLAGER,ALIVE,SampleRoleAssignPlayer
4,status,5,VILLAGER,ALIVE,SampleRoleAssignPlayer
4,status,6,WEREWOLF,ALIVE,SampleRoleAssignPlayer
4,status,7,WEREWOLF,DEAD,SampleRoleAssignPlayer
4,status,8,POSSESSED,DEAD,SampleRoleAssignPlayer
4,status,9,VILLAGER,ALIVE,SampleRoleAssignPlayer
4,status,10,WEREWOLF,ALIVE,SampleRoleAssignPlayer
4,status,11,VILLAGER,ALIVE,SampleRoleAssignPlayer
4,status,12,VILLAGER,ALIVE,SampleRoleAssignPlayer
4,status,13,VILLAGER,ALIVE,SampleRoleAssignPlayer
4,status,14,SEER,DEAD,SampleRoleAssignPlayer
4,status,15,MEDIUM,DEAD,SampleRoleAssignPlayer
4,talk,0,0,10,IDENTIFIED Agent[07] HUMAN
4,talk,1,0,12,VOTE Agent[04]
4,talk,2,0,13,VOTE Agent[01]
4,talk,3,0,1,VOTE Agent[10]
4,talk,4,0,6,VOTE Agent[04]
4,talk,5,0,9,VOTE Agent[01]
4,talk,6,0,4,VOTE Agent[01]
4,talk,7,0,5,VOTE Agent[13]
4,talk,8,0,11,VOTE Agent[13]
4,talk,9,1,5,Skip
4,talk,10,1,12,Skip
4,talk,11,1,10,VOTE Agent[13]
4,talk,12,1,4,Skip
4,talk,13,1,6,REQUEST(VOTE Agent[04])
4,talk,14,1,11,Skip
4,talk,15,1,9,Skip
4,talk,16,1,13,Skip
4,talk,17,1,1,ESTIMATE Agent[05] WEREWOLF
4,talk,18,2,9,Skip
4,talk,19,2,5,Skip
4,talk,20,2,13,Skip
4,talk,21,2,12,Skip
4,talk,22,2,4,Skip
4,talk,23,2,11,Skip
4,talk,24,2,6,Skip
4,talk,25,2,1,ESTIMATE Agent[07] WEREWOLF
4,talk,26,2,10,REQUEST(VOTE Agent[13])
4,talk,27,3,12,Over
4,talk,28,3,1,ESTIMATE Agent[14] WEREWOLF
4,talk,29,3,6,Skip
4,talk,30,3,10,Skip
4,talk,31,3,4,Over
4,talk,32,3,9,Over
4,talk,33,3,11,Over
4,talk,34,3,5,Over
4,talk,35,3,13,Over
4,talk,36,4,13,Over
4,talk,37,4,6,Over
4,talk,38,4,10,Skip
4,talk,39,4,9,Over
4,talk,40,4,5,Over
4,talk,41,4,12,Over
4,talk,42,4,1,VOTE Agent[04]
4,talk,43,4,11,Over
4,talk,44,4,4,Over
4,talk,45,5,6,Over
4,talk,46,5,4,Over
4,talk,47,5,9,Over
4,talk,48,5,5,Over
4,talk,49,5,1,Over
4,talk,50,5,13,Over
4,talk,51,5,10,Over
4,talk,52,5,12,Over
4,talk,53,5,11,Over
4,vote,1,4
4,vote,4,1
4,vote,5,13
4,vote,6,4
4,vote,9,1
4,vote,10,13
4,vote,11,13
4,vote,12,4
4,vote,13,1
4,vote,1,4
4,vote,4,1
4,vote,5,13
4,vote,6,4
4,vote,9,1
4,vote,10,13
4,vote,11,13
4,vote,12,4
4,vote,13,1
4,execute,1,VILLAGER
4,whisper,0,0,10,ATTACK Agent[13]
4,whisper,1,0,6,ATTACK Agent[09]
4,whisper,2,1,6,REQUEST(ATTACK Agent[09])
4,whisper,3,1,10,REQUEST(ATTACK Agent[13])
4,whisper,4,2,10,IDENTIFIED Agent[01] HUMAN
4,whisper,5,2,6,Skip
4,whisper,6,3,10,Skip
4,whisper,7,3,6,Skip
4,whisper,8,4,6,Over
4,whisper,9,4,10,Skip
4,whisper,10,5,6,Over
4,whisper,11,5,10,Over
4,attackVote,6,9
4,attackVote,10,13
4,attackVote,6,9
4,attackVote,10,13
4,attack,13,true
5,status,1,VILLAGER,DEAD,wolf1
5,status,2,BODYGUARD,DEAD,SampleRoleAssignPlayer
5,status,3,VILLAGER,DEAD,SampleRoleAssignPlayer
5,status,4,VILLAGER,ALIVE,SampleRoleAssignPlayer
5,status,5,VILLAGER,ALIVE,SampleRoleAssignPlayer
5,status,6,WEREWOLF,ALIVE,SampleRoleAssignPlayer
5,status,7,WEREWOLF,DEAD,SampleRoleAssignPlayer
5,status,8,POSSESSED,DEAD,SampleRoleAssignPlayer
5,status,9,VILLAGER,ALIVE,SampleRoleAssignPlayer
5,status,10,WEREWOLF,ALIVE,SampleRoleAssignPlayer
5,status,11,VILLAGER,ALIVE,SampleRoleAssignPlayer
5,status,12,VILLAGER,ALIVE,SampleRoleAssignPlayer
5,status,13,VILLAGER,DEAD,SampleRoleAssignPlayer
5,status,14,SEER,DEAD,SampleRoleAssignPlayer
5,status,15,MEDIUM,DEAD,SampleRoleAssignPlayer
5,talk,0,0,11,VOTE Agent[04]
5,talk,1,0,4,VOTE Agent[10]
5,talk,2,0,5,VOTE Agent[10]
5,talk,3,0,12,VOTE Agent[09]
5,talk,4,0,10,IDENTIFIED Agent[01] HUMAN
5,talk,5,0,9,VOTE Agent[12]
5,talk,6,0,6,VOTE Agent[12]
5,talk,7,1,4,Skip
5,talk,8,1,5,Skip
5,talk,9,1,6,REQUEST(VOTE Agent[12])
5,talk,10,1,10,VOTE Agent[09]
5,talk,11,1,12,Skip
5,talk,12,1,9,Skip
5,talk,13,1,11,Skip
5,talk,14,2,4,Skip
5,talk,15,2,11,Skip
5,talk,16,2,6,Skip
5,talk,17,2,12,Skip
5,talk,18,2,9,Skip
5,talk,19,2,5,Skip
5,talk,20,2,10,REQUEST(VOTE Agent[09])
5,talk,21,3,11,Over
5,talk,22,3,4,Over
5,talk,23,3,9,Over
5,talk,24,3,10,Skip
5,talk,25,3,5,Over
5,talk,26,3,12,Over
5,talk,27,3,6,Skip
5,talk,28,4,9,Over
5,talk,29,4,5,Over
5,talk,30,4,10,Skip
5,talk,31,4,4,Over
5,talk,32,4,11,Over
5,talk,33,4,12,Over
5,talk,34,4,6,Over
5,talk,35,5,12,Over
5,talk,36,5,6,Over
5,talk,37,5,10,Over
5,talk,38,5,5,Over
5,talk,39,5,4,Over
5,talk,40,5,11,Over
5,talk,41,5,9,Over
5,vote,4,10
5,vote,5,10
5,vote,6,12
5,vote,9,12
5,vote,10,9
5,vote,11,4
5,vote,12,9
5,vote,4,10
5,vote,5,10
5,vote,6,12
5,vote,9,12
5,vote,10,9
5,vote,11,12
5,vote,12,9
5,execute,12,VILLAGER
5,whisper,0,0,10,ATTACK Agent[11]
5,whisper,1,0,6,ATTACK Agent[11]
5,whisper,2,1,10,REQUEST(ATTACK Agent[11])
5,whisper,3,1,6,REQUEST(ATTACK Agent[11])
5,whisper,4,2,10,IDENTIFIED Agent[12] HUMAN
5,whisper,5,2,6,Skip
5,whisper,6,3,10,Skip
5,whisper,7,3,6,Skip
5,whisper,8,4,10,Skip
5,whisper,9,4,6,Over
5,whisper,10,5,6,Over
5,whisper,11,5,10,Over
5,attackVote,6,11
5,attackVote,10,11
5,attack,11,true
6,status,1,VILLAGER,DEAD,wolf1
6,status,2,BODYGUARD,DEAD,SampleRoleAssignPlayer
6,status,3,VILLAGER,DEAD,SampleRoleAssignPlayer
6,status,4,VILLAGER,ALIVE,SampleRoleAssignPlayer
6,status,5,VILLAGER,ALIVE,SampleRoleAssignPlayer
6,status,6,WEREWOLF,ALIVE,SampleRoleAssignPlayer
6,status,7,WEREWOLF,DEAD,SampleRoleAssignPlayer
6,status,8,POSSESSED,DEAD,SampleRoleAssignPlayer
6,status,9,VILLAGER,ALIVE,SampleRoleAssignPlayer
6,status,10,WEREWOLF,ALIVE,SampleRoleAssignPlayer
6,status,11,VILLAGER,DEAD,SampleRoleAssignPlayer
6,status,12,VILLAGER,DEAD,SampleRoleAssignPlayer
6,status,13,VILLAGER,DEAD,SampleRoleAssignPlayer
6,status,14,SEER,DEAD,SampleRoleAssignPlayer
6,status,15,MEDIUM,DEAD,SampleRoleAssignPlayer
6,talk,0,0,6,VOTE Agent[05]
6,talk,1,0,10,IDENTIFIED Agent[12] HUMAN
6,talk,2,0,5,VOTE Agent[04]
6,talk,3,0,9,VOTE Agent[10]
6,talk,4,0,4,VOTE Agent[09]
6,talk,5,1,10,VOTE Agent[09]
6,talk,6,1,9,Skip
6,talk,7,1,5,Skip
6,talk,8,1,4,Skip
6,talk,9,1,6,REQUEST(VOTE Agent[05])
6,talk,10,2,10,REQUEST(VOTE Agent[09])
6,talk,11,2,9,Skip
6,talk,12,2,6,Skip
6,talk,13,2,5,Skip
6,talk,14,2,4,Skip
6,talk,15,3,5,Over
6,talk,16,3,10,Skip
6,talk,17,3,6,Skip
6,talk,18,3,4,Over
6,talk,19,3,9,Over
6,talk,20,4,5,Over
6,talk,21,4,9,Over
6,talk,22,4,4,Over
6,talk,23,4,6,Over
6,talk,24,4,10,Skip
6,talk,25,5,6,Over
6,talk,26,5,9,Over
6,talk,27,5,10,Over
6,talk,28,5,4,Over
6,talk,29,5,5,Over
6,vote,4,9
6,vote,5,4
6,vote,6,5
6,vote,9,10
6,vote,10,9
6,execute,9,VILLAGER
6,whisper,0,0,6,ATTACK Agent[04]
6,whisper,1,0,10,ATTACK Agent[04]
6,whisper,2,1,6,REQUEST(ATTACK Agent[04])
6,whisper,3,1,10,REQUEST(ATTACK Agent[04])
6,whisper,4,2,10,IDENTIFIED Agent[09] HUMAN
6,whisper,5,2,6,Skip
6,whisper,6,3,10,Skip
6,whisper,7,3,6,Skip
6,whisper,8,4,10,Skip
6,whisper,9,4,6,Over
6,whisper,10,5,6,Over
6,whisper,11,5,10,Over
6,attackVote,6,4
6,attackVote,10,4
6,attack,4,true
7,status,1,VILLAGER,DEAD,wolf1
7,status,2,BODYGUARD,DEAD,SampleRoleAssignPlayer
7,status,3,VILLAGER,DEAD,SampleRoleAssignPlayer
7,status,4,VILLAGER,DEAD,SampleRoleAssignPlayer
7,status,5,VILLAGER,ALIVE,SampleRoleAssignPlayer
7,status,6,WEREWOLF,ALIVE,SampleRoleAssignPlayer
7,status,7,WEREWOLF,DEAD,SampleRoleAssignPlayer
7,status,8,POSSESSED,DEAD,SampleRoleAssignPlayer
7,status,9,VILLAGER,DEAD,SampleRoleAssignPlayer
7,status,10,WEREWOLF,ALIVE,SampleRoleAssignPlayer
7,status,11,VILLAGER,DEAD,SampleRoleAssignPlayer
7,status,12,VILLAGER,DEAD,SampleRoleAssignPlayer
7,status,13,VILLAGER,DEAD,SampleRoleAssignPlayer
7,status,14,SEER,DEAD,SampleRoleAssignPlayer
7,status,15,MEDIUM,DEAD,SampleRoleAssignPlayer
7,result,1,2,WEREWOLF
