0,status,1,VILLAGER,ALIVE,wolf1
0,status,2,WEREWOLF,ALIVE,SampleRoleAssignPlayer
0,status,3,MEDIUM,ALIVE,SampleRoleAssignPlayer
0,status,4,VILLAGER,ALIVE,SampleRoleAssignPlayer
0,status,5,VILLAGER,ALIVE,SampleRoleAssignPlayer
0,status,6,VILLAGER,ALIVE,SampleRoleAssignPlayer
0,status,7,WEREWOLF,ALIVE,SampleRoleAssignPlayer
0,status,8,VILLAGER,ALIVE,SampleRoleAssignPlayer
0,status,9,WEREWOLF,ALIVE,SampleRoleAssignPlayer
0,status,10,SEER,ALIVE,SampleRoleAssignPlayer
0,status,11,VILLAGER,ALIVE,SampleRoleAssignPlayer
0,status,12,POSSESSED,ALIVE,SampleRoleAssignPlayer
0,status,13,VILLAGER,ALIVE,SampleRoleAssignPlayer
0,status,14,VILLAGER,ALIVE,SampleRoleAssignPlayer
0,status,15,BODYGUARD,ALIVE,SampleRoleAssignPlayer
0,whisper,0,0,9,COMINGOUT Agent[09] VILLAGER
0,whisper,1,0,2,COMINGOUT Agent[02] VILLAGER
0,whisper,2,0,7,COMINGOUT Agent[07] MEDIUM
0,whisper,3,1,9,COMINGOUT Agent[09] SEER
0,whisper,4,1,7,Skip
0,whisper,5,1,2,COMINGOUT Agent[02] SEER
0,whisper,6,2,9,COMINGOUT Agent[09] VILLAGER
0,whisper,7,2,2,COMINGOUT Agent[02] VILLAGER
0,whisper,8,2,7,Skip
0,whisper,9,3,7,Over
0,whisper,10,3,2,Skip
0,whisper,11,3,9,Skip
0,whisper,12,4,7,Over
0,whisper,13,4,9,COMINGOUT Agent[09] SEER
0,whisper,14,4,2,Skip
0,whisper,15,5,9,DIVINED Agent[05] HUMAN
0,whisper,16,5,2,Over
0,whisper,17,5,7,Over
0,whisper,18,6,7,Over
0,whisper,19,6,9,Skip
0,whisper,20,6,2,Over
0,whisper,21,7,2,Over
0,whisper,22,7,9,Skip
0,whisper,23,7,7,Over
0,whisper,24,8,9,Over
0,whisper,25,8,2,Over
0,whisper,26,8,7,Over
0,divine,10,3,HUMAN
1,status,1,VILLAGER,ALIVE,wolf1
1,status,2,WEREWOLF,ALIVE,SampleRoleAssignPlayer
1,status,3,MEDIUM,ALIVE,SampleRoleAssignPlayer
1,status,4,VILLAGER,ALIVE,SampleRoleAssignPlayer
1,status,5,VILLAGER,ALIVE,SampleRoleAssignPlayer
1,status,6,VILLAGER,ALIVE,SampleRoleAssignPlayer
1,status,7,WEREWOLF,ALIVE,SampleRoleAssignPlayer
1,status,8,VILLAGER,ALIVE,SampleRoleAssignPlayer
1,status,9,WEREWOLF,ALIVE,SampleRoleAssignPlayer
1,status,10,SEER,ALIVE,SampleRoleAssignPlayer
1,status,11,VILLAGER,ALIVE,SampleRoleAssignPlayer
1,status,12,POSSESSED,ALIVE,SampleRoleAssignPlayer
1,status,13,VILLAGER,ALIVE,SampleRoleAssignPlayer
1,status,14,VILLAGER,ALIVE,SampleRoleAssignPlayer
1,status,15,BODYGUARD,ALIVE,SampleRoleAssignPlayer
1,talk,0,0,7,VOTE Agent[15]
1,talk,1,0,13,VOTE Agent[14]
1,talk,2,0,1,VOTE Agent[02]
1,talk,3,0,14,VOTE Agent[12]
1,talk,4,0,11,VOTE Agent[01]
1,talk,5,0,8,VOTE Agent[12]
1,talk,6,0,4,VOTE Agent[01]
1,talk,7,0,5,VOTE Agent[03]
1,talk,8,0,2,VOTE Agent[01]
1,talk,9,0,15,VOTE Agent[07]
1,talk,10,0,10,VOTE Agent[01]
1,talk,11,0,6,VOTE Agent[04]
1,talk,12,0,9,VOTE Agent[04]
1,talk,13,0,12,COMINGOUT Agent[12] SEER
1,talk,14,0,3,COMINGOUT Agent[03] MEDIUM
1,talk,15,1,11,Skip
1,talk,16,1,10,COMINGOUT Agent[10] SEER
1,talk,17,1,3,VOTE Agent[06]
1,talk,18,1,15,Skip
1,talk,19,1,14,Skip
1,talk,20,1,6,Skip
1,talk,21,1,8,Skip
1,talk,22,1,2,REQUEST(VOTE Agent[01])
1,talk,23,1,13,Skip
1,talk,24,1,7,REQUEST(VOTE Agent[15])
1,talk,25,1,4,Skip
1,talk,26,1,1,ESTIMATE Agent[02] WEREWOLF
1,talk,27,1,5,Skip
1,talk,28,1,9,REQUEST(VOTE Agent[04])
1,talk,29,1,12,DIVINED Agent[08] HUMAN
1,talk,30,2,9,COMINGOUT Agent[09] SEER
1,talk,31,2,10,DIVINED Agent[03] HUMAN
1,talk,32,2,5,ESTIMATE Agent[12] SEER
1,talk,33,2,11,ESTIMATE Agent[12] SEER
1,talk,34,2,6,ESTIMATE Agent[12] SEER
1,talk,35,2,2,Skip
1,talk,36,2,12,REQUEST(VOTE Agent[04])
1,talk,37,2,8,ESTIMATE Agent[12] SEER
1,talk,38,2,3,ESTIMATE Agent[12] SEER
1,talk,39,2,7,COMINGOUT Agent[07] MEDIUM
1,talk,40,2,15,ESTIMATE Agent[12] SEER
1,talk,41,2,14,ESTIMATE Agent[12] SEER
1,talk,42,2,4,ESTIMATE Agent[12] SEER
1,talk,43,2,13,ESTIMATE Agent[12] SEER
1,talk,44,2,1,ESTIMATE Agent[04] WEREWOLF
1,talk,45,3,4,Skip
1,talk,46,3,1,ESTIMATE Agent[09] WEREWOLF
1,talk,47,3,15,Skip
1,talk,48,3,11,Skip
1,talk,49,3,3,ESTIMATE Agent[07] WEREWOLF
1,talk,50,3,8,Skip
1,talk,51,3,6,Skip
1,talk,52,3,7,VOTE Agent[03]
1,talk,53,3,5,Skip
1,talk,54,3,9,DIVINED Agent[05] HUMAN
1,talk,55,3,10,ESTIMATE Agent[12] WEREWOLF
1,talk,56,3,2,Skip
1,talk,57,3,14,Skip
1,talk,58,3,13,Skip
1,talk,59,3,12,VOTE Agent[10]
1,talk,60,4,5,Skip
1,talk,61,4,9,VOTE Agent[12]
1,talk,62,4,14,Skip
1,talk,63,4,13,Skip
1,talk,64,4,2,Over
1,talk,65,4,7,REQUEST(VOTE Agent[03])
1,talk,66,4,10,VOTE Agent[12]
1,talk,67,4,3,REQUEST(Agent[12] DIVINATION Agent[07])
1,talk,68,4,6,Skip
1,talk,69,4,12,REQUEST(VOTE Agent[10])
1,talk,70,4,4,Skip
1,talk,71,4,1,VOTE Agent[07]
1,talk,72,4,8,Skip
1,talk,73,4,11,Skip
1,talk,74,4,15,Skip
1,talk,75,5,5,Over
1,talk,76,5,13,Over
1,talk,77,5,6,Over
1,talk,78,5,7,Skip
1,talk,79,5,1,ESTIMATE Agent[12] WEREWOLF
1,talk,80,5,4,Over
1,talk,81,5,10,Skip
1,talk,82,5,3,VOTE Agent[07]
1,talk,83,5,15,Over
1,talk,84,5,8,Over
1,talk,85,5,14,Over
1,talk,86,5,9,REQUEST(VOTE Agent[12])
1,talk,87,5,2,Over
1,talk,88,5,12,Skip
1,talk,89,5,11,Over
1,talk,90,6,4,Over
1,talk,91,6,14,Over
1,talk,92,6,15,Over
1,talk,93,6,3,Skip
1,talk,94,6,13,Over
1,talk,95,6,1,Over
1,talk,96,6,7,Skip
1,talk,97,6,9,Skip
1,talk,98,6,11,Over
1,talk,99,6,12,Skip
1,talk,100,6,5,Over
1,talk,101,6,10,Skip
1,talk,102,6,2,Over
1,talk,103,6,6,Over
1,talk,104,6,8,Over
1,talk,105,7,2,Over
1,talk,106,7,10,Over
1,talk,107,7,7,Over
1,talk,108,7,4,Over
1,talk,109,7,9,Skip
1,talk,110,7,12,Over
1,talk,111,7,14,Over
1,talk,112,7,8,Over
1,talk,113,7,1,Over
1,talk,114,7,5,Over
1,talk,115,7,13,Over
1,talk,116,7,15,Over
1,talk,117,7,3,Skip
1,talk,118,7,6,Over
1,talk,119,7,11,Over
1,talk,120,8,12,Over
1,talk,121,8,15,Over
1,talk,122,8,6,Over
1,talk,123,8,8,Over
1,talk,124,8,9,Over
1,talk,125,8,13,Over
1,talk,126,8,3,Over
1,talk,127,8,14,Over
1,talk,128,8,4,Over
1,talk,129,8,5,Over
1,talk,130,8,11,Over
1,talk,131,8,7,Over
1,talk,132,8,2,Over
1,talk,133,8,1,Over
1,talk,134,8,10,Over
1,vote,1,7
1,vote,2,1
1,vote,3,7
1,vote,4,1
1,vote,5,3
1,vote,6,4
1,vote,7,3
1,vote,8,12
1,vote,9,12
1,vote,10,12
1,vote,11,1
1,vote,12,10
1,vote,13,14
1,vote,14,12
1,vote,15,7
1,execute,12,POSSESSED
1,whisper,0,0,7,ATTACK Agent[03]
1,whisper,1,0,2,ATTACK Agent[10]
1,whisper,2,0,9,ATTACK Agent[10]
1,whisper,3,1,2,REQUEST(ATTACK Agent[10])
1,whisper,4,1,7,REQUEST(ATTACK Agent[03])
1,whisper,5,1,9,REQUEST(ATTACK Agent[10])
1,whisper,6,2,7,IDENTIFIED Agent[12] WEREWOLF
1,whisper,7,2,9,DIVINED Agent[15] WEREWOLF
1,whisper,8,2,2,Skip
1,whisper,9,3,2,Skip
1,whisper,10,3,7,Skip
1,whisper,11,3,9,Skip
1,whisper,12,4,7,Skip
1,whisper,13,4,9,Skip
1,whisper,14,4,2,Over
1,whisper,15,5,7,Over
1,whisper,16,5,2,Over
1,whisper,17,5,9,Over
1,guard,15,12,POSSESSED
1,attackVote,2,10
1,attackVote,7,3
1,attackVote,9,10
1,attack,10,true
2,status,1,VILLAGER,ALIVE,wolf1
2,status,2,WEREWOLF,ALIVE,SampleRoleAssignPlayer
2,status,3,MEDIUM,ALIVE,SampleRoleAssignPlayer
2,status,4,VILLAGER,ALIVE,SampleRoleAssignPlayer
2,status,5,VILLAGER,ALIVE,SampleRoleAssignPlayer
2,status,6,VILLAGER,ALIVE,SampleRoleAssignPlayer
2,status,7,WEREWOLF,ALIVE,SampleRoleAssignPlayer
2,status,8,VILLAGER,ALIVE,SampleRoleAssignPlayer
2,status,9,WEREWOLF,ALIVE,SampleRoleAssignPlayer
2,status,10,SEER,DEAD,SampleRoleAssignPlayer
2,status,11,VILLAGER,ALIVE,SampleRoleAssignPlayer
2,status,12,POSSESSED,DEAD,SampleRoleAssignPlayer
2,status,13,VILLAGER,ALIVE,SampleRoleAssignPlayer
2,status,14,VILLAGER,ALIVE,SampleRoleAssignPlayer
2,status,15,BODYGUARD,ALIVE,SampleRoleAssignPlayer
2,talk,0,0,7,IDENTIFIED Agent[12] WEREWOLF
2,talk,1,0,6,DISAGREE TALK day1 ID:46
2,talk,2,0,1,VOTE Agent[07]
2,talk,3,0,2,VOTE Agent[08]
2,talk,4,0,4,DISAGREE TALK day1 ID:46
2,talk,5,0,13,DISAGREE TALK day1 ID:46
2,talk,6,0,11,DISAGREE TALK day1 ID:46
2,talk,7,0,5,DISAGREE TALK day1 ID:46
2,talk,8,0,3,IDENTIFIED Agent[12] HUMAN
2,talk,9,0,14,DISAGREE TALK day1 ID:46
2,talk,10,0,15,DISAGREE TALK day1 ID:46
2,talk,11,0,8,DISAGREE TALK day1 ID:46
2,talk,12,0,9,DIVINED Agent[15] WEREWOLF
2,talk,13,1,8,ESTIMATE Agent[09] SEER
2,talk,14,1,3,DISAGREE TALK day1 ID:46
2,talk,15,1,9,VOTE Agent[15]
2,talk,16,1,1,ESTIMATE Agent[07] WEREWOLF
2,talk,17,1,11,ESTIMATE Agent[09] SEER
2,talk,18,1,4,ESTIMATE Agent[09] SEER
2,talk,19,1,13,ESTIMATE Agent[09] SEER
2,talk,20,1,7,VOTE Agent[03]
2,talk,21,1,2,REQUEST(VOTE Agent[08])
2,talk,22,1,6,ESTIMATE Agent[09] SEER
2,talk,23,1,5,ESTIMATE Agent[09] SEER
2,talk,24,1,15,AGREE TALK day1 ID:46
2,talk,25,1,14,ESTIMATE Agent[09] SEER
2,talk,26,2,13,ESTIMATE Agent[15] WEREWOLF
2,talk,27,2,11,ESTIMATE Agent[15] WEREWOLF
2,talk,28,2,8,VOTE Agent[15]
2,talk,29,2,15,ESTIMATE Agent[09] WEREWOLF
2,talk,30,2,6,ESTIMATE Agent[15] WEREWOLF
2,talk,31,2,14,VOTE Agent[15]
2,talk,32,2,7,REQUEST(VOTE Agent[03])
2,talk,33,2,5,ESTIMATE Agent[15] WEREWOLF
2,talk,34,2,1,ESTIMATE Agent[09] WEREWOLF
2,talk,35,2,9,REQUEST(VOTE Agent[15])
2,talk,36,2,4,ESTIMATE Agent[15] WEREWOLF
2,talk,37,2,2,Skip
2,talk,38,2,3,ESTIMATE Agent[09] SEER
2,talk,39,3,13,REQUEST(Agent[09] DIVINATION Agent[15])
2,talk,40,3,8,Skip
2,talk,41,3,2,Skip
2,talk,42,3,5,REQUEST(Agent[09] DIVINATION Agent[15])
2,talk,43,3,3,AGREE TALK day1 ID:49
2,talk,44,3,14,Skip
2,talk,45,3,1,ESTIMATE Agent[14] WEREWOLF
2,talk,46,3,7,Skip
2,talk,47,3,15,REQUEST(DIVINATION Agent[09])
2,talk,48,3,9,Skip
2,talk,49,3,4,REQUEST(Agent[09] DIVINATION Agent[15])
2,talk,50,3,11,REQUEST(Agent[09] DIVINATION Agent[15])
2,talk,51,3,6,REQUEST(Agent[09] DIVINATION Agent[15])
2,talk,52,4,11,VOTE Agent[15]
2,talk,53,4,8,Skip
2,talk,54,4,13,VOTE Agent[15]
2,talk,55,4,6,VOTE Agent[15]
2,talk,56,4,4,VOTE Agent[15]
2,talk,57,4,15,VOTE Agent[09]
2,talk,58,4,5,VOTE Agent[15]
2,talk,59,4,14,Skip
2,talk,60,4,7,Skip
2,talk,61,4,2,Over
2,talk,62,4,3,ESTIMATE Agent[07] WEREWOLF
2,talk,63,4,9,Skip
2,talk,64,4,1,Over
2,talk,65,5,5,Skip
2,talk,66,5,7,Over
2,talk,67,5,11,Skip
2,talk,68,5,9,Over
2,talk,69,5,4,Skip
2,talk,70,5,15,Skip
2,talk,71,5,6,Skip
2,talk,72,5,2,Over
2,talk,73,5,3,REQUEST(Agent[09] DIVINATION Agent[07])
2,talk,74,5,14,Over
2,talk,75,5,8,Over
2,talk,76,5,1,VOTE Agent[15]
2,talk,77,5,13,Skip
2,talk,78,6,15,Skip
2,talk,79,6,1,Over
2,talk,80,6,2,Over
2,talk,81,6,6,Skip
2,talk,82,6,14,Over
2,talk,83,6,7,Over
2,talk,84,6,5,Skip
2,talk,85,6,13,Skip
2,talk,86,6,9,Over
2,talk,87,6,8,Over
2,talk,88,6,11,Skip
2,talk,89,6,4,Skip
2,talk,90,6,3,VOTE Agent[07]
2,talk,91,7,13,Over
2,talk,92,7,6,Over
2,talk,93,7,5,Over
2,talk,94,7,2,Over
2,talk,95,7,8,Over
2,talk,96,7,4,Over
2,talk,97,7,7,Over
2,talk,98,7,14,Over
2,talk,99,7,3,Skip
2,talk,100,7,15,Over
2,talk,101,7,1,Over
2,talk,102,7,11,Over
2,talk,103,7,9,Over
2,talk,104,8,4,Over
2,talk,105,8,3,Skip
2,talk,106,8,1,Over
2,talk,107,8,9,Over
2,talk,108,8,5,Over
2,talk,109,8,2,Over
2,talk,110,8,11,Over
2,talk,111,8,14,Over
2,talk,112,8,13,Over
2,talk,113,8,7,Over
2,talk,114,8,6,Over
2,talk,115,8,15,Over
2,talk,116,8,8,Over
2,talk,117,9,13,Over
2,talk,118,9,4,Over
2,talk,119,9,7,Over
2,talk,120,9,8,Over
2,talk,121,9,15,Over
2,talk,122,9,11,Over
2,talk,123,9,14,Over
2,talk,124,9,6,Over
2,talk,125,9,1,Over
2,talk,126,9,3,Over
2,talk,127,9,9,Over
2,talk,128,9,5,Over
2,talk,129,9,2,Over
2,vote,1,15
2,vote,2,8
2,vote,3,7
2,vote,4,15
2,vote,5,15
2,vote,6,15
2,vote,7,3
2,vote,8,15
2,vote,9,15
2,vote,11,15
2,vote,13,15
2,vote,14,15
2,vote,15,9
2,execute,15,BODYGUARD
2,whisper,0,0,2,ATTACK Agent[03]
2,whisper,1,0,7,ATTACK Agent[03]
2,whisper,2,0,9,ATTACK Agent[03]
2,whisper,3,1,2,REQUEST(ATTACK Agent[03])
2,whisper,4,1,9,REQUEST(ATTACK Agent[03])
2,whisper,5,1,7,REQUEST(ATTACK Agent[03])
2,whisper,6,2,7,IDENTIFIED Agent[15] HUMAN
2,whisper,7,2,9,DIVINED Agent[03] WEREWOLF
2,whisper,8,2,2,Skip
2,whisper,9,3,2,Skip
2,whisper,10,3,9,Skip
2,whisper,11,3,7,Skip
2,whisper,12,4,9,Skip
2,whisper,13,4,7,Skip
2,whisper,14,4,2,Over
2,whisper,15,5,2,Over
2,whisper,16,5,9,Over
2,whisper,17,5,7,Over
2,attackVote,2,3
2,attackVote,7,3
2,attackVote,9,3
2,attack,3,true
3,status,1,VILLAGER,ALIVE,wolf1
3,status,2,WEREWOLF,ALIVE,SampleRoleAssignPlayer
3,status,3,MEDIUM,DEAD,SampleRoleAssignPlayer
3,status,4,VILLAGER,ALIVE,SampleRoleAssignPlayer
3,status,5,VILLAGER,ALIVE,SampleRoleAssignPlayer
3,status,6,VILLAGER,ALIVE,SampleRoleAssignPlayer
3,status,7,WEREWOLF,ALIVE,SampleRoleAssignPlayer
3,status,8,VILLAGER,ALIVE,SampleRoleAssignPlayer
3,status,9,WEREWOLF,ALIVE,SampleRoleAssignPlayer
3,status,10,SEER,DEAD,SampleRoleAssignPlayer
3,status,11,VILLAGER,ALIVE,SampleRoleAssignPlayer
3,status,12,POSSESSED,DEAD,SampleRoleAssignPlayer
3,status,13,VILLAGER,ALIVE,SampleRoleAssignPlayer
3,status,14,VILLAGER,ALIVE,SampleRoleAssignPlayer
3,status,15,BODYGUARD,DEAD,SampleRoleAssignPlayer
3,talk,0,0,5,VOTE Agent[14]
3,talk,1,0,6,VOTE Agent[13]
3,talk,2,0,2,VOTE Agent[08]
3,talk,3,0,4,VOTE Agent[08]
3,talk,4,0,1,VOTE Agent[07]
3,talk,5,0,9,DIVINED Agent[03] WEREWOLF
3,talk,6,0,7,IDENTIFIED Agent[15] HUMAN
3,talk,7,0,8,VOTE Agent[13]
3,talk,8,0,11,VOTE Agent[14]
3,talk,9,0,13,VOTE Agent[08]
3,talk,10,0,14,VOTE Agent[13]
3,talk,11,1,8,AGREE TALK day1 ID:46
3,talk,12,1,4,AGREE TALK day1 ID:46
3,talk,13,1,2,REQUEST(VOTE Agent[08])
3,talk,14,1,11,AGREE TALK day1 ID:46
3,talk,15,1,6,AGREE TALK day1 ID:46
3,talk,16,1,1,ESTIMATE Agent[09] WEREWOLF
3,talk,17,1,5,AGREE TALK day1 ID:46
3,talk,18,1,14,AGREE TALK day1 ID:46
3,talk,19,1,13,AGREE TALK day1 ID:46
3,talk,20,1,7,VOTE Agent[06]
3,talk,21,1,9,VOTE Agent[06]
3,talk,22,2,1,ESTIMATE Agent[07] WEREWOLF
3,talk,23,2,9,REQUEST(VOTE Agent[06])
3,talk,24,2,14,DISAGREE TALK day2 ID:13
3,talk,25,2,6,DISAGREE TALK day2 ID:13
3,talk,26,2,2,Skip
3,talk,27,2,4,DISAGREE TALK day2 ID:13
3,talk,28,2,8,DISAGREE TALK day2 ID:13
3,talk,29,2,13,DISAGREE TALK day2 ID:13
3,talk,30,2,11,DISAGREE TALK day2 ID:13
3,talk,31,2,5,DISAGREE TALK day2 ID:13
3,talk,32,2,7,REQUEST(VOTE Agent[06])
3,talk,33,3,8,DISAGREE TALK day2 ID:17
3,talk,34,3,1,ESTIMATE Agent[10] WEREWOLF
3,talk,35,3,9,Skip
3,talk,36,3,4,DISAGREE TALK day2 ID:17
3,talk,37,3,14,DISAGREE TALK day2 ID:17
3,talk,38,3,13,DISAGREE TALK day2 ID:17
3,talk,39,3,2,Skip
3,talk,40,3,7,Skip
3,talk,41,3,5,DISAGREE TALK day2 ID:17
3,talk,42,3,6,DISAGREE TALK day2 ID:17
3,talk,43,3,11,DISAGREE TALK day2 ID:17
3,talk,44,4,4,DISAGREE TALK day2 ID:18
3,talk,45,4,5,DISAGREE TALK day2 ID:18
3,talk,46,4,14,DISAGREE TALK day2 ID:18
3,talk,47,4,1,VOTE Agent[09]
3,talk,48,4,13,DISAGREE TALK day2 ID:18
3,talk,49,4,7,Skip
3,talk,50,4,9,Skip
3,talk,51,4,11,DISAGREE TALK day2 ID:18
3,talk,52,4,8,DISAGREE TALK day2 ID:18
3,talk,53,4,2,Over
3,talk,54,4,6,DISAGREE TALK day2 ID:18
3,talk,55,5,4,DISAGREE TALK day2 ID:19
3,talk,56,5,11,DISAGREE TALK day2 ID:19
3,talk,57,5,1,ESTIMATE Agent[14] WEREWOLF
3,talk,58,5,13,DISAGREE TALK day2 ID:19
3,talk,59,5,5,DISAGREE TALK day2 ID:19
3,talk,60,5,6,DISAGREE TALK day2 ID:19
3,talk,61,5,14,DISAGREE TALK day2 ID:19
3,talk,62,5,8,DISAGREE TALK day2 ID:19
3,talk,63,5,9,Over
3,talk,64,5,7,Over
3,talk,65,5,2,Over
3,talk,66,6,1,Over
3,talk,67,6,13,DISAGREE TALK day2 ID:22
3,talk,68,6,7,Over
3,talk,69,6,14,DISAGREE TALK day2 ID:22
3,talk,70,6,8,DISAGREE TALK day2 ID:22
3,talk,71,6,4,DISAGREE TALK day2 ID:22
3,talk,72,6,9,Over
3,talk,73,6,5,DISAGREE TALK day2 ID:22
3,talk,74,6,11,DISAGREE TALK day2 ID:22
3,talk,75,6,6,DISAGREE TALK day2 ID:22
3,talk,76,6,2,Over
3,talk,77,7,11,DISAGREE TALK day2 ID:23
3,talk,78,7,2,Over
3,talk,79,7,6,DISAGREE TALK day2 ID:23
3,talk,80,7,7,Over
3,talk,81,7,4,DISAGREE TALK day2 ID:23
3,talk,82,7,14,DISAGREE TALK day2 ID:23
3,talk,83,7,1,Over
3,talk,84,7,9,Over
3,talk,85,7,8,DISAGREE TALK day2 ID:23
3,talk,86,7,13,DISAGREE TALK day2 ID:23
3,talk,87,7,5,DISAGREE TALK day2 ID:23
3,talk,88,8,9,Over
3,talk,89,8,6,DISAGREE TALK day2 ID:25
3,talk,90,8,2,Over
3,talk,91,8,4,DISAGREE TALK day2 ID:25
3,talk,92,8,14,DISAGREE TALK day2 ID:25
3,talk,93,8,1,Over
3,talk,94,8,7,Over
3,talk,95,8,11,DISAGREE TALK day2 ID:25
3,talk,96,8,13,DISAGREE TALK day2 ID:25
3,talk,97,8,5,DISAGREE TALK day2 ID:25
3,talk,98,8,8,DISAGREE TALK day2 ID:25
3,talk,99,9,6,AGREE TALK day2 ID:29
3,talk,100,9,9,Over
3,talk,101,9,11,AGREE TALK day2 ID:29
3,talk,102,9,8,AGREE TALK day2 ID:29
3,talk,103,9,14,AGREE TALK day2 ID:29
3,talk,104,9,7,Over
3,talk,105,9,5,AGREE TALK day2 ID:29
3,talk,106,9,2,Over
3,talk,107,9,1,Over
3,talk,108,9,4,AGREE TALK day2 ID:29
3,talk,109,9,13,AGREE TALK day2 ID:29
3,talk,110,10,4,Over
3,talk,111,10,9,Over
3,talk,112,10,7,Over
3,talk,113,10,14,Over
3,talk,114,10,6,Over
3,talk,115,10,13,Over
3,talk,116,10,2,Over
3,talk,117,10,11,Over
3,talk,118,10,5,Over
3,talk,119,10,1,Over
3,talk,120,10,8,Over
3,vote,1,9
3,vote,2,8
3,vote,4,9
3,vote,5,9
3,vote,6,9
3,vote,7,6
3,vote,8,9
3,vote,9,6
3,vote,11,9
3,vote,13,9
3,vote,14,9
3,execute,9,WEREWOLF
3,whisper,0,0,7,ATTACK Agent[14]
3,whisper,1,0,2,ATTACK Agent[13]
3,whisper,2,1,2,REQUEST(ATTACK Agent[13])
3,whisper,3,1,7,REQUEST(ATTACK Agent[14])
3,whisper,4,2,7,IDENTIFIED Agent[09] HUMAN
3,whisper,5,2,2,Skip
3,whisper,6,3,7,Skip
3,whisper,7,3,2,Skip
3,whisper,8,4,7,Skip
3,whisper,9,4,2,Over
3,whisper,10,5,7,Over
3,whisper,11,5,2,Over
3,attackVote,2,13
3,attackVote,7,14
3,attackVote,2,13
3,attackVote,7,14
3,attack,14,true
4,status,1,VILLAGER,ALIVE,wolf1
4,status,2,WEREWOLF,ALIVE,SampleRoleAssignPlayer
4,status,3,MEDIUM,DEAD,SampleRoleAssignPlayer
4,status,4,VILLAGER,ALIVE,SampleRoleAssignPlayer
4,status,5,VILLAGER,ALIVE,SampleRoleAssignPlayer
4,status,6,VILLAGER,ALIVE,SampleRoleAssignPlayer
4,status,7,WEREWOLF,ALIVE,SampleRoleAssignPlayer
4,status,8,VILLAGER,ALIVE,SampleRoleAssignPlayer
4,status,9,WEREWOLF,DEAD,SampleRoleAssignPlayer
4,status,10,SEER,DEAD,SampleRoleAssignPlayer
4,status,11,VILLAGER,ALIVE,SampleRoleAssignPlayer
4,status,12,POSSESSED,DEAD,SampleRoleAssignPlayer
4,status,13,VILLAGER,ALIVE,SampleRoleAssignPlayer
4,status,14,VILLAGER,DEAD,SampleRoleAssignPlayer
4,status,15,BODYGUARD,DEAD,SampleRoleAssignPlayer
4,talk,0,0,2,VOTE Agent[13]
4,talk,1,0,6,VOTE Agent[13]
4,talk,2,0,5,VOTE Agent[04]
4,talk,3,0,7,IDENTIFIED Agent[09] HUMAN
4,talk,4,0,1,VOTE Agent[07]
4,talk,5,0,8,VOTE Agent[13]
4,talk,6,0,11,VOTE Agent[04]
4,talk,7,0,13,VOTE Agent[05]
4,talk,8,0,4,VOTE Agent[06]
4,talk,9,1,6,Skip
4,talk,10,1,2,REQUEST(VOTE Agent[13])
4,talk,11,1,4,Skip
4,talk,12,1,8,Skip
4,talk,13,1,7,VOTE Agent[05]
4,talk,14,1,5,Skip
4,talk,15,1,13,Skip
4,talk,16,1,1,ESTIMATE Agent[07] WEREWOLF
4,talk,17,1,11,Skip
4,talk,18,2,4,Skip
4,talk,19,2,1,ESTIMATE Agent[10] WEREWOLF
4,talk,20,2,6,Skip
4,talk,21,2,11,Skip
4,talk,22,2,8,Skip
4,talk,23,2,5,Skip
4,talk,24,2,13,Skip
4,talk,25,2,7,REQUEST(VOTE Agent[05])
4,talk,26,2,2,Skip
4,talk,27,3,7,Skip
4,talk,28,3,2,Skip
4,talk,29,3,5,Over
4,talk,30,3,4,Over
4,talk,31,3,8,Over
4,talk,32,3,11,Over
4,talk,33,3,6,Over
4,talk,34,3,13,Over
4,talk,35,3,1,ESTIMATE Agent[14] WEREWOLF
4,talk,36,4,2,Over
4,talk,37,4,6,Over
4,talk,38,4,7,Skip
4,talk,39,4,1,Over
4,talk,40,4,13,Over
4,talk,41,4,8,Over
4,talk,42,4,11,Over
4,talk,43,4,5,Over
4,talk,44,4,4,Over
4,talk,45,5,7,Over
4,talk,46,5,1,Over
4,talk,47,5,6,Over
4,talk,48,5,11,Over
4,talk,49,5,2,Over
4,talk,50,5,13,Over
4,talk,51,5,8,Over
4,talk,52,5,5,Over
4,talk,53,5,4,Over
4,vote,1,7
4,vote,2,13
4,vote,4,6
4,vote,5,4
4,vote,6,13
4,vote,7,5
4,vote,8,13
4,vote,11,4
4,vote,13,5
4,execute,13,VILLAGER
4,whisper,0,0,2,ATTACK Agent[06]
4,whisper,1,0,7,ATTACK Agent[04]
4,whisper,2,1,7,REQUEST(ATTACK Agent[04])
4,whisper,3,1,2,REQUEST(ATTACK Agent[06])
4,whisper,4,2,7,IDENTIFIED Agent[13] HUMAN
4,whisper,5,2,2,Skip
4,whisper,6,3,2,Skip
4,whisper,7,3,7,Skip
4,whisper,8,4,2,Over
4,whisper,9,4,7,Skip
4,whisper,10,5,2,Over
4,whisper,11,5,7,Over
4,attackVote,2,6
4,attackVote,7,4
4,attackVote,2,6
4,attackVote,7,4
4,attack,6,true
5,status,1,VILLAGER,ALIVE,wolf1
5,status,2,WEREWOLF,ALIVE,SampleRoleAssignPlayer
5,status,3,MEDIUM,DEAD,SampleRoleAssignPlayer
5,status,4,VILLAGER,ALIVE,SampleRoleAssignPlayer
5,status,5,VILLAGER,ALIVE,SampleRoleAssignPlayer
5,status,6,VILLAGER,DEAD,SampleRoleAssignPlayer
5,status,7,WEREWOLF,ALIVE,SampleRoleAssignPlayer
5,status,8,VILLAGER,ALIVE,SampleRoleAssignPlayer
5,status,9,WEREWOLF,DEAD,SampleRoleAssignPlayer
5,status,10,SEER,DEAD,SampleRoleAssignPlayer
5,status,11,VILLAGER,ALIVE,SampleRoleAssignPlayer
5,status,12,POSSESSED,DEAD,SampleRoleAssignPlayer
5,status,13,VILLAGER,DEAD,SampleRoleAssignPlayer
5,status,14,VILLAGER,DEAD,SampleRoleAssignPlayer
5,status,15,BODYGUARD,DEAD,SampleRoleAssignPlayer
5,talk,0,0,5,VOTE Agent[02]
5,talk,1,0,1,VOTE Agent[07]
5,talk,2,0,8,VOTE Agent[02]
5,talk,3,0,2,VOTE Agent[04]
5,talk,4,0,11,VOTE Agent[05]
5,talk,5,0,7,IDENTIFIED Agent[13] HUMAN
5,talk,6,0,4,VOTE Agent[05]
5,talk,7,1,7,VOTE Agent[04]
5,talk,8,1,5,Skip
5,talk,9,1,2,REQUEST(VOTE Agent[04])
5,talk,10,1,11,Skip
5,talk,11,1,4,Skip
5,talk,12,1,1,ESTIMATE Agent[07] WEREWOLF
5,talk,13,1,8,Skip
5,talk,14,2,7,REQUEST(VOTE Agent[04])
5,talk,15,2,2,Skip
5,talk,16,2,4,Skip
5,talk,17,2,5,Skip
5,talk,18,2,8,Skip
5,talk,19,2,11,Skip
5,talk,20,2,1,ESTIMATE Agent[10] WEREWOLF
5,talk,21,3,7,Skip
5,talk,22,3,4,Over
5,talk,23,3,2,Skip
5,talk,24,3,1,ESTIMATE Agent[14] WEREWOLF
5,talk,25,3,8,Over
5,talk,26,3,5,Over
5,talk,27,3,11,Over
5,talk,28,4,1,Over
5,talk,29,4,2,Over
5,talk,30,4,5,Over
5,talk,31,4,8,Over
5,talk,32,4,7,Skip
5,talk,33,4,4,Over
5,talk,34,4,11,Over
5,talk,35,5,11,Over
5,talk,36,5,5,Over
5,talk,37,5,8,Over
5,talk,38,5,7,Over
5,talk,39,5,2,Over
5,talk,40,5,1,Over
5,talk,41,5,4,Over
5,vote,1,7
5,vote,2,4
5,vote,4,5
5,vote,5,2
5,vote,7,4
5,vote,8,2
5,vote,11,5
5,vote,1,7
5,vote,2,4
5,vote,4,5
5,vote,5,2
5,vote,7,4
5,vote,8,2
5,vote,11,5
5,execute,5,VILLAGER
5,whisper,0,0,7,ATTACK Agent[11]
5,whisper,1,0,2,ATTACK Agent[08]
5,whisper,2,1,7,REQUEST(ATTACK Agent[11])
5,whisper,3,1,2,REQUEST(ATTACK Agent[08])
5,whisper,4,2,7,IDENTIFIED Agent[05] WEREWOLF
5,whisper,5,2,2,Skip
5,whisper,6,3,2,Skip
5,whisper,7,3,7,Skip
5,whisper,8,4,7,Skip
5,whisper,9,4,2,Over
5,whisper,10,5,2,Over
5,whisper,11,5,7,Over
5,attackVote,2,8
5,attackVote,7,11
5,attackVote,2,8
5,attackVote,7,11
5,attack,8,true
6,status,1,VILLAGER,ALIVE,wolf1
6,status,2,WEREWOLF,ALIVE,SampleRoleAssignPlayer
6,status,3,MEDIUM,DEAD,SampleRoleAssignPlayer
6,status,4,VILLAGER,ALIVE,SampleRoleAssignPlayer
6,status,5,VILLAGER,DEAD,SampleRoleAssignPlayer
6,status,6,VILLAGER,DEAD,SampleRoleAssignPlayer
6,status,7,WEREWOLF,ALIVE,SampleRoleAssignPlayer
6,status,8,VILLAGER,DEAD,SampleRoleAssignPlayer
6,status,9,WEREWOLF,DEAD,SampleRoleAssignPlayer
6,status,10,SEER,DEAD,SampleRoleAssignPlayer
6,status,11,VILLAGER,ALIVE,SampleRoleAssignPlayer
6,status,12,POSSESSED,DEAD,SampleRoleAssignPlayer
6,status,13,VILLAGER,DEAD,SampleRoleAssignPlayer
6,status,14,VILLAGER,DEAD,SampleRoleAssignPlayer
6,status,15,BODYGUARD,DEAD,SampleRoleAssignPlayer
6,talk,0,0,7,IDENTIFIED Agent[05] WEREWOLF
6,talk,1,0,1,VOTE Agent[07]
6,talk,2,0,11,VOTE Agent[07]
6,talk,3,0,2,VOTE Agent[11]
6,talk,4,0,4,VOTE Agent[01]
6,talk,5,1,2,REQUEST(VOTE Agent[11])
6,talk,6,1,11,Skip
6,talk,7,1,7,VOTE Agent[04]
6,talk,8,1,1,ESTIMATE Agent[07] WEREWOLF
6,talk,9,1,4,Skip
6,talk,10,2,11,Skip
6,talk,11,2,1,ESTIMATE Agent[10] WEREWOLF
6,talk,12,2,4,Skip
6,talk,13,2,7,REQUEST(VOTE Agent[04])
6,talk,14,2,2,Skip
6,talk,15,3,7,Skip
6,talk,16,3,4,Over
6,talk,17,3,1,ESTIMATE Agent[14] WEREWOLF
6,talk,18,3,2,Skip
6,talk,19,3,11,Over
6,talk,20,4,11,Over
6,talk,21,4,2,Over
6,talk,22,4,7,Skip
6,talk,23,4,1,Over
6,talk,24,4,4,Over
6,talk,25,5,1,Over
6,talk,26,5,2,Over
6,talk,27,5,7,Over
6,talk,28,5,4,Over
6,talk,29,5,11,Over
6,vote,1,7
6,vote,2,11
6,vote,4,1
6,vote,7,4
6,vote,11,7
6,execute,7,WEREWOLF
7,status,1,VILLAGER,ALIVE,wolf1
7,status,2,WEREWOLF,ALIVE,SampleRoleAssignPlayer
7,status,3,MEDIUM,DEAD,SampleRoleAssignPlayer
7,status,4,VILLAGER,ALIVE,SampleRoleAssignPlayer
7,status,5,VILLAGER,DEAD,SampleRoleAssignPlayer
7,status,6,VILLAGER,DEAD,SampleRoleAssignPlayer
7,status,7,WEREWOLF,DEAD,SampleRoleAssignPlayer
7,status,8,VILLAGER,DEAD,SampleRoleAssignPlayer
7,status,9,WEREWOLF,DEAD,SampleRoleAssignPlayer
7,status,10,SEER,DEAD,SampleRoleAssignPlayer
7,status,11,VILLAGER,ALIVE,SampleRoleAssignPlayer
7,status,12,POSSESSED,DEAD,SampleRoleAssignPlayer
7,status,13,VILLAGER,DEAD,SampleRoleAssignPlayer
7,status,14,VILLAGER,DEAD,SampleRoleAssignPlayer
7,status,15,BODYGUARD,DEAD,SampleRoleAssignPlayer
7,talk,0,0,4,VOTE Agent[02]
7,talk,1,0,2,VOTE Agent[11]
7,talk,2,0,11,VOTE Agent[02]
7,talk,3,0,1,ESTIMATE Agent[02] WEREWOLF
7,talk,4,1,2,REQUEST(VOTE Agent[11])
7,talk,5,1,4,Skip
7,talk,6,1,1,ESTIMATE Agent[07] WEREWOLF
7,talk,7,1,11,Skip
7,talk,8,2,1,ESTIMATE Agent[09] WEREWOLF
7,talk,9,2,4,Skip
7,talk,10,2,11,Skip
7,talk,11,2,2,Skip
7,talk,12,3,4,Over
7,talk,13,3,1,Over
7,talk,14,3,11,Over
7,talk,15,3,2,Skip
7,talk,16,4,1,Over
7,talk,17,4,2,Over
7,talk,18,4,4,Over
7,talk,19,4,11,Over
7,vote,1,2
7,vote,2,11
7,vote,4,2
7,vote,11,2
7,execute,2,WEREWOLF
7,attack,4,true
8,status,1,VILLAGER,ALIVE,wolf1
8,status,2,WEREWOLF,DEAD,SampleRoleAssignPlayer
8,status,3,MEDIUM,DEAD,SampleRoleAssignPlayer
8,status,4,VILLAGER,DEAD,SampleRoleAssignPlayer
8,status,5,VILLAGER,DEAD,SampleRoleAssignPlayer
8,status,6,VILLAGER,DEAD,SampleRoleAssignPlayer
8,status,7,WEREWOLF,DEAD,SampleRoleAssignPlayer
8,status,8,VILLAGER,DEAD,SampleRoleAssignPlayer
8,status,9,WEREWOLF,DEAD,SampleRoleAssignPlayer
8,status,10,SEER,DEAD,SampleRoleAssignPlayer
8,status,11,VILLAGER,ALIVE,SampleRoleAssignPlayer
8,status,12,POSSESSED,DEAD,SampleRoleAssignPlayer
8,status,13,VILLAGER,DEAD,SampleRoleAssignPlayer
8,status,14,VILLAGER,DEAD,SampleRoleAssignPlayer
8,status,15,BODYGUARD,DEAD,SampleRoleAssignPlayer
8,result,2,0,VILLAGER
