0,status,1,POSSESSED,ALIVE,wolf1
0,status,2,VILLAGER,ALIVE,SampleRoleAssignPlayer
0,status,3,VILLAGER,ALIVE,SampleRoleAssignPlayer
0,status,4,VILLAGER,ALIVE,SampleRoleAssignPlayer
0,status,5,WEREWOLF,ALIVE,SampleRoleAssignPlayer
0,status,6,BODYGUARD,ALIVE,SampleRoleAssignPlayer
0,status,7,SEER,ALIVE,SampleRoleAssignPlayer
0,status,8,VILLAGER,ALIVE,SampleRoleAssignPlayer
0,status,9,WEREWOLF,ALIVE,SampleRoleAssignPlayer
0,status,10,VILLAGER,ALIVE,SampleRoleAssignPlayer
0,status,11,MEDIUM,ALIVE,SampleRoleAssignPlayer
0,status,12,WEREWOLF,ALIVE,SampleRoleAssignPlayer
0,status,13,VILLAGER,ALIVE,SampleRoleAssignPlayer
0,status,14,VILLAGER,ALIVE,SampleRoleAssignPlayer
0,status,15,VILLAGER,ALIVE,SampleRoleAssignPlayer
0,whisper,0,0,9,COMINGOUT Agent[09] MEDIUM
0,whisper,1,0,5,COMINGOUT Agent[05] MEDIUM
0,whisper,2,0,12,COMINGOUT Agent[12] VILLAGER
0,whisper,3,1,12,COMINGOUT Agent[12] SEER
0,whisper,4,1,5,Skip
0,whisper,5,1,9,COMINGOUT Agent[09] VILLAGER
0,whisper,6,2,5,Skip
0,whisper,7,2,12,DIVINED Agent[05] HUMAN
0,whisper,8,2,9,Skip
0,whisper,9,3,9,Skip
0,whisper,10,3,12,Skip
0,whisper,11,3,5,Over
0,whisper,12,4,5,Over
0,whisper,13,4,9,Over
0,whisper,14,4,12,Skip
0,whisper,15,5,12,Over
0,whisper,16,5,9,Over
0,whisper,17,5,5,Over
0,divine,7,1,HUMAN
1,status,1,POSSESSED,ALIVE,wolf1
1,status,2,VILLAGER,ALIVE,SampleRoleAssignPlayer
1,status,3,VILLAGER,ALIVE,SampleRoleAssignPlayer
1,status,4,VILLAGER,ALIVE,SampleRoleAssignPlayer
1,status,5,WEREWOLF,ALIVE,SampleRoleAssignPlayer
1,status,6,BODYGUARD,ALIVE,SampleRoleAssignPlayer
1,status,7,SEER,ALIVE,SampleRoleAssignPlayer
1,status,8,VILLAGER,ALIVE,SampleRoleAssignPlayer
1,status,9,WEREWOLF,ALIVE,SampleRoleAssignPlayer
1,status,10,VILLAGER,ALIVE,SampleRoleAssignPlayer
1,status,11,MEDIUM,ALIVE,SampleRoleAssignPlayer
1,status,12,WEREWOLF,ALIVE,SampleRoleAssignPlayer
1,status,13,VILLAGER,ALIVE,SampleRoleAssignPlayer
1,status,14,VILLAGER,ALIVE,SampleRoleAssignPlayer
1,status,15,VILLAGER,ALIVE,SampleRoleAssignPlayer
1,talk,0,0,15,VOTE Agent[12]
1,talk,1,0,5,VOTE Agent[15]
1,talk,2,0,8,VOTE Agent[04]
1,talk,3,0,11,VOTE Agent[04]
1,talk,4,0,3,VOTE Agent[01]
1,talk,5,0,7,VOTE Agent[12]
1,talk,6,0,9,VOTE Agent[15]
1,talk,7,0,4,VOTE Agent[02]
1,talk,8,0,6,VOTE Agent[04]
1,talk,9,0,1,COMINGOUT Agent[01] SEER
1,talk,10,0,10,VOTE Agent[07]
1,talk,11,0,12,VOTE Agent[01]
1,talk,12,0,14,VOTE Agent[04]
1,talk,13,0,13,VOTE Agent[11]
1,talk,14,0,2,VOTE Agent[07]
1,talk,15,1,15,Skip
1,talk,16,1,8,Skip
1,talk,17,1,10,Skip
1,talk,18,1,2,Skip
1,talk,19,1,6,Skip
1,talk,20,1,7,COMINGOUT Agent[07] SEER
1,talk,21,1,9,REQUEST(VOTE Agent[15])
1,talk,22,1,5,REQUEST(VOTE Agent[15])
1,talk,23,1,3,Skip
1,talk,24,1,13,Skip
1,talk,25,1,4,Skip
1,talk,26,1,1,DIVINED Agent[07] HUMAN
1,talk,27,1,12,REQUEST(VOTE Agent[01])
1,talk,28,1,11,Skip
1,talk,29,1,14,Skip
1,talk,30,2,14,ESTIMATE Agent[01] SEER
1,talk,31,2,6,ESTIMATE Agent[01] SEER
1,talk,32,2,5,Skip
1,talk,33,2,3,ESTIMATE Agent[01] SEER
1,talk,34,2,8,ESTIMATE Agent[01] SEER
1,talk,35,2,15,ESTIMATE Agent[01] SEER
1,talk,36,2,7,DIVINED Agent[01] HUMAN
1,talk,37,2,9,Skip
1,talk,38,2,2,ESTIMATE Agent[01] SEER
1,talk,39,2,12,COMINGOUT Agent[12] SEER
1,talk,40,2,13,ESTIMATE Agent[01] SEER
1,talk,41,2,4,ESTIMATE Agent[01] SEER
1,talk,42,2,11,ESTIMATE Agent[01] SEER
1,talk,43,2,1,VOTE Agent[12]
1,talk,44,2,10,ESTIMATE Agent[01] SEER
1,talk,45,3,8,Skip
1,talk,46,3,7,Skip
1,talk,47,3,11,Skip
1,talk,48,3,9,Skip
1,talk,49,3,14,Skip
1,talk,50,3,4,Skip
1,talk,51,3,13,Skip
1,talk,52,3,1,ESTIMATE Agent[04] WEREWOLF
1,talk,53,3,10,Skip
1,talk,54,3,3,Skip
1,talk,55,3,5,Skip
1,talk,56,3,15,Skip
1,talk,57,3,12,DIVINED Agent[05] HUMAN
1,talk,58,3,6,Skip
1,talk,59,3,2,Skip
1,talk,60,4,15,Skip
1,talk,61,4,11,Skip
1,talk,62,4,2,Skip
1,talk,63,4,13,Skip
1,talk,64,4,14,Skip
1,talk,65,4,12,Skip
1,talk,66,4,4,Skip
1,talk,67,4,5,Over
1,talk,68,4,3,Skip
1,talk,69,4,1,ESTIMATE Agent[06] WEREWOLF
1,talk,70,4,7,Skip
1,talk,71,4,8,Skip
1,talk,72,4,6,Skip
1,talk,73,4,10,Skip
1,talk,74,4,9,Over
1,talk,75,5,6,Over
1,talk,76,5,7,Over
1,talk,77,5,13,Over
1,talk,78,5,12,Skip
1,talk,79,5,10,Over
1,talk,80,5,1,ESTIMATE Agent[12] WEREWOLF
1,talk,81,5,2,Over
1,talk,82,5,14,Over
1,talk,83,5,4,Over
1,talk,84,5,15,Over
1,talk,85,5,5,Over
1,talk,86,5,3,Over
1,talk,87,5,8,Over
1,talk,88,5,11,Over
1,talk,89,5,9,Over
1,talk,90,6,12,Over
1,talk,91,6,13,Over
1,talk,92,6,15,Over
1,talk,93,6,9,Over
1,talk,94,6,6,Over
1,talk,95,6,3,Over
1,talk,96,6,2,Over
1,talk,97,6,4,Over
1,talk,98,6,7,Over
1,talk,99,6,8,Over
1,talk,100,6,11,Over
1,talk,101,6,10,Over
1,talk,102,6,5,Over
1,talk,103,6,14,Over
1,talk,104,6,1,VOTE Agent[04]
1,talk,105,7,11,Over
1,talk,106,7,12,Over
1,talk,107,7,4,Over
1,talk,108,7,10,Over
1,talk,109,7,3,Over
1,talk,110,7,8,Over
1,talk,111,7,13,Over
1,talk,112,7,1,Over
1,talk,113,7,7,Over
1,talk,114,7,5,Over
1,talk,115,7,9,Over
1,talk,116,7,15,Over
1,talk,117,7,14,Over
1,talk,118,7,6,Over
1,talk,119,7,2,Over
1,vote,1,4
1,vote,2,7
1,vote,3,1
1,vote,4,2
1,vote,5,15
1,vote,6,4
1,vote,7,12
1,vote,8,4
1,vote,9,15
1,vote,10,7
1,vote,11,4
1,vote,12,1
1,vote,13,11
1,vote,14,4
1,vote,15,12
1,execute,4,VILLAGER
1,divine,7,12,WEREWOLF
1,whisper,0,0,12,ATTACK Agent[01]
1,whisper,1,0,5,ATTACK Agent[07]
1,whisper,2,0,9,ATTACK Agent[01]
1,whisper,3,1,5,REQUEST(ATTACK Agent[07])
1,whisper,4,1,9,REQUEST(ATTACK Agent[01])
1,whisper,5,1,12,REQUEST(ATTACK Agent[01])
1,whisper,6,2,5,IDENTIFIED Agent[04] WEREWOLF
1,whisper,7,2,12,DIVINED Agent[06] WEREWOLF
1,whisper,8,2,9,Skip
1,whisper,9,3,12,Skip
1,whisper,10,3,5,Skip
1,whisper,11,3,9,Skip
1,whisper,12,4,9,Over
1,whisper,13,4,12,Skip
1,whisper,14,4,5,Skip
1,whisper,15,5,9,Over
1,whisper,16,5,5,Over
1,whisper,17,5,12,Over
1,guard,6,1,POSSESSED
1,attackVote,5,7
1,attackVote,9,1
1,attackVote,12,1
1,attack,1,false
2,status,1,POSSESSED,ALIVE,wolf1
2,status,2,VILLAGER,ALIVE,SampleRoleAssignPlayer
2,status,3,VILLAGER,ALIVE,SampleRoleAssignPlayer
2,status,4,VILLAGER,DEAD,SampleRoleAssignPlayer
2,status,5,WEREWOLF,ALIVE,SampleRoleAssignPlayer
2,status,6,BODYGUARD,ALIVE,SampleRoleAssignPlayer
2,status,7,SEER,ALIVE,SampleRoleAssignPlayer
2,status,8,VILLAGER,ALIVE,SampleRoleAssignPlayer
2,status,9,WEREWOLF,ALIVE,SampleRoleAssignPlayer
2,status,10,VILLAGER,ALIVE,SampleRoleAssignPlayer
2,status,11,MEDIUM,ALIVE,SampleRoleAssignPlayer
2,status,12,WEREWOLF,ALIVE,SampleRoleAssignPlayer
2,status,13,VILLAGER,ALIVE,SampleRoleAssignPlayer
2,status,14,VILLAGER,ALIVE,SampleRoleAssignPlayer
2,status,15,VILLAGER,ALIVE,SampleRoleAssignPlayer
2,talk,0,0,12,DIVINED Agent[06] WEREWOLF
2,talk,1,0,14,VOTE Agent[07]
2,talk,2,0,15,VOTE Agent[13]
2,talk,3,0,5,VOTE Agent[13]
2,talk,4,0,9,VOTE Agent[11]
2,talk,5,0,3,VOTE Agent[08]
2,talk,6,0,7,DIVINED Agent[12] WEREWOLF
2,talk,7,0,13,VOTE Agent[10]
2,talk,8,0,11,VOTE Agent[06]
2,talk,9,0,10,VOTE Agent[01]
2,talk,10,0,8,VOTE Agent[05]
2,talk,11,0,1,DIVINED Agent[04] HUMAN
2,talk,12,0,2,VOTE Agent[14]
2,talk,13,0,6,VOTE Agent[05]
2,talk,14,1,11,Skip
2,talk,15,1,12,VOTE Agent[06]
2,talk,16,1,13,AGREE TALK day1 ID:69
2,talk,17,1,14,AGREE TALK day1 ID:69
2,talk,18,1,6,AGREE TALK day1 ID:80
2,talk,19,1,15,AGREE TALK day1 ID:69
2,talk,20,1,1,VOTE Agent[14]
2,talk,21,1,10,AGREE TALK day1 ID:69
2,talk,22,1,5,REQUEST(VOTE Agent[13])
2,talk,23,1,9,REQUEST(VOTE Agent[11])
2,talk,24,1,8,AGREE TALK day1 ID:69
2,talk,25,1,3,AGREE TALK day1 ID:69
2,talk,26,1,2,AGREE TALK day1 ID:69
2,talk,27,1,7,REQUEST(VOTE Agent[12])
2,talk,28,2,9,Skip
2,talk,29,2,5,Skip
2,talk,30,2,12,REQUEST(VOTE Agent[06])
2,talk,31,2,6,ESTIMATE Agent[12] WEREWOLF
2,talk,32,2,15,ESTIMATE Agent[06] WEREWOLF
2,talk,33,2,3,ESTIMATE Agent[06] WEREWOLF
2,talk,34,2,11,Skip
2,talk,35,2,2,ESTIMATE Agent[06] WEREWOLF
2,talk,36,2,7,VOTE Agent[12]
2,talk,37,2,1,ESTIMATE Agent[09] WEREWOLF
2,talk,38,2,14,ESTIMATE Agent[06] WEREWOLF
2,talk,39,2,10,ESTIMATE Agent[06] WEREWOLF
2,talk,40,2,13,ESTIMATE Agent[06] WEREWOLF
2,talk,41,2,8,ESTIMATE Agent[06] WEREWOLF
2,talk,42,3,5,Skip
2,talk,43,3,9,Skip
2,talk,44,3,6,REQUEST(Agent[01] DIVINATION Agent[12])
2,talk,45,3,1,ESTIMATE Agent[12] WEREWOLF
2,talk,46,3,10,REQUEST(Agent[01] DIVINATION Agent[06])
2,talk,47,3,3,REQUEST(Agent[01] DIVINATION Agent[06])
2,talk,48,3,14,REQUEST(Agent[01] DIVINATION Agent[06])
2,talk,49,3,2,REQUEST(Agent[01] DIVINATION Agent[06])
2,talk,50,3,12,Skip
2,talk,51,3,7,Skip
2,talk,52,3,8,REQUEST(Agent[01] DIVINATION Agent[06])
2,talk,53,3,13,REQUEST(Agent[01] DIVINATION Agent[06])
2,talk,54,3,15,REQUEST(Agent[01] DIVINATION Agent[06])
2,talk,55,3,11,Over
2,talk,56,4,12,Skip
2,talk,57,4,2,VOTE Agent[06]
2,talk,58,4,11,Over
2,talk,59,4,9,Over
2,talk,60,4,8,VOTE Agent[06]
2,talk,61,4,15,VOTE Agent[06]
2,talk,62,4,3,VOTE Agent[06]
2,talk,63,4,6,VOTE Agent[12]
2,talk,64,4,10,VOTE Agent[06]
2,talk,65,4,5,Over
2,talk,66,4,13,VOTE Agent[06]
2,talk,67,4,7,Skip
2,talk,68,4,1,ESTIMATE Agent[14] WEREWOLF
2,talk,69,4,14,VOTE Agent[06]
2,talk,70,5,9,Over
2,talk,71,5,10,Skip
2,talk,72,5,1,Over
2,talk,73,5,6,Skip
2,talk,74,5,8,Skip
2,talk,75,5,15,Skip
2,talk,76,5,12,Over
2,talk,77,5,11,Over
2,talk,78,5,5,Over
2,talk,79,5,3,Skip
2,talk,80,5,2,Skip
2,talk,81,5,7,Over
2,talk,82,5,13,Skip
2,talk,83,5,14,Skip
2,talk,84,6,15,Skip
2,talk,85,6,7,Over
2,talk,86,6,3,Skip
2,talk,87,6,6,Skip
2,talk,88,6,5,Over
2,talk,89,6,1,Over
2,talk,90,6,11,Over
2,talk,91,6,9,Over
2,talk,92,6,13,Skip
2,talk,93,6,8,Skip
2,talk,94,6,14,Skip
2,talk,95,6,12,Over
2,talk,96,6,2,Skip
2,talk,97,6,10,Skip
2,talk,98,7,12,Over
2,talk,99,7,10,Over
2,talk,100,7,8,Over
2,talk,101,7,13,Over
2,talk,102,7,15,Over
2,talk,103,7,5,Over
2,talk,104,7,6,Over
2,talk,105,7,9,Over
2,talk,106,7,1,Over
2,talk,107,7,2,Over
2,talk,108,7,11,Over
2,talk,109,7,3,Over
2,talk,110,7,14,Over
2,talk,111,7,7,Over
2,vote,1,14
2,vote,2,6
2,vote,3,6
2,vote,5,13
2,vote,6,12
2,vote,7,12
2,vote,8,6
2,vote,9,11
2,vote,10,6
2,vote,11,6
2,vote,12,6
2,vote,13,6
2,vote,14,6
2,vote,15,6
2,execute,6,BODYGUARD
2,divine,7,12,WEREWOLF
2,whisper,0,0,9,ATTACK Agent[07]
2,whisper,1,0,5,ATTACK Agent[01]
2,whisper,2,0,12,ATTACK Agent[07]
2,whisper,3,1,9,REQUEST(ATTACK Agent[07])
2,whisper,4,1,12,REQUEST(ATTACK Agent[07])
2,whisper,5,1,5,REQUEST(ATTACK Agent[01])
2,whisper,6,2,9,Skip
2,whisper,7,2,5,IDENTIFIED Agent[06] WEREWOLF
2,whisper,8,2,12,DIVINED Agent[13] WEREWOLF
2,whisper,9,3,12,Skip
2,whisper,10,3,5,Skip
2,whisper,11,3,9,Skip
2,whisper,12,4,12,Skip
2,whisper,13,4,5,Skip
2,whisper,14,4,9,Over
2,whisper,15,5,5,Over
2,whisper,16,5,9,Over
2,whisper,17,5,12,Over
2,attackVote,5,1
2,attackVote,9,7
2,attackVote,12,7
2,attack,7,true
3,status,1,POSSESSED,ALIVE,wolf1
3,status,2,VILLAGER,ALIVE,SampleRoleAssignPlayer
3,status,3,VILLAGER,ALIVE,SampleRoleAssignPlayer
3,status,4,VILLAGER,DEAD,SampleRoleAssignPlayer
3,status,5,WEREWOLF,ALIVE,SampleRoleAssignPlayer
3,status,6,BODYGUARD,DEAD,SampleRoleAssignPlayer
3,status,7,SEER,DEAD,SampleRoleAssignPlayer
3,status,8,VILLAGER,ALIVE,SampleRoleAssignPlayer
3,status,9,WEREWOLF,ALIVE,SampleRoleAssignPlayer
3,status,10,VILLAGER,ALIVE,SampleRoleAssignPlayer
3,status,11,MEDIUM,ALIVE,SampleRoleAssignPlayer
3,status,12,WEREWOLF,ALIVE,SampleRoleAssignPlayer
3,status,13,VILLAGER,ALIVE,SampleRoleAssignPlayer
3,status,14,VILLAGER,ALIVE,SampleRoleAssignPlayer
3,status,15,VILLAGER,ALIVE,SampleRoleAssignPlayer
3,talk,0,0,11,COMINGOUT Agent[11] MEDIUM
3,talk,1,0,5,COMINGOUT Agent[05] MEDIUM
3,talk,2,0,10,AGREE TALK day1 ID:80
3,talk,3,0,15,AGREE TALK day1 ID:80
3,talk,4,0,14,AGREE TALK day1 ID:80
3,talk,5,0,2,AGREE TALK day1 ID:80
3,talk,6,0,13,AGREE TALK day1 ID:80
3,talk,7,0,8,AGREE TALK day1 ID:80
3,talk,8,0,9,VOTE Agent[13]
3,talk,9,0,1,DIVINED Agent[14] HUMAN
3,talk,10,0,3,AGREE TALK day1 ID:80
3,talk,11,0,12,DIVINED Agent[13] WEREWOLF
3,talk,12,1,2,AGREE TALK day2 ID:31
3,talk,13,1,12,VOTE Agent[01]
3,talk,14,1,5,IDENTIFIED Agent[04] WEREWOLF
3,talk,15,1,8,AGREE TALK day2 ID:31
3,talk,16,1,10,AGREE TALK day2 ID:31
3,talk,17,1,9,REQUEST(VOTE Agent[13])
3,talk,18,1,3,AGREE TALK day2 ID:31
3,talk,19,1,11,IDENTIFIED Agent[04] HUMAN
3,talk,20,1,15,AGREE TALK day2 ID:31
3,talk,21,1,13,AGREE TALK day2 ID:31
3,talk,22,1,14,AGREE TALK day2 ID:31
3,talk,23,1,1,VOTE Agent[05]
3,talk,24,2,15,AGREE TALK day2 ID:45
3,talk,25,2,12,REQUEST(VOTE Agent[01])
3,talk,26,2,13,AGREE TALK day2 ID:45
3,talk,27,2,9,Skip
3,talk,28,2,2,AGREE TALK day2 ID:45
3,talk,29,2,3,AGREE TALK day2 ID:45
3,talk,30,2,14,AGREE TALK day2 ID:45
3,talk,31,2,5,IDENTIFIED Agent[06] WEREWOLF
3,talk,32,2,10,AGREE TALK day2 ID:45
3,talk,33,2,8,AGREE TALK day2 ID:45
3,talk,34,2,11,IDENTIFIED Agent[06] HUMAN
3,talk,35,2,1,ESTIMATE Agent[05] WEREWOLF
3,talk,36,3,14,ESTIMATE Agent[12] WEREWOLF
3,talk,37,3,1,ESTIMATE Agent[09] WEREWOLF
3,talk,38,3,10,ESTIMATE Agent[12] WEREWOLF
3,talk,39,3,3,ESTIMATE Agent[12] WEREWOLF
3,talk,40,3,9,Skip
3,talk,41,3,12,Skip
3,talk,42,3,11,AGREE TALK day1 ID:80
3,talk,43,3,5,VOTE Agent[11]
3,talk,44,3,8,ESTIMATE Agent[12] WEREWOLF
3,talk,45,3,2,ESTIMATE Agent[12] WEREWOLF
3,talk,46,3,15,ESTIMATE Agent[12] WEREWOLF
3,talk,47,3,13,ESTIMATE Agent[12] WEREWOLF
3,talk,48,4,2,REQUEST(Agent[01] DIVINATION Agent[12])
3,talk,49,4,1,ESTIMATE Agent[12] WEREWOLF
3,talk,50,4,12,Skip
3,talk,51,4,11,AGREE TALK day2 ID:31
3,talk,52,4,9,Over
3,talk,53,4,10,REQUEST(Agent[01] DIVINATION Agent[12])
3,talk,54,4,14,REQUEST(Agent[01] DIVINATION Agent[12])
3,talk,55,4,5,REQUEST(VOTE Agent[11])
3,talk,56,4,15,REQUEST(Agent[01] DIVINATION Agent[12])
3,talk,57,4,13,REQUEST(Agent[01] DIVINATION Agent[12])
3,talk,58,4,3,REQUEST(Agent[01] DIVINATION Agent[12])
3,talk,59,4,8,REQUEST(Agent[01] DIVINATION Agent[12])
3,talk,60,5,9,Over
3,talk,61,5,12,Over
3,talk,62,5,10,VOTE Agent[12]
3,talk,63,5,14,VOTE Agent[12]
3,talk,64,5,2,VOTE Agent[12]
3,talk,65,5,8,VOTE Agent[12]
3,talk,66,5,3,VOTE Agent[12]
3,talk,67,5,13,VOTE Agent[12]
3,talk,68,5,11,AGREE TALK day2 ID:45
3,talk,69,5,15,VOTE Agent[12]
3,talk,70,5,5,Skip
3,talk,71,5,1,ESTIMATE Agent[13] VILLAGER
3,talk,72,6,5,Skip
3,talk,73,6,3,Skip
3,talk,74,6,14,Skip
3,talk,75,6,8,Skip
3,talk,76,6,12,Over
3,talk,77,6,11,ESTIMATE Agent[12] WEREWOLF
3,talk,78,6,1,ESTIMATE Agent[14] VILLAGER
3,talk,79,6,9,Over
3,talk,80,6,15,Skip
3,talk,81,6,2,Skip
3,talk,82,6,10,Skip
3,talk,83,6,13,Skip
3,talk,84,7,10,Skip
3,talk,85,7,2,Skip
3,talk,86,7,12,Over
3,talk,87,7,5,Over
3,talk,88,7,1,ESTIMATE Agent[15] VILLAGER
3,talk,89,7,8,Skip
3,talk,90,7,13,Skip
3,talk,91,7,9,Over
3,talk,92,7,14,Skip
3,talk,93,7,15,Skip
3,talk,94,7,11,REQUEST(Agent[01] DIVINATION Agent[12])
3,talk,95,7,3,Skip
3,talk,96,8,14,Over
3,talk,97,8,3,Over
3,talk,98,8,8,Over
3,talk,99,8,5,Over
3,talk,100,8,9,Over
3,talk,101,8,12,Over
3,talk,102,8,2,Over
3,talk,103,8,15,Over
3,talk,104,8,11,VOTE Agent[12]
3,talk,105,8,10,Over
3,talk,106,8,13,Over
3,talk,107,8,1,Over
3,talk,108,9,14,Over
3,talk,109,9,13,Over
3,talk,110,9,10,Over
3,talk,111,9,11,Skip
3,talk,112,9,12,Over
3,talk,113,9,1,Over
3,talk,114,9,5,Over
3,talk,115,9,8,Over
3,talk,116,9,15,Over
3,talk,117,9,3,Over
3,talk,118,9,2,Over
3,talk,119,9,9,Over
3,talk,120,10,12,Over
3,talk,121,10,14,Over
3,talk,122,10,5,Over
3,talk,123,10,11,Skip
3,talk,124,10,10,Over
3,talk,125,10,13,Over
3,talk,126,10,3,Over
3,talk,127,10,9,Over
3,talk,128,10,8,Over
3,talk,129,10,2,Over
3,talk,130,10,15,Over
3,talk,131,10,1,Over
3,talk,132,11,11,Over
3,talk,133,11,1,Over
3,talk,134,11,2,Over
3,talk,135,11,8,Over
3,talk,136,11,15,Over
3,talk,137,11,12,Over
3,talk,138,11,5,Over
3,talk,139,11,9,Over
3,talk,140,11,14,Over
3,talk,141,11,13,Over
3,talk,142,11,3,Over
3,talk,143,11,10,Over
3,vote,1,5
3,vote,2,12
3,vote,3,12
3,vote,5,11
3,vote,8,12
3,vote,9,13
3,vote,10,12
3,vote,11,12
3,vote,12,1
3,vote,13,12
3,vote,14,12
3,vote,15,12
3,execute,12,WEREWOLF
3,whisper,0,0,5,ATTACK Agent[11]
3,whisper,1,0,9,ATTACK Agent[11]
3,whisper,2,1,9,REQUEST(ATTACK Agent[11])
3,whisper,3,1,5,REQUEST(ATTACK Agent[11])
3,whisper,4,2,9,Skip
3,whisper,5,2,5,IDENTIFIED Agent[12] HUMAN
3,whisper,6,3,5,Skip
3,whisper,7,3,9,Skip
3,whisper,8,4,5,Skip
3,whisper,9,4,9,Over
3,whisper,10,5,9,Over
3,whisper,11,5,5,Over
3,attackVote,5,11
3,attackVote,9,11
3,attack,11,true
4,status,1,POSSESSED,ALIVE,wolf1
4,status,2,VILLAGER,ALIVE,SampleRoleAssignPlayer
4,status,3,VILLAGER,ALIVE,SampleRoleAssignPlayer
4,status,4,VILLAGER,DEAD,SampleRoleAssignPlayer
4,status,5,WEREWOLF,ALIVE,SampleRoleAssignPlayer
4,status,6,BODYGUARD,DEAD,SampleRoleAssignPlayer
4,status,7,SEER,DEAD,SampleRoleAssignPlayer
4,status,8,VILLAGER,ALIVE,SampleRoleAssignPlayer
4,status,9,WEREWOLF,ALIVE,SampleRoleAssignPlayer
4,status,10,VILLAGER,ALIVE,SampleRoleAssignPlayer
4,status,11,MEDIUM,DEAD,SampleRoleAssignPlayer
4,status,12,WEREWOLF,DEAD,SampleRoleAssignPlayer
4,status,13,VILLAGER,ALIVE,SampleRoleAssignPlayer
4,status,14,VILLAGER,ALIVE,SampleRoleAssignPlayer
4,status,15,VILLAGER,ALIVE,SampleRoleAssignPlayer
4,talk,0,0,15,VOTE Agent[08]
4,talk,1,0,5,IDENTIFIED Agent[12] HUMAN
4,talk,2,0,1,DIVINED Agent[09] HUMAN
4,talk,3,0,10,VOTE Agent[02]
4,talk,4,0,2,VOTE Agent[14]
4,talk,5,0,8,VOTE Agent[01]
4,talk,6,0,14,VOTE Agent[09]
4,talk,7,0,9,VOTE Agent[15]
4,talk,8,0,3,VOTE Agent[08]
4,talk,9,0,13,VOTE Agent[10]
4,talk,10,1,15,Skip
4,talk,11,1,5,VOTE Agent[08]
4,talk,12,1,10,Skip
4,talk,13,1,1,VOTE Agent[05]
4,talk,14,1,13,Skip
4,talk,15,1,8,Skip
4,talk,16,1,9,REQUEST(VOTE Agent[15])
4,talk,17,1,14,Skip
4,talk,18,1,3,Skip
4,talk,19,1,2,Skip
4,talk,20,2,15,Skip
4,talk,21,2,3,Skip
4,talk,22,2,2,Skip
4,talk,23,2,5,REQUEST(VOTE Agent[08])
4,talk,24,2,10,Skip
4,talk,25,2,14,Skip
4,talk,26,2,9,Skip
4,talk,27,2,13,Skip
4,talk,28,2,1,ESTIMATE Agent[05] WEREWOLF
4,talk,29,2,8,Skip
4,talk,30,3,3,Over
4,talk,31,3,13,Over
4,talk,32,3,15,Over
4,talk,33,3,9,Skip
4,talk,34,3,14,Over
4,talk,35,3,1,ESTIMATE Agent[10] WEREWOLF
4,talk,36,3,2,Over
4,talk,37,3,10,Over
4,talk,38,3,8,Over
4,talk,39,3,5,Skip
4,talk,40,4,5,Skip
4,talk,41,4,1,ESTIMATE Agent[12] WEREWOLF
4,talk,42,4,15,Over
4,talk,43,4,3,Over
4,talk,44,4,9,Over
4,talk,45,4,14,Over
4,talk,46,4,13,Over
4,talk,47,4,8,Over
4,talk,48,4,10,Over
4,talk,49,4,2,Over
4,talk,50,5,3,Over
4,talk,51,5,9,Over
4,talk,52,5,10,Over
4,talk,53,5,5,Over
4,talk,54,5,14,Over
4,talk,55,5,15,Over
4,talk,56,5,8,Over
4,talk,57,5,13,Over
4,talk,58,5,1,ESTIMATE Agent[09] VILLAGER
4,talk,59,5,2,Over
4,talk,60,6,3,Over
4,talk,61,6,15,Over
4,talk,62,6,13,Over
4,talk,63,6,8,Over
4,talk,64,6,2,Over
4,talk,65,6,9,Over
4,talk,66,6,10,Over
4,talk,67,6,5,Over
4,talk,68,6,1,ESTIMATE Agent[14] VILLAGER
4,talk,69,6,14,Over
4,talk,70,7,5,Over
4,talk,71,7,3,Over
4,talk,72,7,2,Over
4,talk,73,7,13,Over
4,talk,74,7,15,Over
4,talk,75,7,8,Over
4,talk,76,7,10,Over
4,talk,77,7,14,Over
4,talk,78,7,1,ESTIMATE Agent[15] VILLAGER
4,talk,79,7,9,Over
4,talk,80,8,10,Over
4,talk,81,8,15,Over
4,talk,82,8,2,Over
4,talk,83,8,5,Over
4,talk,84,8,13,Over
4,talk,85,8,3,Over
4,talk,86,8,14,Over
4,talk,87,8,1,Over
4,talk,88,8,9,Over
4,talk,89,8,8,Over
4,vote,1,5
4,vote,2,14
4,vote,3,8
4,vote,5,8
4,vote,8,1
4,vote,9,15
4,vote,10,2
4,vote,13,10
4,vote,14,9
4,vote,15,8
4,execute,8,VILLAGER
4,whisper,0,0,9,ESTIMATE Agent[01] POSSESSED
4,whisper,1,0,5,ESTIMATE Agent[01] POSSESSED
4,whisper,2,1,5,ATTACK Agent[14]
4,whisper,3,1,9,ATTACK Agent[03]
4,whisper,4,2,5,REQUEST(ATTACK Agent[14])
4,whisper,5,2,9,REQUEST(ATTACK Agent[03])
4,whisper,6,3,5,IDENTIFIED Agent[08] HUMAN
4,whisper,7,3,9,Skip
4,whisper,8,4,9,Skip
4,whisper,9,4,5,Skip
4,whisper,10,5,5,Skip
4,whisper,11,5,9,Over
4,whisper,12,6,5,Over
4,whisper,13,6,9,Over
4,attackVote,5,14
4,attackVote,9,3
4,attackVote,5,14
4,attackVote,9,3
4,attack,3,true
5,status,1,POSSESSED,ALIVE,wolf1
5,status,2,VILLAGER,ALIVE,SampleRoleAssignPlayer
5,status,3,VILLAGER,DEAD,SampleRoleAssignPlayer
5,status,4,VILLAGER,DEAD,SampleRoleAssignPlayer
5,status,5,WEREWOLF,ALIVE,SampleRoleAssignPlayer
5,status,6,BODYGUARD,DEAD,SampleRoleAssignPlayer
5,status,7,SEER,DEAD,SampleRoleAssignPlayer
5,status,8,VILLAGER,DEAD,SampleRoleAssignPlayer
5,status,9,WEREWOLF,ALIVE,SampleRoleAssignPlayer
5,status,10,VILLAGER,ALIVE,SampleRoleAssignPlayer
5,status,11,MEDIUM,DEAD,SampleRoleAssignPlayer
5,status,12,WEREWOLF,DEAD,SampleRoleAssignPlayer
5,status,13,VILLAGER,ALIVE,SampleRoleAssignPlayer
5,status,14,VILLAGER,ALIVE,SampleRoleAssignPlayer
5,status,15,VILLAGER,ALIVE,SampleRoleAssignPlayer
5,talk,0,0,5,IDENTIFIED Agent[08] HUMAN
5,talk,1,0,14,VOTE Agent[05]
5,talk,2,0,10,VOTE Agent[14]
5,talk,3,0,2,VOTE Agent[13]
5,talk,4,0,9,VOTE Agent[10]
5,talk,5,0,1,DIVINED Agent[10] HUMAN
5,talk,6,0,13,VOTE Agent[14]
5,talk,7,0,15,VOTE Agent[10]
5,talk,8,1,2,Skip
5,talk,9,1,9,REQUEST(VOTE Agent[10])
5,talk,10,1,10,Skip
5,talk,11,1,5,VOTE Agent[14]
5,talk,12,1,14,Skip
5,talk,13,1,1,VOTE Agent[05]
5,talk,14,1,15,Skip
5,talk,15,1,13,Skip
5,talk,16,2,2,Skip
5,talk,17,2,15,Skip
5,talk,18,2,1,ESTIMATE Agent[02] WEREWOLF
5,talk,19,2,10,Skip
5,talk,20,2,9,Skip
5,talk,21,2,14,Skip
5,talk,22,2,5,REQUEST(VOTE Agent[14])
5,talk,23,2,13,Skip
5,talk,24,3,13,Over
5,talk,25,3,9,Skip
5,talk,26,3,10,Over
5,talk,27,3,2,Over
5,talk,28,3,1,ESTIMATE Agent[05] WEREWOLF
5,talk,29,3,5,Skip
5,talk,30,3,14,Over
5,talk,31,3,15,Over
5,talk,32,4,14,Over
5,talk,33,4,5,Skip
5,talk,34,4,9,Over
5,talk,35,4,15,Over
5,talk,36,4,2,Over
5,talk,37,4,13,Over
5,talk,38,4,1,ESTIMATE Agent[12] WEREWOLF
5,talk,39,4,10,Over
5,talk,40,5,2,Over
5,talk,41,5,13,Over
5,talk,42,5,15,Over
5,talk,43,5,14,Over
5,talk,44,5,5,Over
5,talk,45,5,1,ESTIMATE Agent[09] VILLAGER
5,talk,46,5,10,Over
5,talk,47,5,9,Over
5,talk,48,6,14,Over
5,talk,49,6,10,Over
5,talk,50,6,1,ESTIMATE Agent[10] VILLAGER
5,talk,51,6,15,Over
5,talk,52,6,5,Over
5,talk,53,6,2,Over
5,talk,54,6,13,Over
5,talk,55,6,9,Over
5,talk,56,7,5,Over
5,talk,57,7,1,ESTIMATE Agent[14] VILLAGER
5,talk,58,7,13,Over
5,talk,59,7,14,Over
5,talk,60,7,10,Over
5,talk,61,7,15,Over
5,talk,62,7,9,Over
5,talk,63,7,2,Over
5,talk,64,8,13,Over
5,talk,65,8,10,Over
5,talk,66,8,5,Over
5,talk,67,8,15,Over
5,talk,68,8,2,Over
5,talk,69,8,14,Over
5,talk,70,8,1,ESTIMATE Agent[15] VILLAGER
5,talk,71,8,9,Over
5,talk,72,9,2,Over
5,talk,73,9,1,Over
5,talk,74,9,5,Over
5,talk,75,9,9,Over
5,talk,76,9,14,Over
5,talk,77,9,15,Over
5,talk,78,9,13,Over
5,talk,79,9,10,Over
5,vote,1,5
5,vote,2,13
5,vote,5,14
5,vote,9,10
5,vote,10,14
5,vote,13,14
5,vote,14,5
5,vote,15,10
5,execute,14,VILLAGER
5,whisper,0,0,5,ATTACK Agent[02]
5,whisper,1,0,9,ATTACK Agent[15]
5,whisper,2,1,9,REQUEST(ATTACK Agent[15])
5,whisper,3,1,5,REQUEST(ATTACK Agent[02])
5,whisper,4,2,5,IDENTIFIED Agent[14] HUMAN
5,whisper,5,2,9,Skip
5,whisper,6,3,5,Skip
5,whisper,7,3,9,Skip
5,whisper,8,4,5,Skip
5,whisper,9,4,9,Over
5,whisper,10,5,5,Over
5,whisper,11,5,9,Over
5,attackVote,5,2
5,attackVote,9,15
5,attackVote,5,2
5,attackVote,9,15
5,attack,2,true
6,status,1,POSSESSED,ALIVE,wolf1
6,status,2,VILLAGER,DEAD,SampleRoleAssignPlayer
6,status,3,VILLAGER,DEAD,SampleRoleAssignPlayer
6,status,4,VILLAGER,DEAD,SampleRoleAssignPlayer
6,status,5,WEREWOLF,ALIVE,SampleRoleAssignPlayer
6,status,6,BODYGUARD,DEAD,SampleRoleAssignPlayer
6,status,7,SEER,DEAD,SampleRoleAssignPlayer
6,status,8,VILLAGER,DEAD,SampleRoleAssignPlayer
6,status,9,WEREWOLF,ALIVE,SampleRoleAssignPlayer
6,status,10,VILLAGER,ALIVE,SampleRoleAssignPlayer
6,status,11,MEDIUM,DEAD,SampleRoleAssignPlayer
6,status,12,WEREWOLF,DEAD,SampleRoleAssignPlayer
6,status,13,VILLAGER,ALIVE,SampleRoleAssignPlayer
6,status,14,VILLAGER,DEAD,SampleRoleAssignPlayer
6,status,15,VILLAGER,ALIVE,SampleRoleAssignPlayer
6,talk,0,0,10,VOTE Agent[01]
6,talk,1,0,5,IDENTIFIED Agent[14] HUMAN
6,talk,2,0,15,VOTE Agent[05]
6,talk,3,0,9,VOTE Agent[13]
6,talk,4,0,1,DIVINED Agent[02] HUMAN
6,talk,5,0,13,VOTE Agent[05]
6,talk,6,1,9,REQUEST(VOTE Agent[13])
6,talk,7,1,5,VOTE Agent[10]
6,talk,8,1,1,VOTE Agent[05]
6,talk,9,1,13,Skip
6,talk,10,1,10,Skip
6,talk,11,1,15,Skip
6,talk,12,2,9,Skip
6,talk,13,2,13,Skip
6,talk,14,2,15,Skip
6,talk,15,2,5,REQUEST(VOTE Agent[10])
6,talk,16,2,10,Skip
6,talk,17,2,1,ESTIMATE Agent[03] WEREWOLF
6,talk,18,3,1,ESTIMATE Agent[05] WEREWOLF
6,talk,19,3,9,Skip
6,talk,20,3,13,Over
6,talk,21,3,10,Over
6,talk,22,3,5,Skip
6,talk,23,3,15,Over
6,talk,24,4,13,Over
6,talk,25,4,5,Skip
6,talk,26,4,10,Over
6,talk,27,4,9,Over
6,talk,28,4,1,ESTIMATE Agent[12] WEREWOLF
6,talk,29,4,15,Over
6,talk,30,5,13,Over
6,talk,31,5,5,Over
6,talk,32,5,9,Over
6,talk,33,5,15,Over
6,talk,34,5,1,ESTIMATE Agent[09] VILLAGER
6,talk,35,5,10,Over
6,talk,36,6,10,Over
6,talk,37,6,15,Over
6,talk,38,6,1,ESTIMATE Agent[10] VILLAGER
6,talk,39,6,5,Over
6,talk,40,6,13,Over
6,talk,41,6,9,Over
6,talk,42,7,5,Over
6,talk,43,7,9,Over
6,talk,44,7,1,ESTIMATE Agent[13] VILLAGER
6,talk,45,7,10,Over
6,talk,46,7,13,Over
6,talk,47,7,15,Over
6,talk,48,8,15,Over
6,talk,49,8,13,Over
6,talk,50,8,1,ESTIMATE Agent[15] VILLAGER
6,talk,51,8,9,Over
6,talk,52,8,10,Over
6,talk,53,8,5,Over
6,talk,54,9,15,Over
6,talk,55,9,1,Over
6,talk,56,9,5,Over
6,talk,57,9,10,Over
6,talk,58,9,13,Over
6,talk,59,9,9,Over
6,vote,1,5
6,vote,5,10
6,vote,9,13
6,vote,10,1
6,vote,13,5
6,vote,15,5
6,execute,5,WEREWOLF
7,status,1,POSSESSED,ALIVE,wolf1
7,status,2,VILLAGER,DEAD,SampleRoleAssignPlayer
7,status,3,VILLAGER,DEAD,SampleRoleAssignPlayer
7,status,4,VILLAGER,DEAD,SampleRoleAssignPlayer
7,status,5,WEREWOLF,DEAD,SampleRoleAssignPlayer
7,status,6,BODYGUARD,DEAD,SampleRoleAssignPlayer
7,status,7,SEER,DEAD,SampleRoleAssignPlayer
7,status,8,VILLAGER,DEAD,SampleRoleAssignPlayer
7,status,9,WEREWOLF,ALIVE,SampleRoleAssignPlayer
7,status,10,VILLAGER,ALIVE,SampleRoleAssignPlayer
7,status,11,MEDIUM,DEAD,SampleRoleAssignPlayer
7,status,12,WEREWOLF,DEAD,SampleRoleAssignPlayer
7,status,13,VILLAGER,ALIVE,SampleRoleAssignPlayer
7,status,14,VILLAGER,DEAD,SampleRoleAssignPlayer
7,status,15,VILLAGER,ALIVE,SampleRoleAssignPlayer
7,talk,0,0,9,VOTE Agent[15]
7,talk,1,0,13,VOTE Agent[01]
7,talk,2,0,1,DIVINED Agent[13] HUMAN
7,talk,3,0,10,VOTE Agent[09]
7,talk,4,0,15,VOTE Agent[01]
7,talk,5,1,1,VOTE Agent[15]
7,talk,6,1,10,Skip
7,talk,7,1,9,REQUEST(VOTE Agent[15])
7,talk,8,1,15,Skip
7,talk,9,1,13,Skip
7,talk,10,2,10,Skip
7,talk,11,2,15,Skip
7,talk,12,2,1,ESTIMATE Agent[05] WEREWOLF
7,talk,13,2,13,Skip
7,talk,14,2,9,Skip
7,talk,15,3,9,Skip
7,talk,16,3,1,ESTIMATE Agent[12] WEREWOLF
7,talk,17,3,10,Over
7,talk,18,3,13,Over
7,talk,19,3,15,Over
7,talk,20,4,13,Over
7,talk,21,4,15,Over
7,talk,22,4,1,ESTIMATE Agent[15] WEREWOLF
7,talk,23,4,9,Over
7,talk,24,4,10,Over
7,talk,25,5,9,Over
7,talk,26,5,10,Over
7,talk,27,5,13,Over
7,talk,28,5,15,Over
7,talk,29,5,1,ESTIMATE Agent[09] VILLAGER
7,talk,30,6,9,Over
7,talk,31,6,10,Over
7,talk,32,6,15,Over
7,talk,33,6,13,Over
7,talk,34,6,1,ESTIMATE Agent[10] VILLAGER
7,talk,35,7,9,Over
7,talk,36,7,10,Over
7,talk,37,7,1,ESTIMATE Agent[13] VILLAGER
7,talk,38,7,15,Over
7,talk,39,7,13,Over
7,talk,40,8,1,Over
7,talk,41,8,9,Over
7,talk,42,8,13,Over
7,talk,43,8,10,Over
7,talk,44,8,15,Over
7,vote,1,15
7,vote,9,15
7,vote,10,9
7,vote,13,1
7,vote,15,1
7,vote,1,15
7,vote,9,15
7,vote,10,1
7,vote,13,1
7,vote,15,1
7,execute,1,POSSESSED
7,attackVote,9,13
7,attack,13,true
8,status,1,POSSESSED,DEAD,wolf1
8,status,2,VILLAGER,DEAD,SampleRoleAssignPlayer
8,status,3,VILLAGER,DEAD,SampleRoleAssignPlayer
8,status,4,VILLAGER,DEAD,SampleRoleAssignPlayer
8,status,5,WEREWOLF,DEAD,SampleRoleAssignPlayer
8,status,6,BODYGUARD,DEAD,SampleRoleAssignPlayer
8,status,7,SEER,DEAD,SampleRoleAssignPlayer
8,status,8,VILLAGER,DEAD,SampleRoleAssignPlayer
8,status,9,WEREWOLF,ALIVE,SampleRoleAssignPlayer
8,status,10,VILLAGER,ALIVE,SampleRoleAssignPlayer
8,status,11,MEDIUM,DEAD,SampleRoleAssignPlayer
8,status,12,WEREWOLF,DEAD,SampleRoleAssignPlayer
8,status,13,VILLAGER,DEAD,SampleRoleAssignPlayer
8,status,14,VILLAGER,DEAD,SampleRoleAssignPlayer
8,status,15,VILLAGER,ALIVE,SampleRoleAssignPlayer
8,talk,0,0,9,VOTE Agent[10]
8,talk,1,0,15,VOTE Agent[09]
8,talk,2,0,10,VOTE Agent[09]
8,talk,3,1,9,REQUEST(VOTE Agent[10])
8,talk,4,1,10,Skip
8,talk,5,1,15,Skip
8,talk,6,2,9,Skip
8,talk,7,2,10,Skip
8,talk,8,2,15,Skip
8,talk,9,3,10,Over
8,talk,10,3,9,Skip
8,talk,11,3,15,Over
8,talk,12,4,10,Over
8,talk,13,4,9,Over
8,talk,14,4,15,Over
8,vote,9,10
8,vote,10,9
8,vote,15,9
8,execute,9,WEREWOLF
8,attack,15,true
9,status,1,POSSESSED,DEAD,wolf1
9,status,2,VILLAGER,DEAD,SampleRoleAssignPlayer
9,status,3,VILLAGER,DEAD,SampleRoleAssignPlayer
9,status,4,VILLAGER,DEAD,SampleRoleAssignPlayer
9,status,5,WEREWOLF,DEAD,SampleRoleAssignPlayer
9,status,6,BODYGUARD,DEAD,SampleRoleAssignPlayer
9,status,7,SEER,DEAD,SampleRoleAssignPlayer
9,status,8,VILLAGER,DEAD,SampleRoleAssignPlayer
9,status,9,WEREWOLF,DEAD,SampleRoleAssignPlayer
9,status,10,VILLAGER,ALIVE,SampleRoleAssignPlayer
9,status,11,MEDIUM,DEAD,SampleRoleAssignPlayer
9,status,12,WEREWOLF,DEAD,SampleRoleAssignPlayer
9,status,13,VILLAGER,DEAD,SampleRoleAssignPlayer
9,status,14,VILLAGER,DEAD,SampleRoleAssignPlayer
9,status,15,VILLAGER,DEAD,SampleRoleAssignPlayer
9,result,1,0,VILLAGER
