0,status,1,VILLAGER,ALIVE,wolf1
0,status,2,BODYGUARD,ALIVE,SampleRoleAssignPlayer
0,status,3,VILLAGER,ALIVE,SampleRoleAssignPlayer
0,status,4,SEER,ALIVE,SampleRoleAssignPlayer
0,status,5,VILLAGER,ALIVE,SampleRoleAssignPlayer
0,status,6,WEREWOLF,ALIVE,SampleRoleAssignPlayer
0,status,7,VILLAGER,ALIVE,SampleRoleAssignPlayer
0,status,8,VILLAGER,ALIVE,SampleRoleAssignPlayer
0,status,9,POSSESSED,ALIVE,SampleRoleAssignPlayer
0,status,10,WEREWOLF,ALIVE,SampleRoleAssignPlayer
0,status,11,WEREWOLF,ALIVE,SampleRoleAssignPlayer
0,status,12,VILLAGER,ALIVE,SampleRoleAssignPlayer
0,status,13,VILLAGER,ALIVE,SampleRoleAssignPlayer
0,status,14,VILLAGER,ALIVE,SampleRoleAssignPlayer
0,status,15,MEDIUM,ALIVE,SampleRoleAssignPlayer
0,whisper,0,0,10,COMINGOUT Agent[10] MEDIUM
0,whisper,1,0,11,COMINGOUT Agent[11] SEER
0,whisper,2,0,6,COMINGOUT Agent[06] MEDIUM
0,whisper,3,1,6,Skip
0,whisper,4,1,11,Skip
0,whisper,5,1,10,COMINGOUT Agent[10] VILLAGER
0,whisper,6,2,11,DIVINED Agent[04] HUMAN
0,whisper,7,2,10,Skip
0,whisper,8,2,6,Skip
0,whisper,9,3,11,Skip
0,whisper,10,3,6,Over
0,whisper,11,3,10,Skip
0,whisper,12,4,6,Over
0,whisper,13,4,10,Over
0,whisper,14,4,11,Skip
0,whisper,15,5,10,Over
0,whisper,16,5,11,Over
0,whisper,17,5,6,Over
0,divine,4,15,HUMAN
1,status,1,VILLAGER,ALIVE,wolf1
1,status,2,BODYGUARD,ALIVE,SampleRoleAssignPlayer
1,status,3,VILLAGER,ALIVE,SampleRoleAssignPlayer
1,status,4,SEER,ALIVE,SampleRoleAssignPlayer
1,status,5,VILLAGER,ALIVE,SampleRoleAssignPlayer
1,status,6,WEREWOLF,ALIVE,SampleRoleAssignPlayer
1,status,7,VILLAGER,ALIVE,SampleRoleAssignPlayer
1,status,8,VILLAGER,ALIVE,SampleRoleAssignPlayer
1,status,9,POSSESSED,ALIVE,SampleRoleAssignPlayer
1,status,10,WEREWOLF,ALIVE,SampleRoleAssignPlayer
1,status,11,WEREWOLF,ALIVE,SampleRoleAssignPlayer
1,status,12,VILLAGER,ALIVE,SampleRoleAssignPlayer
1,status,13,VILLAGER,ALIVE,SampleRoleAssignPlayer
1,status,14,VILLAGER,ALIVE,SampleRoleAssignPlayer
1,status,15,MEDIUM,ALIVE,SampleRoleAssignPlayer
1,talk,0,0,10,VOTE Agent[08]
1,talk,1,0,9,COMINGOUT Agent[09] SEER
1,talk,2,0,2,VOTE Agent[13]
1,talk,3,0,7,VOTE Agent[14]
1,talk,4,0,14,VOTE Agent[07]
1,talk,5,0,5,VOTE Agent[12]
1,talk,6,0,4,VOTE Agent[13]
1,talk,7,0,11,VOTE Agent[08]
1,talk,8,0,1,VOTE Agent[13]
1,talk,9,0,12,VOTE Agent[04]
1,talk,10,0,6,VOTE Agent[09]
1,talk,11,0,13,VOTE Agent[05]
1,talk,12,0,3,VOTE Agent[14]
1,talk,13,0,15,COMINGOUT Agent[15] MEDIUM
1,talk,14,0,8,VOTE Agent[15]
1,talk,15,1,11,REQUEST(VOTE Agent[08])
1,talk,16,1,14,Skip
1,talk,17,1,13,Skip
1,talk,18,1,3,Skip
1,talk,19,1,12,Skip
1,talk,20,1,8,Skip
1,talk,21,1,6,REQUEST(VOTE Agent[09])
1,talk,22,1,10,REQUEST(VOTE Agent[08])
1,talk,23,1,15,VOTE Agent[04]
1,talk,24,1,4,COMINGOUT Agent[04] SEER
1,talk,25,1,9,DIVINED Agent[01] HUMAN
1,talk,26,1,7,Skip
1,talk,27,1,2,Skip
1,talk,28,1,1,ESTIMATE Agent[07] WEREWOLF
1,talk,29,1,5,Skip
1,talk,30,2,6,VOTE Agent[15]
1,talk,31,2,9,REQUEST(VOTE Agent[14])
1,talk,32,2,2,ESTIMATE Agent[09] SEER
1,talk,33,2,4,DIVINED Agent[15] HUMAN
1,talk,34,2,8,ESTIMATE Agent[09] SEER
1,talk,35,2,13,ESTIMATE Agent[09] SEER
1,talk,36,2,14,ESTIMATE Agent[09] SEER
1,talk,37,2,5,ESTIMATE Agent[09] SEER
1,talk,38,2,11,COMINGOUT Agent[11] SEER
1,talk,39,2,10,Skip
1,talk,40,2,15,ESTIMATE Agent[09] SEER
1,talk,41,2,3,ESTIMATE Agent[09] SEER
1,talk,42,2,1,ESTIMATE Agent[08] WEREWOLF
1,talk,43,2,7,ESTIMATE Agent[09] SEER
1,talk,44,2,12,ESTIMATE Agent[09] SEER
1,talk,45,3,9,VOTE Agent[04]
1,talk,46,3,15,Skip
1,talk,47,3,1,ESTIMATE Agent[09] WEREWOLF
1,talk,48,3,6,REQUEST(VOTE Agent[15])
1,talk,49,3,10,Skip
1,talk,50,3,8,Skip
1,talk,51,3,7,Skip
1,talk,52,3,13,Skip
1,talk,53,3,11,DIVINED Agent[04] HUMAN
1,talk,54,3,3,Skip
1,talk,55,3,4,ESTIMATE Agent[09] WEREWOLF
1,talk,56,3,12,Skip
1,talk,57,3,2,Skip
1,talk,58,3,14,Skip
1,talk,59,3,5,Skip
1,talk,60,4,2,Skip
1,talk,61,4,14,Skip
1,talk,62,4,11,VOTE Agent[09]
1,talk,63,4,13,Skip
1,talk,64,4,7,Skip
1,talk,65,4,3,Skip
1,talk,66,4,6,COMINGOUT Agent[06] MEDIUM
1,talk,67,4,10,Over
1,talk,68,4,15,Skip
1,talk,69,4,1,ESTIMATE Agent[13] WEREWOLF
1,talk,70,4,4,VOTE Agent[09]
1,talk,71,4,9,REQUEST(VOTE Agent[04])
1,talk,72,4,8,Skip
1,talk,73,4,5,Skip
1,talk,74,4,12,Skip
1,talk,75,5,3,Over
1,talk,76,5,13,Over
1,talk,77,5,1,VOTE Agent[15]
1,talk,78,5,12,Over
1,talk,79,5,8,Over
1,talk,80,5,10,Over
1,talk,81,5,9,Skip
1,talk,82,5,11,REQUEST(VOTE Agent[09])
1,talk,83,5,15,ESTIMATE Agent[06] WEREWOLF
1,talk,84,5,4,Skip
1,talk,85,5,6,Skip
1,talk,86,5,7,Over
1,talk,87,5,14,Over
1,talk,88,5,5,Over
1,talk,89,5,2,Over
1,talk,90,6,10,Over
1,talk,91,6,11,Skip
1,talk,92,6,13,Over
1,talk,93,6,3,Over
1,talk,94,6,14,Over
1,talk,95,6,7,Over
1,talk,96,6,12,Over
1,talk,97,6,9,Skip
1,talk,98,6,5,Over
1,talk,99,6,4,Skip
1,talk,100,6,8,Over
1,talk,101,6,2,Over
1,talk,102,6,15,REQUEST(Agent[09] DIVINATION Agent[06])
1,talk,103,6,6,Skip
1,talk,104,6,1,ESTIMATE Agent[11] WEREWOLF
1,talk,105,7,1,Over
1,talk,106,7,9,Over
1,talk,107,7,11,Skip
1,talk,108,7,13,Over
1,talk,109,7,5,Over
1,talk,110,7,4,Over
1,talk,111,7,2,Over
1,talk,112,7,15,VOTE Agent[06]
1,talk,113,7,3,Over
1,talk,114,7,14,Over
1,talk,115,7,10,Over
1,talk,116,7,7,Over
1,talk,117,7,8,Over
1,talk,118,7,12,Over
1,talk,119,7,6,Over
1,talk,120,8,15,Skip
1,talk,121,8,5,Over
1,talk,122,8,10,Over
1,talk,123,8,12,Over
1,talk,124,8,7,Over
1,talk,125,8,6,Over
1,talk,126,8,13,Over
1,talk,127,8,2,Over
1,talk,128,8,9,Over
1,talk,129,8,4,Over
1,talk,130,8,8,Over
1,talk,131,8,3,Over
1,talk,132,8,1,VOTE Agent[06]
1,talk,133,8,14,Over
1,talk,134,8,11,Over
1,talk,135,9,1,Over
1,talk,136,9,12,Over
1,talk,137,9,4,Over
1,talk,138,9,5,Over
1,talk,139,9,15,Skip
1,talk,140,9,14,Over
1,talk,141,9,10,Over
1,talk,142,9,8,Over
1,talk,143,9,9,Over
1,talk,144,9,2,Over
1,talk,145,9,11,Over
1,talk,146,9,6,Over
1,talk,147,9,3,Over
1,talk,148,9,13,Over
1,talk,149,9,7,Over
1,talk,150,10,12,Over
1,talk,151,10,6,Over
1,talk,152,10,3,Over
1,talk,153,10,8,Over
1,talk,154,10,10,Over
1,talk,155,10,7,Over
1,talk,156,10,9,Over
1,talk,157,10,5,Over
1,talk,158,10,13,Over
1,talk,159,10,2,Over
1,talk,160,10,15,Over
1,talk,161,10,4,Over
1,talk,162,10,14,Over
1,talk,163,10,1,Over
1,talk,164,10,11,Over
1,vote,1,6
1,vote,2,13
1,vote,3,14
1,vote,4,9
1,vote,5,12
1,vote,6,15
1,vote,7,14
1,vote,8,15
1,vote,9,4
1,vote,10,8
1,vote,11,9
1,vote,12,4
1,vote,13,5
1,vote,14,7
1,vote,15,6
1,vote,1,6
1,vote,2,4
1,vote,3,14
1,vote,4,9
1,vote,5,15
1,vote,6,15
1,vote,7,14
1,vote,8,15
1,vote,9,4
1,vote,10,14
1,vote,11,9
1,vote,12,4
1,vote,13,9
1,vote,14,4
1,vote,15,6
1,execute,4,SEER
1,whisper,0,0,11,ATTACK Agent[15]
1,whisper,1,0,10,ATTACK Agent[15]
1,whisper,2,0,6,ATTACK Agent[09]
1,whisper,3,1,10,REQUEST(ATTACK Agent[15])
1,whisper,4,1,6,REQUEST(ATTACK Agent[09])
1,whisper,5,1,11,REQUEST(ATTACK Agent[15])
1,whisper,6,2,11,DIVINED Agent[03] HUMAN
1,whisper,7,2,6,IDENTIFIED Agent[04] WEREWOLF
1,whisper,8,2,10,Skip
1,whisper,9,3,10,Skip
1,whisper,10,3,11,Skip
1,whisper,11,3,6,Skip
1,whisper,12,4,11,Skip
1,whisper,13,4,6,Skip
1,whisper,14,4,10,Over
1,whisper,15,5,10,Over
1,whisper,16,5,11,Over
1,whisper,17,5,6,Over
1,guard,2,9,POSSESSED
1,attackVote,6,9
1,attackVote,10,15
1,attackVote,11,15
1,attack,15,true
2,status,1,VILLAGER,ALIVE,wolf1
2,status,2,BODYGUARD,ALIVE,SampleRoleAssignPlayer
2,status,3,VILLAGER,ALIVE,SampleRoleAssignPlayer
2,status,4,SEER,DEAD,SampleRoleAssignPlayer
2,status,5,VILLAGER,ALIVE,SampleRoleAssignPlayer
2,status,6,WEREWOLF,ALIVE,SampleRoleAssignPlayer
2,status,7,VILLAGER,ALIVE,SampleRoleAssignPlayer
2,status,8,VILLAGER,ALIVE,SampleRoleAssignPlayer
2,status,9,POSSESSED,ALIVE,SampleRoleAssignPlayer
2,status,10,WEREWOLF,ALIVE,SampleRoleAssignPlayer
2,status,11,WEREWOLF,ALIVE,SampleRoleAssignPlayer
2,status,12,VILLAGER,ALIVE,SampleRoleAssignPlayer
2,status,13,VILLAGER,ALIVE,SampleRoleAssignPlayer
2,status,14,VILLAGER,ALIVE,SampleRoleAssignPlayer
2,status,15,MEDIUM,DEAD,SampleRoleAssignPlayer
2,talk,0,0,14,VOTE Agent[12]
2,talk,1,0,6,IDENTIFIED Agent[04] WEREWOLF
2,talk,2,0,9,DIVINED Agent[02] HUMAN
2,talk,3,0,12,VOTE Agent[01]
2,talk,4,0,7,VOTE Agent[12]
2,talk,5,0,11,DIVINED Agent[03] HUMAN
2,talk,6,0,10,VOTE Agent[03]
2,talk,7,0,3,VOTE Agent[14]
2,talk,8,0,13,VOTE Agent[01]
2,talk,9,0,8,VOTE Agent[12]
2,talk,10,0,1,VOTE Agent[06]
2,talk,11,0,2,VOTE Agent[05]
2,talk,12,0,5,VOTE Agent[08]
2,talk,13,1,13,Skip
2,talk,14,1,5,Skip
2,talk,15,1,7,Skip
2,talk,16,1,6,VOTE Agent[03]
2,talk,17,1,2,Skip
2,talk,18,1,14,Skip
2,talk,19,1,3,Skip
2,talk,20,1,10,REQUEST(VOTE Agent[03])
2,talk,21,1,9,VOTE Agent[11]
2,talk,22,1,11,VOTE Agent[09]
2,talk,23,1,12,Skip
2,talk,24,1,8,Skip
2,talk,25,1,1,ESTIMATE Agent[06] WEREWOLF
2,talk,26,2,3,Skip
2,talk,27,2,14,Skip
2,talk,28,2,1,ESTIMATE Agent[11] WEREWOLF
2,talk,29,2,6,REQUEST(VOTE Agent[03])
2,talk,30,2,5,Skip
2,talk,31,2,10,Skip
2,talk,32,2,9,REQUEST(VOTE Agent[11])
2,talk,33,2,11,REQUEST(VOTE Agent[09])
2,talk,34,2,8,Skip
2,talk,35,2,7,Skip
2,talk,36,2,12,Skip
2,talk,37,2,13,Skip
2,talk,38,2,2,Skip
2,talk,39,3,8,Over
2,talk,40,3,5,Over
2,talk,41,3,11,Skip
2,talk,42,3,1,ESTIMATE Agent[13] WEREWOLF
2,talk,43,3,13,Over
2,talk,44,3,9,Skip
2,talk,45,3,12,Over
2,talk,46,3,10,Skip
2,talk,47,3,6,Skip
2,talk,48,3,2,Over
2,talk,49,3,7,Over
2,talk,50,3,14,Over
2,talk,51,3,3,Over
2,talk,52,4,12,Over
2,talk,53,4,1,VOTE Agent[12]
2,talk,54,4,13,Over
2,talk,55,4,7,Over
2,talk,56,4,11,Skip
2,talk,57,4,9,Skip
2,talk,58,4,2,Over
2,talk,59,4,10,Over
2,talk,60,4,14,Over
2,talk,61,4,3,Over
2,talk,62,4,8,Over
2,talk,63,4,5,Over
2,talk,64,4,6,Skip
2,talk,65,5,12,Over
2,talk,66,5,6,Over
2,talk,67,5,14,Over
2,talk,68,5,1,Over
2,talk,69,5,5,Over
2,talk,70,5,8,Over
2,talk,71,5,7,Over
2,talk,72,5,13,Over
2,talk,73,5,11,Over
2,talk,74,5,3,Over
2,talk,75,5,2,Over
2,talk,76,5,9,Over
2,talk,77,5,10,Over
2,vote,1,12
2,vote,2,5
2,vote,3,14
2,vote,5,8
2,vote,6,3
2,vote,7,12
2,vote,8,12
2,vote,9,11
2,vote,10,3
2,vote,11,9
2,vote,12,1
2,vote,13,1
2,vote,14,12
2,execute,12,VILLAGER
2,whisper,0,0,11,ATTACK Agent[09]
2,whisper,1,0,10,ATTACK Agent[09]
2,whisper,2,0,6,ATTACK Agent[09]
2,whisper,3,1,11,REQUEST(ATTACK Agent[09])
2,whisper,4,1,10,REQUEST(ATTACK Agent[09])
2,whisper,5,1,6,REQUEST(ATTACK Agent[09])
2,whisper,6,2,11,DIVINED Agent[14] WEREWOLF
2,whisper,7,2,10,Skip
2,whisper,8,2,6,IDENTIFIED Agent[12] HUMAN
2,whisper,9,3,6,Skip
2,whisper,10,3,11,Skip
2,whisper,11,3,10,Skip
2,whisper,12,4,11,Skip
2,whisper,13,4,10,Over
2,whisper,14,4,6,Skip
2,whisper,15,5,10,Over
2,whisper,16,5,11,Over
2,whisper,17,5,6,Over
2,guard,2,9,POSSESSED
2,attackVote,6,9
2,attackVote,10,9
2,attackVote,11,9
2,attack,9,false
3,status,1,VILLAGER,ALIVE,wolf1
3,status,2,BODYGUARD,ALIVE,SampleRoleAssignPlayer
3,status,3,VILLAGER,ALIVE,SampleRoleAssignPlayer
3,status,4,SEER,DEAD,SampleRoleAssignPlayer
3,status,5,VILLAGER,ALIVE,SampleRoleAssignPlayer
3,status,6,WEREWOLF,ALIVE,SampleRoleAssignPlayer
3,status,7,VILLAGER,ALIVE,SampleRoleAssignPlayer
3,status,8,VILLAGER,ALIVE,SampleRoleAssignPlayer
3,status,9,POSSESSED,ALIVE,SampleRoleAssignPlayer
3,status,10,WEREWOLF,ALIVE,SampleRoleAssignPlayer
3,status,11,WEREWOLF,ALIVE,SampleRoleAssignPlayer
3,status,12,VILLAGER,DEAD,SampleRoleAssignPlayer
3,status,13,VILLAGER,ALIVE,SampleRoleAssignPlayer
3,status,14,VILLAGER,ALIVE,SampleRoleAssignPlayer
3,status,15,MEDIUM,DEAD,SampleRoleAssignPlayer
3,talk,0,0,2,VOTE Agent[05]
3,talk,1,0,11,DIVINED Agent[14] WEREWOLF
3,talk,2,0,8,VOTE Agent[10]
3,talk,3,0,3,VOTE Agent[01]
3,talk,4,0,1,VOTE Agent[06]
3,talk,5,0,7,VOTE Agent[14]
3,talk,6,0,9,DIVINED Agent[05] WEREWOLF
3,talk,7,0,10,VOTE Agent[03]
3,talk,8,0,13,VOTE Agent[09]
3,talk,9,0,14,VOTE Agent[05]
3,talk,10,0,6,IDENTIFIED Agent[12] HUMAN
3,talk,11,0,5,VOTE Agent[08]
3,talk,12,1,9,VOTE Agent[05]
3,talk,13,1,3,ESTIMATE Agent[05] WEREWOLF
3,talk,14,1,14,Skip
3,talk,15,1,1,ESTIMATE Agent[04] WEREWOLF
3,talk,16,1,13,ESTIMATE Agent[05] WEREWOLF
3,talk,17,1,2,Skip
3,talk,18,1,11,REQUEST(VOTE Agent[09])
3,talk,19,1,6,VOTE Agent[01]
3,talk,20,1,5,DISAGREE TALK day1 ID:104
3,talk,21,1,10,REQUEST(VOTE Agent[03])
3,talk,22,1,8,ESTIMATE Agent[05] WEREWOLF
3,talk,23,1,7,Skip
3,talk,24,2,13,REQUEST(Agent[09] DIVINATION Agent[05])
3,talk,25,2,3,REQUEST(Agent[09] DIVINATION Agent[05])
3,talk,26,2,7,Skip
3,talk,27,2,11,VOTE Agent[14]
3,talk,28,2,8,REQUEST(Agent[09] DIVINATION Agent[05])
3,talk,29,2,6,REQUEST(VOTE Agent[01])
3,talk,30,2,14,Skip
3,talk,31,2,1,ESTIMATE Agent[05] WEREWOLF
3,talk,32,2,2,Skip
3,talk,33,2,5,DISAGREE TALK day2 ID:28
3,talk,34,2,9,REQUEST(VOTE Agent[05])
3,talk,35,2,10,Skip
3,talk,36,3,11,REQUEST(VOTE Agent[14])
3,talk,37,3,13,VOTE Agent[05]
3,talk,38,3,5,ESTIMATE Agent[11] SEER
3,talk,39,3,6,Skip
3,talk,40,3,3,VOTE Agent[05]
3,talk,41,3,9,Skip
3,talk,42,3,1,ESTIMATE Agent[11] WEREWOLF
3,talk,43,3,10,Skip
3,talk,44,3,7,Over
3,talk,45,3,14,Over
3,talk,46,3,8,VOTE Agent[05]
3,talk,47,3,2,Over
3,talk,48,4,1,VOTE Agent[05]
3,talk,49,4,14,Over
3,talk,50,4,2,Over
3,talk,51,4,7,Over
3,talk,52,4,3,Skip
3,talk,53,4,9,Skip
3,talk,54,4,5,DISAGREE TALK day1 ID:32
3,talk,55,4,6,Skip
3,talk,56,4,8,Skip
3,talk,57,4,11,Skip
3,talk,58,4,13,Skip
3,talk,59,4,10,Over
3,talk,60,5,6,Over
3,talk,61,5,2,Over
3,talk,62,5,7,Over
3,talk,63,5,9,Over
3,talk,64,5,13,Skip
3,talk,65,5,3,Skip
3,talk,66,5,1,Over
3,talk,67,5,8,Skip
3,talk,68,5,10,Over
3,talk,69,5,5,DISAGREE TALK day1 ID:34
3,talk,70,5,14,Over
3,talk,71,5,11,Skip
3,talk,72,6,3,Over
3,talk,73,6,13,Over
3,talk,74,6,10,Over
3,talk,75,6,1,Over
3,talk,76,6,6,Over
3,talk,77,6,5,DISAGREE TALK day1 ID:35
3,talk,78,6,8,Over
3,talk,79,6,14,Over
3,talk,80,6,2,Over
3,talk,81,6,7,Over
3,talk,82,6,11,Over
3,talk,83,6,9,Over
3,talk,84,7,11,Over
3,talk,85,7,5,DISAGREE TALK day1 ID:36
3,talk,86,7,14,Over
3,talk,87,7,1,Over
3,talk,88,7,7,Over
3,talk,89,7,2,Over
3,talk,90,7,13,Over
3,talk,91,7,9,Over
3,talk,92,7,6,Over
3,talk,93,7,8,Over
3,talk,94,7,3,Over
3,talk,95,7,10,Over
3,talk,96,8,7,Over
3,talk,97,8,3,Over
3,talk,98,8,1,Over
3,talk,99,8,5,DISAGREE TALK day1 ID:37
3,talk,100,8,6,Over
3,talk,101,8,11,Over
3,talk,102,8,8,Over
3,talk,103,8,2,Over
3,talk,104,8,9,Over
3,talk,105,8,13,Over
3,talk,106,8,10,Over
3,talk,107,8,14,Over
3,talk,108,9,2,Over
3,talk,109,9,13,Over
3,talk,110,9,10,Over
3,talk,111,9,9,Over
3,talk,112,9,11,Over
3,talk,113,9,5,DISAGREE TALK day1 ID:40
3,talk,114,9,7,Over
3,talk,115,9,3,Over
3,talk,116,9,8,Over
3,talk,117,9,14,Over
3,talk,118,9,1,Over
3,talk,119,9,6,Over
3,talk,120,10,14,Over
3,talk,121,10,9,Over
3,talk,122,10,1,Over
3,talk,123,10,6,Over
3,talk,124,10,11,Over
3,talk,125,10,7,Over
3,talk,126,10,10,Over
3,talk,127,10,5,Over
3,talk,128,10,8,Over
3,talk,129,10,2,Over
3,talk,130,10,13,Over
3,talk,131,10,3,Over
3,vote,1,5
3,vote,2,5
3,vote,3,5
3,vote,5,9
3,vote,6,1
3,vote,7,14
3,vote,8,5
3,vote,9,5
3,vote,10,3
3,vote,11,14
3,vote,13,5
3,vote,14,5
3,execute,5,VILLAGER
3,whisper,0,0,11,ESTIMATE Agent[09] POSSESSED
3,whisper,1,0,6,ESTIMATE Agent[09] POSSESSED
3,whisper,2,0,10,ESTIMATE Agent[09] POSSESSED
3,whisper,3,1,10,ATTACK Agent[01]
3,whisper,4,1,11,ATTACK Agent[13]
3,whisper,5,1,6,ATTACK Agent[07]
3,whisper,6,2,10,REQUEST(ATTACK Agent[01])
3,whisper,7,2,6,REQUEST(ATTACK Agent[07])
3,whisper,8,2,11,REQUEST(ATTACK Agent[13])
3,whisper,9,3,10,Skip
3,whisper,10,3,11,DIVINED Agent[08] WEREWOLF
3,whisper,11,3,6,IDENTIFIED Agent[05] HUMAN
3,whisper,12,4,6,Skip
3,whisper,13,4,10,Skip
3,whisper,14,4,11,Skip
3,whisper,15,5,11,Skip
3,whisper,16,5,6,Skip
3,whisper,17,5,10,Over
3,whisper,18,6,10,Over
3,whisper,19,6,6,Over
3,whisper,20,6,11,Over
3,guard,2,9,POSSESSED
3,attackVote,6,7
3,attackVote,10,1
3,attackVote,11,13
3,attackVote,6,7
3,attackVote,10,1
3,attackVote,11,13
3,attack,7,true
4,status,1,VILLAGER,ALIVE,wolf1
4,status,2,BODYGUARD,ALIVE,SampleRoleAssignPlayer
4,status,3,VILLAGER,ALIVE,SampleRoleAssignPlayer
4,status,4,SEER,DEAD,SampleRoleAssignPlayer
4,status,5,VILLAGER,DEAD,SampleRoleAssignPlayer
4,status,6,WEREWOLF,ALIVE,SampleRoleAssignPlayer
4,status,7,VILLAGER,DEAD,SampleRoleAssignPlayer
4,status,8,VILLAGER,ALIVE,SampleRoleAssignPlayer
4,status,9,POSSESSED,ALIVE,SampleRoleAssignPlayer
4,status,10,WEREWOLF,ALIVE,SampleRoleAssignPlayer
4,status,11,WEREWOLF,ALIVE,SampleRoleAssignPlayer
4,status,12,VILLAGER,DEAD,SampleRoleAssignPlayer
4,status,13,VILLAGER,ALIVE,SampleRoleAssignPlayer
4,status,14,VILLAGER,ALIVE,SampleRoleAssignPlayer
4,status,15,MEDIUM,DEAD,SampleRoleAssignPlayer
4,talk,0,0,9,DIVINED Agent[13] HUMAN
4,talk,1,0,1,VOTE Agent[11]
4,talk,2,0,11,DIVINED Agent[08] WEREWOLF
4,talk,3,0,13,ESTIMATE Agent[14] WEREWOLF
4,talk,4,0,10,VOTE Agent[13]
4,talk,5,0,3,ESTIMATE Agent[14] WEREWOLF
4,talk,6,0,2,ESTIMATE Agent[14] WEREWOLF
4,talk,7,0,6,IDENTIFIED Agent[05] HUMAN
4,talk,8,0,8,ESTIMATE Agent[14] WEREWOLF
4,talk,9,0,14,AGREE TALK day1 ID:104
4,talk,10,1,9,VOTE Agent[05]
4,talk,11,1,8,REQUEST(Agent[09] DIVINATION Agent[14])
4,talk,12,1,2,REQUEST(Agent[09] DIVINATION Agent[14])
4,talk,13,1,6,VOTE Agent[03]
4,talk,14,1,11,VOTE Agent[14]
4,talk,15,1,1,ESTIMATE Agent[06] WEREWOLF
4,talk,16,1,10,REQUEST(VOTE Agent[13])
4,talk,17,1,13,REQUEST(Agent[09] DIVINATION Agent[14])
4,talk,18,1,3,REQUEST(Agent[09] DIVINATION Agent[14])
4,talk,19,1,14,AGREE TALK day2 ID:28
4,talk,20,2,10,Skip
4,talk,21,2,6,REQUEST(VOTE Agent[03])
4,talk,22,2,14,DISAGREE TALK day3 ID:38
4,talk,23,2,2,VOTE Agent[14]
4,talk,24,2,8,AGREE TALK day1 ID:104
4,talk,25,2,1,ESTIMATE Agent[11] WEREWOLF
4,talk,26,2,13,VOTE Agent[14]
4,talk,27,2,9,REQUEST(VOTE Agent[05])
4,talk,28,2,3,VOTE Agent[14]
4,talk,29,2,11,REQUEST(VOTE Agent[14])
4,talk,30,3,1,ESTIMATE Agent[13] WEREWOLF
4,talk,31,3,9,Skip
4,talk,32,3,8,AGREE TALK day2 ID:28
4,talk,33,3,13,Skip
4,talk,34,3,10,Skip
4,talk,35,3,2,Skip
4,talk,36,3,6,Skip
4,talk,37,3,14,AGREE TALK day3 ID:42
4,talk,38,3,11,Skip
4,talk,39,3,3,Skip
4,talk,40,4,3,Skip
4,talk,41,4,1,Over
4,talk,42,4,10,Over
4,talk,43,4,9,Skip
4,talk,44,4,14,ESTIMATE Agent[11] WEREWOLF
4,talk,45,4,8,DISAGREE TALK day3 ID:38
4,talk,46,4,2,Skip
4,talk,47,4,13,Skip
4,talk,48,4,11,Skip
4,talk,49,4,6,Skip
4,talk,50,5,6,Over
4,talk,51,5,14,REQUEST(Agent[09] DIVINATION Agent[11])
4,talk,52,5,1,Over
4,talk,53,5,10,Over
4,talk,54,5,2,Over
4,talk,55,5,8,AGREE TALK day3 ID:42
4,talk,56,5,9,Over
4,talk,57,5,13,Over
4,talk,58,5,11,Over
4,talk,59,5,3,Over
4,talk,60,6,6,Over
4,talk,61,6,14,VOTE Agent[11]
4,talk,62,6,2,Over
4,talk,63,6,3,Over
4,talk,64,6,11,Over
4,talk,65,6,10,Over
4,talk,66,6,8,ESTIMATE Agent[11] WEREWOLF
4,talk,67,6,13,Over
4,talk,68,6,9,Over
4,talk,69,6,1,Over
4,talk,70,7,9,Over
4,talk,71,7,13,Over
4,talk,72,7,3,Over
4,talk,73,7,2,Over
4,talk,74,7,11,Over
4,talk,75,7,14,Skip
4,talk,76,7,1,Over
4,talk,77,7,8,REQUEST(Agent[09] DIVINATION Agent[11])
4,talk,78,7,6,Over
4,talk,79,7,10,Over
4,talk,80,8,8,VOTE Agent[11]
4,talk,81,8,14,Skip
4,talk,82,8,11,Over
4,talk,83,8,6,Over
4,talk,84,8,13,Over
4,talk,85,8,3,Over
4,talk,86,8,1,Over
4,talk,87,8,2,Over
4,talk,88,8,10,Over
4,talk,89,8,9,Over
4,talk,90,9,9,Over
4,talk,91,9,13,Over
4,talk,92,9,10,Over
4,talk,93,9,8,Skip
4,talk,94,9,2,Over
4,talk,95,9,1,Over
4,talk,96,9,11,Over
4,talk,97,9,6,Over
4,talk,98,9,14,Over
4,talk,99,9,3,Over
4,talk,100,10,9,Over
4,talk,101,10,10,Over
4,talk,102,10,2,Over
4,talk,103,10,13,Over
4,talk,104,10,3,Over
4,talk,105,10,6,Over
4,talk,106,10,1,Over
4,talk,107,10,8,Skip
4,talk,108,10,14,Over
4,talk,109,10,11,Over
4,talk,110,11,13,Over
4,talk,111,11,11,Over
4,talk,112,11,8,Over
4,talk,113,11,6,Over
4,talk,114,11,10,Over
4,talk,115,11,14,Over
4,talk,116,11,2,Over
4,talk,117,11,3,Over
4,talk,118,11,1,Over
4,talk,119,11,9,Over
4,vote,1,11
4,vote,2,14
4,vote,3,14
4,vote,6,3
4,vote,8,11
4,vote,9,3
4,vote,10,13
4,vote,11,14
4,vote,13,14
4,vote,14,11
4,execute,14,VILLAGER
4,whisper,0,0,6,ATTACK Agent[01]
4,whisper,1,0,10,ATTACK Agent[03]
4,whisper,2,0,11,ATTACK Agent[08]
4,whisper,3,1,11,REQUEST(ATTACK Agent[08])
4,whisper,4,1,10,REQUEST(ATTACK Agent[03])
4,whisper,5,1,6,REQUEST(ATTACK Agent[01])
4,whisper,6,2,6,IDENTIFIED Agent[14] HUMAN
4,whisper,7,2,11,DIVINED Agent[13] WEREWOLF
4,whisper,8,2,10,Skip
4,whisper,9,3,6,Skip
4,whisper,10,3,11,Skip
4,whisper,11,3,10,Skip
4,whisper,12,4,10,Over
4,whisper,13,4,11,Skip
4,whisper,14,4,6,Skip
4,whisper,15,5,10,Over
4,whisper,16,5,6,Over
4,whisper,17,5,11,Over
4,guard,2,9,POSSESSED
4,attackVote,6,1
4,attackVote,10,3
4,attackVote,11,8
4,attackVote,6,1
4,attackVote,10,3
4,attackVote,11,8
4,attack,8,true
5,status,1,VILLAGER,ALIVE,wolf1
5,status,2,BODYGUARD,ALIVE,SampleRoleAssignPlayer
5,status,3,VILLAGER,ALIVE,SampleRoleAssignPlayer
5,status,4,SEER,DEAD,SampleRoleAssignPlayer
5,status,5,VILLAGER,DEAD,SampleRoleAssignPlayer
5,status,6,WEREWOLF,ALIVE,SampleRoleAssignPlayer
5,status,7,VILLAGER,DEAD,SampleRoleAssignPlayer
5,status,8,VILLAGER,DEAD,SampleRoleAssignPlayer
5,status,9,POSSESSED,ALIVE,SampleRoleAssignPlayer
5,status,10,WEREWOLF,ALIVE,SampleRoleAssignPlayer
5,status,11,WEREWOLF,ALIVE,SampleRoleAssignPlayer
5,status,12,VILLAGER,DEAD,SampleRoleAssignPlayer
5,status,13,VILLAGER,ALIVE,SampleRoleAssignPlayer
5,status,14,VILLAGER,DEAD,SampleRoleAssignPlayer
5,status,15,MEDIUM,DEAD,SampleRoleAssignPlayer
5,talk,0,0,9,DIVINED Agent[10] WEREWOLF
5,talk,1,0,3,AGREE TALK day1 ID:104
5,talk,2,0,6,IDENTIFIED Agent[14] HUMAN
5,talk,3,0,1,VOTE Agent[11]
5,talk,4,0,2,AGREE TALK day1 ID:104
5,talk,5,0,13,AGREE TALK day1 ID:104
5,talk,6,0,11,DIVINED Agent[13] WEREWOLF
5,talk,7,0,10,VOTE Agent[13]
5,talk,8,1,3,AGREE TALK day2 ID:28
5,talk,9,1,6,VOTE Agent[01]
5,talk,10,1,13,AGREE TALK day2 ID:28
5,talk,11,1,10,REQUEST(VOTE Agent[13])
5,talk,12,1,2,AGREE TALK day2 ID:28
5,talk,13,1,9,VOTE Agent[10]
5,talk,14,1,1,ESTIMATE Agent[02] WEREWOLF
5,talk,15,1,11,VOTE Agent[13]
5,talk,16,2,6,REQUEST(VOTE Agent[01])
5,talk,17,2,3,DISAGREE TALK day3 ID:38
5,talk,18,2,1,ESTIMATE Agent[06] WEREWOLF
5,talk,19,2,10,Skip
5,talk,20,2,13,DISAGREE TALK day3 ID:38
5,talk,21,2,11,REQUEST(VOTE Agent[13])
5,talk,22,2,2,DISAGREE TALK day3 ID:38
5,talk,23,2,9,REQUEST(VOTE Agent[10])
5,talk,24,3,3,AGREE TALK day3 ID:42
5,talk,25,3,13,AGREE TALK day3 ID:42
5,talk,26,3,11,Skip
5,talk,27,3,9,Skip
5,talk,28,3,10,Skip
5,talk,29,3,6,Skip
5,talk,30,3,1,ESTIMATE Agent[09] WEREWOLF
5,talk,31,3,2,AGREE TALK day3 ID:42
5,talk,32,4,2,AGREE TALK day4 ID:25
5,talk,33,4,9,Skip
5,talk,34,4,3,AGREE TALK day4 ID:25
5,talk,35,4,11,Skip
5,talk,36,4,10,Over
5,talk,37,4,6,Skip
5,talk,38,4,1,ESTIMATE Agent[03] VILLAGER
5,talk,39,4,13,AGREE TALK day4 ID:25
5,talk,40,5,9,Over
5,talk,41,5,1,Over
5,talk,42,5,13,AGREE TALK day4 ID:44
5,talk,43,5,2,AGREE TALK day4 ID:44
5,talk,44,5,11,Over
5,talk,45,5,6,Over
5,talk,46,5,10,Over
5,talk,47,5,3,AGREE TALK day4 ID:44
5,talk,48,6,13,AGREE TALK day4 ID:66
5,talk,49,6,11,Over
5,talk,50,6,6,Over
5,talk,51,6,3,AGREE TALK day4 ID:66
5,talk,52,6,1,Over
5,talk,53,6,2,AGREE TALK day4 ID:66
5,talk,54,6,10,Over
5,talk,55,6,9,Over
5,talk,56,7,2,ESTIMATE Agent[11] WEREWOLF
5,talk,57,7,11,Over
5,talk,58,7,6,Over
5,talk,59,7,13,ESTIMATE Agent[11] WEREWOLF
5,talk,60,7,1,Over
5,talk,61,7,3,ESTIMATE Agent[11] WEREWOLF
5,talk,62,7,9,Over
5,talk,63,7,10,Over
5,talk,64,8,10,Over
5,talk,65,8,2,REQUEST(Agent[09] DIVINATION Agent[11])
5,talk,66,8,9,Over
5,talk,67,8,13,REQUEST(Agent[09] DIVINATION Agent[11])
5,talk,68,8,1,Over
5,talk,69,8,6,Over
5,talk,70,8,3,REQUEST(Agent[09] DIVINATION Agent[11])
5,talk,71,8,11,Over
5,talk,72,9,10,Over
5,talk,73,9,11,Over
5,talk,74,9,1,Over
5,talk,75,9,9,Over
5,talk,76,9,13,VOTE Agent[11]
5,talk,77,9,3,VOTE Agent[11]
5,talk,78,9,2,VOTE Agent[11]
5,talk,79,9,6,Over
5,talk,80,10,2,Over
5,talk,81,10,11,Over
5,talk,82,10,6,Over
5,talk,83,10,10,Over
5,talk,84,10,3,Over
5,talk,85,10,9,Over
5,talk,86,10,13,Over
5,talk,87,10,1,Over
5,vote,1,11
5,vote,2,11
5,vote,3,11
5,vote,6,1
5,vote,9,10
5,vote,10,13
5,vote,11,13
5,vote,13,11
5,execute,11,WEREWOLF
5,whisper,0,0,10,ATTACK Agent[02]
5,whisper,1,0,6,ATTACK Agent[03]
5,whisper,2,1,6,REQUEST(ATTACK Agent[03])
5,whisper,3,1,10,REQUEST(ATTACK Agent[02])
5,whisper,4,2,10,Skip
5,whisper,5,2,6,IDENTIFIED Agent[11] HUMAN
5,whisper,6,3,6,Skip
5,whisper,7,3,10,Skip
5,whisper,8,4,6,Skip
5,whisper,9,4,10,Over
5,whisper,10,5,10,Over
5,whisper,11,5,6,Over
5,guard,2,9,POSSESSED
5,attackVote,6,3
5,attackVote,10,2
5,attackVote,6,3
5,attackVote,10,2
5,attack,3,true
6,status,1,VILLAGER,ALIVE,wolf1
6,status,2,BODYGUARD,ALIVE,SampleRoleAssignPlayer
6,status,3,VILLAGER,DEAD,SampleRoleAssignPlayer
6,status,4,SEER,DEAD,SampleRoleAssignPlayer
6,status,5,VILLAGER,DEAD,SampleRoleAssignPlayer
6,status,6,WEREWOLF,ALIVE,SampleRoleAssignPlayer
6,status,7,VILLAGER,DEAD,SampleRoleAssignPlayer
6,status,8,VILLAGER,DEAD,SampleRoleAssignPlayer
6,status,9,POSSESSED,ALIVE,SampleRoleAssignPlayer
6,status,10,WEREWOLF,ALIVE,SampleRoleAssignPlayer
6,status,11,WEREWOLF,DEAD,SampleRoleAssignPlayer
6,status,12,VILLAGER,DEAD,SampleRoleAssignPlayer
6,status,13,VILLAGER,ALIVE,SampleRoleAssignPlayer
6,status,14,VILLAGER,DEAD,SampleRoleAssignPlayer
6,status,15,MEDIUM,DEAD,SampleRoleAssignPlayer
6,talk,0,0,1,VOTE Agent[09]
6,talk,1,0,9,DIVINED Agent[06] HUMAN
6,talk,2,0,6,IDENTIFIED Agent[11] HUMAN
6,talk,3,0,13,ESTIMATE Agent[10] WEREWOLF
6,talk,4,0,2,ESTIMATE Agent[10] WEREWOLF
6,talk,5,0,10,VOTE Agent[01]
6,talk,6,1,6,VOTE Agent[13]
6,talk,7,1,9,VOTE Agent[05]
6,talk,8,1,13,REQUEST(Agent[09] DIVINATION Agent[10])
6,talk,9,1,2,REQUEST(Agent[09] DIVINATION Agent[10])
6,talk,10,1,1,ESTIMATE Agent[06] WEREWOLF
6,talk,11,1,10,REQUEST(VOTE Agent[01])
6,talk,12,2,2,VOTE Agent[10]
6,talk,13,2,13,VOTE Agent[10]
6,talk,14,2,1,ESTIMATE Agent[07] WEREWOLF
6,talk,15,2,6,REQUEST(VOTE Agent[13])
6,talk,16,2,9,REQUEST(VOTE Agent[05])
6,talk,17,2,10,Skip
6,talk,18,3,13,Skip
6,talk,19,3,10,Skip
6,talk,20,3,1,ESTIMATE Agent[09] WEREWOLF
6,talk,21,3,9,Skip
6,talk,22,3,2,Skip
6,talk,23,3,6,Skip
6,talk,24,4,2,Skip
6,talk,25,4,1,ESTIMATE Agent[13] VILLAGER
6,talk,26,4,6,Skip
6,talk,27,4,10,Over
6,talk,28,4,13,Skip
6,talk,29,4,9,Skip
6,talk,30,5,13,Over
6,talk,31,5,1,Over
6,talk,32,5,2,Over
6,talk,33,5,9,Over
6,talk,34,5,10,Over
6,talk,35,5,6,Over
6,vote,1,9
6,vote,2,10
6,vote,6,13
6,vote,9,2
6,vote,10,1
6,vote,13,10
6,execute,10,WEREWOLF
6,guard,2,9,POSSESSED
7,status,1,VILLAGER,ALIVE,wolf1
7,status,2,BODYGUARD,ALIVE,SampleRoleAssignPlayer
7,status,3,VILLAGER,DEAD,SampleRoleAssignPlayer
7,status,4,SEER,DEAD,SampleRoleAssignPlayer
7,status,5,VILLAGER,DEAD,SampleRoleAssignPlayer
7,status,6,WEREWOLF,ALIVE,SampleRoleAssignPlayer
7,status,7,VILLAGER,DEAD,SampleRoleAssignPlayer
7,status,8,VILLAGER,DEAD,SampleRoleAssignPlayer
7,status,9,POSSESSED,ALIVE,SampleRoleAssignPlayer
7,status,10,WEREWOLF,DEAD,SampleRoleAssignPlayer
7,status,11,WEREWOLF,DEAD,SampleRoleAssignPlayer
7,status,12,VILLAGER,DEAD,SampleRoleAssignPlayer
7,status,13,VILLAGER,ALIVE,SampleRoleAssignPlayer
7,status,14,VILLAGER,DEAD,SampleRoleAssignPlayer
7,status,15,MEDIUM,DEAD,SampleRoleAssignPlayer
7,talk,0,0,2,VOTE Agent[06]
7,talk,1,0,1,VOTE Agent[09]
7,talk,2,0,13,VOTE Agent[09]
7,talk,3,0,9,DIVINED Agent[13] WEREWOLF
7,talk,4,0,6,VOTE Agent[02]
7,talk,5,1,6,REQUEST(VOTE Agent[02])
7,talk,6,1,2,AGREE TALK day1 ID:69
7,talk,7,1,9,VOTE Agent[05]
7,talk,8,1,13,Skip
7,talk,9,1,1,ESTIMATE Agent[06] WEREWOLF
7,talk,10,2,2,AGREE TALK day2 ID:42
7,talk,11,2,1,ESTIMATE Agent[07] WEREWOLF
7,talk,12,2,13,Skip
7,talk,13,2,9,REQUEST(VOTE Agent[05])
7,talk,14,2,6,Skip
7,talk,15,3,2,AGREE TALK day4 ID:30
7,talk,16,3,6,Skip
7,talk,17,3,9,Skip
7,talk,18,3,1,ESTIMATE Agent[09] WEREWOLF
7,talk,19,3,13,Over
7,talk,20,4,2,DISAGREE TALK day6 ID:25
7,talk,21,4,13,Over
7,talk,22,4,9,Skip
7,talk,23,4,6,Over
7,talk,24,4,1,ESTIMATE Agent[02] VILLAGER
7,talk,25,5,1,ESTIMATE Agent[13] VILLAGER
7,talk,26,5,6,Over
7,talk,27,5,13,Over
7,talk,28,5,9,Over
7,talk,29,5,2,ESTIMATE Agent[13] WEREWOLF
7,talk,30,6,2,REQUEST(Agent[09] DIVINATION Agent[13])
7,talk,31,6,6,Over
7,talk,32,6,1,Over
7,talk,33,6,9,Over
7,talk,34,6,13,Over
7,talk,35,7,9,Over
7,talk,36,7,2,VOTE Agent[13]
7,talk,37,7,1,Over
7,talk,38,7,13,Over
7,talk,39,7,6,Over
7,talk,40,8,9,Over
7,talk,41,8,6,Over
7,talk,42,8,13,Over
7,talk,43,8,2,Skip
7,talk,44,8,1,Over
7,talk,45,9,13,Over
7,talk,46,9,1,Over
7,talk,47,9,6,Over
7,talk,48,9,2,Skip
7,talk,49,9,9,Over
7,talk,50,10,6,Over
7,talk,51,10,9,Over
7,talk,52,10,13,Over
7,talk,53,10,1,Over
7,talk,54,10,2,Over
7,vote,1,9
7,vote,2,13
7,vote,6,2
7,vote,9,1
7,vote,13,9
7,execute,9,POSSESSED
7,guard,2,9,POSSESSED
7,attackVote,6,13
7,attack,13,true
8,status,1,VILLAGER,ALIVE,wolf1
8,status,2,BODYGUARD,ALIVE,SampleRoleAssignPlayer
8,status,3,VILLAGER,DEAD,SampleRoleAssignPlayer
8,status,4,SEER,DEAD,SampleRoleAssignPlayer
8,status,5,VILLAGER,DEAD,SampleRoleAssignPlayer
8,status,6,WEREWOLF,ALIVE,SampleRoleAssignPlayer
8,status,7,VILLAGER,DEAD,SampleRoleAssignPlayer
8,status,8,VILLAGER,DEAD,SampleRoleAssignPlayer
8,status,9,POSSESSED,DEAD,SampleRoleAssignPlayer
8,status,10,WEREWOLF,DEAD,SampleRoleAssignPlayer
8,status,11,WEREWOLF,DEAD,SampleRoleAssignPlayer
8,status,12,VILLAGER,DEAD,SampleRoleAssignPlayer
8,status,13,VILLAGER,DEAD,SampleRoleAssignPlayer
8,status,14,VILLAGER,DEAD,SampleRoleAssignPlayer
8,status,15,MEDIUM,DEAD,SampleRoleAssignPlayer
8,talk,0,0,1,ESTIMATE Agent[06] WEREWOLF
8,talk,1,0,6,IDENTIFIED Agent[09] HUMAN
8,talk,2,0,2,VOTE Agent[01]
8,talk,3,1,6,VOTE Agent[02]
8,talk,4,1,1,ESTIMATE Agent[07] WEREWOLF
8,talk,5,1,2,Skip
8,talk,6,2,6,REQUEST(VOTE Agent[02])
8,talk,7,2,1,ESTIMATE Agent[09] WEREWOLF
8,talk,8,2,2,Skip
8,talk,9,3,6,Skip
8,talk,10,3,2,Over
8,talk,11,3,1,ESTIMATE Agent[02] VILLAGER
8,talk,12,4,2,Over
8,talk,13,4,1,Over
8,talk,14,4,6,Skip
8,talk,15,5,6,Over
8,talk,16,5,1,Over
8,talk,17,5,2,Over
8,vote,1,6
8,vote,2,1
8,vote,6,2
8,vote,1,6
8,vote,2,1
8,vote,6,2
8,execute,1,VILLAGER
8,guard,2,6,WEREWOLF
8,attackVote,6,2
8,attack,2,true
9,status,1,VILLAGER,DEAD,wolf1
9,status,2,BODYGUARD,DEAD,SampleRoleAssignPlayer
9,status,3,VILLAGER,DEAD,SampleRoleAssignPlayer
9,status,4,SEER,DEAD,SampleRoleAssignPlayer
9,status,5,VILLAGER,DEAD,SampleRoleAssignPlayer
9,status,6,WEREWOLF,ALIVE,SampleRoleAssignPlayer
9,status,7,VILLAGER,DEAD,SampleRoleAssignPlayer
9,status,8,VILLAGER,DEAD,SampleRoleAssignPlayer
9,status,9,POSSESSED,DEAD,SampleRoleAssignPlayer
9,status,10,WEREWOLF,DEAD,SampleRoleAssignPlayer
9,status,11,WEREWOLF,DEAD,SampleRoleAssignPlayer
9,status,12,VILLAGER,DEAD,SampleRoleAssignPlayer
9,status,13,VILLAGER,DEAD,SampleRoleAssignPlayer
9,status,14,VILLAGER,DEAD,SampleRoleAssignPlayer
9,status,15,MEDIUM,DEAD,SampleRoleAssignPlayer
9,result,0,1,WEREWOLF
