0,status,1,VILLAGER,ALIVE,wolf1
0,status,2,WEREWOLF,ALIVE,SampleRoleAssignPlayer
0,status,3,BODYGUARD,ALIVE,SampleRoleAssignPlayer
0,status,4,SEER,ALIVE,SampleRoleAssignPlayer
0,status,5,VILLAGER,ALIVE,SampleRoleAssignPlayer
0,status,6,VILLAGER,ALIVE,SampleRoleAssignPlayer
0,status,7,VILLAGER,ALIVE,SampleRoleAssignPlayer
0,status,8,WEREWOLF,ALIVE,SampleRoleAssignPlayer
0,status,9,VILLAGER,ALIVE,SampleRoleAssignPlayer
0,status,10,VILLAGER,ALIVE,SampleRoleAssignPlayer
0,status,11,MEDIUM,ALIVE,SampleRoleAssignPlayer
0,status,12,POSSESSED,ALIVE,SampleRoleAssignPlayer
0,status,13,VILLAGER,ALIVE,SampleRoleAssignPlayer
0,status,14,WEREWOLF,ALIVE,SampleRoleAssignPlayer
0,status,15,VILLAGER,ALIVE,SampleRoleAssignPlayer
0,whisper,0,0,14,COMINGOUT Agent[14] MEDIUM
0,whisper,1,0,2,COMINGOUT Agent[02] VILLAGER
0,whisper,2,0,8,COMINGOUT Agent[08] MEDIUM
0,whisper,3,1,2,COMINGOUT Agent[02] SEER
0,whisper,4,1,8,Skip
0,whisper,5,1,14,Skip
0,whisper,6,2,14,COMINGOUT Agent[14] VILLAGER
0,whisper,7,2,8,COMINGOUT Agent[08] VILLAGER
0,whisper,8,2,2,Skip
0,whisper,9,3,14,COMINGOUT Agent[14] MEDIUM
0,whisper,10,3,2,Skip
0,whisper,11,3,8,Skip
0,whisper,12,4,8,Skip
0,whisper,13,4,14,Skip
0,whisper,14,4,2,DIVINED Agent[14] HUMAN
0,whisper,15,5,14,Skip
0,whisper,16,5,2,Skip
0,whisper,17,5,8,Over
0,whisper,18,6,2,Skip
0,whisper,19,6,8,Over
0,whisper,20,6,14,Over
0,whisper,21,7,2,Over
0,whisper,22,7,8,Over
0,whisper,23,7,14,Over
0,divine,4,14,WEREWOLF
1,status,1,VILLAGER,ALIVE,wolf1
1,status,2,WEREWOLF,ALIVE,SampleRoleAssignPlayer
1,status,3,BODYGUARD,ALIVE,SampleRoleAssignPlayer
1,status,4,SEER,ALIVE,SampleRoleAssignPlayer
1,status,5,VILLAGER,ALIVE,SampleRoleAssignPlayer
1,status,6,VILLAGER,ALIVE,SampleRoleAssignPlayer
1,status,7,VILLAGER,ALIVE,SampleRoleAssignPlayer
1,status,8,WEREWOLF,ALIVE,SampleRoleAssignPlayer
1,status,9,VILLAGER,ALIVE,SampleRoleAssignPlayer
1,status,10,VILLAGER,ALIVE,SampleRoleAssignPlayer
1,status,11,MEDIUM,ALIVE,SampleRoleAssignPlayer
1,status,12,POSSESSED,ALIVE,SampleRoleAssignPlayer
1,status,13,VILLAGER,ALIVE,SampleRoleAssignPlayer
1,status,14,WEREWOLF,ALIVE,SampleRoleAssignPlayer
1,status,15,VILLAGER,ALIVE,SampleRoleAssignPlayer
1,talk,0,0,5,VOTE Agent[06]
1,talk,1,0,10,VOTE Agent[12]
1,talk,2,0,13,VOTE Agent[01]
1,talk,3,0,3,VOTE Agent[02]
1,talk,4,0,8,VOTE Agent[12]
1,talk,5,0,6,VOTE Agent[10]
1,talk,6,0,2,VOTE Agent[15]
1,talk,7,0,15,VOTE Agent[14]
1,talk,8,0,14,VOTE Agent[12]
1,talk,9,0,11,COMINGOUT Agent[11] MEDIUM
1,talk,10,0,9,VOTE Agent[15]
1,talk,11,0,7,VOTE Agent[09]
1,talk,12,0,12,COMINGOUT Agent[12] SEER
1,talk,13,0,1,VOTE Agent[04]
1,talk,14,0,4,COMINGOUT Agent[04] SEER
1,talk,15,1,6,Skip
1,talk,16,1,8,REQUEST(VOTE Agent[12])
1,talk,17,1,9,Skip
1,talk,18,1,2,REQUEST(VOTE Agent[15])
1,talk,19,1,10,Skip
1,talk,20,1,3,Skip
1,talk,21,1,11,VOTE Agent[13]
1,talk,22,1,13,Skip
1,talk,23,1,5,Skip
1,talk,24,1,14,REQUEST(VOTE Agent[12])
1,talk,25,1,4,DIVINED Agent[14] WEREWOLF
1,talk,26,1,7,Skip
1,talk,27,1,12,DIVINED Agent[02] HUMAN
1,talk,28,1,15,Skip
1,talk,29,1,1,ESTIMATE Agent[03] WEREWOLF
1,talk,30,2,6,ESTIMATE Agent[12] SEER
1,talk,31,2,4,REQUEST(VOTE Agent[14])
1,talk,32,2,15,ESTIMATE Agent[04] SEER
1,talk,33,2,10,ESTIMATE Agent[12] SEER
1,talk,34,2,7,ESTIMATE Agent[04] SEER
1,talk,35,2,11,ESTIMATE Agent[04] SEER
1,talk,36,2,14,VOTE Agent[11]
1,talk,37,2,9,ESTIMATE Agent[12] SEER
1,talk,38,2,1,ESTIMATE Agent[09] WEREWOLF
1,talk,39,2,5,ESTIMATE Agent[12] SEER
1,talk,40,2,13,ESTIMATE Agent[12] SEER
1,talk,41,2,2,VOTE Agent[04]
1,talk,42,2,12,REQUEST(VOTE Agent[07])
1,talk,43,2,3,ESTIMATE Agent[04] SEER
1,talk,44,2,8,VOTE Agent[15]
1,talk,45,3,8,REQUEST(VOTE Agent[15])
1,talk,46,3,12,VOTE Agent[04]
1,talk,47,3,5,ESTIMATE Agent[14] WEREWOLF
1,talk,48,3,3,ESTIMATE Agent[14] WEREWOLF
1,talk,49,3,10,ESTIMATE Agent[14] WEREWOLF
1,talk,50,3,9,ESTIMATE Agent[14] WEREWOLF
1,talk,51,3,13,ESTIMATE Agent[14] WEREWOLF
1,talk,52,3,15,Skip
1,talk,53,3,7,ESTIMATE Agent[14] WEREWOLF
1,talk,54,3,4,VOTE Agent[14]
1,talk,55,3,1,ESTIMATE Agent[15] WEREWOLF
1,talk,56,3,6,ESTIMATE Agent[14] WEREWOLF
1,talk,57,3,11,ESTIMATE Agent[14] WEREWOLF
1,talk,58,3,14,REQUEST(VOTE Agent[11])
1,talk,59,3,2,REQUEST(VOTE Agent[04])
1,talk,60,4,1,VOTE Agent[14]
1,talk,61,4,13,REQUEST(Agent[12] DIVINATION Agent[14])
1,talk,62,4,10,REQUEST(Agent[12] DIVINATION Agent[14])
1,talk,63,4,2,COMINGOUT Agent[02] SEER
1,talk,64,4,9,REQUEST(Agent[12] DIVINATION Agent[14])
1,talk,65,4,14,COMINGOUT Agent[14] MEDIUM
1,talk,66,4,6,REQUEST(Agent[12] DIVINATION Agent[14])
1,talk,67,4,3,REQUEST(Agent[04] DIVINATION Agent[14])
1,talk,68,4,8,Skip
1,talk,69,4,5,REQUEST(Agent[12] DIVINATION Agent[14])
1,talk,70,4,4,Skip
1,talk,71,4,11,REQUEST(Agent[04] DIVINATION Agent[14])
1,talk,72,4,12,REQUEST(VOTE Agent[04])
1,talk,73,4,7,REQUEST(Agent[04] DIVINATION Agent[14])
1,talk,74,4,15,Skip
1,talk,75,5,4,Skip
1,talk,76,5,12,Skip
1,talk,77,5,2,DIVINED Agent[14] HUMAN
1,talk,78,5,14,Skip
1,talk,79,5,9,VOTE Agent[14]
1,talk,80,5,8,Skip
1,talk,81,5,5,VOTE Agent[14]
1,talk,82,5,7,VOTE Agent[14]
1,talk,83,5,11,VOTE Agent[14]
1,talk,84,5,13,VOTE Agent[14]
1,talk,85,5,3,VOTE Agent[14]
1,talk,86,5,1,ESTIMATE Agent[12] WEREWOLF
1,talk,87,5,6,VOTE Agent[14]
1,talk,88,5,10,VOTE Agent[14]
1,talk,89,5,15,Over
1,talk,90,6,9,Skip
1,talk,91,6,15,Over
1,talk,92,6,1,ESTIMATE Agent[02] WEREWOLF
1,talk,93,6,6,Skip
1,talk,94,6,14,Skip
1,talk,95,6,12,Skip
1,talk,96,6,3,Skip
1,talk,97,6,13,Skip
1,talk,98,6,10,Skip
1,talk,99,6,8,Over
1,talk,100,6,2,Skip
1,talk,101,6,11,Skip
1,talk,102,6,4,Over
1,talk,103,6,5,Skip
1,talk,104,6,7,Skip
1,talk,105,7,6,Skip
1,talk,106,7,1,ESTIMATE Agent[14] WEREWOLF
1,talk,107,7,9,Skip
1,talk,108,7,7,Skip
1,talk,109,7,14,Over
1,talk,110,7,4,Over
1,talk,111,7,11,Skip
1,talk,112,7,5,Skip
1,talk,113,7,8,Over
1,talk,114,7,13,Skip
1,talk,115,7,2,Skip
1,talk,116,7,3,Skip
1,talk,117,7,10,Skip
1,talk,118,7,15,Over
1,talk,119,7,12,Over
1,talk,120,8,3,Over
1,talk,121,8,10,Over
1,talk,122,8,4,Over
1,talk,123,8,7,Over
1,talk,124,8,8,Over
1,talk,125,8,2,Over
1,talk,126,8,12,Over
1,talk,127,8,1,Over
1,talk,128,8,13,Over
1,talk,129,8,5,Over
1,talk,130,8,15,Over
1,talk,131,8,6,Over
1,talk,132,8,11,Over
1,talk,133,8,9,Over
1,talk,134,8,14,Over
1,vote,1,14
1,vote,2,4
1,vote,3,14
1,vote,4,14
1,vote,5,14
1,vote,6,14
1,vote,7,14
1,vote,8,15
1,vote,9,14
1,vote,10,14
1,vote,11,14
1,vote,12,4
1,vote,13,14
1,vote,14,11
1,vote,15,14
1,execute,14,WEREWOLF
1,divine,4,12,HUMAN
1,whisper,0,0,2,ESTIMATE Agent[12] POSSESSED
1,whisper,1,0,8,ESTIMATE Agent[12] POSSESSED
1,whisper,2,1,8,ATTACK Agent[11]
1,whisper,3,1,2,ATTACK Agent[04]
1,whisper,4,2,2,REQUEST(ATTACK Agent[04])
1,whisper,5,2,8,REQUEST(ATTACK Agent[11])
1,whisper,6,3,2,DIVINED Agent[07] HUMAN
1,whisper,7,3,8,Skip
1,whisper,8,4,2,Skip
1,whisper,9,4,8,Skip
1,whisper,10,5,8,Over
1,whisper,11,5,2,Skip
1,whisper,12,6,8,Over
1,whisper,13,6,2,Over
1,guard,3,4,SEER
1,attackVote,2,4
1,attackVote,8,11
1,attackVote,2,4
1,attackVote,8,11
1,attack,4,false
2,status,1,VILLAGER,ALIVE,wolf1
2,status,2,WEREWOLF,ALIVE,SampleRoleAssignPlayer
2,status,3,BODYGUARD,ALIVE,SampleRoleAssignPlayer
2,status,4,SEER,ALIVE,SampleRoleAssignPlayer
2,status,5,VILLAGER,ALIVE,SampleRoleAssignPlayer
2,status,6,VILLAGER,ALIVE,SampleRoleAssignPlayer
2,status,7,VILLAGER,ALIVE,SampleRoleAssignPlayer
2,status,8,WEREWOLF,ALIVE,SampleRoleAssignPlayer
2,status,9,VILLAGER,ALIVE,SampleRoleAssignPlayer
2,status,10,VILLAGER,ALIVE,SampleRoleAssignPlayer
2,status,11,MEDIUM,ALIVE,SampleRoleAssignPlayer
2,status,12,POSSESSED,ALIVE,SampleRoleAssignPlayer
2,status,13,VILLAGER,ALIVE,SampleRoleAssignPlayer
2,status,14,WEREWOLF,DEAD,SampleRoleAssignPlayer
2,status,15,VILLAGER,ALIVE,SampleRoleAssignPlayer
2,talk,0,0,5,VOTE Agent[01]
2,talk,1,0,9,VOTE Agent[10]
2,talk,2,0,6,VOTE Agent[13]
2,talk,3,0,2,DIVINED Agent[07] HUMAN
2,talk,4,0,3,VOTE Agent[08]
2,talk,5,0,4,DIVINED Agent[12] HUMAN
2,talk,6,0,15,VOTE Agent[02]
2,talk,7,0,1,VOTE Agent[11]
2,talk,8,0,7,VOTE Agent[08]
2,talk,9,0,11,IDENTIFIED Agent[14] WEREWOLF
2,talk,10,0,8,VOTE Agent[06]
2,talk,11,0,10,VOTE Agent[12]
2,talk,12,0,13,VOTE Agent[02]
2,talk,13,0,12,DIVINED Agent[09] WEREWOLF
2,talk,14,1,15,AGREE TALK day1 ID:38
2,talk,15,1,7,AGREE TALK day1 ID:38
2,talk,16,1,8,REQUEST(VOTE Agent[06])
2,talk,17,1,9,AGREE TALK day1 ID:32
2,talk,18,1,4,AGREE TALK day1 ID:92
2,talk,19,1,1,ESTIMATE Agent[02] WEREWOLF
2,talk,20,1,6,AGREE TALK day1 ID:38
2,talk,21,1,13,AGREE TALK day1 ID:38
2,talk,22,1,11,AGREE TALK day1 ID:92
2,talk,23,1,12,VOTE Agent[09]
2,talk,24,1,2,VOTE Agent[04]
2,talk,25,1,3,AGREE TALK day1 ID:38
2,talk,26,1,5,AGREE TALK day1 ID:38
2,talk,27,1,10,AGREE TALK day1 ID:38
2,talk,28,2,7,ESTIMATE Agent[09] WEREWOLF
2,talk,29,2,12,REQUEST(VOTE Agent[09])
2,talk,30,2,9,AGREE TALK day1 ID:34
2,talk,31,2,2,REQUEST(VOTE Agent[04])
2,talk,32,2,10,ESTIMATE Agent[09] WEREWOLF
2,talk,33,2,4,ESTIMATE Agent[02] WEREWOLF
2,talk,34,2,15,ESTIMATE Agent[09] WEREWOLF
2,talk,35,2,5,ESTIMATE Agent[09] WEREWOLF
2,talk,36,2,1,ESTIMATE Agent[08] WEREWOLF
2,talk,37,2,6,ESTIMATE Agent[09] WEREWOLF
2,talk,38,2,11,ESTIMATE Agent[02] WEREWOLF
2,talk,39,2,13,ESTIMATE Agent[09] WEREWOLF
2,talk,40,2,3,ESTIMATE Agent[09] WEREWOLF
2,talk,41,2,8,Skip
2,talk,42,3,3,REQUEST(Agent[04] DIVINATION Agent[09])
2,talk,43,3,8,Skip
2,talk,44,3,10,REQUEST(Agent[12] DIVINATION Agent[09])
2,talk,45,3,2,Skip
2,talk,46,3,15,REQUEST(Agent[04] DIVINATION Agent[09])
2,talk,47,3,13,REQUEST(Agent[12] DIVINATION Agent[09])
2,talk,48,3,9,AGREE TALK day1 ID:35
2,talk,49,3,4,VOTE Agent[02]
2,talk,50,3,1,ESTIMATE Agent[14] WEREWOLF
2,talk,51,3,5,REQUEST(Agent[12] DIVINATION Agent[09])
2,talk,52,3,7,REQUEST(Agent[04] DIVINATION Agent[09])
2,talk,53,3,12,Skip
2,talk,54,3,11,REQUEST(Agent[04] DIVINATION Agent[02])
2,talk,55,3,6,REQUEST(Agent[12] DIVINATION Agent[09])
2,talk,56,4,8,Over
2,talk,57,4,9,AGREE TALK day1 ID:43
2,talk,58,4,3,VOTE Agent[09]
2,talk,59,4,12,Skip
2,talk,60,4,7,VOTE Agent[09]
2,talk,61,4,6,VOTE Agent[09]
2,talk,62,4,10,VOTE Agent[09]
2,talk,63,4,13,VOTE Agent[09]
2,talk,64,4,1,VOTE Agent[09]
2,talk,65,4,11,VOTE Agent[02]
2,talk,66,4,4,Skip
2,talk,67,4,5,VOTE Agent[09]
2,talk,68,4,2,Skip
2,talk,69,4,15,VOTE Agent[09]
2,talk,70,5,2,Over
2,talk,71,5,13,Skip
2,talk,72,5,3,Skip
2,talk,73,5,8,Over
2,talk,74,5,6,Skip
2,talk,75,5,5,Skip
2,talk,76,5,15,Skip
2,talk,77,5,11,Skip
2,talk,78,5,9,ESTIMATE Agent[04] SEER
2,talk,79,5,4,Skip
2,talk,80,5,1,Over
2,talk,81,5,12,Over
2,talk,82,5,10,Skip
2,talk,83,5,7,Skip
2,talk,84,6,15,Skip
2,talk,85,6,2,Over
2,talk,86,6,1,Over
2,talk,87,6,12,Over
2,talk,88,6,9,DISAGREE TALK day1 ID:30
2,talk,89,6,4,Over
2,talk,90,6,7,Skip
2,talk,91,6,3,Skip
2,talk,92,6,13,Skip
2,talk,93,6,8,Over
2,talk,94,6,10,Skip
2,talk,95,6,11,Skip
2,talk,96,6,6,Skip
2,talk,97,6,5,Skip
2,talk,98,7,13,Over
2,talk,99,7,10,Over
2,talk,100,7,11,Over
2,talk,101,7,2,Over
2,talk,102,7,4,Over
2,talk,103,7,6,Over
2,talk,104,7,9,DISAGREE TALK day1 ID:33
2,talk,105,7,7,Over
2,talk,106,7,1,Over
2,talk,107,7,8,Over
2,talk,108,7,12,Over
2,talk,109,7,3,Over
2,talk,110,7,15,Over
2,talk,111,7,5,Over
2,talk,112,8,8,Over
2,talk,113,8,1,Over
2,talk,114,8,6,Over
2,talk,115,8,9,DISAGREE TALK day1 ID:37
2,talk,116,8,13,Over
2,talk,117,8,3,Over
2,talk,118,8,4,Over
2,talk,119,8,5,Over
2,talk,120,8,7,Over
2,talk,121,8,10,Over
2,talk,122,8,15,Over
2,talk,123,8,12,Over
2,talk,124,8,2,Over
2,talk,125,8,11,Over
2,talk,126,9,8,Over
2,talk,127,9,3,Over
2,talk,128,9,10,Over
2,talk,129,9,13,Over
2,talk,130,9,7,Over
2,talk,131,9,9,DISAGREE TALK day1 ID:39
2,talk,132,9,12,Over
2,talk,133,9,11,Over
2,talk,134,9,4,Over
2,talk,135,9,2,Over
2,talk,136,9,1,Over
2,talk,137,9,6,Over
2,talk,138,9,5,Over
2,talk,139,9,15,Over
2,talk,140,10,4,Over
2,talk,141,10,11,Over
2,talk,142,10,12,Over
2,talk,143,10,13,Over
2,talk,144,10,3,Over
2,talk,145,10,9,Over
2,talk,146,10,10,Over
2,talk,147,10,1,Over
2,talk,148,10,5,Over
2,talk,149,10,7,Over
2,talk,150,10,15,Over
2,talk,151,10,2,Over
2,talk,152,10,8,Over
2,talk,153,10,6,Over
2,vote,1,9
2,vote,2,4
2,vote,3,9
2,vote,4,2
2,vote,5,9
2,vote,6,9
2,vote,7,9
2,vote,8,6
2,vote,9,12
2,vote,10,9
2,vote,11,2
2,vote,12,9
2,vote,13,9
2,vote,15,9
2,execute,9,VILLAGER
2,divine,4,2,WEREWOLF
2,whisper,0,0,2,ATTACK Agent[11]
2,whisper,1,0,8,ATTACK Agent[11]
2,whisper,2,1,2,REQUEST(ATTACK Agent[11])
2,whisper,3,1,8,REQUEST(ATTACK Agent[11])
2,whisper,4,2,2,DIVINED Agent[03] HUMAN
2,whisper,5,2,8,Skip
2,whisper,6,3,8,Skip
2,whisper,7,3,2,Skip
2,whisper,8,4,2,Skip
2,whisper,9,4,8,Over
2,whisper,10,5,8,Over
2,whisper,11,5,2,Over
2,guard,3,4,SEER
2,attackVote,2,11
2,attackVote,8,11
2,attack,11,true
3,status,1,VILLAGER,ALIVE,wolf1
3,status,2,WEREWOLF,ALIVE,SampleRoleAssignPlayer
3,status,3,BODYGUARD,ALIVE,SampleRoleAssignPlayer
3,status,4,SEER,ALIVE,SampleRoleAssignPlayer
3,status,5,VILLAGER,ALIVE,SampleRoleAssignPlayer
3,status,6,VILLAGER,ALIVE,SampleRoleAssignPlayer
3,status,7,VILLAGER,ALIVE,SampleRoleAssignPlayer
3,status,8,WEREWOLF,ALIVE,SampleRoleAssignPlayer
3,status,9,VILLAGER,DEAD,SampleRoleAssignPlayer
3,status,10,VILLAGER,ALIVE,SampleRoleAssignPlayer
3,status,11,MEDIUM,DEAD,SampleRoleAssignPlayer
3,status,12,POSSESSED,ALIVE,SampleRoleAssignPlayer
3,status,13,VILLAGER,ALIVE,SampleRoleAssignPlayer
3,status,14,WEREWOLF,DEAD,SampleRoleAssignPlayer
3,status,15,VILLAGER,ALIVE,SampleRoleAssignPlayer
3,talk,0,0,7,VOTE Agent[13]
3,talk,1,0,6,VOTE Agent[01]
3,talk,2,0,5,VOTE Agent[08]
3,talk,3,0,15,VOTE Agent[03]
3,talk,4,0,3,VOTE Agent[12]
3,talk,5,0,8,VOTE Agent[07]
3,talk,6,0,10,VOTE Agent[01]
3,talk,7,0,12,DIVINED Agent[10] WEREWOLF
3,talk,8,0,1,VOTE Agent[08]
3,talk,9,0,4,DIVINED Agent[02] WEREWOLF
3,talk,10,0,2,DIVINED Agent[03] HUMAN
3,talk,11,0,13,VOTE Agent[15]
3,talk,12,1,15,ESTIMATE Agent[10] WEREWOLF
3,talk,13,1,3,AGREE TALK day1 ID:92
3,talk,14,1,7,ESTIMATE Agent[10] WEREWOLF
3,talk,15,1,8,REQUEST(VOTE Agent[07])
3,talk,16,1,1,ESTIMATE Agent[02] WEREWOLF
3,talk,17,1,2,VOTE Agent[04]
3,talk,18,1,5,AGREE TALK day1 ID:92
3,talk,19,1,6,ESTIMATE Agent[10] WEREWOLF
3,talk,20,1,13,ESTIMATE Agent[10] WEREWOLF
3,talk,21,1,4,REQUEST(VOTE Agent[02])
3,talk,22,1,12,VOTE Agent[10]
3,talk,23,1,10,AGREE TALK day1 ID:32
3,talk,24,2,15,REQUEST(Agent[04] DIVINATION Agent[10])
3,talk,25,2,7,REQUEST(Agent[04] DIVINATION Agent[10])
3,talk,26,2,2,REQUEST(VOTE Agent[04])
3,talk,27,2,5,AGREE TALK day2 ID:19
3,talk,28,2,3,AGREE TALK day2 ID:19
3,talk,29,2,12,REQUEST(VOTE Agent[10])
3,talk,30,2,8,Skip
3,talk,31,2,4,VOTE Agent[02]
3,talk,32,2,1,ESTIMATE Agent[08] WEREWOLF
3,talk,33,2,13,REQUEST(Agent[12] DIVINATION Agent[10])
3,talk,34,2,6,REQUEST(Agent[12] DIVINATION Agent[10])
3,talk,35,2,10,AGREE TALK day1 ID:34
3,talk,36,3,8,Skip
3,talk,37,3,5,AGREE TALK day2 ID:33
3,talk,38,3,13,VOTE Agent[10]
3,talk,39,3,6,VOTE Agent[10]
3,talk,40,3,10,AGREE TALK day1 ID:35
3,talk,41,3,2,Skip
3,talk,42,3,1,ESTIMATE Agent[14] WEREWOLF
3,talk,43,3,3,AGREE TALK day2 ID:33
3,talk,44,3,12,Skip
3,talk,45,3,15,VOTE Agent[10]
3,talk,46,3,4,Skip
3,talk,47,3,7,VOTE Agent[10]
3,talk,48,4,7,Skip
3,talk,49,4,13,Skip
3,talk,50,4,1,VOTE Agent[02]
3,talk,51,4,15,Skip
3,talk,52,4,10,AGREE TALK day1 ID:43
3,talk,53,4,12,Skip
3,talk,54,4,3,AGREE TALK day2 ID:38
3,talk,55,4,2,Skip
3,talk,56,4,6,Skip
3,talk,57,4,8,Over
3,talk,58,4,4,Skip
3,talk,59,4,5,AGREE TALK day2 ID:38
3,talk,60,5,4,Over
3,talk,61,5,10,AGREE TALK day2 ID:78
3,talk,62,5,7,Skip
3,talk,63,5,12,Over
3,talk,64,5,13,Skip
3,talk,65,5,2,Over
3,talk,66,5,8,Over
3,talk,67,5,6,Skip
3,talk,68,5,5,ESTIMATE Agent[02] WEREWOLF
3,talk,69,5,15,Skip
3,talk,70,5,1,Over
3,talk,71,5,3,ESTIMATE Agent[02] WEREWOLF
3,talk,72,6,3,REQUEST(Agent[04] DIVINATION Agent[02])
3,talk,73,6,1,Over
3,talk,74,6,4,Over
3,talk,75,6,15,Over
3,talk,76,6,10,ESTIMATE Agent[04] SEER
3,talk,77,6,13,Over
3,talk,78,6,7,Over
3,talk,79,6,5,REQUEST(Agent[12] DIVINATION Agent[02])
3,talk,80,6,6,Over
3,talk,81,6,8,Over
3,talk,82,6,2,Over
3,talk,83,6,12,Over
3,talk,84,7,7,Over
3,talk,85,7,4,Over
3,talk,86,7,2,Over
3,talk,87,7,3,VOTE Agent[02]
3,talk,88,7,1,Over
3,talk,89,7,5,VOTE Agent[02]
3,talk,90,7,13,Over
3,talk,91,7,6,Over
3,talk,92,7,12,Over
3,talk,93,7,10,DISAGREE TALK day1 ID:30
3,talk,94,7,8,Over
3,talk,95,7,15,Over
3,talk,96,8,1,Over
3,talk,97,8,15,Over
3,talk,98,8,6,Over
3,talk,99,8,13,Over
3,talk,100,8,7,Over
3,talk,101,8,3,Skip
3,talk,102,8,4,Over
3,talk,103,8,10,DISAGREE TALK day1 ID:33
3,talk,104,8,12,Over
3,talk,105,8,5,Skip
3,talk,106,8,2,Over
3,talk,107,8,8,Over
3,talk,108,9,7,Over
3,talk,109,9,6,Over
3,talk,110,9,15,Over
3,talk,111,9,3,Skip
3,talk,112,9,5,Skip
3,talk,113,9,1,Over
3,talk,114,9,12,Over
3,talk,115,9,8,Over
3,talk,116,9,13,Over
3,talk,117,9,4,Over
3,talk,118,9,2,Over
3,talk,119,9,10,DISAGREE TALK day1 ID:37
3,talk,120,10,5,Over
3,talk,121,10,13,Over
3,talk,122,10,12,Over
3,talk,123,10,3,Over
3,talk,124,10,8,Over
3,talk,125,10,7,Over
3,talk,126,10,1,Over
3,talk,127,10,15,Over
3,talk,128,10,2,Over
3,talk,129,10,6,Over
3,talk,130,10,10,Over
3,talk,131,10,4,Over
3,vote,1,2
3,vote,2,4
3,vote,3,2
3,vote,4,2
3,vote,5,2
3,vote,6,10
3,vote,7,10
3,vote,8,7
3,vote,10,12
3,vote,12,10
3,vote,13,10
3,vote,15,10
3,execute,10,VILLAGER
3,divine,4,2,WEREWOLF
3,whisper,0,0,2,ATTACK Agent[04]
3,whisper,1,0,8,ATTACK Agent[04]
3,whisper,2,1,2,REQUEST(ATTACK Agent[04])
3,whisper,3,1,8,REQUEST(ATTACK Agent[04])
3,whisper,4,2,8,Skip
3,whisper,5,2,2,DIVINED Agent[08] HUMAN
3,whisper,6,3,2,Skip
3,whisper,7,3,8,Skip
3,whisper,8,4,8,Over
3,whisper,9,4,2,Skip
3,whisper,10,5,2,Over
3,whisper,11,5,8,Over
3,guard,3,4,SEER
3,attackVote,2,4
3,attackVote,8,4
3,attack,4,false
4,status,1,VILLAGER,ALIVE,wolf1
4,status,2,WEREWOLF,ALIVE,SampleRoleAssignPlayer
4,status,3,BODYGUARD,ALIVE,SampleRoleAssignPlayer
4,status,4,SEER,ALIVE,SampleRoleAssignPlayer
4,status,5,VILLAGER,ALIVE,SampleRoleAssignPlayer
4,status,6,VILLAGER,ALIVE,SampleRoleAssignPlayer
4,status,7,VILLAGER,ALIVE,SampleRoleAssignPlayer
4,status,8,WEREWOLF,ALIVE,SampleRoleAssignPlayer
4,status,9,VILLAGER,DEAD,SampleRoleAssignPlayer
4,status,10,VILLAGER,DEAD,SampleRoleAssignPlayer
4,status,11,MEDIUM,DEAD,SampleRoleAssignPlayer
4,status,12,POSSESSED,ALIVE,SampleRoleAssignPlayer
4,status,13,VILLAGER,ALIVE,SampleRoleAssignPlayer
4,status,14,WEREWOLF,DEAD,SampleRoleAssignPlayer
4,status,15,VILLAGER,ALIVE,SampleRoleAssignPlayer
4,talk,0,0,4,DIVINED Agent[02] WEREWOLF
4,talk,1,0,12,DIVINED Agent[08] HUMAN
4,talk,2,0,6,AGREE TALK day1 ID:92
4,talk,3,0,8,VOTE Agent[13]
4,talk,4,0,5,AGREE TALK day1 ID:92
4,talk,5,0,2,DIVINED Agent[08] HUMAN
4,talk,6,0,1,VOTE Agent[12]
4,talk,7,0,3,AGREE TALK day1 ID:92
4,talk,8,0,15,AGREE TALK day1 ID:92
4,talk,9,0,13,AGREE TALK day1 ID:92
4,talk,10,0,7,AGREE TALK day1 ID:92
4,talk,11,1,7,AGREE TALK day2 ID:19
4,talk,12,1,5,AGREE TALK day2 ID:19
4,talk,13,1,3,AGREE TALK day2 ID:19
4,talk,14,1,4,REQUEST(VOTE Agent[02])
4,talk,15,1,8,REQUEST(VOTE Agent[13])
4,talk,16,1,6,AGREE TALK day2 ID:19
4,talk,17,1,12,VOTE Agent[10]
4,talk,18,1,13,AGREE TALK day2 ID:19
4,talk,19,1,1,ESTIMATE Agent[11] WEREWOLF
4,talk,20,1,15,AGREE TALK day2 ID:19
4,talk,21,1,2,VOTE Agent[04]
4,talk,22,2,4,VOTE Agent[02]
4,talk,23,2,1,ESTIMATE Agent[12] WEREWOLF
4,talk,24,2,13,AGREE TALK day2 ID:33
4,talk,25,2,2,REQUEST(VOTE Agent[04])
4,talk,26,2,8,Skip
4,talk,27,2,3,AGREE TALK day2 ID:33
4,talk,28,2,5,AGREE TALK day2 ID:33
4,talk,29,2,6,AGREE TALK day2 ID:33
4,talk,30,2,12,REQUEST(VOTE Agent[10])
4,talk,31,2,15,AGREE TALK day2 ID:33
4,talk,32,2,7,AGREE TALK day2 ID:33
4,talk,33,3,12,Skip
4,talk,34,3,5,AGREE TALK day2 ID:38
4,talk,35,3,3,AGREE TALK day2 ID:38
4,talk,36,3,6,AGREE TALK day2 ID:38
4,talk,37,3,2,Skip
4,talk,38,3,15,AGREE TALK day2 ID:38
4,talk,39,3,8,Skip
4,talk,40,3,1,ESTIMATE Agent[15] WEREWOLF
4,talk,41,3,4,Skip
4,talk,42,3,13,AGREE TALK day2 ID:38
4,talk,43,3,7,AGREE TALK day2 ID:38
4,talk,44,4,6,AGREE TALK day3 ID:16
4,talk,45,4,3,AGREE TALK day3 ID:16
4,talk,46,4,8,Over
4,talk,47,4,15,AGREE TALK day3 ID:16
4,talk,48,4,2,Skip
4,talk,49,4,12,Skip
4,talk,50,4,4,Skip
4,talk,51,4,7,AGREE TALK day3 ID:16
4,talk,52,4,13,AGREE TALK day3 ID:16
4,talk,53,4,5,AGREE TALK day3 ID:16
4,talk,54,4,1,VOTE Agent[04]
4,talk,55,5,13,AGREE TALK day3 ID:68
4,talk,56,5,8,Over
4,talk,57,5,12,Over
4,talk,58,5,4,Over
4,talk,59,5,7,AGREE TALK day3 ID:68
4,talk,60,5,15,AGREE TALK day3 ID:68
4,talk,61,5,6,AGREE TALK day3 ID:68
4,talk,62,5,1,ESTIMATE Agent[03] VILLAGER
4,talk,63,5,5,AGREE TALK day3 ID:68
4,talk,64,5,3,AGREE TALK day3 ID:68
4,talk,65,5,2,Over
4,talk,66,6,1,Over
4,talk,67,6,8,Over
4,talk,68,6,15,AGREE TALK day3 ID:71
4,talk,69,6,6,AGREE TALK day3 ID:71
4,talk,70,6,3,AGREE TALK day3 ID:71
4,talk,71,6,2,Over
4,talk,72,6,5,AGREE TALK day3 ID:71
4,talk,73,6,12,Over
4,talk,74,6,13,AGREE TALK day3 ID:71
4,talk,75,6,4,Over
4,talk,76,6,7,AGREE TALK day3 ID:71
4,talk,77,7,15,ESTIMATE Agent[02] WEREWOLF
4,talk,78,7,7,ESTIMATE Agent[02] WEREWOLF
4,talk,79,7,3,ESTIMATE Agent[02] WEREWOLF
4,talk,80,7,8,Over
4,talk,81,7,2,Over
4,talk,82,7,6,ESTIMATE Agent[02] WEREWOLF
4,talk,83,7,4,Over
4,talk,84,7,5,ESTIMATE Agent[02] WEREWOLF
4,talk,85,7,12,Over
4,talk,86,7,1,Over
4,talk,87,7,13,ESTIMATE Agent[02] WEREWOLF
4,talk,88,8,1,Over
4,talk,89,8,4,Over
4,talk,90,8,2,Over
4,talk,91,8,15,REQUEST(Agent[04] DIVINATION Agent[02])
4,talk,92,8,8,Over
4,talk,93,8,12,Over
4,talk,94,8,5,REQUEST(Agent[12] DIVINATION Agent[02])
4,talk,95,8,13,REQUEST(Agent[12] DIVINATION Agent[02])
4,talk,96,8,6,REQUEST(Agent[12] DIVINATION Agent[02])
4,talk,97,8,3,REQUEST(Agent[04] DIVINATION Agent[02])
4,talk,98,8,7,REQUEST(Agent[04] DIVINATION Agent[02])
4,talk,99,9,12,Over
4,talk,100,9,2,Over
4,talk,101,9,4,Over
4,talk,102,9,15,VOTE Agent[02]
4,talk,103,9,6,VOTE Agent[02]
4,talk,104,9,7,VOTE Agent[02]
4,talk,105,9,13,VOTE Agent[02]
4,talk,106,9,3,VOTE Agent[02]
4,talk,107,9,1,Over
4,talk,108,9,5,VOTE Agent[02]
4,talk,109,9,8,Over
4,talk,110,10,8,Over
4,talk,111,10,5,Over
4,talk,112,10,12,Over
4,talk,113,10,3,Over
4,talk,114,10,1,Over
4,talk,115,10,13,Over
4,talk,116,10,6,Over
4,talk,117,10,4,Over
4,talk,118,10,7,Over
4,talk,119,10,15,Over
4,talk,120,10,2,Over
4,vote,1,4
4,vote,2,4
4,vote,3,2
4,vote,4,2
4,vote,5,2
4,vote,6,2
4,vote,7,2
4,vote,8,13
4,vote,12,2
4,vote,13,2
4,vote,15,2
4,execute,2,WEREWOLF
4,guard,3,4,SEER
5,status,1,VILLAGER,ALIVE,wolf1
5,status,2,WEREWOLF,DEAD,SampleRoleAssignPlayer
5,status,3,BODYGUARD,ALIVE,SampleRoleAssignPlayer
5,status,4,SEER,ALIVE,SampleRoleAssignPlayer
5,status,5,VILLAGER,ALIVE,SampleRoleAssignPlayer
5,status,6,VILLAGER,ALIVE,SampleRoleAssignPlayer
5,status,7,VILLAGER,ALIVE,SampleRoleAssignPlayer
5,status,8,WEREWOLF,ALIVE,SampleRoleAssignPlayer
5,status,9,VILLAGER,DEAD,SampleRoleAssignPlayer
5,status,10,VILLAGER,DEAD,SampleRoleAssignPlayer
5,status,11,MEDIUM,DEAD,SampleRoleAssignPlayer
5,status,12,POSSESSED,ALIVE,SampleRoleAssignPlayer
5,status,13,VILLAGER,ALIVE,SampleRoleAssignPlayer
5,status,14,WEREWOLF,DEAD,SampleRoleAssignPlayer
5,status,15,VILLAGER,ALIVE,SampleRoleAssignPlayer
5,talk,0,0,4,VOTE Agent[01]
5,talk,1,0,8,VOTE Agent[01]
5,talk,2,0,6,VOTE Agent[03]
5,talk,3,0,13,VOTE Agent[06]
5,talk,4,0,1,VOTE Agent[12]
5,talk,5,0,3,VOTE Agent[06]
5,talk,6,0,12,DIVINED Agent[03] HUMAN
5,talk,7,0,15,VOTE Agent[03]
5,talk,8,0,5,VOTE Agent[03]
5,talk,9,0,7,VOTE Agent[15]
5,talk,10,1,8,REQUEST(VOTE Agent[01])
5,talk,11,1,13,Skip
5,talk,12,1,1,ESTIMATE Agent[11] WEREWOLF
5,talk,13,1,5,Skip
5,talk,14,1,15,Skip
5,talk,15,1,12,VOTE Agent[04]
5,talk,16,1,7,Skip
5,talk,17,1,3,Skip
5,talk,18,1,6,Skip
5,talk,19,1,4,Skip
5,talk,20,2,15,Skip
5,talk,21,2,4,Skip
5,talk,22,2,7,Skip
5,talk,23,2,6,Skip
5,talk,24,2,1,ESTIMATE Agent[12] WEREWOLF
5,talk,25,2,13,Skip
5,talk,26,2,12,REQUEST(VOTE Agent[04])
5,talk,27,2,8,Skip
5,talk,28,2,3,Skip
5,talk,29,2,5,Skip
5,talk,30,3,5,Over
5,talk,31,3,13,Over
5,talk,32,3,1,ESTIMATE Agent[15] WEREWOLF
5,talk,33,3,15,Over
5,talk,34,3,8,Skip
5,talk,35,3,6,Over
5,talk,36,3,7,Over
5,talk,37,3,4,Over
5,talk,38,3,12,Skip
5,talk,39,3,3,Over
5,talk,40,4,12,Skip
5,talk,41,4,15,Over
5,talk,42,4,7,Over
5,talk,43,4,3,Over
5,talk,44,4,5,Over
5,talk,45,4,6,Over
5,talk,46,4,1,VOTE Agent[04]
5,talk,47,4,8,Over
5,talk,48,4,13,Over
5,talk,49,4,4,Over
5,talk,50,5,13,Over
5,talk,51,5,8,Over
5,talk,52,5,6,Over
5,talk,53,5,1,ESTIMATE Agent[03] VILLAGER
5,talk,54,5,12,Over
5,talk,55,5,7,Over
5,talk,56,5,15,Over
5,talk,57,5,4,Over
5,talk,58,5,3,Over
5,talk,59,5,5,Over
5,talk,60,6,4,Over
5,talk,61,6,12,Over
5,talk,62,6,1,Over
5,talk,63,6,15,Over
5,talk,64,6,6,Over
5,talk,65,6,7,Over
5,talk,66,6,13,Over
5,talk,67,6,3,Over
5,talk,68,6,5,Over
5,talk,69,6,8,Over
5,vote,1,4
5,vote,3,6
5,vote,4,1
5,vote,5,3
5,vote,6,3
5,vote,7,15
5,vote,8,1
5,vote,12,4
5,vote,13,6
5,vote,15,3
5,execute,3,BODYGUARD
5,divine,4,8,WEREWOLF
5,attackVote,8,4
5,attack,4,true
6,status,1,VILLAGER,ALIVE,wolf1
6,status,2,WEREWOLF,DEAD,SampleRoleAssignPlayer
6,status,3,BODYGUARD,DEAD,SampleRoleAssignPlayer
6,status,4,SEER,DEAD,SampleRoleAssignPlayer
6,status,5,VILLAGER,ALIVE,SampleRoleAssignPlayer
6,status,6,VILLAGER,ALIVE,SampleRoleAssignPlayer
6,status,7,VILLAGER,ALIVE,SampleRoleAssignPlayer
6,status,8,WEREWOLF,ALIVE,SampleRoleAssignPlayer
6,status,9,VILLAGER,DEAD,SampleRoleAssignPlayer
6,status,10,VILLAGER,DEAD,SampleRoleAssignPlayer
6,status,11,MEDIUM,DEAD,SampleRoleAssignPlayer
6,status,12,POSSESSED,ALIVE,SampleRoleAssignPlayer
6,status,13,VILLAGER,ALIVE,SampleRoleAssignPlayer
6,status,14,WEREWOLF,DEAD,SampleRoleAssignPlayer
6,status,15,VILLAGER,ALIVE,SampleRoleAssignPlayer
6,talk,0,0,5,VOTE Agent[12]
6,talk,1,0,6,VOTE Agent[08]
6,talk,2,0,7,AGREE TALK day1 ID:30
6,talk,3,0,12,DIVINED Agent[13] HUMAN
6,talk,4,0,1,VOTE Agent[12]
6,talk,5,0,15,AGREE TALK day1 ID:30
6,talk,6,0,13,VOTE Agent[07]
6,talk,7,0,8,VOTE Agent[13]
6,talk,8,1,7,AGREE TALK day1 ID:33
6,talk,9,1,15,AGREE TALK day1 ID:33
6,talk,10,1,5,Skip
6,talk,11,1,8,REQUEST(VOTE Agent[13])
6,talk,12,1,12,VOTE Agent[10]
6,talk,13,1,6,Skip
6,talk,14,1,1,ESTIMATE Agent[11] WEREWOLF
6,talk,15,1,13,Skip
6,talk,16,2,8,Skip
6,talk,17,2,6,Skip
6,talk,18,2,5,Skip
6,talk,19,2,15,AGREE TALK day1 ID:37
6,talk,20,2,7,AGREE TALK day1 ID:37
6,talk,21,2,1,ESTIMATE Agent[12] WEREWOLF
6,talk,22,2,13,Skip
6,talk,23,2,12,REQUEST(VOTE Agent[10])
6,talk,24,3,7,AGREE TALK day1 ID:39
6,talk,25,3,12,Skip
6,talk,26,3,1,ESTIMATE Agent[13] WEREWOLF
6,talk,27,3,13,Over
6,talk,28,3,5,Over
6,talk,29,3,6,Over
6,talk,30,3,8,Skip
6,talk,31,3,15,AGREE TALK day1 ID:39
6,talk,32,4,1,Over
6,talk,33,4,7,AGREE TALK day1 ID:40
6,talk,34,4,13,Over
6,talk,35,4,8,Over
6,talk,36,4,15,AGREE TALK day1 ID:40
6,talk,37,4,5,Over
6,talk,38,4,6,Over
6,talk,39,4,12,Skip
6,talk,40,5,6,Over
6,talk,41,5,8,Over
6,talk,42,5,12,Over
6,talk,43,5,1,Over
6,talk,44,5,15,DISAGREE TALK day1 ID:86
6,talk,45,5,7,DISAGREE TALK day1 ID:86
6,talk,46,5,13,Over
6,talk,47,5,5,Over
6,talk,48,6,1,Over
6,talk,49,6,13,Over
6,talk,50,6,12,Over
6,talk,51,6,5,Over
6,talk,52,6,7,DISAGREE TALK day4 ID:23
6,talk,53,6,15,DISAGREE TALK day4 ID:23
6,talk,54,6,6,Over
6,talk,55,6,8,Over
6,talk,56,7,5,Over
6,talk,57,7,8,Over
6,talk,58,7,7,DISAGREE TALK day5 ID:24
6,talk,59,7,12,Over
6,talk,60,7,13,Over
6,talk,61,7,15,DISAGREE TALK day5 ID:24
6,talk,62,7,1,Over
6,talk,63,7,6,Over
6,talk,64,8,8,Over
6,talk,65,8,15,ESTIMATE Agent[12] SEER
6,talk,66,8,13,Over
6,talk,67,8,12,Over
6,talk,68,8,6,Over
6,talk,69,8,1,Over
6,talk,70,8,5,Over
6,talk,71,8,7,ESTIMATE Agent[12] SEER
6,talk,72,9,5,Over
6,talk,73,9,8,Over
6,talk,74,9,15,VOTE Agent[01]
6,talk,75,9,12,Over
6,talk,76,9,13,Over
6,talk,77,9,1,Over
6,talk,78,9,7,VOTE Agent[15]
6,talk,79,9,6,Over
6,talk,80,10,13,Over
6,talk,81,10,7,Over
6,talk,82,10,8,Over
6,talk,83,10,1,ESTIMATE Agent[15] WEREWOLF
6,talk,84,10,6,Over
6,talk,85,10,15,Over
6,talk,86,10,5,Over
6,talk,87,10,12,Over
6,talk,88,11,15,Over
6,talk,89,11,7,Over
6,talk,90,11,1,Over
6,talk,91,11,13,Over
6,talk,92,11,12,Over
6,talk,93,11,6,Over
6,talk,94,11,5,Over
6,talk,95,11,8,Over
6,vote,1,12
6,vote,5,12
6,vote,6,8
6,vote,7,15
6,vote,8,13
6,vote,12,15
6,vote,13,7
6,vote,15,1
6,vote,1,12
6,vote,5,12
6,vote,6,15
6,vote,7,15
6,vote,8,12
6,vote,12,7
6,vote,13,12
6,vote,15,12
6,execute,12,POSSESSED
6,attackVote,8,6
6,attack,6,true
7,status,1,VILLAGER,ALIVE,wolf1
7,status,2,WEREWOLF,DEAD,SampleRoleAssignPlayer
7,status,3,BODYGUARD,DEAD,SampleRoleAssignPlayer
7,status,4,SEER,DEAD,SampleRoleAssignPlayer
7,status,5,VILLAGER,ALIVE,SampleRoleAssignPlayer
7,status,6,VILLAGER,DEAD,SampleRoleAssignPlayer
7,status,7,VILLAGER,ALIVE,SampleRoleAssignPlayer
7,status,8,WEREWOLF,ALIVE,SampleRoleAssignPlayer
7,status,9,VILLAGER,DEAD,SampleRoleAssignPlayer
7,status,10,VILLAGER,DEAD,SampleRoleAssignPlayer
7,status,11,MEDIUM,DEAD,SampleRoleAssignPlayer
7,status,12,POSSESSED,DEAD,SampleRoleAssignPlayer
7,status,13,VILLAGER,ALIVE,SampleRoleAssignPlayer
7,status,14,WEREWOLF,DEAD,SampleRoleAssignPlayer
7,status,15,VILLAGER,ALIVE,SampleRoleAssignPlayer
7,talk,0,0,13,VOTE Agent[15]
7,talk,1,0,7,VOTE Agent[05]
7,talk,2,0,1,VOTE Agent[15]
7,talk,3,0,8,VOTE Agent[15]
7,talk,4,0,15,VOTE Agent[01]
7,talk,5,0,5,VOTE Agent[07]
7,talk,6,1,15,Skip
7,talk,7,1,13,Skip
7,talk,8,1,8,REQUEST(VOTE Agent[15])
7,talk,9,1,7,Skip
7,talk,10,1,5,Skip
7,talk,11,1,1,ESTIMATE Agent[04] WEREWOLF
7,talk,12,2,8,Skip
7,talk,13,2,7,Skip
7,talk,14,2,13,Skip
7,talk,15,2,5,Skip
7,talk,16,2,15,Skip
7,talk,17,2,1,ESTIMATE Agent[11] WEREWOLF
7,talk,18,3,1,ESTIMATE Agent[15] WEREWOLF
7,talk,19,3,15,Over
7,talk,20,3,8,Skip
7,talk,21,3,13,Over
7,talk,22,3,7,Over
7,talk,23,3,5,Over
7,talk,24,4,5,Over
7,talk,25,4,8,Over
7,talk,26,4,1,Over
7,talk,27,4,7,Over
7,talk,28,4,15,Over
7,talk,29,4,13,Over
7,vote,1,15
7,vote,5,7
7,vote,7,5
7,vote,8,15
7,vote,13,15
7,vote,15,1
7,execute,15,VILLAGER
7,attackVote,8,7
7,attack,7,true
8,status,1,VILLAGER,ALIVE,wolf1
8,status,2,WEREWOLF,DEAD,SampleRoleAssignPlayer
8,status,3,BODYGUARD,DEAD,SampleRoleAssignPlayer
8,status,4,SEER,DEAD,SampleRoleAssignPlayer
8,status,5,VILLAGER,ALIVE,SampleRoleAssignPlayer
8,status,6,VILLAGER,DEAD,SampleRoleAssignPlayer
8,status,7,VILLAGER,DEAD,SampleRoleAssignPlayer
8,status,8,WEREWOLF,ALIVE,SampleRoleAssignPlayer
8,status,9,VILLAGER,DEAD,SampleRoleAssignPlayer
8,status,10,VILLAGER,DEAD,SampleRoleAssignPlayer
8,status,11,MEDIUM,DEAD,SampleRoleAssignPlayer
8,status,12,POSSESSED,DEAD,SampleRoleAssignPlayer
8,status,13,VILLAGER,ALIVE,SampleRoleAssignPlayer
8,status,14,WEREWOLF,DEAD,SampleRoleAssignPlayer
8,status,15,VILLAGER,DEAD,SampleRoleAssignPlayer
8,talk,0,0,5,VOTE Agent[01]
8,talk,1,0,13,VOTE Agent[01]
8,talk,2,0,1,ESTIMATE Agent[04] WEREWOLF
8,talk,3,0,8,VOTE Agent[01]
8,talk,4,1,1,ESTIMATE Agent[11] WEREWOLF
8,talk,5,1,8,REQUEST(VOTE Agent[01])
8,talk,6,1,5,Skip
8,talk,7,1,13,Skip
8,talk,8,2,5,Skip
8,talk,9,2,13,Skip
8,talk,10,2,1,ESTIMATE Agent[13] WEREWOLF
8,talk,11,2,8,Skip
8,talk,12,3,8,Skip
8,talk,13,3,1,Over
8,talk,14,3,13,Over
8,talk,15,3,5,Over
8,talk,16,4,8,Over
8,talk,17,4,13,Over
8,talk,18,4,1,Over
8,talk,19,4,5,Over
8,vote,1,13
8,vote,5,1
8,vote,8,1
8,vote,13,1
8,execute,1,VILLAGER
8,attackVote,8,13
8,attack,13,true
9,status,1,VILLAGER,DEAD,wolf1
9,status,2,WEREWOLF,DEAD,SampleRoleAssignPlayer
9,status,3,BODYGUARD,DEAD,SampleRoleAssignPlayer
9,status,4,SEER,DEAD,SampleRoleAssignPlayer
9,status,5,VILLAGER,ALIVE,SampleRoleAssignPlayer
9,status,6,VILLAGER,DEAD,SampleRoleAssignPlayer
9,status,7,VILLAGER,DEAD,SampleRoleAssignPlayer
9,status,8,WEREWOLF,ALIVE,SampleRoleAssignPlayer
9,status,9,VILLAGER,DEAD,SampleRoleAssignPlayer
9,status,10,VILLAGER,DEAD,SampleRoleAssignPlayer
9,status,11,MEDIUM,DEAD,SampleRoleAssignPlayer
9,status,12,POSSESSED,DEAD,SampleRoleAssignPlayer
9,status,13,VILLAGER,DEAD,SampleRoleAssignPlayer
9,status,14,WEREWOLF,DEAD,SampleRoleAssignPlayer
9,status,15,VILLAGER,DEAD,SampleRoleAssignPlayer
9,result,1,1,WEREWOLF
