0,status,1,VILLAGER,ALIVE,wolf1
0,status,2,VILLAGER,ALIVE,SampleRoleAssignPlayer
0,status,3,VILLAGER,ALIVE,SampleRoleAssignPlayer
0,status,4,VILLAGER,ALIVE,SampleRoleAssignPlayer
0,status,5,VILLAGER,ALIVE,SampleRoleAssignPlayer
0,status,6,VILLAGER,ALIVE,SampleRoleAssignPlayer
0,status,7,POSSESSED,ALIVE,SampleRoleAssignPlayer
0,status,8,SEER,ALIVE,SampleRoleAssignPlayer
0,status,9,MEDIUM,ALIVE,SampleRoleAssignPlayer
0,status,10,BODYGUARD,ALIVE,SampleRoleAssignPlayer
0,status,11,VILLAGER,ALIVE,SampleRoleAssignPlayer
0,status,12,WEREWOLF,ALIVE,SampleRoleAssignPlayer
0,status,13,VILLAGER,ALIVE,SampleRoleAssignPlayer
0,status,14,WEREWOLF,ALIVE,SampleRoleAssignPlayer
0,status,15,WEREWOLF,ALIVE,SampleRoleAssignPlayer
0,whisper,0,0,15,COMINGOUT Agent[15] MEDIUM
0,whisper,1,0,14,COMINGOUT Agent[14] SEER
0,whisper,2,0,12,COMINGOUT Agent[12] SEER
0,whisper,3,1,15,Skip
0,whisper,4,1,12,Skip
0,whisper,5,1,14,COMINGOUT Agent[14] VILLAGER
0,whisper,6,2,14,Skip
0,whisper,7,2,12,DIVINED Agent[09] HUMAN
0,whisper,8,2,15,Skip
0,whisper,9,3,12,Skip
0,whisper,10,3,14,Skip
0,whisper,11,3,15,Over
0,whisper,12,4,14,Over
0,whisper,13,4,15,Over
0,whisper,14,4,12,Skip
0,whisper,15,5,12,Over
0,whisper,16,5,15,Over
0,whisper,17,5,14,Over
0,divine,8,14,WEREWOLF
1,status,1,VILLAGER,ALIVE,wolf1
1,status,2,VILLAGER,ALIVE,SampleRoleAssignPlayer
1,status,3,VILLAGER,ALIVE,SampleRoleAssignPlayer
1,status,4,VILLAGER,ALIVE,SampleRoleAssignPlayer
1,status,5,VILLAGER,ALIVE,SampleRoleAssignPlayer
1,status,6,VILLAGER,ALIVE,SampleRoleAssignPlayer
1,status,7,POSSESSED,ALIVE,SampleRoleAssignPlayer
1,status,8,SEER,ALIVE,SampleRoleAssignPlayer
1,status,9,MEDIUM,ALIVE,SampleRoleAssignPlayer
1,status,10,BODYGUARD,ALIVE,SampleRoleAssignPlayer
1,status,11,VILLAGER,ALIVE,SampleRoleAssignPlayer
1,status,12,WEREWOLF,ALIVE,SampleRoleAssignPlayer
1,status,13,VILLAGER,ALIVE,SampleRoleAssignPlayer
1,status,14,WEREWOLF,ALIVE,SampleRoleAssignPlayer
1,status,15,WEREWOLF,ALIVE,SampleRoleAssignPlayer
1,talk,0,0,4,VOTE Agent[13]
1,talk,1,0,6,VOTE Agent[07]
1,talk,2,0,9,VOTE Agent[04]
1,talk,3,0,8,COMINGOUT Agent[08] SEER
1,talk,4,0,5,VOTE Agent[10]
1,talk,5,0,2,VOTE Agent[10]
1,talk,6,0,7,COMINGOUT Agent[07] SEER
1,talk,7,0,10,VOTE Agent[04]
1,talk,8,0,13,VOTE Agent[05]
1,talk,9,0,12,COMINGOUT Agent[12] SEER
1,talk,10,0,11,VOTE Agent[07]
1,talk,11,0,1,VOTE Agent[04]
1,talk,12,0,15,VOTE Agent[05]
1,talk,13,0,14,VOTE Agent[13]
1,talk,14,0,3,VOTE Agent[05]
1,talk,15,1,2,Skip
1,talk,16,1,7,DIVINED Agent[12] WEREWOLF
1,talk,17,1,8,DIVINED Agent[14] WEREWOLF
1,talk,18,1,5,Skip
1,talk,19,1,1,ESTIMATE Agent[02] WEREWOLF
1,talk,20,1,4,Skip
1,talk,21,1,15,REQUEST(VOTE Agent[05])
1,talk,22,1,12,DIVINED Agent[09] HUMAN
1,talk,23,1,13,Skip
1,talk,24,1,14,REQUEST(VOTE Agent[13])
1,talk,25,1,3,Skip
1,talk,26,1,11,Skip
1,talk,27,1,10,Skip
1,talk,28,1,9,Skip
1,talk,29,1,6,Skip
1,talk,30,2,5,ESTIMATE Agent[08] SEER
1,talk,31,2,15,Skip
1,talk,32,2,3,ESTIMATE Agent[08] SEER
1,talk,33,2,8,REQUEST(VOTE Agent[14])
1,talk,34,2,9,ESTIMATE Agent[07] SEER
1,talk,35,2,14,Skip
1,talk,36,2,4,ESTIMATE Agent[07] SEER
1,talk,37,2,10,ESTIMATE Agent[08] SEER
1,talk,38,2,1,ESTIMATE Agent[04] WEREWOLF
1,talk,39,2,13,ESTIMATE Agent[07] SEER
1,talk,40,2,11,ESTIMATE Agent[08] SEER
1,talk,41,2,2,ESTIMATE Agent[08] SEER
1,talk,42,2,6,ESTIMATE Agent[08] SEER
1,talk,43,2,7,VOTE Agent[12]
1,talk,44,2,12,REQUEST(VOTE Agent[06])
1,talk,45,3,8,VOTE Agent[14]
1,talk,46,3,3,ESTIMATE Agent[12] WEREWOLF
1,talk,47,3,4,ESTIMATE Agent[14] WEREWOLF
1,talk,48,3,7,REQUEST(VOTE Agent[12])
1,talk,49,3,5,ESTIMATE Agent[12] WEREWOLF
1,talk,50,3,13,ESTIMATE Agent[12] WEREWOLF
1,talk,51,3,14,Skip
1,talk,52,3,15,Skip
1,talk,53,3,10,ESTIMATE Agent[12] WEREWOLF
1,talk,54,3,2,ESTIMATE Agent[12] WEREWOLF
1,talk,55,3,9,ESTIMATE Agent[14] WEREWOLF
1,talk,56,3,12,VOTE Agent[08]
1,talk,57,3,1,ESTIMATE Agent[12] WEREWOLF
1,talk,58,3,6,ESTIMATE Agent[14] WEREWOLF
1,talk,59,3,11,ESTIMATE Agent[12] WEREWOLF
1,talk,60,4,3,REQUEST(Agent[08] DIVINATION Agent[12])
1,talk,61,4,12,REQUEST(VOTE Agent[08])
1,talk,62,4,6,REQUEST(Agent[08] DIVINATION Agent[14])
1,talk,63,4,4,REQUEST(Agent[07] DIVINATION Agent[14])
1,talk,64,4,5,REQUEST(Agent[08] DIVINATION Agent[12])
1,talk,65,4,9,REQUEST(Agent[07] DIVINATION Agent[14])
1,talk,66,4,15,Over
1,talk,67,4,11,REQUEST(Agent[08] DIVINATION Agent[12])
1,talk,68,4,1,VOTE Agent[14]
1,talk,69,4,13,REQUEST(Agent[07] DIVINATION Agent[12])
1,talk,70,4,14,Over
1,talk,71,4,10,REQUEST(Agent[08] DIVINATION Agent[12])
1,talk,72,4,8,Skip
1,talk,73,4,2,REQUEST(Agent[08] DIVINATION Agent[12])
1,talk,74,4,7,Skip
1,talk,75,5,2,VOTE Agent[12]
1,talk,76,5,11,VOTE Agent[12]
1,talk,77,5,13,VOTE Agent[12]
1,talk,78,5,15,Over
1,talk,79,5,4,VOTE Agent[14]
1,talk,80,5,8,Skip
1,talk,81,5,10,VOTE Agent[12]
1,talk,82,5,6,VOTE Agent[14]
1,talk,83,5,1,Over
1,talk,84,5,9,VOTE Agent[14]
1,talk,85,5,12,Skip
1,talk,86,5,3,VOTE Agent[12]
1,talk,87,5,5,VOTE Agent[12]
1,talk,88,5,7,Skip
1,talk,89,5,14,Over
1,talk,90,6,2,Skip
1,talk,91,6,14,Over
1,talk,92,6,9,Skip
1,talk,93,6,4,Skip
1,talk,94,6,10,Skip
1,talk,95,6,12,Skip
1,talk,96,6,1,Over
1,talk,97,6,5,Skip
1,talk,98,6,11,Skip
1,talk,99,6,13,Skip
1,talk,100,6,8,Over
1,talk,101,6,7,Over
1,talk,102,6,15,Over
1,talk,103,6,3,Skip
1,talk,104,6,6,Skip
1,talk,105,7,3,Skip
1,talk,106,7,15,Over
1,talk,107,7,6,Skip
1,talk,108,7,13,Skip
1,talk,109,7,1,Over
1,talk,110,7,7,Over
1,talk,111,7,12,Over
1,talk,112,7,5,Skip
1,talk,113,7,4,Skip
1,talk,114,7,10,Skip
1,talk,115,7,8,Over
1,talk,116,7,9,Skip
1,talk,117,7,2,Skip
1,talk,118,7,14,Over
1,talk,119,7,11,Skip
1,talk,120,8,1,Over
1,talk,121,8,9,Over
1,talk,122,8,12,Over
1,talk,123,8,8,Over
1,talk,124,8,13,Over
1,talk,125,8,3,Over
1,talk,126,8,10,Over
1,talk,127,8,5,Over
1,talk,128,8,4,Over
1,talk,129,8,14,Over
1,talk,130,8,2,Over
1,talk,131,8,6,Over
1,talk,132,8,11,Over
1,talk,133,8,15,Over
1,talk,134,8,7,Over
1,vote,1,14
1,vote,2,12
1,vote,3,12
1,vote,4,14
1,vote,5,12
1,vote,6,14
1,vote,7,12
1,vote,8,14
1,vote,9,14
1,vote,10,12
1,vote,11,12
1,vote,12,8
1,vote,13,12
1,vote,14,13
1,vote,15,5
1,execute,12,WEREWOLF
1,divine,8,4,HUMAN
1,whisper,0,0,14,ATTACK Agent[08]
1,whisper,1,0,15,ATTACK Agent[08]
1,whisper,2,1,15,REQUEST(ATTACK Agent[08])
1,whisper,3,1,14,REQUEST(ATTACK Agent[08])
1,whisper,4,2,15,IDENTIFIED Agent[12] HUMAN
1,whisper,5,2,14,Skip
1,whisper,6,3,15,Skip
1,whisper,7,3,14,Skip
1,whisper,8,4,15,Skip
1,whisper,9,4,14,Over
1,whisper,10,5,15,Over
1,whisper,11,5,14,Over
1,guard,10,8,SEER
1,attackVote,14,8
1,attackVote,15,8
1,attack,8,false
2,status,1,VILLAGER,ALIVE,wolf1
2,status,2,VILLAGER,ALIVE,SampleRoleAssignPlayer
2,status,3,VILLAGER,ALIVE,SampleRoleAssignPlayer
2,status,4,VILLAGER,ALIVE,SampleRoleAssignPlayer
2,status,5,VILLAGER,ALIVE,SampleRoleAssignPlayer
2,status,6,VILLAGER,ALIVE,SampleRoleAssignPlayer
2,status,7,POSSESSED,ALIVE,SampleRoleAssignPlayer
2,status,8,SEER,ALIVE,SampleRoleAssignPlayer
2,status,9,MEDIUM,ALIVE,SampleRoleAssignPlayer
2,status,10,BODYGUARD,ALIVE,SampleRoleAssignPlayer
2,status,11,VILLAGER,ALIVE,SampleRoleAssignPlayer
2,status,12,WEREWOLF,DEAD,SampleRoleAssignPlayer
2,status,13,VILLAGER,ALIVE,SampleRoleAssignPlayer
2,status,14,WEREWOLF,ALIVE,SampleRoleAssignPlayer
2,status,15,WEREWOLF,ALIVE,SampleRoleAssignPlayer
2,talk,0,0,9,COMINGOUT Agent[09] MEDIUM
2,talk,1,0,13,AGREE TALK day1 ID:47
2,talk,2,0,14,VOTE Agent[07]
2,talk,3,0,6,AGREE TALK day1 ID:47
2,talk,4,0,4,AGREE TALK day1 ID:47
2,talk,5,0,15,VOTE Agent[08]
2,talk,6,0,1,VOTE Agent[14]
2,talk,7,0,7,DIVINED Agent[09] HUMAN
2,talk,8,0,10,AGREE TALK day1 ID:47
2,talk,9,0,8,DIVINED Agent[04] HUMAN
2,talk,10,0,2,AGREE TALK day1 ID:47
2,talk,11,0,5,AGREE TALK day1 ID:47
2,talk,12,0,11,AGREE TALK day1 ID:47
2,talk,13,0,3,AGREE TALK day1 ID:47
2,talk,14,1,11,AGREE TALK day1 ID:55
2,talk,15,1,6,AGREE TALK day1 ID:55
2,talk,16,1,2,AGREE TALK day1 ID:55
2,talk,17,1,14,REQUEST(VOTE Agent[07])
2,talk,18,1,7,VOTE Agent[08]
2,talk,19,1,9,IDENTIFIED Agent[12] WEREWOLF
2,talk,20,1,13,AGREE TALK day1 ID:55
2,talk,21,1,3,AGREE TALK day1 ID:55
2,talk,22,1,5,AGREE TALK day1 ID:55
2,talk,23,1,4,AGREE TALK day1 ID:55
2,talk,24,1,8,REQUEST(VOTE Agent[14])
2,talk,25,1,15,REQUEST(VOTE Agent[08])
2,talk,26,1,1,ESTIMATE Agent[02] WEREWOLF
2,talk,27,1,10,AGREE TALK day1 ID:55
2,talk,28,2,11,AGREE TALK day1 ID:58
2,talk,29,2,6,AGREE TALK day1 ID:58
2,talk,30,2,1,ESTIMATE Agent[04] WEREWOLF
2,talk,31,2,2,AGREE TALK day1 ID:58
2,talk,32,2,9,AGREE TALK day1 ID:47
2,talk,33,2,10,AGREE TALK day1 ID:58
2,talk,34,2,14,Skip
2,talk,35,2,13,AGREE TALK day1 ID:58
2,talk,36,2,3,AGREE TALK day1 ID:58
2,talk,37,2,15,VOTE Agent[09]
2,talk,38,2,5,AGREE TALK day1 ID:58
2,talk,39,2,8,VOTE Agent[14]
2,talk,40,2,7,REQUEST(VOTE Agent[08])
2,talk,41,2,4,AGREE TALK day1 ID:58
2,talk,42,3,7,Skip
2,talk,43,3,15,REQUEST(VOTE Agent[09])
2,talk,44,3,2,ESTIMATE Agent[14] WEREWOLF
2,talk,45,3,11,ESTIMATE Agent[14] WEREWOLF
2,talk,46,3,5,ESTIMATE Agent[14] WEREWOLF
2,talk,47,3,8,Skip
2,talk,48,3,3,ESTIMATE Agent[14] WEREWOLF
2,talk,49,3,1,ESTIMATE Agent[06] WEREWOLF
2,talk,50,3,14,Skip
2,talk,51,3,13,ESTIMATE Agent[14] WEREWOLF
2,talk,52,3,9,AGREE TALK day1 ID:55
2,talk,53,3,6,ESTIMATE Agent[14] WEREWOLF
2,talk,54,3,10,ESTIMATE Agent[14] WEREWOLF
2,talk,55,3,4,ESTIMATE Agent[14] WEREWOLF
2,talk,56,4,1,ESTIMATE Agent[12] WEREWOLF
2,talk,57,4,15,COMINGOUT Agent[15] MEDIUM
2,talk,58,4,4,REQUEST(Agent[07] DIVINATION Agent[14])
2,talk,59,4,10,REQUEST(Agent[08] DIVINATION Agent[14])
2,talk,60,4,7,Skip
2,talk,61,4,13,REQUEST(Agent[07] DIVINATION Agent[14])
2,talk,62,4,9,AGREE TALK day1 ID:58
2,talk,63,4,2,REQUEST(Agent[08] DIVINATION Agent[14])
2,talk,64,4,14,Over
2,talk,65,4,5,REQUEST(Agent[08] DIVINATION Agent[14])
2,talk,66,4,8,Skip
2,talk,67,4,6,REQUEST(Agent[08] DIVINATION Agent[14])
2,talk,68,4,3,REQUEST(Agent[08] DIVINATION Agent[14])
2,talk,69,4,11,REQUEST(Agent[08] DIVINATION Agent[14])
2,talk,70,5,4,VOTE Agent[14]
2,talk,71,5,8,Over
2,talk,72,5,10,VOTE Agent[14]
2,talk,73,5,5,VOTE Agent[14]
2,talk,74,5,15,IDENTIFIED Agent[12] HUMAN
2,talk,75,5,3,VOTE Agent[14]
2,talk,76,5,14,Over
2,talk,77,5,7,Over
2,talk,78,5,6,VOTE Agent[14]
2,talk,79,5,2,VOTE Agent[14]
2,talk,80,5,11,VOTE Agent[14]
2,talk,81,5,13,VOTE Agent[14]
2,talk,82,5,1,ESTIMATE Agent[07] WEREWOLF
2,talk,83,5,9,ESTIMATE Agent[14] WEREWOLF
2,talk,84,6,4,Skip
2,talk,85,6,5,Skip
2,talk,86,6,10,Skip
2,talk,87,6,9,REQUEST(Agent[07] DIVINATION Agent[14])
2,talk,88,6,3,Skip
2,talk,89,6,6,Skip
2,talk,90,6,14,Over
2,talk,91,6,11,Skip
2,talk,92,6,2,Skip
2,talk,93,6,13,Skip
2,talk,94,6,1,ESTIMATE Agent[08] WEREWOLF
2,talk,95,6,8,Over
2,talk,96,6,15,Skip
2,talk,97,6,7,Over
2,talk,98,7,3,Skip
2,talk,99,7,2,Skip
2,talk,100,7,14,Over
2,talk,101,7,5,Skip
2,talk,102,7,6,Skip
2,talk,103,7,7,Over
2,talk,104,7,9,VOTE Agent[14]
2,talk,105,7,4,Skip
2,talk,106,7,11,Skip
2,talk,107,7,10,Skip
2,talk,108,7,1,Over
2,talk,109,7,8,Over
2,talk,110,7,15,Skip
2,talk,111,7,13,Skip
2,talk,112,8,2,Over
2,talk,113,8,4,Over
2,talk,114,8,3,Over
2,talk,115,8,5,Over
2,talk,116,8,11,Over
2,talk,117,8,1,Over
2,talk,118,8,13,Over
2,talk,119,8,10,Over
2,talk,120,8,7,Over
2,talk,121,8,14,Over
2,talk,122,8,9,Skip
2,talk,123,8,6,Over
2,talk,124,8,8,Over
2,talk,125,8,15,Over
2,talk,126,9,5,Over
2,talk,127,9,9,Skip
2,talk,128,9,15,Over
2,talk,129,9,11,Over
2,talk,130,9,14,Over
2,talk,131,9,1,Over
2,talk,132,9,4,Over
2,talk,133,9,2,Over
2,talk,134,9,13,Over
2,talk,135,9,8,Over
2,talk,136,9,3,Over
2,talk,137,9,7,Over
2,talk,138,9,10,Over
2,talk,139,9,6,Over
2,talk,140,10,13,Over
2,talk,141,10,3,Over
2,talk,142,10,8,Over
2,talk,143,10,2,Over
2,talk,144,10,11,Over
2,talk,145,10,1,Over
2,talk,146,10,15,Over
2,talk,147,10,9,Over
2,talk,148,10,4,Over
2,talk,149,10,5,Over
2,talk,150,10,7,Over
2,talk,151,10,6,Over
2,talk,152,10,14,Over
2,talk,153,10,10,Over
2,vote,1,14
2,vote,2,14
2,vote,3,14
2,vote,4,14
2,vote,5,14
2,vote,6,14
2,vote,7,8
2,vote,8,14
2,vote,9,14
2,vote,10,14
2,vote,11,14
2,vote,13,14
2,vote,14,7
2,vote,15,9
2,execute,14,WEREWOLF
2,divine,8,11,HUMAN
2,guard,10,8,SEER
3,status,1,VILLAGER,ALIVE,wolf1
3,status,2,VILLAGER,ALIVE,SampleRoleAssignPlayer
3,status,3,VILLAGER,ALIVE,SampleRoleAssignPlayer
3,status,4,VILLAGER,ALIVE,SampleRoleAssignPlayer
3,status,5,VILLAGER,ALIVE,SampleRoleAssignPlayer
3,status,6,VILLAGER,ALIVE,SampleRoleAssignPlayer
3,status,7,POSSESSED,ALIVE,SampleRoleAssignPlayer
3,status,8,SEER,ALIVE,SampleRoleAssignPlayer
3,status,9,MEDIUM,ALIVE,SampleRoleAssignPlayer
3,status,10,BODYGUARD,ALIVE,SampleRoleAssignPlayer
3,status,11,VILLAGER,ALIVE,SampleRoleAssignPlayer
3,status,12,WEREWOLF,DEAD,SampleRoleAssignPlayer
3,status,13,VILLAGER,ALIVE,SampleRoleAssignPlayer
3,status,14,WEREWOLF,DEAD,SampleRoleAssignPlayer
3,status,15,WEREWOLF,ALIVE,SampleRoleAssignPlayer
3,talk,0,0,4,VOTE Agent[05]
3,talk,1,0,9,IDENTIFIED Agent[14] WEREWOLF
3,talk,2,0,15,VOTE Agent[09]
3,talk,3,0,8,DIVINED Agent[11] HUMAN
3,talk,4,0,13,VOTE Agent[10]
3,talk,5,0,2,VOTE Agent[13]
3,talk,6,0,10,VOTE Agent[05]
3,talk,7,0,5,VOTE Agent[04]
3,talk,8,0,3,VOTE Agent[01]
3,talk,9,0,7,DIVINED Agent[03] HUMAN
3,talk,10,0,11,VOTE Agent[15]
3,talk,11,0,1,VOTE Agent[15]
3,talk,12,0,6,VOTE Agent[08]
3,talk,13,1,3,Skip
3,talk,14,1,15,REQUEST(VOTE Agent[09])
3,talk,15,1,8,DISAGREE TALK day1 ID:34
3,talk,16,1,11,Skip
3,talk,17,1,6,Skip
3,talk,18,1,9,ESTIMATE Agent[15] WEREWOLF
3,talk,19,1,7,VOTE Agent[12]
3,talk,20,1,4,Skip
3,talk,21,1,13,Skip
3,talk,22,1,5,Skip
3,talk,23,1,10,Skip
3,talk,24,1,2,Skip
3,talk,25,1,1,ESTIMATE Agent[12] WEREWOLF
3,talk,26,2,8,DISAGREE TALK day1 ID:36
3,talk,27,2,6,Skip
3,talk,28,2,7,REQUEST(VOTE Agent[12])
3,talk,29,2,10,Skip
3,talk,30,2,4,Skip
3,talk,31,2,11,Skip
3,talk,32,2,15,Skip
3,talk,33,2,1,ESTIMATE Agent[14] WEREWOLF
3,talk,34,2,3,Skip
3,talk,35,2,2,Skip
3,talk,36,2,13,Skip
3,talk,37,2,9,REQUEST(Agent[07] DIVINATION Agent[15])
3,talk,38,2,5,Skip
3,talk,39,3,15,Skip
3,talk,40,3,4,Over
3,talk,41,3,8,DISAGREE TALK day1 ID:39
3,talk,42,3,13,Over
3,talk,43,3,1,ESTIMATE Agent[15] WEREWOLF
3,talk,44,3,7,Skip
3,talk,45,3,6,Over
3,talk,46,3,10,Over
3,talk,47,3,11,Over
3,talk,48,3,9,VOTE Agent[15]
3,talk,49,3,5,Over
3,talk,50,3,3,Over
3,talk,51,3,2,Over
3,talk,52,4,9,Skip
3,talk,53,4,5,Over
3,talk,54,4,4,Over
3,talk,55,4,13,Over
3,talk,56,4,7,Skip
3,talk,57,4,8,AGREE TALK day2 ID:82
3,talk,58,4,15,Over
3,talk,59,4,11,Over
3,talk,60,4,6,Over
3,talk,61,4,2,Over
3,talk,62,4,1,Over
3,talk,63,4,10,Over
3,talk,64,4,3,Over
3,talk,65,5,9,Skip
3,talk,66,5,10,Over
3,talk,67,5,5,Over
3,talk,68,5,7,Over
3,talk,69,5,11,Over
3,talk,70,5,1,ESTIMATE Agent[06] VILLAGER
3,talk,71,5,13,Over
3,talk,72,5,6,Over
3,talk,73,5,15,Over
3,talk,74,5,3,Over
3,talk,75,5,8,ESTIMATE Agent[07] WEREWOLF
3,talk,76,5,4,Over
3,talk,77,5,2,Over
3,talk,78,6,7,Over
3,talk,79,6,10,Over
3,talk,80,6,6,Over
3,talk,81,6,15,Over
3,talk,82,6,9,Over
3,talk,83,6,2,Over
3,talk,84,6,8,VOTE Agent[07]
3,talk,85,6,11,Over
3,talk,86,6,13,Over
3,talk,87,6,5,Over
3,talk,88,6,1,ESTIMATE Agent[09] MEDIUM
3,talk,89,6,3,Over
3,talk,90,6,4,Over
3,talk,91,7,4,Over
3,talk,92,7,7,Over
3,talk,93,7,9,Over
3,talk,94,7,13,Over
3,talk,95,7,11,Over
3,talk,96,7,10,Over
3,talk,97,7,5,Over
3,talk,98,7,8,Skip
3,talk,99,7,3,Over
3,talk,100,7,1,Over
3,talk,101,7,2,Over
3,talk,102,7,6,Over
3,talk,103,7,15,Over
3,talk,104,8,7,Over
3,talk,105,8,6,Over
3,talk,106,8,15,Over
3,talk,107,8,2,Over
3,talk,108,8,8,Skip
3,talk,109,8,11,Over
3,talk,110,8,13,Over
3,talk,111,8,1,Over
3,talk,112,8,10,Over
3,talk,113,8,5,Over
3,talk,114,8,3,Over
3,talk,115,8,9,Over
3,talk,116,8,4,Over
3,talk,117,9,15,Over
3,talk,118,9,3,Over
3,talk,119,9,11,Over
3,talk,120,9,7,Over
3,talk,121,9,8,Over
3,talk,122,9,5,Over
3,talk,123,9,9,Over
3,talk,124,9,4,Over
3,talk,125,9,6,Over
3,talk,126,9,10,Over
3,talk,127,9,2,Over
3,talk,128,9,13,Over
3,talk,129,9,1,Over
3,vote,1,15
3,vote,2,13
3,vote,3,1
3,vote,4,5
3,vote,5,4
3,vote,6,8
3,vote,7,3
3,vote,8,7
3,vote,9,15
3,vote,10,5
3,vote,11,15
3,vote,13,10
3,vote,15,9
3,execute,15,WEREWOLF
3,divine,8,7,HUMAN
3,guard,10,8,SEER
3,attack,6,true
4,status,1,VILLAGER,ALIVE,wolf1
4,status,2,VILLAGER,ALIVE,SampleRoleAssignPlayer
4,status,3,VILLAGER,ALIVE,SampleRoleAssignPlayer
4,status,4,VILLAGER,ALIVE,SampleRoleAssignPlayer
4,status,5,VILLAGER,ALIVE,SampleRoleAssignPlayer
4,status,6,VILLAGER,DEAD,SampleRoleAssignPlayer
4,status,7,POSSESSED,ALIVE,SampleRoleAssignPlayer
4,status,8,SEER,ALIVE,SampleRoleAssignPlayer
4,status,9,MEDIUM,ALIVE,SampleRoleAssignPlayer
4,status,10,BODYGUARD,ALIVE,SampleRoleAssignPlayer
4,status,11,VILLAGER,ALIVE,SampleRoleAssignPlayer
4,status,12,WEREWOLF,DEAD,SampleRoleAssignPlayer
4,status,13,VILLAGER,ALIVE,SampleRoleAssignPlayer
4,status,14,WEREWOLF,DEAD,SampleRoleAssignPlayer
4,status,15,WEREWOLF,DEAD,SampleRoleAssignPlayer
4,result,11,0,VILLAGER
