0,status,1,VILLAGER,ALIVE,wolf1
0,status,2,VILLAGER,ALIVE,SampleRoleAssignPlayer
0,status,3,VILLAGER,ALIVE,SampleRoleAssignPlayer
0,status,4,WEREWOLF,ALIVE,SampleRoleAssignPlayer
0,status,5,VILLAGER,ALIVE,SampleRoleAssignPlayer
0,status,6,VILLAGER,ALIVE,SampleRoleAssignPlayer
0,status,7,WEREWOLF,ALIVE,SampleRoleAssignPlayer
0,status,8,MEDIUM,ALIVE,SampleRoleAssignPlayer
0,status,9,VILLAGER,ALIVE,SampleRoleAssignPlayer
0,status,10,POSSESSED,ALIVE,SampleRoleAssignPlayer
0,status,11,SEER,ALIVE,SampleRoleAssignPlayer
0,status,12,VILLAGER,ALIVE,SampleRoleAssignPlayer
0,status,13,BODYGUARD,ALIVE,SampleRoleAssignPlayer
0,status,14,VILLAGER,ALIVE,SampleRoleAssignPlayer
0,status,15,WEREWOLF,ALIVE,SampleRoleAssignPlayer
0,whisper,0,0,7,COMINGOUT Agent[07] VILLAGER
0,whisper,1,0,4,COMINGOUT Agent[04] SEER
0,whisper,2,0,15,COMINGOUT Agent[15] MEDIUM
0,whisper,3,1,4,DIVINED Agent[06] WEREWOLF
0,whisper,4,1,15,Skip
0,whisper,5,1,7,Skip
0,whisper,6,2,4,Skip
0,whisper,7,2,15,Skip
0,whisper,8,2,7,Skip
0,whisper,9,3,15,Over
0,whisper,10,3,7,Over
0,whisper,11,3,4,Skip
0,whisper,12,4,4,Over
0,whisper,13,4,7,Over
0,whisper,14,4,15,Over
0,divine,11,3,HUMAN
1,status,1,VILLAGER,ALIVE,wolf1
1,status,2,VILLAGER,ALIVE,SampleRoleAssignPlayer
1,status,3,VILLAGER,ALIVE,SampleRoleAssignPlayer
1,status,4,WEREWOLF,ALIVE,SampleRoleAssignPlayer
1,status,5,VILLAGER,ALIVE,SampleRoleAssignPlayer
1,status,6,VILLAGER,ALIVE,SampleRoleAssignPlayer
1,status,7,WEREWOLF,ALIVE,SampleRoleAssignPlayer
1,status,8,MEDIUM,ALIVE,SampleRoleAssignPlayer
1,status,9,VILLAGER,ALIVE,SampleRoleAssignPlayer
1,status,10,POSSESSED,ALIVE,SampleRoleAssignPlayer
1,status,11,SEER,ALIVE,SampleRoleAssignPlayer
1,status,12,VILLAGER,ALIVE,SampleRoleAssignPlayer
1,status,13,BODYGUARD,ALIVE,SampleRoleAssignPlayer
1,status,14,VILLAGER,ALIVE,SampleRoleAssignPlayer
1,status,15,WEREWOLF,ALIVE,SampleRoleAssignPlayer
1,talk,0,0,1,VOTE Agent[13]
1,talk,1,0,13,VOTE Agent[15]
1,talk,2,0,9,VOTE Agent[03]
1,talk,3,0,2,VOTE Agent[03]
1,talk,4,0,7,VOTE Agent[11]
1,talk,5,0,3,VOTE Agent[04]
1,talk,6,0,8,VOTE Agent[06]
1,talk,7,0,4,VOTE Agent[06]
1,talk,8,0,11,VOTE Agent[05]
1,talk,9,0,15,VOTE Agent[01]
1,talk,10,0,14,VOTE Agent[01]
1,talk,11,0,5,VOTE Agent[07]
1,talk,12,0,12,VOTE Agent[01]
1,talk,13,0,10,COMINGOUT Agent[10] SEER
1,talk,14,0,6,VOTE Agent[12]
1,talk,15,1,9,Skip
1,talk,16,1,13,Skip
1,talk,17,1,2,Skip
1,talk,18,1,4,REQUEST(VOTE Agent[06])
1,talk,19,1,6,Skip
1,talk,20,1,7,REQUEST(VOTE Agent[11])
1,talk,21,1,1,ESTIMATE Agent[03] WEREWOLF
1,talk,22,1,12,Skip
1,talk,23,1,14,Skip
1,talk,24,1,8,Skip
1,talk,25,1,11,COMINGOUT Agent[11] SEER
1,talk,26,1,5,Skip
1,talk,27,1,15,REQUEST(VOTE Agent[01])
1,talk,28,1,3,Skip
1,talk,29,1,10,DIVINED Agent[11] HUMAN
1,talk,30,2,2,ESTIMATE Agent[10] SEER
1,talk,31,2,13,ESTIMATE Agent[10] SEER
1,talk,32,2,4,COMINGOUT Agent[04] SEER
1,talk,33,2,3,ESTIMATE Agent[10] SEER
1,talk,34,2,14,ESTIMATE Agent[10] SEER
1,talk,35,2,15,Skip
1,talk,36,2,10,REQUEST(VOTE Agent[08])
1,talk,37,2,9,ESTIMATE Agent[10] SEER
1,talk,38,2,6,ESTIMATE Agent[10] SEER
1,talk,39,2,7,Skip
1,talk,40,2,5,ESTIMATE Agent[10] SEER
1,talk,41,2,11,DIVINED Agent[03] HUMAN
1,talk,42,2,1,ESTIMATE Agent[10] WEREWOLF
1,talk,43,2,12,ESTIMATE Agent[10] SEER
1,talk,44,2,8,ESTIMATE Agent[10] SEER
1,talk,45,3,7,Skip
1,talk,46,3,6,Skip
1,talk,47,3,1,ESTIMATE Agent[12] WEREWOLF
1,talk,48,3,4,DIVINED Agent[06] WEREWOLF
1,talk,49,3,11,ESTIMATE Agent[10] WEREWOLF
1,talk,50,3,13,Skip
1,talk,51,3,9,Skip
1,talk,52,3,8,Skip
1,talk,53,3,14,Skip
1,talk,54,3,10,VOTE Agent[11]
1,talk,55,3,2,Skip
1,talk,56,3,5,Skip
1,talk,57,3,3,Skip
1,talk,58,3,12,Skip
1,talk,59,3,15,Skip
1,talk,60,4,12,ESTIMATE Agent[06] WEREWOLF
1,talk,61,4,1,VOTE Agent[06]
1,talk,62,4,4,Skip
1,talk,63,4,3,ESTIMATE Agent[06] WEREWOLF
1,talk,64,4,9,ESTIMATE Agent[06] WEREWOLF
1,talk,65,4,2,ESTIMATE Agent[06] WEREWOLF
1,talk,66,4,15,Over
1,talk,67,4,8,Skip
1,talk,68,4,14,ESTIMATE Agent[06] WEREWOLF
1,talk,69,4,11,VOTE Agent[10]
1,talk,70,4,10,REQUEST(VOTE Agent[11])
1,talk,71,4,13,ESTIMATE Agent[06] WEREWOLF
1,talk,72,4,6,ESTIMATE Agent[04] WEREWOLF
1,talk,73,4,7,Over
1,talk,74,4,5,ESTIMATE Agent[06] WEREWOLF
1,talk,75,5,5,REQUEST(Agent[10] DIVINATION Agent[06])
1,talk,76,5,15,Over
1,talk,77,5,8,Over
1,talk,78,5,12,REQUEST(Agent[10] DIVINATION Agent[06])
1,talk,79,5,14,REQUEST(Agent[10] DIVINATION Agent[06])
1,talk,80,5,3,REQUEST(Agent[10] DIVINATION Agent[06])
1,talk,81,5,13,REQUEST(Agent[10] DIVINATION Agent[06])
1,talk,82,5,11,Skip
1,talk,83,5,4,Skip
1,talk,84,5,1,ESTIMATE Agent[13] WEREWOLF
1,talk,85,5,10,Skip
1,talk,86,5,9,REQUEST(Agent[10] DIVINATION Agent[06])
1,talk,87,5,6,REQUEST(Agent[10] DIVINATION Agent[04])
1,talk,88,5,2,REQUEST(Agent[10] DIVINATION Agent[06])
1,talk,89,5,7,Over
1,talk,90,6,9,VOTE Agent[06]
1,talk,91,6,7,Over
1,talk,92,6,14,VOTE Agent[06]
1,talk,93,6,5,VOTE Agent[06]
1,talk,94,6,11,Skip
1,talk,95,6,13,VOTE Agent[06]
1,talk,96,6,8,Over
1,talk,97,6,6,VOTE Agent[04]
1,talk,98,6,2,VOTE Agent[06]
1,talk,99,6,15,Over
1,talk,100,6,3,VOTE Agent[06]
1,talk,101,6,10,Skip
1,talk,102,6,1,Over
1,talk,103,6,12,VOTE Agent[06]
1,talk,104,6,4,Over
1,talk,105,7,15,Over
1,talk,106,7,7,Over
1,talk,107,7,1,Over
1,talk,108,7,3,Skip
1,talk,109,7,9,Skip
1,talk,110,7,6,Skip
1,talk,111,7,14,Skip
1,talk,112,7,4,Over
1,talk,113,7,11,Over
1,talk,114,7,12,Skip
1,talk,115,7,5,Skip
1,talk,116,7,10,Over
1,talk,117,7,8,Over
1,talk,118,7,2,Skip
1,talk,119,7,13,Skip
1,talk,120,8,4,Over
1,talk,121,8,5,Skip
1,talk,122,8,3,Skip
1,talk,123,8,7,Over
1,talk,124,8,9,Skip
1,talk,125,8,10,Over
1,talk,126,8,14,Skip
1,talk,127,8,8,Over
1,talk,128,8,1,Over
1,talk,129,8,15,Over
1,talk,130,8,11,Over
1,talk,131,8,6,Skip
1,talk,132,8,2,Skip
1,talk,133,8,12,Skip
1,talk,134,8,13,Skip
1,talk,135,9,2,Over
1,talk,136,9,6,Over
1,talk,137,9,4,Over
1,talk,138,9,12,Over
1,talk,139,9,13,Over
1,talk,140,9,1,Over
1,talk,141,9,11,Over
1,talk,142,9,8,Over
1,talk,143,9,14,Over
1,talk,144,9,5,Over
1,talk,145,9,10,Over
1,talk,146,9,9,Over
1,talk,147,9,15,Over
1,talk,148,9,3,Over
1,talk,149,9,7,Over
1,vote,1,6
1,vote,2,6
1,vote,3,6
1,vote,4,6
1,vote,5,6
1,vote,6,4
1,vote,7,11
1,vote,8,6
1,vote,9,6
1,vote,10,11
1,vote,11,10
1,vote,12,6
1,vote,13,6
1,vote,14,6
1,vote,15,1
1,execute,6,VILLAGER
1,divine,11,4,WEREWOLF
1,whisper,0,0,15,ATTACK Agent[10]
1,whisper,1,0,7,ATTACK Agent[10]
1,whisper,2,0,4,ATTACK Agent[10]
1,whisper,3,1,7,REQUEST(ATTACK Agent[10])
1,whisper,4,1,4,REQUEST(ATTACK Agent[10])
1,whisper,5,1,15,REQUEST(ATTACK Agent[10])
1,whisper,6,2,4,DIVINED Agent[07] HUMAN
1,whisper,7,2,7,Skip
1,whisper,8,2,15,IDENTIFIED Agent[06] HUMAN
1,whisper,9,3,4,Skip
1,whisper,10,3,15,Skip
1,whisper,11,3,7,Skip
1,whisper,12,4,15,Skip
1,whisper,13,4,4,Skip
1,whisper,14,4,7,Over
1,whisper,15,5,15,Over
1,whisper,16,5,4,Over
1,whisper,17,5,7,Over
1,guard,13,10,POSSESSED
1,attackVote,4,10
1,attackVote,7,10
1,attackVote,15,10
1,attack,10,false
2,status,1,VILLAGER,ALIVE,wolf1
2,status,2,VILLAGER,ALIVE,SampleRoleAssignPlayer
2,status,3,VILLAGER,ALIVE,SampleRoleAssignPlayer
2,status,4,WEREWOLF,ALIVE,SampleRoleAssignPlayer
2,status,5,VILLAGER,ALIVE,SampleRoleAssignPlayer
2,status,6,VILLAGER,DEAD,SampleRoleAssignPlayer
2,status,7,WEREWOLF,ALIVE,SampleRoleAssignPlayer
2,status,8,MEDIUM,ALIVE,SampleRoleAssignPlayer
2,status,9,VILLAGER,ALIVE,SampleRoleAssignPlayer
2,status,10,POSSESSED,ALIVE,SampleRoleAssignPlayer
2,status,11,SEER,ALIVE,SampleRoleAssignPlayer
2,status,12,VILLAGER,ALIVE,SampleRoleAssignPlayer
2,status,13,BODYGUARD,ALIVE,SampleRoleAssignPlayer
2,status,14,VILLAGER,ALIVE,SampleRoleAssignPlayer
2,status,15,WEREWOLF,ALIVE,SampleRoleAssignPlayer
2,talk,0,0,14,VOTE Agent[08]
2,talk,1,0,9,VOTE Agent[04]
2,talk,2,0,13,VOTE Agent[12]
2,talk,3,0,12,VOTE Agent[11]
2,talk,4,0,11,DIVINED Agent[04] WEREWOLF
2,talk,5,0,8,AGREE TALK day1 ID:72
2,talk,6,0,2,VOTE Agent[01]
2,talk,7,0,4,DIVINED Agent[07] HUMAN
2,talk,8,0,10,DIVINED Agent[12] HUMAN
2,talk,9,0,3,VOTE Agent[05]
2,talk,10,0,15,COMINGOUT Agent[15] MEDIUM
2,talk,11,0,5,VOTE Agent[15]
2,talk,12,0,7,VOTE Agent[13]
2,talk,13,0,1,VOTE Agent[13]
2,talk,14,1,7,REQUEST(VOTE Agent[13])
2,talk,15,1,14,AGREE TALK day1 ID:72
2,talk,16,1,10,VOTE Agent[11]
2,talk,17,1,8,ESTIMATE Agent[04] WEREWOLF
2,talk,18,1,2,AGREE TALK day1 ID:72
2,talk,19,1,5,AGREE TALK day1 ID:72
2,talk,20,1,9,Skip
2,talk,21,1,13,AGREE TALK day1 ID:72
2,talk,22,1,11,REQUEST(VOTE Agent[04])
2,talk,23,1,15,IDENTIFIED Agent[06] HUMAN
2,talk,24,1,12,AGREE TALK day1 ID:72
2,talk,25,1,3,AGREE TALK day1 ID:72
2,talk,26,1,4,VOTE Agent[10]
2,talk,27,1,1,ESTIMATE Agent[04] WEREWOLF
2,talk,28,2,1,ESTIMATE Agent[12] WEREWOLF
2,talk,29,2,11,VOTE Agent[04]
2,talk,30,2,15,VOTE Agent[09]
2,talk,31,2,5,ESTIMATE Agent[04] WEREWOLF
2,talk,32,2,3,ESTIMATE Agent[04] WEREWOLF
2,talk,33,2,12,ESTIMATE Agent[04] WEREWOLF
2,talk,34,2,2,ESTIMATE Agent[04] WEREWOLF
2,talk,35,2,4,REQUEST(VOTE Agent[10])
2,talk,36,2,8,REQUEST(Agent[10] DIVINATION Agent[04])
2,talk,37,2,9,Skip
2,talk,38,2,14,ESTIMATE Agent[04] WEREWOLF
2,talk,39,2,7,Skip
2,talk,40,2,13,ESTIMATE Agent[04] WEREWOLF
2,talk,41,2,10,REQUEST(VOTE Agent[11])
2,talk,42,3,8,VOTE Agent[04]
2,talk,43,3,2,REQUEST(Agent[10] DIVINATION Agent[04])
2,talk,44,3,3,REQUEST(Agent[10] DIVINATION Agent[04])
2,talk,45,3,14,REQUEST(Agent[10] DIVINATION Agent[04])
2,talk,46,3,11,Skip
2,talk,47,3,15,REQUEST(VOTE Agent[09])
2,talk,48,3,13,REQUEST(Agent[10] DIVINATION Agent[04])
2,talk,49,3,9,Over
2,talk,50,3,7,Skip
2,talk,51,3,12,REQUEST(Agent[10] DIVINATION Agent[04])
2,talk,52,3,5,REQUEST(Agent[10] DIVINATION Agent[04])
2,talk,53,3,4,Skip
2,talk,54,3,10,Skip
2,talk,55,3,1,ESTIMATE Agent[13] WEREWOLF
2,talk,56,4,2,VOTE Agent[04]
2,talk,57,4,3,VOTE Agent[04]
2,talk,58,4,11,Skip
2,talk,59,4,5,VOTE Agent[04]
2,talk,60,4,9,Over
2,talk,61,4,1,VOTE Agent[04]
2,talk,62,4,13,VOTE Agent[04]
2,talk,63,4,10,Skip
2,talk,64,4,14,VOTE Agent[04]
2,talk,65,4,7,Over
2,talk,66,4,15,Skip
2,talk,67,4,4,Skip
2,talk,68,4,12,VOTE Agent[04]
2,talk,69,4,8,COMINGOUT Agent[08] MEDIUM
2,talk,70,5,13,Skip
2,talk,71,5,1,ESTIMATE Agent[08] WEREWOLF
2,talk,72,5,8,IDENTIFIED Agent[06] HUMAN
2,talk,73,5,5,Skip
2,talk,74,5,10,Over
2,talk,75,5,9,Over
2,talk,76,5,7,Over
2,talk,77,5,12,Skip
2,talk,78,5,11,Over
2,talk,79,5,2,Skip
2,talk,80,5,14,Skip
2,talk,81,5,15,VOTE Agent[08]
2,talk,82,5,4,Over
2,talk,83,5,3,Skip
2,talk,84,6,15,REQUEST(VOTE Agent[08])
2,talk,85,6,11,Over
2,talk,86,6,12,Skip
2,talk,87,6,1,Over
2,talk,88,6,3,Skip
2,talk,89,6,5,Skip
2,talk,90,6,4,Over
2,talk,91,6,14,Skip
2,talk,92,6,2,Skip
2,talk,93,6,9,Over
2,talk,94,6,7,Over
2,talk,95,6,8,Skip
2,talk,96,6,13,Skip
2,talk,97,6,10,Over
2,talk,98,7,9,Over
2,talk,99,7,5,Over
2,talk,100,7,15,Skip
2,talk,101,7,12,Over
2,talk,102,7,2,Over
2,talk,103,7,10,Over
2,talk,104,7,13,Over
2,talk,105,7,14,Over
2,talk,106,7,4,Over
2,talk,107,7,1,Over
2,talk,108,7,7,Over
2,talk,109,7,8,Skip
2,talk,110,7,11,Over
2,talk,111,7,3,Over
2,talk,112,8,5,Over
2,talk,113,8,8,Over
2,talk,114,8,7,Over
2,talk,115,8,3,Over
2,talk,116,8,12,Over
2,talk,117,8,2,Over
2,talk,118,8,1,Over
2,talk,119,8,9,Over
2,talk,120,8,10,Over
2,talk,121,8,11,Over
2,talk,122,8,4,Over
2,talk,123,8,14,Over
2,talk,124,8,15,Skip
2,talk,125,8,13,Over
2,talk,126,9,5,Over
2,talk,127,9,13,Over
2,talk,128,9,9,Over
2,talk,129,9,4,Over
2,talk,130,9,10,Over
2,talk,131,9,12,Over
2,talk,132,9,11,Over
2,talk,133,9,7,Over
2,talk,134,9,8,Over
2,talk,135,9,1,Over
2,talk,136,9,3,Over
2,talk,137,9,2,Over
2,talk,138,9,14,Over
2,talk,139,9,15,Over
2,vote,1,4
2,vote,2,4
2,vote,3,4
2,vote,4,10
2,vote,5,4
2,vote,7,13
2,vote,8,4
2,vote,9,4
2,vote,10,11
2,vote,11,4
2,vote,12,4
2,vote,13,4
2,vote,14,4
2,vote,15,8
2,execute,4,WEREWOLF
2,divine,11,10,HUMAN
2,whisper,0,0,7,ATTACK Agent[10]
2,whisper,1,0,15,ATTACK Agent[10]
2,whisper,2,1,7,REQUEST(ATTACK Agent[10])
2,whisper,3,1,15,REQUEST(ATTACK Agent[10])
2,whisper,4,2,7,Skip
2,whisper,5,2,15,IDENTIFIED Agent[04] HUMAN
2,whisper,6,3,15,Skip
2,whisper,7,3,7,Skip
2,whisper,8,4,15,Skip
2,whisper,9,4,7,Over
2,whisper,10,5,15,Over
2,whisper,11,5,7,Over
2,guard,13,10,POSSESSED
2,attackVote,7,10
2,attackVote,15,10
2,attack,10,false
3,status,1,VILLAGER,ALIVE,wolf1
3,status,2,VILLAGER,ALIVE,SampleRoleAssignPlayer
3,status,3,VILLAGER,ALIVE,SampleRoleAssignPlayer
3,status,4,WEREWOLF,DEAD,SampleRoleAssignPlayer
3,status,5,VILLAGER,ALIVE,SampleRoleAssignPlayer
3,status,6,VILLAGER,DEAD,SampleRoleAssignPlayer
3,status,7,WEREWOLF,ALIVE,SampleRoleAssignPlayer
3,status,8,MEDIUM,ALIVE,SampleRoleAssignPlayer
3,status,9,VILLAGER,ALIVE,SampleRoleAssignPlayer
3,status,10,POSSESSED,ALIVE,SampleRoleAssignPlayer
3,status,11,SEER,ALIVE,SampleRoleAssignPlayer
3,status,12,VILLAGER,ALIVE,SampleRoleAssignPlayer
3,status,13,BODYGUARD,ALIVE,SampleRoleAssignPlayer
3,status,14,VILLAGER,ALIVE,SampleRoleAssignPlayer
3,status,15,WEREWOLF,ALIVE,SampleRoleAssignPlayer
3,talk,0,0,1,VOTE Agent[15]
3,talk,1,0,13,VOTE Agent[03]
3,talk,2,0,2,VOTE Agent[09]
3,talk,3,0,11,DIVINED Agent[10] HUMAN
3,talk,4,0,9,VOTE Agent[13]
3,talk,5,0,5,VOTE Agent[01]
3,talk,6,0,14,VOTE Agent[03]
3,talk,7,0,12,VOTE Agent[14]
3,talk,8,0,8,IDENTIFIED Agent[04] WEREWOLF
3,talk,9,0,15,IDENTIFIED Agent[04] HUMAN
3,talk,10,0,7,VOTE Agent[14]
3,talk,11,0,10,DIVINED Agent[08] HUMAN
3,talk,12,0,3,VOTE Agent[07]
3,talk,13,1,3,Skip
3,talk,14,1,15,VOTE Agent[08]
3,talk,15,1,9,Skip
3,talk,16,1,13,Skip
3,talk,17,1,11,ESTIMATE Agent[15] WEREWOLF
3,talk,18,1,14,Skip
3,talk,19,1,1,ESTIMATE Agent[04] WEREWOLF
3,talk,20,1,7,REQUEST(VOTE Agent[14])
3,talk,21,1,8,ESTIMATE Agent[15] WEREWOLF
3,talk,22,1,2,Skip
3,talk,23,1,12,Skip
3,talk,24,1,5,Skip
3,talk,25,1,10,VOTE Agent[11]
3,talk,26,2,2,Skip
3,talk,27,2,1,ESTIMATE Agent[07] WEREWOLF
3,talk,28,2,10,REQUEST(VOTE Agent[11])
3,talk,29,2,15,REQUEST(VOTE Agent[08])
3,talk,30,2,14,Skip
3,talk,31,2,3,Skip
3,talk,32,2,12,Skip
3,talk,33,2,11,VOTE Agent[15]
3,talk,34,2,13,Skip
3,talk,35,2,5,Skip
3,talk,36,2,7,Skip
3,talk,37,2,9,Skip
3,talk,38,2,8,REQUEST(Agent[10] DIVINATION Agent[15])
3,talk,39,3,5,Over
3,talk,40,3,3,Over
3,talk,41,3,9,Over
3,talk,42,3,14,Over
3,talk,43,3,1,ESTIMATE Agent[15] WEREWOLF
3,talk,44,3,7,Skip
3,talk,45,3,8,VOTE Agent[15]
3,talk,46,3,15,Skip
3,talk,47,3,11,Skip
3,talk,48,3,12,Over
3,talk,49,3,13,Over
3,talk,50,3,10,Skip
3,talk,51,3,2,Over
3,talk,52,4,10,Skip
3,talk,53,4,15,Skip
3,talk,54,4,12,Over
3,talk,55,4,14,Over
3,talk,56,4,3,Over
3,talk,57,4,8,Skip
3,talk,58,4,5,Over
3,talk,59,4,9,Over
3,talk,60,4,2,Over
3,talk,61,4,7,Over
3,talk,62,4,11,Skip
3,talk,63,4,1,ESTIMATE Agent[08] MEDIUM
3,talk,64,4,13,Over
3,talk,65,5,5,Over
3,talk,66,5,12,Over
3,talk,67,5,15,Over
3,talk,68,5,1,Over
3,talk,69,5,9,Over
3,talk,70,5,14,Over
3,talk,71,5,2,Over
3,talk,72,5,13,Over
3,talk,73,5,8,Skip
3,talk,74,5,11,Over
3,talk,75,5,3,Over
3,talk,76,5,7,Over
3,talk,77,5,10,Over
3,talk,78,6,7,Over
3,talk,79,6,8,Over
3,talk,80,6,2,Over
3,talk,81,6,3,Over
3,talk,82,6,1,Over
3,talk,83,6,13,Over
3,talk,84,6,15,Over
3,talk,85,6,9,Over
3,talk,86,6,14,Over
3,talk,87,6,11,Over
3,talk,88,6,10,Over
3,talk,89,6,12,Over
3,talk,90,6,5,Over
3,vote,1,15
3,vote,2,9
3,vote,3,7
3,vote,5,1
3,vote,7,14
3,vote,8,15
3,vote,9,13
3,vote,10,11
3,vote,11,15
3,vote,12,14
3,vote,13,3
3,vote,14,3
3,vote,15,8
3,execute,15,WEREWOLF
3,guard,13,10,POSSESSED
4,status,1,VILLAGER,ALIVE,wolf1
4,status,2,VILLAGER,ALIVE,SampleRoleAssignPlayer
4,status,3,VILLAGER,ALIVE,SampleRoleAssignPlayer
4,status,4,WEREWOLF,DEAD,SampleRoleAssignPlayer
4,status,5,VILLAGER,ALIVE,SampleRoleAssignPlayer
4,status,6,VILLAGER,DEAD,SampleRoleAssignPlayer
4,status,7,WEREWOLF,ALIVE,SampleRoleAssignPlayer
4,status,8,MEDIUM,ALIVE,SampleRoleAssignPlayer
4,status,9,VILLAGER,ALIVE,SampleRoleAssignPlayer
4,status,10,POSSESSED,ALIVE,SampleRoleAssignPlayer
4,status,11,SEER,ALIVE,SampleRoleAssignPlayer
4,status,12,VILLAGER,ALIVE,SampleRoleAssignPlayer
4,status,13,BODYGUARD,ALIVE,SampleRoleAssignPlayer
4,status,14,VILLAGER,ALIVE,SampleRoleAssignPlayer
4,status,15,WEREWOLF,DEAD,SampleRoleAssignPlayer
4,talk,0,0,1,VOTE Agent[07]
4,talk,1,0,12,VOTE Agent[01]
4,talk,2,0,11,VOTE Agent[05]
4,talk,3,0,10,DIVINED Agent[13] HUMAN
4,talk,4,0,8,IDENTIFIED Agent[15] WEREWOLF
4,talk,5,0,13,VOTE Agent[12]
4,talk,6,0,3,VOTE Agent[08]
4,talk,7,0,9,VOTE Agent[14]
4,talk,8,0,14,VOTE Agent[02]
4,talk,9,0,7,VOTE Agent[09]
4,talk,10,0,5,VOTE Agent[14]
4,talk,11,0,2,VOTE Agent[09]
4,talk,12,1,11,Skip
4,talk,13,1,7,REQUEST(VOTE Agent[09])
4,talk,14,1,3,Skip
4,talk,15,1,12,Skip
4,talk,16,1,5,Skip
4,talk,17,1,2,Skip
4,talk,18,1,9,Skip
4,talk,19,1,1,ESTIMATE Agent[04] WEREWOLF
4,talk,20,1,13,Skip
4,talk,21,1,8,VOTE Agent[12]
4,talk,22,1,10,VOTE Agent[11]
4,talk,23,1,14,Skip
4,talk,24,2,2,Skip
4,talk,25,2,10,REQUEST(VOTE Agent[11])
4,talk,26,2,11,Skip
4,talk,27,2,1,ESTIMATE Agent[07] WEREWOLF
4,talk,28,2,14,Skip
4,talk,29,2,5,Skip
4,talk,30,2,9,Skip
4,talk,31,2,8,Skip
4,talk,32,2,13,Skip
4,talk,33,2,3,Skip
4,talk,34,2,12,Skip
4,talk,35,2,7,Skip
4,talk,36,3,3,Over
4,talk,37,3,9,Over
4,talk,38,3,11,Over
4,talk,39,3,1,ESTIMATE Agent[15] WEREWOLF
4,talk,40,3,10,Skip
4,talk,41,3,12,Over
4,talk,42,3,8,Skip
4,talk,43,3,5,Over
4,talk,44,3,14,Over
4,talk,45,3,13,Over
4,talk,46,3,2,Over
4,talk,47,3,7,Skip
4,talk,48,4,10,Skip
4,talk,49,4,1,VOTE Agent[09]
4,talk,50,4,5,Over
4,talk,51,4,11,Over
4,talk,52,4,2,Over
4,talk,53,4,8,Over
4,talk,54,4,13,Over
4,talk,55,4,9,Over
4,talk,56,4,14,Over
4,talk,57,4,3,Over
4,talk,58,4,12,Over
4,talk,59,4,7,Over
4,talk,60,5,14,Over
4,talk,61,5,5,Over
4,talk,62,5,12,Over
4,talk,63,5,7,Over
4,talk,64,5,2,Over
4,talk,65,5,11,Over
4,talk,66,5,9,Over
4,talk,67,5,3,Over
4,talk,68,5,1,ESTIMATE Agent[08] MEDIUM
4,talk,69,5,13,Over
4,talk,70,5,8,Over
4,talk,71,5,10,Over
4,talk,72,6,1,Over
4,talk,73,6,12,Over
4,talk,74,6,5,Over
4,talk,75,6,2,Over
4,talk,76,6,8,Over
4,talk,77,6,3,Over
4,talk,78,6,10,Over
4,talk,79,6,13,Over
4,talk,80,6,11,Over
4,talk,81,6,7,Over
4,talk,82,6,14,Over
4,talk,83,6,9,Over
4,vote,1,9
4,vote,2,9
4,vote,3,8
4,vote,5,14
4,vote,7,9
4,vote,8,12
4,vote,9,14
4,vote,10,11
4,vote,11,5
4,vote,12,1
4,vote,13,12
4,vote,14,2
4,execute,9,VILLAGER
4,divine,11,2,HUMAN
4,guard,13,10,POSSESSED
4,attackVote,7,10
4,attack,10,false
5,status,1,VILLAGER,ALIVE,wolf1
5,status,2,VILLAGER,ALIVE,SampleRoleAssignPlayer
5,status,3,VILLAGER,ALIVE,SampleRoleAssignPlayer
5,status,4,WEREWOLF,DEAD,SampleRoleAssignPlayer
5,status,5,VILLAGER,ALIVE,SampleRoleAssignPlayer
5,status,6,VILLAGER,DEAD,SampleRoleAssignPlayer
5,status,7,WEREWOLF,ALIVE,SampleRoleAssignPlayer
5,status,8,MEDIUM,ALIVE,SampleRoleAssignPlayer
5,status,9,VILLAGER,DEAD,SampleRoleAssignPlayer
5,status,10,POSSESSED,ALIVE,SampleRoleAssignPlayer
5,status,11,SEER,ALIVE,SampleRoleAssignPlayer
5,status,12,VILLAGER,ALIVE,SampleRoleAssignPlayer
5,status,13,BODYGUARD,ALIVE,SampleRoleAssignPlayer
5,status,14,VILLAGER,ALIVE,SampleRoleAssignPlayer
5,status,15,WEREWOLF,DEAD,SampleRoleAssignPlayer
5,talk,0,0,5,VOTE Agent[11]
5,talk,1,0,7,VOTE Agent[12]
5,talk,2,0,10,DIVINED Agent[05] HUMAN
5,talk,3,0,1,VOTE Agent[07]
5,talk,4,0,2,VOTE Agent[13]
5,talk,5,0,8,IDENTIFIED Agent[09] HUMAN
5,talk,6,0,13,VOTE Agent[03]
5,talk,7,0,11,DIVINED Agent[02] HUMAN
5,talk,8,0,12,VOTE Agent[02]
5,talk,9,0,14,VOTE Agent[08]
5,talk,10,0,3,VOTE Agent[01]
5,talk,11,1,14,Skip
5,talk,12,1,5,Skip
5,talk,13,1,3,Skip
5,talk,14,1,2,Skip
5,talk,15,1,13,Skip
5,talk,16,1,8,VOTE Agent[11]
5,talk,17,1,1,ESTIMATE Agent[04] WEREWOLF
5,talk,18,1,11,VOTE Agent[10]
5,talk,19,1,7,REQUEST(VOTE Agent[12])
5,talk,20,1,12,Skip
5,talk,21,1,10,VOTE Agent[11]
5,talk,22,2,2,Skip
5,talk,23,2,10,REQUEST(VOTE Agent[11])
5,talk,24,2,12,Skip
5,talk,25,2,1,ESTIMATE Agent[07] WEREWOLF
5,talk,26,2,11,Skip
5,talk,27,2,13,Skip
5,talk,28,2,5,Skip
5,talk,29,2,3,Skip
5,talk,30,2,8,Skip
5,talk,31,2,14,Skip
5,talk,32,2,7,Skip
5,talk,33,3,14,Over
5,talk,34,3,3,Over
5,talk,35,3,2,Over
5,talk,36,3,7,Skip
5,talk,37,3,5,Over
5,talk,38,3,12,Over
5,talk,39,3,11,Skip
5,talk,40,3,13,Over
5,talk,41,3,8,Skip
5,talk,42,3,10,Skip
5,talk,43,3,1,ESTIMATE Agent[15] WEREWOLF
5,talk,44,4,11,Over
5,talk,45,4,10,Skip
5,talk,46,4,3,Over
5,talk,47,4,14,Over
5,talk,48,4,8,Over
5,talk,49,4,2,Over
5,talk,50,4,5,Over
5,talk,51,4,13,Over
5,talk,52,4,7,Over
5,talk,53,4,1,ESTIMATE Agent[08] MEDIUM
5,talk,54,4,12,Over
5,talk,55,5,14,Over
5,talk,56,5,1,Over
5,talk,57,5,3,Over
5,talk,58,5,2,Over
5,talk,59,5,11,Over
5,talk,60,5,12,Over
5,talk,61,5,10,Over
5,talk,62,5,7,Over
5,talk,63,5,13,Over
5,talk,64,5,5,Over
5,talk,65,5,8,Over
5,vote,1,7
5,vote,2,13
5,vote,3,1
5,vote,5,11
5,vote,7,12
5,vote,8,11
5,vote,10,11
5,vote,11,10
5,vote,12,2
5,vote,13,3
5,vote,14,8
5,execute,11,SEER
5,guard,13,10,POSSESSED
5,attackVote,7,8
5,attack,8,true
6,status,1,VILLAGER,ALIVE,wolf1
6,status,2,VILLAGER,ALIVE,SampleRoleAssignPlayer
6,status,3,VILLAGER,ALIVE,SampleRoleAssignPlayer
6,status,4,WEREWOLF,DEAD,SampleRoleAssignPlayer
6,status,5,VILLAGER,ALIVE,SampleRoleAssignPlayer
6,status,6,VILLAGER,DEAD,SampleRoleAssignPlayer
6,status,7,WEREWOLF,ALIVE,SampleRoleAssignPlayer
6,status,8,MEDIUM,DEAD,SampleRoleAssignPlayer
6,status,9,VILLAGER,DEAD,SampleRoleAssignPlayer
6,status,10,POSSESSED,ALIVE,SampleRoleAssignPlayer
6,status,11,SEER,DEAD,SampleRoleAssignPlayer
6,status,12,VILLAGER,ALIVE,SampleRoleAssignPlayer
6,status,13,BODYGUARD,ALIVE,SampleRoleAssignPlayer
6,status,14,VILLAGER,ALIVE,SampleRoleAssignPlayer
6,status,15,WEREWOLF,DEAD,SampleRoleAssignPlayer
6,talk,0,0,5,VOTE Agent[03]
6,talk,1,0,1,VOTE Agent[07]
6,talk,2,0,7,VOTE Agent[14]
6,talk,3,0,10,DIVINED Agent[03] WEREWOLF
6,talk,4,0,2,VOTE Agent[07]
6,talk,5,0,14,VOTE Agent[02]
6,talk,6,0,12,VOTE Agent[13]
6,talk,7,0,3,VOTE Agent[01]
6,talk,8,0,13,VOTE Agent[01]
6,talk,9,1,14,AGREE TALK day1 ID:21
6,talk,10,1,12,AGREE TALK day1 ID:21
6,talk,11,1,13,AGREE TALK day1 ID:21
6,talk,12,1,5,Skip
6,talk,13,1,3,DISAGREE TALK day1 ID:30
6,talk,14,1,7,REQUEST(VOTE Agent[14])
6,talk,15,1,10,VOTE Agent[03]
6,talk,16,1,1,ESTIMATE Agent[04] WEREWOLF
6,talk,17,1,2,AGREE TALK day1 ID:21
6,talk,18,2,5,Skip
6,talk,19,2,12,ESTIMATE Agent[03] WEREWOLF
6,talk,20,2,1,ESTIMATE Agent[07] WEREWOLF
6,talk,21,2,7,Skip
6,talk,22,2,14,ESTIMATE Agent[03] WEREWOLF
6,talk,23,2,13,ESTIMATE Agent[03] WEREWOLF
6,talk,24,2,3,DISAGREE TALK day1 ID:31
6,talk,25,2,2,ESTIMATE Agent[03] WEREWOLF
6,talk,26,2,10,REQUEST(VOTE Agent[03])
6,talk,27,3,7,Skip
6,talk,28,3,3,DISAGREE TALK day1 ID:33
6,talk,29,3,2,REQUEST(Agent[10] DIVINATION Agent[03])
6,talk,30,3,1,ESTIMATE Agent[15] WEREWOLF
6,talk,31,3,14,REQUEST(Agent[10] DIVINATION Agent[03])
6,talk,32,3,10,Skip
6,talk,33,3,12,REQUEST(Agent[10] DIVINATION Agent[03])
6,talk,34,3,5,Over
6,talk,35,3,13,REQUEST(Agent[10] DIVINATION Agent[03])
6,talk,36,4,12,VOTE Agent[03]
6,talk,37,4,13,VOTE Agent[03]
6,talk,38,4,2,VOTE Agent[03]
6,talk,39,4,1,VOTE Agent[03]
6,talk,40,4,14,VOTE Agent[03]
6,talk,41,4,10,Skip
6,talk,42,4,7,Over
6,talk,43,4,3,DISAGREE TALK day1 ID:34
6,talk,44,4,5,Over
6,talk,45,5,14,Skip
6,talk,46,5,12,Skip
6,talk,47,5,5,Over
6,talk,48,5,2,Skip
6,talk,49,5,7,Over
6,talk,50,5,13,Skip
6,talk,51,5,3,DISAGREE TALK day1 ID:37
6,talk,52,5,1,ESTIMATE Agent[02] VILLAGER
6,talk,53,5,10,Over
6,talk,54,6,1,Over
6,talk,55,6,12,Skip
6,talk,56,6,14,Skip
6,talk,57,6,13,Skip
6,talk,58,6,7,Over
6,talk,59,6,10,Over
6,talk,60,6,2,Skip
6,talk,61,6,3,DISAGREE TALK day1 ID:38
6,talk,62,6,5,Over
6,talk,63,7,14,Over
6,talk,64,7,13,Over
6,talk,65,7,5,Over
6,talk,66,7,7,Over
6,talk,67,7,3,DISAGREE TALK day1 ID:40
6,talk,68,7,1,Over
6,talk,69,7,2,Over
6,talk,70,7,10,Over
6,talk,71,7,12,Over
6,talk,72,8,10,Over
6,talk,73,8,12,Over
6,talk,74,8,14,Over
6,talk,75,8,2,Over
6,talk,76,8,13,Over
6,talk,77,8,1,Over
6,talk,78,8,7,Over
6,talk,79,8,3,AGREE TALK day1 ID:42
6,talk,80,8,5,Over
6,talk,81,9,10,Over
6,talk,82,9,1,Over
6,talk,83,9,14,Over
6,talk,84,9,2,Over
6,talk,85,9,12,Over
6,talk,86,9,3,DISAGREE TALK day1 ID:43
6,talk,87,9,5,Over
6,talk,88,9,7,Over
6,talk,89,9,13,Over
6,talk,90,10,3,Over
6,talk,91,10,1,Over
6,talk,92,10,12,Over
6,talk,93,10,7,Over
6,talk,94,10,14,Over
6,talk,95,10,10,Over
6,talk,96,10,13,Over
6,talk,97,10,2,Over
6,talk,98,10,5,Over
6,vote,1,3
6,vote,2,3
6,vote,3,10
6,vote,5,3
6,vote,7,14
6,vote,10,3
6,vote,12,3
6,vote,13,3
6,vote,14,3
6,execute,3,VILLAGER
6,guard,13,10,POSSESSED
6,attackVote,7,2
6,attack,2,true
7,status,1,VILLAGER,ALIVE,wolf1
7,status,2,VILLAGER,DEAD,SampleRoleAssignPlayer
7,status,3,VILLAGER,DEAD,SampleRoleAssignPlayer
7,status,4,WEREWOLF,DEAD,SampleRoleAssignPlayer
7,status,5,VILLAGER,ALIVE,SampleRoleAssignPlayer
7,status,6,VILLAGER,DEAD,SampleRoleAssignPlayer
7,status,7,WEREWOLF,ALIVE,SampleRoleAssignPlayer
7,status,8,MEDIUM,DEAD,SampleRoleAssignPlayer
7,status,9,VILLAGER,DEAD,SampleRoleAssignPlayer
7,status,10,POSSESSED,ALIVE,SampleRoleAssignPlayer
7,status,11,SEER,DEAD,SampleRoleAssignPlayer
7,status,12,VILLAGER,ALIVE,SampleRoleAssignPlayer
7,status,13,BODYGUARD,ALIVE,SampleRoleAssignPlayer
7,status,14,VILLAGER,ALIVE,SampleRoleAssignPlayer
7,status,15,WEREWOLF,DEAD,SampleRoleAssignPlayer
7,talk,0,0,7,VOTE Agent[14]
7,talk,1,0,1,VOTE Agent[10]
7,talk,2,0,14,VOTE Agent[01]
7,talk,3,0,12,VOTE Agent[05]
7,talk,4,0,10,DIVINED Agent[01] WEREWOLF
7,talk,5,0,5,VOTE Agent[12]
7,talk,6,0,13,VOTE Agent[12]
7,talk,7,1,5,ESTIMATE Agent[01] WEREWOLF
7,talk,8,1,1,ESTIMATE Agent[04] WEREWOLF
7,talk,9,1,12,ESTIMATE Agent[01] WEREWOLF
7,talk,10,1,10,VOTE Agent[03]
7,talk,11,1,7,REQUEST(VOTE Agent[14])
7,talk,12,1,14,Skip
7,talk,13,1,13,ESTIMATE Agent[01] WEREWOLF
7,talk,14,2,7,Skip
7,talk,15,2,10,REQUEST(VOTE Agent[03])
7,talk,16,2,12,REQUEST(Agent[10] DIVINATION Agent[01])
7,talk,17,2,5,REQUEST(Agent[10] DIVINATION Agent[01])
7,talk,18,2,13,REQUEST(Agent[10] DIVINATION Agent[01])
7,talk,19,2,1,ESTIMATE Agent[07] WEREWOLF
7,talk,20,2,14,Skip
7,talk,21,3,5,VOTE Agent[01]
7,talk,22,3,10,Skip
7,talk,23,3,1,ESTIMATE Agent[15] WEREWOLF
7,talk,24,3,12,VOTE Agent[01]
7,talk,25,3,7,Skip
7,talk,26,3,13,VOTE Agent[01]
7,talk,27,3,14,Over
7,talk,28,4,10,Skip
7,talk,29,4,1,Over
7,talk,30,4,12,Skip
7,talk,31,4,14,Over
7,talk,32,4,13,Skip
7,talk,33,4,7,Over
7,talk,34,4,5,Skip
7,talk,35,5,7,Over
7,talk,36,5,14,Over
7,talk,37,5,12,Skip
7,talk,38,5,5,Skip
7,talk,39,5,13,Skip
7,talk,40,5,1,Over
7,talk,41,5,10,Over
7,talk,42,6,10,Over
7,talk,43,6,7,Over
7,talk,44,6,13,Over
7,talk,45,6,14,Over
7,talk,46,6,1,Over
7,talk,47,6,12,Over
7,talk,48,6,5,Over
7,vote,1,10
7,vote,5,1
7,vote,7,14
7,vote,10,13
7,vote,12,1
7,vote,13,1
7,vote,14,1
7,execute,1,VILLAGER
7,guard,13,10,POSSESSED
7,attackVote,7,13
7,attack,13,true
8,status,1,VILLAGER,DEAD,wolf1
8,status,2,VILLAGER,DEAD,SampleRoleAssignPlayer
8,status,3,VILLAGER,DEAD,SampleRoleAssignPlayer
8,status,4,WEREWOLF,DEAD,SampleRoleAssignPlayer
8,status,5,VILLAGER,ALIVE,SampleRoleAssignPlayer
8,status,6,VILLAGER,DEAD,SampleRoleAssignPlayer
8,status,7,WEREWOLF,ALIVE,SampleRoleAssignPlayer
8,status,8,MEDIUM,DEAD,SampleRoleAssignPlayer
8,status,9,VILLAGER,DEAD,SampleRoleAssignPlayer
8,status,10,POSSESSED,ALIVE,SampleRoleAssignPlayer
8,status,11,SEER,DEAD,SampleRoleAssignPlayer
8,status,12,VILLAGER,ALIVE,SampleRoleAssignPlayer
8,status,13,BODYGUARD,DEAD,SampleRoleAssignPlayer
8,status,14,VILLAGER,ALIVE,SampleRoleAssignPlayer
8,status,15,WEREWOLF,DEAD,SampleRoleAssignPlayer
8,talk,0,0,10,DIVINED Agent[14] HUMAN
8,talk,1,0,14,VOTE Agent[05]
8,talk,2,0,12,VOTE Agent[10]
8,talk,3,0,7,VOTE Agent[05]
8,talk,4,0,5,VOTE Agent[14]
8,talk,5,1,14,Skip
8,talk,6,1,12,Skip
8,talk,7,1,10,VOTE Agent[01]
8,talk,8,1,7,REQUEST(VOTE Agent[05])
8,talk,9,1,5,Skip
8,talk,10,2,12,Skip
8,talk,11,2,14,Skip
8,talk,12,2,7,Skip
8,talk,13,2,10,REQUEST(VOTE Agent[01])
8,talk,14,2,5,Skip
8,talk,15,3,12,Over
8,talk,16,3,5,Over
8,talk,17,3,10,Skip
8,talk,18,3,14,Over
8,talk,19,3,7,Skip
8,talk,20,4,7,Over
8,talk,21,4,12,Over
8,talk,22,4,5,Over
8,talk,23,4,14,Over
8,talk,24,4,10,Skip
8,talk,25,5,5,Over
8,talk,26,5,7,Over
8,talk,27,5,14,Over
8,talk,28,5,10,Over
8,talk,29,5,12,Over
8,vote,5,14
8,vote,7,5
8,vote,10,7
8,vote,12,10
8,vote,14,5
8,execute,5,VILLAGER
8,attackVote,7,14
8,attack,14,true
9,status,1,VILLAGER,DEAD,wolf1
9,status,2,VILLAGER,DEAD,SampleRoleAssignPlayer
9,status,3,VILLAGER,DEAD,SampleRoleAssignPlayer
9,status,4,WEREWOLF,DEAD,SampleRoleAssignPlayer
9,status,5,VILLAGER,DEAD,SampleRoleAssignPlayer
9,status,6,VILLAGER,DEAD,SampleRoleAssignPlayer
9,status,7,WEREWOLF,ALIVE,SampleRoleAssignPlayer
9,status,8,MEDIUM,DEAD,SampleRoleAssignPlayer
9,status,9,VILLAGER,DEAD,SampleRoleAssignPlayer
9,status,10,POSSESSED,ALIVE,SampleRoleAssignPlayer
9,status,11,SEER,DEAD,SampleRoleAssignPlayer
9,status,12,VILLAGER,ALIVE,SampleRoleAssignPlayer
9,status,13,BODYGUARD,DEAD,SampleRoleAssignPlayer
9,status,14,VILLAGER,DEAD,SampleRoleAssignPlayer
9,status,15,WEREWOLF,DEAD,SampleRoleAssignPlayer
9,talk,0,0,10,DIVINED Agent[07] WEREWOLF
9,talk,1,0,7,VOTE Agent[12]
9,talk,2,0,12,VOTE Agent[10]
9,talk,3,1,10,VOTE Agent[03]
9,talk,4,1,7,REQUEST(VOTE Agent[12])
9,talk,5,1,12,AGREE TALK day3 ID:27
9,talk,6,2,12,AGREE TALK day4 ID:27
9,talk,7,2,7,Skip
9,talk,8,2,10,REQUEST(VOTE Agent[03])
9,talk,9,3,10,Skip
9,talk,10,3,7,Skip
9,talk,11,3,12,AGREE TALK day5 ID:25
9,talk,12,4,10,Skip
9,talk,13,4,7,Over
9,talk,14,4,12,AGREE TALK day6 ID:20
9,talk,15,5,10,Over
9,talk,16,5,7,Over
9,talk,17,5,12,AGREE TALK day7 ID:19
9,talk,18,6,12,ESTIMATE Agent[07] WEREWOLF
9,talk,19,6,7,Over
9,talk,20,6,10,Over
9,talk,21,7,7,Over
9,talk,22,7,10,Over
9,talk,23,7,12,REQUEST(Agent[10] DIVINATION Agent[07])
9,talk,24,8,7,Over
9,talk,25,8,10,Over
9,talk,26,8,12,VOTE Agent[07]
9,talk,27,9,7,Over
9,talk,28,9,12,Skip
9,talk,29,9,10,Over
9,talk,30,10,7,Over
9,talk,31,10,10,Over
9,talk,32,10,12,Skip
9,talk,33,11,10,Over
9,talk,34,11,7,Over
9,talk,35,11,12,Over
9,vote,7,12
9,vote,10,7
9,vote,12,7
9,execute,7,WEREWOLF
9,attack,12,true
10,status,1,VILLAGER,DEAD,wolf1
10,status,2,VILLAGER,DEAD,SampleRoleAssignPlayer
10,status,3,VILLAGER,DEAD,SampleRoleAssignPlayer
10,status,4,WEREWOLF,DEAD,SampleRoleAssignPlayer
10,status,5,VILLAGER,DEAD,SampleRoleAssignPlayer
10,status,6,VILLAGER,DEAD,SampleRoleAssignPlayer
10,status,7,WEREWOLF,DEAD,SampleRoleAssignPlayer
10,status,8,MEDIUM,DEAD,SampleRoleAssignPlayer
10,status,9,VILLAGER,DEAD,SampleRoleAssignPlayer
10,status,10,POSSESSED,ALIVE,SampleRoleAssignPlayer
10,status,11,SEER,DEAD,SampleRoleAssignPlayer
10,status,12,VILLAGER,DEAD,SampleRoleAssignPlayer
10,status,13,BODYGUARD,DEAD,SampleRoleAssignPlayer
10,status,14,VILLAGER,DEAD,SampleRoleAssignPlayer
10,status,15,WEREWOLF,DEAD,SampleRoleAssignPlayer
10,result,1,0,VILLAGER
