0,status,1,WEREWOLF,ALIVE,wolf1
0,status,2,VILLAGER,ALIVE,SampleRoleAssignPlayer
0,status,3,VILLAGER,ALIVE,SampleRoleAssignPlayer
0,status,4,VILLAGER,ALIVE,SampleRoleAssignPlayer
0,status,5,VILLAGER,ALIVE,SampleRoleAssignPlayer
0,status,6,VILLAGER,ALIVE,SampleRoleAssignPlayer
0,status,7,WEREWOLF,ALIVE,SampleRoleAssignPlayer
0,status,8,SEER,ALIVE,SampleRoleAssignPlayer
0,status,9,BODYGUARD,ALIVE,SampleRoleAssignPlayer
0,status,10,MEDIUM,ALIVE,SampleRoleAssignPlayer
0,status,11,VILLAGER,ALIVE,SampleRoleAssignPlayer
0,status,12,POSSESSED,ALIVE,SampleRoleAssignPlayer
0,status,13,VILLAGER,ALIVE,SampleRoleAssignPlayer
0,status,14,WEREWOLF,ALIVE,SampleRoleAssignPlayer
0,status,15,VILLAGER,ALIVE,SampleRoleAssignPlayer
0,whisper,0,0,1,COMINGOUT Agent[01] VILLAGER
0,whisper,1,0,14,COMINGOUT Agent[14] MEDIUM
0,whisper,2,0,7,COMINGOUT Agent[07] MEDIUM
0,whisper,3,1,1,ATTACK Agent[02]
0,whisper,4,1,7,COMINGOUT Agent[07] VILLAGER
0,whisper,5,1,14,COMINGOUT Agent[14] VILLAGER
0,whisper,6,2,7,COMINGOUT Agent[07] MEDIUM
0,whisper,7,2,1,Over
0,whisper,8,2,14,Skip
0,whisper,9,3,7,Skip
0,whisper,10,3,14,Skip
0,whisper,11,3,1,Over
0,whisper,12,4,7,Skip
0,whisper,13,4,14,COMINGOUT Agent[14] SEER
0,whisper,14,4,1,Over
0,whisper,15,5,7,Over
0,whisper,16,5,14,DIVINED Agent[15] WEREWOLF
0,whisper,17,5,1,Over
0,whisper,18,6,7,Over
0,whisper,19,6,14,Skip
0,whisper,20,6,1,Over
0,whisper,21,7,14,Skip
0,whisper,22,7,1,Over
0,whisper,23,7,7,Over
0,whisper,24,8,1,Over
0,whisper,25,8,7,Over
0,whisper,26,8,14,Over
0,divine,8,2,HUMAN
1,status,1,WEREWOLF,ALIVE,wolf1
1,status,2,VILLAGER,ALIVE,SampleRoleAssignPlayer
1,status,3,VILLAGER,ALIVE,SampleRoleAssignPlayer
1,status,4,VILLAGER,ALIVE,SampleRoleAssignPlayer
1,status,5,VILLAGER,ALIVE,SampleRoleAssignPlayer
1,status,6,VILLAGER,ALIVE,SampleRoleAssignPlayer
1,status,7,WEREWOLF,ALIVE,SampleRoleAssignPlayer
1,status,8,SEER,ALIVE,SampleRoleAssignPlayer
1,status,9,BODYGUARD,ALIVE,SampleRoleAssignPlayer
1,status,10,MEDIUM,ALIVE,SampleRoleAssignPlayer
1,status,11,VILLAGER,ALIVE,SampleRoleAssignPlayer
1,status,12,POSSESSED,ALIVE,SampleRoleAssignPlayer
1,status,13,VILLAGER,ALIVE,SampleRoleAssignPlayer
1,status,14,WEREWOLF,ALIVE,SampleRoleAssignPlayer
1,status,15,VILLAGER,ALIVE,SampleRoleAssignPlayer
1,talk,0,0,4,VOTE Agent[06]
1,talk,1,0,13,VOTE Agent[15]
1,talk,2,0,2,VOTE Agent[07]
1,talk,3,0,11,VOTE Agent[14]
1,talk,4,0,12,COMINGOUT Agent[12] SEER
1,talk,5,0,6,VOTE Agent[12]
1,talk,6,0,14,VOTE Agent[15]
1,talk,7,0,8,VOTE Agent[04]
1,talk,8,0,7,VOTE Agent[15]
1,talk,9,0,5,VOTE Agent[08]
1,talk,10,0,15,VOTE Agent[04]
1,talk,11,0,9,VOTE Agent[11]
1,talk,12,0,3,VOTE Agent[11]
1,talk,13,0,1,VOTE Agent[11]
1,talk,14,0,10,COMINGOUT Agent[10] MEDIUM
1,talk,15,1,9,Skip
1,talk,16,1,5,Skip
1,talk,17,1,1,ESTIMATE Agent[04] WEREWOLF
1,talk,18,1,6,Skip
1,talk,19,1,13,Skip
1,talk,20,1,2,Skip
1,talk,21,1,4,Skip
1,talk,22,1,15,Skip
1,talk,23,1,8,COMINGOUT Agent[08] SEER
1,talk,24,1,10,VOTE Agent[08]
1,talk,25,1,14,REQUEST(VOTE Agent[15])
1,talk,26,1,3,Skip
1,talk,27,1,12,DIVINED Agent[08] HUMAN
1,talk,28,1,11,Skip
1,talk,29,1,7,REQUEST(VOTE Agent[15])
1,talk,30,2,2,ESTIMATE Agent[12] SEER
1,talk,31,2,8,DIVINED Agent[02] HUMAN
1,talk,32,2,14,COMINGOUT Agent[14] SEER
1,talk,33,2,11,ESTIMATE Agent[12] SEER
1,talk,34,2,13,ESTIMATE Agent[12] SEER
1,talk,35,2,15,ESTIMATE Agent[12] SEER
1,talk,36,2,3,ESTIMATE Agent[12] SEER
1,talk,37,2,4,ESTIMATE Agent[12] SEER
1,talk,38,2,10,ESTIMATE Agent[12] SEER
1,talk,39,2,7,VOTE Agent[10]
1,talk,40,2,5,ESTIMATE Agent[12] SEER
1,talk,41,2,6,ESTIMATE Agent[12] SEER
1,talk,42,2,9,ESTIMATE Agent[12] SEER
1,talk,43,2,12,REQUEST(VOTE Agent[07])
1,talk,44,2,1,ESTIMATE Agent[05] WEREWOLF
1,talk,45,3,1,ESTIMATE Agent[08] WEREWOLF
1,talk,46,3,11,Skip
1,talk,47,3,13,Skip
1,talk,48,3,5,Skip
1,talk,49,3,6,Skip
1,talk,50,3,3,Skip
1,talk,51,3,10,Skip
1,talk,52,3,4,Skip
1,talk,53,3,14,DIVINED Agent[15] WEREWOLF
1,talk,54,3,7,REQUEST(VOTE Agent[10])
1,talk,55,3,12,VOTE Agent[08]
1,talk,56,3,15,Skip
1,talk,57,3,2,Skip
1,talk,58,3,9,Skip
1,talk,59,3,8,ESTIMATE Agent[12] WEREWOLF
1,talk,60,4,9,ESTIMATE Agent[15] WEREWOLF
1,talk,61,4,1,VOTE Agent[15]
1,talk,62,4,12,REQUEST(VOTE Agent[08])
1,talk,63,4,13,Skip
1,talk,64,4,14,Skip
1,talk,65,4,15,ESTIMATE Agent[14] WEREWOLF
1,talk,66,4,4,ESTIMATE Agent[15] WEREWOLF
1,talk,67,4,5,ESTIMATE Agent[15] WEREWOLF
1,talk,68,4,7,COMINGOUT Agent[07] MEDIUM
1,talk,69,4,11,ESTIMATE Agent[15] WEREWOLF
1,talk,70,4,8,VOTE Agent[12]
1,talk,71,4,10,ESTIMATE Agent[15] WEREWOLF
1,talk,72,4,6,ESTIMATE Agent[15] WEREWOLF
1,talk,73,4,2,ESTIMATE Agent[15] WEREWOLF
1,talk,74,4,3,ESTIMATE Agent[15] WEREWOLF
1,talk,75,5,14,Skip
1,talk,76,5,12,Skip
1,talk,77,5,13,Over
1,talk,78,5,15,REQUEST(Agent[12] DIVINATION Agent[14])
1,talk,79,5,11,REQUEST(Agent[12] DIVINATION Agent[15])
1,talk,80,5,6,REQUEST(Agent[12] DIVINATION Agent[15])
1,talk,81,5,1,ESTIMATE Agent[10] WEREWOLF
1,talk,82,5,4,REQUEST(Agent[12] DIVINATION Agent[15])
1,talk,83,5,7,Skip
1,talk,84,5,10,REQUEST(Agent[12] DIVINATION Agent[15])
1,talk,85,5,8,Skip
1,talk,86,5,3,REQUEST(Agent[12] DIVINATION Agent[15])
1,talk,87,5,9,REQUEST(Agent[12] DIVINATION Agent[15])
1,talk,88,5,2,REQUEST(Agent[12] DIVINATION Agent[15])
1,talk,89,5,5,REQUEST(Agent[12] DIVINATION Agent[15])
1,talk,90,6,1,ESTIMATE Agent[15] WEREWOLF
1,talk,91,6,10,VOTE Agent[15]
1,talk,92,6,7,Skip
1,talk,93,6,3,VOTE Agent[15]
1,talk,94,6,13,Over
1,talk,95,6,14,Over
1,talk,96,6,12,Skip
1,talk,97,6,4,VOTE Agent[15]
1,talk,98,6,8,Skip
1,talk,99,6,2,VOTE Agent[15]
1,talk,100,6,6,VOTE Agent[15]
1,talk,101,6,9,VOTE Agent[15]
1,talk,102,6,15,VOTE Agent[14]
1,talk,103,6,5,VOTE Agent[15]
1,talk,104,6,11,VOTE Agent[15]
1,talk,105,7,15,Skip
1,talk,106,7,5,Skip
1,talk,107,7,7,Over
1,talk,108,7,4,Skip
1,talk,109,7,11,Skip
1,talk,110,7,3,Skip
1,talk,111,7,8,Over
1,talk,112,7,6,Skip
1,talk,113,7,13,Over
1,talk,114,7,14,Over
1,talk,115,7,1,Over
1,talk,116,7,9,Skip
1,talk,117,7,10,Skip
1,talk,118,7,2,Skip
1,talk,119,7,12,Over
1,talk,120,8,13,Over
1,talk,121,8,15,Skip
1,talk,122,8,4,Skip
1,talk,123,8,8,Over
1,talk,124,8,10,Skip
1,talk,125,8,14,Over
1,talk,126,8,9,Skip
1,talk,127,8,7,Over
1,talk,128,8,5,Skip
1,talk,129,8,1,Over
1,talk,130,8,12,Over
1,talk,131,8,6,Skip
1,talk,132,8,11,Skip
1,talk,133,8,3,Skip
1,talk,134,8,2,Skip
1,talk,135,9,12,Over
1,talk,136,9,9,Over
1,talk,137,9,13,Over
1,talk,138,9,4,Over
1,talk,139,9,1,Over
1,talk,140,9,3,Over
1,talk,141,9,5,Over
1,talk,142,9,2,Over
1,talk,143,9,6,Over
1,talk,144,9,8,Over
1,talk,145,9,10,Over
1,talk,146,9,7,Over
1,talk,147,9,14,Over
1,talk,148,9,11,Over
1,talk,149,9,15,Over
1,vote,1,15
1,vote,2,15
1,vote,3,15
1,vote,4,15
1,vote,5,15
1,vote,6,15
1,vote,7,10
1,vote,8,12
1,vote,9,15
1,vote,10,15
1,vote,11,15
1,vote,12,8
1,vote,13,15
1,vote,14,15
1,vote,15,14
1,execute,15,VILLAGER
1,divine,8,12,HUMAN
1,whisper,0,0,1,ATTACK Agent[08]
1,whisper,1,0,14,ATTACK Agent[12]
1,whisper,2,0,7,ATTACK Agent[12]
1,whisper,3,1,1,Over
1,whisper,4,1,14,REQUEST(ATTACK Agent[12])
1,whisper,5,1,7,REQUEST(ATTACK Agent[12])
1,whisper,6,2,1,Over
1,whisper,7,2,7,IDENTIFIED Agent[15] HUMAN
1,whisper,8,2,14,DIVINED Agent[10] WEREWOLF
1,whisper,9,3,1,Over
1,whisper,10,3,7,Skip
1,whisper,11,3,14,Skip
1,whisper,12,4,14,Skip
1,whisper,13,4,1,Over
1,whisper,14,4,7,Skip
1,whisper,15,5,1,Over
1,whisper,16,5,14,Over
1,whisper,17,5,7,Over
1,guard,9,12,POSSESSED
1,attackVote,1,8
1,attackVote,7,12
1,attackVote,14,12
1,attack,12,false
2,status,1,WEREWOLF,ALIVE,wolf1
2,status,2,VILLAGER,ALIVE,SampleRoleAssignPlayer
2,status,3,VILLAGER,ALIVE,SampleRoleAssignPlayer
2,status,4,VILLAGER,ALIVE,SampleRoleAssignPlayer
2,status,5,VILLAGER,ALIVE,SampleRoleAssignPlayer
2,status,6,VILLAGER,ALIVE,SampleRoleAssignPlayer
2,status,7,WEREWOLF,ALIVE,SampleRoleAssignPlayer
2,status,8,SEER,ALIVE,SampleRoleAssignPlayer
2,status,9,BODYGUARD,ALIVE,SampleRoleAssignPlayer
2,status,10,MEDIUM,ALIVE,SampleRoleAssignPlayer
2,status,11,VILLAGER,ALIVE,SampleRoleAssignPlayer
2,status,12,POSSESSED,ALIVE,SampleRoleAssignPlayer
2,status,13,VILLAGER,ALIVE,SampleRoleAssignPlayer
2,status,14,WEREWOLF,ALIVE,SampleRoleAssignPlayer
2,status,15,VILLAGER,DEAD,SampleRoleAssignPlayer
2,talk,0,0,11,VOTE Agent[10]
2,talk,1,0,14,DIVINED Agent[10] WEREWOLF
2,talk,2,0,13,VOTE Agent[06]
2,talk,3,0,6,VOTE Agent[05]
2,talk,4,0,2,VOTE Agent[08]
2,talk,5,0,7,IDENTIFIED Agent[15] HUMAN
2,talk,6,0,9,VOTE Agent[03]
2,talk,7,0,5,VOTE Agent[09]
2,talk,8,0,1,VOTE Agent[10]
2,talk,9,0,12,DIVINED Agent[07] HUMAN
2,talk,10,0,10,IDENTIFIED Agent[15] HUMAN
2,talk,11,0,4,VOTE Agent[03]
2,talk,12,0,3,VOTE Agent[06]
2,talk,13,0,8,DIVINED Agent[12] HUMAN
2,talk,14,1,10,AGREE TALK day1 ID:65
2,talk,15,1,5,AGREE TALK day1 ID:81
2,talk,16,1,13,AGREE TALK day1 ID:81
2,talk,17,1,6,AGREE TALK day1 ID:81
2,talk,18,1,7,VOTE Agent[10]
2,talk,19,1,1,ESTIMATE Agent[10] WEREWOLF
2,talk,20,1,12,VOTE Agent[14]
2,talk,21,1,3,AGREE TALK day1 ID:81
2,talk,22,1,2,AGREE TALK day1 ID:81
2,talk,23,1,14,VOTE Agent[08]
2,talk,24,1,4,AGREE TALK day1 ID:81
2,talk,25,1,11,Skip
2,talk,26,1,9,AGREE TALK day1 ID:81
2,talk,27,1,8,AGREE TALK day1 ID:65
2,talk,28,2,4,ESTIMATE Agent[10] WEREWOLF
2,talk,29,2,2,ESTIMATE Agent[10] WEREWOLF
2,talk,30,2,3,ESTIMATE Agent[10] WEREWOLF
2,talk,31,2,11,Skip
2,talk,32,2,9,ESTIMATE Agent[10] WEREWOLF
2,talk,33,2,7,REQUEST(VOTE Agent[10])
2,talk,34,2,8,ESTIMATE Agent[14] WEREWOLF
2,talk,35,2,14,REQUEST(VOTE Agent[08])
2,talk,36,2,10,ESTIMATE Agent[14] WEREWOLF
2,talk,37,2,13,ESTIMATE Agent[10] WEREWOLF
2,talk,38,2,5,ESTIMATE Agent[10] WEREWOLF
2,talk,39,2,6,ESTIMATE Agent[10] WEREWOLF
2,talk,40,2,12,REQUEST(VOTE Agent[14])
2,talk,41,2,1,ESTIMATE Agent[11] WEREWOLF
2,talk,42,3,10,REQUEST(Agent[12] DIVINATION Agent[14])
2,talk,43,3,7,Skip
2,talk,44,3,2,REQUEST(Agent[12] DIVINATION Agent[10])
2,talk,45,3,1,ESTIMATE Agent[14] WEREWOLF
2,talk,46,3,13,REQUEST(Agent[12] DIVINATION Agent[10])
2,talk,47,3,3,REQUEST(Agent[12] DIVINATION Agent[10])
2,talk,48,3,8,VOTE Agent[14]
2,talk,49,3,9,REQUEST(Agent[12] DIVINATION Agent[10])
2,talk,50,3,11,Over
2,talk,51,3,14,Skip
2,talk,52,3,4,REQUEST(Agent[12] DIVINATION Agent[10])
2,talk,53,3,6,REQUEST(Agent[12] DIVINATION Agent[10])
2,talk,54,3,5,REQUEST(Agent[12] DIVINATION Agent[10])
2,talk,55,3,12,Skip
2,talk,56,4,6,VOTE Agent[10]
2,talk,57,4,4,VOTE Agent[10]
2,talk,58,4,8,Skip
2,talk,59,4,10,VOTE Agent[14]
2,talk,60,4,9,VOTE Agent[10]
2,talk,61,4,14,Skip
2,talk,62,4,2,VOTE Agent[10]
2,talk,63,4,13,VOTE Agent[10]
2,talk,64,4,5,VOTE Agent[10]
2,talk,65,4,3,VOTE Agent[10]
2,talk,66,4,12,Skip
2,talk,67,4,7,Skip
2,talk,68,4,11,Over
2,talk,69,4,1,Over
2,talk,70,5,11,Over
2,talk,71,5,7,Over
2,talk,72,5,8,Skip
2,talk,73,5,3,Skip
2,talk,74,5,14,Over
2,talk,75,5,10,Skip
2,talk,76,5,6,Skip
2,talk,77,5,9,Skip
2,talk,78,5,4,Skip
2,talk,79,5,12,Over
2,talk,80,5,2,Skip
2,talk,81,5,1,Over
2,talk,82,5,13,Skip
2,talk,83,5,5,Skip
2,talk,84,6,3,Skip
2,talk,85,6,7,Over
2,talk,86,6,10,Skip
2,talk,87,6,11,Over
2,talk,88,6,13,Skip
2,talk,89,6,6,Skip
2,talk,90,6,2,Skip
2,talk,91,6,14,Over
2,talk,92,6,1,Over
2,talk,93,6,12,Over
2,talk,94,6,4,Skip
2,talk,95,6,5,Skip
2,talk,96,6,9,Skip
2,talk,97,6,8,Over
2,talk,98,7,13,Over
2,talk,99,7,1,Over
2,talk,100,7,5,Over
2,talk,101,7,2,Over
2,talk,102,7,14,Over
2,talk,103,7,8,Over
2,talk,104,7,7,Over
2,talk,105,7,6,Over
2,talk,106,7,12,Over
2,talk,107,7,11,Over
2,talk,108,7,4,Over
2,talk,109,7,9,Over
2,talk,110,7,10,Over
2,talk,111,7,3,Over
2,vote,1,10
2,vote,2,10
2,vote,3,10
2,vote,4,10
2,vote,5,10
2,vote,6,10
2,vote,7,10
2,vote,8,14
2,vote,9,10
2,vote,10,14
2,vote,11,10
2,vote,12,14
2,vote,13,10
2,vote,14,8
2,execute,10,MEDIUM
2,divine,8,14,WEREWOLF
2,whisper,0,0,7,ESTIMATE Agent[12] POSSESSED
2,whisper,1,0,1,Over
2,whisper,2,0,14,ESTIMATE Agent[12] POSSESSED
2,whisper,3,1,7,ATTACK Agent[08]
2,whisper,4,1,14,ATTACK Agent[08]
2,whisper,5,1,1,Over
2,whisper,6,2,7,REQUEST(ATTACK Agent[08])
2,whisper,7,2,1,Over
2,whisper,8,2,14,REQUEST(ATTACK Agent[08])
2,whisper,9,3,14,DIVINED Agent[04] HUMAN
2,whisper,10,3,1,Over
2,whisper,11,3,7,IDENTIFIED Agent[10] WEREWOLF
2,whisper,12,4,14,Skip
2,whisper,13,4,1,Over
2,whisper,14,4,7,Skip
2,whisper,15,5,7,Skip
2,whisper,16,5,1,Over
2,whisper,17,5,14,Skip
2,whisper,18,6,7,Over
2,whisper,19,6,14,Over
2,whisper,20,6,1,Over
2,guard,9,12,POSSESSED
2,attackVote,1,8
2,attackVote,7,8
2,attackVote,14,8
2,attack,8,true
3,status,1,WEREWOLF,ALIVE,wolf1
3,status,2,VILLAGER,ALIVE,SampleRoleAssignPlayer
3,status,3,VILLAGER,ALIVE,SampleRoleAssignPlayer
3,status,4,VILLAGER,ALIVE,SampleRoleAssignPlayer
3,status,5,VILLAGER,ALIVE,SampleRoleAssignPlayer
3,status,6,VILLAGER,ALIVE,SampleRoleAssignPlayer
3,status,7,WEREWOLF,ALIVE,SampleRoleAssignPlayer
3,status,8,SEER,DEAD,SampleRoleAssignPlayer
3,status,9,BODYGUARD,ALIVE,SampleRoleAssignPlayer
3,status,10,MEDIUM,DEAD,SampleRoleAssignPlayer
3,status,11,VILLAGER,ALIVE,SampleRoleAssignPlayer
3,status,12,POSSESSED,ALIVE,SampleRoleAssignPlayer
3,status,13,VILLAGER,ALIVE,SampleRoleAssignPlayer
3,status,14,WEREWOLF,ALIVE,SampleRoleAssignPlayer
3,status,15,VILLAGER,DEAD,SampleRoleAssignPlayer
3,talk,0,0,4,VOTE Agent[12]
3,talk,1,0,2,VOTE Agent[05]
3,talk,2,0,7,IDENTIFIED Agent[10] WEREWOLF
3,talk,3,0,12,DIVINED Agent[09] HUMAN
3,talk,4,0,5,VOTE Agent[04]
3,talk,5,0,6,VOTE Agent[07]
3,talk,6,0,11,VOTE Agent[01]
3,talk,7,0,14,DIVINED Agent[04] HUMAN
3,talk,8,0,9,VOTE Agent[06]
3,talk,9,0,13,VOTE Agent[06]
3,talk,10,0,1,VOTE Agent[07]
3,talk,11,0,3,VOTE Agent[04]
3,talk,12,1,7,VOTE Agent[04]
3,talk,13,1,14,VOTE Agent[02]
3,talk,14,1,1,ESTIMATE Agent[04] WEREWOLF
3,talk,15,1,5,Skip
3,talk,16,1,6,Skip
3,talk,17,1,11,Skip
3,talk,18,1,4,Skip
3,talk,19,1,2,Skip
3,talk,20,1,12,VOTE Agent[14]
3,talk,21,1,3,Skip
3,talk,22,1,9,Skip
3,talk,23,1,13,Skip
3,talk,24,2,14,REQUEST(VOTE Agent[02])
3,talk,25,2,4,Skip
3,talk,26,2,2,Skip
3,talk,27,2,6,Skip
3,talk,28,2,12,REQUEST(VOTE Agent[14])
3,talk,29,2,13,Skip
3,talk,30,2,9,Skip
3,talk,31,2,3,Skip
3,talk,32,2,1,ESTIMATE Agent[07] WEREWOLF
3,talk,33,2,11,Skip
3,talk,34,2,5,Skip
3,talk,35,2,7,REQUEST(VOTE Agent[04])
3,talk,36,3,2,Over
3,talk,37,3,5,Over
3,talk,38,3,3,Over
3,talk,39,3,9,Over
3,talk,40,3,1,ESTIMATE Agent[11] WEREWOLF
3,talk,41,3,7,Skip
3,talk,42,3,14,Skip
3,talk,43,3,13,Over
3,talk,44,3,11,Over
3,talk,45,3,6,Over
3,talk,46,3,4,Over
3,talk,47,3,12,Skip
3,talk,48,4,1,ESTIMATE Agent[14] WEREWOLF
3,talk,49,4,13,Over
3,talk,50,4,12,Skip
3,talk,51,4,9,Over
3,talk,52,4,11,Over
3,talk,53,4,2,Over
3,talk,54,4,6,Over
3,talk,55,4,14,Skip
3,talk,56,4,7,Skip
3,talk,57,4,3,Over
3,talk,58,4,4,Over
3,talk,59,4,5,Over
3,talk,60,5,9,Over
3,talk,61,5,2,Over
3,talk,62,5,13,Over
3,talk,63,5,6,Over
3,talk,64,5,5,Over
3,talk,65,5,1,ESTIMATE Agent[02] VILLAGER
3,talk,66,5,3,Over
3,talk,67,5,4,Over
3,talk,68,5,11,Over
3,talk,69,5,14,Over
3,talk,70,5,7,Over
3,talk,71,5,12,Over
3,talk,72,6,5,Over
3,talk,73,6,2,Over
3,talk,74,6,7,Over
3,talk,75,6,14,Over
3,talk,76,6,1,Over
3,talk,77,6,4,Over
3,talk,78,6,3,Over
3,talk,79,6,6,Over
3,talk,80,6,11,Over
3,talk,81,6,9,Over
3,talk,82,6,13,Over
3,talk,83,6,12,Over
3,vote,1,7
3,vote,2,5
3,vote,3,4
3,vote,4,12
3,vote,5,4
3,vote,6,7
3,vote,7,4
3,vote,9,6
3,vote,11,1
3,vote,12,14
3,vote,13,6
3,vote,14,2
3,execute,4,VILLAGER
3,whisper,0,0,1,ATTACK Agent[09]
3,whisper,1,0,7,ATTACK Agent[03]
3,whisper,2,0,14,ATTACK Agent[03]
3,whisper,3,1,1,Over
3,whisper,4,1,14,REQUEST(ATTACK Agent[03])
3,whisper,5,1,7,REQUEST(ATTACK Agent[03])
3,whisper,6,2,7,IDENTIFIED Agent[04] HUMAN
3,whisper,7,2,1,Over
3,whisper,8,2,14,DIVINED Agent[09] HUMAN
3,whisper,9,3,7,Skip
3,whisper,10,3,14,Skip
3,whisper,11,3,1,Over
3,whisper,12,4,14,Skip
3,whisper,13,4,1,Over
3,whisper,14,4,7,Skip
3,whisper,15,5,1,Over
3,whisper,16,5,14,Over
3,whisper,17,5,7,Over
3,guard,9,12,POSSESSED
3,attackVote,1,9
3,attackVote,7,3
3,attackVote,14,3
3,attack,3,true
4,status,1,WEREWOLF,ALIVE,wolf1
4,status,2,VILLAGER,ALIVE,SampleRoleAssignPlayer
4,status,3,VILLAGER,DEAD,SampleRoleAssignPlayer
4,status,4,VILLAGER,DEAD,SampleRoleAssignPlayer
4,status,5,VILLAGER,ALIVE,SampleRoleAssignPlayer
4,status,6,VILLAGER,ALIVE,SampleRoleAssignPlayer
4,status,7,WEREWOLF,ALIVE,SampleRoleAssignPlayer
4,status,8,SEER,DEAD,SampleRoleAssignPlayer
4,status,9,BODYGUARD,ALIVE,SampleRoleAssignPlayer
4,status,10,MEDIUM,DEAD,SampleRoleAssignPlayer
4,status,11,VILLAGER,ALIVE,SampleRoleAssignPlayer
4,status,12,POSSESSED,ALIVE,SampleRoleAssignPlayer
4,status,13,VILLAGER,ALIVE,SampleRoleAssignPlayer
4,status,14,WEREWOLF,ALIVE,SampleRoleAssignPlayer
4,status,15,VILLAGER,DEAD,SampleRoleAssignPlayer
4,talk,0,0,12,DIVINED Agent[13] HUMAN
4,talk,1,0,6,VOTE Agent[09]
4,talk,2,0,13,VOTE Agent[01]
4,talk,3,0,14,DIVINED Agent[09] HUMAN
4,talk,4,0,11,VOTE Agent[06]
4,talk,5,0,2,VOTE Agent[01]
4,talk,6,0,7,IDENTIFIED Agent[04] HUMAN
4,talk,7,0,9,VOTE Agent[07]
4,talk,8,0,1,VOTE Agent[14]
4,talk,9,0,5,VOTE Agent[01]
4,talk,10,1,12,VOTE Agent[14]
4,talk,11,1,2,Skip
4,talk,12,1,5,Skip
4,talk,13,1,6,Skip
4,talk,14,1,13,Skip
4,talk,15,1,14,VOTE Agent[06]
4,talk,16,1,1,ESTIMATE Agent[07] WEREWOLF
4,talk,17,1,7,VOTE Agent[02]
4,talk,18,1,9,Skip
4,talk,19,1,11,Skip
4,talk,20,2,5,Skip
4,talk,21,2,7,REQUEST(VOTE Agent[02])
4,talk,22,2,14,REQUEST(VOTE Agent[06])
4,talk,23,2,1,ESTIMATE Agent[11] WEREWOLF
4,talk,24,2,12,REQUEST(VOTE Agent[14])
4,talk,25,2,6,Skip
4,talk,26,2,2,Skip
4,talk,27,2,11,Skip
4,talk,28,2,13,Skip
4,talk,29,2,9,Skip
4,talk,30,3,1,ESTIMATE Agent[14] WEREWOLF
4,talk,31,3,2,Over
4,talk,32,3,12,Skip
4,talk,33,3,5,Over
4,talk,34,3,13,Over
4,talk,35,3,14,Skip
4,talk,36,3,7,Skip
4,talk,37,3,6,Over
4,talk,38,3,9,Over
4,talk,39,3,11,Over
4,talk,40,4,12,Skip
4,talk,41,4,6,Over
4,talk,42,4,9,Over
4,talk,43,4,7,Skip
4,talk,44,4,5,Over
4,talk,45,4,2,Over
4,talk,46,4,13,Over
4,talk,47,4,1,ESTIMATE Agent[02] VILLAGER
4,talk,48,4,14,Skip
4,talk,49,4,11,Over
4,talk,50,5,11,Over
4,talk,51,5,5,Over
4,talk,52,5,9,Over
4,talk,53,5,7,Over
4,talk,54,5,2,Over
4,talk,55,5,14,Over
4,talk,56,5,1,Over
4,talk,57,5,6,Over
4,talk,58,5,13,Over
4,talk,59,5,12,Over
4,vote,1,14
4,vote,2,1
4,vote,5,1
4,vote,6,9
4,vote,7,2
4,vote,9,7
4,vote,11,6
4,vote,12,14
4,vote,13,1
4,vote,14,6
4,execute,1,WEREWOLF
4,whisper,0,0,7,ATTACK Agent[06]
4,whisper,1,0,14,ATTACK Agent[05]
4,whisper,2,1,14,REQUEST(ATTACK Agent[05])
4,whisper,3,1,7,REQUEST(ATTACK Agent[06])
4,whisper,4,2,14,DIVINED Agent[02] WEREWOLF
4,whisper,5,2,7,IDENTIFIED Agent[01] HUMAN
4,whisper,6,3,14,Skip
4,whisper,7,3,7,Skip
4,whisper,8,4,7,Skip
4,whisper,9,4,14,Skip
4,whisper,10,5,14,Over
4,whisper,11,5,7,Over
4,guard,9,12,POSSESSED
4,attackVote,7,6
4,attackVote,14,5
4,attackVote,7,6
4,attackVote,14,5
4,attack,5,true
5,status,1,WEREWOLF,DEAD,wolf1
5,status,2,VILLAGER,ALIVE,SampleRoleAssignPlayer
5,status,3,VILLAGER,DEAD,SampleRoleAssignPlayer
5,status,4,VILLAGER,DEAD,SampleRoleAssignPlayer
5,status,5,VILLAGER,DEAD,SampleRoleAssignPlayer
5,status,6,VILLAGER,ALIVE,SampleRoleAssignPlayer
5,status,7,WEREWOLF,ALIVE,SampleRoleAssignPlayer
5,status,8,SEER,DEAD,SampleRoleAssignPlayer
5,status,9,BODYGUARD,ALIVE,SampleRoleAssignPlayer
5,status,10,MEDIUM,DEAD,SampleRoleAssignPlayer
5,status,11,VILLAGER,ALIVE,SampleRoleAssignPlayer
5,status,12,POSSESSED,ALIVE,SampleRoleAssignPlayer
5,status,13,VILLAGER,ALIVE,SampleRoleAssignPlayer
5,status,14,WEREWOLF,ALIVE,SampleRoleAssignPlayer
5,status,15,VILLAGER,DEAD,SampleRoleAssignPlayer
5,talk,0,0,7,IDENTIFIED Agent[01] HUMAN
5,talk,1,0,12,DIVINED Agent[06] HUMAN
5,talk,2,0,14,DIVINED Agent[02] WEREWOLF
5,talk,3,0,6,VOTE Agent[02]
5,talk,4,0,9,VOTE Agent[02]
5,talk,5,0,13,VOTE Agent[06]
5,talk,6,0,11,VOTE Agent[02]
5,talk,7,0,2,VOTE Agent[12]
5,talk,8,1,6,Skip
5,talk,9,1,12,VOTE Agent[14]
5,talk,10,1,2,AGREE TALK day1 ID:65
5,talk,11,1,13,DISAGREE TALK day3 ID:65
5,talk,12,1,9,Skip
5,talk,13,1,14,VOTE Agent[02]
5,talk,14,1,7,VOTE Agent[09]
5,talk,15,1,11,Skip
5,talk,16,2,14,REQUEST(VOTE Agent[02])
5,talk,17,2,2,AGREE TALK day2 ID:34
5,talk,18,2,11,Skip
5,talk,19,2,7,REQUEST(VOTE Agent[09])
5,talk,20,2,9,Skip
5,talk,21,2,6,Skip
5,talk,22,2,13,DISAGREE TALK day4 ID:47
5,talk,23,2,12,REQUEST(VOTE Agent[14])
5,talk,24,3,11,Over
5,talk,25,3,6,Over
5,talk,26,3,9,Over
5,talk,27,3,14,Skip
5,talk,28,3,12,Skip
5,talk,29,3,7,Skip
5,talk,30,3,13,ESTIMATE Agent[02] WEREWOLF
5,talk,31,3,2,AGREE TALK day2 ID:36
5,talk,32,4,6,Over
5,talk,33,4,9,Over
5,talk,34,4,11,Over
5,talk,35,4,7,Skip
5,talk,36,4,12,Skip
5,talk,37,4,2,AGREE TALK day2 ID:45
5,talk,38,4,14,Skip
5,talk,39,4,13,REQUEST(Agent[12] DIVINATION Agent[02])
5,talk,40,5,11,Over
5,talk,41,5,9,Over
5,talk,42,5,6,Over
5,talk,43,5,12,Over
5,talk,44,5,7,Over
5,talk,45,5,13,VOTE Agent[02]
5,talk,46,5,2,AGREE TALK day3 ID:48
5,talk,47,5,14,Over
5,talk,48,6,7,Over
5,talk,49,6,13,Skip
5,talk,50,6,14,Over
5,talk,51,6,11,Over
5,talk,52,6,12,Over
5,talk,53,6,6,Over
5,talk,54,6,2,AGREE TALK day4 ID:30
5,talk,55,6,9,Over
5,talk,56,7,9,Over
5,talk,57,7,11,Over
5,talk,58,7,12,Over
5,talk,59,7,7,Over
5,talk,60,7,2,ESTIMATE Agent[14] WEREWOLF
5,talk,61,7,6,Over
5,talk,62,7,13,Skip
5,talk,63,7,14,Over
5,talk,64,8,9,Over
5,talk,65,8,6,Over
5,talk,66,8,14,Over
5,talk,67,8,11,Over
5,talk,68,8,13,Over
5,talk,69,8,2,REQUEST(Agent[12] DIVINATION Agent[14])
5,talk,70,8,7,Over
5,talk,71,8,12,Over
5,talk,72,9,2,VOTE Agent[14]
5,talk,73,9,13,Over
5,talk,74,9,11,Over
5,talk,75,9,9,Over
5,talk,76,9,7,Over
5,talk,77,9,14,Over
5,talk,78,9,6,Over
5,talk,79,9,12,Over
5,talk,80,10,14,Over
5,talk,81,10,7,Over
5,talk,82,10,6,Over
5,talk,83,10,9,Over
5,talk,84,10,13,Over
5,talk,85,10,11,Over
5,talk,86,10,2,Over
5,talk,87,10,12,Over
5,vote,2,14
5,vote,6,2
5,vote,7,9
5,vote,9,2
5,vote,11,2
5,vote,12,14
5,vote,13,2
5,vote,14,2
5,execute,2,VILLAGER
5,whisper,0,0,7,ATTACK Agent[13]
5,whisper,1,0,14,ATTACK Agent[09]
5,whisper,2,1,7,REQUEST(ATTACK Agent[13])
5,whisper,3,1,14,REQUEST(ATTACK Agent[09])
5,whisper,4,2,14,DIVINED Agent[11] HUMAN
5,whisper,5,2,7,IDENTIFIED Agent[02] HUMAN
5,whisper,6,3,7,Skip
5,whisper,7,3,14,Skip
5,whisper,8,4,14,Skip
5,whisper,9,4,7,Skip
5,whisper,10,5,7,Over
5,whisper,11,5,14,Over
5,guard,9,12,POSSESSED
5,attackVote,7,13
5,attackVote,14,9
5,attackVote,7,13
5,attackVote,14,9
5,attack,13,true
6,status,1,WEREWOLF,DEAD,wolf1
6,status,2,VILLAGER,DEAD,SampleRoleAssignPlayer
6,status,3,VILLAGER,DEAD,SampleRoleAssignPlayer
6,status,4,VILLAGER,DEAD,SampleRoleAssignPlayer
6,status,5,VILLAGER,DEAD,SampleRoleAssignPlayer
6,status,6,VILLAGER,ALIVE,SampleRoleAssignPlayer
6,status,7,WEREWOLF,ALIVE,SampleRoleAssignPlayer
6,status,8,SEER,DEAD,SampleRoleAssignPlayer
6,status,9,BODYGUARD,ALIVE,SampleRoleAssignPlayer
6,status,10,MEDIUM,DEAD,SampleRoleAssignPlayer
6,status,11,VILLAGER,ALIVE,SampleRoleAssignPlayer
6,status,12,POSSESSED,ALIVE,SampleRoleAssignPlayer
6,status,13,VILLAGER,DEAD,SampleRoleAssignPlayer
6,status,14,WEREWOLF,ALIVE,SampleRoleAssignPlayer
6,status,15,VILLAGER,DEAD,SampleRoleAssignPlayer
6,talk,0,0,14,DIVINED Agent[11] HUMAN
6,talk,1,0,6,VOTE Agent[14]
6,talk,2,0,11,VOTE Agent[14]
6,talk,3,0,12,DIVINED Agent[11] HUMAN
6,talk,4,0,9,VOTE Agent[11]
6,talk,5,0,7,IDENTIFIED Agent[02] HUMAN
6,talk,6,1,7,VOTE Agent[11]
6,talk,7,1,14,VOTE Agent[06]
6,talk,8,1,6,Skip
6,talk,9,1,11,Skip
6,talk,10,1,9,Skip
6,talk,11,1,12,VOTE Agent[14]
6,talk,12,2,14,REQUEST(VOTE Agent[06])
6,talk,13,2,6,Skip
6,talk,14,2,12,REQUEST(VOTE Agent[14])
6,talk,15,2,9,Skip
6,talk,16,2,11,Skip
6,talk,17,2,7,REQUEST(VOTE Agent[11])
6,talk,18,3,14,Skip
6,talk,19,3,7,Skip
6,talk,20,3,9,Over
6,talk,21,3,11,Over
6,talk,22,3,12,Skip
6,talk,23,3,6,Over
6,talk,24,4,11,Over
6,talk,25,4,9,Over
6,talk,26,4,7,Skip
6,talk,27,4,14,Skip
6,talk,28,4,6,Over
6,talk,29,4,12,Skip
6,talk,30,5,12,Over
6,talk,31,5,6,Over
6,talk,32,5,9,Over
6,talk,33,5,7,Over
6,talk,34,5,14,Over
6,talk,35,5,11,Over
6,vote,6,14
6,vote,7,11
6,vote,9,11
6,vote,11,14
6,vote,12,14
6,vote,14,6
6,execute,14,WEREWOLF
6,guard,9,12,POSSESSED
7,status,1,WEREWOLF,DEAD,wolf1
7,status,2,VILLAGER,DEAD,SampleRoleAssignPlayer
7,status,3,VILLAGER,DEAD,SampleRoleAssignPlayer
7,status,4,VILLAGER,DEAD,SampleRoleAssignPlayer
7,status,5,VILLAGER,DEAD,SampleRoleAssignPlayer
7,status,6,VILLAGER,ALIVE,SampleRoleAssignPlayer
7,status,7,WEREWOLF,ALIVE,SampleRoleAssignPlayer
7,status,8,SEER,DEAD,SampleRoleAssignPlayer
7,status,9,BODYGUARD,ALIVE,SampleRoleAssignPlayer
7,status,10,MEDIUM,DEAD,SampleRoleAssignPlayer
7,status,11,VILLAGER,ALIVE,SampleRoleAssignPlayer
7,status,12,POSSESSED,ALIVE,SampleRoleAssignPlayer
7,status,13,VILLAGER,DEAD,SampleRoleAssignPlayer
7,status,14,WEREWOLF,DEAD,SampleRoleAssignPlayer
7,status,15,VILLAGER,DEAD,SampleRoleAssignPlayer
7,talk,0,0,9,VOTE Agent[06]
7,talk,1,0,12,DIVINED Agent[07] HUMAN
7,talk,2,0,7,VOTE Agent[06]
7,talk,3,0,6,VOTE Agent[07]
7,talk,4,0,11,VOTE Agent[12]
7,talk,5,1,12,VOTE Agent[06]
7,talk,6,1,9,Skip
7,talk,7,1,6,Skip
7,talk,8,1,11,Skip
7,talk,9,1,7,REQUEST(VOTE Agent[06])
7,talk,10,2,7,Skip
7,talk,11,2,12,REQUEST(VOTE Agent[06])
7,talk,12,2,6,Skip
7,talk,13,2,9,Skip
7,talk,14,2,11,Skip
7,talk,15,3,7,Skip
7,talk,16,3,6,Over
7,talk,17,3,11,Over
7,talk,18,3,9,Over
7,talk,19,3,12,Skip
7,talk,20,4,11,Over
7,talk,21,4,7,Over
7,talk,22,4,6,Over
7,talk,23,4,12,Skip
7,talk,24,4,9,Over
7,talk,25,5,7,Over
7,talk,26,5,9,Over
7,talk,27,5,11,Over
7,talk,28,5,6,Over
7,talk,29,5,12,Over
7,vote,6,7
7,vote,7,6
7,vote,9,6
7,vote,11,12
7,vote,12,6
7,execute,6,VILLAGER
7,guard,9,12,POSSESSED
7,attackVote,7,11
7,attack,11,true
8,status,1,WEREWOLF,DEAD,wolf1
8,status,2,VILLAGER,DEAD,SampleRoleAssignPlayer
8,status,3,VILLAGER,DEAD,SampleRoleAssignPlayer
8,status,4,VILLAGER,DEAD,SampleRoleAssignPlayer
8,status,5,VILLAGER,DEAD,SampleRoleAssignPlayer
8,status,6,VILLAGER,DEAD,SampleRoleAssignPlayer
8,status,7,WEREWOLF,ALIVE,SampleRoleAssignPlayer
8,status,8,SEER,DEAD,SampleRoleAssignPlayer
8,status,9,BODYGUARD,ALIVE,SampleRoleAssignPlayer
8,status,10,MEDIUM,DEAD,SampleRoleAssignPlayer
8,status,11,VILLAGER,DEAD,SampleRoleAssignPlayer
8,status,12,POSSESSED,ALIVE,SampleRoleAssignPlayer
8,status,13,VILLAGER,DEAD,SampleRoleAssignPlayer
8,status,14,WEREWOLF,DEAD,SampleRoleAssignPlayer
8,status,15,VILLAGER,DEAD,SampleRoleAssignPlayer
8,talk,0,0,7,IDENTIFIED Agent[06] WEREWOLF
8,talk,1,0,9,VOTE Agent[12]
8,talk,2,0,12,DIVINED Agent[09] HUMAN
8,talk,3,1,12,VOTE Agent[07]
8,talk,4,1,7,VOTE Agent[09]
8,talk,5,1,9,Skip
8,talk,6,2,7,REQUEST(VOTE Agent[09])
8,talk,7,2,12,REQUEST(VOTE Agent[07])
8,talk,8,2,9,Skip
8,talk,9,3,12,Skip
8,talk,10,3,9,Over
8,talk,11,3,7,Skip
8,talk,12,4,9,Over
8,talk,13,4,12,Skip
8,talk,14,4,7,Skip
8,talk,15,5,12,Over
8,talk,16,5,7,Over
8,talk,17,5,9,Over
8,vote,7,9
8,vote,9,12
8,vote,12,7
8,vote,7,9
8,vote,9,12
8,vote,12,7
8,execute,7,WEREWOLF
8,guard,9,12,POSSESSED
8,attack,12,false
9,status,1,WEREWOLF,DEAD,wolf1
9,status,2,VILLAGER,DEAD,SampleRoleAssignPlayer
9,status,3,VILLAGER,DEAD,SampleRoleAssignPlayer
9,status,4,VILLAGER,DEAD,SampleRoleAssignPlayer
9,status,5,VILLAGER,DEAD,SampleRoleAssignPlayer
9,status,6,VILLAGER,DEAD,SampleRoleAssignPlayer
9,status,7,WEREWOLF,DEAD,SampleRoleAssignPlayer
9,status,8,SEER,DEAD,SampleRoleAssignPlayer
9,status,9,BODYGUARD,ALIVE,SampleRoleAssignPlayer
9,status,10,MEDIUM,DEAD,SampleRoleAssignPlayer
9,status,11,VILLAGER,DEAD,SampleRoleAssignPlayer
9,status,12,POSSESSED,ALIVE,SampleRoleAssignPlayer
9,status,13,VILLAGER,DEAD,SampleRoleAssignPlayer
9,status,14,WEREWOLF,DEAD,SampleRoleAssignPlayer
9,status,15,VILLAGER,DEAD,SampleRoleAssignPlayer
9,result,2,0,VILLAGER
