0,status,1,POSSESSED,ALIVE,wolf1
0,status,2,SEER,ALIVE,SampleRoleAssignPlayer
0,status,3,VILLAGER,ALIVE,SampleRoleAssignPlayer
0,status,4,VILLAGER,ALIVE,SampleRoleAssignPlayer
0,status,5,VILLAGER,ALIVE,SampleRoleAssignPlayer
0,status,6,VILLAGER,ALIVE,SampleRoleAssignPlayer
0,status,7,VILLAGER,ALIVE,SampleRoleAssignPlayer
0,status,8,BODYGUARD,ALIVE,SampleRoleAssignPlayer
0,status,9,WEREWOLF,ALIVE,SampleRoleAssignPlayer
0,status,10,MEDIUM,ALIVE,SampleRoleAssignPlayer
0,status,11,VILLAGER,ALIVE,SampleRoleAssignPlayer
0,status,12,VILLAGER,ALIVE,SampleRoleAssignPlayer
0,status,13,WEREWOLF,ALIVE,SampleRoleAssignPlayer
0,status,14,VILLAGER,ALIVE,SampleRoleAssignPlayer
0,status,15,WEREWOLF,ALIVE,SampleRoleAssignPlayer
0,whisper,0,0,13,COMINGOUT Agent[13] MEDIUM
0,whisper,1,0,9,COMINGOUT Agent[09] VILLAGER
0,whisper,2,0,15,COMINGOUT Agent[15] MEDIUM
0,whisper,3,1,9,Skip
0,whisper,4,1,13,COMINGOUT Agent[13] VILLAGER
0,whisper,5,1,15,COMINGOUT Agent[15] VILLAGER
0,whisper,6,2,13,COMINGOUT Agent[13] MEDIUM
0,whisper,7,2,15,COMINGOUT Agent[15] SEER
0,whisper,8,2,9,COMINGOUT Agent[09] MEDIUM
0,whisper,9,3,9,COMINGOUT Agent[09] VILLAGER
0,whisper,10,3,15,Skip
0,whisper,11,3,13,COMINGOUT Agent[13] VILLAGER
0,whisper,12,4,15,Skip
0,whisper,13,4,9,Skip
0,whisper,14,4,13,COMINGOUT Agent[13] MEDIUM
0,whisper,15,5,15,DIVINED Agent[09] HUMAN
0,whisper,16,5,13,Skip
0,whisper,17,5,9,Skip
0,whisper,18,6,15,Skip
0,whisper,19,6,9,Over
0,whisper,20,6,13,Skip
0,whisper,21,7,15,Skip
0,whisper,22,7,13,Over
0,whisper,23,7,9,Over
0,whisper,24,8,13,Over
0,whisper,25,8,9,Over
0,whisper,26,8,15,Over
0,divine,2,9,WEREWOLF
1,status,1,POSSESSED,ALIVE,wolf1
1,status,2,SEER,ALIVE,SampleRoleAssignPlayer
1,status,3,VILLAGER,ALIVE,SampleRoleAssignPlayer
1,status,4,VILLAGER,ALIVE,SampleRoleAssignPlayer
1,status,5,VILLAGER,ALIVE,SampleRoleAssignPlayer
1,status,6,VILLAGER,ALIVE,SampleRoleAssignPlayer
1,status,7,VILLAGER,ALIVE,SampleRoleAssignPlayer
1,status,8,BODYGUARD,ALIVE,SampleRoleAssignPlayer
1,status,9,WEREWOLF,ALIVE,SampleRoleAssignPlayer
1,status,10,MEDIUM,ALIVE,SampleRoleAssignPlayer
1,status,11,VILLAGER,ALIVE,SampleRoleAssignPlayer
1,status,12,VILLAGER,ALIVE,SampleRoleAssignPlayer
1,status,13,WEREWOLF,ALIVE,SampleRoleAssignPlayer
1,status,14,VILLAGER,ALIVE,SampleRoleAssignPlayer
1,status,15,WEREWOLF,ALIVE,SampleRoleAssignPlayer
1,talk,0,0,14,VOTE Agent[06]
1,talk,1,0,10,VOTE Agent[12]
1,talk,2,0,12,VOTE Agent[15]
1,talk,3,0,4,VOTE Agent[06]
1,talk,4,0,2,COMINGOUT Agent[02] SEER
1,talk,5,0,5,VOTE Agent[01]
1,talk,6,0,6,VOTE Agent[05]
1,talk,7,0,3,VOTE Agent[06]
1,talk,8,0,13,VOTE Agent[05]
1,talk,9,0,7,VOTE Agent[09]
1,talk,10,0,1,COMINGOUT Agent[01] SEER
1,talk,11,0,11,VOTE Agent[09]
1,talk,12,0,9,VOTE Agent[11]
1,talk,13,0,15,VOTE Agent[06]
1,talk,14,0,8,VOTE Agent[09]
1,talk,15,1,5,Skip
1,talk,16,1,7,Skip
1,talk,17,1,3,Skip
1,talk,18,1,1,DIVINED Agent[14] HUMAN
1,talk,19,1,6,Skip
1,talk,20,1,12,Skip
1,talk,21,1,14,Skip
1,talk,22,1,15,REQUEST(VOTE Agent[06])
1,talk,23,1,13,REQUEST(VOTE Agent[05])
1,talk,24,1,10,Skip
1,talk,25,1,9,REQUEST(VOTE Agent[11])
1,talk,26,1,11,Skip
1,talk,27,1,4,Skip
1,talk,28,1,2,DIVINED Agent[09] WEREWOLF
1,talk,29,1,8,Skip
1,talk,30,2,9,Skip
1,talk,31,2,3,ESTIMATE Agent[01] SEER
1,talk,32,2,10,ESTIMATE Agent[02] SEER
1,talk,33,2,6,ESTIMATE Agent[02] SEER
1,talk,34,2,7,ESTIMATE Agent[02] SEER
1,talk,35,2,8,ESTIMATE Agent[01] SEER
1,talk,36,2,5,ESTIMATE Agent[02] SEER
1,talk,37,2,12,ESTIMATE Agent[02] SEER
1,talk,38,2,4,ESTIMATE Agent[02] SEER
1,talk,39,2,13,Skip
1,talk,40,2,1,VOTE Agent[10]
1,talk,41,2,14,ESTIMATE Agent[01] SEER
1,talk,42,2,15,COMINGOUT Agent[15] SEER
1,talk,43,2,11,ESTIMATE Agent[01] SEER
1,talk,44,2,2,REQUEST(VOTE Agent[09])
1,talk,45,3,1,ESTIMATE Agent[05] WEREWOLF
1,talk,46,3,11,Skip
1,talk,47,3,7,Skip
1,talk,48,3,15,DIVINED Agent[09] HUMAN
1,talk,49,3,14,ESTIMATE Agent[09] WEREWOLF
1,talk,50,3,8,Skip
1,talk,51,3,12,ESTIMATE Agent[09] WEREWOLF
1,talk,52,3,13,Skip
1,talk,53,3,5,ESTIMATE Agent[09] WEREWOLF
1,talk,54,3,2,VOTE Agent[09]
1,talk,55,3,9,Skip
1,talk,56,3,3,ESTIMATE Agent[09] WEREWOLF
1,talk,57,3,6,ESTIMATE Agent[09] WEREWOLF
1,talk,58,3,4,ESTIMATE Agent[09] WEREWOLF
1,talk,59,3,10,ESTIMATE Agent[09] WEREWOLF
1,talk,60,4,8,Skip
1,talk,61,4,11,Skip
1,talk,62,4,14,REQUEST(Agent[01] DIVINATION Agent[09])
1,talk,63,4,12,REQUEST(Agent[02] DIVINATION Agent[09])
1,talk,64,4,2,Skip
1,talk,65,4,5,REQUEST(Agent[02] DIVINATION Agent[09])
1,talk,66,4,4,REQUEST(Agent[02] DIVINATION Agent[09])
1,talk,67,4,13,Over
1,talk,68,4,1,ESTIMATE Agent[10] WEREWOLF
1,talk,69,4,6,REQUEST(Agent[02] DIVINATION Agent[09])
1,talk,70,4,3,REQUEST(Agent[01] DIVINATION Agent[09])
1,talk,71,4,7,Skip
1,talk,72,4,9,Over
1,talk,73,4,10,REQUEST(Agent[02] DIVINATION Agent[09])
1,talk,74,4,15,VOTE Agent[01]
1,talk,75,5,1,ESTIMATE Agent[15] WEREWOLF
1,talk,76,5,12,VOTE Agent[09]
1,talk,77,5,11,Over
1,talk,78,5,8,Over
1,talk,79,5,10,VOTE Agent[09]
1,talk,80,5,4,VOTE Agent[09]
1,talk,81,5,14,VOTE Agent[09]
1,talk,82,5,6,VOTE Agent[09]
1,talk,83,5,15,REQUEST(VOTE Agent[01])
1,talk,84,5,2,Skip
1,talk,85,5,13,Over
1,talk,86,5,9,Over
1,talk,87,5,3,VOTE Agent[09]
1,talk,88,5,7,Over
1,talk,89,5,5,VOTE Agent[09]
1,talk,90,6,9,Over
1,talk,91,6,5,Skip
1,talk,92,6,2,Over
1,talk,93,6,15,Skip
1,talk,94,6,11,Over
1,talk,95,6,4,Skip
1,talk,96,6,1,ESTIMATE Agent[14] VILLAGER
1,talk,97,6,10,Skip
1,talk,98,6,6,Skip
1,talk,99,6,8,Over
1,talk,100,6,14,Skip
1,talk,101,6,13,Over
1,talk,102,6,7,Over
1,talk,103,6,12,Skip
1,talk,104,6,3,Skip
1,talk,105,7,6,Skip
1,talk,106,7,10,Skip
1,talk,107,7,11,Over
1,talk,108,7,2,Over
1,talk,109,7,3,Skip
1,talk,110,7,4,Skip
1,talk,111,7,13,Over
1,talk,112,7,5,Skip
1,talk,113,7,12,Skip
1,talk,114,7,9,Over
1,talk,115,7,14,Skip
1,talk,116,7,1,Over
1,talk,117,7,7,Over
1,talk,118,7,15,Skip
1,talk,119,7,8,Over
1,talk,120,8,3,Over
1,talk,121,8,2,Over
1,talk,122,8,11,Over
1,talk,123,8,7,Over
1,talk,124,8,14,Over
1,talk,125,8,15,Over
1,talk,126,8,1,Over
1,talk,127,8,10,Over
1,talk,128,8,12,Over
1,talk,129,8,9,Over
1,talk,130,8,13,Over
1,talk,131,8,8,Over
1,talk,132,8,6,Over
1,talk,133,8,4,Over
1,talk,134,8,5,Over
1,vote,1,10
1,vote,2,9
1,vote,3,9
1,vote,4,9
1,vote,5,9
1,vote,6,9
1,vote,7,9
1,vote,8,9
1,vote,9,11
1,vote,10,9
1,vote,11,9
1,vote,12,9
1,vote,13,5
1,vote,14,9
1,vote,15,1
1,execute,9,WEREWOLF
1,divine,2,8,HUMAN
1,whisper,0,0,15,ATTACK Agent[01]
1,whisper,1,0,13,ATTACK Agent[01]
1,whisper,2,1,15,REQUEST(ATTACK Agent[01])
1,whisper,3,1,13,REQUEST(ATTACK Agent[01])
1,whisper,4,2,13,IDENTIFIED Agent[09] HUMAN
1,whisper,5,2,15,DIVINED Agent[05] HUMAN
1,whisper,6,3,15,Skip
1,whisper,7,3,13,Skip
1,whisper,8,4,15,Skip
1,whisper,9,4,13,Skip
1,whisper,10,5,13,Over
1,whisper,11,5,15,Over
1,guard,8,1,POSSESSED
1,attackVote,13,1
1,attackVote,15,1
1,attack,1,false
2,status,1,POSSESSED,ALIVE,wolf1
2,status,2,SEER,ALIVE,SampleRoleAssignPlayer
2,status,3,VILLAGER,ALIVE,SampleRoleAssignPlayer
2,status,4,VILLAGER,ALIVE,SampleRoleAssignPlayer
2,status,5,VILLAGER,ALIVE,SampleRoleAssignPlayer
2,status,6,VILLAGER,ALIVE,SampleRoleAssignPlayer
2,status,7,VILLAGER,ALIVE,SampleRoleAssignPlayer
2,status,8,BODYGUARD,ALIVE,SampleRoleAssignPlayer
2,status,9,WEREWOLF,DEAD,SampleRoleAssignPlayer
2,status,10,MEDIUM,ALIVE,SampleRoleAssignPlayer
2,status,11,VILLAGER,ALIVE,SampleRoleAssignPlayer
2,status,12,VILLAGER,ALIVE,SampleRoleAssignPlayer
2,status,13,WEREWOLF,ALIVE,SampleRoleAssignPlayer
2,status,14,VILLAGER,ALIVE,SampleRoleAssignPlayer
2,status,15,WEREWOLF,ALIVE,SampleRoleAssignPlayer
2,talk,0,0,5,VOTE Agent[04]
2,talk,1,0,4,VOTE Agent[14]
2,talk,2,0,2,DIVINED Agent[08] HUMAN
2,talk,3,0,11,VOTE Agent[10]
2,talk,4,0,13,VOTE Agent[14]
2,talk,5,0,3,VOTE Agent[15]
2,talk,6,0,14,VOTE Agent[15]
2,talk,7,0,6,VOTE Agent[13]
2,talk,8,0,12,VOTE Agent[03]
2,talk,9,0,7,VOTE Agent[08]
2,talk,10,0,15,DIVINED Agent[05] HUMAN
2,talk,11,0,8,VOTE Agent[06]
2,talk,12,0,10,COMINGOUT Agent[10] MEDIUM
2,talk,13,0,1,DIVINED Agent[10] HUMAN
2,talk,14,1,10,IDENTIFIED Agent[09] WEREWOLF
2,talk,15,1,1,VOTE Agent[07]
2,talk,16,1,8,Skip
2,talk,17,1,3,Skip
2,talk,18,1,13,REQUEST(VOTE Agent[14])
2,talk,19,1,2,DISAGREE TALK day1 ID:31
2,talk,20,1,7,Skip
2,talk,21,1,14,Skip
2,talk,22,1,12,Skip
2,talk,23,1,15,VOTE Agent[02]
2,talk,24,1,5,Skip
2,talk,25,1,6,Skip
2,talk,26,1,4,Skip
2,talk,27,1,11,Skip
2,talk,28,2,5,Skip
2,talk,29,2,8,Skip
2,talk,30,2,4,Skip
2,talk,31,2,11,Skip
2,talk,32,2,2,DISAGREE TALK day1 ID:35
2,talk,33,2,1,ESTIMATE Agent[09] WEREWOLF
2,talk,34,2,12,Skip
2,talk,35,2,10,AGREE TALK day1 ID:75
2,talk,36,2,14,Skip
2,talk,37,2,15,REQUEST(VOTE Agent[02])
2,talk,38,2,7,Skip
2,talk,39,2,6,Skip
2,talk,40,2,13,COMINGOUT Agent[13] MEDIUM
2,talk,41,2,3,Skip
2,talk,42,3,2,DISAGREE TALK day1 ID:41
2,talk,43,3,14,Over
2,talk,44,3,3,Over
2,talk,45,3,5,Over
2,talk,46,3,1,ESTIMATE Agent[02] WEREWOLF
2,talk,47,3,15,Skip
2,talk,48,3,8,Over
2,talk,49,3,10,ESTIMATE Agent[15] WEREWOLF
2,talk,50,3,13,IDENTIFIED Agent[09] HUMAN
2,talk,51,3,12,Over
2,talk,52,3,11,Over
2,talk,53,3,4,Over
2,talk,54,3,7,Over
2,talk,55,3,6,Over
2,talk,56,4,10,REQUEST(Agent[02] DIVINATION Agent[15])
2,talk,57,4,12,Over
2,talk,58,4,1,ESTIMATE Agent[05] WEREWOLF
2,talk,59,4,13,VOTE Agent[10]
2,talk,60,4,7,Over
2,talk,61,4,15,Skip
2,talk,62,4,3,Over
2,talk,63,4,11,Over
2,talk,64,4,6,Over
2,talk,65,4,2,DISAGREE TALK day1 ID:43
2,talk,66,4,5,Over
2,talk,67,4,4,Over
2,talk,68,4,8,Over
2,talk,69,4,14,Over
2,talk,70,5,7,Over
2,talk,71,5,14,Over
2,talk,72,5,2,ESTIMATE Agent[01] WEREWOLF
2,talk,73,5,10,VOTE Agent[15]
2,talk,74,5,12,Over
2,talk,75,5,3,Over
2,talk,76,5,15,Over
2,talk,77,5,5,Over
2,talk,78,5,13,REQUEST(VOTE Agent[10])
2,talk,79,5,1,VOTE Agent[13]
2,talk,80,5,6,Over
2,talk,81,5,11,Over
2,talk,82,5,8,Over
2,talk,83,5,4,Over
2,talk,84,6,5,Over
2,talk,85,6,1,ESTIMATE Agent[15] WEREWOLF
2,talk,86,6,11,Over
2,talk,87,6,12,Over
2,talk,88,6,2,VOTE Agent[01]
2,talk,89,6,3,Over
2,talk,90,6,7,Over
2,talk,91,6,6,Over
2,talk,92,6,4,Over
2,talk,93,6,15,Over
2,talk,94,6,14,Over
2,talk,95,6,8,Over
2,talk,96,6,13,Skip
2,talk,97,6,10,Skip
2,talk,98,7,10,Skip
2,talk,99,7,2,Skip
2,talk,100,7,3,Over
2,talk,101,7,11,Over
2,talk,102,7,1,ESTIMATE Agent[14] VILLAGER
2,talk,103,7,14,Over
2,talk,104,7,13,Skip
2,talk,105,7,8,Over
2,talk,106,7,4,Over
2,talk,107,7,7,Over
2,talk,108,7,6,Over
2,talk,109,7,5,Over
2,talk,110,7,12,Over
2,talk,111,7,15,Over
2,talk,112,8,4,Over
2,talk,113,8,10,Over
2,talk,114,8,6,Over
2,talk,115,8,15,Over
2,talk,116,8,11,Over
2,talk,117,8,7,Over
2,talk,118,8,13,Over
2,talk,119,8,14,Over
2,talk,120,8,8,Over
2,talk,121,8,5,Over
2,talk,122,8,12,Over
2,talk,123,8,3,Over
2,talk,124,8,2,Skip
2,talk,125,8,1,Over
2,talk,126,9,15,Over
2,talk,127,9,7,Over
2,talk,128,9,3,Over
2,talk,129,9,11,Over
2,talk,130,9,4,Over
2,talk,131,9,14,Over
2,talk,132,9,12,Over
2,talk,133,9,8,Over
2,talk,134,9,5,Over
2,talk,135,9,2,Over
2,talk,136,9,10,Over
2,talk,137,9,6,Over
2,talk,138,9,1,Over
2,talk,139,9,13,Over
2,vote,1,13
2,vote,2,1
2,vote,3,15
2,vote,4,14
2,vote,5,4
2,vote,6,13
2,vote,7,8
2,vote,8,6
2,vote,10,15
2,vote,11,10
2,vote,12,3
2,vote,13,10
2,vote,14,15
2,vote,15,2
2,execute,15,WEREWOLF
2,guard,8,1,POSSESSED
3,status,1,POSSESSED,ALIVE,wolf1
3,status,2,SEER,ALIVE,SampleRoleAssignPlayer
3,status,3,VILLAGER,ALIVE,SampleRoleAssignPlayer
3,status,4,VILLAGER,ALIVE,SampleRoleAssignPlayer
3,status,5,VILLAGER,ALIVE,SampleRoleAssignPlayer
3,status,6,VILLAGER,ALIVE,SampleRoleAssignPlayer
3,status,7,VILLAGER,ALIVE,SampleRoleAssignPlayer
3,status,8,BODYGUARD,ALIVE,SampleRoleAssignPlayer
3,status,9,WEREWOLF,DEAD,SampleRoleAssignPlayer
3,status,10,MEDIUM,ALIVE,SampleRoleAssignPlayer
3,status,11,VILLAGER,ALIVE,SampleRoleAssignPlayer
3,status,12,VILLAGER,ALIVE,SampleRoleAssignPlayer
3,status,13,WEREWOLF,ALIVE,SampleRoleAssignPlayer
3,status,14,VILLAGER,ALIVE,SampleRoleAssignPlayer
3,status,15,WEREWOLF,DEAD,SampleRoleAssignPlayer
3,talk,0,0,5,VOTE Agent[12]
3,talk,1,0,4,VOTE Agent[06]
3,talk,2,0,10,IDENTIFIED Agent[15] WEREWOLF
3,talk,3,0,7,VOTE Agent[01]
3,talk,4,0,1,DIVINED Agent[07] HUMAN
3,talk,5,0,2,DISAGREE TALK day1 ID:31
3,talk,6,0,12,VOTE Agent[13]
3,talk,7,0,13,VOTE Agent[10]
3,talk,8,0,11,VOTE Agent[05]
3,talk,9,0,14,VOTE Agent[11]
3,talk,10,0,8,VOTE Agent[06]
3,talk,11,0,6,VOTE Agent[10]
3,talk,12,0,3,VOTE Agent[13]
3,talk,13,1,6,Skip
3,talk,14,1,4,Skip
3,talk,15,1,10,ESTIMATE Agent[13] WEREWOLF
3,talk,16,1,5,Skip
3,talk,17,1,11,Skip
3,talk,18,1,12,Skip
3,talk,19,1,13,REQUEST(VOTE Agent[10])
3,talk,20,1,14,Skip
3,talk,21,1,8,Skip
3,talk,22,1,1,VOTE Agent[13]
3,talk,23,1,7,Skip
3,talk,24,1,3,Skip
3,talk,25,1,2,DISAGREE TALK day1 ID:35
3,talk,26,2,5,Skip
3,talk,27,2,6,Skip
3,talk,28,2,13,Skip
3,talk,29,2,2,DISAGREE TALK day1 ID:41
3,talk,30,2,7,Skip
3,talk,31,2,12,Skip
3,talk,32,2,1,ESTIMATE Agent[09] WEREWOLF
3,talk,33,2,10,REQUEST(Agent[02] DIVINATION Agent[13])
3,talk,34,2,14,Skip
3,talk,35,2,8,Skip
3,talk,36,2,3,Skip
3,talk,37,2,11,Skip
3,talk,38,2,4,Skip
3,talk,39,3,12,Over
3,talk,40,3,3,Over
3,talk,41,3,8,Over
3,talk,42,3,13,Skip
3,talk,43,3,5,Over
3,talk,44,3,1,ESTIMATE Agent[13] WEREWOLF
3,talk,45,3,14,Over
3,talk,46,3,6,Over
3,talk,47,3,2,DISAGREE TALK day1 ID:43
3,talk,48,3,7,Over
3,talk,49,3,10,VOTE Agent[13]
3,talk,50,3,4,Over
3,talk,51,3,11,Over
3,talk,52,4,4,Over
3,talk,53,4,13,Over
3,talk,54,4,3,Over
3,talk,55,4,14,Over
3,talk,56,4,2,AGREE TALK day2 ID:72
3,talk,57,4,5,Over
3,talk,58,4,10,Skip
3,talk,59,4,11,Over
3,talk,60,4,1,ESTIMATE Agent[15] WEREWOLF
3,talk,61,4,6,Over
3,talk,62,4,7,Over
3,talk,63,4,8,Over
3,talk,64,4,12,Over
3,talk,65,5,7,Over
3,talk,66,5,8,Over
3,talk,67,5,4,Over
3,talk,68,5,2,ESTIMATE Agent[01] WEREWOLF
3,talk,69,5,10,Skip
3,talk,70,5,3,Over
3,talk,71,5,1,ESTIMATE Agent[07] VILLAGER
3,talk,72,5,13,Over
3,talk,73,5,11,Over
3,talk,74,5,12,Over
3,talk,75,5,5,Over
3,talk,76,5,14,Over
3,talk,77,5,6,Over
3,talk,78,6,11,Over
3,talk,79,6,2,VOTE Agent[01]
3,talk,80,6,1,ESTIMATE Agent[14] VILLAGER
3,talk,81,6,3,Over
3,talk,82,6,8,Over
3,talk,83,6,12,Over
3,talk,84,6,4,Over
3,talk,85,6,6,Over
3,talk,86,6,14,Over
3,talk,87,6,10,Over
3,talk,88,6,13,Over
3,talk,89,6,5,Over
3,talk,90,6,7,Over
3,talk,91,7,4,Over
3,talk,92,7,1,Over
3,talk,93,7,14,Over
3,talk,94,7,11,Over
3,talk,95,7,3,Over
3,talk,96,7,12,Over
3,talk,97,7,2,Skip
3,talk,98,7,10,Over
3,talk,99,7,7,Over
3,talk,100,7,13,Over
3,talk,101,7,5,Over
3,talk,102,7,8,Over
3,talk,103,7,6,Over
3,talk,104,8,3,Over
3,talk,105,8,5,Over
3,talk,106,8,10,Over
3,talk,107,8,13,Over
3,talk,108,8,11,Over
3,talk,109,8,8,Over
3,talk,110,8,12,Over
3,talk,111,8,4,Over
3,talk,112,8,7,Over
3,talk,113,8,1,Over
3,talk,114,8,2,Skip
3,talk,115,8,6,Over
3,talk,116,8,14,Over
3,talk,117,9,14,Over
3,talk,118,9,4,Over
3,talk,119,9,3,Over
3,talk,120,9,10,Over
3,talk,121,9,1,Over
3,talk,122,9,13,Over
3,talk,123,9,6,Over
3,talk,124,9,7,Over
3,talk,125,9,12,Over
3,talk,126,9,2,Over
3,talk,127,9,8,Over
3,talk,128,9,11,Over
3,talk,129,9,5,Over
3,vote,1,13
3,vote,2,1
3,vote,3,13
3,vote,4,6
3,vote,5,12
3,vote,6,10
3,vote,7,1
3,vote,8,6
3,vote,10,13
3,vote,11,5
3,vote,12,13
3,vote,13,10
3,vote,14,11
3,execute,13,WEREWOLF
3,divine,2,1,HUMAN
3,guard,8,1,POSSESSED
3,attack,7,true
4,status,1,POSSESSED,ALIVE,wolf1
4,status,2,SEER,ALIVE,SampleRoleAssignPlayer
4,status,3,VILLAGER,ALIVE,SampleRoleAssignPlayer
4,status,4,VILLAGER,ALIVE,SampleRoleAssignPlayer
4,status,5,VILLAGER,ALIVE,SampleRoleAssignPlayer
4,status,6,VILLAGER,ALIVE,SampleRoleAssignPlayer
4,status,7,VILLAGER,DEAD,SampleRoleAssignPlayer
4,status,8,BODYGUARD,ALIVE,SampleRoleAssignPlayer
4,status,9,WEREWOLF,DEAD,SampleRoleAssignPlayer
4,status,10,MEDIUM,ALIVE,SampleRoleAssignPlayer
4,status,11,VILLAGER,ALIVE,SampleRoleAssignPlayer
4,status,12,VILLAGER,ALIVE,SampleRoleAssignPlayer
4,status,13,WEREWOLF,DEAD,SampleRoleAssignPlayer
4,status,14,VILLAGER,ALIVE,SampleRoleAssignPlayer
4,status,15,WEREWOLF,DEAD,SampleRoleAssignPlayer
4,result,11,0,VILLAGER
