0,status,1,WEREWOLF,ALIVE,wolf1
0,status,2,MEDIUM,ALIVE,SampleRoleAssignPlayer
0,status,3,VILLAGER,ALIVE,SampleRoleAssignPlayer
0,status,4,VILLAGER,ALIVE,SampleRoleAssignPlayer
0,status,5,VILLAGER,ALIVE,SampleRoleAssignPlayer
0,status,6,VILLAGER,ALIVE,SampleRoleAssignPlayer
0,status,7,VILLAGER,ALIVE,SampleRoleAssignPlayer
0,status,8,BODYGUARD,ALIVE,SampleRoleAssignPlayer
0,status,9,VILLAGER,ALIVE,SampleRoleAssignPlayer
0,status,10,VILLAGER,ALIVE,SampleRoleAssignPlayer
0,status,11,POSSESSED,ALIVE,SampleRoleAssignPlayer
0,status,12,VILLAGER,ALIVE,SampleRoleAssignPlayer
0,status,13,WEREWOLF,ALIVE,SampleRoleAssignPlayer
0,status,14,SEER,ALIVE,SampleRoleAssignPlayer
0,status,15,WEREWOLF,ALIVE,SampleRoleAssignPlayer
0,whisper,0,0,15,COMINGOUT Agent[15] SEER
0,whisper,1,0,13,COMINGOUT Agent[13] SEER
0,whisper,2,0,1,COMINGOUT Agent[01] VILLAGER
0,whisper,3,1,13,COMINGOUT Agent[13] VILLAGER
0,whisper,4,1,15,COMINGOUT Agent[15] VILLAGER
0,whisper,5,1,1,ATTACK Agent[02]
0,whisper,6,2,13,COMINGOUT Agent[13] MEDIUM
0,whisper,7,2,1,Over
0,whisper,8,2,15,COMINGOUT Agent[15] MEDIUM
0,whisper,9,3,15,Skip
0,whisper,10,3,1,Over
0,whisper,11,3,13,Skip
0,whisper,12,4,1,Over
0,whisper,13,4,13,COMINGOUT Agent[13] VILLAGER
0,whisper,14,4,15,COMINGOUT Agent[15] VILLAGER
0,whisper,15,5,1,Over
0,whisper,16,5,15,COMINGOUT Agent[15] SEER
0,whisper,17,5,13,COMINGOUT Agent[13] SEER
0,whisper,18,6,15,COMINGOUT Agent[15] VILLAGER
0,whisper,19,6,13,COMINGOUT Agent[13] VILLAGER
0,whisper,20,6,1,Over
0,whisper,21,7,15,COMINGOUT Agent[15] SEER
0,whisper,22,7,13,Skip
0,whisper,23,7,1,Over
0,whisper,24,8,1,Over
0,whisper,25,8,15,Skip
0,whisper,26,8,13,COMINGOUT Agent[13] MEDIUM
0,whisper,27,9,13,Skip
0,whisper,28,9,15,DIVINED Agent[09] WEREWOLF
0,whisper,29,9,1,Over
0,whisper,30,10,1,Over
0,whisper,31,10,15,Skip
0,whisper,32,10,13,Skip
0,whisper,33,11,13,Over
0,whisper,34,11,15,Skip
0,whisper,35,11,1,Over
0,whisper,36,12,13,Over
0,whisper,37,12,1,Over
0,whisper,38,12,15,Over
0,divine,14,12,HUMAN
1,status,1,WEREWOLF,ALIVE,wolf1
1,status,2,MEDIUM,ALIVE,SampleRoleAssignPlayer
1,status,3,VILLAGER,ALIVE,SampleRoleAssignPlayer
1,status,4,VILLAGER,ALIVE,SampleRoleAssignPlayer
1,status,5,VILLAGER,ALIVE,SampleRoleAssignPlayer
1,status,6,VILLAGER,ALIVE,SampleRoleAssignPlayer
1,status,7,VILLAGER,ALIVE,SampleRoleAssignPlayer
1,status,8,BODYGUARD,ALIVE,SampleRoleAssignPlayer
1,status,9,VILLAGER,ALIVE,SampleRoleAssignPlayer
1,status,10,VILLAGER,ALIVE,SampleRoleAssignPlayer
1,status,11,POSSESSED,ALIVE,SampleRoleAssignPlayer
1,status,12,VILLAGER,ALIVE,SampleRoleAssignPlayer
1,status,13,WEREWOLF,ALIVE,SampleRoleAssignPlayer
1,status,14,SEER,ALIVE,SampleRoleAssignPlayer
1,status,15,WEREWOLF,ALIVE,SampleRoleAssignPlayer
1,talk,0,0,12,VOTE Agent[13]
1,talk,1,0,6,VOTE Agent[01]
1,talk,2,0,13,VOTE Agent[03]
1,talk,3,0,1,VOTE Agent[04]
1,talk,4,0,5,VOTE Agent[06]
1,talk,5,0,4,VOTE Agent[15]
1,talk,6,0,11,COMINGOUT Agent[11] SEER
1,talk,7,0,10,VOTE Agent[09]
1,talk,8,0,14,VOTE Agent[13]
1,talk,9,0,8,VOTE Agent[15]
1,talk,10,0,9,VOTE Agent[13]
1,talk,11,0,2,COMINGOUT Agent[02] MEDIUM
1,talk,12,0,7,VOTE Agent[04]
1,talk,13,0,3,VOTE Agent[02]
1,talk,14,0,15,VOTE Agent[09]
1,talk,15,1,13,REQUEST(VOTE Agent[03])
1,talk,16,1,3,Skip
1,talk,17,1,7,Skip
1,talk,18,1,12,Skip
1,talk,19,1,2,VOTE Agent[10]
1,talk,20,1,4,Skip
1,talk,21,1,8,Skip
1,talk,22,1,5,Skip
1,talk,23,1,15,REQUEST(VOTE Agent[09])
1,talk,24,1,14,COMINGOUT Agent[14] SEER
1,talk,25,1,10,Skip
1,talk,26,1,1,ESTIMATE Agent[03] WEREWOLF
1,talk,27,1,11,DIVINED Agent[13] WEREWOLF
1,talk,28,1,9,Skip
1,talk,29,1,6,Skip
1,talk,30,2,10,ESTIMATE Agent[11] SEER
1,talk,31,2,9,ESTIMATE Agent[11] SEER
1,talk,32,2,2,ESTIMATE Agent[11] SEER
1,talk,33,2,15,COMINGOUT Agent[15] SEER
1,talk,34,2,8,ESTIMATE Agent[11] SEER
1,talk,35,2,5,ESTIMATE Agent[11] SEER
1,talk,36,2,11,VOTE Agent[13]
1,talk,37,2,14,DIVINED Agent[12] HUMAN
1,talk,38,2,1,ESTIMATE Agent[04] WEREWOLF
1,talk,39,2,12,ESTIMATE Agent[11] SEER
1,talk,40,2,7,ESTIMATE Agent[11] SEER
1,talk,41,2,6,ESTIMATE Agent[11] SEER
1,talk,42,2,4,ESTIMATE Agent[11] SEER
1,talk,43,2,13,COMINGOUT Agent[13] MEDIUM
1,talk,44,2,3,ESTIMATE Agent[11] SEER
1,talk,45,3,8,ESTIMATE Agent[13] WEREWOLF
1,talk,46,3,9,Skip
1,talk,47,3,4,ESTIMATE Agent[13] WEREWOLF
1,talk,48,3,1,ESTIMATE Agent[13] WEREWOLF
1,talk,49,3,10,ESTIMATE Agent[13] WEREWOLF
1,talk,50,3,13,VOTE Agent[02]
1,talk,51,3,7,ESTIMATE Agent[13] WEREWOLF
1,talk,52,3,5,ESTIMATE Agent[13] WEREWOLF
1,talk,53,3,6,ESTIMATE Agent[13] WEREWOLF
1,talk,54,3,11,REQUEST(VOTE Agent[13])
1,talk,55,3,2,ESTIMATE Agent[13] WEREWOLF
1,talk,56,3,15,DIVINED Agent[09] WEREWOLF
1,talk,57,3,12,Skip
1,talk,58,3,3,ESTIMATE Agent[13] WEREWOLF
1,talk,59,3,14,ESTIMATE Agent[11] WEREWOLF
1,talk,60,4,10,REQUEST(Agent[11] DIVINATION Agent[13])
1,talk,61,4,12,Skip
1,talk,62,4,5,REQUEST(Agent[11] DIVINATION Agent[13])
1,talk,63,4,15,Skip
1,talk,64,4,11,Skip
1,talk,65,4,14,VOTE Agent[11]
1,talk,66,4,7,REQUEST(Agent[11] DIVINATION Agent[13])
1,talk,67,4,2,REQUEST(Agent[11] DIVINATION Agent[13])
1,talk,68,4,1,VOTE Agent[13]
1,talk,69,4,3,REQUEST(Agent[11] DIVINATION Agent[13])
1,talk,70,4,6,REQUEST(Agent[11] DIVINATION Agent[13])
1,talk,71,4,13,REQUEST(VOTE Agent[02])
1,talk,72,4,8,REQUEST(Agent[11] DIVINATION Agent[13])
1,talk,73,4,4,REQUEST(Agent[11] DIVINATION Agent[13])
1,talk,74,4,9,Skip
1,talk,75,5,6,VOTE Agent[13]
1,talk,76,5,3,VOTE Agent[13]
1,talk,77,5,2,VOTE Agent[13]
1,talk,78,5,11,Skip
1,talk,79,5,4,VOTE Agent[13]
1,talk,80,5,9,Over
1,talk,81,5,8,VOTE Agent[13]
1,talk,82,5,15,Skip
1,talk,83,5,5,VOTE Agent[13]
1,talk,84,5,12,Over
1,talk,85,5,1,ESTIMATE Agent[09] WEREWOLF
1,talk,86,5,7,VOTE Agent[13]
1,talk,87,5,14,Skip
1,talk,88,5,10,VOTE Agent[13]
1,talk,89,5,13,Skip
1,talk,90,6,1,ESTIMATE Agent[14] WEREWOLF
1,talk,91,6,13,Skip
1,talk,92,6,10,Skip
1,talk,93,6,9,Over
1,talk,94,6,2,Skip
1,talk,95,6,3,Skip
1,talk,96,6,11,Over
1,talk,97,6,4,Skip
1,talk,98,6,6,Skip
1,talk,99,6,5,Skip
1,talk,100,6,12,Over
1,talk,101,6,15,Over
1,talk,102,6,14,Skip
1,talk,103,6,8,Skip
1,talk,104,6,7,Skip
1,talk,105,7,10,Skip
1,talk,106,7,1,Over
1,talk,107,7,6,Skip
1,talk,108,7,13,Over
1,talk,109,7,3,Skip
1,talk,110,7,9,Over
1,talk,111,7,15,Over
1,talk,112,7,8,Skip
1,talk,113,7,11,Over
1,talk,114,7,4,Skip
1,talk,115,7,2,Skip
1,talk,116,7,7,Skip
1,talk,117,7,14,Over
1,talk,118,7,12,Over
1,talk,119,7,5,Skip
1,talk,120,8,4,Over
1,talk,121,8,14,Over
1,talk,122,8,6,Over
1,talk,123,8,10,Over
1,talk,124,8,3,Over
1,talk,125,8,12,Over
1,talk,126,8,1,Over
1,talk,127,8,13,Over
1,talk,128,8,5,Over
1,talk,129,8,2,Over
1,talk,130,8,9,Over
1,talk,131,8,11,Over
1,talk,132,8,7,Over
1,talk,133,8,8,Over
1,talk,134,8,15,Over
1,vote,1,13
1,vote,2,13
1,vote,3,13
1,vote,4,13
1,vote,5,13
1,vote,6,13
1,vote,7,13
1,vote,8,13
1,vote,9,13
1,vote,10,13
1,vote,11,13
1,vote,12,13
1,vote,13,2
1,vote,14,11
1,vote,15,9
1,execute,13,WEREWOLF
1,divine,14,11,HUMAN
1,whisper,0,0,15,ATTACK Agent[14]
1,whisper,1,0,1,ATTACK Agent[14]
1,whisper,2,1,1,Over
1,whisper,3,1,15,REQUEST(ATTACK Agent[14])
1,whisper,4,2,15,DIVINED Agent[08] HUMAN
1,whisper,5,2,1,Over
1,whisper,6,3,15,Skip
1,whisper,7,3,1,Over
1,whisper,8,4,1,Over
1,whisper,9,4,15,Skip
1,whisper,10,5,1,Over
1,whisper,11,5,15,Over
1,guard,8,11,POSSESSED
1,attackVote,1,14
1,attackVote,15,14
1,attack,14,true
2,status,1,WEREWOLF,ALIVE,wolf1
2,status,2,MEDIUM,ALIVE,SampleRoleAssignPlayer
2,status,3,VILLAGER,ALIVE,SampleRoleAssignPlayer
2,status,4,VILLAGER,ALIVE,SampleRoleAssignPlayer
2,status,5,VILLAGER,ALIVE,SampleRoleAssignPlayer
2,status,6,VILLAGER,ALIVE,SampleRoleAssignPlayer
2,status,7,VILLAGER,ALIVE,SampleRoleAssignPlayer
2,status,8,BODYGUARD,ALIVE,SampleRoleAssignPlayer
2,status,9,VILLAGER,ALIVE,SampleRoleAssignPlayer
2,status,10,VILLAGER,ALIVE,SampleRoleAssignPlayer
2,status,11,POSSESSED,ALIVE,SampleRoleAssignPlayer
2,status,12,VILLAGER,ALIVE,SampleRoleAssignPlayer
2,status,13,WEREWOLF,DEAD,SampleRoleAssignPlayer
2,status,14,SEER,DEAD,SampleRoleAssignPlayer
2,status,15,WEREWOLF,ALIVE,SampleRoleAssignPlayer
2,talk,0,0,1,VOTE Agent[09]
2,talk,1,0,3,AGREE TALK day1 ID:85
2,talk,2,0,4,AGREE TALK day1 ID:85
2,talk,3,0,9,ESTIMATE Agent[15] WEREWOLF
2,talk,4,0,7,AGREE TALK day1 ID:85
2,talk,5,0,8,AGREE TALK day1 ID:85
2,talk,6,0,12,AGREE TALK day1 ID:85
2,talk,7,0,5,AGREE TALK day1 ID:85
2,talk,8,0,15,DIVINED Agent[08] HUMAN
2,talk,9,0,2,IDENTIFIED Agent[13] WEREWOLF
2,talk,10,0,11,DIVINED Agent[04] HUMAN
2,talk,11,0,6,AGREE TALK day1 ID:85
2,talk,12,0,10,AGREE TALK day1 ID:85
2,talk,13,1,4,ESTIMATE Agent[09] WEREWOLF
2,talk,14,1,12,ESTIMATE Agent[09] WEREWOLF
2,talk,15,1,11,VOTE Agent[15]
2,talk,16,1,8,ESTIMATE Agent[09] WEREWOLF
2,talk,17,1,5,ESTIMATE Agent[09] WEREWOLF
2,talk,18,1,2,AGREE TALK day1 ID:85
2,talk,19,1,6,ESTIMATE Agent[09] WEREWOLF
2,talk,20,1,7,ESTIMATE Agent[09] WEREWOLF
2,talk,21,1,9,REQUEST(Agent[11] DIVINATION Agent[15])
2,talk,22,1,10,ESTIMATE Agent[09] WEREWOLF
2,talk,23,1,15,VOTE Agent[11]
2,talk,24,1,3,ESTIMATE Agent[09] WEREWOLF
2,talk,25,1,1,ESTIMATE Agent[05] WEREWOLF
2,talk,26,2,9,VOTE Agent[15]
2,talk,27,2,6,REQUEST(Agent[11] DIVINATION Agent[09])
2,talk,28,2,2,ESTIMATE Agent[09] WEREWOLF
2,talk,29,2,10,REQUEST(Agent[11] DIVINATION Agent[09])
2,talk,30,2,11,REQUEST(VOTE Agent[15])
2,talk,31,2,3,REQUEST(Agent[11] DIVINATION Agent[09])
2,talk,32,2,5,REQUEST(Agent[11] DIVINATION Agent[09])
2,talk,33,2,7,REQUEST(Agent[11] DIVINATION Agent[09])
2,talk,34,2,4,REQUEST(Agent[11] DIVINATION Agent[09])
2,talk,35,2,1,ESTIMATE Agent[13] WEREWOLF
2,talk,36,2,15,REQUEST(VOTE Agent[11])
2,talk,37,2,12,REQUEST(Agent[11] DIVINATION Agent[09])
2,talk,38,2,8,REQUEST(Agent[11] DIVINATION Agent[09])
2,talk,39,3,5,VOTE Agent[09]
2,talk,40,3,1,ESTIMATE Agent[15] WEREWOLF
2,talk,41,3,8,VOTE Agent[09]
2,talk,42,3,9,Skip
2,talk,43,3,2,REQUEST(Agent[11] DIVINATION Agent[09])
2,talk,44,3,15,Skip
2,talk,45,3,12,VOTE Agent[09]
2,talk,46,3,10,VOTE Agent[09]
2,talk,47,3,4,VOTE Agent[09]
2,talk,48,3,3,VOTE Agent[09]
2,talk,49,3,7,VOTE Agent[09]
2,talk,50,3,11,Skip
2,talk,51,3,6,VOTE Agent[09]
2,talk,52,4,7,Skip
2,talk,53,4,3,Skip
2,talk,54,4,8,Skip
2,talk,55,4,9,Skip
2,talk,56,4,11,Skip
2,talk,57,4,1,Over
2,talk,58,4,5,Skip
2,talk,59,4,6,Skip
2,talk,60,4,2,VOTE Agent[09]
2,talk,61,4,12,Skip
2,talk,62,4,10,Skip
2,talk,63,4,4,Skip
2,talk,64,4,15,Skip
2,talk,65,5,2,Skip
2,talk,66,5,7,Skip
2,talk,67,5,6,Skip
2,talk,68,5,8,Skip
2,talk,69,5,11,Over
2,talk,70,5,3,Skip
2,talk,71,5,4,Skip
2,talk,72,5,9,Over
2,talk,73,5,12,Skip
2,talk,74,5,15,Over
2,talk,75,5,1,Over
2,talk,76,5,5,Skip
2,talk,77,5,10,Skip
2,talk,78,6,6,Over
2,talk,79,6,7,Over
2,talk,80,6,3,Over
2,talk,81,6,4,Over
2,talk,82,6,15,Over
2,talk,83,6,9,Over
2,talk,84,6,11,Over
2,talk,85,6,12,Over
2,talk,86,6,1,Over
2,talk,87,6,8,Over
2,talk,88,6,5,Over
2,talk,89,6,2,Skip
2,talk,90,6,10,Over
2,talk,91,7,7,Over
2,talk,92,7,15,Over
2,talk,93,7,4,Over
2,talk,94,7,11,Over
2,talk,95,7,3,Over
2,talk,96,7,6,Over
2,talk,97,7,5,Over
2,talk,98,7,1,Over
2,talk,99,7,9,Over
2,talk,100,7,8,Over
2,talk,101,7,2,Over
2,talk,102,7,12,Over
2,talk,103,7,10,Over
2,vote,1,9
2,vote,2,9
2,vote,3,9
2,vote,4,9
2,vote,5,9
2,vote,6,9
2,vote,7,9
2,vote,8,9
2,vote,9,15
2,vote,10,9
2,vote,11,15
2,vote,12,9
2,vote,15,11
2,execute,9,VILLAGER
2,whisper,0,0,1,ATTACK Agent[11]
2,whisper,1,0,15,ATTACK Agent[11]
2,whisper,2,1,15,REQUEST(ATTACK Agent[11])
2,whisper,3,1,1,Over
2,whisper,4,2,1,Over
2,whisper,5,2,15,DIVINED Agent[03] WEREWOLF
2,whisper,6,3,1,Over
2,whisper,7,3,15,Skip
2,whisper,8,4,1,Over
2,whisper,9,4,15,Skip
2,whisper,10,5,15,Over
2,whisper,11,5,1,Over
2,guard,8,11,POSSESSED
2,attackVote,1,11
2,attackVote,15,11
2,attack,11,false
3,status,1,WEREWOLF,ALIVE,wolf1
3,status,2,MEDIUM,ALIVE,SampleRoleAssignPlayer
3,status,3,VILLAGER,ALIVE,SampleRoleAssignPlayer
3,status,4,VILLAGER,ALIVE,SampleRoleAssignPlayer
3,status,5,VILLAGER,ALIVE,SampleRoleAssignPlayer
3,status,6,VILLAGER,ALIVE,SampleRoleAssignPlayer
3,status,7,VILLAGER,ALIVE,SampleRoleAssignPlayer
3,status,8,BODYGUARD,ALIVE,SampleRoleAssignPlayer
3,status,9,VILLAGER,DEAD,SampleRoleAssignPlayer
3,status,10,VILLAGER,ALIVE,SampleRoleAssignPlayer
3,status,11,POSSESSED,ALIVE,SampleRoleAssignPlayer
3,status,12,VILLAGER,ALIVE,SampleRoleAssignPlayer
3,status,13,WEREWOLF,DEAD,SampleRoleAssignPlayer
3,status,14,SEER,DEAD,SampleRoleAssignPlayer
3,status,15,WEREWOLF,ALIVE,SampleRoleAssignPlayer
3,talk,0,0,12,VOTE Agent[06]
3,talk,1,0,4,VOTE Agent[08]
3,talk,2,0,2,IDENTIFIED Agent[09] HUMAN
3,talk,3,0,7,VOTE Agent[08]
3,talk,4,0,1,VOTE Agent[15]
3,talk,5,0,6,VOTE Agent[03]
3,talk,6,0,11,DIVINED Agent[12] WEREWOLF
3,talk,7,0,3,VOTE Agent[10]
3,talk,8,0,5,VOTE Agent[04]
3,talk,9,0,8,VOTE Agent[15]
3,talk,10,0,10,VOTE Agent[07]
3,talk,11,0,15,DIVINED Agent[03] WEREWOLF
3,talk,12,1,10,AGREE TALK day1 ID:26
3,talk,13,1,8,AGREE TALK day1 ID:26
3,talk,14,1,7,AGREE TALK day1 ID:26
3,talk,15,1,11,VOTE Agent[12]
3,talk,16,1,3,AGREE TALK day2 ID:3
3,talk,17,1,15,VOTE Agent[03]
3,talk,18,1,12,DISAGREE TALK day2 ID:3
3,talk,19,1,4,AGREE TALK day1 ID:26
3,talk,20,1,6,Skip
3,talk,21,1,2,AGREE TALK day2 ID:3
3,talk,22,1,1,ESTIMATE Agent[05] WEREWOLF
3,talk,23,1,5,AGREE TALK day1 ID:26
3,talk,24,2,6,Skip
3,talk,25,2,2,AGREE TALK day2 ID:40
3,talk,26,2,8,ESTIMATE Agent[03] WEREWOLF
3,talk,27,2,11,REQUEST(VOTE Agent[12])
3,talk,28,2,12,DISAGREE TALK day2 ID:40
3,talk,29,2,10,ESTIMATE Agent[03] WEREWOLF
3,talk,30,2,7,ESTIMATE Agent[03] WEREWOLF
3,talk,31,2,4,ESTIMATE Agent[03] WEREWOLF
3,talk,32,2,5,ESTIMATE Agent[03] WEREWOLF
3,talk,33,2,15,REQUEST(VOTE Agent[03])
3,talk,34,2,1,ESTIMATE Agent[13] WEREWOLF
3,talk,35,2,3,AGREE TALK day2 ID:40
3,talk,36,3,10,REQUEST(Agent[11] DIVINATION Agent[03])
3,talk,37,3,3,ESTIMATE Agent[15] WEREWOLF
3,talk,38,3,6,Over
3,talk,39,3,15,Skip
3,talk,40,3,11,Skip
3,talk,41,3,2,ESTIMATE Agent[15] WEREWOLF
3,talk,42,3,1,ESTIMATE Agent[15] WEREWOLF
3,talk,43,3,7,REQUEST(Agent[11] DIVINATION Agent[03])
3,talk,44,3,8,REQUEST(Agent[11] DIVINATION Agent[03])
3,talk,45,3,4,REQUEST(Agent[11] DIVINATION Agent[03])
3,talk,46,3,5,REQUEST(Agent[11] DIVINATION Agent[03])
3,talk,47,3,12,ESTIMATE Agent[15] SEER
3,talk,48,4,7,VOTE Agent[03]
3,talk,49,4,12,AGREE TALK day1 ID:26
3,talk,50,4,15,Skip
3,talk,51,4,2,REQUEST(Agent[11] DIVINATION Agent[15])
3,talk,52,4,6,Over
3,talk,53,4,8,VOTE Agent[03]
3,talk,54,4,1,ESTIMATE Agent[03] VILLAGER
3,talk,55,4,4,VOTE Agent[03]
3,talk,56,4,11,Skip
3,talk,57,4,5,VOTE Agent[03]
3,talk,58,4,3,REQUEST(Agent[11] DIVINATION Agent[15])
3,talk,59,4,10,VOTE Agent[03]
3,talk,60,5,7,Skip
3,talk,61,5,1,Over
3,talk,62,5,15,Over
3,talk,63,5,8,Skip
3,talk,64,5,3,VOTE Agent[15]
3,talk,65,5,10,Skip
3,talk,66,5,2,VOTE Agent[15]
3,talk,67,5,4,Skip
3,talk,68,5,11,Over
3,talk,69,5,6,Over
3,talk,70,5,12,ESTIMATE Agent[03] WEREWOLF
3,talk,71,5,5,Skip
3,talk,72,6,2,Skip
3,talk,73,6,7,Skip
3,talk,74,6,1,Over
3,talk,75,6,6,Over
3,talk,76,6,15,Over
3,talk,77,6,10,Skip
3,talk,78,6,5,Skip
3,talk,79,6,8,Skip
3,talk,80,6,11,Over
3,talk,81,6,4,Skip
3,talk,82,6,12,REQUEST(Agent[15] DIVINATION Agent[03])
3,talk,83,6,3,Skip
3,talk,84,7,3,Skip
3,talk,85,7,7,Over
3,talk,86,7,12,VOTE Agent[03]
3,talk,87,7,1,Over
3,talk,88,7,2,Skip
3,talk,89,7,4,Over
3,talk,90,7,8,Over
3,talk,91,7,11,Over
3,talk,92,7,15,Over
3,talk,93,7,6,Over
3,talk,94,7,5,Over
3,talk,95,7,10,Over
3,talk,96,8,4,Over
3,talk,97,8,5,Over
3,talk,98,8,8,Over
3,talk,99,8,1,Over
3,talk,100,8,6,Over
3,talk,101,8,15,Over
3,talk,102,8,10,Over
3,talk,103,8,11,Over
3,talk,104,8,2,Over
3,talk,105,8,7,Over
3,talk,106,8,12,Skip
3,talk,107,8,3,Over
3,talk,108,9,4,Over
3,talk,109,9,8,Over
3,talk,110,9,10,Over
3,talk,111,9,6,Over
3,talk,112,9,12,Skip
3,talk,113,9,15,Over
3,talk,114,9,7,Over
3,talk,115,9,5,Over
3,talk,116,9,1,Over
3,talk,117,9,3,Over
3,talk,118,9,11,Over
3,talk,119,9,2,Over
3,talk,120,10,12,Over
3,talk,121,10,7,Over
3,talk,122,10,3,Over
3,talk,123,10,6,Over
3,talk,124,10,15,Over
3,talk,125,10,8,Over
3,talk,126,10,10,Over
3,talk,127,10,2,Over
3,talk,128,10,1,Over
3,talk,129,10,4,Over
3,talk,130,10,5,Over
3,talk,131,10,11,Over
3,vote,1,15
3,vote,2,15
3,vote,3,15
3,vote,4,3
3,vote,5,3
3,vote,6,3
3,vote,7,3
3,vote,8,3
3,vote,10,3
3,vote,11,12
3,vote,12,3
3,vote,15,3
3,execute,3,VILLAGER
3,whisper,0,0,1,ATTACK Agent[04]
3,whisper,1,0,15,ESTIMATE Agent[11] POSSESSED
3,whisper,2,1,1,Over
3,whisper,3,1,15,ATTACK Agent[02]
3,whisper,4,2,1,Over
3,whisper,5,2,15,REQUEST(ATTACK Agent[02])
3,whisper,6,3,1,Over
3,whisper,7,3,15,DIVINED Agent[06] WEREWOLF
3,whisper,8,4,1,Over
3,whisper,9,4,15,Skip
3,whisper,10,5,15,Skip
3,whisper,11,5,1,Over
3,whisper,12,6,1,Over
3,whisper,13,6,15,Over
3,guard,8,11,POSSESSED
3,attackVote,1,4
3,attackVote,15,2
3,attackVote,1,4
3,attackVote,15,2
3,attack,2,true
4,status,1,WEREWOLF,ALIVE,wolf1
4,status,2,MEDIUM,DEAD,SampleRoleAssignPlayer
4,status,3,VILLAGER,DEAD,SampleRoleAssignPlayer
4,status,4,VILLAGER,ALIVE,SampleRoleAssignPlayer
4,status,5,VILLAGER,ALIVE,SampleRoleAssignPlayer
4,status,6,VILLAGER,ALIVE,SampleRoleAssignPlayer
4,status,7,VILLAGER,ALIVE,SampleRoleAssignPlayer
4,status,8,BODYGUARD,ALIVE,SampleRoleAssignPlayer
4,status,9,VILLAGER,DEAD,SampleRoleAssignPlayer
4,status,10,VILLAGER,ALIVE,SampleRoleAssignPlayer
4,status,11,POSSESSED,ALIVE,SampleRoleAssignPlayer
4,status,12,VILLAGER,ALIVE,SampleRoleAssignPlayer
4,status,13,WEREWOLF,DEAD,SampleRoleAssignPlayer
4,status,14,SEER,DEAD,SampleRoleAssignPlayer
4,status,15,WEREWOLF,ALIVE,SampleRoleAssignPlayer
4,talk,0,0,12,DISAGREE TALK day1 ID:30
4,talk,1,0,15,DIVINED Agent[06] WEREWOLF
4,talk,2,0,5,ESTIMATE Agent[12] WEREWOLF
4,talk,3,0,11,DIVINED Agent[01] WEREWOLF
4,talk,4,0,8,ESTIMATE Agent[12] WEREWOLF
4,talk,5,0,10,ESTIMATE Agent[12] WEREWOLF
4,talk,6,0,4,ESTIMATE Agent[12] WEREWOLF
4,talk,7,0,1,VOTE Agent[15]
4,talk,8,0,6,ESTIMATE Agent[12] WEREWOLF
4,talk,9,0,7,ESTIMATE Agent[12] WEREWOLF
4,talk,10,1,15,VOTE Agent[06]
4,talk,11,1,6,REQUEST(Agent[11] DIVINATION Agent[12])
4,talk,12,1,7,REQUEST(Agent[11] DIVINATION Agent[12])
4,talk,13,1,12,DISAGREE TALK day1 ID:31
4,talk,14,1,1,ESTIMATE Agent[05] WEREWOLF
4,talk,15,1,5,REQUEST(Agent[11] DIVINATION Agent[12])
4,talk,16,1,11,VOTE Agent[12]
4,talk,17,1,4,REQUEST(Agent[11] DIVINATION Agent[12])
4,talk,18,1,10,REQUEST(Agent[11] DIVINATION Agent[12])
4,talk,19,1,8,REQUEST(Agent[11] DIVINATION Agent[12])
4,talk,20,2,10,VOTE Agent[12]
4,talk,21,2,6,VOTE Agent[12]
4,talk,22,2,4,VOTE Agent[12]
4,talk,23,2,15,REQUEST(VOTE Agent[06])
4,talk,24,2,7,VOTE Agent[12]
4,talk,25,2,1,ESTIMATE Agent[13] WEREWOLF
4,talk,26,2,12,DISAGREE TALK day1 ID:32
4,talk,27,2,8,VOTE Agent[12]
4,talk,28,2,5,VOTE Agent[12]
4,talk,29,2,11,REQUEST(VOTE Agent[12])
4,talk,30,3,11,Skip
4,talk,31,3,7,Skip
4,talk,32,3,10,Skip
4,talk,33,3,4,Skip
4,talk,34,3,1,ESTIMATE Agent[15] WEREWOLF
4,talk,35,3,8,Skip
4,talk,36,3,12,DISAGREE TALK day1 ID:34
4,talk,37,3,5,Skip
4,talk,38,3,6,Skip
4,talk,39,3,15,Skip
4,talk,40,4,15,Skip
4,talk,41,4,6,Skip
4,talk,42,4,5,Skip
4,talk,43,4,11,Skip
4,talk,44,4,7,Skip
4,talk,45,4,1,ESTIMATE Agent[12] VILLAGER
4,talk,46,4,10,Skip
4,talk,47,4,12,DISAGREE TALK day1 ID:35
4,talk,48,4,4,Skip
4,talk,49,4,8,Skip
4,talk,50,5,1,Over
4,talk,51,5,4,Over
4,talk,52,5,6,Over
4,talk,53,5,7,Over
4,talk,54,5,8,Over
4,talk,55,5,11,Over
4,talk,56,5,10,Over
4,talk,57,5,15,Over
4,talk,58,5,5,Over
4,talk,59,5,12,DISAGREE TALK day1 ID:39
4,talk,60,6,4,Over
4,talk,61,6,1,Over
4,talk,62,6,10,Over
4,talk,63,6,15,Over
4,talk,64,6,6,Over
4,talk,65,6,12,DISAGREE TALK day1 ID:40
4,talk,66,6,7,Over
4,talk,67,6,11,Over
4,talk,68,6,5,Over
4,talk,69,6,8,Over
4,talk,70,7,12,DISAGREE TALK day1 ID:41
4,talk,71,7,10,Over
4,talk,72,7,1,Over
4,talk,73,7,7,Over
4,talk,74,7,15,Over
4,talk,75,7,11,Over
4,talk,76,7,5,Over
4,talk,77,7,6,Over
4,talk,78,7,4,Over
4,talk,79,7,8,Over
4,talk,80,8,7,Over
4,talk,81,8,12,DISAGREE TALK day1 ID:42
4,talk,82,8,6,Over
4,talk,83,8,5,Over
4,talk,84,8,8,Over
4,talk,85,8,1,Over
4,talk,86,8,10,Over
4,talk,87,8,15,Over
4,talk,88,8,11,Over
4,talk,89,8,4,Over
4,talk,90,9,1,Over
4,talk,91,9,12,DISAGREE TALK day1 ID:44
4,talk,92,9,4,Over
4,talk,93,9,11,Over
4,talk,94,9,6,Over
4,talk,95,9,7,Over
4,talk,96,9,10,Over
4,talk,97,9,8,Over
4,talk,98,9,15,Over
4,talk,99,9,5,Over
4,talk,100,10,7,Over
4,talk,101,10,10,Over
4,talk,102,10,5,Over
4,talk,103,10,12,Over
4,talk,104,10,8,Over
4,talk,105,10,15,Over
4,talk,106,10,6,Over
4,talk,107,10,1,Over
4,talk,108,10,4,Over
4,talk,109,10,11,Over
4,vote,1,15
4,vote,4,12
4,vote,5,12
4,vote,6,12
4,vote,7,12
4,vote,8,12
4,vote,10,12
4,vote,11,12
4,vote,12,11
4,vote,15,6
4,execute,12,VILLAGER
4,whisper,0,0,15,ATTACK Agent[07]
4,whisper,1,0,1,Over
4,whisper,2,1,1,Over
4,whisper,3,1,15,REQUEST(ATTACK Agent[07])
4,whisper,4,2,1,Over
4,whisper,5,2,15,DIVINED Agent[01] HUMAN
4,whisper,6,3,15,Skip
4,whisper,7,3,1,Over
4,whisper,8,4,15,Skip
4,whisper,9,4,1,Over
4,whisper,10,5,1,Over
4,whisper,11,5,15,Over
4,guard,8,11,POSSESSED
4,attackVote,1,4
4,attackVote,15,7
4,attackVote,1,4
4,attackVote,15,7
4,attack,4,true
5,status,1,WEREWOLF,ALIVE,wolf1
5,status,2,MEDIUM,DEAD,SampleRoleAssignPlayer
5,status,3,VILLAGER,DEAD,SampleRoleAssignPlayer
5,status,4,VILLAGER,DEAD,SampleRoleAssignPlayer
5,status,5,VILLAGER,ALIVE,SampleRoleAssignPlayer
5,status,6,VILLAGER,ALIVE,SampleRoleAssignPlayer
5,status,7,VILLAGER,ALIVE,SampleRoleAssignPlayer
5,status,8,BODYGUARD,ALIVE,SampleRoleAssignPlayer
5,status,9,VILLAGER,DEAD,SampleRoleAssignPlayer
5,status,10,VILLAGER,ALIVE,SampleRoleAssignPlayer
5,status,11,POSSESSED,ALIVE,SampleRoleAssignPlayer
5,status,12,VILLAGER,DEAD,SampleRoleAssignPlayer
5,status,13,WEREWOLF,DEAD,SampleRoleAssignPlayer
5,status,14,SEER,DEAD,SampleRoleAssignPlayer
5,status,15,WEREWOLF,ALIVE,SampleRoleAssignPlayer
5,talk,0,0,7,ESTIMATE Agent[06] WEREWOLF
5,talk,1,0,15,DIVINED Agent[01] HUMAN
5,talk,2,0,5,ESTIMATE Agent[06] WEREWOLF
5,talk,3,0,6,AGREE TALK day2 ID:3
5,talk,4,0,1,VOTE Agent[11]
5,talk,5,0,10,ESTIMATE Agent[01] WEREWOLF
5,talk,6,0,11,DIVINED Agent[10] HUMAN
5,talk,7,0,8,ESTIMATE Agent[06] WEREWOLF
5,talk,8,1,1,ESTIMATE Agent[05] WEREWOLF
5,talk,9,1,11,VOTE Agent[12]
5,talk,10,1,8,REQUEST(Agent[11] DIVINATION Agent[06])
5,talk,11,1,10,REQUEST(Agent[11] DIVINATION Agent[01])
5,talk,12,1,7,REQUEST(Agent[11] DIVINATION Agent[06])
5,talk,13,1,15,VOTE Agent[06]
5,talk,14,1,5,REQUEST(Agent[11] DIVINATION Agent[06])
5,talk,15,1,6,AGREE TALK day2 ID:40
5,talk,16,2,15,REQUEST(VOTE Agent[06])
5,talk,17,2,8,VOTE Agent[06]
5,talk,18,2,10,VOTE Agent[01]
5,talk,19,2,1,ESTIMATE Agent[13] WEREWOLF
5,talk,20,2,5,VOTE Agent[06]
5,talk,21,2,6,AGREE TALK day3 ID:37
5,talk,22,2,7,VOTE Agent[06]
5,talk,23,2,11,REQUEST(VOTE Agent[12])
5,talk,24,3,10,Skip
5,talk,25,3,8,Skip
5,talk,26,3,5,Skip
5,talk,27,3,15,Skip
5,talk,28,3,1,ESTIMATE Agent[15] WEREWOLF
5,talk,29,3,7,Skip
5,talk,30,3,6,AGREE TALK day3 ID:41
5,talk,31,3,11,Skip
5,talk,32,4,11,Skip
5,talk,33,4,1,VOTE Agent[15]
5,talk,34,4,6,AGREE TALK day3 ID:42
5,talk,35,4,7,Skip
5,talk,36,4,10,Skip
5,talk,37,4,8,Skip
5,talk,38,4,15,Skip
5,talk,39,4,5,Skip
5,talk,40,5,5,Over
5,talk,41,5,6,DISAGREE TALK day3 ID:47
5,talk,42,5,15,Over
5,talk,43,5,1,ESTIMATE Agent[06] VILLAGER
5,talk,44,5,11,Over
5,talk,45,5,8,Over
5,talk,46,5,7,Over
5,talk,47,5,10,Over
5,talk,48,6,11,Over
5,talk,49,6,8,Over
5,talk,50,6,6,AGREE TALK day4 ID:34
5,talk,51,6,10,Over
5,talk,52,6,7,Over
5,talk,53,6,1,Over
5,talk,54,6,5,Over
5,talk,55,6,15,Over
5,talk,56,7,15,Over
5,talk,57,7,10,Over
5,talk,58,7,11,Over
5,talk,59,7,8,Over
5,talk,60,7,6,ESTIMATE Agent[15] WEREWOLF
5,talk,61,7,1,Over
5,talk,62,7,7,Over
5,talk,63,7,5,Over
5,talk,64,8,6,REQUEST(Agent[11] DIVINATION Agent[15])
5,talk,65,8,10,Over
5,talk,66,8,11,Over
5,talk,67,8,7,Over
5,talk,68,8,15,Over
5,talk,69,8,8,Over
5,talk,70,8,5,Over
5,talk,71,8,1,Over
5,talk,72,9,7,Over
5,talk,73,9,8,Over
5,talk,74,9,1,Over
5,talk,75,9,15,Over
5,talk,76,9,6,VOTE Agent[15]
5,talk,77,9,10,Over
5,talk,78,9,5,Over
5,talk,79,9,11,Over
5,talk,80,10,7,Over
5,talk,81,10,10,Over
5,talk,82,10,1,Over
5,talk,83,10,15,Over
5,talk,84,10,6,Over
5,talk,85,10,5,Over
5,talk,86,10,11,Over
5,talk,87,10,8,Over
5,vote,1,15
5,vote,5,6
5,vote,6,15
5,vote,7,6
5,vote,8,6
5,vote,10,1
5,vote,11,1
5,vote,15,6
5,execute,6,VILLAGER
5,whisper,0,0,15,ATTACK Agent[08]
5,whisper,1,0,1,ATTACK Agent[10]
5,whisper,2,1,1,Over
5,whisper,3,1,15,REQUEST(ATTACK Agent[08])
5,whisper,4,2,1,Over
5,whisper,5,2,15,DIVINED Agent[10] HUMAN
5,whisper,6,3,15,Skip
5,whisper,7,3,1,Over
5,whisper,8,4,1,Over
5,whisper,9,4,15,Skip
5,whisper,10,5,15,Over
5,whisper,11,5,1,Over
5,guard,8,11,POSSESSED
5,attackVote,1,10
5,attackVote,15,8
5,attackVote,1,10
5,attackVote,15,8
5,attack,10,true
6,status,1,WEREWOLF,ALIVE,wolf1
6,status,2,MEDIUM,DEAD,SampleRoleAssignPlayer
6,status,3,VILLAGER,DEAD,SampleRoleAssignPlayer
6,status,4,VILLAGER,DEAD,SampleRoleAssignPlayer
6,status,5,VILLAGER,ALIVE,SampleRoleAssignPlayer
6,status,6,VILLAGER,DEAD,SampleRoleAssignPlayer
6,status,7,VILLAGER,ALIVE,SampleRoleAssignPlayer
6,status,8,BODYGUARD,ALIVE,SampleRoleAssignPlayer
6,status,9,VILLAGER,DEAD,SampleRoleAssignPlayer
6,status,10,VILLAGER,DEAD,SampleRoleAssignPlayer
6,status,11,POSSESSED,ALIVE,SampleRoleAssignPlayer
6,status,12,VILLAGER,DEAD,SampleRoleAssignPlayer
6,status,13,WEREWOLF,DEAD,SampleRoleAssignPlayer
6,status,14,SEER,DEAD,SampleRoleAssignPlayer
6,status,15,WEREWOLF,ALIVE,SampleRoleAssignPlayer
6,talk,0,0,1,VOTE Agent[11]
6,talk,1,0,7,AGREE TALK day5 ID:5
6,talk,2,0,5,AGREE TALK day5 ID:5
6,talk,3,0,11,DIVINED Agent[07] HUMAN
6,talk,4,0,15,DIVINED Agent[10] HUMAN
6,talk,5,0,8,AGREE TALK day5 ID:5
6,talk,6,1,11,VOTE Agent[15]
6,talk,7,1,15,VOTE Agent[05]
6,talk,8,1,1,ESTIMATE Agent[05] WEREWOLF
6,talk,9,1,7,ESTIMATE Agent[01] WEREWOLF
6,talk,10,1,8,ESTIMATE Agent[01] WEREWOLF
6,talk,11,1,5,ESTIMATE Agent[01] WEREWOLF
6,talk,12,2,11,REQUEST(VOTE Agent[15])
6,talk,13,2,15,REQUEST(VOTE Agent[05])
6,talk,14,2,8,REQUEST(Agent[11] DIVINATION Agent[01])
6,talk,15,2,7,REQUEST(Agent[11] DIVINATION Agent[01])
6,talk,16,2,1,ESTIMATE Agent[08] WEREWOLF
6,talk,17,2,5,REQUEST(Agent[11] DIVINATION Agent[01])
6,talk,18,3,7,VOTE Agent[01]
6,talk,19,3,8,VOTE Agent[01]
6,talk,20,3,11,Skip
6,talk,21,3,15,Skip
6,talk,22,3,1,ESTIMATE Agent[13] WEREWOLF
6,talk,23,3,5,VOTE Agent[01]
6,talk,24,4,15,Skip
6,talk,25,4,8,Skip
6,talk,26,4,7,Skip
6,talk,27,4,1,ESTIMATE Agent[15] WEREWOLF
6,talk,28,4,11,Skip
6,talk,29,4,5,Skip
6,talk,30,5,1,Over
6,talk,31,5,15,Over
6,talk,32,5,11,Over
6,talk,33,5,5,Skip
6,talk,34,5,8,Skip
6,talk,35,5,7,Skip
6,talk,36,6,5,Over
6,talk,37,6,7,Over
6,talk,38,6,11,Over
6,talk,39,6,8,Over
6,talk,40,6,15,Over
6,talk,41,6,1,Over
6,vote,1,11
6,vote,5,1
6,vote,7,1
6,vote,8,1
6,vote,11,15
6,vote,15,5
6,execute,1,WEREWOLF
6,guard,8,11,POSSESSED
7,status,1,WEREWOLF,DEAD,wolf1
7,status,2,MEDIUM,DEAD,SampleRoleAssignPlayer
7,status,3,VILLAGER,DEAD,SampleRoleAssignPlayer
7,status,4,VILLAGER,DEAD,SampleRoleAssignPlayer
7,status,5,VILLAGER,ALIVE,SampleRoleAssignPlayer
7,status,6,VILLAGER,DEAD,SampleRoleAssignPlayer
7,status,7,VILLAGER,ALIVE,SampleRoleAssignPlayer
7,status,8,BODYGUARD,ALIVE,SampleRoleAssignPlayer
7,status,9,VILLAGER,DEAD,SampleRoleAssignPlayer
7,status,10,VILLAGER,DEAD,SampleRoleAssignPlayer
7,status,11,POSSESSED,ALIVE,SampleRoleAssignPlayer
7,status,12,VILLAGER,DEAD,SampleRoleAssignPlayer
7,status,13,WEREWOLF,DEAD,SampleRoleAssignPlayer
7,status,14,SEER,DEAD,SampleRoleAssignPlayer
7,status,15,WEREWOLF,ALIVE,SampleRoleAssignPlayer
7,talk,0,0,11,DIVINED Agent[05] HUMAN
7,talk,1,0,15,VOTE Agent[07]
7,talk,2,0,7,VOTE Agent[08]
7,talk,3,0,8,VOTE Agent[11]
7,talk,4,0,5,VOTE Agent[11]
7,talk,5,1,5,Skip
7,talk,6,1,8,Skip
7,talk,7,1,7,Skip
7,talk,8,1,11,VOTE Agent[01]
7,talk,9,1,15,REQUEST(VOTE Agent[07])
7,talk,10,2,8,Skip
7,talk,11,2,5,Skip
7,talk,12,2,7,Skip
7,talk,13,2,15,Skip
7,talk,14,2,11,REQUEST(VOTE Agent[01])
7,talk,15,3,11,Skip
7,talk,16,3,7,Over
7,talk,17,3,8,Over
7,talk,18,3,15,Skip
7,talk,19,3,5,Over
7,talk,20,4,5,Over
7,talk,21,4,8,Over
7,talk,22,4,15,Over
7,talk,23,4,7,Over
7,talk,24,4,11,Skip
7,talk,25,5,5,Over
7,talk,26,5,8,Over
7,talk,27,5,7,Over
7,talk,28,5,15,Over
7,talk,29,5,11,Over
7,vote,5,11
7,vote,7,8
7,vote,8,11
7,vote,11,15
7,vote,15,7
7,execute,11,POSSESSED
7,guard,8,11,POSSESSED
7,attackVote,15,5
7,attack,5,true
8,status,1,WEREWOLF,DEAD,wolf1
8,status,2,MEDIUM,DEAD,SampleRoleAssignPlayer
8,status,3,VILLAGER,DEAD,SampleRoleAssignPlayer
8,status,4,VILLAGER,DEAD,SampleRoleAssignPlayer
8,status,5,VILLAGER,DEAD,SampleRoleAssignPlayer
8,status,6,VILLAGER,DEAD,SampleRoleAssignPlayer
8,status,7,VILLAGER,ALIVE,SampleRoleAssignPlayer
8,status,8,BODYGUARD,ALIVE,SampleRoleAssignPlayer
8,status,9,VILLAGER,DEAD,SampleRoleAssignPlayer
8,status,10,VILLAGER,DEAD,SampleRoleAssignPlayer
8,status,11,POSSESSED,DEAD,SampleRoleAssignPlayer
8,status,12,VILLAGER,DEAD,SampleRoleAssignPlayer
8,status,13,WEREWOLF,DEAD,SampleRoleAssignPlayer
8,status,14,SEER,DEAD,SampleRoleAssignPlayer
8,status,15,WEREWOLF,ALIVE,SampleRoleAssignPlayer
8,talk,0,0,7,DISAGREE TALK day2 ID:3
8,talk,1,0,8,DISAGREE TALK day2 ID:3
8,talk,2,0,15,DIVINED Agent[05] HUMAN
8,talk,3,1,7,DISAGREE TALK day2 ID:40
8,talk,4,1,15,VOTE Agent[07]
8,talk,5,1,8,DISAGREE TALK day2 ID:40
8,talk,6,2,15,REQUEST(VOTE Agent[07])
8,talk,7,2,8,DISAGREE TALK day3 ID:37
8,talk,8,2,7,DISAGREE TALK day3 ID:37
8,talk,9,3,7,DISAGREE TALK day3 ID:41
8,talk,10,3,15,Skip
8,talk,11,3,8,DISAGREE TALK day3 ID:41
8,talk,12,4,7,DISAGREE TALK day3 ID:42
8,talk,13,4,15,Skip
8,talk,14,4,8,DISAGREE TALK day3 ID:42
8,talk,15,5,7,AGREE TALK day3 ID:47
8,talk,16,5,8,AGREE TALK day3 ID:47
8,talk,17,5,15,Over
8,talk,18,6,8,DISAGREE TALK day4 ID:34
8,talk,19,6,7,DISAGREE TALK day4 ID:34
8,talk,20,6,15,Over
8,talk,21,7,15,Over
8,talk,22,7,7,DISAGREE TALK day5 ID:28
8,talk,23,7,8,DISAGREE TALK day5 ID:28
8,talk,24,8,7,DISAGREE TALK day5 ID:60
8,talk,25,8,15,Over
8,talk,26,8,8,DISAGREE TALK day5 ID:60
8,talk,27,9,8,DISAGREE TALK day6 ID:27
8,talk,28,9,7,DISAGREE TALK day6 ID:27
8,talk,29,9,15,Over
8,talk,30,10,15,Over
8,talk,31,10,8,Over
8,talk,32,10,7,Over
8,vote,7,15
8,vote,8,15
8,vote,15,7
8,execute,15,WEREWOLF
8,guard,8,15,WEREWOLF
8,attack,8,true
9,status,1,WEREWOLF,DEAD,wolf1
9,status,2,MEDIUM,DEAD,SampleRoleAssignPlayer
9,status,3,VILLAGER,DEAD,SampleRoleAssignPlayer
9,status,4,VILLAGER,DEAD,SampleRoleAssignPlayer
9,status,5,VILLAGER,DEAD,SampleRoleAssignPlayer
9,status,6,VILLAGER,DEAD,SampleRoleAssignPlayer
9,status,7,VILLAGER,ALIVE,SampleRoleAssignPlayer
9,status,8,BODYGUARD,DEAD,SampleRoleAssignPlayer
9,status,9,VILLAGER,DEAD,SampleRoleAssignPlayer
9,status,10,VILLAGER,DEAD,SampleRoleAssignPlayer
9,status,11,POSSESSED,DEAD,SampleRoleAssignPlayer
9,status,12,VILLAGER,DEAD,SampleRoleAssignPlayer
9,status,13,WEREWOLF,DEAD,SampleRoleAssignPlayer
9,status,14,SEER,DEAD,SampleRoleAssignPlayer
9,status,15,WEREWOLF,DEAD,SampleRoleAssignPlayer
9,result,1,0,VILLAGER
