0,status,1,WEREWOLF,ALIVE,wolf1
0,status,2,VILLAGER,ALIVE,SampleRoleAssignPlayer
0,status,3,VILLAGER,ALIVE,SampleRoleAssignPlayer
0,status,4,POSSESSED,ALIVE,SampleRoleAssignPlayer
0,status,5,VILLAGER,ALIVE,SampleRoleAssignPlayer
0,status,6,VILLAGER,ALIVE,SampleRoleAssignPlayer
0,status,7,WEREWOLF,ALIVE,SampleRoleAssignPlayer
0,status,8,VILLAGER,ALIVE,SampleRoleAssignPlayer
0,status,9,VILLAGER,ALIVE,SampleRoleAssignPlayer
0,status,10,VILLAGER,ALIVE,SampleRoleAssignPlayer
0,status,11,BODYGUARD,ALIVE,SampleRoleAssignPlayer
0,status,12,VILLAGER,ALIVE,SampleRoleAssignPlayer
0,status,13,WEREWOLF,ALIVE,SampleRoleAssignPlayer
0,status,14,MEDIUM,ALIVE,SampleRoleAssignPlayer
0,status,15,SEER,ALIVE,SampleRoleAssignPlayer
0,whisper,0,0,13,COMINGOUT Agent[13] MEDIUM
0,whisper,1,0,1,COMINGOUT Agent[01] SEER
0,whisper,2,0,7,COMINGOUT Agent[07] MEDIUM
0,whisper,3,1,7,Skip
0,whisper,4,1,1,ATTACK Agent[02]
0,whisper,5,1,13,COMINGOUT Agent[13] VILLAGER
0,whisper,6,2,13,Skip
0,whisper,7,2,7,Skip
0,whisper,8,2,1,Over
0,whisper,9,3,7,Over
0,whisper,10,3,1,Over
0,whisper,11,3,13,Skip
0,whisper,12,4,13,Over
0,whisper,13,4,1,Over
0,whisper,14,4,7,Over
0,divine,15,14,HUMAN
1,status,1,WEREWOLF,ALIVE,wolf1
1,status,2,VILLAGER,ALIVE,SampleRoleAssignPlayer
1,status,3,VILLAGER,ALIVE,SampleRoleAssignPlayer
1,status,4,POSSESSED,ALIVE,SampleRoleAssignPlayer
1,status,5,VILLAGER,ALIVE,SampleRoleAssignPlayer
1,status,6,VILLAGER,ALIVE,SampleRoleAssignPlayer
1,status,7,WEREWOLF,ALIVE,SampleRoleAssignPlayer
1,status,8,VILLAGER,ALIVE,SampleRoleAssignPlayer
1,status,9,VILLAGER,ALIVE,SampleRoleAssignPlayer
1,status,10,VILLAGER,ALIVE,SampleRoleAssignPlayer
1,status,11,BODYGUARD,ALIVE,SampleRoleAssignPlayer
1,status,12,VILLAGER,ALIVE,SampleRoleAssignPlayer
1,status,13,WEREWOLF,ALIVE,SampleRoleAssignPlayer
1,status,14,MEDIUM,ALIVE,SampleRoleAssignPlayer
1,status,15,SEER,ALIVE,SampleRoleAssignPlayer
1,talk,0,0,11,VOTE Agent[14]
1,talk,1,0,2,VOTE Agent[01]
1,talk,2,0,9,VOTE Agent[03]
1,talk,3,0,13,VOTE Agent[05]
1,talk,4,0,4,COMINGOUT Agent[04] SEER
1,talk,5,0,14,COMINGOUT Agent[14] MEDIUM
1,talk,6,0,6,VOTE Agent[07]
1,talk,7,0,15,COMINGOUT Agent[15] SEER
1,talk,8,0,7,VOTE Agent[09]
1,talk,9,0,8,VOTE Agent[13]
1,talk,10,0,3,VOTE Agent[09]
1,talk,11,0,5,VOTE Agent[02]
1,talk,12,0,1,COMINGOUT Agent[01] SEER
1,talk,13,0,12,VOTE Agent[13]
1,talk,14,0,10,VOTE Agent[14]
1,talk,15,1,1,DIVINED Agent[06] HUMAN
1,talk,16,1,8,Skip
1,talk,17,1,15,DIVINED Agent[14] HUMAN
1,talk,18,1,13,REQUEST(VOTE Agent[05])
1,talk,19,1,6,Skip
1,talk,20,1,4,DIVINED Agent[12] HUMAN
1,talk,21,1,11,Skip
1,talk,22,1,9,Skip
1,talk,23,1,5,Skip
1,talk,24,1,7,REQUEST(VOTE Agent[09])
1,talk,25,1,14,VOTE Agent[11]
1,talk,26,1,3,Skip
1,talk,27,1,10,Skip
1,talk,28,1,2,Skip
1,talk,29,1,12,Skip
1,talk,30,2,15,ESTIMATE Agent[01] WEREWOLF
1,talk,31,2,3,ESTIMATE Agent[01] SEER
1,talk,32,2,12,ESTIMATE Agent[01] SEER
1,talk,33,2,2,ESTIMATE Agent[04] SEER
1,talk,34,2,10,ESTIMATE Agent[15] SEER
1,talk,35,2,5,ESTIMATE Agent[04] SEER
1,talk,36,2,7,VOTE Agent[14]
1,talk,37,2,11,ESTIMATE Agent[04] SEER
1,talk,38,2,9,ESTIMATE Agent[01] SEER
1,talk,39,2,8,ESTIMATE Agent[04] SEER
1,talk,40,2,1,VOTE Agent[09]
1,talk,41,2,14,ESTIMATE Agent[04] SEER
1,talk,42,2,4,REQUEST(VOTE Agent[13])
1,talk,43,2,6,ESTIMATE Agent[04] SEER
1,talk,44,2,13,Skip
1,talk,45,3,12,Skip
1,talk,46,3,2,Skip
1,talk,47,3,14,Skip
1,talk,48,3,8,Skip
1,talk,49,3,5,Skip
1,talk,50,3,1,ESTIMATE Agent[04] WEREWOLF
1,talk,51,3,15,VOTE Agent[01]
1,talk,52,3,10,Skip
1,talk,53,3,7,REQUEST(VOTE Agent[14])
1,talk,54,3,3,Skip
1,talk,55,3,9,Skip
1,talk,56,3,13,Skip
1,talk,57,3,6,Skip
1,talk,58,3,4,VOTE Agent[01]
1,talk,59,3,11,Skip
1,talk,60,4,1,ESTIMATE Agent[08] WEREWOLF
1,talk,61,4,10,Skip
1,talk,62,4,15,Skip
1,talk,63,4,4,REQUEST(VOTE Agent[01])
1,talk,64,4,11,Skip
1,talk,65,4,13,Over
1,talk,66,4,6,Skip
1,talk,67,4,12,Skip
1,talk,68,4,2,Skip
1,talk,69,4,3,Skip
1,talk,70,4,7,COMINGOUT Agent[07] MEDIUM
1,talk,71,4,8,Skip
1,talk,72,4,14,Skip
1,talk,73,4,9,Skip
1,talk,74,4,5,Skip
1,talk,75,5,10,Over
1,talk,76,5,5,Over
1,talk,77,5,7,Skip
1,talk,78,5,3,Over
1,talk,79,5,11,Over
1,talk,80,5,8,Over
1,talk,81,5,4,Skip
1,talk,82,5,12,Over
1,talk,83,5,13,Over
1,talk,84,5,14,ESTIMATE Agent[07] WEREWOLF
1,talk,85,5,2,Over
1,talk,86,5,15,Skip
1,talk,87,5,1,ESTIMATE Agent[12] WEREWOLF
1,talk,88,5,6,Over
1,talk,89,5,9,Over
1,talk,90,6,14,REQUEST(Agent[04] DIVINATION Agent[07])
1,talk,91,6,10,Over
1,talk,92,6,8,Over
1,talk,93,6,13,Over
1,talk,94,6,7,Skip
1,talk,95,6,2,Over
1,talk,96,6,3,Over
1,talk,97,6,4,Skip
1,talk,98,6,1,VOTE Agent[07]
1,talk,99,6,6,Over
1,talk,100,6,12,Over
1,talk,101,6,11,Over
1,talk,102,6,15,Over
1,talk,103,6,5,Over
1,talk,104,6,9,Over
1,talk,105,7,4,Over
1,talk,106,7,14,VOTE Agent[07]
1,talk,107,7,7,Over
1,talk,108,7,6,Over
1,talk,109,7,2,Over
1,talk,110,7,9,Over
1,talk,111,7,10,Over
1,talk,112,7,8,Over
1,talk,113,7,3,Over
1,talk,114,7,5,Over
1,talk,115,7,1,ESTIMATE Agent[14] WEREWOLF
1,talk,116,7,13,Over
1,talk,117,7,12,Over
1,talk,118,7,15,Over
1,talk,119,7,11,Over
1,talk,120,8,15,Over
1,talk,121,8,11,Over
1,talk,122,8,4,Over
1,talk,123,8,2,Over
1,talk,124,8,1,ESTIMATE Agent[06] VILLAGER
1,talk,125,8,14,Skip
1,talk,126,8,12,Over
1,talk,127,8,13,Over
1,talk,128,8,7,Over
1,talk,129,8,10,Over
1,talk,130,8,6,Over
1,talk,131,8,8,Over
1,talk,132,8,9,Over
1,talk,133,8,3,Over
1,talk,134,8,5,Over
1,talk,135,9,6,Over
1,talk,136,9,13,Over
1,talk,137,9,1,Over
1,talk,138,9,5,Over
1,talk,139,9,8,Over
1,talk,140,9,2,Over
1,talk,141,9,11,Over
1,talk,142,9,3,Over
1,talk,143,9,12,Over
1,talk,144,9,9,Over
1,talk,145,9,14,Skip
1,talk,146,9,15,Over
1,talk,147,9,10,Over
1,talk,148,9,4,Over
1,talk,149,9,7,Over
1,talk,150,10,2,Over
1,talk,151,10,4,Over
1,talk,152,10,9,Over
1,talk,153,10,13,Over
1,talk,154,10,15,Over
1,talk,155,10,11,Over
1,talk,156,10,3,Over
1,talk,157,10,8,Over
1,talk,158,10,7,Over
1,talk,159,10,10,Over
1,talk,160,10,12,Over
1,talk,161,10,6,Over
1,talk,162,10,5,Over
1,talk,163,10,1,Over
1,talk,164,10,14,Over
1,vote,1,7
1,vote,2,1
1,vote,3,9
1,vote,4,1
1,vote,5,2
1,vote,6,7
1,vote,7,14
1,vote,8,13
1,vote,9,3
1,vote,10,14
1,vote,11,14
1,vote,12,13
1,vote,13,5
1,vote,14,7
1,vote,15,1
1,vote,1,7
1,vote,2,1
1,vote,3,7
1,vote,4,1
1,vote,5,7
1,vote,6,7
1,vote,7,14
1,vote,8,7
1,vote,9,14
1,vote,10,14
1,vote,11,14
1,vote,12,7
1,vote,13,14
1,vote,14,7
1,vote,15,1
1,execute,7,WEREWOLF
1,divine,15,1,WEREWOLF
1,whisper,0,0,13,ATTACK Agent[15]
1,whisper,1,0,1,ATTACK Agent[04]
1,whisper,2,1,1,Over
1,whisper,3,1,13,REQUEST(ATTACK Agent[15])
1,whisper,4,2,13,Skip
1,whisper,5,2,1,Over
1,whisper,6,3,13,Skip
1,whisper,7,3,1,Over
1,whisper,8,4,13,Over
1,whisper,9,4,1,Over
1,guard,11,4,POSSESSED
1,attackVote,1,4
1,attackVote,13,15
1,attackVote,1,4
1,attackVote,13,15
1,attack,15,true
2,status,1,WEREWOLF,ALIVE,wolf1
2,status,2,VILLAGER,ALIVE,SampleRoleAssignPlayer
2,status,3,VILLAGER,ALIVE,SampleRoleAssignPlayer
2,status,4,POSSESSED,ALIVE,SampleRoleAssignPlayer
2,status,5,VILLAGER,ALIVE,SampleRoleAssignPlayer
2,status,6,VILLAGER,ALIVE,SampleRoleAssignPlayer
2,status,7,WEREWOLF,DEAD,SampleRoleAssignPlayer
2,status,8,VILLAGER,ALIVE,SampleRoleAssignPlayer
2,status,9,VILLAGER,ALIVE,SampleRoleAssignPlayer
2,status,10,VILLAGER,ALIVE,SampleRoleAssignPlayer
2,status,11,BODYGUARD,ALIVE,SampleRoleAssignPlayer
2,status,12,VILLAGER,ALIVE,SampleRoleAssignPlayer
2,status,13,WEREWOLF,ALIVE,SampleRoleAssignPlayer
2,status,14,MEDIUM,ALIVE,SampleRoleAssignPlayer
2,status,15,SEER,DEAD,SampleRoleAssignPlayer
2,talk,0,0,13,VOTE Agent[10]
2,talk,1,0,4,DIVINED Agent[06] WEREWOLF
2,talk,2,0,3,VOTE Agent[05]
2,talk,3,0,2,VOTE Agent[12]
2,talk,4,0,12,VOTE Agent[10]
2,talk,5,0,11,VOTE Agent[02]
2,talk,6,0,8,VOTE Agent[11]
2,talk,7,0,6,VOTE Agent[02]
2,talk,8,0,10,AGREE TALK day1 ID:33
2,talk,9,0,5,VOTE Agent[02]
2,talk,10,0,14,IDENTIFIED Agent[07] WEREWOLF
2,talk,11,0,9,VOTE Agent[14]
2,talk,12,0,1,DIVINED Agent[08] HUMAN
2,talk,13,1,4,VOTE Agent[06]
2,talk,14,1,9,DISAGREE TALK day1 ID:124
2,talk,15,1,1,VOTE Agent[14]
2,talk,16,1,13,REQUEST(VOTE Agent[10])
2,talk,17,1,2,DISAGREE TALK day1 ID:124
2,talk,18,1,10,AGREE TALK day1 ID:35
2,talk,19,1,8,DISAGREE TALK day1 ID:124
2,talk,20,1,3,DISAGREE TALK day1 ID:124
2,talk,21,1,11,DISAGREE TALK day1 ID:124
2,talk,22,1,6,DISAGREE TALK day1 ID:30
2,talk,23,1,14,DISAGREE TALK day1 ID:124
2,talk,24,1,5,DISAGREE TALK day1 ID:124
2,talk,25,1,12,DISAGREE TALK day1 ID:124
2,talk,26,2,8,ESTIMATE Agent[06] WEREWOLF
2,talk,27,2,13,Skip
2,talk,28,2,4,REQUEST(VOTE Agent[06])
2,talk,29,2,12,ESTIMATE Agent[06] WEREWOLF
2,talk,30,2,5,ESTIMATE Agent[06] WEREWOLF
2,talk,31,2,3,ESTIMATE Agent[06] WEREWOLF
2,talk,32,2,2,ESTIMATE Agent[06] WEREWOLF
2,talk,33,2,10,AGREE TALK day1 ID:37
2,talk,34,2,6,AGREE TALK day1 ID:31
2,talk,35,2,9,ESTIMATE Agent[06] WEREWOLF
2,talk,36,2,11,ESTIMATE Agent[06] WEREWOLF
2,talk,37,2,1,ESTIMATE Agent[02] WEREWOLF
2,talk,38,2,14,ESTIMATE Agent[06] WEREWOLF
2,talk,39,3,14,REQUEST(Agent[04] DIVINATION Agent[06])
2,talk,40,3,11,REQUEST(Agent[04] DIVINATION Agent[06])
2,talk,41,3,12,REQUEST(Agent[01] DIVINATION Agent[06])
2,talk,42,3,2,REQUEST(Agent[04] DIVINATION Agent[06])
2,talk,43,3,3,REQUEST(Agent[01] DIVINATION Agent[06])
2,talk,44,3,6,AGREE TALK day1 ID:32
2,talk,45,3,10,AGREE TALK day1 ID:39
2,talk,46,3,13,Skip
2,talk,47,3,1,ESTIMATE Agent[04] WEREWOLF
2,talk,48,3,4,Skip
2,talk,49,3,9,REQUEST(Agent[01] DIVINATION Agent[06])
2,talk,50,3,8,REQUEST(Agent[04] DIVINATION Agent[06])
2,talk,51,3,5,REQUEST(Agent[04] DIVINATION Agent[06])
2,talk,52,4,14,VOTE Agent[06]
2,talk,53,4,12,VOTE Agent[06]
2,talk,54,4,10,AGREE TALK day1 ID:41
2,talk,55,4,6,AGREE TALK day1 ID:38
2,talk,56,4,1,ESTIMATE Agent[07] WEREWOLF
2,talk,57,4,3,VOTE Agent[06]
2,talk,58,4,9,VOTE Agent[06]
2,talk,59,4,8,VOTE Agent[06]
2,talk,60,4,13,Over
2,talk,61,4,5,VOTE Agent[06]
2,talk,62,4,2,VOTE Agent[06]
2,talk,63,4,4,Skip
2,talk,64,4,11,VOTE Agent[06]
2,talk,65,5,6,ESTIMATE Agent[01] SEER
2,talk,66,5,13,Over
2,talk,67,5,12,Skip
2,talk,68,5,2,Skip
2,talk,69,5,3,Skip
2,talk,70,5,4,Over
2,talk,71,5,8,Skip
2,talk,72,5,5,Skip
2,talk,73,5,14,Skip
2,talk,74,5,11,Skip
2,talk,75,5,10,AGREE TALK day1 ID:43
2,talk,76,5,1,VOTE Agent[04]
2,talk,77,5,9,Skip
2,talk,78,6,11,Skip
2,talk,79,6,12,Skip
2,talk,80,6,10,DISAGREE TALK day1 ID:50
2,talk,81,6,4,Over
2,talk,82,6,2,Skip
2,talk,83,6,5,Skip
2,talk,84,6,1,ESTIMATE Agent[06] VILLAGER
2,talk,85,6,8,Skip
2,talk,86,6,13,Over
2,talk,87,6,9,Skip
2,talk,88,6,14,Skip
2,talk,89,6,3,Skip
2,talk,90,6,6,DISAGREE TALK day1 ID:33
2,talk,91,7,9,Over
2,talk,92,7,12,Over
2,talk,93,7,10,ESTIMATE Agent[04] SEER
2,talk,94,7,6,DISAGREE TALK day1 ID:35
2,talk,95,7,13,Over
2,talk,96,7,4,Over
2,talk,97,7,2,Over
2,talk,98,7,5,Over
2,talk,99,7,14,Over
2,talk,100,7,11,Over
2,talk,101,7,1,ESTIMATE Agent[08] VILLAGER
2,talk,102,7,3,Over
2,talk,103,7,8,Over
2,talk,104,8,8,Over
2,talk,105,8,9,Over
2,talk,106,8,1,Over
2,talk,107,8,2,Over
2,talk,108,8,6,DISAGREE TALK day1 ID:37
2,talk,109,8,14,Over
2,talk,110,8,11,Over
2,talk,111,8,10,DISAGREE TALK day1 ID:124
2,talk,112,8,3,Over
2,talk,113,8,4,Over
2,talk,114,8,12,Over
2,talk,115,8,13,Over
2,talk,116,8,5,Over
2,talk,117,9,5,Over
2,talk,118,9,4,Over
2,talk,119,9,8,Over
2,talk,120,9,2,Over
2,talk,121,9,10,ESTIMATE Agent[06] WEREWOLF
2,talk,122,9,11,Over
2,talk,123,9,1,Over
2,talk,124,9,13,Over
2,talk,125,9,9,Over
2,talk,126,9,14,Over
2,talk,127,9,3,Over
2,talk,128,9,6,DISAGREE TALK day1 ID:39
2,talk,129,9,12,Over
2,talk,130,10,13,Over
2,talk,131,10,3,Over
2,talk,132,10,10,Over
2,talk,133,10,11,Over
2,talk,134,10,1,Over
2,talk,135,10,9,Over
2,talk,136,10,14,Over
2,talk,137,10,5,Over
2,talk,138,10,12,Over
2,talk,139,10,2,Over
2,talk,140,10,6,Over
2,talk,141,10,8,Over
2,talk,142,10,4,Over
2,vote,1,4
2,vote,2,6
2,vote,3,6
2,vote,4,6
2,vote,5,6
2,vote,6,4
2,vote,8,6
2,vote,9,6
2,vote,10,6
2,vote,11,6
2,vote,12,6
2,vote,13,10
2,vote,14,6
2,execute,6,VILLAGER
2,whisper,0,0,13,ESTIMATE Agent[04] POSSESSED
2,whisper,1,0,1,ATTACK Agent[12]
2,whisper,2,1,1,Over
2,whisper,3,1,13,ATTACK Agent[14]
2,whisper,4,2,1,Over
2,whisper,5,2,13,REQUEST(ATTACK Agent[14])
2,whisper,6,3,1,Over
2,whisper,7,3,13,Skip
2,whisper,8,4,13,Skip
2,whisper,9,4,1,Over
2,whisper,10,5,13,Over
2,whisper,11,5,1,Over
2,guard,11,4,POSSESSED
2,attackVote,1,12
2,attackVote,13,14
2,attackVote,1,12
2,attackVote,13,14
2,attack,14,true
3,status,1,WEREWOLF,ALIVE,wolf1
3,status,2,VILLAGER,ALIVE,SampleRoleAssignPlayer
3,status,3,VILLAGER,ALIVE,SampleRoleAssignPlayer
3,status,4,POSSESSED,ALIVE,SampleRoleAssignPlayer
3,status,5,VILLAGER,ALIVE,SampleRoleAssignPlayer
3,status,6,VILLAGER,DEAD,SampleRoleAssignPlayer
3,status,7,WEREWOLF,DEAD,SampleRoleAssignPlayer
3,status,8,VILLAGER,ALIVE,SampleRoleAssignPlayer
3,status,9,VILLAGER,ALIVE,SampleRoleAssignPlayer
3,status,10,VILLAGER,ALIVE,SampleRoleAssignPlayer
3,status,11,BODYGUARD,ALIVE,SampleRoleAssignPlayer
3,status,12,VILLAGER,ALIVE,SampleRoleAssignPlayer
3,status,13,WEREWOLF,ALIVE,SampleRoleAssignPlayer
3,status,14,MEDIUM,DEAD,SampleRoleAssignPlayer
3,status,15,SEER,DEAD,SampleRoleAssignPlayer
3,talk,0,0,13,VOTE Agent[11]
3,talk,1,0,5,VOTE Agent[01]
3,talk,2,0,11,VOTE Agent[10]
3,talk,3,0,10,VOTE Agent[13]
3,talk,4,0,3,VOTE Agent[12]
3,talk,5,0,2,VOTE Agent[13]
3,talk,6,0,4,DIVINED Agent[02] HUMAN
3,talk,7,0,8,VOTE Agent[12]
3,talk,8,0,9,VOTE Agent[02]
3,talk,9,0,12,VOTE Agent[08]
3,talk,10,0,1,DIVINED Agent[02] HUMAN
3,talk,11,1,8,Skip
3,talk,12,1,1,VOTE Agent[04]
3,talk,13,1,4,VOTE Agent[06]
3,talk,14,1,13,REQUEST(VOTE Agent[11])
3,talk,15,1,3,Skip
3,talk,16,1,10,Skip
3,talk,17,1,5,Skip
3,talk,18,1,9,Skip
3,talk,19,1,12,Skip
3,talk,20,1,11,Skip
3,talk,21,1,2,Skip
3,talk,22,2,2,Skip
3,talk,23,2,9,Skip
3,talk,24,2,12,Skip
3,talk,25,2,8,Skip
3,talk,26,2,3,Skip
3,talk,27,2,4,REQUEST(VOTE Agent[06])
3,talk,28,2,11,Skip
3,talk,29,2,5,Skip
3,talk,30,2,13,Skip
3,talk,31,2,1,ESTIMATE Agent[04] WEREWOLF
3,talk,32,2,10,Skip
3,talk,33,3,5,Over
3,talk,34,3,12,Over
3,talk,35,3,4,Skip
3,talk,36,3,13,Skip
3,talk,37,3,3,Over
3,talk,38,3,11,Over
3,talk,39,3,1,ESTIMATE Agent[07] WEREWOLF
3,talk,40,3,10,Over
3,talk,41,3,2,Over
3,talk,42,3,8,Over
3,talk,43,3,9,Over
3,talk,44,4,1,ESTIMATE Agent[09] WEREWOLF
3,talk,45,4,3,Over
3,talk,46,4,2,Over
3,talk,47,4,9,Over
3,talk,48,4,4,Skip
3,talk,49,4,5,Over
3,talk,50,4,8,Over
3,talk,51,4,11,Over
3,talk,52,4,12,Over
3,talk,53,4,10,Over
3,talk,54,4,13,Over
3,talk,55,5,11,Over
3,talk,56,5,13,Over
3,talk,57,5,3,Over
3,talk,58,5,2,Over
3,talk,59,5,8,Over
3,talk,60,5,10,Over
3,talk,61,5,1,ESTIMATE Agent[02] VILLAGER
3,talk,62,5,4,Over
3,talk,63,5,5,Over
3,talk,64,5,12,Over
3,talk,65,5,9,Over
3,talk,66,6,9,Over
3,talk,67,6,2,Over
3,talk,68,6,10,Over
3,talk,69,6,11,Over
3,talk,70,6,3,Over
3,talk,71,6,1,ESTIMATE Agent[08] VILLAGER
3,talk,72,6,8,Over
3,talk,73,6,5,Over
3,talk,74,6,13,Over
3,talk,75,6,4,Over
3,talk,76,6,12,Over
3,talk,77,7,10,Over
3,talk,78,7,5,Over
3,talk,79,7,2,Over
3,talk,80,7,9,Over
3,talk,81,7,4,Over
3,talk,82,7,3,Over
3,talk,83,7,8,Over
3,talk,84,7,13,Over
3,talk,85,7,1,Over
3,talk,86,7,12,Over
3,talk,87,7,11,Over
3,vote,1,4
3,vote,2,13
3,vote,3,12
3,vote,4,9
3,vote,5,1
3,vote,8,12
3,vote,9,2
3,vote,10,13
3,vote,11,10
3,vote,12,8
3,vote,13,11
3,vote,1,4
3,vote,2,13
3,vote,3,12
3,vote,4,12
3,vote,5,13
3,vote,8,12
3,vote,9,13
3,vote,10,13
3,vote,11,12
3,vote,12,8
3,vote,13,12
3,execute,12,VILLAGER
3,whisper,0,0,1,ATTACK Agent[02]
3,whisper,1,0,13,ATTACK Agent[08]
3,whisper,2,1,13,REQUEST(ATTACK Agent[08])
3,whisper,3,1,1,Over
3,whisper,4,2,13,Skip
3,whisper,5,2,1,Over
3,whisper,6,3,13,Skip
3,whisper,7,3,1,Over
3,whisper,8,4,1,Over
3,whisper,9,4,13,Over
3,guard,11,4,POSSESSED
3,attackVote,1,2
3,attackVote,13,8
3,attackVote,1,2
3,attackVote,13,8
3,attack,2,true
4,status,1,WEREWOLF,ALIVE,wolf1
4,status,2,VILLAGER,DEAD,SampleRoleAssignPlayer
4,status,3,VILLAGER,ALIVE,SampleRoleAssignPlayer
4,status,4,POSSESSED,ALIVE,SampleRoleAssignPlayer
4,status,5,VILLAGER,ALIVE,SampleRoleAssignPlayer
4,status,6,VILLAGER,DEAD,SampleRoleAssignPlayer
4,status,7,WEREWOLF,DEAD,SampleRoleAssignPlayer
4,status,8,VILLAGER,ALIVE,SampleRoleAssignPlayer
4,status,9,VILLAGER,ALIVE,SampleRoleAssignPlayer
4,status,10,VILLAGER,ALIVE,SampleRoleAssignPlayer
4,status,11,BODYGUARD,ALIVE,SampleRoleAssignPlayer
4,status,12,VILLAGER,DEAD,SampleRoleAssignPlayer
4,status,13,WEREWOLF,ALIVE,SampleRoleAssignPlayer
4,status,14,MEDIUM,DEAD,SampleRoleAssignPlayer
4,status,15,SEER,DEAD,SampleRoleAssignPlayer
4,talk,0,0,13,VOTE Agent[09]
4,talk,1,0,5,VOTE Agent[09]
4,talk,2,0,10,VOTE Agent[13]
4,talk,3,0,3,VOTE Agent[01]
4,talk,4,0,1,DIVINED Agent[09] HUMAN
4,talk,5,0,11,VOTE Agent[10]
4,talk,6,0,4,DIVINED Agent[11] WEREWOLF
4,talk,7,0,8,VOTE Agent[13]
4,talk,8,0,9,VOTE Agent[01]
4,talk,9,1,5,ESTIMATE Agent[11] WEREWOLF
4,talk,10,1,9,ESTIMATE Agent[11] WEREWOLF
4,talk,11,1,4,VOTE Agent[11]
4,talk,12,1,1,VOTE Agent[04]
4,talk,13,1,8,ESTIMATE Agent[11] WEREWOLF
4,talk,14,1,13,REQUEST(VOTE Agent[09])
4,talk,15,1,3,ESTIMATE Agent[11] WEREWOLF
4,talk,16,1,10,ESTIMATE Agent[11] WEREWOLF
4,talk,17,1,11,DISAGREE TALK day1 ID:30
4,talk,18,2,10,REQUEST(Agent[04] DIVINATION Agent[11])
4,talk,19,2,11,AGREE TALK day1 ID:31
4,talk,20,2,5,REQUEST(Agent[04] DIVINATION Agent[11])
4,talk,21,2,9,REQUEST(Agent[01] DIVINATION Agent[11])
4,talk,22,2,4,REQUEST(VOTE Agent[11])
4,talk,23,2,13,Skip
4,talk,24,2,8,REQUEST(Agent[04] DIVINATION Agent[11])
4,talk,25,2,1,ESTIMATE Agent[04] WEREWOLF
4,talk,26,2,3,REQUEST(Agent[01] DIVINATION Agent[11])
4,talk,27,3,10,VOTE Agent[11]
4,talk,28,3,13,Skip
4,talk,29,3,8,VOTE Agent[11]
4,talk,30,3,4,Skip
4,talk,31,3,5,VOTE Agent[11]
4,talk,32,3,9,VOTE Agent[11]
4,talk,33,3,11,AGREE TALK day1 ID:32
4,talk,34,3,1,ESTIMATE Agent[07] WEREWOLF
4,talk,35,3,3,VOTE Agent[11]
4,talk,36,4,1,ESTIMATE Agent[10] WEREWOLF
4,talk,37,4,10,Skip
4,talk,38,4,13,Over
4,talk,39,4,3,Skip
4,talk,40,4,8,Skip
4,talk,41,4,4,Skip
4,talk,42,4,5,Skip
4,talk,43,4,11,AGREE TALK day1 ID:38
4,talk,44,4,9,Skip
4,talk,45,5,5,Skip
4,talk,46,5,3,Skip
4,talk,47,5,13,Over
4,talk,48,5,10,Skip
4,talk,49,5,8,Skip
4,talk,50,5,1,ESTIMATE Agent[08] VILLAGER
4,talk,51,5,4,Over
4,talk,52,5,11,AGREE TALK day2 ID:65
4,talk,53,5,9,Skip
4,talk,54,6,5,Over
4,talk,55,6,9,Over
4,talk,56,6,8,Over
4,talk,57,6,1,ESTIMATE Agent[09] VILLAGER
4,talk,58,6,4,Over
4,talk,59,6,13,Over
4,talk,60,6,10,Over
4,talk,61,6,11,ESTIMATE Agent[01] SEER
4,talk,62,6,3,Over
4,talk,63,7,4,Over
4,talk,64,7,8,Over
4,talk,65,7,3,Over
4,talk,66,7,9,Over
4,talk,67,7,5,Over
4,talk,68,7,10,Over
4,talk,69,7,11,DISAGREE TALK day1 ID:33
4,talk,70,7,1,Over
4,talk,71,7,13,Over
4,talk,72,8,13,Over
4,talk,73,8,9,Over
4,talk,74,8,1,Over
4,talk,75,8,8,Over
4,talk,76,8,5,Over
4,talk,77,8,3,Over
4,talk,78,8,4,Over
4,talk,79,8,11,DISAGREE TALK day1 ID:35
4,talk,80,8,10,Over
4,talk,81,9,10,Over
4,talk,82,9,9,Over
4,talk,83,9,4,Over
4,talk,84,9,5,Over
4,talk,85,9,8,Over
4,talk,86,9,1,Over
4,talk,87,9,11,DISAGREE TALK day1 ID:37
4,talk,88,9,3,Over
4,talk,89,9,13,Over
4,talk,90,10,3,Over
4,talk,91,10,4,Over
4,talk,92,10,8,Over
4,talk,93,10,1,Over
4,talk,94,10,10,Over
4,talk,95,10,9,Over
4,talk,96,10,13,Over
4,talk,97,10,5,Over
4,talk,98,10,11,Over
4,vote,1,4
4,vote,3,11
4,vote,4,11
4,vote,5,11
4,vote,8,11
4,vote,9,11
4,vote,10,11
4,vote,11,4
4,vote,13,9
4,execute,11,BODYGUARD
4,whisper,0,0,13,ATTACK Agent[10]
4,whisper,1,0,1,ATTACK Agent[03]
4,whisper,2,1,13,REQUEST(ATTACK Agent[10])
4,whisper,3,1,1,Over
4,whisper,4,2,13,Skip
4,whisper,5,2,1,Over
4,whisper,6,3,1,Over
4,whisper,7,3,13,Skip
4,whisper,8,4,1,Over
4,whisper,9,4,13,Over
4,attackVote,1,3
4,attackVote,13,10
4,attackVote,1,3
4,attackVote,13,10
4,attack,3,true
5,status,1,WEREWOLF,ALIVE,wolf1
5,status,2,VILLAGER,DEAD,SampleRoleAssignPlayer
5,status,3,VILLAGER,DEAD,SampleRoleAssignPlayer
5,status,4,POSSESSED,ALIVE,SampleRoleAssignPlayer
5,status,5,VILLAGER,ALIVE,SampleRoleAssignPlayer
5,status,6,VILLAGER,DEAD,SampleRoleAssignPlayer
5,status,7,WEREWOLF,DEAD,SampleRoleAssignPlayer
5,status,8,VILLAGER,ALIVE,SampleRoleAssignPlayer
5,status,9,VILLAGER,ALIVE,SampleRoleAssignPlayer
5,status,10,VILLAGER,ALIVE,SampleRoleAssignPlayer
5,status,11,BODYGUARD,DEAD,SampleRoleAssignPlayer
5,status,12,VILLAGER,DEAD,SampleRoleAssignPlayer
5,status,13,WEREWOLF,ALIVE,SampleRoleAssignPlayer
5,status,14,MEDIUM,DEAD,SampleRoleAssignPlayer
5,status,15,SEER,DEAD,SampleRoleAssignPlayer
5,talk,0,0,13,VOTE Agent[08]
5,talk,1,0,4,DIVINED Agent[08] WEREWOLF
5,talk,2,0,1,DIVINED Agent[10] HUMAN
5,talk,3,0,9,VOTE Agent[13]
5,talk,4,0,10,VOTE Agent[05]
5,talk,5,0,5,VOTE Agent[09]
5,talk,6,0,8,VOTE Agent[04]
5,talk,7,1,9,AGREE TALK day1 ID:60
5,talk,8,1,8,DISAGREE TALK day1 ID:30
5,talk,9,1,5,AGREE TALK day1 ID:60
5,talk,10,1,4,VOTE Agent[01]
5,talk,11,1,1,VOTE Agent[04]
5,talk,12,1,10,AGREE TALK day1 ID:60
5,talk,13,1,13,REQUEST(VOTE Agent[08])
5,talk,14,2,8,AGREE TALK day1 ID:31
5,talk,15,2,13,Skip
5,talk,16,2,9,DISAGREE TALK day2 ID:101
5,talk,17,2,1,ESTIMATE Agent[04] WEREWOLF
5,talk,18,2,5,DISAGREE TALK day2 ID:101
5,talk,19,2,4,REQUEST(VOTE Agent[01])
5,talk,20,2,10,DISAGREE TALK day2 ID:101
5,talk,21,3,4,Skip
5,talk,22,3,1,ESTIMATE Agent[07] WEREWOLF
5,talk,23,3,5,DISAGREE TALK day3 ID:71
5,talk,24,3,8,AGREE TALK day1 ID:32
5,talk,25,3,13,Skip
5,talk,26,3,10,DISAGREE TALK day3 ID:71
5,talk,27,3,9,DISAGREE TALK day3 ID:71
5,talk,28,4,8,AGREE TALK day1 ID:38
5,talk,29,4,10,DISAGREE TALK day4 ID:50
5,talk,30,4,4,Skip
5,talk,31,4,9,DISAGREE TALK day4 ID:50
5,talk,32,4,5,DISAGREE TALK day4 ID:50
5,talk,33,4,13,Over
5,talk,34,4,1,ESTIMATE Agent[13] WEREWOLF
5,talk,35,5,1,ESTIMATE Agent[08] VILLAGER
5,talk,36,5,13,Over
5,talk,37,5,10,ESTIMATE Agent[08] WEREWOLF
5,talk,38,5,9,ESTIMATE Agent[08] WEREWOLF
5,talk,39,5,4,Over
5,talk,40,5,8,AGREE TALK day2 ID:65
5,talk,41,5,5,ESTIMATE Agent[08] WEREWOLF
5,talk,42,6,10,REQUEST(Agent[04] DIVINATION Agent[08])
5,talk,43,6,5,REQUEST(Agent[04] DIVINATION Agent[08])
5,talk,44,6,9,REQUEST(Agent[01] DIVINATION Agent[08])
5,talk,45,6,8,AGREE TALK day4 ID:61
5,talk,46,6,4,Over
5,talk,47,6,1,ESTIMATE Agent[09] VILLAGER
5,talk,48,6,13,Over
5,talk,49,7,13,Over
5,talk,50,7,10,VOTE Agent[08]
5,talk,51,7,9,VOTE Agent[08]
5,talk,52,7,1,ESTIMATE Agent[10] VILLAGER
5,talk,53,7,4,Over
5,talk,54,7,5,VOTE Agent[08]
5,talk,55,7,8,ESTIMATE Agent[01] SEER
5,talk,56,8,13,Over
5,talk,57,8,5,Skip
5,talk,58,8,8,Skip
5,talk,59,8,9,Skip
5,talk,60,8,1,Over
5,talk,61,8,10,Skip
5,talk,62,8,4,Over
5,talk,63,9,1,Over
5,talk,64,9,10,Skip
5,talk,65,9,9,Skip
5,talk,66,9,13,Over
5,talk,67,9,4,Over
5,talk,68,9,8,Skip
5,talk,69,9,5,Skip
5,talk,70,10,8,Over
5,talk,71,10,9,Over
5,talk,72,10,5,Over
5,talk,73,10,4,Over
5,talk,74,10,10,Over
5,talk,75,10,13,Over
5,talk,76,10,1,Over
5,vote,1,4
5,vote,4,1
5,vote,5,8
5,vote,8,4
5,vote,9,8
5,vote,10,8
5,vote,13,8
5,execute,8,VILLAGER
5,whisper,0,0,1,ATTACK Agent[05]
5,whisper,1,0,13,ATTACK Agent[05]
5,whisper,2,1,13,REQUEST(ATTACK Agent[05])
5,whisper,3,1,1,Over
5,whisper,4,2,13,Skip
5,whisper,5,2,1,Over
5,whisper,6,3,13,Skip
5,whisper,7,3,1,Over
5,whisper,8,4,1,Over
5,whisper,9,4,13,Over
5,attackVote,1,5
5,attackVote,13,5
5,attack,5,true
6,status,1,WEREWOLF,ALIVE,wolf1
6,status,2,VILLAGER,DEAD,SampleRoleAssignPlayer
6,status,3,VILLAGER,DEAD,SampleRoleAssignPlayer
6,status,4,POSSESSED,ALIVE,SampleRoleAssignPlayer
6,status,5,VILLAGER,DEAD,SampleRoleAssignPlayer
6,status,6,VILLAGER,DEAD,SampleRoleAssignPlayer
6,status,7,WEREWOLF,DEAD,SampleRoleAssignPlayer
6,status,8,VILLAGER,DEAD,SampleRoleAssignPlayer
6,status,9,VILLAGER,ALIVE,SampleRoleAssignPlayer
6,status,10,VILLAGER,ALIVE,SampleRoleAssignPlayer
6,status,11,BODYGUARD,DEAD,SampleRoleAssignPlayer
6,status,12,VILLAGER,DEAD,SampleRoleAssignPlayer
6,status,13,WEREWOLF,ALIVE,SampleRoleAssignPlayer
6,status,14,MEDIUM,DEAD,SampleRoleAssignPlayer
6,status,15,SEER,DEAD,SampleRoleAssignPlayer
6,talk,0,0,1,DIVINED Agent[04] WEREWOLF
6,talk,1,0,4,DIVINED Agent[10] HUMAN
6,talk,2,0,9,VOTE Agent[13]
6,talk,3,0,13,VOTE Agent[10]
6,talk,4,0,10,VOTE Agent[04]
6,talk,5,1,10,Skip
6,talk,6,1,9,DISAGREE TALK day1 ID:33
6,talk,7,1,13,REQUEST(VOTE Agent[10])
6,talk,8,1,4,VOTE Agent[08]
6,talk,9,1,1,VOTE Agent[10]
6,talk,10,2,13,Skip
6,talk,11,2,1,ESTIMATE Agent[04] WEREWOLF
6,talk,12,2,9,DISAGREE TALK day1 ID:35
6,talk,13,2,4,REQUEST(VOTE Agent[08])
6,talk,14,2,10,Skip
6,talk,15,3,9,DISAGREE TALK day1 ID:37
6,talk,16,3,4,Skip
6,talk,17,3,10,Over
6,talk,18,3,13,Skip
6,talk,19,3,1,ESTIMATE Agent[07] WEREWOLF
6,talk,20,4,10,Over
6,talk,21,4,9,DISAGREE TALK day1 ID:39
6,talk,22,4,4,Skip
6,talk,23,4,13,Over
6,talk,24,4,1,ESTIMATE Agent[13] WEREWOLF
6,talk,25,5,1,ESTIMATE Agent[09] VILLAGER
6,talk,26,5,9,DISAGREE TALK day1 ID:41
6,talk,27,5,10,Over
6,talk,28,5,13,Over
6,talk,29,5,4,Over
6,talk,30,6,4,Over
6,talk,31,6,1,ESTIMATE Agent[10] VILLAGER
6,talk,32,6,13,Over
6,talk,33,6,9,DISAGREE TALK day1 ID:43
6,talk,34,6,10,Over
6,talk,35,7,13,Over
6,talk,36,7,9,AGREE TALK day1 ID:50
6,talk,37,7,1,Over
6,talk,38,7,10,Over
6,talk,39,7,4,Over
6,talk,40,8,4,Over
6,talk,41,8,1,Over
6,talk,42,8,9,AGREE TALK day2 ID:47
6,talk,43,8,13,Over
6,talk,44,8,10,Over
6,talk,45,9,13,Over
6,talk,46,9,1,Over
6,talk,47,9,9,DISAGREE TALK day2 ID:93
6,talk,48,9,4,Over
6,talk,49,9,10,Over
6,talk,50,10,4,Over
6,talk,51,10,9,Over
6,talk,52,10,1,Over
6,talk,53,10,13,Over
6,talk,54,10,10,Over
6,vote,1,10
6,vote,4,10
6,vote,9,4
6,vote,10,4
6,vote,13,10
6,execute,10,VILLAGER
6,whisper,0,0,1,ATTACK Agent[09]
6,whisper,1,0,13,ATTACK Agent[09]
6,whisper,2,1,13,REQUEST(ATTACK Agent[09])
6,whisper,3,1,1,Over
6,whisper,4,2,13,Skip
6,whisper,5,2,1,Over
6,whisper,6,3,13,Skip
6,whisper,7,3,1,Over
6,whisper,8,4,13,Over
6,whisper,9,4,1,Over
6,attackVote,1,9
6,attackVote,13,9
6,attack,9,true
7,status,1,WEREWOLF,ALIVE,wolf1
7,status,2,VILLAGER,DEAD,SampleRoleAssignPlayer
7,status,3,VILLAGER,DEAD,SampleRoleAssignPlayer
7,status,4,POSSESSED,ALIVE,SampleRoleAssignPlayer
7,status,5,VILLAGER,DEAD,SampleRoleAssignPlayer
7,status,6,VILLAGER,DEAD,SampleRoleAssignPlayer
7,status,7,WEREWOLF,DEAD,SampleRoleAssignPlayer
7,status,8,VILLAGER,DEAD,SampleRoleAssignPlayer
7,status,9,VILLAGER,DEAD,SampleRoleAssignPlayer
7,status,10,VILLAGER,DEAD,SampleRoleAssignPlayer
7,status,11,BODYGUARD,DEAD,SampleRoleAssignPlayer
7,status,12,VILLAGER,DEAD,SampleRoleAssignPlayer
7,status,13,WEREWOLF,ALIVE,SampleRoleAssignPlayer
7,status,14,MEDIUM,DEAD,SampleRoleAssignPlayer
7,status,15,SEER,DEAD,SampleRoleAssignPlayer
7,result,1,2,WEREWOLF
