0,status,1,WEREWOLF,ALIVE,wolf1
0,status,2,VILLAGER,ALIVE,SampleRoleAssignPlayer
0,status,3,WEREWOLF,ALIVE,SampleRoleAssignPlayer
0,status,4,VILLAGER,ALIVE,SampleRoleAssignPlayer
0,status,5,VILLAGER,ALIVE,SampleRoleAssignPlayer
0,status,6,VILLAGER,ALIVE,SampleRoleAssignPlayer
0,status,7,VILLAGER,ALIVE,SampleRoleAssignPlayer
0,status,8,MEDIUM,ALIVE,SampleRoleAssignPlayer
0,status,9,POSSESSED,ALIVE,SampleRoleAssignPlayer
0,status,10,SEER,ALIVE,SampleRoleAssignPlayer
0,status,11,VILLAGER,ALIVE,SampleRoleAssignPlayer
0,status,12,BODYGUARD,ALIVE,SampleRoleAssignPlayer
0,status,13,VILLAGER,ALIVE,SampleRoleAssignPlayer
0,status,14,VILLAGER,ALIVE,SampleRoleAssignPlayer
0,status,15,WEREWOLF,ALIVE,SampleRoleAssignPlayer
0,whisper,0,0,15,COMINGOUT Agent[15] SEER
0,whisper,1,0,3,COMINGOUT Agent[03] SEER
0,whisper,2,0,1,COMINGOUT Agent[01] VILLAGER
0,whisper,3,1,15,Skip
0,whisper,4,1,1,ATTACK Agent[02]
0,whisper,5,1,3,COMINGOUT Agent[03] VILLAGER
0,whisper,6,2,3,Skip
0,whisper,7,2,15,Skip
0,whisper,8,2,1,Over
0,whisper,9,3,15,Over
0,whisper,10,3,1,Over
0,whisper,11,3,3,COMINGOUT Agent[03] MEDIUM
0,whisper,12,4,15,DIVINED Agent[08] WEREWOLF
0,whisper,13,4,3,Skip
0,whisper,14,4,1,Over
0,whisper,15,5,3,Skip
0,whisper,16,5,15,Skip
0,whisper,17,5,1,Over
0,whisper,18,6,15,Skip
0,whisper,19,6,3,Over
0,whisper,20,6,1,Over
0,whisper,21,7,15,Over
0,whisper,22,7,1,Over
0,whisper,23,7,3,Over
0,divine,10,7,HUMAN
1,status,1,WEREWOLF,ALIVE,wolf1
1,status,2,VILLAGER,ALIVE,SampleRoleAssignPlayer
1,status,3,WEREWOLF,ALIVE,SampleRoleAssignPlayer
1,status,4,VILLAGER,ALIVE,SampleRoleAssignPlayer
1,status,5,VILLAGER,ALIVE,SampleRoleAssignPlayer
1,status,6,VILLAGER,ALIVE,SampleRoleAssignPlayer
1,status,7,VILLAGER,ALIVE,SampleRoleAssignPlayer
1,status,8,MEDIUM,ALIVE,SampleRoleAssignPlayer
1,status,9,POSSESSED,ALIVE,SampleRoleAssignPlayer
1,status,10,SEER,ALIVE,SampleRoleAssignPlayer
1,status,11,VILLAGER,ALIVE,SampleRoleAssignPlayer
1,status,12,BODYGUARD,ALIVE,SampleRoleAssignPlayer
1,status,13,VILLAGER,ALIVE,SampleRoleAssignPlayer
1,status,14,VILLAGER,ALIVE,SampleRoleAssignPlayer
1,status,15,WEREWOLF,ALIVE,SampleRoleAssignPlayer
1,talk,0,0,1,VOTE Agent[04]
1,talk,1,0,2,VOTE Agent[05]
1,talk,2,0,6,VOTE Agent[09]
1,talk,3,0,9,COMINGOUT Agent[09] SEER
1,talk,4,0,14,VOTE Agent[07]
1,talk,5,0,11,VOTE Agent[02]
1,talk,6,0,8,VOTE Agent[02]
1,talk,7,0,7,VOTE Agent[03]
1,talk,8,0,3,VOTE Agent[06]
1,talk,9,0,5,VOTE Agent[06]
1,talk,10,0,15,VOTE Agent[08]
1,talk,11,0,12,VOTE Agent[02]
1,talk,12,0,10,VOTE Agent[05]
1,talk,13,0,4,VOTE Agent[02]
1,talk,14,0,13,VOTE Agent[11]
1,talk,15,1,6,Skip
1,talk,16,1,5,Skip
1,talk,17,1,9,DIVINED Agent[11] HUMAN
1,talk,18,1,13,Skip
1,talk,19,1,11,Skip
1,talk,20,1,8,Skip
1,talk,21,1,12,Skip
1,talk,22,1,14,Skip
1,talk,23,1,7,Skip
1,talk,24,1,3,REQUEST(VOTE Agent[06])
1,talk,25,1,15,REQUEST(VOTE Agent[08])
1,talk,26,1,10,COMINGOUT Agent[10] SEER
1,talk,27,1,1,ESTIMATE Agent[04] WEREWOLF
1,talk,28,1,4,Skip
1,talk,29,1,2,Skip
1,talk,30,2,6,ESTIMATE Agent[09] SEER
1,talk,31,2,13,ESTIMATE Agent[09] SEER
1,talk,32,2,11,ESTIMATE Agent[09] SEER
1,talk,33,2,14,ESTIMATE Agent[09] SEER
1,talk,34,2,12,ESTIMATE Agent[09] SEER
1,talk,35,2,7,ESTIMATE Agent[09] SEER
1,talk,36,2,9,REQUEST(VOTE Agent[13])
1,talk,37,2,15,COMINGOUT Agent[15] SEER
1,talk,38,2,5,ESTIMATE Agent[09] SEER
1,talk,39,2,3,Skip
1,talk,40,2,4,ESTIMATE Agent[09] SEER
1,talk,41,2,10,DIVINED Agent[07] HUMAN
1,talk,42,2,1,ESTIMATE Agent[06] WEREWOLF
1,talk,43,2,8,ESTIMATE Agent[09] SEER
1,talk,44,2,2,ESTIMATE Agent[09] SEER
1,talk,45,3,14,Skip
1,talk,46,3,7,Skip
1,talk,47,3,11,Skip
1,talk,48,3,8,Skip
1,talk,49,3,1,ESTIMATE Agent[10] WEREWOLF
1,talk,50,3,9,VOTE Agent[10]
1,talk,51,3,10,ESTIMATE Agent[09] WEREWOLF
1,talk,52,3,4,Skip
1,talk,53,3,3,Skip
1,talk,54,3,5,Skip
1,talk,55,3,12,Skip
1,talk,56,3,13,Skip
1,talk,57,3,2,Skip
1,talk,58,3,15,DIVINED Agent[08] WEREWOLF
1,talk,59,3,6,Skip
1,talk,60,4,14,ESTIMATE Agent[08] WEREWOLF
1,talk,61,4,2,ESTIMATE Agent[08] WEREWOLF
1,talk,62,4,12,ESTIMATE Agent[08] WEREWOLF
1,talk,63,4,10,VOTE Agent[09]
1,talk,64,4,8,ESTIMATE Agent[15] WEREWOLF
1,talk,65,4,6,ESTIMATE Agent[08] WEREWOLF
1,talk,66,4,9,REQUEST(VOTE Agent[10])
1,talk,67,4,3,Over
1,talk,68,4,11,ESTIMATE Agent[08] WEREWOLF
1,talk,69,4,7,ESTIMATE Agent[08] WEREWOLF
1,talk,70,4,15,Skip
1,talk,71,4,5,ESTIMATE Agent[08] WEREWOLF
1,talk,72,4,4,ESTIMATE Agent[08] WEREWOLF
1,talk,73,4,1,VOTE Agent[08]
1,talk,74,4,13,ESTIMATE Agent[08] WEREWOLF
1,talk,75,5,14,REQUEST(Agent[09] DIVINATION Agent[08])
1,talk,76,5,6,REQUEST(Agent[09] DIVINATION Agent[08])
1,talk,77,5,11,REQUEST(Agent[09] DIVINATION Agent[08])
1,talk,78,5,13,REQUEST(Agent[09] DIVINATION Agent[08])
1,talk,79,5,15,Skip
1,talk,80,5,5,REQUEST(Agent[09] DIVINATION Agent[08])
1,talk,81,5,8,REQUEST(Agent[09] DIVINATION Agent[15])
1,talk,82,5,12,REQUEST(Agent[09] DIVINATION Agent[08])
1,talk,83,5,3,Over
1,talk,84,5,10,Skip
1,talk,85,5,7,REQUEST(Agent[09] DIVINATION Agent[08])
1,talk,86,5,2,REQUEST(Agent[09] DIVINATION Agent[08])
1,talk,87,5,1,Over
1,talk,88,5,9,Skip
1,talk,89,5,4,REQUEST(Agent[09] DIVINATION Agent[08])
1,talk,90,6,14,VOTE Agent[08]
1,talk,91,6,1,Over
1,talk,92,6,10,Skip
1,talk,93,6,9,Skip
1,talk,94,6,6,VOTE Agent[08]
1,talk,95,6,12,VOTE Agent[08]
1,talk,96,6,11,VOTE Agent[08]
1,talk,97,6,4,VOTE Agent[08]
1,talk,98,6,15,Over
1,talk,99,6,13,VOTE Agent[08]
1,talk,100,6,8,VOTE Agent[15]
1,talk,101,6,3,Over
1,talk,102,6,2,VOTE Agent[08]
1,talk,103,6,7,VOTE Agent[08]
1,talk,104,6,5,VOTE Agent[08]
1,talk,105,7,6,Skip
1,talk,106,7,2,Skip
1,talk,107,7,10,Over
1,talk,108,7,5,Skip
1,talk,109,7,15,Over
1,talk,110,7,11,Skip
1,talk,111,7,3,Over
1,talk,112,7,8,Skip
1,talk,113,7,4,Skip
1,talk,114,7,13,Skip
1,talk,115,7,7,Skip
1,talk,116,7,1,Over
1,talk,117,7,12,Skip
1,talk,118,7,9,Over
1,talk,119,7,14,Skip
1,talk,120,8,13,Skip
1,talk,121,8,4,Skip
1,talk,122,8,1,Over
1,talk,123,8,3,Over
1,talk,124,8,14,Skip
1,talk,125,8,10,Over
1,talk,126,8,11,Skip
1,talk,127,8,15,Over
1,talk,128,8,9,Over
1,talk,129,8,6,Skip
1,talk,130,8,7,Skip
1,talk,131,8,12,Skip
1,talk,132,8,5,Skip
1,talk,133,8,8,Skip
1,talk,134,8,2,Skip
1,talk,135,9,15,Over
1,talk,136,9,12,Over
1,talk,137,9,6,Over
1,talk,138,9,3,Over
1,talk,139,9,9,Over
1,talk,140,9,14,Over
1,talk,141,9,4,Over
1,talk,142,9,7,Over
1,talk,143,9,13,Over
1,talk,144,9,11,Over
1,talk,145,9,1,Over
1,talk,146,9,10,Over
1,talk,147,9,8,Over
1,talk,148,9,2,Over
1,talk,149,9,5,Over
1,vote,1,8
1,vote,2,8
1,vote,3,6
1,vote,4,8
1,vote,5,8
1,vote,6,8
1,vote,7,8
1,vote,8,15
1,vote,9,10
1,vote,10,9
1,vote,11,8
1,vote,12,8
1,vote,13,8
1,vote,14,8
1,vote,15,8
1,execute,8,MEDIUM
1,divine,10,9,HUMAN
1,whisper,0,0,3,ATTACK Agent[10]
1,whisper,1,0,15,ATTACK Agent[09]
1,whisper,2,0,1,ATTACK Agent[09]
1,whisper,3,1,15,REQUEST(ATTACK Agent[09])
1,whisper,4,1,1,Over
1,whisper,5,1,3,REQUEST(ATTACK Agent[10])
1,whisper,6,2,1,Over
1,whisper,7,2,15,DIVINED Agent[04] HUMAN
1,whisper,8,2,3,IDENTIFIED Agent[08] WEREWOLF
1,whisper,9,3,1,Over
1,whisper,10,3,3,Skip
1,whisper,11,3,15,Skip
1,whisper,12,4,3,Skip
1,whisper,13,4,15,Skip
1,whisper,14,4,1,Over
1,whisper,15,5,3,Over
1,whisper,16,5,1,Over
1,whisper,17,5,15,Over
1,guard,12,9,POSSESSED
1,attackVote,1,9
1,attackVote,3,10
1,attackVote,15,9
1,attack,9,false
2,status,1,WEREWOLF,ALIVE,wolf1
2,status,2,VILLAGER,ALIVE,SampleRoleAssignPlayer
2,status,3,WEREWOLF,ALIVE,SampleRoleAssignPlayer
2,status,4,VILLAGER,ALIVE,SampleRoleAssignPlayer
2,status,5,VILLAGER,ALIVE,SampleRoleAssignPlayer
2,status,6,VILLAGER,ALIVE,SampleRoleAssignPlayer
2,status,7,VILLAGER,ALIVE,SampleRoleAssignPlayer
2,status,8,MEDIUM,DEAD,SampleRoleAssignPlayer
2,status,9,POSSESSED,ALIVE,SampleRoleAssignPlayer
2,status,10,SEER,ALIVE,SampleRoleAssignPlayer
2,status,11,VILLAGER,ALIVE,SampleRoleAssignPlayer
2,status,12,BODYGUARD,ALIVE,SampleRoleAssignPlayer
2,status,13,VILLAGER,ALIVE,SampleRoleAssignPlayer
2,status,14,VILLAGER,ALIVE,SampleRoleAssignPlayer
2,status,15,WEREWOLF,ALIVE,SampleRoleAssignPlayer
2,talk,0,0,5,VOTE Agent[14]
2,talk,1,0,11,VOTE Agent[05]
2,talk,2,0,2,VOTE Agent[05]
2,talk,3,0,1,VOTE Agent[04]
2,talk,4,0,6,VOTE Agent[01]
2,talk,5,0,15,DIVINED Agent[04] HUMAN
2,talk,6,0,4,VOTE Agent[06]
2,talk,7,0,10,DIVINED Agent[09] HUMAN
2,talk,8,0,12,VOTE Agent[04]
2,talk,9,0,3,VOTE Agent[11]
2,talk,10,0,7,VOTE Agent[03]
2,talk,11,0,14,VOTE Agent[02]
2,talk,12,0,9,DIVINED Agent[12] HUMAN
2,talk,13,0,13,VOTE Agent[14]
2,talk,14,1,3,REQUEST(VOTE Agent[11])
2,talk,15,1,5,Skip
2,talk,16,1,14,Skip
2,talk,17,1,1,ESTIMATE Agent[04] WEREWOLF
2,talk,18,1,15,VOTE Agent[09]
2,talk,19,1,2,Skip
2,talk,20,1,10,AGREE TALK day1 ID:64
2,talk,21,1,6,Skip
2,talk,22,1,12,Skip
2,talk,23,1,13,Skip
2,talk,24,1,7,Skip
2,talk,25,1,11,Skip
2,talk,26,1,9,VOTE Agent[15]
2,talk,27,1,4,Skip
2,talk,28,2,15,REQUEST(VOTE Agent[09])
2,talk,29,2,3,Skip
2,talk,30,2,12,Skip
2,talk,31,2,11,Skip
2,talk,32,2,10,ESTIMATE Agent[15] WEREWOLF
2,talk,33,2,4,Skip
2,talk,34,2,2,Skip
2,talk,35,2,7,Skip
2,talk,36,2,6,Skip
2,talk,37,2,14,Skip
2,talk,38,2,1,ESTIMATE Agent[06] WEREWOLF
2,talk,39,2,13,Skip
2,talk,40,2,9,REQUEST(VOTE Agent[15])
2,talk,41,2,5,Skip
2,talk,42,3,7,Over
2,talk,43,3,12,Over
2,talk,44,3,13,Over
2,talk,45,3,9,Skip
2,talk,46,3,4,Over
2,talk,47,3,1,ESTIMATE Agent[15] WEREWOLF
2,talk,48,3,2,Over
2,talk,49,3,11,Over
2,talk,50,3,3,Skip
2,talk,51,3,6,Over
2,talk,52,3,14,Over
2,talk,53,3,15,Skip
2,talk,54,3,10,VOTE Agent[15]
2,talk,55,3,5,Over
2,talk,56,4,14,Over
2,talk,57,4,9,Skip
2,talk,58,4,6,Over
2,talk,59,4,4,Over
2,talk,60,4,5,Over
2,talk,61,4,10,Skip
2,talk,62,4,11,Over
2,talk,63,4,3,Over
2,talk,64,4,7,Over
2,talk,65,4,13,Over
2,talk,66,4,15,Skip
2,talk,67,4,12,Over
2,talk,68,4,2,Over
2,talk,69,4,1,VOTE Agent[09]
2,talk,70,5,2,Over
2,talk,71,5,6,Over
2,talk,72,5,11,Over
2,talk,73,5,14,Over
2,talk,74,5,15,Over
2,talk,75,5,5,Over
2,talk,76,5,9,Over
2,talk,77,5,13,Over
2,talk,78,5,3,Over
2,talk,79,5,7,Over
2,talk,80,5,12,Over
2,talk,81,5,4,Over
2,talk,82,5,1,Over
2,talk,83,5,10,Skip
2,talk,84,6,5,Over
2,talk,85,6,13,Over
2,talk,86,6,3,Over
2,talk,87,6,10,Over
2,talk,88,6,9,Over
2,talk,89,6,12,Over
2,talk,90,6,11,Over
2,talk,91,6,7,Over
2,talk,92,6,14,Over
2,talk,93,6,6,Over
2,talk,94,6,4,Over
2,talk,95,6,1,Over
2,talk,96,6,2,Over
2,talk,97,6,15,Over
2,vote,1,9
2,vote,2,5
2,vote,3,11
2,vote,4,6
2,vote,5,14
2,vote,6,1
2,vote,7,3
2,vote,9,15
2,vote,10,15
2,vote,11,5
2,vote,12,4
2,vote,13,14
2,vote,14,2
2,vote,15,9
2,vote,1,9
2,vote,2,5
2,vote,3,5
2,vote,4,9
2,vote,5,14
2,vote,6,15
2,vote,7,5
2,vote,9,15
2,vote,10,15
2,vote,11,5
2,vote,12,14
2,vote,13,14
2,vote,14,5
2,vote,15,9
2,execute,5,VILLAGER
2,divine,10,15,WEREWOLF
2,whisper,0,0,1,ATTACK Agent[10]
2,whisper,1,0,3,ATTACK Agent[10]
2,whisper,2,0,15,ATTACK Agent[10]
2,whisper,3,1,1,Over
2,whisper,4,1,15,REQUEST(ATTACK Agent[10])
2,whisper,5,1,3,REQUEST(ATTACK Agent[10])
2,whisper,6,2,3,IDENTIFIED Agent[05] HUMAN
2,whisper,7,2,15,DIVINED Agent[14] HUMAN
2,whisper,8,2,1,Over
2,whisper,9,3,15,Skip
2,whisper,10,3,3,Skip
2,whisper,11,3,1,Over
2,whisper,12,4,15,Skip
2,whisper,13,4,1,Over
2,whisper,14,4,3,Skip
2,whisper,15,5,3,Over
2,whisper,16,5,1,Over
2,whisper,17,5,15,Over
2,guard,12,9,POSSESSED
2,attackVote,1,10
2,attackVote,3,10
2,attackVote,15,10
2,attack,10,true
3,status,1,WEREWOLF,ALIVE,wolf1
3,status,2,VILLAGER,ALIVE,SampleRoleAssignPlayer
3,status,3,WEREWOLF,ALIVE,SampleRoleAssignPlayer
3,status,4,VILLAGER,ALIVE,SampleRoleAssignPlayer
3,status,5,VILLAGER,DEAD,SampleRoleAssignPlayer
3,status,6,VILLAGER,ALIVE,SampleRoleAssignPlayer
3,status,7,VILLAGER,ALIVE,SampleRoleAssignPlayer
3,status,8,MEDIUM,DEAD,SampleRoleAssignPlayer
3,status,9,POSSESSED,ALIVE,SampleRoleAssignPlayer
3,status,10,SEER,DEAD,SampleRoleAssignPlayer
3,status,11,VILLAGER,ALIVE,SampleRoleAssignPlayer
3,status,12,BODYGUARD,ALIVE,SampleRoleAssignPlayer
3,status,13,VILLAGER,ALIVE,SampleRoleAssignPlayer
3,status,14,VILLAGER,ALIVE,SampleRoleAssignPlayer
3,status,15,WEREWOLF,ALIVE,SampleRoleAssignPlayer
3,talk,0,0,11,VOTE Agent[02]
3,talk,1,0,15,DIVINED Agent[14] HUMAN
3,talk,2,0,12,VOTE Agent[06]
3,talk,3,0,4,VOTE Agent[15]
3,talk,4,0,14,VOTE Agent[06]
3,talk,5,0,1,VOTE Agent[15]
3,talk,6,0,3,VOTE Agent[11]
3,talk,7,0,6,VOTE Agent[02]
3,talk,8,0,7,VOTE Agent[14]
3,talk,9,0,2,VOTE Agent[11]
3,talk,10,0,9,DIVINED Agent[06] WEREWOLF
3,talk,11,0,13,VOTE Agent[12]
3,talk,12,1,11,AGREE TALK day1 ID:42
3,talk,13,1,4,AGREE TALK day1 ID:42
3,talk,14,1,7,AGREE TALK day1 ID:42
3,talk,15,1,1,ESTIMATE Agent[05] WEREWOLF
3,talk,16,1,9,VOTE Agent[06]
3,talk,17,1,12,Skip
3,talk,18,1,15,REQUEST(VOTE Agent[09])
3,talk,19,1,3,REQUEST(VOTE Agent[11])
3,talk,20,1,2,AGREE TALK day1 ID:42
3,talk,21,1,6,DISAGREE TALK day1 ID:64
3,talk,22,1,13,AGREE TALK day1 ID:42
3,talk,23,1,14,Skip
3,talk,24,2,15,VOTE Agent[07]
3,talk,25,2,2,AGREE TALK day2 ID:38
3,talk,26,2,13,AGREE TALK day2 ID:38
3,talk,27,2,6,DISAGREE TALK day2 ID:32
3,talk,28,2,1,ESTIMATE Agent[04] WEREWOLF
3,talk,29,2,3,COMINGOUT Agent[03] MEDIUM
3,talk,30,2,9,REQUEST(VOTE Agent[06])
3,talk,31,2,14,Skip
3,talk,32,2,11,AGREE TALK day2 ID:38
3,talk,33,2,7,AGREE TALK day2 ID:38
3,talk,34,2,4,AGREE TALK day2 ID:38
3,talk,35,2,12,Skip
3,talk,36,3,15,REQUEST(VOTE Agent[07])
3,talk,37,3,12,Over
3,talk,38,3,4,ESTIMATE Agent[06] WEREWOLF
3,talk,39,3,9,Skip
3,talk,40,3,3,IDENTIFIED Agent[08] WEREWOLF
3,talk,41,3,2,ESTIMATE Agent[06] WEREWOLF
3,talk,42,3,6,DISAGREE TALK day2 ID:47
3,talk,43,3,13,ESTIMATE Agent[06] WEREWOLF
3,talk,44,3,11,ESTIMATE Agent[06] WEREWOLF
3,talk,45,3,1,ESTIMATE Agent[13] WEREWOLF
3,talk,46,3,7,ESTIMATE Agent[06] WEREWOLF
3,talk,47,3,14,Over
3,talk,48,4,12,Over
3,talk,49,4,2,REQUEST(Agent[09] DIVINATION Agent[06])
3,talk,50,4,13,REQUEST(Agent[09] DIVINATION Agent[06])
3,talk,51,4,9,Skip
3,talk,52,4,3,IDENTIFIED Agent[05] HUMAN
3,talk,53,4,11,REQUEST(Agent[09] DIVINATION Agent[06])
3,talk,54,4,6,ESTIMATE Agent[15] SEER
3,talk,55,4,14,Over
3,talk,56,4,4,REQUEST(Agent[09] DIVINATION Agent[06])
3,talk,57,4,1,ESTIMATE Agent[03] WEREWOLF
3,talk,58,4,15,Skip
3,talk,59,4,7,REQUEST(Agent[09] DIVINATION Agent[06])
3,talk,60,5,11,VOTE Agent[06]
3,talk,61,5,15,Skip
3,talk,62,5,12,Over
3,talk,63,5,6,DISAGREE TALK day1 ID:30
3,talk,64,5,7,VOTE Agent[06]
3,talk,65,5,13,VOTE Agent[06]
3,talk,66,5,1,ESTIMATE Agent[15] WEREWOLF
3,talk,67,5,3,Skip
3,talk,68,5,4,VOTE Agent[06]
3,talk,69,5,2,VOTE Agent[06]
3,talk,70,5,9,Over
3,talk,71,5,14,Over
3,talk,72,6,2,Skip
3,talk,73,6,6,DISAGREE TALK day1 ID:31
3,talk,74,6,1,ESTIMATE Agent[06] VILLAGER
3,talk,75,6,7,Skip
3,talk,76,6,11,Skip
3,talk,77,6,12,Over
3,talk,78,6,9,Over
3,talk,79,6,13,Skip
3,talk,80,6,4,Skip
3,talk,81,6,14,Over
3,talk,82,6,3,Skip
3,talk,83,6,15,Over
3,talk,84,7,3,Over
3,talk,85,7,7,Skip
3,talk,86,7,2,Skip
3,talk,87,7,14,Over
3,talk,88,7,6,DISAGREE TALK day1 ID:32
3,talk,89,7,15,Over
3,talk,90,7,4,Skip
3,talk,91,7,13,Skip
3,talk,92,7,9,Over
3,talk,93,7,11,Skip
3,talk,94,7,1,ESTIMATE Agent[07] VILLAGER
3,talk,95,7,12,Over
3,talk,96,8,12,Over
3,talk,97,8,15,Over
3,talk,98,8,11,Over
3,talk,99,8,4,Over
3,talk,100,8,2,Over
3,talk,101,8,3,Over
3,talk,102,8,9,Over
3,talk,103,8,1,Over
3,talk,104,8,13,Over
3,talk,105,8,7,Over
3,talk,106,8,6,DISAGREE TALK day1 ID:33
3,talk,107,8,14,Over
3,talk,108,9,1,Over
3,talk,109,9,4,Over
3,talk,110,9,12,Over
3,talk,111,9,11,Over
3,talk,112,9,7,Over
3,talk,113,9,6,DISAGREE TALK day1 ID:34
3,talk,114,9,14,Over
3,talk,115,9,9,Over
3,talk,116,9,3,Over
3,talk,117,9,13,Over
3,talk,118,9,15,Over
3,talk,119,9,2,Over
3,talk,120,10,13,Over
3,talk,121,10,1,Over
3,talk,122,10,2,Over
3,talk,123,10,6,Over
3,talk,124,10,7,Over
3,talk,125,10,4,Over
3,talk,126,10,15,Over
3,talk,127,10,14,Over
3,talk,128,10,3,Over
3,talk,129,10,9,Over
3,talk,130,10,11,Over
3,talk,131,10,12,Over
3,vote,1,15
3,vote,2,6
3,vote,3,11
3,vote,4,6
3,vote,6,9
3,vote,7,6
3,vote,9,6
3,vote,11,6
3,vote,12,6
3,vote,13,6
3,vote,14,6
3,vote,15,7
3,execute,6,VILLAGER
3,whisper,0,0,15,ESTIMATE Agent[09] POSSESSED
3,whisper,1,0,1,ATTACK Agent[12]
3,whisper,2,0,3,ESTIMATE Agent[09] POSSESSED
3,whisper,3,1,3,ATTACK Agent[14]
3,whisper,4,1,1,Over
3,whisper,5,1,15,ATTACK Agent[14]
3,whisper,6,2,15,REQUEST(ATTACK Agent[14])
3,whisper,7,2,3,REQUEST(ATTACK Agent[14])
3,whisper,8,2,1,Over
3,whisper,9,3,1,Over
3,whisper,10,3,3,IDENTIFIED Agent[06] HUMAN
3,whisper,11,3,15,DIVINED Agent[12] HUMAN
3,whisper,12,4,1,Over
3,whisper,13,4,15,Skip
3,whisper,14,4,3,Skip
3,whisper,15,5,15,Skip
3,whisper,16,5,1,Over
3,whisper,17,5,3,Skip
3,whisper,18,6,15,Over
3,whisper,19,6,1,Over
3,whisper,20,6,3,Over
3,guard,12,9,POSSESSED
3,attackVote,1,12
3,attackVote,3,14
3,attackVote,15,14
3,attack,14,true
4,status,1,WEREWOLF,ALIVE,wolf1
4,status,2,VILLAGER,ALIVE,SampleRoleAssignPlayer
4,status,3,WEREWOLF,ALIVE,SampleRoleAssignPlayer
4,status,4,VILLAGER,ALIVE,SampleRoleAssignPlayer
4,status,5,VILLAGER,DEAD,SampleRoleAssignPlayer
4,status,6,VILLAGER,DEAD,SampleRoleAssignPlayer
4,status,7,VILLAGER,ALIVE,SampleRoleAssignPlayer
4,status,8,MEDIUM,DEAD,SampleRoleAssignPlayer
4,status,9,POSSESSED,ALIVE,SampleRoleAssignPlayer
4,status,10,SEER,DEAD,SampleRoleAssignPlayer
4,status,11,VILLAGER,ALIVE,SampleRoleAssignPlayer
4,status,12,BODYGUARD,ALIVE,SampleRoleAssignPlayer
4,status,13,VILLAGER,ALIVE,SampleRoleAssignPlayer
4,status,14,VILLAGER,DEAD,SampleRoleAssignPlayer
4,status,15,WEREWOLF,ALIVE,SampleRoleAssignPlayer
4,talk,0,0,4,VOTE Agent[07]
4,talk,1,0,3,IDENTIFIED Agent[06] HUMAN
4,talk,2,0,12,VOTE Agent[13]
4,talk,3,0,9,DIVINED Agent[04] HUMAN
4,talk,4,0,11,VOTE Agent[03]
4,talk,5,0,1,VOTE Agent[15]
4,talk,6,0,13,VOTE Agent[03]
4,talk,7,0,7,VOTE Agent[12]
4,talk,8,0,2,VOTE Agent[03]
4,talk,9,0,15,DIVINED Agent[12] HUMAN
4,talk,10,1,13,Skip
4,talk,11,1,9,VOTE Agent[15]
4,talk,12,1,4,Skip
4,talk,13,1,12,Skip
4,talk,14,1,7,Skip
4,talk,15,1,15,VOTE Agent[13]
4,talk,16,1,11,Skip
4,talk,17,1,2,Skip
4,talk,18,1,1,ESTIMATE Agent[03] WEREWOLF
4,talk,19,1,3,VOTE Agent[11]
4,talk,20,2,1,ESTIMATE Agent[04] WEREWOLF
4,talk,21,2,12,Skip
4,talk,22,2,11,Skip
4,talk,23,2,13,Skip
4,talk,24,2,15,REQUEST(VOTE Agent[13])
4,talk,25,2,2,Skip
4,talk,26,2,7,Skip
4,talk,27,2,9,REQUEST(VOTE Agent[15])
4,talk,28,2,3,REQUEST(VOTE Agent[11])
4,talk,29,2,4,Skip
4,talk,30,3,12,Over
4,talk,31,3,2,Over
4,talk,32,3,3,Skip
4,talk,33,3,4,Over
4,talk,34,3,11,Over
4,talk,35,3,9,Skip
4,talk,36,3,15,Skip
4,talk,37,3,7,Over
4,talk,38,3,13,Over
4,talk,39,3,1,ESTIMATE Agent[15] WEREWOLF
4,talk,40,4,4,Over
4,talk,41,4,11,Over
4,talk,42,4,13,Over
4,talk,43,4,3,Skip
4,talk,44,4,12,Over
4,talk,45,4,1,ESTIMATE Agent[07] VILLAGER
4,talk,46,4,15,Skip
4,talk,47,4,9,Skip
4,talk,48,4,7,Over
4,talk,49,4,2,Over
4,talk,50,5,12,Over
4,talk,51,5,3,Over
4,talk,52,5,15,Over
4,talk,53,5,9,Over
4,talk,54,5,7,Over
4,talk,55,5,11,Over
4,talk,56,5,13,Over
4,talk,57,5,4,Over
4,talk,58,5,1,ESTIMATE Agent[11] VILLAGER
4,talk,59,5,2,Over
4,talk,60,6,3,Over
4,talk,61,6,7,Over
4,talk,62,6,2,Over
4,talk,63,6,1,Over
4,talk,64,6,13,Over
4,talk,65,6,4,Over
4,talk,66,6,11,Over
4,talk,67,6,15,Over
4,talk,68,6,9,Over
4,talk,69,6,12,Over
4,vote,1,15
4,vote,2,3
4,vote,3,11
4,vote,4,7
4,vote,7,12
4,vote,9,15
4,vote,11,3
4,vote,12,13
4,vote,13,3
4,vote,15,13
4,execute,3,WEREWOLF
4,whisper,0,0,1,ATTACK Agent[04]
4,whisper,1,0,15,ATTACK Agent[12]
4,whisper,2,1,15,REQUEST(ATTACK Agent[12])
4,whisper,3,1,1,Over
4,whisper,4,2,15,DIVINED Agent[01] HUMAN
4,whisper,5,2,1,Over
4,whisper,6,3,1,Over
4,whisper,7,3,15,Skip
4,whisper,8,4,15,Skip
4,whisper,9,4,1,Over
4,whisper,10,5,1,Over
4,whisper,11,5,15,Over
4,guard,12,9,POSSESSED
4,attackVote,1,4
4,attackVote,15,12
4,attackVote,1,4
4,attackVote,15,12
4,attack,12,true
5,status,1,WEREWOLF,ALIVE,wolf1
5,status,2,VILLAGER,ALIVE,SampleRoleAssignPlayer
5,status,3,WEREWOLF,DEAD,SampleRoleAssignPlayer
5,status,4,VILLAGER,ALIVE,SampleRoleAssignPlayer
5,status,5,VILLAGER,DEAD,SampleRoleAssignPlayer
5,status,6,VILLAGER,DEAD,SampleRoleAssignPlayer
5,status,7,VILLAGER,ALIVE,SampleRoleAssignPlayer
5,status,8,MEDIUM,DEAD,SampleRoleAssignPlayer
5,status,9,POSSESSED,ALIVE,SampleRoleAssignPlayer
5,status,10,SEER,DEAD,SampleRoleAssignPlayer
5,status,11,VILLAGER,ALIVE,SampleRoleAssignPlayer
5,status,12,BODYGUARD,DEAD,SampleRoleAssignPlayer
5,status,13,VILLAGER,ALIVE,SampleRoleAssignPlayer
5,status,14,VILLAGER,DEAD,SampleRoleAssignPlayer
5,status,15,WEREWOLF,ALIVE,SampleRoleAssignPlayer
5,talk,0,0,9,DIVINED Agent[13] HUMAN
5,talk,1,0,15,DIVINED Agent[01] HUMAN
5,talk,2,0,1,VOTE Agent[15]
5,talk,3,0,7,VOTE Agent[13]
5,talk,4,0,13,VOTE Agent[04]
5,talk,5,0,2,VOTE Agent[11]
5,talk,6,0,11,VOTE Agent[07]
5,talk,7,0,4,VOTE Agent[01]
5,talk,8,1,4,Skip
5,talk,9,1,2,Skip
5,talk,10,1,1,ESTIMATE Agent[03] WEREWOLF
5,talk,11,1,7,Skip
5,talk,12,1,13,Skip
5,talk,13,1,15,VOTE Agent[13]
5,talk,14,1,11,Skip
5,talk,15,1,9,VOTE Agent[06]
5,talk,16,2,2,Skip
5,talk,17,2,1,ESTIMATE Agent[04] WEREWOLF
5,talk,18,2,13,Skip
5,talk,19,2,9,REQUEST(VOTE Agent[06])
5,talk,20,2,4,Skip
5,talk,21,2,15,REQUEST(VOTE Agent[13])
5,talk,22,2,11,Skip
5,talk,23,2,7,Skip
5,talk,24,3,13,Over
5,talk,25,3,11,Over
5,talk,26,3,1,ESTIMATE Agent[15] WEREWOLF
5,talk,27,3,9,Skip
5,talk,28,3,15,Skip
5,talk,29,3,4,Over
5,talk,30,3,2,Over
5,talk,31,3,7,Over
5,talk,32,4,1,VOTE Agent[04]
5,talk,33,4,7,Over
5,talk,34,4,15,Skip
5,talk,35,4,2,Over
5,talk,36,4,13,Over
5,talk,37,4,11,Over
5,talk,38,4,9,Skip
5,talk,39,4,4,Over
5,talk,40,5,7,Over
5,talk,41,5,1,ESTIMATE Agent[07] VILLAGER
5,talk,42,5,2,Over
5,talk,43,5,9,Over
5,talk,44,5,15,Over
5,talk,45,5,4,Over
5,talk,46,5,11,Over
5,talk,47,5,13,Over
5,talk,48,6,13,Over
5,talk,49,6,9,Over
5,talk,50,6,15,Over
5,talk,51,6,7,Over
5,talk,52,6,11,Over
5,talk,53,6,4,Over
5,talk,54,6,1,ESTIMATE Agent[11] VILLAGER
5,talk,55,6,2,Over
5,talk,56,7,15,Over
5,talk,57,7,13,Over
5,talk,58,7,2,Over
5,talk,59,7,4,Over
5,talk,60,7,9,Over
5,talk,61,7,1,ESTIMATE Agent[13] VILLAGER
5,talk,62,7,7,Over
5,talk,63,7,11,Over
5,talk,64,8,9,Over
5,talk,65,8,15,Over
5,talk,66,8,13,Over
5,talk,67,8,1,Over
5,talk,68,8,11,Over
5,talk,69,8,2,Over
5,talk,70,8,4,Over
5,talk,71,8,7,Over
5,vote,1,4
5,vote,2,11
5,vote,4,1
5,vote,7,13
5,vote,9,15
5,vote,11,7
5,vote,13,4
5,vote,15,13
5,vote,1,4
5,vote,2,4
5,vote,4,13
5,vote,7,13
5,vote,9,4
5,vote,11,13
5,vote,13,4
5,vote,15,13
5,execute,13,VILLAGER
5,whisper,0,0,1,Over
5,whisper,1,0,15,ATTACK Agent[04]
5,whisper,2,1,1,Over
5,whisper,3,1,15,REQUEST(ATTACK Agent[04])
5,whisper,4,2,1,Over
5,whisper,5,2,15,DIVINED Agent[11] HUMAN
5,whisper,6,3,1,Over
5,whisper,7,3,15,Skip
5,whisper,8,4,15,Skip
5,whisper,9,4,1,Over
5,whisper,10,5,15,Over
5,whisper,11,5,1,Over
5,attackVote,1,4
5,attackVote,15,4
5,attack,4,true
6,status,1,WEREWOLF,ALIVE,wolf1
6,status,2,VILLAGER,ALIVE,SampleRoleAssignPlayer
6,status,3,WEREWOLF,DEAD,SampleRoleAssignPlayer
6,status,4,VILLAGER,DEAD,SampleRoleAssignPlayer
6,status,5,VILLAGER,DEAD,SampleRoleAssignPlayer
6,status,6,VILLAGER,DEAD,SampleRoleAssignPlayer
6,status,7,VILLAGER,ALIVE,SampleRoleAssignPlayer
6,status,8,MEDIUM,DEAD,SampleRoleAssignPlayer
6,status,9,POSSESSED,ALIVE,SampleRoleAssignPlayer
6,status,10,SEER,DEAD,SampleRoleAssignPlayer
6,status,11,VILLAGER,ALIVE,SampleRoleAssignPlayer
6,status,12,BODYGUARD,DEAD,SampleRoleAssignPlayer
6,status,13,VILLAGER,DEAD,SampleRoleAssignPlayer
6,status,14,VILLAGER,DEAD,SampleRoleAssignPlayer
6,status,15,WEREWOLF,ALIVE,SampleRoleAssignPlayer
6,talk,0,0,11,VOTE Agent[07]
6,talk,1,0,7,VOTE Agent[01]
6,talk,2,0,15,DIVINED Agent[11] HUMAN
6,talk,3,0,2,VOTE Agent[11]
6,talk,4,0,1,VOTE Agent[15]
6,talk,5,0,9,DIVINED Agent[02] HUMAN
6,talk,6,1,11,Skip
6,talk,7,1,15,VOTE Agent[07]
6,talk,8,1,7,Skip
6,talk,9,1,9,VOTE Agent[06]
6,talk,10,1,2,Skip
6,talk,11,1,1,ESTIMATE Agent[03] WEREWOLF
6,talk,12,2,15,REQUEST(VOTE Agent[07])
6,talk,13,2,2,Skip
6,talk,14,2,9,REQUEST(VOTE Agent[06])
6,talk,15,2,7,Skip
6,talk,16,2,1,ESTIMATE Agent[05] WEREWOLF
6,talk,17,2,11,Skip
6,talk,18,3,1,ESTIMATE Agent[15] WEREWOLF
6,talk,19,3,15,Skip
6,talk,20,3,11,Over
6,talk,21,3,7,Over
6,talk,22,3,2,Over
6,talk,23,3,9,Skip
6,talk,24,4,11,Over
6,talk,25,4,2,Over
6,talk,26,4,1,ESTIMATE Agent[07] VILLAGER
6,talk,27,4,9,Skip
6,talk,28,4,15,Skip
6,talk,29,4,7,Over
6,talk,30,5,1,ESTIMATE Agent[11] VILLAGER
6,talk,31,5,11,Over
6,talk,32,5,7,Over
6,talk,33,5,9,Over
6,talk,34,5,2,Over
6,talk,35,5,15,Over
6,talk,36,6,2,Over
6,talk,37,6,9,Over
6,talk,38,6,11,Over
6,talk,39,6,1,Over
6,talk,40,6,15,Over
6,talk,41,6,7,Over
6,vote,1,15
6,vote,2,11
6,vote,7,1
6,vote,9,1
6,vote,11,7
6,vote,15,7
6,vote,1,15
6,vote,2,7
6,vote,7,1
6,vote,9,7
6,vote,11,7
6,vote,15,7
6,execute,7,VILLAGER
6,whisper,0,0,15,ATTACK Agent[02]
6,whisper,1,0,1,ATTACK Agent[02]
6,whisper,2,1,15,REQUEST(ATTACK Agent[02])
6,whisper,3,1,1,Over
6,whisper,4,2,1,Over
6,whisper,5,2,15,DIVINED Agent[02] WEREWOLF
6,whisper,6,3,15,Skip
6,whisper,7,3,1,Over
6,whisper,8,4,15,Skip
6,whisper,9,4,1,Over
6,whisper,10,5,1,Over
6,whisper,11,5,15,Over
6,attackVote,1,2
6,attackVote,15,2
6,attack,2,true
7,status,1,WEREWOLF,ALIVE,wolf1
7,status,2,VILLAGER,DEAD,SampleRoleAssignPlayer
7,status,3,WEREWOLF,DEAD,SampleRoleAssignPlayer
7,status,4,VILLAGER,DEAD,SampleRoleAssignPlayer
7,status,5,VILLAGER,DEAD,SampleRoleAssignPlayer
7,status,6,VILLAGER,DEAD,SampleRoleAssignPlayer
7,status,7,VILLAGER,DEAD,SampleRoleAssignPlayer
7,status,8,MEDIUM,DEAD,SampleRoleAssignPlayer
7,status,9,POSSESSED,ALIVE,SampleRoleAssignPlayer
7,status,10,SEER,DEAD,SampleRoleAssignPlayer
7,status,11,VILLAGER,ALIVE,SampleRoleAssignPlayer
7,status,12,BODYGUARD,DEAD,SampleRoleAssignPlayer
7,status,13,VILLAGER,DEAD,SampleRoleAssignPlayer
7,status,14,VILLAGER,DEAD,SampleRoleAssignPlayer
7,status,15,WEREWOLF,ALIVE,SampleRoleAssignPlayer
7,result,2,2,WEREWOLF
