0,status,1,WEREWOLF,ALIVE,wolf1
0,status,2,VILLAGER,ALIVE,SampleRoleAssignPlayer
0,status,3,BODYGUARD,ALIVE,SampleRoleAssignPlayer
0,status,4,VILLAGER,ALIVE,SampleRoleAssignPlayer
0,status,5,POSSESSED,ALIVE,SampleRoleAssignPlayer
0,status,6,WEREWOLF,ALIVE,SampleRoleAssignPlayer
0,status,7,VILLAGER,ALIVE,SampleRoleAssignPlayer
0,status,8,VILLAGER,ALIVE,SampleRoleAssignPlayer
0,status,9,SEER,ALIVE,SampleRoleAssignPlayer
0,status,10,VILLAGER,ALIVE,SampleRoleAssignPlayer
0,status,11,VILLAGER,ALIVE,SampleRoleAssignPlayer
0,status,12,MEDIUM,ALIVE,SampleRoleAssignPlayer
0,status,13,WEREWOLF,ALIVE,SampleRoleAssignPlayer
0,status,14,VILLAGER,ALIVE,SampleRoleAssignPlayer
0,status,15,VILLAGER,ALIVE,SampleRoleAssignPlayer
0,whisper,0,0,13,COMINGOUT Agent[13] SEER
0,whisper,1,0,6,COMINGOUT Agent[06] MEDIUM
0,whisper,2,0,1,COMINGOUT Agent[01] VILLAGER
0,whisper,3,1,13,DIVINED Agent[11] WEREWOLF
0,whisper,4,1,6,Skip
0,whisper,5,1,1,ATTACK Agent[02]
0,whisper,6,2,6,Skip
0,whisper,7,2,1,Over
0,whisper,8,2,13,Skip
0,whisper,9,3,6,Over
0,whisper,10,3,13,Skip
0,whisper,11,3,1,Over
0,whisper,12,4,13,Over
0,whisper,13,4,6,Over
0,whisper,14,4,1,Over
0,divine,9,12,HUMAN
1,status,1,WEREWOLF,ALIVE,wolf1
1,status,2,VILLAGER,ALIVE,SampleRoleAssignPlayer
1,status,3,BODYGUARD,ALIVE,SampleRoleAssignPlayer
1,status,4,VILLAGER,ALIVE,SampleRoleAssignPlayer
1,status,5,POSSESSED,ALIVE,SampleRoleAssignPlayer
1,status,6,WEREWOLF,ALIVE,SampleRoleAssignPlayer
1,status,7,VILLAGER,ALIVE,SampleRoleAssignPlayer
1,status,8,VILLAGER,ALIVE,SampleRoleAssignPlayer
1,status,9,SEER,ALIVE,SampleRoleAssignPlayer
1,status,10,VILLAGER,ALIVE,SampleRoleAssignPlayer
1,status,11,VILLAGER,ALIVE,SampleRoleAssignPlayer
1,status,12,MEDIUM,ALIVE,SampleRoleAssignPlayer
1,status,13,WEREWOLF,ALIVE,SampleRoleAssignPlayer
1,status,14,VILLAGER,ALIVE,SampleRoleAssignPlayer
1,status,15,VILLAGER,ALIVE,SampleRoleAssignPlayer
1,talk,0,0,3,VOTE Agent[05]
1,talk,1,0,2,VOTE Agent[03]
1,talk,2,0,5,COMINGOUT Agent[05] SEER
1,talk,3,0,7,VOTE Agent[06]
1,talk,4,0,14,VOTE Agent[06]
1,talk,5,0,13,VOTE Agent[11]
1,talk,6,0,10,VOTE Agent[15]
1,talk,7,0,12,VOTE Agent[14]
1,talk,8,0,4,VOTE Agent[11]
1,talk,9,0,8,VOTE Agent[12]
1,talk,10,0,1,VOTE Agent[07]
1,talk,11,0,11,VOTE Agent[13]
1,talk,12,0,15,VOTE Agent[13]
1,talk,13,0,6,VOTE Agent[15]
1,talk,14,0,9,COMINGOUT Agent[09] SEER
1,talk,15,1,8,Skip
1,talk,16,1,7,Skip
1,talk,17,1,10,Skip
1,talk,18,1,6,REQUEST(VOTE Agent[15])
1,talk,19,1,1,ESTIMATE Agent[05] WEREWOLF
1,talk,20,1,12,Skip
1,talk,21,1,5,DIVINED Agent[06] WEREWOLF
1,talk,22,1,13,REQUEST(VOTE Agent[11])
1,talk,23,1,11,Skip
1,talk,24,1,15,Skip
1,talk,25,1,14,Skip
1,talk,26,1,4,Skip
1,talk,27,1,2,Skip
1,talk,28,1,9,DIVINED Agent[12] HUMAN
1,talk,29,1,3,Skip
1,talk,30,2,9,ESTIMATE Agent[05] WEREWOLF
1,talk,31,2,12,ESTIMATE Agent[09] SEER
1,talk,32,2,15,DISAGREE TALK day1 ID:19
1,talk,33,2,10,ESTIMATE Agent[09] SEER
1,talk,34,2,7,ESTIMATE Agent[09] SEER
1,talk,35,2,4,ESTIMATE Agent[09] SEER
1,talk,36,2,2,ESTIMATE Agent[09] SEER
1,talk,37,2,11,ESTIMATE Agent[09] SEER
1,talk,38,2,6,COMINGOUT Agent[06] MEDIUM
1,talk,39,2,1,ESTIMATE Agent[04] WEREWOLF
1,talk,40,2,3,ESTIMATE Agent[09] SEER
1,talk,41,2,14,ESTIMATE Agent[09] SEER
1,talk,42,2,8,ESTIMATE Agent[09] SEER
1,talk,43,2,5,VOTE Agent[06]
1,talk,44,2,13,COMINGOUT Agent[13] SEER
1,talk,45,3,1,ESTIMATE Agent[07] WEREWOLF
1,talk,46,3,15,ESTIMATE Agent[05] SEER
1,talk,47,3,12,ESTIMATE Agent[06] WEREWOLF
1,talk,48,3,7,Skip
1,talk,49,3,11,ESTIMATE Agent[06] WEREWOLF
1,talk,50,3,5,REQUEST(VOTE Agent[06])
1,talk,51,3,2,ESTIMATE Agent[06] WEREWOLF
1,talk,52,3,10,ESTIMATE Agent[06] WEREWOLF
1,talk,53,3,8,ESTIMATE Agent[06] WEREWOLF
1,talk,54,3,4,ESTIMATE Agent[06] WEREWOLF
1,talk,55,3,9,VOTE Agent[05]
1,talk,56,3,13,DIVINED Agent[11] WEREWOLF
1,talk,57,3,14,Skip
1,talk,58,3,3,ESTIMATE Agent[06] WEREWOLF
1,talk,59,3,6,Skip
1,talk,60,4,6,Skip
1,talk,61,4,7,Skip
1,talk,62,4,11,REQUEST(Agent[09] DIVINATION Agent[06])
1,talk,63,4,12,REQUEST(Agent[09] DIVINATION Agent[06])
1,talk,64,4,8,REQUEST(Agent[09] DIVINATION Agent[06])
1,talk,65,4,5,Skip
1,talk,66,4,14,Skip
1,talk,67,4,3,REQUEST(Agent[09] DIVINATION Agent[06])
1,talk,68,4,1,VOTE Agent[11]
1,talk,69,4,13,Skip
1,talk,70,4,15,ESTIMATE Agent[06] WEREWOLF
1,talk,71,4,2,REQUEST(Agent[09] DIVINATION Agent[06])
1,talk,72,4,4,REQUEST(Agent[09] DIVINATION Agent[06])
1,talk,73,4,9,Skip
1,talk,74,4,10,REQUEST(Agent[09] DIVINATION Agent[06])
1,talk,75,5,9,Skip
1,talk,76,5,10,VOTE Agent[06]
1,talk,77,5,13,Skip
1,talk,78,5,12,VOTE Agent[06]
1,talk,79,5,6,Over
1,talk,80,5,4,VOTE Agent[06]
1,talk,81,5,2,VOTE Agent[06]
1,talk,82,5,8,VOTE Agent[06]
1,talk,83,5,5,Skip
1,talk,84,5,1,ESTIMATE Agent[09] WEREWOLF
1,talk,85,5,11,VOTE Agent[06]
1,talk,86,5,7,Over
1,talk,87,5,15,REQUEST(Agent[05] DIVINATION Agent[06])
1,talk,88,5,14,Over
1,talk,89,5,3,VOTE Agent[06]
1,talk,90,6,2,Skip
1,talk,91,6,4,Skip
1,talk,92,6,15,VOTE Agent[06]
1,talk,93,6,3,Skip
1,talk,94,6,6,Over
1,talk,95,6,1,ESTIMATE Agent[11] WEREWOLF
1,talk,96,6,9,Over
1,talk,97,6,10,Skip
1,talk,98,6,8,Skip
1,talk,99,6,12,COMINGOUT Agent[12] MEDIUM
1,talk,100,6,5,Over
1,talk,101,6,13,Over
1,talk,102,6,14,Over
1,talk,103,6,7,Over
1,talk,104,6,11,Skip
1,talk,105,7,4,Skip
1,talk,106,7,15,Skip
1,talk,107,7,8,Skip
1,talk,108,7,12,Skip
1,talk,109,7,13,Over
1,talk,110,7,10,Skip
1,talk,111,7,9,Over
1,talk,112,7,3,Skip
1,talk,113,7,2,Skip
1,talk,114,7,7,Over
1,talk,115,7,14,Over
1,talk,116,7,5,Over
1,talk,117,7,6,VOTE Agent[12]
1,talk,118,7,1,VOTE Agent[06]
1,talk,119,7,11,Skip
1,talk,120,8,7,Over
1,talk,121,8,10,Over
1,talk,122,8,6,REQUEST(VOTE Agent[12])
1,talk,123,8,3,Over
1,talk,124,8,9,Over
1,talk,125,8,13,Over
1,talk,126,8,8,Over
1,talk,127,8,14,Over
1,talk,128,8,11,Over
1,talk,129,8,1,ESTIMATE Agent[06] WEREWOLF
1,talk,130,8,4,Over
1,talk,131,8,12,Skip
1,talk,132,8,15,Skip
1,talk,133,8,5,Over
1,talk,134,8,2,Over
1,talk,135,9,8,Over
1,talk,136,9,1,Over
1,talk,137,9,11,Over
1,talk,138,9,15,Over
1,talk,139,9,12,Over
1,talk,140,9,7,Over
1,talk,141,9,2,Over
1,talk,142,9,6,Skip
1,talk,143,9,14,Over
1,talk,144,9,3,Over
1,talk,145,9,10,Over
1,talk,146,9,4,Over
1,talk,147,9,5,Over
1,talk,148,9,9,Over
1,talk,149,9,13,Over
1,talk,150,10,6,Skip
1,talk,151,10,7,Over
1,talk,152,10,10,Over
1,talk,153,10,12,Over
1,talk,154,10,9,Over
1,talk,155,10,15,Over
1,talk,156,10,2,Over
1,talk,157,10,4,Over
1,talk,158,10,14,Over
1,talk,159,10,1,Over
1,talk,160,10,11,Over
1,talk,161,10,8,Over
1,talk,162,10,3,Over
1,talk,163,10,5,Over
1,talk,164,10,13,Over
1,talk,165,11,4,Over
1,talk,166,11,15,Over
1,talk,167,11,14,Over
1,talk,168,11,7,Over
1,talk,169,11,11,Over
1,talk,170,11,6,Over
1,talk,171,11,8,Over
1,talk,172,11,9,Over
1,talk,173,11,12,Over
1,talk,174,11,2,Over
1,talk,175,11,5,Over
1,talk,176,11,10,Over
1,talk,177,11,13,Over
1,talk,178,11,3,Over
1,talk,179,11,1,Over
1,vote,1,6
1,vote,2,6
1,vote,3,6
1,vote,4,6
1,vote,5,6
1,vote,6,12
1,vote,7,6
1,vote,8,6
1,vote,9,5
1,vote,10,6
1,vote,11,6
1,vote,12,6
1,vote,13,11
1,vote,14,6
1,vote,15,6
1,execute,6,WEREWOLF
1,divine,9,13,WEREWOLF
1,whisper,0,0,13,ATTACK Agent[12]
1,whisper,1,0,1,ATTACK Agent[09]
1,whisper,2,1,1,Over
1,whisper,3,1,13,REQUEST(ATTACK Agent[12])
1,whisper,4,2,13,DIVINED Agent[03] WEREWOLF
1,whisper,5,2,1,Over
1,whisper,6,3,1,Over
1,whisper,7,3,13,Skip
1,whisper,8,4,1,Over
1,whisper,9,4,13,Skip
1,whisper,10,5,13,Over
1,whisper,11,5,1,Over
1,guard,3,9,SEER
1,attackVote,1,9
1,attackVote,13,12
1,attackVote,1,9
1,attackVote,13,12
1,attack,9,false
2,status,1,WEREWOLF,ALIVE,wolf1
2,status,2,VILLAGER,ALIVE,SampleRoleAssignPlayer
2,status,3,BODYGUARD,ALIVE,SampleRoleAssignPlayer
2,status,4,VILLAGER,ALIVE,SampleRoleAssignPlayer
2,status,5,POSSESSED,ALIVE,SampleRoleAssignPlayer
2,status,6,WEREWOLF,DEAD,SampleRoleAssignPlayer
2,status,7,VILLAGER,ALIVE,SampleRoleAssignPlayer
2,status,8,VILLAGER,ALIVE,SampleRoleAssignPlayer
2,status,9,SEER,ALIVE,SampleRoleAssignPlayer
2,status,10,VILLAGER,ALIVE,SampleRoleAssignPlayer
2,status,11,VILLAGER,ALIVE,SampleRoleAssignPlayer
2,status,12,MEDIUM,ALIVE,SampleRoleAssignPlayer
2,status,13,WEREWOLF,ALIVE,SampleRoleAssignPlayer
2,status,14,VILLAGER,ALIVE,SampleRoleAssignPlayer
2,status,15,VILLAGER,ALIVE,SampleRoleAssignPlayer
2,talk,0,0,3,AGREE TALK day1 ID:95
2,talk,1,0,10,AGREE TALK day1 ID:95
2,talk,2,0,15,AGREE TALK day1 ID:95
2,talk,3,0,8,AGREE TALK day1 ID:95
2,talk,4,0,2,AGREE TALK day1 ID:95
2,talk,5,0,12,IDENTIFIED Agent[06] WEREWOLF
2,talk,6,0,9,DIVINED Agent[13] WEREWOLF
2,talk,7,0,7,AGREE TALK day1 ID:95
2,talk,8,0,5,DIVINED Agent[08] WEREWOLF
2,talk,9,0,14,AGREE TALK day1 ID:95
2,talk,10,0,11,ESTIMATE Agent[13] WEREWOLF
2,talk,11,0,1,VOTE Agent[11]
2,talk,12,0,4,AGREE TALK day1 ID:95
2,talk,13,0,13,DIVINED Agent[03] WEREWOLF
2,talk,14,1,1,ESTIMATE Agent[06] WEREWOLF
2,talk,15,1,12,AGREE TALK day1 ID:95
2,talk,16,1,15,ESTIMATE Agent[11] WEREWOLF
2,talk,17,1,9,REQUEST(VOTE Agent[13])
2,talk,18,1,5,VOTE Agent[08]
2,talk,19,1,13,VOTE Agent[09]
2,talk,20,1,14,ESTIMATE Agent[11] WEREWOLF
2,talk,21,1,8,ESTIMATE Agent[11] WEREWOLF
2,talk,22,1,7,ESTIMATE Agent[11] WEREWOLF
2,talk,23,1,2,ESTIMATE Agent[11] WEREWOLF
2,talk,24,1,3,ESTIMATE Agent[11] WEREWOLF
2,talk,25,1,11,REQUEST(Agent[09] DIVINATION Agent[13])
2,talk,26,1,4,ESTIMATE Agent[11] WEREWOLF
2,talk,27,1,10,ESTIMATE Agent[11] WEREWOLF
2,talk,28,2,2,REQUEST(Agent[09] DIVINATION Agent[11])
2,talk,29,2,3,REQUEST(Agent[09] DIVINATION Agent[11])
2,talk,30,2,11,VOTE Agent[13]
2,talk,31,2,13,REQUEST(VOTE Agent[09])
2,talk,32,2,10,REQUEST(Agent[09] DIVINATION Agent[11])
2,talk,33,2,5,REQUEST(VOTE Agent[08])
2,talk,34,2,9,VOTE Agent[13]
2,talk,35,2,14,REQUEST(Agent[09] DIVINATION Agent[11])
2,talk,36,2,8,REQUEST(Agent[09] DIVINATION Agent[11])
2,talk,37,2,12,ESTIMATE Agent[11] WEREWOLF
2,talk,38,2,7,REQUEST(Agent[09] DIVINATION Agent[11])
2,talk,39,2,15,REQUEST(Agent[05] DIVINATION Agent[11])
2,talk,40,2,1,ESTIMATE Agent[08] WEREWOLF
2,talk,41,2,4,REQUEST(Agent[09] DIVINATION Agent[11])
2,talk,42,3,5,Skip
2,talk,43,3,8,VOTE Agent[11]
2,talk,44,3,3,AGREE TALK day2 ID:10
2,talk,45,3,12,REQUEST(Agent[09] DIVINATION Agent[11])
2,talk,46,3,7,VOTE Agent[11]
2,talk,47,3,4,VOTE Agent[11]
2,talk,48,3,15,VOTE Agent[11]
2,talk,49,3,13,Skip
2,talk,50,3,11,Skip
2,talk,51,3,2,VOTE Agent[11]
2,talk,52,3,14,VOTE Agent[11]
2,talk,53,3,1,ESTIMATE Agent[13] WEREWOLF
2,talk,54,3,9,Skip
2,talk,55,3,10,VOTE Agent[11]
2,talk,56,4,1,VOTE Agent[13]
2,talk,57,4,3,ESTIMATE Agent[13] WEREWOLF
2,talk,58,4,2,Skip
2,talk,59,4,12,VOTE Agent[11]
2,talk,60,4,14,Skip
2,talk,61,4,5,Skip
2,talk,62,4,15,Skip
2,talk,63,4,13,Skip
2,talk,64,4,9,Skip
2,talk,65,4,8,Skip
2,talk,66,4,4,Skip
2,talk,67,4,11,Skip
2,talk,68,4,7,Skip
2,talk,69,4,10,Skip
2,talk,70,5,4,Skip
2,talk,71,5,13,Over
2,talk,72,5,8,Skip
2,talk,73,5,1,ESTIMATE Agent[11] VILLAGER
2,talk,74,5,9,Over
2,talk,75,5,3,REQUEST(Agent[09] DIVINATION Agent[13])
2,talk,76,5,14,Skip
2,talk,77,5,7,Skip
2,talk,78,5,12,Skip
2,talk,79,5,2,Skip
2,talk,80,5,5,Over
2,talk,81,5,10,Skip
2,talk,82,5,11,Over
2,talk,83,5,15,Skip
2,talk,84,6,8,Over
2,talk,85,6,12,Skip
2,talk,86,6,13,Over
2,talk,87,6,1,Over
2,talk,88,6,10,Over
2,talk,89,6,14,Over
2,talk,90,6,9,Over
2,talk,91,6,11,Over
2,talk,92,6,3,VOTE Agent[13]
2,talk,93,6,5,Over
2,talk,94,6,7,Over
2,talk,95,6,15,Over
2,talk,96,6,2,Over
2,talk,97,6,4,Over
2,talk,98,7,2,Over
2,talk,99,7,11,Over
2,talk,100,7,3,Skip
2,talk,101,7,12,Over
2,talk,102,7,5,Over
2,talk,103,7,8,Over
2,talk,104,7,15,Over
2,talk,105,7,13,Over
2,talk,106,7,10,Over
2,talk,107,7,14,Over
2,talk,108,7,1,Over
2,talk,109,7,9,Over
2,talk,110,7,7,Over
2,talk,111,7,4,Over
2,talk,112,8,2,Over
2,talk,113,8,8,Over
2,talk,114,8,5,Over
2,talk,115,8,3,Skip
2,talk,116,8,11,Over
2,talk,117,8,10,Over
2,talk,118,8,13,Over
2,talk,119,8,12,Over
2,talk,120,8,14,Over
2,talk,121,8,7,Over
2,talk,122,8,4,Over
2,talk,123,8,15,Over
2,talk,124,8,9,Over
2,talk,125,8,1,Over
2,talk,126,9,7,Over
2,talk,127,9,11,Over
2,talk,128,9,2,Over
2,talk,129,9,3,Over
2,talk,130,9,13,Over
2,talk,131,9,5,Over
2,talk,132,9,1,Over
2,talk,133,9,9,Over
2,talk,134,9,15,Over
2,talk,135,9,14,Over
2,talk,136,9,8,Over
2,talk,137,9,10,Over
2,talk,138,9,12,Over
2,talk,139,9,4,Over
2,vote,1,13
2,vote,2,11
2,vote,3,13
2,vote,4,11
2,vote,5,8
2,vote,7,11
2,vote,8,11
2,vote,9,13
2,vote,10,11
2,vote,11,13
2,vote,12,11
2,vote,13,9
2,vote,14,11
2,vote,15,11
2,execute,11,VILLAGER
2,divine,9,13,WEREWOLF
2,whisper,0,0,1,Over
2,whisper,1,0,13,ESTIMATE Agent[05] POSSESSED
2,whisper,2,1,13,ATTACK Agent[09]
2,whisper,3,1,1,Over
2,whisper,4,2,1,Over
2,whisper,5,2,13,REQUEST(ATTACK Agent[09])
2,whisper,6,3,1,Over
2,whisper,7,3,13,DIVINED Agent[12] WEREWOLF
2,whisper,8,4,13,Skip
2,whisper,9,4,1,Over
2,whisper,10,5,13,Skip
2,whisper,11,5,1,Over
2,whisper,12,6,13,Over
2,whisper,13,6,1,Over
2,guard,3,9,SEER
2,attackVote,1,9
2,attackVote,13,9
2,attack,9,false
3,status,1,WEREWOLF,ALIVE,wolf1
3,status,2,VILLAGER,ALIVE,SampleRoleAssignPlayer
3,status,3,BODYGUARD,ALIVE,SampleRoleAssignPlayer
3,status,4,VILLAGER,ALIVE,SampleRoleAssignPlayer
3,status,5,POSSESSED,ALIVE,SampleRoleAssignPlayer
3,status,6,WEREWOLF,DEAD,SampleRoleAssignPlayer
3,status,7,VILLAGER,ALIVE,SampleRoleAssignPlayer
3,status,8,VILLAGER,ALIVE,SampleRoleAssignPlayer
3,status,9,SEER,ALIVE,SampleRoleAssignPlayer
3,status,10,VILLAGER,ALIVE,SampleRoleAssignPlayer
3,status,11,VILLAGER,DEAD,SampleRoleAssignPlayer
3,status,12,MEDIUM,ALIVE,SampleRoleAssignPlayer
3,status,13,WEREWOLF,ALIVE,SampleRoleAssignPlayer
3,status,14,VILLAGER,ALIVE,SampleRoleAssignPlayer
3,status,15,VILLAGER,ALIVE,SampleRoleAssignPlayer
3,talk,0,0,4,AGREE TALK day2 ID:10
3,talk,1,0,14,AGREE TALK day2 ID:40
3,talk,2,0,7,AGREE TALK day2 ID:40
3,talk,3,0,1,VOTE Agent[13]
3,talk,4,0,15,AGREE TALK day2 ID:40
3,talk,5,0,5,DIVINED Agent[12] HUMAN
3,talk,6,0,10,AGREE TALK day2 ID:40
3,talk,7,0,9,DIVINED Agent[13] WEREWOLF
3,talk,8,0,13,DIVINED Agent[12] WEREWOLF
3,talk,9,0,2,AGREE TALK day2 ID:10
3,talk,10,0,12,IDENTIFIED Agent[11] HUMAN
3,talk,11,0,8,AGREE TALK day1 ID:19
3,talk,12,0,3,AGREE TALK day2 ID:10
3,talk,13,1,13,VOTE Agent[12]
3,talk,14,1,7,ESTIMATE Agent[08] WEREWOLF
3,talk,15,1,8,AGREE TALK day1 ID:30
3,talk,16,1,4,AGREE TALK day2 ID:53
3,talk,17,1,2,AGREE TALK day2 ID:53
3,talk,18,1,12,AGREE TALK day2 ID:10
3,talk,19,1,3,AGREE TALK day2 ID:53
3,talk,20,1,14,ESTIMATE Agent[08] WEREWOLF
3,talk,21,1,9,REQUEST(VOTE Agent[13])
3,talk,22,1,5,VOTE Agent[06]
3,talk,23,1,15,ESTIMATE Agent[08] WEREWOLF
3,talk,24,1,1,ESTIMATE Agent[06] WEREWOLF
3,talk,25,1,10,ESTIMATE Agent[08] WEREWOLF
3,talk,26,2,10,REQUEST(Agent[09] DIVINATION Agent[08])
3,talk,27,2,12,AGREE TALK day2 ID:53
3,talk,28,2,2,AGREE TALK day2 ID:57
3,talk,29,2,1,ESTIMATE Agent[08] WEREWOLF
3,talk,30,2,14,REQUEST(Agent[09] DIVINATION Agent[08])
3,talk,31,2,8,DISAGREE TALK day1 ID:46
3,talk,32,2,5,REQUEST(VOTE Agent[06])
3,talk,33,2,7,REQUEST(Agent[09] DIVINATION Agent[08])
3,talk,34,2,15,REQUEST(Agent[05] DIVINATION Agent[08])
3,talk,35,2,3,AGREE TALK day2 ID:57
3,talk,36,2,9,VOTE Agent[13]
3,talk,37,2,4,AGREE TALK day2 ID:57
3,talk,38,2,13,REQUEST(VOTE Agent[12])
3,talk,39,3,13,Skip
3,talk,40,3,10,VOTE Agent[08]
3,talk,41,3,9,Skip
3,talk,42,3,1,ESTIMATE Agent[13] WEREWOLF
3,talk,43,3,14,VOTE Agent[08]
3,talk,44,3,15,VOTE Agent[08]
3,talk,45,3,2,ESTIMATE Agent[13] WEREWOLF
3,talk,46,3,8,ESTIMATE Agent[05] WEREWOLF
3,talk,47,3,7,VOTE Agent[08]
3,talk,48,3,5,Skip
3,talk,49,3,3,ESTIMATE Agent[13] WEREWOLF
3,talk,50,3,12,AGREE TALK day2 ID:57
3,talk,51,3,4,ESTIMATE Agent[13] WEREWOLF
3,talk,52,4,10,Skip
3,talk,53,4,1,ESTIMATE Agent[03] VILLAGER
3,talk,54,4,14,Skip
3,talk,55,4,13,Skip
3,talk,56,4,4,REQUEST(Agent[09] DIVINATION Agent[13])
3,talk,57,4,3,REQUEST(Agent[09] DIVINATION Agent[13])
3,talk,58,4,12,ESTIMATE Agent[13] WEREWOLF
3,talk,59,4,5,Skip
3,talk,60,4,15,Skip
3,talk,61,4,2,REQUEST(Agent[09] DIVINATION Agent[13])
3,talk,62,4,8,REQUEST(Agent[09] DIVINATION Agent[05])
3,talk,63,4,7,Skip
3,talk,64,4,9,Skip
3,talk,65,5,12,REQUEST(Agent[09] DIVINATION Agent[13])
3,talk,66,5,3,VOTE Agent[13]
3,talk,67,5,10,Skip
3,talk,68,5,2,VOTE Agent[13]
3,talk,69,5,15,Skip
3,talk,70,5,14,Skip
3,talk,71,5,1,Over
3,talk,72,5,5,Over
3,talk,73,5,9,Over
3,talk,74,5,8,VOTE Agent[05]
3,talk,75,5,13,Over
3,talk,76,5,4,VOTE Agent[13]
3,talk,77,5,7,Skip
3,talk,78,6,1,Over
3,talk,79,6,14,Over
3,talk,80,6,13,Over
3,talk,81,6,7,Over
3,talk,82,6,10,Over
3,talk,83,6,2,Skip
3,talk,84,6,9,Over
3,talk,85,6,12,VOTE Agent[13]
3,talk,86,6,5,Over
3,talk,87,6,15,Over
3,talk,88,6,8,Skip
3,talk,89,6,3,Skip
3,talk,90,6,4,Skip
3,talk,91,7,10,Over
3,talk,92,7,3,Skip
3,talk,93,7,5,Over
3,talk,94,7,14,Over
3,talk,95,7,4,Skip
3,talk,96,7,1,Over
3,talk,97,7,15,Over
3,talk,98,7,12,Skip
3,talk,99,7,9,Over
3,talk,100,7,8,Skip
3,talk,101,7,7,Over
3,talk,102,7,2,Skip
3,talk,103,7,13,Over
3,talk,104,8,14,Over
3,talk,105,8,9,Over
3,talk,106,8,12,Skip
3,talk,107,8,2,Over
3,talk,108,8,10,Over
3,talk,109,8,5,Over
3,talk,110,8,4,Over
3,talk,111,8,13,Over
3,talk,112,8,3,Over
3,talk,113,8,8,Over
3,talk,114,8,7,Over
3,talk,115,8,1,Over
3,talk,116,8,15,Over
3,talk,117,9,13,Over
3,talk,118,9,12,Over
3,talk,119,9,2,Over
3,talk,120,9,5,Over
3,talk,121,9,4,Over
3,talk,122,9,15,Over
3,talk,123,9,9,Over
3,talk,124,9,1,Over
3,talk,125,9,8,Over
3,talk,126,9,10,Over
3,talk,127,9,7,Over
3,talk,128,9,14,Over
3,talk,129,9,3,Over
3,vote,1,13
3,vote,2,13
3,vote,3,13
3,vote,4,13
3,vote,5,1
3,vote,7,8
3,vote,8,5
3,vote,9,13
3,vote,10,8
3,vote,12,13
3,vote,13,12
3,vote,14,8
3,vote,15,8
3,execute,13,WEREWOLF
3,guard,3,9,SEER
4,status,1,WEREWOLF,ALIVE,wolf1
4,status,2,VILLAGER,ALIVE,SampleRoleAssignPlayer
4,status,3,BODYGUARD,ALIVE,SampleRoleAssignPlayer
4,status,4,VILLAGER,ALIVE,SampleRoleAssignPlayer
4,status,5,POSSESSED,ALIVE,SampleRoleAssignPlayer
4,status,6,WEREWOLF,DEAD,SampleRoleAssignPlayer
4,status,7,VILLAGER,ALIVE,SampleRoleAssignPlayer
4,status,8,VILLAGER,ALIVE,SampleRoleAssignPlayer
4,status,9,SEER,ALIVE,SampleRoleAssignPlayer
4,status,10,VILLAGER,ALIVE,SampleRoleAssignPlayer
4,status,11,VILLAGER,DEAD,SampleRoleAssignPlayer
4,status,12,MEDIUM,ALIVE,SampleRoleAssignPlayer
4,status,13,WEREWOLF,DEAD,SampleRoleAssignPlayer
4,status,14,VILLAGER,ALIVE,SampleRoleAssignPlayer
4,status,15,VILLAGER,ALIVE,SampleRoleAssignPlayer
4,talk,0,0,5,DIVINED Agent[15] WEREWOLF
4,talk,1,0,12,IDENTIFIED Agent[13] WEREWOLF
4,talk,2,0,3,AGREE TALK day2 ID:40
4,talk,3,0,7,AGREE TALK day2 ID:40
4,talk,4,0,2,AGREE TALK day2 ID:40
4,talk,5,0,10,AGREE TALK day2 ID:40
4,talk,6,0,9,AGREE TALK day1 ID:19
4,talk,7,0,4,AGREE TALK day2 ID:40
4,talk,8,0,14,AGREE TALK day2 ID:40
4,talk,9,0,8,AGREE TALK day1 ID:19
4,talk,10,0,15,AGREE TALK day2 ID:40
4,talk,11,0,1,VOTE Agent[08]
4,talk,12,1,9,AGREE TALK day1 ID:30
4,talk,13,1,15,AGREE TALK day3 ID:14
4,talk,14,1,1,ESTIMATE Agent[06] WEREWOLF
4,talk,15,1,3,AGREE TALK day3 ID:14
4,talk,16,1,10,AGREE TALK day3 ID:14
4,talk,17,1,14,AGREE TALK day3 ID:14
4,talk,18,1,4,AGREE TALK day3 ID:14
4,talk,19,1,12,AGREE TALK day2 ID:40
4,talk,20,1,7,AGREE TALK day3 ID:14
4,talk,21,1,8,AGREE TALK day1 ID:30
4,talk,22,1,5,VOTE Agent[06]
4,talk,23,1,2,AGREE TALK day3 ID:14
4,talk,24,2,12,AGREE TALK day3 ID:14
4,talk,25,2,9,DISAGREE TALK day1 ID:46
4,talk,26,2,1,ESTIMATE Agent[07] WEREWOLF
4,talk,27,2,5,REQUEST(VOTE Agent[06])
4,talk,28,2,2,AGREE TALK day3 ID:20
4,talk,29,2,14,AGREE TALK day3 ID:20
4,talk,30,2,4,AGREE TALK day3 ID:20
4,talk,31,2,10,AGREE TALK day3 ID:20
4,talk,32,2,15,AGREE TALK day3 ID:20
4,talk,33,2,8,DISAGREE TALK day1 ID:46
4,talk,34,2,3,AGREE TALK day3 ID:20
4,talk,35,2,7,AGREE TALK day3 ID:20
4,talk,36,3,2,AGREE TALK day3 ID:23
4,talk,37,3,1,ESTIMATE Agent[13] WEREWOLF
4,talk,38,3,14,AGREE TALK day3 ID:23
4,talk,39,3,15,AGREE TALK day3 ID:23
4,talk,40,3,12,AGREE TALK day3 ID:20
4,talk,41,3,3,AGREE TALK day3 ID:23
4,talk,42,3,5,Skip
4,talk,43,3,8,AGREE TALK day3 ID:46
4,talk,44,3,4,AGREE TALK day3 ID:23
4,talk,45,3,9,AGREE TALK day3 ID:46
4,talk,46,3,10,AGREE TALK day3 ID:23
4,talk,47,3,7,AGREE TALK day3 ID:23
4,talk,48,4,3,AGREE TALK day3 ID:25
4,talk,49,4,5,Skip
4,talk,50,4,14,AGREE TALK day3 ID:25
4,talk,51,4,15,AGREE TALK day3 ID:25
4,talk,52,4,9,ESTIMATE Agent[05] WEREWOLF
4,talk,53,4,8,ESTIMATE Agent[05] WEREWOLF
4,talk,54,4,2,AGREE TALK day3 ID:25
4,talk,55,4,4,AGREE TALK day3 ID:25
4,talk,56,4,10,AGREE TALK day3 ID:25
4,talk,57,4,7,AGREE TALK day3 ID:25
4,talk,58,4,1,VOTE Agent[05]
4,talk,59,4,12,AGREE TALK day3 ID:23
4,talk,60,5,12,AGREE TALK day3 ID:25
4,talk,61,5,10,AGREE TALK day3 ID:29
4,talk,62,5,5,Over
4,talk,63,5,1,ESTIMATE Agent[03] VILLAGER
4,talk,64,5,2,AGREE TALK day3 ID:29
4,talk,65,5,7,AGREE TALK day3 ID:29
4,talk,66,5,3,AGREE TALK day3 ID:29
4,talk,67,5,4,AGREE TALK day3 ID:29
4,talk,68,5,9,VOTE Agent[05]
4,talk,69,5,8,REQUEST(Agent[09] DIVINATION Agent[05])
4,talk,70,5,15,AGREE TALK day3 ID:29
4,talk,71,5,14,AGREE TALK day3 ID:29
4,talk,72,6,1,ESTIMATE Agent[09] SEER
4,talk,73,6,9,Skip
4,talk,74,6,7,ESTIMATE Agent[08] WEREWOLF
4,talk,75,6,12,AGREE TALK day3 ID:29
4,talk,76,6,5,Over
4,talk,77,6,10,ESTIMATE Agent[08] WEREWOLF
4,talk,78,6,3,ESTIMATE Agent[08] WEREWOLF
4,talk,79,6,2,ESTIMATE Agent[08] WEREWOLF
4,talk,80,6,4,ESTIMATE Agent[08] WEREWOLF
4,talk,81,6,8,VOTE Agent[05]
4,talk,82,6,14,ESTIMATE Agent[08] WEREWOLF
4,talk,83,6,15,ESTIMATE Agent[08] WEREWOLF
4,talk,84,7,3,REQUEST(Agent[09] DIVINATION Agent[08])
4,talk,85,7,12,ESTIMATE Agent[08] WEREWOLF
4,talk,86,7,14,REQUEST(Agent[09] DIVINATION Agent[08])
4,talk,87,7,5,Over
4,talk,88,7,7,REQUEST(Agent[09] DIVINATION Agent[08])
4,talk,89,7,2,REQUEST(Agent[09] DIVINATION Agent[08])
4,talk,90,7,8,Skip
4,talk,91,7,15,REQUEST(Agent[05] DIVINATION Agent[08])
4,talk,92,7,4,REQUEST(Agent[09] DIVINATION Agent[08])
4,talk,93,7,9,Skip
4,talk,94,7,10,REQUEST(Agent[09] DIVINATION Agent[08])
4,talk,95,7,1,Over
4,talk,96,8,10,VOTE Agent[08]
4,talk,97,8,14,VOTE Agent[08]
4,talk,98,8,15,AGREE TALK day1 ID:31
4,talk,99,8,9,Over
4,talk,100,8,2,VOTE Agent[08]
4,talk,101,8,7,VOTE Agent[08]
4,talk,102,8,4,VOTE Agent[08]
4,talk,103,8,1,Over
4,talk,104,8,8,Skip
4,talk,105,8,12,REQUEST(Agent[09] DIVINATION Agent[08])
4,talk,106,8,5,Over
4,talk,107,8,3,VOTE Agent[08]
4,talk,108,9,7,Skip
4,talk,109,9,10,Skip
4,talk,110,9,12,VOTE Agent[08]
4,talk,111,9,1,Over
4,talk,112,9,2,Skip
4,talk,113,9,9,Over
4,talk,114,9,5,Over
4,talk,115,9,15,AGREE TALK day1 ID:33
4,talk,116,9,4,Skip
4,talk,117,9,14,Skip
4,talk,118,9,3,Skip
4,talk,119,9,8,Over
4,talk,120,10,1,Over
4,talk,121,10,2,Skip
4,talk,122,10,8,Over
4,talk,123,10,15,Over
4,talk,124,10,4,Skip
4,talk,125,10,5,Over
4,talk,126,10,10,Skip
4,talk,127,10,7,Skip
4,talk,128,10,3,Skip
4,talk,129,10,12,Over
4,talk,130,10,9,Over
4,talk,131,10,14,Skip
4,talk,132,11,14,Over
4,talk,133,11,7,Over
4,talk,134,11,10,Over
4,talk,135,11,15,Over
4,talk,136,11,1,Over
4,talk,137,11,8,Over
4,talk,138,11,4,Over
4,talk,139,11,9,Over
4,talk,140,11,12,Over
4,talk,141,11,2,Over
4,talk,142,11,3,Over
4,talk,143,11,5,Over
4,vote,1,5
4,vote,2,8
4,vote,3,8
4,vote,4,8
4,vote,5,10
4,vote,7,8
4,vote,8,5
4,vote,9,5
4,vote,10,8
4,vote,12,8
4,vote,14,8
4,vote,15,5
4,execute,8,VILLAGER
4,divine,9,5,HUMAN
4,guard,3,9,SEER
4,attackVote,1,9
4,attack,9,false
5,status,1,WEREWOLF,ALIVE,wolf1
5,status,2,VILLAGER,ALIVE,SampleRoleAssignPlayer
5,status,3,BODYGUARD,ALIVE,SampleRoleAssignPlayer
5,status,4,VILLAGER,ALIVE,SampleRoleAssignPlayer
5,status,5,POSSESSED,ALIVE,SampleRoleAssignPlayer
5,status,6,WEREWOLF,DEAD,SampleRoleAssignPlayer
5,status,7,VILLAGER,ALIVE,SampleRoleAssignPlayer
5,status,8,VILLAGER,DEAD,SampleRoleAssignPlayer
5,status,9,SEER,ALIVE,SampleRoleAssignPlayer
5,status,10,VILLAGER,ALIVE,SampleRoleAssignPlayer
5,status,11,VILLAGER,DEAD,SampleRoleAssignPlayer
5,status,12,MEDIUM,ALIVE,SampleRoleAssignPlayer
5,status,13,WEREWOLF,DEAD,SampleRoleAssignPlayer
5,status,14,VILLAGER,ALIVE,SampleRoleAssignPlayer
5,status,15,VILLAGER,ALIVE,SampleRoleAssignPlayer
5,talk,0,0,5,DIVINED Agent[01] HUMAN
5,talk,1,0,10,ESTIMATE Agent[15] WEREWOLF
5,talk,2,0,12,IDENTIFIED Agent[08] HUMAN
5,talk,3,0,1,VOTE Agent[05]
5,talk,4,0,3,ESTIMATE Agent[15] WEREWOLF
5,talk,5,0,14,ESTIMATE Agent[15] WEREWOLF
5,talk,6,0,15,AGREE TALK day1 ID:19
5,talk,7,0,4,ESTIMATE Agent[15] WEREWOLF
5,talk,8,0,2,ESTIMATE Agent[15] WEREWOLF
5,talk,9,0,9,DIVINED Agent[05] HUMAN
5,talk,10,0,7,ESTIMATE Agent[15] WEREWOLF
5,talk,11,1,5,VOTE Agent[09]
5,talk,12,1,2,REQUEST(Agent[09] DIVINATION Agent[15])
5,talk,13,1,15,AGREE TALK day1 ID:30
5,talk,14,1,7,REQUEST(Agent[09] DIVINATION Agent[15])
5,talk,15,1,1,ESTIMATE Agent[06] WEREWOLF
5,talk,16,1,10,REQUEST(Agent[09] DIVINATION Agent[15])
5,talk,17,1,3,REQUEST(Agent[09] DIVINATION Agent[15])
5,talk,18,1,14,REQUEST(Agent[09] DIVINATION Agent[15])
5,talk,19,1,9,VOTE Agent[10]
5,talk,20,1,12,AGREE TALK day1 ID:19
5,talk,21,1,4,REQUEST(Agent[09] DIVINATION Agent[15])
5,talk,22,2,10,VOTE Agent[15]
5,talk,23,2,1,ESTIMATE Agent[07] WEREWOLF
5,talk,24,2,5,REQUEST(VOTE Agent[09])
5,talk,25,2,4,VOTE Agent[15]
5,talk,26,2,14,VOTE Agent[15]
5,talk,27,2,9,Skip
5,talk,28,2,3,VOTE Agent[15]
5,talk,29,2,2,VOTE Agent[15]
5,talk,30,2,7,VOTE Agent[15]
5,talk,31,2,15,DISAGREE TALK day1 ID:46
5,talk,32,2,12,AGREE TALK day1 ID:30
5,talk,33,3,14,Skip
5,talk,34,3,3,Skip
5,talk,35,3,12,DISAGREE TALK day1 ID:46
5,talk,36,3,15,AGREE TALK day3 ID:46
5,talk,37,3,5,Skip
5,talk,38,3,9,Skip
5,talk,39,3,1,ESTIMATE Agent[13] WEREWOLF
5,talk,40,3,2,Skip
5,talk,41,3,10,Skip
5,talk,42,3,7,Skip
5,talk,43,3,4,Skip
5,talk,44,4,5,Skip
5,talk,45,4,7,Skip
5,talk,46,4,10,Skip
5,talk,47,4,3,Skip
5,talk,48,4,12,AGREE TALK day3 ID:46
5,talk,49,4,1,ESTIMATE Agent[03] VILLAGER
5,talk,50,4,2,Skip
5,talk,51,4,9,Over
5,talk,52,4,14,Skip
5,talk,53,4,4,Skip
5,talk,54,4,15,AGREE TALK day4 ID:52
5,talk,55,5,12,AGREE TALK day4 ID:52
5,talk,56,5,2,Over
5,talk,57,5,14,Over
5,talk,58,5,3,Over
5,talk,59,5,4,Over
5,talk,60,5,15,AGREE TALK day4 ID:53
5,talk,61,5,9,Over
5,talk,62,5,5,Over
5,talk,63,5,7,Over
5,talk,64,5,1,ESTIMATE Agent[09] SEER
5,talk,65,5,10,Over
5,talk,66,6,12,AGREE TALK day4 ID:53
5,talk,67,6,5,Over
5,talk,68,6,9,Over
5,talk,69,6,4,Over
5,talk,70,6,14,Over
5,talk,71,6,1,ESTIMATE Agent[12] MEDIUM
5,talk,72,6,7,Over
5,talk,73,6,3,Over
5,talk,74,6,10,Over
5,talk,75,6,2,Over
5,talk,76,6,15,ESTIMATE Agent[05] WEREWOLF
5,talk,77,7,2,Over
5,talk,78,7,10,Over
5,talk,79,7,4,Over
5,talk,80,7,14,Over
5,talk,81,7,5,Over
5,talk,82,7,3,Over
5,talk,83,7,9,Over
5,talk,84,7,7,Over
5,talk,85,7,15,REQUEST(Agent[09] DIVINATION Agent[05])
5,talk,86,7,12,ESTIMATE Agent[05] WEREWOLF
5,talk,87,7,1,Over
5,talk,88,8,1,Over
5,talk,89,8,9,Over
5,talk,90,8,3,Over
5,talk,91,8,12,REQUEST(Agent[09] DIVINATION Agent[05])
5,talk,92,8,4,Over
5,talk,93,8,5,Over
5,talk,94,8,15,VOTE Agent[05]
5,talk,95,8,10,Over
5,talk,96,8,2,Over
5,talk,97,8,14,Over
5,talk,98,8,7,Over
5,talk,99,9,10,Over
5,talk,100,9,3,Over
5,talk,101,9,5,Over
5,talk,102,9,2,Over
5,talk,103,9,7,Over
5,talk,104,9,12,VOTE Agent[05]
5,talk,105,9,4,Over
5,talk,106,9,14,Over
5,talk,107,9,1,Over
5,talk,108,9,9,Over
5,talk,109,9,15,Skip
5,talk,110,10,10,Over
5,talk,111,10,5,Over
5,talk,112,10,3,Over
5,talk,113,10,2,Over
5,talk,114,10,15,Skip
5,talk,115,10,1,Over
5,talk,116,10,4,Over
5,talk,117,10,14,Over
5,talk,118,10,9,Over
5,talk,119,10,12,Over
5,talk,120,10,7,Over
5,talk,121,11,15,Over
5,talk,122,11,5,Over
5,talk,123,11,12,Over
5,talk,124,11,2,Over
5,talk,125,11,3,Over
5,talk,126,11,10,Over
5,talk,127,11,7,Over
5,talk,128,11,14,Over
5,talk,129,11,4,Over
5,talk,130,11,1,Over
5,talk,131,11,9,Over
5,vote,1,5
5,vote,2,15
5,vote,3,15
5,vote,4,15
5,vote,5,9
5,vote,7,15
5,vote,9,10
5,vote,10,15
5,vote,12,5
5,vote,14,15
5,vote,15,5
5,execute,15,VILLAGER
5,divine,9,2,HUMAN
5,guard,3,9,SEER
5,attackVote,1,9
5,attack,9,false
6,status,1,WEREWOLF,ALIVE,wolf1
6,status,2,VILLAGER,ALIVE,SampleRoleAssignPlayer
6,status,3,BODYGUARD,ALIVE,SampleRoleAssignPlayer
6,status,4,VILLAGER,ALIVE,SampleRoleAssignPlayer
6,status,5,POSSESSED,ALIVE,SampleRoleAssignPlayer
6,status,6,WEREWOLF,DEAD,SampleRoleAssignPlayer
6,status,7,VILLAGER,ALIVE,SampleRoleAssignPlayer
6,status,8,VILLAGER,DEAD,SampleRoleAssignPlayer
6,status,9,SEER,ALIVE,SampleRoleAssignPlayer
6,status,10,VILLAGER,ALIVE,SampleRoleAssignPlayer
6,status,11,VILLAGER,DEAD,SampleRoleAssignPlayer
6,status,12,MEDIUM,ALIVE,SampleRoleAssignPlayer
6,status,13,WEREWOLF,DEAD,SampleRoleAssignPlayer
6,status,14,VILLAGER,ALIVE,SampleRoleAssignPlayer
6,status,15,VILLAGER,DEAD,SampleRoleAssignPlayer
6,talk,0,0,10,VOTE Agent[07]
6,talk,1,0,12,IDENTIFIED Agent[15] HUMAN
6,talk,2,0,7,VOTE Agent[14]
6,talk,3,0,3,VOTE Agent[05]
6,talk,4,0,1,VOTE Agent[05]
6,talk,5,0,4,VOTE Agent[02]
6,talk,6,0,14,VOTE Agent[09]
6,talk,7,0,9,DIVINED Agent[02] HUMAN
6,talk,8,0,5,DIVINED Agent[10] HUMAN
6,talk,9,0,2,VOTE Agent[12]
6,talk,10,1,1,ESTIMATE Agent[06] WEREWOLF
6,talk,11,1,12,AGREE TALK day1 ID:19
6,talk,12,1,2,Skip
6,talk,13,1,9,VOTE Agent[14]
6,talk,14,1,4,Skip
6,talk,15,1,3,Skip
6,talk,16,1,14,Skip
6,talk,17,1,7,Skip
6,talk,18,1,10,Skip
6,talk,19,1,5,VOTE Agent[09]
6,talk,20,2,3,Skip
6,talk,21,2,14,Skip
6,talk,22,2,4,Skip
6,talk,23,2,2,Skip
6,talk,24,2,10,Skip
6,talk,25,2,12,AGREE TALK day1 ID:30
6,talk,26,2,1,ESTIMATE Agent[13] WEREWOLF
6,talk,27,2,9,Skip
6,talk,28,2,7,Skip
6,talk,29,2,5,REQUEST(VOTE Agent[09])
6,talk,30,3,9,Skip
6,talk,31,3,4,Over
6,talk,32,3,5,Skip
6,talk,33,3,10,Over
6,talk,34,3,14,Over
6,talk,35,3,7,Over
6,talk,36,3,1,ESTIMATE Agent[14] WEREWOLF
6,talk,37,3,12,DISAGREE TALK day1 ID:46
6,talk,38,3,2,Over
6,talk,39,3,3,Over
6,talk,40,4,12,AGREE TALK day3 ID:46
6,talk,41,4,4,Over
6,talk,42,4,1,ESTIMATE Agent[02] VILLAGER
6,talk,43,4,3,Over
6,talk,44,4,2,Over
6,talk,45,4,14,Over
6,talk,46,4,5,Skip
6,talk,47,4,7,Over
6,talk,48,4,10,Over
6,talk,49,4,9,Over
6,talk,50,5,12,AGREE TALK day4 ID:52
6,talk,51,5,14,Over
6,talk,52,5,9,Over
6,talk,53,5,2,Over
6,talk,54,5,7,Over
6,talk,55,5,1,ESTIMATE Agent[03] VILLAGER
6,talk,56,5,5,Over
6,talk,57,5,3,Over
6,talk,58,5,4,Over
6,talk,59,5,10,Over
6,talk,60,6,12,AGREE TALK day4 ID:53
6,talk,61,6,3,Over
6,talk,62,6,5,Over
6,talk,63,6,9,Over
6,talk,64,6,4,Over
6,talk,65,6,7,Over
6,talk,66,6,10,Over
6,talk,67,6,1,ESTIMATE Agent[09] SEER
6,talk,68,6,14,Over
6,talk,69,6,2,Over
6,talk,70,7,5,Over
6,talk,71,7,1,ESTIMATE Agent[12] MEDIUM
6,talk,72,7,14,Over
6,talk,73,7,10,Over
6,talk,74,7,3,Over
6,talk,75,7,12,AGREE TALK day5 ID:76
6,talk,76,7,2,Over
6,talk,77,7,4,Over
6,talk,78,7,7,Over
6,talk,79,7,9,Over
6,talk,80,8,9,Over
6,talk,81,8,2,Over
6,talk,82,8,14,Over
6,talk,83,8,5,Over
6,talk,84,8,4,Over
6,talk,85,8,3,Over
6,talk,86,8,7,Over
6,talk,87,8,12,AGREE TALK day5 ID:86
6,talk,88,8,10,Over
6,talk,89,8,1,Over
6,talk,90,9,4,Over
6,talk,91,9,2,Over
6,talk,92,9,7,Over
6,talk,93,9,3,Over
6,talk,94,9,14,Over
6,talk,95,9,9,Over
6,talk,96,9,1,Over
6,talk,97,9,12,ESTIMATE Agent[05] WEREWOLF
6,talk,98,9,5,Over
6,talk,99,9,10,Over
6,talk,100,10,4,Over
6,talk,101,10,14,Over
6,talk,102,10,2,Over
6,talk,103,10,9,Over
6,talk,104,10,12,Over
6,talk,105,10,7,Over
6,talk,106,10,1,Over
6,talk,107,10,10,Over
6,talk,108,10,5,Over
6,talk,109,10,3,Over
6,vote,1,5
6,vote,2,12
6,vote,3,5
6,vote,4,2
6,vote,5,9
6,vote,7,14
6,vote,9,14
6,vote,10,7
6,vote,12,5
6,vote,14,9
6,execute,5,POSSESSED
6,divine,9,4,HUMAN
6,guard,3,9,SEER
6,attackVote,1,9
6,attack,9,false
7,status,1,WEREWOLF,ALIVE,wolf1
7,status,2,VILLAGER,ALIVE,SampleRoleAssignPlayer
7,status,3,BODYGUARD,ALIVE,SampleRoleAssignPlayer
7,status,4,VILLAGER,ALIVE,SampleRoleAssignPlayer
7,status,5,POSSESSED,DEAD,SampleRoleAssignPlayer
7,status,6,WEREWOLF,DEAD,SampleRoleAssignPlayer
7,status,7,VILLAGER,ALIVE,SampleRoleAssignPlayer
7,status,8,VILLAGER,DEAD,SampleRoleAssignPlayer
7,status,9,SEER,ALIVE,SampleRoleAssignPlayer
7,status,10,VILLAGER,ALIVE,SampleRoleAssignPlayer
7,status,11,VILLAGER,DEAD,SampleRoleAssignPlayer
7,status,12,MEDIUM,ALIVE,SampleRoleAssignPlayer
7,status,13,WEREWOLF,DEAD,SampleRoleAssignPlayer
7,status,14,VILLAGER,ALIVE,SampleRoleAssignPlayer
7,status,15,VILLAGER,DEAD,SampleRoleAssignPlayer
7,talk,0,0,1,VOTE Agent[07]
7,talk,1,0,10,VOTE Agent[03]
7,talk,2,0,3,VOTE Agent[12]
7,talk,3,0,7,VOTE Agent[04]
7,talk,4,0,14,VOTE Agent[07]
7,talk,5,0,2,VOTE Agent[14]
7,talk,6,0,12,IDENTIFIED Agent[05] HUMAN
7,talk,7,0,9,DIVINED Agent[04] HUMAN
7,talk,8,0,4,VOTE Agent[03]
7,talk,9,1,10,Skip
7,talk,10,1,12,VOTE Agent[03]
7,talk,11,1,2,Skip
7,talk,12,1,4,Skip
7,talk,13,1,9,VOTE Agent[14]
7,talk,14,1,7,Skip
7,talk,15,1,14,Skip
7,talk,16,1,3,Skip
7,talk,17,1,1,ESTIMATE Agent[06] WEREWOLF
7,talk,18,2,4,Skip
7,talk,19,2,3,Skip
7,talk,20,2,12,Skip
7,talk,21,2,9,Skip
7,talk,22,2,7,Skip
7,talk,23,2,14,Skip
7,talk,24,2,10,Skip
7,talk,25,2,1,ESTIMATE Agent[07] WEREWOLF
7,talk,26,2,2,Skip
7,talk,27,3,3,Over
7,talk,28,3,2,Over
7,talk,29,3,9,Skip
7,talk,30,3,7,Over
7,talk,31,3,4,Over
7,talk,32,3,12,Skip
7,talk,33,3,1,ESTIMATE Agent[13] WEREWOLF
7,talk,34,3,10,Over
7,talk,35,3,14,Over
7,talk,36,4,9,Over
7,talk,37,4,14,Over
7,talk,38,4,7,Over
7,talk,39,4,10,Over
7,talk,40,4,4,Over
7,talk,41,4,1,ESTIMATE Agent[02] VILLAGER
7,talk,42,4,2,Over
7,talk,43,4,12,Over
7,talk,44,4,3,Over
7,talk,45,5,10,Over
7,talk,46,5,4,Over
7,talk,47,5,12,Over
7,talk,48,5,2,Over
7,talk,49,5,3,Over
7,talk,50,5,9,Over
7,talk,51,5,14,Over
7,talk,52,5,1,ESTIMATE Agent[03] VILLAGER
7,talk,53,5,7,Over
7,talk,54,6,2,Over
7,talk,55,6,1,ESTIMATE Agent[04] VILLAGER
7,talk,56,6,10,Over
7,talk,57,6,7,Over
7,talk,58,6,9,Over
7,talk,59,6,12,Over
7,talk,60,6,3,Over
7,talk,61,6,4,Over
7,talk,62,6,14,Over
7,talk,63,7,1,ESTIMATE Agent[09] SEER
7,talk,64,7,4,Over
7,talk,65,7,14,Over
7,talk,66,7,12,Over
7,talk,67,7,7,Over
7,talk,68,7,3,Over
7,talk,69,7,10,Over
7,talk,70,7,2,Over
7,talk,71,7,9,Over
7,talk,72,8,9,Over
7,talk,73,8,1,ESTIMATE Agent[12] MEDIUM
7,talk,74,8,4,Over
7,talk,75,8,7,Over
7,talk,76,8,2,Over
7,talk,77,8,14,Over
7,talk,78,8,12,Over
7,talk,79,8,3,Over
7,talk,80,8,10,Over
7,talk,81,9,4,Over
7,talk,82,9,2,Over
7,talk,83,9,12,Over
7,talk,84,9,14,Over
7,talk,85,9,1,Over
7,talk,86,9,3,Over
7,talk,87,9,7,Over
7,talk,88,9,10,Over
7,talk,89,9,9,Over
7,vote,1,7
7,vote,2,14
7,vote,3,12
7,vote,4,3
7,vote,7,4
7,vote,9,14
7,vote,10,3
7,vote,12,3
7,vote,14,7
7,execute,3,BODYGUARD
7,divine,9,14,HUMAN
7,attackVote,1,9
7,attack,9,true
8,status,1,WEREWOLF,ALIVE,wolf1
8,status,2,VILLAGER,ALIVE,SampleRoleAssignPlayer
8,status,3,BODYGUARD,DEAD,SampleRoleAssignPlayer
8,status,4,VILLAGER,ALIVE,SampleRoleAssignPlayer
8,status,5,POSSESSED,DEAD,SampleRoleAssignPlayer
8,status,6,WEREWOLF,DEAD,SampleRoleAssignPlayer
8,status,7,VILLAGER,ALIVE,SampleRoleAssignPlayer
8,status,8,VILLAGER,DEAD,SampleRoleAssignPlayer
8,status,9,SEER,DEAD,SampleRoleAssignPlayer
8,status,10,VILLAGER,ALIVE,SampleRoleAssignPlayer
8,status,11,VILLAGER,DEAD,SampleRoleAssignPlayer
8,status,12,MEDIUM,ALIVE,SampleRoleAssignPlayer
8,status,13,WEREWOLF,DEAD,SampleRoleAssignPlayer
8,status,14,VILLAGER,ALIVE,SampleRoleAssignPlayer
8,status,15,VILLAGER,DEAD,SampleRoleAssignPlayer
8,talk,0,0,4,VOTE Agent[02]
8,talk,1,0,10,VOTE Agent[01]
8,talk,2,0,14,VOTE Agent[04]
8,talk,3,0,2,VOTE Agent[01]
8,talk,4,0,12,IDENTIFIED Agent[03] HUMAN
8,talk,5,0,7,VOTE Agent[02]
8,talk,6,0,1,VOTE Agent[07]
8,talk,7,1,7,Skip
8,talk,8,1,10,Skip
8,talk,9,1,12,VOTE Agent[01]
8,talk,10,1,4,Skip
8,talk,11,1,1,ESTIMATE Agent[06] WEREWOLF
8,talk,12,1,14,Skip
8,talk,13,1,2,Skip
8,talk,14,2,7,Skip
8,talk,15,2,12,Skip
8,talk,16,2,10,Skip
8,talk,17,2,2,Skip
8,talk,18,2,4,Skip
8,talk,19,2,1,ESTIMATE Agent[07] WEREWOLF
8,talk,20,2,14,Skip
8,talk,21,3,14,Over
8,talk,22,3,4,Over
8,talk,23,3,7,Over
8,talk,24,3,2,Over
8,talk,25,3,12,Skip
8,talk,26,3,1,ESTIMATE Agent[13] WEREWOLF
8,talk,27,3,10,Over
8,talk,28,4,14,Over
8,talk,29,4,10,Over
8,talk,30,4,4,Over
8,talk,31,4,1,ESTIMATE Agent[02] VILLAGER
8,talk,32,4,2,Over
8,talk,33,4,12,Over
8,talk,34,4,7,Over
8,talk,35,5,14,Over
8,talk,36,5,4,Over
8,talk,37,5,12,Over
8,talk,38,5,10,Over
8,talk,39,5,1,ESTIMATE Agent[04] VILLAGER
8,talk,40,5,7,Over
8,talk,41,5,2,Over
8,talk,42,6,10,Over
8,talk,43,6,12,Over
8,talk,44,6,1,ESTIMATE Agent[12] MEDIUM
8,talk,45,6,4,Over
8,talk,46,6,7,Over
8,talk,47,6,14,Over
8,talk,48,6,2,Over
8,talk,49,7,12,Over
8,talk,50,7,10,Over
8,talk,51,7,14,Over
8,talk,52,7,1,Over
8,talk,53,7,2,Over
8,talk,54,7,7,Over
8,talk,55,7,4,Over
8,vote,1,7
8,vote,2,1
8,vote,4,2
8,vote,7,2
8,vote,10,1
8,vote,12,1
8,vote,14,4
8,execute,1,WEREWOLF
8,attack,10,true
9,status,1,WEREWOLF,DEAD,wolf1
9,status,2,VILLAGER,ALIVE,SampleRoleAssignPlayer
9,status,3,BODYGUARD,DEAD,SampleRoleAssignPlayer
9,status,4,VILLAGER,ALIVE,SampleRoleAssignPlayer
9,status,5,POSSESSED,DEAD,SampleRoleAssignPlayer
9,status,6,WEREWOLF,DEAD,SampleRoleAssignPlayer
9,status,7,VILLAGER,ALIVE,SampleRoleAssignPlayer
9,status,8,VILLAGER,DEAD,SampleRoleAssignPlayer
9,status,9,SEER,DEAD,SampleRoleAssignPlayer
9,status,10,VILLAGER,DEAD,SampleRoleAssignPlayer
9,status,11,VILLAGER,DEAD,SampleRoleAssignPlayer
9,status,12,MEDIUM,ALIVE,SampleRoleAssignPlayer
9,status,13,WEREWOLF,DEAD,SampleRoleAssignPlayer
9,status,14,VILLAGER,ALIVE,SampleRoleAssignPlayer
9,status,15,VILLAGER,DEAD,SampleRoleAssignPlayer
9,result,5,0,VILLAGER
