0,status,1,POSSESSED,ALIVE,wolf1
0,status,2,VILLAGER,ALIVE,SampleRoleAssignPlayer
0,status,3,BODYGUARD,ALIVE,SampleRoleAssignPlayer
0,status,4,VILLAGER,ALIVE,SampleRoleAssignPlayer
0,status,5,VILLAGER,ALIVE,SampleRoleAssignPlayer
0,status,6,VILLAGER,ALIVE,SampleRoleAssignPlayer
0,status,7,VILLAGER,ALIVE,SampleRoleAssignPlayer
0,status,8,WEREWOLF,ALIVE,SampleRoleAssignPlayer
0,status,9,WEREWOLF,ALIVE,SampleRoleAssignPlayer
0,status,10,VILLAGER,ALIVE,SampleRoleAssignPlayer
0,status,11,SEER,ALIVE,SampleRoleAssignPlayer
0,status,12,VILLAGER,ALIVE,SampleRoleAssignPlayer
0,status,13,MEDIUM,ALIVE,SampleRoleAssignPlayer
0,status,14,WEREWOLF,ALIVE,SampleRoleAssignPlayer
0,status,15,VILLAGER,ALIVE,SampleRoleAssignPlayer
0,whisper,0,0,8,COMINGOUT Agent[08] MEDIUM
0,whisper,1,0,9,COMINGOUT Agent[09] MEDIUM
0,whisper,2,0,14,COMINGOUT Agent[14] VILLAGER
0,whisper,3,1,8,Skip
0,whisper,4,1,14,COMINGOUT Agent[14] SEER
0,whisper,5,1,9,Skip
0,whisper,6,2,9,Skip
0,whisper,7,2,8,Skip
0,whisper,8,2,14,Skip
0,whisper,9,3,8,COMINGOUT Agent[08] VILLAGER
0,whisper,10,3,9,COMINGOUT Agent[09] VILLAGER
0,whisper,11,3,14,Skip
0,whisper,12,4,9,COMINGOUT Agent[09] MEDIUM
0,whisper,13,4,14,Over
0,whisper,14,4,8,Skip
0,whisper,15,5,14,DIVINED Agent[15] HUMAN
0,whisper,16,5,8,Skip
0,whisper,17,5,9,Skip
0,whisper,18,6,8,Over
0,whisper,19,6,14,Skip
0,whisper,20,6,9,Skip
0,whisper,21,7,9,Over
0,whisper,22,7,14,Skip
0,whisper,23,7,8,Over
0,whisper,24,8,14,Over
0,whisper,25,8,9,Over
0,whisper,26,8,8,Over
0,divine,11,8,WEREWOLF
1,status,1,POSSESSED,ALIVE,wolf1
1,status,2,VILLAGER,ALIVE,SampleRoleAssignPlayer
1,status,3,BODYGUARD,ALIVE,SampleRoleAssignPlayer
1,status,4,VILLAGER,ALIVE,SampleRoleAssignPlayer
1,status,5,VILLAGER,ALIVE,SampleRoleAssignPlayer
1,status,6,VILLAGER,ALIVE,SampleRoleAssignPlayer
1,status,7,VILLAGER,ALIVE,SampleRoleAssignPlayer
1,status,8,WEREWOLF,ALIVE,SampleRoleAssignPlayer
1,status,9,WEREWOLF,ALIVE,SampleRoleAssignPlayer
1,status,10,VILLAGER,ALIVE,SampleRoleAssignPlayer
1,status,11,SEER,ALIVE,SampleRoleAssignPlayer
1,status,12,VILLAGER,ALIVE,SampleRoleAssignPlayer
1,status,13,MEDIUM,ALIVE,SampleRoleAssignPlayer
1,status,14,WEREWOLF,ALIVE,SampleRoleAssignPlayer
1,status,15,VILLAGER,ALIVE,SampleRoleAssignPlayer
1,talk,0,0,5,VOTE Agent[07]
1,talk,1,0,12,VOTE Agent[13]
1,talk,2,0,9,VOTE Agent[03]
1,talk,3,0,14,VOTE Agent[10]
1,talk,4,0,1,COMINGOUT Agent[01] SEER
1,talk,5,0,2,VOTE Agent[05]
1,talk,6,0,4,VOTE Agent[01]
1,talk,7,0,3,VOTE Agent[04]
1,talk,8,0,15,VOTE Agent[01]
1,talk,9,0,7,VOTE Agent[04]
1,talk,10,0,10,VOTE Agent[12]
1,talk,11,0,6,VOTE Agent[03]
1,talk,12,0,13,VOTE Agent[14]
1,talk,13,0,11,COMINGOUT Agent[11] SEER
1,talk,14,0,8,VOTE Agent[13]
1,talk,15,1,5,Skip
1,talk,16,1,7,Skip
1,talk,17,1,12,Skip
1,talk,18,1,9,REQUEST(VOTE Agent[03])
1,talk,19,1,1,DIVINED Agent[13] HUMAN
1,talk,20,1,11,DIVINED Agent[08] WEREWOLF
1,talk,21,1,10,Skip
1,talk,22,1,6,Skip
1,talk,23,1,4,Skip
1,talk,24,1,3,Skip
1,talk,25,1,15,Skip
1,talk,26,1,13,Skip
1,talk,27,1,14,REQUEST(VOTE Agent[10])
1,talk,28,1,2,Skip
1,talk,29,1,8,REQUEST(VOTE Agent[13])
1,talk,30,2,4,ESTIMATE Agent[11] SEER
1,talk,31,2,3,ESTIMATE Agent[01] SEER
1,talk,32,2,2,ESTIMATE Agent[11] SEER
1,talk,33,2,14,VOTE Agent[11]
1,talk,34,2,1,VOTE Agent[15]
1,talk,35,2,15,ESTIMATE Agent[01] SEER
1,talk,36,2,8,Skip
1,talk,37,2,10,ESTIMATE Agent[11] SEER
1,talk,38,2,9,Skip
1,talk,39,2,6,ESTIMATE Agent[11] SEER
1,talk,40,2,12,ESTIMATE Agent[11] SEER
1,talk,41,2,11,REQUEST(VOTE Agent[08])
1,talk,42,2,13,ESTIMATE Agent[11] SEER
1,talk,43,2,7,ESTIMATE Agent[01] SEER
1,talk,44,2,5,ESTIMATE Agent[01] SEER
1,talk,45,3,2,ESTIMATE Agent[08] WEREWOLF
1,talk,46,3,10,ESTIMATE Agent[08] WEREWOLF
1,talk,47,3,4,ESTIMATE Agent[08] WEREWOLF
1,talk,48,3,7,ESTIMATE Agent[08] WEREWOLF
1,talk,49,3,5,ESTIMATE Agent[08] WEREWOLF
1,talk,50,3,14,REQUEST(VOTE Agent[11])
1,talk,51,3,1,ESTIMATE Agent[05] WEREWOLF
1,talk,52,3,9,Skip
1,talk,53,3,15,ESTIMATE Agent[08] WEREWOLF
1,talk,54,3,13,ESTIMATE Agent[08] WEREWOLF
1,talk,55,3,11,VOTE Agent[08]
1,talk,56,3,8,Skip
1,talk,57,3,12,ESTIMATE Agent[08] WEREWOLF
1,talk,58,3,6,ESTIMATE Agent[08] WEREWOLF
1,talk,59,3,3,ESTIMATE Agent[08] WEREWOLF
1,talk,60,4,15,REQUEST(Agent[01] DIVINATION Agent[08])
1,talk,61,4,7,REQUEST(Agent[01] DIVINATION Agent[08])
1,talk,62,4,1,ESTIMATE Agent[12] WEREWOLF
1,talk,63,4,10,REQUEST(Agent[11] DIVINATION Agent[08])
1,talk,64,4,11,Skip
1,talk,65,4,5,REQUEST(Agent[01] DIVINATION Agent[08])
1,talk,66,4,9,Over
1,talk,67,4,4,REQUEST(Agent[11] DIVINATION Agent[08])
1,talk,68,4,2,REQUEST(Agent[11] DIVINATION Agent[08])
1,talk,69,4,8,Over
1,talk,70,4,3,REQUEST(Agent[01] DIVINATION Agent[08])
1,talk,71,4,6,REQUEST(Agent[11] DIVINATION Agent[08])
1,talk,72,4,13,REQUEST(Agent[11] DIVINATION Agent[08])
1,talk,73,4,14,COMINGOUT Agent[14] SEER
1,talk,74,4,12,REQUEST(Agent[11] DIVINATION Agent[08])
1,talk,75,5,14,DIVINED Agent[15] HUMAN
1,talk,76,5,7,VOTE Agent[08]
1,talk,77,5,10,VOTE Agent[08]
1,talk,78,5,13,VOTE Agent[08]
1,talk,79,5,9,Over
1,talk,80,5,5,VOTE Agent[08]
1,talk,81,5,12,VOTE Agent[08]
1,talk,82,5,15,VOTE Agent[08]
1,talk,83,5,1,ESTIMATE Agent[14] WEREWOLF
1,talk,84,5,8,Over
1,talk,85,5,11,Skip
1,talk,86,5,6,VOTE Agent[08]
1,talk,87,5,3,VOTE Agent[08]
1,talk,88,5,4,VOTE Agent[08]
1,talk,89,5,2,VOTE Agent[08]
1,talk,90,6,15,Skip
1,talk,91,6,6,Skip
1,talk,92,6,3,Skip
1,talk,93,6,10,Skip
1,talk,94,6,12,Skip
1,talk,95,6,13,Skip
1,talk,96,6,8,Over
1,talk,97,6,2,Skip
1,talk,98,6,4,Skip
1,talk,99,6,7,Skip
1,talk,100,6,5,Skip
1,talk,101,6,11,Over
1,talk,102,6,9,Over
1,talk,103,6,1,VOTE Agent[05]
1,talk,104,6,14,Skip
1,talk,105,7,3,Skip
1,talk,106,7,6,Skip
1,talk,107,7,4,Skip
1,talk,108,7,14,Skip
1,talk,109,7,11,Over
1,talk,110,7,2,Skip
1,talk,111,7,13,Skip
1,talk,112,7,1,ESTIMATE Agent[15] WEREWOLF
1,talk,113,7,8,Over
1,talk,114,7,15,Skip
1,talk,115,7,10,Skip
1,talk,116,7,12,Skip
1,talk,117,7,9,Over
1,talk,118,7,7,Skip
1,talk,119,7,5,Skip
1,talk,120,8,7,Over
1,talk,121,8,9,Over
1,talk,122,8,10,Over
1,talk,123,8,12,Over
1,talk,124,8,15,Over
1,talk,125,8,1,ESTIMATE Agent[13] VILLAGER
1,talk,126,8,2,Over
1,talk,127,8,4,Over
1,talk,128,8,11,Over
1,talk,129,8,5,Over
1,talk,130,8,6,Over
1,talk,131,8,14,Over
1,talk,132,8,3,Over
1,talk,133,8,13,Over
1,talk,134,8,8,Over
1,talk,135,9,12,Over
1,talk,136,9,9,Over
1,talk,137,9,11,Over
1,talk,138,9,14,Over
1,talk,139,9,1,Over
1,talk,140,9,7,Over
1,talk,141,9,10,Over
1,talk,142,9,13,Over
1,talk,143,9,5,Over
1,talk,144,9,15,Over
1,talk,145,9,3,Over
1,talk,146,9,4,Over
1,talk,147,9,8,Over
1,talk,148,9,2,Over
1,talk,149,9,6,Over
1,vote,1,5
1,vote,2,8
1,vote,3,8
1,vote,4,8
1,vote,5,8
1,vote,6,8
1,vote,7,8
1,vote,8,13
1,vote,9,3
1,vote,10,8
1,vote,11,8
1,vote,12,8
1,vote,13,8
1,vote,14,11
1,vote,15,8
1,execute,8,WEREWOLF
1,divine,11,13,HUMAN
1,whisper,0,0,14,ATTACK Agent[11]
1,whisper,1,0,9,ATTACK Agent[01]
1,whisper,2,1,9,REQUEST(ATTACK Agent[01])
1,whisper,3,1,14,REQUEST(ATTACK Agent[11])
1,whisper,4,2,14,DIVINED Agent[13] WEREWOLF
1,whisper,5,2,9,IDENTIFIED Agent[08] HUMAN
1,whisper,6,3,9,Skip
1,whisper,7,3,14,Skip
1,whisper,8,4,14,Skip
1,whisper,9,4,9,Skip
1,whisper,10,5,14,Over
1,whisper,11,5,9,Over
1,guard,3,1,POSSESSED
1,attackVote,9,1
1,attackVote,14,11
1,attackVote,9,1
1,attackVote,14,11
1,attack,1,false
2,status,1,POSSESSED,ALIVE,wolf1
2,status,2,VILLAGER,ALIVE,SampleRoleAssignPlayer
2,status,3,BODYGUARD,ALIVE,SampleRoleAssignPlayer
2,status,4,VILLAGER,ALIVE,SampleRoleAssignPlayer
2,status,5,VILLAGER,ALIVE,SampleRoleAssignPlayer
2,status,6,VILLAGER,ALIVE,SampleRoleAssignPlayer
2,status,7,VILLAGER,ALIVE,SampleRoleAssignPlayer
2,status,8,WEREWOLF,DEAD,SampleRoleAssignPlayer
2,status,9,WEREWOLF,ALIVE,SampleRoleAssignPlayer
2,status,10,VILLAGER,ALIVE,SampleRoleAssignPlayer
2,status,11,SEER,ALIVE,SampleRoleAssignPlayer
2,status,12,VILLAGER,ALIVE,SampleRoleAssignPlayer
2,status,13,MEDIUM,ALIVE,SampleRoleAssignPlayer
2,status,14,WEREWOLF,ALIVE,SampleRoleAssignPlayer
2,status,15,VILLAGER,ALIVE,SampleRoleAssignPlayer
2,talk,0,0,2,VOTE Agent[04]
2,talk,1,0,6,VOTE Agent[13]
2,talk,2,0,14,DIVINED Agent[13] WEREWOLF
2,talk,3,0,15,VOTE Agent[06]
2,talk,4,0,11,DIVINED Agent[13] HUMAN
2,talk,5,0,4,VOTE Agent[09]
2,talk,6,0,13,COMINGOUT Agent[13] MEDIUM
2,talk,7,0,10,VOTE Agent[12]
2,talk,8,0,9,VOTE Agent[11]
2,talk,9,0,3,VOTE Agent[05]
2,talk,10,0,7,VOTE Agent[14]
2,talk,11,0,5,VOTE Agent[14]
2,talk,12,0,12,VOTE Agent[07]
2,talk,13,0,1,DIVINED Agent[05] HUMAN
2,talk,14,1,10,DISAGREE TALK day1 ID:125
2,talk,15,1,12,DISAGREE TALK day1 ID:125
2,talk,16,1,14,VOTE Agent[01]
2,talk,17,1,11,AGREE TALK day1 ID:83
2,talk,18,1,9,REQUEST(VOTE Agent[11])
2,talk,19,1,5,DISAGREE TALK day1 ID:125
2,talk,20,1,2,DISAGREE TALK day1 ID:125
2,talk,21,1,6,Skip
2,talk,22,1,7,DISAGREE TALK day1 ID:125
2,talk,23,1,15,DISAGREE TALK day1 ID:125
2,talk,24,1,3,DISAGREE TALK day1 ID:125
2,talk,25,1,13,IDENTIFIED Agent[08] WEREWOLF
2,talk,26,1,1,VOTE Agent[12]
2,talk,27,1,4,DISAGREE TALK day1 ID:125
2,talk,28,2,3,ESTIMATE Agent[13] WEREWOLF
2,talk,29,2,11,ESTIMATE Agent[14] WEREWOLF
2,talk,30,2,2,ESTIMATE Agent[13] WEREWOLF
2,talk,31,2,1,ESTIMATE Agent[08] WEREWOLF
2,talk,32,2,4,ESTIMATE Agent[13] WEREWOLF
2,talk,33,2,5,ESTIMATE Agent[13] WEREWOLF
2,talk,34,2,15,ESTIMATE Agent[13] WEREWOLF
2,talk,35,2,9,VOTE Agent[13]
2,talk,36,2,12,ESTIMATE Agent[13] WEREWOLF
2,talk,37,2,7,ESTIMATE Agent[13] WEREWOLF
2,talk,38,2,6,Skip
2,talk,39,2,10,ESTIMATE Agent[13] WEREWOLF
2,talk,40,2,14,REQUEST(VOTE Agent[01])
2,talk,41,2,13,AGREE TALK day1 ID:83
2,talk,42,3,13,ESTIMATE Agent[14] WEREWOLF
2,talk,43,3,3,REQUEST(Agent[01] DIVINATION Agent[13])
2,talk,44,3,7,REQUEST(Agent[01] DIVINATION Agent[13])
2,talk,45,3,2,REQUEST(Agent[11] DIVINATION Agent[13])
2,talk,46,3,14,Skip
2,talk,47,3,4,REQUEST(Agent[11] DIVINATION Agent[13])
2,talk,48,3,9,REQUEST(VOTE Agent[13])
2,talk,49,3,12,REQUEST(Agent[11] DIVINATION Agent[13])
2,talk,50,3,15,REQUEST(Agent[01] DIVINATION Agent[13])
2,talk,51,3,5,REQUEST(Agent[01] DIVINATION Agent[13])
2,talk,52,3,11,VOTE Agent[14]
2,talk,53,3,1,ESTIMATE Agent[09] WEREWOLF
2,talk,54,3,10,REQUEST(Agent[11] DIVINATION Agent[13])
2,talk,55,3,6,Over
2,talk,56,4,4,VOTE Agent[13]
2,talk,57,4,12,VOTE Agent[13]
2,talk,58,4,3,VOTE Agent[13]
2,talk,59,4,10,VOTE Agent[13]
2,talk,60,4,14,Skip
2,talk,61,4,1,ESTIMATE Agent[14] WEREWOLF
2,talk,62,4,5,VOTE Agent[13]
2,talk,63,4,11,Skip
2,talk,64,4,7,VOTE Agent[13]
2,talk,65,4,2,VOTE Agent[13]
2,talk,66,4,15,VOTE Agent[13]
2,talk,67,4,6,Over
2,talk,68,4,9,COMINGOUT Agent[09] MEDIUM
2,talk,69,4,13,REQUEST(Agent[11] DIVINATION Agent[14])
2,talk,70,5,1,VOTE Agent[09]
2,talk,71,5,3,Skip
2,talk,72,5,12,Skip
2,talk,73,5,2,Skip
2,talk,74,5,4,Skip
2,talk,75,5,5,Skip
2,talk,76,5,6,Over
2,talk,77,5,15,Skip
2,talk,78,5,10,Skip
2,talk,79,5,11,Skip
2,talk,80,5,13,VOTE Agent[14]
2,talk,81,5,14,Over
2,talk,82,5,9,IDENTIFIED Agent[08] HUMAN
2,talk,83,5,7,Skip
2,talk,84,6,6,Over
2,talk,85,6,15,Skip
2,talk,86,6,3,Skip
2,talk,87,6,2,Skip
2,talk,88,6,13,Skip
2,talk,89,6,5,Skip
2,talk,90,6,14,Over
2,talk,91,6,7,Skip
2,talk,92,6,12,Skip
2,talk,93,6,4,Skip
2,talk,94,6,1,ESTIMATE Agent[05] VILLAGER
2,talk,95,6,10,Skip
2,talk,96,6,9,Skip
2,talk,97,6,11,Over
2,talk,98,7,11,Over
2,talk,99,7,3,Over
2,talk,100,7,13,Skip
2,talk,101,7,5,Over
2,talk,102,7,9,Skip
2,talk,103,7,12,Over
2,talk,104,7,4,Over
2,talk,105,7,7,Over
2,talk,106,7,2,Over
2,talk,107,7,1,Over
2,talk,108,7,6,Over
2,talk,109,7,14,Over
2,talk,110,7,10,Over
2,talk,111,7,15,Over
2,talk,112,8,7,Over
2,talk,113,8,14,Over
2,talk,114,8,1,Over
2,talk,115,8,15,Over
2,talk,116,8,2,Over
2,talk,117,8,6,Over
2,talk,118,8,9,Over
2,talk,119,8,4,Over
2,talk,120,8,3,Over
2,talk,121,8,13,Over
2,talk,122,8,5,Over
2,talk,123,8,12,Over
2,talk,124,8,11,Over
2,talk,125,8,10,Over
2,vote,1,9
2,vote,2,13
2,vote,3,13
2,vote,4,13
2,vote,5,13
2,vote,6,13
2,vote,7,13
2,vote,9,13
2,vote,10,13
2,vote,11,14
2,vote,12,13
2,vote,13,14
2,vote,14,1
2,vote,15,13
2,execute,13,MEDIUM
2,divine,11,1,HUMAN
2,whisper,0,0,9,ATTACK Agent[11]
2,whisper,1,0,14,ATTACK Agent[11]
2,whisper,2,1,9,REQUEST(ATTACK Agent[11])
2,whisper,3,1,14,REQUEST(ATTACK Agent[11])
2,whisper,4,2,14,DIVINED Agent[10] HUMAN
2,whisper,5,2,9,IDENTIFIED Agent[13] WEREWOLF
2,whisper,6,3,14,Skip
2,whisper,7,3,9,Skip
2,whisper,8,4,14,Skip
2,whisper,9,4,9,Skip
2,whisper,10,5,14,Over
2,whisper,11,5,9,Over
2,guard,3,1,POSSESSED
2,attackVote,9,11
2,attackVote,14,11
2,attack,11,true
3,status,1,POSSESSED,ALIVE,wolf1
3,status,2,VILLAGER,ALIVE,SampleRoleAssignPlayer
3,status,3,BODYGUARD,ALIVE,SampleRoleAssignPlayer
3,status,4,VILLAGER,ALIVE,SampleRoleAssignPlayer
3,status,5,VILLAGER,ALIVE,SampleRoleAssignPlayer
3,status,6,VILLAGER,ALIVE,SampleRoleAssignPlayer
3,status,7,VILLAGER,ALIVE,SampleRoleAssignPlayer
3,status,8,WEREWOLF,DEAD,SampleRoleAssignPlayer
3,status,9,WEREWOLF,ALIVE,SampleRoleAssignPlayer
3,status,10,VILLAGER,ALIVE,SampleRoleAssignPlayer
3,status,11,SEER,DEAD,SampleRoleAssignPlayer
3,status,12,VILLAGER,ALIVE,SampleRoleAssignPlayer
3,status,13,MEDIUM,DEAD,SampleRoleAssignPlayer
3,status,14,WEREWOLF,ALIVE,SampleRoleAssignPlayer
3,status,15,VILLAGER,ALIVE,SampleRoleAssignPlayer
3,talk,0,0,7,VOTE Agent[02]
3,talk,1,0,12,AGREE TALK day1 ID:31
3,talk,2,0,5,VOTE Agent[06]
3,talk,3,0,3,VOTE Agent[02]
3,talk,4,0,2,DISAGREE TALK day1 ID:83
3,talk,5,0,9,IDENTIFIED Agent[13] WEREWOLF
3,talk,6,0,15,VOTE Agent[02]
3,talk,7,0,6,AGREE TALK day1 ID:31
3,talk,8,0,14,DIVINED Agent[10] HUMAN
3,talk,9,0,1,DIVINED Agent[12] HUMAN
3,talk,10,0,4,AGREE TALK day1 ID:31
3,talk,11,0,10,AGREE TALK day1 ID:31
3,talk,12,1,14,VOTE Agent[01]
3,talk,13,1,4,AGREE TALK day1 ID:35
3,talk,14,1,2,DISAGREE TALK day2 ID:29
3,talk,15,1,9,VOTE Agent[07]
3,talk,16,1,6,AGREE TALK day1 ID:35
3,talk,17,1,5,Skip
3,talk,18,1,1,VOTE Agent[09]
3,talk,19,1,10,AGREE TALK day1 ID:35
3,talk,20,1,3,Skip
3,talk,21,1,15,Skip
3,talk,22,1,7,Skip
3,talk,23,1,12,AGREE TALK day1 ID:35
3,talk,24,2,15,Skip
3,talk,25,2,4,AGREE TALK day1 ID:43
3,talk,26,2,2,DISAGREE TALK day2 ID:42
3,talk,27,2,12,AGREE TALK day1 ID:43
3,talk,28,2,14,REQUEST(VOTE Agent[01])
3,talk,29,2,9,REQUEST(VOTE Agent[07])
3,talk,30,2,7,Skip
3,talk,31,2,10,AGREE TALK day1 ID:43
3,talk,32,2,3,Skip
3,talk,33,2,1,ESTIMATE Agent[08] WEREWOLF
3,talk,34,2,5,Skip
3,talk,35,2,6,AGREE TALK day1 ID:43
3,talk,36,3,3,Over
3,talk,37,3,14,Skip
3,talk,38,3,15,Over
3,talk,39,3,10,AGREE TALK day1 ID:44
3,talk,40,3,7,Over
3,talk,41,3,2,DISAGREE TALK day2 ID:61
3,talk,42,3,9,Skip
3,talk,43,3,12,AGREE TALK day1 ID:44
3,talk,44,3,4,AGREE TALK day1 ID:44
3,talk,45,3,1,ESTIMATE Agent[09] WEREWOLF
3,talk,46,3,5,Over
3,talk,47,3,6,AGREE TALK day1 ID:44
3,talk,48,4,1,ESTIMATE Agent[14] WEREWOLF
3,talk,49,4,5,Over
3,talk,50,4,9,Skip
3,talk,51,4,2,ESTIMATE Agent[14] SEER
3,talk,52,4,4,ESTIMATE Agent[01] SEER
3,talk,53,4,12,ESTIMATE Agent[01] SEER
3,talk,54,4,10,ESTIMATE Agent[01] SEER
3,talk,55,4,3,Over
3,talk,56,4,6,ESTIMATE Agent[01] SEER
3,talk,57,4,15,Over
3,talk,58,4,14,Skip
3,talk,59,4,7,Over
3,talk,60,5,6,VOTE Agent[02]
3,talk,61,5,7,Over
3,talk,62,5,2,VOTE Agent[01]
3,talk,63,5,9,Over
3,talk,64,5,1,ESTIMATE Agent[02] VILLAGER
3,talk,65,5,12,VOTE Agent[10]
3,talk,66,5,10,VOTE Agent[12]
3,talk,67,5,14,Over
3,talk,68,5,3,Over
3,talk,69,5,15,Over
3,talk,70,5,5,Over
3,talk,71,5,4,VOTE Agent[15]
3,talk,72,6,5,Over
3,talk,73,6,2,Skip
3,talk,74,6,7,Over
3,talk,75,6,1,ESTIMATE Agent[03] VILLAGER
3,talk,76,6,10,Skip
3,talk,77,6,6,Skip
3,talk,78,6,15,Over
3,talk,79,6,3,Over
3,talk,80,6,14,Over
3,talk,81,6,4,Skip
3,talk,82,6,9,Over
3,talk,83,6,12,Skip
3,talk,84,7,14,Over
3,talk,85,7,5,Over
3,talk,86,7,3,Over
3,talk,87,7,9,Over
3,talk,88,7,4,Skip
3,talk,89,7,12,Skip
3,talk,90,7,6,Skip
3,talk,91,7,7,Over
3,talk,92,7,15,Over
3,talk,93,7,1,ESTIMATE Agent[04] VILLAGER
3,talk,94,7,2,Skip
3,talk,95,7,10,Skip
3,talk,96,8,1,ESTIMATE Agent[05] VILLAGER
3,talk,97,8,3,Over
3,talk,98,8,12,Over
3,talk,99,8,6,Over
3,talk,100,8,14,Over
3,talk,101,8,10,Over
3,talk,102,8,7,Over
3,talk,103,8,4,Over
3,talk,104,8,5,Over
3,talk,105,8,15,Over
3,talk,106,8,9,Over
3,talk,107,8,2,Over
3,talk,108,9,9,Over
3,talk,109,9,10,Over
3,talk,110,9,6,Over
3,talk,111,9,1,ESTIMATE Agent[06] VILLAGER
3,talk,112,9,3,Over
3,talk,113,9,12,Over
3,talk,114,9,14,Over
3,talk,115,9,5,Over
3,talk,116,9,2,Over
3,talk,117,9,15,Over
3,talk,118,9,7,Over
3,talk,119,9,4,Over
3,talk,120,10,9,Over
3,talk,121,10,7,Over
3,talk,122,10,3,Over
3,talk,123,10,5,Over
3,talk,124,10,1,Over
3,talk,125,10,14,Over
3,talk,126,10,10,Over
3,talk,127,10,2,Over
3,talk,128,10,15,Over
3,talk,129,10,12,Over
3,talk,130,10,6,Over
3,talk,131,10,4,Over
3,vote,1,9
3,vote,2,1
3,vote,3,2
3,vote,4,15
3,vote,5,6
3,vote,6,2
3,vote,7,2
3,vote,9,7
3,vote,10,12
3,vote,12,10
3,vote,14,1
3,vote,15,2
3,execute,2,VILLAGER
3,whisper,0,0,9,ATTACK Agent[01]
3,whisper,1,0,14,ATTACK Agent[01]
3,whisper,2,1,9,REQUEST(ATTACK Agent[01])
3,whisper,3,1,14,REQUEST(ATTACK Agent[01])
3,whisper,4,2,14,DIVINED Agent[12] HUMAN
3,whisper,5,2,9,IDENTIFIED Agent[02] HUMAN
3,whisper,6,3,9,Skip
3,whisper,7,3,14,Skip
3,whisper,8,4,9,Skip
3,whisper,9,4,14,Skip
3,whisper,10,5,14,Over
3,whisper,11,5,9,Over
3,guard,3,1,POSSESSED
3,attackVote,9,1
3,attackVote,14,1
3,attack,1,false
4,status,1,POSSESSED,ALIVE,wolf1
4,status,2,VILLAGER,DEAD,SampleRoleAssignPlayer
4,status,3,BODYGUARD,ALIVE,SampleRoleAssignPlayer
4,status,4,VILLAGER,ALIVE,SampleRoleAssignPlayer
4,status,5,VILLAGER,ALIVE,SampleRoleAssignPlayer
4,status,6,VILLAGER,ALIVE,SampleRoleAssignPlayer
4,status,7,VILLAGER,ALIVE,SampleRoleAssignPlayer
4,status,8,WEREWOLF,DEAD,SampleRoleAssignPlayer
4,status,9,WEREWOLF,ALIVE,SampleRoleAssignPlayer
4,status,10,VILLAGER,ALIVE,SampleRoleAssignPlayer
4,status,11,SEER,DEAD,SampleRoleAssignPlayer
4,status,12,VILLAGER,ALIVE,SampleRoleAssignPlayer
4,status,13,MEDIUM,DEAD,SampleRoleAssignPlayer
4,status,14,WEREWOLF,ALIVE,SampleRoleAssignPlayer
4,status,15,VILLAGER,ALIVE,SampleRoleAssignPlayer
4,talk,0,0,9,IDENTIFIED Agent[02] HUMAN
4,talk,1,0,12,VOTE Agent[03]
4,talk,2,0,14,DIVINED Agent[12] HUMAN
4,talk,3,0,5,VOTE Agent[12]
4,talk,4,0,15,VOTE Agent[05]
4,talk,5,0,6,VOTE Agent[09]
4,talk,6,0,3,VOTE Agent[04]
4,talk,7,0,1,DIVINED Agent[09] HUMAN
4,talk,8,0,10,VOTE Agent[05]
4,talk,9,0,4,VOTE Agent[06]
4,talk,10,0,7,VOTE Agent[15]
4,talk,11,1,15,Skip
4,talk,12,1,6,Skip
4,talk,13,1,5,Skip
4,talk,14,1,7,Skip
4,talk,15,1,12,Skip
4,talk,16,1,3,Skip
4,talk,17,1,4,Skip
4,talk,18,1,9,VOTE Agent[12]
4,talk,19,1,10,Skip
4,talk,20,1,1,VOTE Agent[09]
4,talk,21,1,14,REQUEST(VOTE Agent[01])
4,talk,22,2,5,Skip
4,talk,23,2,15,Skip
4,talk,24,2,7,Skip
4,talk,25,2,3,Skip
4,talk,26,2,14,VOTE Agent[05]
4,talk,27,2,6,Skip
4,talk,28,2,4,Skip
4,talk,29,2,12,Skip
4,talk,30,2,10,Skip
4,talk,31,2,1,ESTIMATE Agent[08] WEREWOLF
4,talk,32,2,9,REQUEST(VOTE Agent[12])
4,talk,33,3,15,Over
4,talk,34,3,9,Skip
4,talk,35,3,1,ESTIMATE Agent[11] WEREWOLF
4,talk,36,3,6,Over
4,talk,37,3,5,Over
4,talk,38,3,7,Over
4,talk,39,3,3,Over
4,talk,40,3,12,Over
4,talk,41,3,4,Over
4,talk,42,3,14,REQUEST(VOTE Agent[05])
4,talk,43,3,10,Over
4,talk,44,4,14,Skip
4,talk,45,4,7,Over
4,talk,46,4,10,Over
4,talk,47,4,3,Over
4,talk,48,4,5,Over
4,talk,49,4,15,Over
4,talk,50,4,12,Over
4,talk,51,4,4,Over
4,talk,52,4,6,Over
4,talk,53,4,1,ESTIMATE Agent[14] WEREWOLF
4,talk,54,4,9,Skip
4,talk,55,5,9,Over
4,talk,56,5,6,Over
4,talk,57,5,1,ESTIMATE Agent[03] VILLAGER
4,talk,58,5,14,Skip
4,talk,59,5,3,Over
4,talk,60,5,5,Over
4,talk,61,5,7,Over
4,talk,62,5,12,Over
4,talk,63,5,4,Over
4,talk,64,5,15,Over
4,talk,65,5,10,Over
4,talk,66,6,14,Over
4,talk,67,6,10,Over
4,talk,68,6,7,Over
4,talk,69,6,3,Over
4,talk,70,6,9,Over
4,talk,71,6,5,Over
4,talk,72,6,6,Over
4,talk,73,6,12,Over
4,talk,74,6,1,ESTIMATE Agent[04] VILLAGER
4,talk,75,6,4,Over
4,talk,76,6,15,Over
4,talk,77,7,4,Over
4,talk,78,7,3,Over
4,talk,79,7,12,Over
4,talk,80,7,10,Over
4,talk,81,7,1,ESTIMATE Agent[05] VILLAGER
4,talk,82,7,5,Over
4,talk,83,7,7,Over
4,talk,84,7,15,Over
4,talk,85,7,6,Over
4,talk,86,7,14,Over
4,talk,87,7,9,Over
4,talk,88,8,6,Over
4,talk,89,8,10,Over
4,talk,90,8,14,Over
4,talk,91,8,5,Over
4,talk,92,8,9,Over
4,talk,93,8,1,ESTIMATE Agent[06] VILLAGER
4,talk,94,8,4,Over
4,talk,95,8,7,Over
4,talk,96,8,12,Over
4,talk,97,8,15,Over
4,talk,98,8,3,Over
4,talk,99,9,15,Over
4,talk,100,9,6,Over
4,talk,101,9,1,ESTIMATE Agent[07] VILLAGER
4,talk,102,9,4,Over
4,talk,103,9,3,Over
4,talk,104,9,7,Over
4,talk,105,9,10,Over
4,talk,106,9,5,Over
4,talk,107,9,14,Over
4,talk,108,9,12,Over
4,talk,109,9,9,Over
4,talk,110,10,9,Over
4,talk,111,10,12,Over
4,talk,112,10,15,Over
4,talk,113,10,1,Over
4,talk,114,10,5,Over
4,talk,115,10,10,Over
4,talk,116,10,6,Over
4,talk,117,10,14,Over
4,talk,118,10,7,Over
4,talk,119,10,4,Over
4,talk,120,10,3,Over
4,vote,1,9
4,vote,3,4
4,vote,4,6
4,vote,5,12
4,vote,6,9
4,vote,7,15
4,vote,9,12
4,vote,10,5
4,vote,12,3
4,vote,14,5
4,vote,15,5
4,execute,5,VILLAGER
4,whisper,0,0,9,ESTIMATE Agent[01] POSSESSED
4,whisper,1,0,14,ESTIMATE Agent[01] POSSESSED
4,whisper,2,1,14,ATTACK Agent[04]
4,whisper,3,1,9,ATTACK Agent[04]
4,whisper,4,2,14,REQUEST(ATTACK Agent[04])
4,whisper,5,2,9,REQUEST(ATTACK Agent[04])
4,whisper,6,3,14,DIVINED Agent[06] WEREWOLF
4,whisper,7,3,9,IDENTIFIED Agent[05] WEREWOLF
4,whisper,8,4,14,Skip
4,whisper,9,4,9,Skip
4,whisper,10,5,9,Skip
4,whisper,11,5,14,Skip
4,whisper,12,6,14,Over
4,whisper,13,6,9,Over
4,guard,3,1,POSSESSED
4,attackVote,9,4
4,attackVote,14,4
4,attack,4,true
5,status,1,POSSESSED,ALIVE,wolf1
5,status,2,VILLAGER,DEAD,SampleRoleAssignPlayer
5,status,3,BODYGUARD,ALIVE,SampleRoleAssignPlayer
5,status,4,VILLAGER,DEAD,SampleRoleAssignPlayer
5,status,5,VILLAGER,DEAD,SampleRoleAssignPlayer
5,status,6,VILLAGER,ALIVE,SampleRoleAssignPlayer
5,status,7,VILLAGER,ALIVE,SampleRoleAssignPlayer
5,status,8,WEREWOLF,DEAD,SampleRoleAssignPlayer
5,status,9,WEREWOLF,ALIVE,SampleRoleAssignPlayer
5,status,10,VILLAGER,ALIVE,SampleRoleAssignPlayer
5,status,11,SEER,DEAD,SampleRoleAssignPlayer
5,status,12,VILLAGER,ALIVE,SampleRoleAssignPlayer
5,status,13,MEDIUM,DEAD,SampleRoleAssignPlayer
5,status,14,WEREWOLF,ALIVE,SampleRoleAssignPlayer
5,status,15,VILLAGER,ALIVE,SampleRoleAssignPlayer
5,talk,0,0,12,VOTE Agent[07]
5,talk,1,0,15,VOTE Agent[01]
5,talk,2,0,9,IDENTIFIED Agent[05] WEREWOLF
5,talk,3,0,3,VOTE Agent[12]
5,talk,4,0,10,VOTE Agent[03]
5,talk,5,0,7,VOTE Agent[14]
5,talk,6,0,1,DIVINED Agent[14] WEREWOLF
5,talk,7,0,6,VOTE Agent[09]
5,talk,8,0,14,DIVINED Agent[06] WEREWOLF
5,talk,9,1,10,AGREE TALK day1 ID:83
5,talk,10,1,9,VOTE Agent[03]
5,talk,11,1,1,VOTE Agent[09]
5,talk,12,1,15,AGREE TALK day1 ID:83
5,talk,13,1,12,AGREE TALK day1 ID:83
5,talk,14,1,6,AGREE TALK day1 ID:83
5,talk,15,1,3,AGREE TALK day1 ID:83
5,talk,16,1,14,VOTE Agent[06]
5,talk,17,1,7,Skip
5,talk,18,2,14,REQUEST(VOTE Agent[06])
5,talk,19,2,9,REQUEST(VOTE Agent[03])
5,talk,20,2,3,AGREE TALK day2 ID:29
5,talk,21,2,6,AGREE TALK day2 ID:29
5,talk,22,2,10,AGREE TALK day2 ID:29
5,talk,23,2,1,ESTIMATE Agent[08] WEREWOLF
5,talk,24,2,7,Skip
5,talk,25,2,12,AGREE TALK day2 ID:29
5,talk,26,2,15,AGREE TALK day2 ID:29
5,talk,27,3,14,Skip
5,talk,28,3,6,AGREE TALK day2 ID:42
5,talk,29,3,9,Skip
5,talk,30,3,12,AGREE TALK day2 ID:42
5,talk,31,3,1,ESTIMATE Agent[11] WEREWOLF
5,talk,32,3,7,Over
5,talk,33,3,3,AGREE TALK day2 ID:42
5,talk,34,3,10,AGREE TALK day2 ID:42
5,talk,35,3,15,AGREE TALK day2 ID:42
5,talk,36,4,1,ESTIMATE Agent[14] WEREWOLF
5,talk,37,4,9,Skip
5,talk,38,4,10,AGREE TALK day2 ID:61
5,talk,39,4,15,AGREE TALK day2 ID:61
5,talk,40,4,7,Over
5,talk,41,4,12,AGREE TALK day2 ID:61
5,talk,42,4,6,AGREE TALK day2 ID:61
5,talk,43,4,3,AGREE TALK day2 ID:61
5,talk,44,4,14,Skip
5,talk,45,5,6,AGREE TALK day3 ID:48
5,talk,46,5,7,Over
5,talk,47,5,12,AGREE TALK day3 ID:48
5,talk,48,5,14,Over
5,talk,49,5,10,AGREE TALK day3 ID:48
5,talk,50,5,3,AGREE TALK day3 ID:48
5,talk,51,5,15,AGREE TALK day3 ID:48
5,talk,52,5,9,Over
5,talk,53,5,1,ESTIMATE Agent[03] VILLAGER
5,talk,54,6,9,Over
5,talk,55,6,6,DISAGREE TALK day3 ID:51
5,talk,56,6,15,DISAGREE TALK day3 ID:51
5,talk,57,6,14,Over
5,talk,58,6,7,Over
5,talk,59,6,12,DISAGREE TALK day3 ID:51
5,talk,60,6,1,ESTIMATE Agent[06] VILLAGER
5,talk,61,6,3,DISAGREE TALK day3 ID:51
5,talk,62,6,10,DISAGREE TALK day3 ID:51
5,talk,63,7,3,AGREE TALK day4 ID:53
5,talk,64,7,10,AGREE TALK day4 ID:53
5,talk,65,7,9,Over
5,talk,66,7,6,AGREE TALK day4 ID:53
5,talk,67,7,1,ESTIMATE Agent[07] VILLAGER
5,talk,68,7,14,Over
5,talk,69,7,15,AGREE TALK day4 ID:53
5,talk,70,7,7,Over
5,talk,71,7,12,AGREE TALK day4 ID:53
5,talk,72,8,7,Over
5,talk,73,8,1,ESTIMATE Agent[10] VILLAGER
5,talk,74,8,14,Over
5,talk,75,8,9,Over
5,talk,76,8,10,ESTIMATE Agent[14] WEREWOLF
5,talk,77,8,15,ESTIMATE Agent[14] WEREWOLF
5,talk,78,8,6,ESTIMATE Agent[14] WEREWOLF
5,talk,79,8,12,ESTIMATE Agent[14] WEREWOLF
5,talk,80,8,3,ESTIMATE Agent[14] WEREWOLF
5,talk,81,9,7,Over
5,talk,82,9,1,ESTIMATE Agent[12] VILLAGER
5,talk,83,9,12,REQUEST(Agent[01] DIVINATION Agent[14])
5,talk,84,9,15,REQUEST(Agent[01] DIVINATION Agent[14])
5,talk,85,9,9,Over
5,talk,86,9,6,REQUEST(Agent[01] DIVINATION Agent[14])
5,talk,87,9,14,Over
5,talk,88,9,10,REQUEST(Agent[01] DIVINATION Agent[14])
5,talk,89,9,3,REQUEST(Agent[01] DIVINATION Agent[14])
5,talk,90,10,15,Over
5,talk,91,10,12,Over
5,talk,92,10,9,Over
5,talk,93,10,10,Over
5,talk,94,10,3,Over
5,talk,95,10,7,Over
5,talk,96,10,1,Over
5,talk,97,10,6,Over
5,talk,98,10,14,Over
5,vote,1,9
5,vote,3,14
5,vote,6,14
5,vote,7,14
5,vote,9,3
5,vote,10,14
5,vote,12,14
5,vote,14,6
5,vote,15,14
5,execute,14,WEREWOLF
5,guard,3,1,POSSESSED
6,status,1,POSSESSED,ALIVE,wolf1
6,status,2,VILLAGER,DEAD,SampleRoleAssignPlayer
6,status,3,BODYGUARD,ALIVE,SampleRoleAssignPlayer
6,status,4,VILLAGER,DEAD,SampleRoleAssignPlayer
6,status,5,VILLAGER,DEAD,SampleRoleAssignPlayer
6,status,6,VILLAGER,ALIVE,SampleRoleAssignPlayer
6,status,7,VILLAGER,ALIVE,SampleRoleAssignPlayer
6,status,8,WEREWOLF,DEAD,SampleRoleAssignPlayer
6,status,9,WEREWOLF,ALIVE,SampleRoleAssignPlayer
6,status,10,VILLAGER,ALIVE,SampleRoleAssignPlayer
6,status,11,SEER,DEAD,SampleRoleAssignPlayer
6,status,12,VILLAGER,ALIVE,SampleRoleAssignPlayer
6,status,13,MEDIUM,DEAD,SampleRoleAssignPlayer
6,status,14,WEREWOLF,DEAD,SampleRoleAssignPlayer
6,status,15,VILLAGER,ALIVE,SampleRoleAssignPlayer
6,talk,0,0,9,VOTE Agent[15]
6,talk,1,0,1,DIVINED Agent[01] WEREWOLF
6,talk,2,0,10,VOTE Agent[03]
6,talk,3,0,12,VOTE Agent[01]
6,talk,4,0,7,VOTE Agent[06]
6,talk,5,0,6,VOTE Agent[07]
6,talk,6,0,3,VOTE Agent[07]
6,talk,7,0,15,VOTE Agent[09]
6,talk,8,1,1,VOTE Agent[15]
6,talk,9,1,15,DISAGREE TALK day1 ID:31
6,talk,10,1,3,DISAGREE TALK day1 ID:31
6,talk,11,1,10,DISAGREE TALK day1 ID:31
6,talk,12,1,6,DISAGREE TALK day1 ID:31
6,talk,13,1,9,REQUEST(VOTE Agent[15])
6,talk,14,1,7,DISAGREE TALK day1 ID:31
6,talk,15,1,12,Skip
6,talk,16,2,7,DISAGREE TALK day1 ID:35
6,talk,17,2,3,DISAGREE TALK day1 ID:35
6,talk,18,2,9,Skip
6,talk,19,2,1,ESTIMATE Agent[04] WEREWOLF
6,talk,20,2,15,DISAGREE TALK day1 ID:35
6,talk,21,2,6,DISAGREE TALK day1 ID:35
6,talk,22,2,12,Skip
6,talk,23,2,10,DISAGREE TALK day1 ID:35
6,talk,24,3,9,Skip
6,talk,25,3,3,DISAGREE TALK day1 ID:43
6,talk,26,3,1,ESTIMATE Agent[09] WEREWOLF
6,talk,27,3,12,Over
6,talk,28,3,7,DISAGREE TALK day1 ID:43
6,talk,29,3,10,DISAGREE TALK day1 ID:43
6,talk,30,3,15,DISAGREE TALK day1 ID:43
6,talk,31,3,6,DISAGREE TALK day1 ID:43
6,talk,32,4,7,DISAGREE TALK day1 ID:44
6,talk,33,4,15,DISAGREE TALK day1 ID:44
6,talk,34,4,6,DISAGREE TALK day1 ID:44
6,talk,35,4,1,ESTIMATE Agent[10] WEREWOLF
6,talk,36,4,9,Over
6,talk,37,4,10,DISAGREE TALK day1 ID:44
6,talk,38,4,12,Over
6,talk,39,4,3,DISAGREE TALK day1 ID:44
6,talk,40,5,1,Over
6,talk,41,5,9,Over
6,talk,42,5,3,DISAGREE TALK day3 ID:52
6,talk,43,5,7,DISAGREE TALK day3 ID:52
6,talk,44,5,15,DISAGREE TALK day3 ID:52
6,talk,45,5,12,Over
6,talk,46,5,10,DISAGREE TALK day3 ID:52
6,talk,47,5,6,DISAGREE TALK day3 ID:52
6,talk,48,6,12,Over
6,talk,49,6,3,DISAGREE TALK day3 ID:53
6,talk,50,6,7,DISAGREE TALK day3 ID:53
6,talk,51,6,1,Over
6,talk,52,6,6,DISAGREE TALK day3 ID:53
6,talk,53,6,15,DISAGREE TALK day3 ID:53
6,talk,54,6,10,DISAGREE TALK day3 ID:53
6,talk,55,6,9,Over
6,talk,56,7,3,DISAGREE TALK day3 ID:54
6,talk,57,7,10,DISAGREE TALK day3 ID:54
6,talk,58,7,1,Over
6,talk,59,7,6,DISAGREE TALK day3 ID:54
6,talk,60,7,12,Over
6,talk,61,7,7,DISAGREE TALK day3 ID:54
6,talk,62,7,9,Over
6,talk,63,7,15,DISAGREE TALK day3 ID:54
6,talk,64,8,10,DISAGREE TALK day3 ID:56
6,talk,65,8,9,Over
6,talk,66,8,15,DISAGREE TALK day3 ID:56
6,talk,67,8,12,Over
6,talk,68,8,6,DISAGREE TALK day3 ID:56
6,talk,69,8,3,DISAGREE TALK day3 ID:56
6,talk,70,8,7,DISAGREE TALK day3 ID:56
6,talk,71,8,1,Over
6,talk,72,9,7,ESTIMATE Agent[01] WEREWOLF
6,talk,73,9,1,Over
6,talk,74,9,10,ESTIMATE Agent[01] WEREWOLF
6,talk,75,9,6,ESTIMATE Agent[01] WEREWOLF
6,talk,76,9,12,Over
6,talk,77,9,3,ESTIMATE Agent[01] WEREWOLF
6,talk,78,9,9,Over
6,talk,79,9,15,ESTIMATE Agent[01] WEREWOLF
6,talk,80,10,6,Over
6,talk,81,10,15,Over
6,talk,82,10,10,Over
6,talk,83,10,1,Over
6,talk,84,10,12,Over
6,talk,85,10,9,Over
6,talk,86,10,3,Over
6,talk,87,10,7,Over
6,vote,1,15
6,vote,3,1
6,vote,6,1
6,vote,7,1
6,vote,9,15
6,vote,10,1
6,vote,12,1
6,vote,15,1
6,execute,1,POSSESSED
6,guard,3,1,POSSESSED
6,attackVote,9,3
6,attack,3,true
7,status,1,POSSESSED,DEAD,wolf1
7,status,2,VILLAGER,DEAD,SampleRoleAssignPlayer
7,status,3,BODYGUARD,DEAD,SampleRoleAssignPlayer
7,status,4,VILLAGER,DEAD,SampleRoleAssignPlayer
7,status,5,VILLAGER,DEAD,SampleRoleAssignPlayer
7,status,6,VILLAGER,ALIVE,SampleRoleAssignPlayer
7,status,7,VILLAGER,ALIVE,SampleRoleAssignPlayer
7,status,8,WEREWOLF,DEAD,SampleRoleAssignPlayer
7,status,9,WEREWOLF,ALIVE,SampleRoleAssignPlayer
7,status,10,VILLAGER,ALIVE,SampleRoleAssignPlayer
7,status,11,SEER,DEAD,SampleRoleAssignPlayer
7,status,12,VILLAGER,ALIVE,SampleRoleAssignPlayer
7,status,13,MEDIUM,DEAD,SampleRoleAssignPlayer
7,status,14,WEREWOLF,DEAD,SampleRoleAssignPlayer
7,status,15,VILLAGER,ALIVE,SampleRoleAssignPlayer
7,talk,0,0,9,IDENTIFIED Agent[01] WEREWOLF
7,talk,1,0,10,VOTE Agent[15]
7,talk,2,0,12,VOTE Agent[09]
7,talk,3,0,7,VOTE Agent[15]
7,talk,4,0,6,VOTE Agent[12]
7,talk,5,0,15,VOTE Agent[10]
7,talk,6,1,9,VOTE Agent[07]
7,talk,7,1,7,Skip
7,talk,8,1,10,Skip
7,talk,9,1,15,Skip
7,talk,10,1,12,Skip
7,talk,11,1,6,Skip
7,talk,12,2,6,Skip
7,talk,13,2,10,Skip
7,talk,14,2,9,REQUEST(VOTE Agent[07])
7,talk,15,2,12,Skip
7,talk,16,2,7,Skip
7,talk,17,2,15,Skip
7,talk,18,3,12,Over
7,talk,19,3,9,Skip
7,talk,20,3,10,Over
7,talk,21,3,7,Over
7,talk,22,3,6,Over
7,talk,23,3,15,Over
7,talk,24,4,7,Over
7,talk,25,4,10,Over
7,talk,26,4,15,Over
7,talk,27,4,12,Over
7,talk,28,4,9,Skip
7,talk,29,4,6,Over
7,talk,30,5,7,Over
7,talk,31,5,10,Over
7,talk,32,5,6,Over
7,talk,33,5,12,Over
7,talk,34,5,9,Over
7,talk,35,5,15,Over
7,vote,6,12
7,vote,7,15
7,vote,9,7
7,vote,10,15
7,vote,12,9
7,vote,15,10
7,execute,15,VILLAGER
7,attackVote,9,10
7,attack,10,true
8,status,1,POSSESSED,DEAD,wolf1
8,status,2,VILLAGER,DEAD,SampleRoleAssignPlayer
8,status,3,BODYGUARD,DEAD,SampleRoleAssignPlayer
8,status,4,VILLAGER,DEAD,SampleRoleAssignPlayer
8,status,5,VILLAGER,DEAD,SampleRoleAssignPlayer
8,status,6,VILLAGER,ALIVE,SampleRoleAssignPlayer
8,status,7,VILLAGER,ALIVE,SampleRoleAssignPlayer
8,status,8,WEREWOLF,DEAD,SampleRoleAssignPlayer
8,status,9,WEREWOLF,ALIVE,SampleRoleAssignPlayer
8,status,10,VILLAGER,DEAD,SampleRoleAssignPlayer
8,status,11,SEER,DEAD,SampleRoleAssignPlayer
8,status,12,VILLAGER,ALIVE,SampleRoleAssignPlayer
8,status,13,MEDIUM,DEAD,SampleRoleAssignPlayer
8,status,14,WEREWOLF,DEAD,SampleRoleAssignPlayer
8,status,15,VILLAGER,DEAD,SampleRoleAssignPlayer
8,talk,0,0,7,VOTE Agent[09]
8,talk,1,0,6,VOTE Agent[07]
8,talk,2,0,12,VOTE Agent[09]
8,talk,3,0,9,IDENTIFIED Agent[15] HUMAN
8,talk,4,1,6,Skip
8,talk,5,1,12,Skip
8,talk,6,1,9,VOTE Agent[06]
8,talk,7,1,7,Skip
8,talk,8,2,7,Skip
8,talk,9,2,6,Skip
8,talk,10,2,9,REQUEST(VOTE Agent[06])
8,talk,11,2,12,Skip
8,talk,12,3,7,Over
8,talk,13,3,6,Over
8,talk,14,3,9,Skip
8,talk,15,3,12,Over
8,talk,16,4,12,Over
8,talk,17,4,6,Over
8,talk,18,4,9,Skip
8,talk,19,4,7,Over
8,talk,20,5,7,Over
8,talk,21,5,9,Over
8,talk,22,5,12,Over
8,talk,23,5,6,Over
8,vote,6,7
8,vote,7,9
8,vote,9,6
8,vote,12,9
8,execute,9,WEREWOLF
8,attack,7,true
9,status,1,POSSESSED,DEAD,wolf1
9,status,2,VILLAGER,DEAD,SampleRoleAssignPlayer
9,status,3,BODYGUARD,DEAD,SampleRoleAssignPlayer
9,status,4,VILLAGER,DEAD,SampleRoleAssignPlayer
9,status,5,VILLAGER,DEAD,SampleRoleAssignPlayer
9,status,6,VILLAGER,ALIVE,SampleRoleAssignPlayer
9,status,7,VILLAGER,DEAD,SampleRoleAssignPlayer
9,status,8,WEREWOLF,DEAD,SampleRoleAssignPlayer
9,status,9,WEREWOLF,DEAD,SampleRoleAssignPlayer
9,status,10,VILLAGER,DEAD,SampleRoleAssignPlayer
9,status,11,SEER,DEAD,SampleRoleAssignPlayer
9,status,12,VILLAGER,ALIVE,SampleRoleAssignPlayer
9,status,13,MEDIUM,DEAD,SampleRoleAssignPlayer
9,status,14,WEREWOLF,DEAD,SampleRoleAssignPlayer
9,status,15,VILLAGER,DEAD,SampleRoleAssignPlayer
9,result,2,0,VILLAGER
