0,status,1,BODYGUARD,ALIVE,wolf1
0,status,2,WEREWOLF,ALIVE,SampleRoleAssignPlayer
0,status,3,VILLAGER,ALIVE,SampleRoleAssignPlayer
0,status,4,VILLAGER,ALIVE,SampleRoleAssignPlayer
0,status,5,VILLAGER,ALIVE,SampleRoleAssignPlayer
0,status,6,WEREWOLF,ALIVE,SampleRoleAssignPlayer
0,status,7,SEER,ALIVE,SampleRoleAssignPlayer
0,status,8,WEREWOLF,ALIVE,SampleRoleAssignPlayer
0,status,9,VILLAGER,ALIVE,SampleRoleAssignPlayer
0,status,10,VILLAGER,ALIVE,SampleRoleAssignPlayer
0,status,11,VILLAGER,ALIVE,SampleRoleAssignPlayer
0,status,12,MEDIUM,ALIVE,SampleRoleAssignPlayer
0,status,13,VILLAGER,ALIVE,SampleRoleAssignPlayer
0,status,14,POSSESSED,ALIVE,SampleRoleAssignPlayer
0,status,15,VILLAGER,ALIVE,SampleRoleAssignPlayer
0,whisper,0,0,8,COMINGOUT Agent[08] SEER
0,whisper,1,0,2,COMINGOUT Agent[02] VILLAGER
0,whisper,2,0,6,COMINGOUT Agent[06] MEDIUM
0,whisper,3,1,6,Skip
0,whisper,4,1,8,DIVINED Agent[13] WEREWOLF
0,whisper,5,1,2,Skip
0,whisper,6,2,8,Skip
0,whisper,7,2,6,Skip
0,whisper,8,2,2,Skip
0,whisper,9,3,8,Skip
0,whisper,10,3,6,Over
0,whisper,11,3,2,Over
0,whisper,12,4,8,Over
0,whisper,13,4,6,Over
0,whisper,14,4,2,Over
0,divine,7,1,HUMAN
1,status,1,BODYGUARD,ALIVE,wolf1
1,status,2,WEREWOLF,ALIVE,SampleRoleAssignPlayer
1,status,3,VILLAGER,ALIVE,SampleRoleAssignPlayer
1,status,4,VILLAGER,ALIVE,SampleRoleAssignPlayer
1,status,5,VILLAGER,ALIVE,SampleRoleAssignPlayer
1,status,6,WEREWOLF,ALIVE,SampleRoleAssignPlayer
1,status,7,SEER,ALIVE,SampleRoleAssignPlayer
1,status,8,WEREWOLF,ALIVE,SampleRoleAssignPlayer
1,status,9,VILLAGER,ALIVE,SampleRoleAssignPlayer
1,status,10,VILLAGER,ALIVE,SampleRoleAssignPlayer
1,status,11,VILLAGER,ALIVE,SampleRoleAssignPlayer
1,status,12,MEDIUM,ALIVE,SampleRoleAssignPlayer
1,status,13,VILLAGER,ALIVE,SampleRoleAssignPlayer
1,status,14,POSSESSED,ALIVE,SampleRoleAssignPlayer
1,status,15,VILLAGER,ALIVE,SampleRoleAssignPlayer
1,talk,0,0,4,VOTE Agent[02]
1,talk,1,0,15,VOTE Agent[06]
1,talk,2,0,10,VOTE Agent[12]
1,talk,3,0,1,VOTE Agent[09]
1,talk,4,0,2,VOTE Agent[04]
1,talk,5,0,11,VOTE Agent[02]
1,talk,6,0,8,VOTE Agent[13]
1,talk,7,0,6,VOTE Agent[01]
1,talk,8,0,14,COMINGOUT Agent[14] SEER
1,talk,9,0,3,VOTE Agent[06]
1,talk,10,0,7,COMINGOUT Agent[07] SEER
1,talk,11,0,13,VOTE Agent[14]
1,talk,12,0,9,VOTE Agent[15]
1,talk,13,0,5,VOTE Agent[07]
1,talk,14,0,12,VOTE Agent[13]
1,talk,15,1,9,Skip
1,talk,16,1,6,REQUEST(VOTE Agent[01])
1,talk,17,1,13,Skip
1,talk,18,1,1,ESTIMATE Agent[07] WEREWOLF
1,talk,19,1,11,Skip
1,talk,20,1,8,REQUEST(VOTE Agent[13])
1,talk,21,1,10,Skip
1,talk,22,1,4,Skip
1,talk,23,1,14,DIVINED Agent[11] HUMAN
1,talk,24,1,15,Skip
1,talk,25,1,2,REQUEST(VOTE Agent[04])
1,talk,26,1,5,Skip
1,talk,27,1,7,DIVINED Agent[01] HUMAN
1,talk,28,1,12,Skip
1,talk,29,1,3,Skip
1,talk,30,2,8,COMINGOUT Agent[08] SEER
1,talk,31,2,2,Skip
1,talk,32,2,6,Skip
1,talk,33,2,4,ESTIMATE Agent[14] SEER
1,talk,34,2,13,ESTIMATE Agent[14] SEER
1,talk,35,2,12,ESTIMATE Agent[14] SEER
1,talk,36,2,5,DISAGREE TALK day1 ID:18
1,talk,37,2,10,ESTIMATE Agent[14] SEER
1,talk,38,2,11,DISAGREE TALK day1 ID:18
1,talk,39,2,14,REQUEST(VOTE Agent[13])
1,talk,40,2,1,ESTIMATE Agent[09] WEREWOLF
1,talk,41,2,3,ESTIMATE Agent[14] SEER
1,talk,42,2,7,ESTIMATE Agent[14] WEREWOLF
1,talk,43,2,15,DISAGREE TALK day1 ID:18
1,talk,44,2,9,ESTIMATE Agent[14] SEER
1,talk,45,3,10,Skip
1,talk,46,3,8,DIVINED Agent[13] WEREWOLF
1,talk,47,3,15,ESTIMATE Agent[07] SEER
1,talk,48,3,4,Skip
1,talk,49,3,9,Skip
1,talk,50,3,11,ESTIMATE Agent[07] SEER
1,talk,51,3,6,Skip
1,talk,52,3,7,VOTE Agent[14]
1,talk,53,3,3,Skip
1,talk,54,3,2,Skip
1,talk,55,3,5,ESTIMATE Agent[07] SEER
1,talk,56,3,13,Skip
1,talk,57,3,12,Skip
1,talk,58,3,14,VOTE Agent[07]
1,talk,59,3,1,ESTIMATE Agent[15] WEREWOLF
1,talk,60,4,12,Skip
1,talk,61,4,9,ESTIMATE Agent[13] WEREWOLF
1,talk,62,4,5,ESTIMATE Agent[13] WEREWOLF
1,talk,63,4,10,ESTIMATE Agent[13] WEREWOLF
1,talk,64,4,14,REQUEST(VOTE Agent[07])
1,talk,65,4,1,VOTE Agent[13]
1,talk,66,4,13,ESTIMATE Agent[08] WEREWOLF
1,talk,67,4,2,Over
1,talk,68,4,8,Skip
1,talk,69,4,15,ESTIMATE Agent[13] WEREWOLF
1,talk,70,4,11,ESTIMATE Agent[13] WEREWOLF
1,talk,71,4,3,ESTIMATE Agent[13] WEREWOLF
1,talk,72,4,6,Over
1,talk,73,4,7,Skip
1,talk,74,4,4,ESTIMATE Agent[13] WEREWOLF
1,talk,75,5,13,REQUEST(Agent[14] DIVINATION Agent[08])
1,talk,76,5,4,REQUEST(Agent[14] DIVINATION Agent[13])
1,talk,77,5,9,REQUEST(Agent[14] DIVINATION Agent[13])
1,talk,78,5,3,REQUEST(Agent[14] DIVINATION Agent[13])
1,talk,79,5,5,REQUEST(Agent[07] DIVINATION Agent[13])
1,talk,80,5,12,Over
1,talk,81,5,11,REQUEST(Agent[07] DIVINATION Agent[13])
1,talk,82,5,7,Skip
1,talk,83,5,2,Over
1,talk,84,5,15,REQUEST(Agent[07] DIVINATION Agent[13])
1,talk,85,5,8,Skip
1,talk,86,5,6,Over
1,talk,87,5,10,REQUEST(Agent[14] DIVINATION Agent[13])
1,talk,88,5,14,Skip
1,talk,89,5,1,Over
1,talk,90,6,1,Over
1,talk,91,6,8,Over
1,talk,92,6,5,VOTE Agent[13]
1,talk,93,6,9,VOTE Agent[13]
1,talk,94,6,6,Over
1,talk,95,6,15,VOTE Agent[13]
1,talk,96,6,14,Skip
1,talk,97,6,4,VOTE Agent[13]
1,talk,98,6,7,Over
1,talk,99,6,13,VOTE Agent[08]
1,talk,100,6,10,VOTE Agent[13]
1,talk,101,6,2,Over
1,talk,102,6,3,VOTE Agent[13]
1,talk,103,6,11,VOTE Agent[13]
1,talk,104,6,12,Over
1,talk,105,7,1,Over
1,talk,106,7,14,Over
1,talk,107,7,9,Skip
1,talk,108,7,6,Over
1,talk,109,7,7,Over
1,talk,110,7,15,Skip
1,talk,111,7,10,Skip
1,talk,112,7,12,Over
1,talk,113,7,11,Skip
1,talk,114,7,4,Skip
1,talk,115,7,3,Skip
1,talk,116,7,13,Skip
1,talk,117,7,2,Over
1,talk,118,7,8,Over
1,talk,119,7,5,Skip
1,talk,120,8,4,Skip
1,talk,121,8,1,Over
1,talk,122,8,5,Skip
1,talk,123,8,14,Over
1,talk,124,8,10,Skip
1,talk,125,8,6,Over
1,talk,126,8,15,Skip
1,talk,127,8,13,Skip
1,talk,128,8,7,Over
1,talk,129,8,12,Over
1,talk,130,8,9,Skip
1,talk,131,8,2,Over
1,talk,132,8,11,Skip
1,talk,133,8,3,Skip
1,talk,134,8,8,Over
1,talk,135,9,4,Over
1,talk,136,9,8,Over
1,talk,137,9,9,Over
1,talk,138,9,14,Over
1,talk,139,9,10,Over
1,talk,140,9,15,Over
1,talk,141,9,6,Over
1,talk,142,9,3,Over
1,talk,143,9,1,Over
1,talk,144,9,12,Over
1,talk,145,9,11,Over
1,talk,146,9,7,Over
1,talk,147,9,2,Over
1,talk,148,9,5,Over
1,talk,149,9,13,Over
1,vote,1,13
1,vote,2,4
1,vote,3,13
1,vote,4,13
1,vote,5,13
1,vote,6,1
1,vote,7,14
1,vote,8,13
1,vote,9,13
1,vote,10,13
1,vote,11,13
1,vote,12,13
1,vote,13,8
1,vote,14,7
1,vote,15,13
1,execute,13,VILLAGER
1,divine,7,14,HUMAN
1,whisper,0,0,6,ATTACK Agent[07]
1,whisper,1,0,8,ATTACK Agent[14]
1,whisper,2,0,2,ATTACK Agent[14]
1,whisper,3,1,8,REQUEST(ATTACK Agent[14])
1,whisper,4,1,6,REQUEST(ATTACK Agent[07])
1,whisper,5,1,2,REQUEST(ATTACK Agent[14])
1,whisper,6,2,8,DIVINED Agent[02] HUMAN
1,whisper,7,2,6,IDENTIFIED Agent[13] WEREWOLF
1,whisper,8,2,2,Skip
1,whisper,9,3,8,Skip
1,whisper,10,3,6,Skip
1,whisper,11,3,2,Skip
1,whisper,12,4,8,Skip
1,whisper,13,4,6,Skip
1,whisper,14,4,2,Over
1,whisper,15,5,2,Over
1,whisper,16,5,6,Over
1,whisper,17,5,8,Over
1,guard,1,14,POSSESSED
1,attackVote,2,14
1,attackVote,6,7
1,attackVote,8,14
1,attack,14,false
2,status,1,BODYGUARD,ALIVE,wolf1
2,status,2,WEREWOLF,ALIVE,SampleRoleAssignPlayer
2,status,3,VILLAGER,ALIVE,SampleRoleAssignPlayer
2,status,4,VILLAGER,ALIVE,SampleRoleAssignPlayer
2,status,5,VILLAGER,ALIVE,SampleRoleAssignPlayer
2,status,6,WEREWOLF,ALIVE,SampleRoleAssignPlayer
2,status,7,SEER,ALIVE,SampleRoleAssignPlayer
2,status,8,WEREWOLF,ALIVE,SampleRoleAssignPlayer
2,status,9,VILLAGER,ALIVE,SampleRoleAssignPlayer
2,status,10,VILLAGER,ALIVE,SampleRoleAssignPlayer
2,status,11,VILLAGER,ALIVE,SampleRoleAssignPlayer
2,status,12,MEDIUM,ALIVE,SampleRoleAssignPlayer
2,status,13,VILLAGER,DEAD,SampleRoleAssignPlayer
2,status,14,POSSESSED,ALIVE,SampleRoleAssignPlayer
2,status,15,VILLAGER,ALIVE,SampleRoleAssignPlayer
2,talk,0,0,9,VOTE Agent[01]
2,talk,1,0,1,VOTE Agent[15]
2,talk,2,0,10,VOTE Agent[08]
2,talk,3,0,4,VOTE Agent[05]
2,talk,4,0,7,DIVINED Agent[14] HUMAN
2,talk,5,0,8,DIVINED Agent[02] HUMAN
2,talk,6,0,14,DIVINED Agent[05] HUMAN
2,talk,7,0,15,VOTE Agent[09]
2,talk,8,0,3,VOTE Agent[06]
2,talk,9,0,2,VOTE Agent[03]
2,talk,10,0,11,VOTE Agent[15]
2,talk,11,0,5,VOTE Agent[07]
2,talk,12,0,6,COMINGOUT Agent[06] MEDIUM
2,talk,13,0,12,COMINGOUT Agent[12] MEDIUM
2,talk,14,1,6,IDENTIFIED Agent[13] WEREWOLF
2,talk,15,1,3,Skip
2,talk,16,1,15,Skip
2,talk,17,1,4,Skip
2,talk,18,1,12,IDENTIFIED Agent[13] HUMAN
2,talk,19,1,10,Skip
2,talk,20,1,8,VOTE Agent[07]
2,talk,21,1,7,AGREE TALK day1 ID:66
2,talk,22,1,5,Skip
2,talk,23,1,1,ESTIMATE Agent[08] WEREWOLF
2,talk,24,1,14,VOTE Agent[07]
2,talk,25,1,11,Skip
2,talk,26,1,9,Skip
2,talk,27,1,2,REQUEST(VOTE Agent[03])
2,talk,28,2,8,REQUEST(VOTE Agent[07])
2,talk,29,2,14,REQUEST(VOTE Agent[07])
2,talk,30,2,9,Skip
2,talk,31,2,3,Skip
2,talk,32,2,7,ESTIMATE Agent[08] WEREWOLF
2,talk,33,2,11,Skip
2,talk,34,2,1,ESTIMATE Agent[06] WEREWOLF
2,talk,35,2,5,Skip
2,talk,36,2,2,Skip
2,talk,37,2,10,Skip
2,talk,38,2,4,Skip
2,talk,39,2,15,Skip
2,talk,40,2,12,AGREE TALK day1 ID:66
2,talk,41,2,6,REQUEST(VOTE Agent[01])
2,talk,42,3,5,Over
2,talk,43,3,9,Over
2,talk,44,3,15,Over
2,talk,45,3,12,ESTIMATE Agent[08] WEREWOLF
2,talk,46,3,2,Skip
2,talk,47,3,6,VOTE Agent[12]
2,talk,48,3,11,Over
2,talk,49,3,4,Over
2,talk,50,3,3,Over
2,talk,51,3,7,VOTE Agent[08]
2,talk,52,3,8,Skip
2,talk,53,3,14,Skip
2,talk,54,3,1,ESTIMATE Agent[15] WEREWOLF
2,talk,55,3,10,Over
2,talk,56,4,1,VOTE Agent[06]
2,talk,57,4,3,Over
2,talk,58,4,7,Skip
2,talk,59,4,12,REQUEST(Agent[14] DIVINATION Agent[08])
2,talk,60,4,6,REQUEST(VOTE Agent[12])
2,talk,61,4,5,Over
2,talk,62,4,9,Over
2,talk,63,4,14,Skip
2,talk,64,4,10,Over
2,talk,65,4,15,Over
2,talk,66,4,8,Skip
2,talk,67,4,11,Over
2,talk,68,4,2,Over
2,talk,69,4,4,Over
2,talk,70,5,5,Over
2,talk,71,5,1,Over
2,talk,72,5,4,Over
2,talk,73,5,3,Over
2,talk,74,5,14,Over
2,talk,75,5,15,Over
2,talk,76,5,11,Over
2,talk,77,5,7,Skip
2,talk,78,5,10,Over
2,talk,79,5,6,Skip
2,talk,80,5,9,Over
2,talk,81,5,12,VOTE Agent[08]
2,talk,82,5,8,Over
2,talk,83,5,2,Over
2,talk,84,6,15,Over
2,talk,85,6,10,Over
2,talk,86,6,5,Over
2,talk,87,6,14,Over
2,talk,88,6,1,Over
2,talk,89,6,9,Over
2,talk,90,6,11,Over
2,talk,91,6,3,Over
2,talk,92,6,4,Over
2,talk,93,6,8,Over
2,talk,94,6,7,Over
2,talk,95,6,12,Skip
2,talk,96,6,6,Skip
2,talk,97,6,2,Over
2,talk,98,7,8,Over
2,talk,99,7,5,Over
2,talk,100,7,9,Over
2,talk,101,7,12,Skip
2,talk,102,7,4,Over
2,talk,103,7,3,Over
2,talk,104,7,14,Over
2,talk,105,7,2,Over
2,talk,106,7,10,Over
2,talk,107,7,1,Over
2,talk,108,7,7,Over
2,talk,109,7,15,Over
2,talk,110,7,6,Over
2,talk,111,7,11,Over
2,talk,112,8,5,Over
2,talk,113,8,2,Over
2,talk,114,8,10,Over
2,talk,115,8,12,Over
2,talk,116,8,9,Over
2,talk,117,8,1,Over
2,talk,118,8,15,Over
2,talk,119,8,14,Over
2,talk,120,8,8,Over
2,talk,121,8,11,Over
2,talk,122,8,7,Over
2,talk,123,8,4,Over
2,talk,124,8,3,Over
2,talk,125,8,6,Over
2,vote,1,6
2,vote,2,3
2,vote,3,6
2,vote,4,5
2,vote,5,7
2,vote,6,12
2,vote,7,8
2,vote,8,7
2,vote,9,1
2,vote,10,8
2,vote,11,15
2,vote,12,8
2,vote,14,7
2,vote,15,9
2,vote,1,6
2,vote,2,7
2,vote,3,8
2,vote,4,7
2,vote,5,7
2,vote,6,7
2,vote,7,8
2,vote,8,7
2,vote,9,7
2,vote,10,8
2,vote,11,7
2,vote,12,8
2,vote,14,7
2,vote,15,7
2,execute,7,SEER
2,whisper,0,0,8,ATTACK Agent[12]
2,whisper,1,0,2,ATTACK Agent[12]
2,whisper,2,0,6,ATTACK Agent[12]
2,whisper,3,1,2,REQUEST(ATTACK Agent[12])
2,whisper,4,1,8,REQUEST(ATTACK Agent[12])
2,whisper,5,1,6,REQUEST(ATTACK Agent[12])
2,whisper,6,2,2,Skip
2,whisper,7,2,6,IDENTIFIED Agent[07] WEREWOLF
2,whisper,8,2,8,DIVINED Agent[06] HUMAN
2,whisper,9,3,6,Skip
2,whisper,10,3,8,Skip
2,whisper,11,3,2,Skip
2,whisper,12,4,8,Skip
2,whisper,13,4,6,Skip
2,whisper,14,4,2,Over
2,whisper,15,5,8,Over
2,whisper,16,5,2,Over
2,whisper,17,5,6,Over
2,guard,1,14,POSSESSED
2,attackVote,2,12
2,attackVote,6,12
2,attackVote,8,12
2,attack,12,true
3,status,1,BODYGUARD,ALIVE,wolf1
3,status,2,WEREWOLF,ALIVE,SampleRoleAssignPlayer
3,status,3,VILLAGER,ALIVE,SampleRoleAssignPlayer
3,status,4,VILLAGER,ALIVE,SampleRoleAssignPlayer
3,status,5,VILLAGER,ALIVE,SampleRoleAssignPlayer
3,status,6,WEREWOLF,ALIVE,SampleRoleAssignPlayer
3,status,7,SEER,DEAD,SampleRoleAssignPlayer
3,status,8,WEREWOLF,ALIVE,SampleRoleAssignPlayer
3,status,9,VILLAGER,ALIVE,SampleRoleAssignPlayer
3,status,10,VILLAGER,ALIVE,SampleRoleAssignPlayer
3,status,11,VILLAGER,ALIVE,SampleRoleAssignPlayer
3,status,12,MEDIUM,DEAD,SampleRoleAssignPlayer
3,status,13,VILLAGER,DEAD,SampleRoleAssignPlayer
3,status,14,POSSESSED,ALIVE,SampleRoleAssignPlayer
3,status,15,VILLAGER,ALIVE,SampleRoleAssignPlayer
3,talk,0,0,1,VOTE Agent[06]
3,talk,1,0,11,DISAGREE TALK day1 ID:66
3,talk,2,0,4,VOTE Agent[08]
3,talk,3,0,6,IDENTIFIED Agent[07] WEREWOLF
3,talk,4,0,14,DIVINED Agent[03] HUMAN
3,talk,5,0,10,VOTE Agent[01]
3,talk,6,0,2,VOTE Agent[05]
3,talk,7,0,3,VOTE Agent[09]
3,talk,8,0,9,VOTE Agent[11]
3,talk,9,0,5,AGREE TALK day1 ID:33
3,talk,10,0,8,DIVINED Agent[06] HUMAN
3,talk,11,0,15,AGREE TALK day1 ID:33
3,talk,12,1,10,Skip
3,talk,13,1,15,AGREE TALK day1 ID:34
3,talk,14,1,1,ESTIMATE Agent[06] WEREWOLF
3,talk,15,1,5,AGREE TALK day1 ID:34
3,talk,16,1,11,DISAGREE TALK day2 ID:23
3,talk,17,1,14,VOTE Agent[08]
3,talk,18,1,3,Skip
3,talk,19,1,2,REQUEST(VOTE Agent[05])
3,talk,20,1,6,VOTE Agent[10]
3,talk,21,1,9,Skip
3,talk,22,1,4,Skip
3,talk,23,1,8,VOTE Agent[14]
3,talk,24,2,4,Skip
3,talk,25,2,6,REQUEST(VOTE Agent[10])
3,talk,26,2,15,AGREE TALK day1 ID:35
3,talk,27,2,1,ESTIMATE Agent[08] WEREWOLF
3,talk,28,2,5,AGREE TALK day1 ID:35
3,talk,29,2,2,Skip
3,talk,30,2,10,Skip
3,talk,31,2,14,REQUEST(VOTE Agent[08])
3,talk,32,2,9,Skip
3,talk,33,2,8,REQUEST(VOTE Agent[14])
3,talk,34,2,11,DISAGREE TALK day2 ID:32
3,talk,35,2,3,Skip
3,talk,36,3,4,Over
3,talk,37,3,11,DISAGREE TALK day2 ID:45
3,talk,38,3,6,Skip
3,talk,39,3,3,Over
3,talk,40,3,5,AGREE TALK day1 ID:37
3,talk,41,3,8,Skip
3,talk,42,3,1,ESTIMATE Agent[15] WEREWOLF
3,talk,43,3,9,Over
3,talk,44,3,10,Over
3,talk,45,3,14,Skip
3,talk,46,3,15,AGREE TALK day1 ID:37
3,talk,47,3,2,Skip
3,talk,48,4,8,Skip
3,talk,49,4,14,Skip
3,talk,50,4,3,Over
3,talk,51,4,10,Over
3,talk,52,4,5,AGREE TALK day1 ID:41
3,talk,53,4,2,Over
3,talk,54,4,1,ESTIMATE Agent[10] VILLAGER
3,talk,55,4,11,ESTIMATE Agent[08] SEER
3,talk,56,4,15,AGREE TALK day1 ID:41
3,talk,57,4,9,Over
3,talk,58,4,4,Over
3,talk,59,4,6,Skip
3,talk,60,5,2,Over
3,talk,61,5,11,VOTE Agent[14]
3,talk,62,5,8,Over
3,talk,63,5,15,DISAGREE TALK day1 ID:42
3,talk,64,5,6,Over
3,talk,65,5,1,Over
3,talk,66,5,14,Over
3,talk,67,5,5,DISAGREE TALK day1 ID:42
3,talk,68,5,10,Over
3,talk,69,5,9,Over
3,talk,70,5,3,Over
3,talk,71,5,4,Over
3,talk,72,6,10,Over
3,talk,73,6,1,Over
3,talk,74,6,4,Over
3,talk,75,6,15,AGREE TALK day1 ID:44
3,talk,76,6,3,Over
3,talk,77,6,14,Over
3,talk,78,6,11,Skip
3,talk,79,6,5,AGREE TALK day1 ID:44
3,talk,80,6,8,Over
3,talk,81,6,2,Over
3,talk,82,6,9,Over
3,talk,83,6,6,Over
3,talk,84,7,5,ESTIMATE Agent[14] SEER
3,talk,85,7,10,Over
3,talk,86,7,1,Over
3,talk,87,7,11,Skip
3,talk,88,7,9,Over
3,talk,89,7,6,Over
3,talk,90,7,2,Over
3,talk,91,7,3,Over
3,talk,92,7,8,Over
3,talk,93,7,4,Over
3,talk,94,7,15,ESTIMATE Agent[14] SEER
3,talk,95,7,14,Over
3,talk,96,8,3,Over
3,talk,97,8,11,Over
3,talk,98,8,15,VOTE Agent[02]
3,talk,99,8,10,Over
3,talk,100,8,6,Over
3,talk,101,8,9,Over
3,talk,102,8,2,Over
3,talk,103,8,4,Over
3,talk,104,8,14,Over
3,talk,105,8,8,Over
3,talk,106,8,1,Over
3,talk,107,8,5,VOTE Agent[03]
3,talk,108,9,14,Over
3,talk,109,9,9,Over
3,talk,110,9,15,Skip
3,talk,111,9,2,Over
3,talk,112,9,3,Over
3,talk,113,9,1,Over
3,talk,114,9,5,Skip
3,talk,115,9,8,Over
3,talk,116,9,10,Over
3,talk,117,9,4,Over
3,talk,118,9,11,Over
3,talk,119,9,6,Over
3,talk,120,10,10,Over
3,talk,121,10,2,Over
3,talk,122,10,14,Over
3,talk,123,10,3,Over
3,talk,124,10,1,Over
3,talk,125,10,15,Skip
3,talk,126,10,5,Skip
3,talk,127,10,4,Over
3,talk,128,10,6,Over
3,talk,129,10,11,Over
3,talk,130,10,9,Over
3,talk,131,10,8,Over
3,talk,132,11,3,Over
3,talk,133,11,4,Over
3,talk,134,11,9,Over
3,talk,135,11,1,Over
3,talk,136,11,15,Over
3,talk,137,11,11,Over
3,talk,138,11,10,Over
3,talk,139,11,6,Over
3,talk,140,11,8,Over
3,talk,141,11,2,Over
3,talk,142,11,5,Over
3,talk,143,11,14,Over
3,vote,1,6
3,vote,2,5
3,vote,3,9
3,vote,4,8
3,vote,5,3
3,vote,6,10
3,vote,8,14
3,vote,9,11
3,vote,10,1
3,vote,11,14
3,vote,14,8
3,vote,15,2
3,vote,1,6
3,vote,2,14
3,vote,3,14
3,vote,4,8
3,vote,5,14
3,vote,6,14
3,vote,8,14
3,vote,9,14
3,vote,10,14
3,vote,11,14
3,vote,14,8
3,vote,15,8
3,execute,14,POSSESSED
3,whisper,0,0,8,ATTACK Agent[04]
3,whisper,1,0,2,ATTACK Agent[04]
3,whisper,2,0,6,ATTACK Agent[04]
3,whisper,3,1,2,REQUEST(ATTACK Agent[04])
3,whisper,4,1,6,REQUEST(ATTACK Agent[04])
3,whisper,5,1,8,REQUEST(ATTACK Agent[04])
3,whisper,6,2,6,IDENTIFIED Agent[14] WEREWOLF
3,whisper,7,2,8,DIVINED Agent[15] HUMAN
3,whisper,8,2,2,Skip
3,whisper,9,3,6,Skip
3,whisper,10,3,2,Skip
3,whisper,11,3,8,Skip
3,whisper,12,4,2,Over
3,whisper,13,4,6,Skip
3,whisper,14,4,8,Skip
3,whisper,15,5,8,Over
3,whisper,16,5,6,Over
3,whisper,17,5,2,Over
3,guard,1,10,VILLAGER
3,attackVote,2,4
3,attackVote,6,4
3,attackVote,8,4
3,attack,4,true
4,status,1,BODYGUARD,ALIVE,wolf1
4,status,2,WEREWOLF,ALIVE,SampleRoleAssignPlayer
4,status,3,VILLAGER,ALIVE,SampleRoleAssignPlayer
4,status,4,VILLAGER,DEAD,SampleRoleAssignPlayer
4,status,5,VILLAGER,ALIVE,SampleRoleAssignPlayer
4,status,6,WEREWOLF,ALIVE,SampleRoleAssignPlayer
4,status,7,SEER,DEAD,SampleRoleAssignPlayer
4,status,8,WEREWOLF,ALIVE,SampleRoleAssignPlayer
4,status,9,VILLAGER,ALIVE,SampleRoleAssignPlayer
4,status,10,VILLAGER,ALIVE,SampleRoleAssignPlayer
4,status,11,VILLAGER,ALIVE,SampleRoleAssignPlayer
4,status,12,MEDIUM,DEAD,SampleRoleAssignPlayer
4,status,13,VILLAGER,DEAD,SampleRoleAssignPlayer
4,status,14,POSSESSED,DEAD,SampleRoleAssignPlayer
4,status,15,VILLAGER,ALIVE,SampleRoleAssignPlayer
4,talk,0,0,15,DISAGREE TALK day1 ID:66
4,talk,1,0,6,IDENTIFIED Agent[14] WEREWOLF
4,talk,2,0,9,DISAGREE TALK day1 ID:66
4,talk,3,0,10,DISAGREE TALK day1 ID:66
4,talk,4,0,2,VOTE Agent[01]
4,talk,5,0,11,VOTE Agent[03]
4,talk,6,0,3,DISAGREE TALK day1 ID:66
4,talk,7,0,5,DISAGREE TALK day1 ID:66
4,talk,8,0,1,VOTE Agent[08]
4,talk,9,0,8,DIVINED Agent[15] HUMAN
4,talk,10,1,9,DISAGREE TALK day2 ID:23
4,talk,11,1,3,DISAGREE TALK day2 ID:23
4,talk,12,1,8,VOTE Agent[01]
4,talk,13,1,1,ESTIMATE Agent[06] WEREWOLF
4,talk,14,1,11,Skip
4,talk,15,1,6,VOTE Agent[03]
4,talk,16,1,10,DISAGREE TALK day2 ID:23
4,talk,17,1,5,DISAGREE TALK day2 ID:23
4,talk,18,1,15,DISAGREE TALK day2 ID:23
4,talk,19,1,2,REQUEST(VOTE Agent[01])
4,talk,20,2,10,DISAGREE TALK day2 ID:32
4,talk,21,2,1,ESTIMATE Agent[08] WEREWOLF
4,talk,22,2,6,REQUEST(VOTE Agent[03])
4,talk,23,2,8,REQUEST(VOTE Agent[01])
4,talk,24,2,5,DISAGREE TALK day2 ID:32
4,talk,25,2,11,Skip
4,talk,26,2,2,Skip
4,talk,27,2,15,DISAGREE TALK day2 ID:32
4,talk,28,2,3,DISAGREE TALK day2 ID:32
4,talk,29,2,9,DISAGREE TALK day2 ID:32
4,talk,30,3,1,ESTIMATE Agent[09] WEREWOLF
4,talk,31,3,15,DISAGREE TALK day2 ID:45
4,talk,32,3,10,DISAGREE TALK day2 ID:45
4,talk,33,3,8,Skip
4,talk,34,3,6,Skip
4,talk,35,3,5,DISAGREE TALK day2 ID:45
4,talk,36,3,2,Skip
4,talk,37,3,9,DISAGREE TALK day2 ID:45
4,talk,38,3,3,DISAGREE TALK day2 ID:45
4,talk,39,3,11,Over
4,talk,40,4,6,Skip
4,talk,41,4,8,Skip
4,talk,42,4,1,ESTIMATE Agent[03] VILLAGER
4,talk,43,4,10,DISAGREE TALK day3 ID:27
4,talk,44,4,9,DISAGREE TALK day3 ID:27
4,talk,45,4,15,DISAGREE TALK day3 ID:27
4,talk,46,4,5,DISAGREE TALK day3 ID:27
4,talk,47,4,2,Over
4,talk,48,4,11,Over
4,talk,49,4,3,DISAGREE TALK day3 ID:27
4,talk,50,5,2,Over
4,talk,51,5,10,AGREE TALK day3 ID:55
4,talk,52,5,1,ESTIMATE Agent[10] VILLAGER
4,talk,53,5,5,AGREE TALK day3 ID:55
4,talk,54,5,11,Over
4,talk,55,5,15,AGREE TALK day3 ID:55
4,talk,56,5,8,Over
4,talk,57,5,6,Over
4,talk,58,5,3,AGREE TALK day3 ID:55
4,talk,59,5,9,AGREE TALK day3 ID:55
4,talk,60,6,2,Over
4,talk,61,6,9,ESTIMATE Agent[08] SEER
4,talk,62,6,6,Over
4,talk,63,6,8,Over
4,talk,64,6,1,ESTIMATE Agent[11] WEREWOLF
4,talk,65,6,15,ESTIMATE Agent[08] SEER
4,talk,66,6,5,ESTIMATE Agent[08] SEER
4,talk,67,6,11,Over
4,talk,68,6,3,ESTIMATE Agent[08] SEER
4,talk,69,6,10,ESTIMATE Agent[08] SEER
4,talk,70,7,11,Over
4,talk,71,7,9,VOTE Agent[06]
4,talk,72,7,3,VOTE Agent[05]
4,talk,73,7,5,VOTE Agent[08]
4,talk,74,7,6,Over
4,talk,75,7,8,Over
4,talk,76,7,1,ESTIMATE Agent[15] VILLAGER
4,talk,77,7,2,Over
4,talk,78,7,15,VOTE Agent[08]
4,talk,79,7,10,VOTE Agent[05]
4,talk,80,8,8,Over
4,talk,81,8,5,Skip
4,talk,82,8,3,Skip
4,talk,83,8,2,Over
4,talk,84,8,10,Skip
4,talk,85,8,15,Skip
4,talk,86,8,9,Skip
4,talk,87,8,11,Over
4,talk,88,8,1,Over
4,talk,89,8,6,Over
4,talk,90,9,15,Skip
4,talk,91,9,6,Over
4,talk,92,9,5,Skip
4,talk,93,9,9,Skip
4,talk,94,9,2,Over
4,talk,95,9,1,Over
4,talk,96,9,10,Skip
4,talk,97,9,8,Over
4,talk,98,9,3,Skip
4,talk,99,9,11,Over
4,talk,100,10,10,Over
4,talk,101,10,3,Over
4,talk,102,10,6,Over
4,talk,103,10,8,Over
4,talk,104,10,2,Over
4,talk,105,10,11,Over
4,talk,106,10,1,Over
4,talk,107,10,5,Over
4,talk,108,10,15,Over
4,talk,109,10,9,Over
4,vote,1,8
4,vote,2,1
4,vote,3,5
4,vote,5,8
4,vote,6,3
4,vote,8,1
4,vote,9,6
4,vote,10,5
4,vote,11,3
4,vote,15,8
4,execute,8,WEREWOLF
4,whisper,0,0,6,ATTACK Agent[03]
4,whisper,1,0,2,ATTACK Agent[11]
4,whisper,2,1,2,REQUEST(ATTACK Agent[11])
4,whisper,3,1,6,REQUEST(ATTACK Agent[03])
4,whisper,4,2,2,Skip
4,whisper,5,2,6,IDENTIFIED Agent[08] HUMAN
4,whisper,6,3,6,Skip
4,whisper,7,3,2,Skip
4,whisper,8,4,6,Skip
4,whisper,9,4,2,Over
4,whisper,10,5,6,Over
4,whisper,11,5,2,Over
4,guard,1,10,VILLAGER
4,attackVote,2,11
4,attackVote,6,3
4,attackVote,2,11
4,attackVote,6,3
4,attack,11,true
5,status,1,BODYGUARD,ALIVE,wolf1
5,status,2,WEREWOLF,ALIVE,SampleRoleAssignPlayer
5,status,3,VILLAGER,ALIVE,SampleRoleAssignPlayer
5,status,4,VILLAGER,DEAD,SampleRoleAssignPlayer
5,status,5,VILLAGER,ALIVE,SampleRoleAssignPlayer
5,status,6,WEREWOLF,ALIVE,SampleRoleAssignPlayer
5,status,7,SEER,DEAD,SampleRoleAssignPlayer
5,status,8,WEREWOLF,DEAD,SampleRoleAssignPlayer
5,status,9,VILLAGER,ALIVE,SampleRoleAssignPlayer
5,status,10,VILLAGER,ALIVE,SampleRoleAssignPlayer
5,status,11,VILLAGER,DEAD,SampleRoleAssignPlayer
5,status,12,MEDIUM,DEAD,SampleRoleAssignPlayer
5,status,13,VILLAGER,DEAD,SampleRoleAssignPlayer
5,status,14,POSSESSED,DEAD,SampleRoleAssignPlayer
5,status,15,VILLAGER,ALIVE,SampleRoleAssignPlayer
5,talk,0,0,15,VOTE Agent[02]
5,talk,1,0,5,VOTE Agent[10]
5,talk,2,0,6,IDENTIFIED Agent[08] HUMAN
5,talk,3,0,1,VOTE Agent[06]
5,talk,4,0,10,VOTE Agent[06]
5,talk,5,0,3,VOTE Agent[09]
5,talk,6,0,2,VOTE Agent[03]
5,talk,7,0,9,VOTE Agent[10]
5,talk,8,1,15,Skip
5,talk,9,1,6,VOTE Agent[03]
5,talk,10,1,9,Skip
5,talk,11,1,5,Skip
5,talk,12,1,10,Skip
5,talk,13,1,2,REQUEST(VOTE Agent[03])
5,talk,14,1,1,ESTIMATE Agent[06] WEREWOLF
5,talk,15,1,3,Skip
5,talk,16,2,2,Skip
5,talk,17,2,15,Skip
5,talk,18,2,1,ESTIMATE Agent[08] WEREWOLF
5,talk,19,2,5,Skip
5,talk,20,2,3,Skip
5,talk,21,2,6,REQUEST(VOTE Agent[03])
5,talk,22,2,9,Skip
5,talk,23,2,10,Skip
5,talk,24,3,5,Over
5,talk,25,3,2,Skip
5,talk,26,3,10,Over
5,talk,27,3,6,Skip
5,talk,28,3,1,ESTIMATE Agent[11] WEREWOLF
5,talk,29,3,9,Over
5,talk,30,3,15,Over
5,talk,31,3,3,Over
5,talk,32,4,1,ESTIMATE Agent[03] VILLAGER
5,talk,33,4,3,Over
5,talk,34,4,2,Over
5,talk,35,4,9,Over
5,talk,36,4,5,Over
5,talk,37,4,6,Skip
5,talk,38,4,15,Over
5,talk,39,4,10,Over
5,talk,40,5,2,Over
5,talk,41,5,3,Over
5,talk,42,5,15,Over
5,talk,43,5,5,Over
5,talk,44,5,6,Over
5,talk,45,5,1,ESTIMATE Agent[10] VILLAGER
5,talk,46,5,9,Over
5,talk,47,5,10,Over
5,talk,48,6,10,Over
5,talk,49,6,2,Over
5,talk,50,6,5,Over
5,talk,51,6,9,Over
5,talk,52,6,6,Over
5,talk,53,6,1,ESTIMATE Agent[15] VILLAGER
5,talk,54,6,15,Over
5,talk,55,6,3,Over
5,talk,56,7,15,Over
5,talk,57,7,6,Over
5,talk,58,7,3,Over
5,talk,59,7,9,Over
5,talk,60,7,1,Over
5,talk,61,7,5,Over
5,talk,62,7,2,Over
5,talk,63,7,10,Over
5,vote,1,6
5,vote,2,3
5,vote,3,9
5,vote,5,10
5,vote,6,3
5,vote,9,10
5,vote,10,6
5,vote,15,2
5,vote,1,6
5,vote,2,3
5,vote,3,10
5,vote,5,10
5,vote,6,3
5,vote,9,10
5,vote,10,6
5,vote,15,3
5,execute,10,VILLAGER
5,whisper,0,0,2,ATTACK Agent[09]
5,whisper,1,0,6,ATTACK Agent[09]
5,whisper,2,1,2,REQUEST(ATTACK Agent[09])
5,whisper,3,1,6,REQUEST(ATTACK Agent[09])
5,whisper,4,2,2,Skip
5,whisper,5,2,6,IDENTIFIED Agent[10] HUMAN
5,whisper,6,3,6,Skip
5,whisper,7,3,2,Skip
5,whisper,8,4,2,Over
5,whisper,9,4,6,Skip
5,whisper,10,5,2,Over
5,whisper,11,5,6,Over
5,guard,1,15,VILLAGER
5,attackVote,2,9
5,attackVote,6,9
5,attack,9,true
6,status,1,BODYGUARD,ALIVE,wolf1
6,status,2,WEREWOLF,ALIVE,SampleRoleAssignPlayer
6,status,3,VILLAGER,ALIVE,SampleRoleAssignPlayer
6,status,4,VILLAGER,DEAD,SampleRoleAssignPlayer
6,status,5,VILLAGER,ALIVE,SampleRoleAssignPlayer
6,status,6,WEREWOLF,ALIVE,SampleRoleAssignPlayer
6,status,7,SEER,DEAD,SampleRoleAssignPlayer
6,status,8,WEREWOLF,DEAD,SampleRoleAssignPlayer
6,status,9,VILLAGER,DEAD,SampleRoleAssignPlayer
6,status,10,VILLAGER,DEAD,SampleRoleAssignPlayer
6,status,11,VILLAGER,DEAD,SampleRoleAssignPlayer
6,status,12,MEDIUM,DEAD,SampleRoleAssignPlayer
6,status,13,VILLAGER,DEAD,SampleRoleAssignPlayer
6,status,14,POSSESSED,DEAD,SampleRoleAssignPlayer
6,status,15,VILLAGER,ALIVE,SampleRoleAssignPlayer
6,talk,0,0,3,VOTE Agent[05]
6,talk,1,0,15,VOTE Agent[02]
6,talk,2,0,6,IDENTIFIED Agent[10] HUMAN
6,talk,3,0,2,VOTE Agent[05]
6,talk,4,0,5,VOTE Agent[01]
6,talk,5,0,1,COMINGOUT Agent[01] BODYGUARD
6,talk,6,1,3,Skip
6,talk,7,1,2,REQUEST(VOTE Agent[05])
6,talk,8,1,15,Skip
6,talk,9,1,1,GUARDED Agent[14]
6,talk,10,1,5,Skip
6,talk,11,1,6,VOTE Agent[05]
6,talk,12,2,5,Skip
6,talk,13,2,2,Skip
6,talk,14,2,3,Skip
6,talk,15,2,1,GUARDED Agent[14]
6,talk,16,2,6,REQUEST(VOTE Agent[05])
6,talk,17,2,15,Skip
6,talk,18,3,2,Skip
6,talk,19,3,6,Skip
6,talk,20,3,15,Over
6,talk,21,3,5,Over
6,talk,22,3,1,GUARDED Agent[10]
6,talk,23,3,3,Over
6,talk,24,4,2,Over
6,talk,25,4,3,Over
6,talk,26,4,15,Over
6,talk,27,4,6,Skip
6,talk,28,4,5,Over
6,talk,29,4,1,GUARDED Agent[10]
6,talk,30,5,1,GUARDED Agent[15]
6,talk,31,5,5,Over
6,talk,32,5,3,Over
6,talk,33,5,6,Over
6,talk,34,5,15,Over
6,talk,35,5,2,Over
6,talk,36,6,1,VOTE Agent[06]
6,talk,37,6,6,Over
6,talk,38,6,5,Over
6,talk,39,6,15,Over
6,talk,40,6,3,Over
6,talk,41,6,2,Over
6,talk,42,7,1,ESTIMATE Agent[06] WEREWOLF
6,talk,43,7,3,Over
6,talk,44,7,6,Over
6,talk,45,7,2,Over
6,talk,46,7,5,Over
6,talk,47,7,15,Over
6,talk,48,8,15,Over
6,talk,49,8,6,Over
6,talk,50,8,3,Over
6,talk,51,8,1,ESTIMATE Agent[08] WEREWOLF
6,talk,52,8,5,Over
6,talk,53,8,2,Over
6,talk,54,9,3,Over
6,talk,55,9,5,Over
6,talk,56,9,2,Over
6,talk,57,9,1,ESTIMATE Agent[11] WEREWOLF
6,talk,58,9,6,Over
6,talk,59,9,15,Over
6,talk,60,10,1,Over
6,talk,61,10,3,Over
6,talk,62,10,2,Over
6,talk,63,10,6,Over
6,talk,64,10,5,Over
6,talk,65,10,15,Over
6,vote,1,6
6,vote,2,5
6,vote,3,5
6,vote,5,1
6,vote,6,5
6,vote,15,2
6,execute,5,VILLAGER
6,whisper,0,0,2,ATTACK Agent[01]
6,whisper,1,0,6,ATTACK Agent[01]
6,whisper,2,1,2,REQUEST(ATTACK Agent[01])
6,whisper,3,1,6,REQUEST(ATTACK Agent[01])
6,whisper,4,2,6,IDENTIFIED Agent[05] HUMAN
6,whisper,5,2,2,Skip
6,whisper,6,3,2,Skip
6,whisper,7,3,6,Skip
6,whisper,8,4,6,Skip
6,whisper,9,4,2,Over
6,whisper,10,5,2,Over
6,whisper,11,5,6,Over
6,guard,1,15,VILLAGER
6,attackVote,2,1
6,attackVote,6,1
6,attack,1,true
7,status,1,BODYGUARD,DEAD,wolf1
7,status,2,WEREWOLF,ALIVE,SampleRoleAssignPlayer
7,status,3,VILLAGER,ALIVE,SampleRoleAssignPlayer
7,status,4,VILLAGER,DEAD,SampleRoleAssignPlayer
7,status,5,VILLAGER,DEAD,SampleRoleAssignPlayer
7,status,6,WEREWOLF,ALIVE,SampleRoleAssignPlayer
7,status,7,SEER,DEAD,SampleRoleAssignPlayer
7,status,8,WEREWOLF,DEAD,SampleRoleAssignPlayer
7,status,9,VILLAGER,DEAD,SampleRoleAssignPlayer
7,status,10,VILLAGER,DEAD,SampleRoleAssignPlayer
7,status,11,VILLAGER,DEAD,SampleRoleAssignPlayer
7,status,12,MEDIUM,DEAD,SampleRoleAssignPlayer
7,status,13,VILLAGER,DEAD,SampleRoleAssignPlayer
7,status,14,POSSESSED,DEAD,SampleRoleAssignPlayer
7,status,15,VILLAGER,ALIVE,SampleRoleAssignPlayer
7,result,2,2,WEREWOLF
