0,status,1,BODYGUARD,ALIVE,wolf1
0,status,2,VILLAGER,ALIVE,SampleRoleAssignPlayer
0,status,3,VILLAGER,ALIVE,SampleRoleAssignPlayer
0,status,4,VILLAGER,ALIVE,SampleRoleAssignPlayer
0,status,5,VILLAGER,ALIVE,SampleRoleAssignPlayer
0,status,6,VILLAGER,ALIVE,SampleRoleAssignPlayer
0,status,7,MEDIUM,ALIVE,SampleRoleAssignPlayer
0,status,8,WEREWOLF,ALIVE,SampleRoleAssignPlayer
0,status,9,WEREWOLF,ALIVE,SampleRoleAssignPlayer
0,status,10,VILLAGER,ALIVE,SampleRoleAssignPlayer
0,status,11,POSSESSED,ALIVE,SampleRoleAssignPlayer
0,status,12,VILLAGER,ALIVE,SampleRoleAssignPlayer
0,status,13,SEER,ALIVE,SampleRoleAssignPlayer
0,status,14,VILLAGER,ALIVE,SampleRoleAssignPlayer
0,status,15,WEREWOLF,ALIVE,SampleRoleAssignPlayer
0,whisper,0,0,15,COMINGOUT Agent[15] MEDIUM
0,whisper,1,0,8,COMINGOUT Agent[08] MEDIUM
0,whisper,2,0,9,COMINGOUT Agent[09] MEDIUM
0,whisper,3,1,15,COMINGOUT Agent[15] VILLAGER
0,whisper,4,1,9,Skip
0,whisper,5,1,8,COMINGOUT Agent[08] VILLAGER
0,whisper,6,2,8,COMINGOUT Agent[08] SEER
0,whisper,7,2,9,Skip
0,whisper,8,2,15,Skip
0,whisper,9,3,9,Over
0,whisper,10,3,8,DIVINED Agent[05] WEREWOLF
0,whisper,11,3,15,Skip
0,whisper,12,4,8,Skip
0,whisper,13,4,9,Over
0,whisper,14,4,15,Over
0,whisper,15,5,8,Skip
0,whisper,16,5,9,Over
0,whisper,17,5,15,Over
0,whisper,18,6,8,Over
0,whisper,19,6,15,Over
0,whisper,20,6,9,Over
0,divine,13,9,WEREWOLF
1,status,1,BODYGUARD,ALIVE,wolf1
1,status,2,VILLAGER,ALIVE,SampleRoleAssignPlayer
1,status,3,VILLAGER,ALIVE,SampleRoleAssignPlayer
1,status,4,VILLAGER,ALIVE,SampleRoleAssignPlayer
1,status,5,VILLAGER,ALIVE,SampleRoleAssignPlayer
1,status,6,VILLAGER,ALIVE,SampleRoleAssignPlayer
1,status,7,MEDIUM,ALIVE,SampleRoleAssignPlayer
1,status,8,WEREWOLF,ALIVE,SampleRoleAssignPlayer
1,status,9,WEREWOLF,ALIVE,SampleRoleAssignPlayer
1,status,10,VILLAGER,ALIVE,SampleRoleAssignPlayer
1,status,11,POSSESSED,ALIVE,SampleRoleAssignPlayer
1,status,12,VILLAGER,ALIVE,SampleRoleAssignPlayer
1,status,13,SEER,ALIVE,SampleRoleAssignPlayer
1,status,14,VILLAGER,ALIVE,SampleRoleAssignPlayer
1,status,15,WEREWOLF,ALIVE,SampleRoleAssignPlayer
1,talk,0,0,7,VOTE Agent[09]
1,talk,1,0,9,VOTE Agent[05]
1,talk,2,0,3,VOTE Agent[06]
1,talk,3,0,1,VOTE Agent[09]
1,talk,4,0,12,VOTE Agent[15]
1,talk,5,0,8,VOTE Agent[05]
1,talk,6,0,6,VOTE Agent[01]
1,talk,7,0,13,COMINGOUT Agent[13] SEER
1,talk,8,0,15,VOTE Agent[12]
1,talk,9,0,14,VOTE Agent[09]
1,talk,10,0,11,COMINGOUT Agent[11] SEER
1,talk,11,0,10,VOTE Agent[02]
1,talk,12,0,5,VOTE Agent[07]
1,talk,13,0,4,VOTE Agent[15]
1,talk,14,0,2,VOTE Agent[07]
1,talk,15,1,7,Skip
1,talk,16,1,5,Skip
1,talk,17,1,14,Skip
1,talk,18,1,12,Skip
1,talk,19,1,8,REQUEST(VOTE Agent[05])
1,talk,20,1,2,Skip
1,talk,21,1,13,DIVINED Agent[09] WEREWOLF
1,talk,22,1,3,Skip
1,talk,23,1,9,REQUEST(VOTE Agent[05])
1,talk,24,1,11,DIVINED Agent[01] HUMAN
1,talk,25,1,10,Skip
1,talk,26,1,6,Skip
1,talk,27,1,1,ESTIMATE Agent[06] WEREWOLF
1,talk,28,1,4,Skip
1,talk,29,1,15,REQUEST(VOTE Agent[12])
1,talk,30,2,8,COMINGOUT Agent[08] SEER
1,talk,31,2,14,ESTIMATE Agent[11] SEER
1,talk,32,2,3,ESTIMATE Agent[13] SEER
1,talk,33,2,4,ESTIMATE Agent[13] SEER
1,talk,34,2,1,ESTIMATE Agent[08] WEREWOLF
1,talk,35,2,12,ESTIMATE Agent[13] SEER
1,talk,36,2,6,ESTIMATE Agent[13] SEER
1,talk,37,2,7,ESTIMATE Agent[11] SEER
1,talk,38,2,2,ESTIMATE Agent[11] SEER
1,talk,39,2,10,ESTIMATE Agent[11] SEER
1,talk,40,2,9,Skip
1,talk,41,2,13,REQUEST(VOTE Agent[09])
1,talk,42,2,11,REQUEST(VOTE Agent[04])
1,talk,43,2,15,Skip
1,talk,44,2,5,ESTIMATE Agent[13] SEER
1,talk,45,3,1,ESTIMATE Agent[10] WEREWOLF
1,talk,46,3,3,ESTIMATE Agent[09] WEREWOLF
1,talk,47,3,7,Skip
1,talk,48,3,2,ESTIMATE Agent[09] WEREWOLF
1,talk,49,3,8,DIVINED Agent[05] WEREWOLF
1,talk,50,3,9,Skip
1,talk,51,3,13,VOTE Agent[09]
1,talk,52,3,11,VOTE Agent[13]
1,talk,53,3,5,ESTIMATE Agent[09] WEREWOLF
1,talk,54,3,6,ESTIMATE Agent[09] WEREWOLF
1,talk,55,3,4,ESTIMATE Agent[09] WEREWOLF
1,talk,56,3,14,Skip
1,talk,57,3,15,Skip
1,talk,58,3,10,ESTIMATE Agent[09] WEREWOLF
1,talk,59,3,12,ESTIMATE Agent[09] WEREWOLF
1,talk,60,4,11,REQUEST(VOTE Agent[13])
1,talk,61,4,12,REQUEST(Agent[13] DIVINATION Agent[09])
1,talk,62,4,1,ESTIMATE Agent[09] WEREWOLF
1,talk,63,4,6,REQUEST(Agent[13] DIVINATION Agent[09])
1,talk,64,4,4,REQUEST(Agent[13] DIVINATION Agent[09])
1,talk,65,4,13,Skip
1,talk,66,4,5,REQUEST(Agent[13] DIVINATION Agent[09])
1,talk,67,4,2,REQUEST(Agent[11] DIVINATION Agent[09])
1,talk,68,4,10,REQUEST(Agent[11] DIVINATION Agent[09])
1,talk,69,4,9,Over
1,talk,70,4,8,Skip
1,talk,71,4,14,Skip
1,talk,72,4,7,Skip
1,talk,73,4,15,Over
1,talk,74,4,3,REQUEST(Agent[13] DIVINATION Agent[09])
1,talk,75,5,7,Over
1,talk,76,5,8,Skip
1,talk,77,5,5,VOTE Agent[09]
1,talk,78,5,15,Over
1,talk,79,5,13,Skip
1,talk,80,5,3,VOTE Agent[09]
1,talk,81,5,12,VOTE Agent[09]
1,talk,82,5,2,VOTE Agent[09]
1,talk,83,5,10,VOTE Agent[09]
1,talk,84,5,9,Over
1,talk,85,5,6,VOTE Agent[09]
1,talk,86,5,1,ESTIMATE Agent[11] WEREWOLF
1,talk,87,5,11,Skip
1,talk,88,5,14,Over
1,talk,89,5,4,VOTE Agent[09]
1,talk,90,6,7,Over
1,talk,91,6,6,Skip
1,talk,92,6,3,Skip
1,talk,93,6,11,Skip
1,talk,94,6,15,Over
1,talk,95,6,1,Over
1,talk,96,6,8,Over
1,talk,97,6,4,Skip
1,talk,98,6,13,Over
1,talk,99,6,2,Skip
1,talk,100,6,14,Over
1,talk,101,6,10,Skip
1,talk,102,6,5,Skip
1,talk,103,6,12,Skip
1,talk,104,6,9,Over
1,talk,105,7,6,Skip
1,talk,106,7,9,Over
1,talk,107,7,2,Skip
1,talk,108,7,13,Over
1,talk,109,7,8,Over
1,talk,110,7,11,Over
1,talk,111,7,1,Over
1,talk,112,7,10,Skip
1,talk,113,7,14,Over
1,talk,114,7,4,Skip
1,talk,115,7,3,Skip
1,talk,116,7,15,Over
1,talk,117,7,7,Over
1,talk,118,7,12,Skip
1,talk,119,7,5,Skip
1,talk,120,8,6,Over
1,talk,121,8,11,Over
1,talk,122,8,2,Over
1,talk,123,8,14,Over
1,talk,124,8,13,Over
1,talk,125,8,7,Over
1,talk,126,8,15,Over
1,talk,127,8,12,Over
1,talk,128,8,4,Over
1,talk,129,8,10,Over
1,talk,130,8,5,Over
1,talk,131,8,3,Over
1,talk,132,8,8,Over
1,talk,133,8,9,Over
1,talk,134,8,1,Over
1,vote,1,9
1,vote,2,9
1,vote,3,9
1,vote,4,9
1,vote,5,9
1,vote,6,9
1,vote,7,9
1,vote,8,5
1,vote,9,5
1,vote,10,9
1,vote,11,13
1,vote,12,9
1,vote,13,9
1,vote,14,9
1,vote,15,12
1,execute,9,WEREWOLF
1,divine,13,5,HUMAN
1,whisper,0,0,8,ATTACK Agent[13]
1,whisper,1,0,15,ATTACK Agent[13]
1,whisper,2,1,8,REQUEST(ATTACK Agent[13])
1,whisper,3,1,15,REQUEST(ATTACK Agent[13])
1,whisper,4,2,15,Skip
1,whisper,5,2,8,DIVINED Agent[07] HUMAN
1,whisper,6,3,8,Skip
1,whisper,7,3,15,Skip
1,whisper,8,4,15,Over
1,whisper,9,4,8,Skip
1,whisper,10,5,8,Over
1,whisper,11,5,15,Over
1,guard,1,13,SEER
1,attackVote,8,13
1,attackVote,15,13
1,attack,13,false
2,status,1,BODYGUARD,ALIVE,wolf1
2,status,2,VILLAGER,ALIVE,SampleRoleAssignPlayer
2,status,3,VILLAGER,ALIVE,SampleRoleAssignPlayer
2,status,4,VILLAGER,ALIVE,SampleRoleAssignPlayer
2,status,5,VILLAGER,ALIVE,SampleRoleAssignPlayer
2,status,6,VILLAGER,ALIVE,SampleRoleAssignPlayer
2,status,7,MEDIUM,ALIVE,SampleRoleAssignPlayer
2,status,8,WEREWOLF,ALIVE,SampleRoleAssignPlayer
2,status,9,WEREWOLF,DEAD,SampleRoleAssignPlayer
2,status,10,VILLAGER,ALIVE,SampleRoleAssignPlayer
2,status,11,POSSESSED,ALIVE,SampleRoleAssignPlayer
2,status,12,VILLAGER,ALIVE,SampleRoleAssignPlayer
2,status,13,SEER,ALIVE,SampleRoleAssignPlayer
2,status,14,VILLAGER,ALIVE,SampleRoleAssignPlayer
2,status,15,WEREWOLF,ALIVE,SampleRoleAssignPlayer
2,talk,0,0,2,ESTIMATE Agent[05] WEREWOLF
2,talk,1,0,13,DIVINED Agent[05] HUMAN
2,talk,2,0,4,ESTIMATE Agent[05] WEREWOLF
2,talk,3,0,7,COMINGOUT Agent[07] MEDIUM
2,talk,4,0,15,VOTE Agent[07]
2,talk,5,0,5,AGREE TALK day1 ID:34
2,talk,6,0,8,DIVINED Agent[07] HUMAN
2,talk,7,0,1,VOTE Agent[05]
2,talk,8,0,6,ESTIMATE Agent[05] WEREWOLF
2,talk,9,0,12,ESTIMATE Agent[05] WEREWOLF
2,talk,10,0,14,ESTIMATE Agent[05] WEREWOLF
2,talk,11,0,10,ESTIMATE Agent[05] WEREWOLF
2,talk,12,0,11,DIVINED Agent[05] HUMAN
2,talk,13,0,3,ESTIMATE Agent[05] WEREWOLF
2,talk,14,1,3,REQUEST(Agent[13] DIVINATION Agent[05])
2,talk,15,1,13,AGREE TALK day1 ID:34
2,talk,16,1,6,REQUEST(Agent[13] DIVINATION Agent[05])
2,talk,17,1,2,REQUEST(Agent[11] DIVINATION Agent[05])
2,talk,18,1,12,REQUEST(Agent[13] DIVINATION Agent[05])
2,talk,19,1,8,VOTE Agent[05]
2,talk,20,1,4,REQUEST(Agent[13] DIVINATION Agent[05])
2,talk,21,1,7,IDENTIFIED Agent[09] WEREWOLF
2,talk,22,1,11,VOTE Agent[08]
2,talk,23,1,5,ESTIMATE Agent[08] WEREWOLF
2,talk,24,1,1,ESTIMATE Agent[05] WEREWOLF
2,talk,25,1,14,REQUEST(Agent[11] DIVINATION Agent[05])
2,talk,26,1,15,REQUEST(VOTE Agent[07])
2,talk,27,1,10,REQUEST(Agent[11] DIVINATION Agent[05])
2,talk,28,2,5,REQUEST(Agent[13] DIVINATION Agent[08])
2,talk,29,2,1,ESTIMATE Agent[09] WEREWOLF
2,talk,30,2,15,Skip
2,talk,31,2,14,VOTE Agent[05]
2,talk,32,2,11,REQUEST(VOTE Agent[08])
2,talk,33,2,4,VOTE Agent[05]
2,talk,34,2,13,ESTIMATE Agent[08] WEREWOLF
2,talk,35,2,2,VOTE Agent[05]
2,talk,36,2,10,VOTE Agent[05]
2,talk,37,2,7,ESTIMATE Agent[05] WEREWOLF
2,talk,38,2,6,VOTE Agent[05]
2,talk,39,2,8,REQUEST(VOTE Agent[05])
2,talk,40,2,3,VOTE Agent[05]
2,talk,41,2,12,VOTE Agent[05]
2,talk,42,3,7,REQUEST(Agent[11] DIVINATION Agent[05])
2,talk,43,3,12,Skip
2,talk,44,3,3,Skip
2,talk,45,3,14,Skip
2,talk,46,3,10,Skip
2,talk,47,3,4,Skip
2,talk,48,3,8,Skip
2,talk,49,3,5,VOTE Agent[08]
2,talk,50,3,15,Skip
2,talk,51,3,2,Skip
2,talk,52,3,1,ESTIMATE Agent[11] WEREWOLF
2,talk,53,3,11,Skip
2,talk,54,3,13,VOTE Agent[08]
2,talk,55,3,6,Skip
2,talk,56,4,1,VOTE Agent[08]
2,talk,57,4,5,Skip
2,talk,58,4,14,Skip
2,talk,59,4,2,Skip
2,talk,60,4,13,Skip
2,talk,61,4,11,Skip
2,talk,62,4,3,Skip
2,talk,63,4,7,VOTE Agent[05]
2,talk,64,4,4,Skip
2,talk,65,4,12,Skip
2,talk,66,4,8,Skip
2,talk,67,4,10,Skip
2,talk,68,4,15,Over
2,talk,69,4,6,Skip
2,talk,70,5,4,Over
2,talk,71,5,11,Over
2,talk,72,5,3,Over
2,talk,73,5,1,ESTIMATE Agent[15] WEREWOLF
2,talk,74,5,6,Over
2,talk,75,5,7,Skip
2,talk,76,5,13,Skip
2,talk,77,5,14,Over
2,talk,78,5,8,Over
2,talk,79,5,15,Over
2,talk,80,5,5,Skip
2,talk,81,5,10,Over
2,talk,82,5,2,Over
2,talk,83,5,12,Over
2,talk,84,6,12,Over
2,talk,85,6,11,Over
2,talk,86,6,14,Over
2,talk,87,6,2,Over
2,talk,88,6,10,Over
2,talk,89,6,13,Over
2,talk,90,6,5,Over
2,talk,91,6,3,Over
2,talk,92,6,15,Over
2,talk,93,6,1,ESTIMATE Agent[05] VILLAGER
2,talk,94,6,8,Over
2,talk,95,6,6,Over
2,talk,96,6,7,Skip
2,talk,97,6,4,Over
2,talk,98,7,1,Over
2,talk,99,7,14,Over
2,talk,100,7,13,Over
2,talk,101,7,2,Over
2,talk,102,7,11,Over
2,talk,103,7,8,Over
2,talk,104,7,3,Over
2,talk,105,7,15,Over
2,talk,106,7,7,Over
2,talk,107,7,5,Over
2,talk,108,7,4,Over
2,talk,109,7,12,Over
2,talk,110,7,6,Over
2,talk,111,7,10,Over
2,vote,1,8
2,vote,2,5
2,vote,3,5
2,vote,4,5
2,vote,5,8
2,vote,6,5
2,vote,7,5
2,vote,8,5
2,vote,10,5
2,vote,11,8
2,vote,12,5
2,vote,13,8
2,vote,14,5
2,vote,15,7
2,execute,5,VILLAGER
2,divine,13,11,HUMAN
2,whisper,0,0,15,ATTACK Agent[11]
2,whisper,1,0,8,ATTACK Agent[11]
2,whisper,2,1,15,REQUEST(ATTACK Agent[11])
2,whisper,3,1,8,REQUEST(ATTACK Agent[11])
2,whisper,4,2,15,Skip
2,whisper,5,2,8,DIVINED Agent[04] HUMAN
2,whisper,6,3,15,Skip
2,whisper,7,3,8,Skip
2,whisper,8,4,15,Over
2,whisper,9,4,8,Skip
2,whisper,10,5,8,Over
2,whisper,11,5,15,Over
2,guard,1,13,SEER
2,attackVote,8,11
2,attackVote,15,11
2,attack,11,true
3,status,1,BODYGUARD,ALIVE,wolf1
3,status,2,VILLAGER,ALIVE,SampleRoleAssignPlayer
3,status,3,VILLAGER,ALIVE,SampleRoleAssignPlayer
3,status,4,VILLAGER,ALIVE,SampleRoleAssignPlayer
3,status,5,VILLAGER,DEAD,SampleRoleAssignPlayer
3,status,6,VILLAGER,ALIVE,SampleRoleAssignPlayer
3,status,7,MEDIUM,ALIVE,SampleRoleAssignPlayer
3,status,8,WEREWOLF,ALIVE,SampleRoleAssignPlayer
3,status,9,WEREWOLF,DEAD,SampleRoleAssignPlayer
3,status,10,VILLAGER,ALIVE,SampleRoleAssignPlayer
3,status,11,POSSESSED,DEAD,SampleRoleAssignPlayer
3,status,12,VILLAGER,ALIVE,SampleRoleAssignPlayer
3,status,13,SEER,ALIVE,SampleRoleAssignPlayer
3,status,14,VILLAGER,ALIVE,SampleRoleAssignPlayer
3,status,15,WEREWOLF,ALIVE,SampleRoleAssignPlayer
3,talk,0,0,4,VOTE Agent[08]
3,talk,1,0,2,AGREE TALK day1 ID:32
3,talk,2,0,8,DIVINED Agent[04] HUMAN
3,talk,3,0,10,DISAGREE TALK day1 ID:34
3,talk,4,0,13,DIVINED Agent[11] HUMAN
3,talk,5,0,14,AGREE TALK day1 ID:32
3,talk,6,0,3,VOTE Agent[13]
3,talk,7,0,15,VOTE Agent[13]
3,talk,8,0,12,VOTE Agent[03]
3,talk,9,0,6,VOTE Agent[10]
3,talk,10,0,1,VOTE Agent[15]
3,talk,11,0,7,IDENTIFIED Agent[05] HUMAN
3,talk,12,1,4,Skip
3,talk,13,1,13,AGREE TALK day1 ID:34
3,talk,14,1,7,AGREE TALK day1 ID:32
3,talk,15,1,12,Skip
3,talk,16,1,15,REQUEST(VOTE Agent[13])
3,talk,17,1,14,AGREE TALK day1 ID:33
3,talk,18,1,10,DISAGREE TALK day2 ID:23
3,talk,19,1,6,Skip
3,talk,20,1,2,AGREE TALK day1 ID:33
3,talk,21,1,1,ESTIMATE Agent[08] WEREWOLF
3,talk,22,1,3,Skip
3,talk,23,1,8,VOTE Agent[13]
3,talk,24,2,6,Skip
3,talk,25,2,12,Skip
3,talk,26,2,14,AGREE TALK day1 ID:35
3,talk,27,2,4,Skip
3,talk,28,2,13,AGREE TALK day2 ID:23
3,talk,29,2,10,DISAGREE TALK day2 ID:34
3,talk,30,2,7,AGREE TALK day1 ID:33
3,talk,31,2,2,AGREE TALK day1 ID:35
3,talk,32,2,3,Skip
3,talk,33,2,15,Skip
3,talk,34,2,1,ESTIMATE Agent[09] WEREWOLF
3,talk,35,2,8,REQUEST(VOTE Agent[13])
3,talk,36,3,12,Over
3,talk,37,3,4,Over
3,talk,38,3,7,AGREE TALK day1 ID:35
3,talk,39,3,2,AGREE TALK day1 ID:36
3,talk,40,3,13,AGREE TALK day2 ID:34
3,talk,41,3,6,Over
3,talk,42,3,3,Over
3,talk,43,3,14,AGREE TALK day1 ID:36
3,talk,44,3,1,ESTIMATE Agent[15] WEREWOLF
3,talk,45,3,8,Skip
3,talk,46,3,15,Skip
3,talk,47,3,10,ESTIMATE Agent[08] SEER
3,talk,48,4,15,Over
3,talk,49,4,3,Over
3,talk,50,4,6,Over
3,talk,51,4,8,Skip
3,talk,52,4,7,AGREE TALK day1 ID:36
3,talk,53,4,2,AGREE TALK day1 ID:44
3,talk,54,4,1,VOTE Agent[08]
3,talk,55,4,12,Over
3,talk,56,4,4,Over
3,talk,57,4,10,VOTE Agent[14]
3,talk,58,4,13,ESTIMATE Agent[08] WEREWOLF
3,talk,59,4,14,AGREE TALK day1 ID:44
3,talk,60,5,8,Over
3,talk,61,5,2,ESTIMATE Agent[13] SEER
3,talk,62,5,4,Over
3,talk,63,5,15,Over
3,talk,64,5,12,Over
3,talk,65,5,6,Over
3,talk,66,5,13,VOTE Agent[08]
3,talk,67,5,10,Skip
3,talk,68,5,3,Over
3,talk,69,5,1,ESTIMATE Agent[04] VILLAGER
3,talk,70,5,7,AGREE TALK day1 ID:44
3,talk,71,5,14,ESTIMATE Agent[13] SEER
3,talk,72,6,1,Over
3,talk,73,6,14,VOTE Agent[03]
3,talk,74,6,12,Over
3,talk,75,6,6,Over
3,talk,76,6,2,VOTE Agent[06]
3,talk,77,6,3,Over
3,talk,78,6,4,Over
3,talk,79,6,10,Skip
3,talk,80,6,13,Skip
3,talk,81,6,8,Over
3,talk,82,6,7,ESTIMATE Agent[13] SEER
3,talk,83,6,15,Over
3,talk,84,7,6,Over
3,talk,85,7,3,Over
3,talk,86,7,12,Over
3,talk,87,7,2,Skip
3,talk,88,7,15,Over
3,talk,89,7,13,Skip
3,talk,90,7,1,Over
3,talk,91,7,7,AGREE TALK day1 ID:34
3,talk,92,7,10,Over
3,talk,93,7,8,Over
3,talk,94,7,14,Skip
3,talk,95,7,4,Over
3,talk,96,8,3,Over
3,talk,97,8,8,Over
3,talk,98,8,15,Over
3,talk,99,8,14,Skip
3,talk,100,8,13,Over
3,talk,101,8,7,AGREE TALK day2 ID:23
3,talk,102,8,2,Skip
3,talk,103,8,6,Over
3,talk,104,8,1,ESTIMATE Agent[07] MEDIUM
3,talk,105,8,4,Over
3,talk,106,8,10,Over
3,talk,107,8,12,Over
3,talk,108,9,3,Over
3,talk,109,9,6,Over
3,talk,110,9,8,Over
3,talk,111,9,12,Over
3,talk,112,9,14,Over
3,talk,113,9,13,Over
3,talk,114,9,10,Over
3,talk,115,9,4,Over
3,talk,116,9,1,Over
3,talk,117,9,15,Over
3,talk,118,9,2,Over
3,talk,119,9,7,AGREE TALK day2 ID:34
3,talk,120,10,1,Over
3,talk,121,10,15,Over
3,talk,122,10,7,Over
3,talk,123,10,12,Over
3,talk,124,10,4,Over
3,talk,125,10,8,Over
3,talk,126,10,13,Over
3,talk,127,10,14,Over
3,talk,128,10,2,Over
3,talk,129,10,10,Over
3,talk,130,10,3,Over
3,talk,131,10,6,Over
3,vote,1,8
3,vote,2,6
3,vote,3,13
3,vote,4,8
3,vote,6,10
3,vote,7,8
3,vote,8,13
3,vote,10,14
3,vote,12,3
3,vote,13,8
3,vote,14,3
3,vote,15,13
3,execute,8,WEREWOLF
3,guard,1,13,SEER
4,status,1,BODYGUARD,ALIVE,wolf1
4,status,2,VILLAGER,ALIVE,SampleRoleAssignPlayer
4,status,3,VILLAGER,ALIVE,SampleRoleAssignPlayer
4,status,4,VILLAGER,ALIVE,SampleRoleAssignPlayer
4,status,5,VILLAGER,DEAD,SampleRoleAssignPlayer
4,status,6,VILLAGER,ALIVE,SampleRoleAssignPlayer
4,status,7,MEDIUM,ALIVE,SampleRoleAssignPlayer
4,status,8,WEREWOLF,DEAD,SampleRoleAssignPlayer
4,status,9,WEREWOLF,DEAD,SampleRoleAssignPlayer
4,status,10,VILLAGER,ALIVE,SampleRoleAssignPlayer
4,status,11,POSSESSED,DEAD,SampleRoleAssignPlayer
4,status,12,VILLAGER,ALIVE,SampleRoleAssignPlayer
4,status,13,SEER,ALIVE,SampleRoleAssignPlayer
4,status,14,VILLAGER,ALIVE,SampleRoleAssignPlayer
4,status,15,WEREWOLF,ALIVE,SampleRoleAssignPlayer
4,talk,0,0,2,VOTE Agent[06]
4,talk,1,0,6,VOTE Agent[12]
4,talk,2,0,10,AGREE TALK day1 ID:32
4,talk,3,0,15,VOTE Agent[01]
4,talk,4,0,3,VOTE Agent[06]
4,talk,5,0,12,VOTE Agent[13]
4,talk,6,0,1,VOTE Agent[15]
4,talk,7,0,7,IDENTIFIED Agent[08] WEREWOLF
4,talk,8,0,4,VOTE Agent[14]
4,talk,9,0,14,VOTE Agent[02]
4,talk,10,0,13,VOTE Agent[04]
4,talk,11,1,15,REQUEST(VOTE Agent[01])
4,talk,12,1,10,AGREE TALK day1 ID:33
4,talk,13,1,12,Skip
4,talk,14,1,13,Skip
4,talk,15,1,7,VOTE Agent[04]
4,talk,16,1,3,Skip
4,talk,17,1,14,Skip
4,talk,18,1,6,Skip
4,talk,19,1,2,Skip
4,talk,20,1,4,Skip
4,talk,21,1,1,ESTIMATE Agent[08] WEREWOLF
4,talk,22,2,7,Skip
4,talk,23,2,3,Skip
4,talk,24,2,2,Skip
4,talk,25,2,15,Skip
4,talk,26,2,13,Skip
4,talk,27,2,10,AGREE TALK day1 ID:35
4,talk,28,2,6,Skip
4,talk,29,2,1,ESTIMATE Agent[09] WEREWOLF
4,talk,30,2,4,Skip
4,talk,31,2,12,Skip
4,talk,32,2,14,Skip
4,talk,33,3,4,Over
4,talk,34,3,10,AGREE TALK day1 ID:36
4,talk,35,3,7,Skip
4,talk,36,3,13,Over
4,talk,37,3,3,Over
4,talk,38,3,14,Over
4,talk,39,3,2,Over
4,talk,40,3,1,ESTIMATE Agent[15] WEREWOLF
4,talk,41,3,12,Over
4,talk,42,3,6,Over
4,talk,43,3,15,Skip
4,talk,44,4,3,Over
4,talk,45,4,10,AGREE TALK day1 ID:44
4,talk,46,4,7,Over
4,talk,47,4,13,Over
4,talk,48,4,15,Over
4,talk,49,4,1,ESTIMATE Agent[04] VILLAGER
4,talk,50,4,4,Over
4,talk,51,4,6,Over
4,talk,52,4,12,Over
4,talk,53,4,2,Over
4,talk,54,4,14,Over
4,talk,55,5,10,AGREE TALK day3 ID:61
4,talk,56,5,3,Over
4,talk,57,5,2,Over
4,talk,58,5,12,Over
4,talk,59,5,7,Over
4,talk,60,5,15,Over
4,talk,61,5,1,ESTIMATE Agent[07] MEDIUM
4,talk,62,5,13,Over
4,talk,63,5,14,Over
4,talk,64,5,6,Over
4,talk,65,5,4,Over
4,talk,66,6,4,Over
4,talk,67,6,14,Over
4,talk,68,6,13,Over
4,talk,69,6,12,Over
4,talk,70,6,7,Over
4,talk,71,6,3,Over
4,talk,72,6,1,Over
4,talk,73,6,2,Over
4,talk,74,6,10,AGREE TALK day3 ID:71
4,talk,75,6,6,Over
4,talk,76,6,15,Over
4,talk,77,7,15,Over
4,talk,78,7,1,Over
4,talk,79,7,14,Over
4,talk,80,7,13,Over
4,talk,81,7,3,Over
4,talk,82,7,10,AGREE TALK day3 ID:82
4,talk,83,7,12,Over
4,talk,84,7,7,Over
4,talk,85,7,2,Over
4,talk,86,7,6,Over
4,talk,87,7,4,Over
4,talk,88,8,7,Over
4,talk,89,8,14,Over
4,talk,90,8,1,Over
4,talk,91,8,2,Over
4,talk,92,8,15,Over
4,talk,93,8,13,Over
4,talk,94,8,4,Over
4,talk,95,8,6,Over
4,talk,96,8,10,ESTIMATE Agent[13] SEER
4,talk,97,8,12,Over
4,talk,98,8,3,Over
4,talk,99,9,4,Over
4,talk,100,9,2,Over
4,talk,101,9,15,Over
4,talk,102,9,12,Over
4,talk,103,9,1,Over
4,talk,104,9,6,Over
4,talk,105,9,13,Over
4,talk,106,9,3,Over
4,talk,107,9,14,Over
4,talk,108,9,10,VOTE Agent[15]
4,talk,109,9,7,Over
4,talk,110,10,12,Over
4,talk,111,10,14,Over
4,talk,112,10,6,Over
4,talk,113,10,4,Over
4,talk,114,10,7,Over
4,talk,115,10,3,Over
4,talk,116,10,15,Over
4,talk,117,10,10,Over
4,talk,118,10,2,Over
4,talk,119,10,13,Over
4,talk,120,10,1,Over
4,vote,1,15
4,vote,2,6
4,vote,3,6
4,vote,4,14
4,vote,6,12
4,vote,7,4
4,vote,10,15
4,vote,12,13
4,vote,13,4
4,vote,14,2
4,vote,15,1
4,vote,1,15
4,vote,2,6
4,vote,3,6
4,vote,4,6
4,vote,6,10
4,vote,7,4
4,vote,10,15
4,vote,12,15
4,vote,13,4
4,vote,14,6
4,vote,15,6
4,execute,6,VILLAGER
4,divine,13,4,HUMAN
4,guard,1,13,SEER
4,attackVote,15,13
4,attack,13,false
5,status,1,BODYGUARD,ALIVE,wolf1
5,status,2,VILLAGER,ALIVE,SampleRoleAssignPlayer
5,status,3,VILLAGER,ALIVE,SampleRoleAssignPlayer
5,status,4,VILLAGER,ALIVE,SampleRoleAssignPlayer
5,status,5,VILLAGER,DEAD,SampleRoleAssignPlayer
5,status,6,VILLAGER,DEAD,SampleRoleAssignPlayer
5,status,7,MEDIUM,ALIVE,SampleRoleAssignPlayer
5,status,8,WEREWOLF,DEAD,SampleRoleAssignPlayer
5,status,9,WEREWOLF,DEAD,SampleRoleAssignPlayer
5,status,10,VILLAGER,ALIVE,SampleRoleAssignPlayer
5,status,11,POSSESSED,DEAD,SampleRoleAssignPlayer
5,status,12,VILLAGER,ALIVE,SampleRoleAssignPlayer
5,status,13,SEER,ALIVE,SampleRoleAssignPlayer
5,status,14,VILLAGER,ALIVE,SampleRoleAssignPlayer
5,status,15,WEREWOLF,ALIVE,SampleRoleAssignPlayer
5,talk,0,0,7,IDENTIFIED Agent[06] HUMAN
5,talk,1,0,2,VOTE Agent[07]
5,talk,2,0,15,VOTE Agent[13]
5,talk,3,0,3,VOTE Agent[01]
5,talk,4,0,12,VOTE Agent[03]
5,talk,5,0,10,VOTE Agent[02]
5,talk,6,0,13,DIVINED Agent[04] HUMAN
5,talk,7,0,1,VOTE Agent[15]
5,talk,8,0,4,VOTE Agent[10]
5,talk,9,0,14,VOTE Agent[10]
5,talk,10,1,7,VOTE Agent[01]
5,talk,11,1,15,REQUEST(VOTE Agent[13])
5,talk,12,1,1,ESTIMATE Agent[08] WEREWOLF
5,talk,13,1,14,Skip
5,talk,14,1,3,Skip
5,talk,15,1,4,Skip
5,talk,16,1,10,Skip
5,talk,17,1,2,Skip
5,talk,18,1,12,Skip
5,talk,19,1,13,VOTE Agent[04]
5,talk,20,2,7,Skip
5,talk,21,2,1,COMINGOUT Agent[01] BODYGUARD
5,talk,22,2,12,Skip
5,talk,23,2,15,Skip
5,talk,24,2,4,Skip
5,talk,25,2,10,Skip
5,talk,26,2,3,Skip
5,talk,27,2,2,Skip
5,talk,28,2,13,Skip
5,talk,29,2,14,Skip
5,talk,30,3,13,Skip
5,talk,31,3,7,Skip
5,talk,32,3,12,Over
5,talk,33,3,4,Over
5,talk,34,3,10,Over
5,talk,35,3,3,Over
5,talk,36,3,2,Over
5,talk,37,3,15,Skip
5,talk,38,3,1,GUARDED Agent[13]
5,talk,39,3,14,Over
5,talk,40,4,12,Over
5,talk,41,4,14,Over
5,talk,42,4,13,Over
5,talk,43,4,15,Over
5,talk,44,4,4,Over
5,talk,45,4,2,Over
5,talk,46,4,10,Over
5,talk,47,4,1,GUARDED Agent[13]
5,talk,48,4,3,Over
5,talk,49,4,7,Over
5,talk,50,5,15,Over
5,talk,51,5,3,Over
5,talk,52,5,14,Over
5,talk,53,5,12,Over
5,talk,54,5,7,Over
5,talk,55,5,13,Over
5,talk,56,5,2,Over
5,talk,57,5,10,Over
5,talk,58,5,4,Over
5,talk,59,5,1,GUARDED Agent[13]
5,talk,60,6,12,Over
5,talk,61,6,4,Over
5,talk,62,6,13,Over
5,talk,63,6,1,GUARDED Agent[13]
5,talk,64,6,15,Over
5,talk,65,6,14,Over
5,talk,66,6,10,Over
5,talk,67,6,3,Over
5,talk,68,6,7,Over
5,talk,69,6,2,Over
5,talk,70,7,10,Over
5,talk,71,7,3,Over
5,talk,72,7,1,ESTIMATE Agent[09] WEREWOLF
5,talk,73,7,2,Over
5,talk,74,7,15,Over
5,talk,75,7,13,Over
5,talk,76,7,12,Over
5,talk,77,7,4,Over
5,talk,78,7,14,Over
5,talk,79,7,7,Over
5,talk,80,8,10,Over
5,talk,81,8,2,Over
5,talk,82,8,12,Over
5,talk,83,8,14,Over
5,talk,84,8,3,Over
5,talk,85,8,4,Over
5,talk,86,8,1,ESTIMATE Agent[15] WEREWOLF
5,talk,87,8,7,Over
5,talk,88,8,13,Over
5,talk,89,8,15,Over
5,talk,90,9,15,Over
5,talk,91,9,13,Over
5,talk,92,9,3,Over
5,talk,93,9,14,Over
5,talk,94,9,10,Over
5,talk,95,9,4,Over
5,talk,96,9,1,ESTIMATE Agent[04] VILLAGER
5,talk,97,9,2,Over
5,talk,98,9,12,Over
5,talk,99,9,7,Over
5,talk,100,10,3,Over
5,talk,101,10,15,Over
5,talk,102,10,10,Over
5,talk,103,10,2,Over
5,talk,104,10,12,Over
5,talk,105,10,13,Over
5,talk,106,10,7,Over
5,talk,107,10,4,Over
5,talk,108,10,1,Over
5,talk,109,10,14,Over
5,vote,1,15
5,vote,2,7
5,vote,3,1
5,vote,4,10
5,vote,7,1
5,vote,10,2
5,vote,12,3
5,vote,13,4
5,vote,14,10
5,vote,15,13
5,vote,1,15
5,vote,2,10
5,vote,3,1
5,vote,4,10
5,vote,7,1
5,vote,10,1
5,vote,12,10
5,vote,13,1
5,vote,14,10
5,vote,15,10
5,execute,10,VILLAGER
5,divine,13,3,HUMAN
5,guard,1,4,VILLAGER
5,attackVote,15,7
5,attack,7,true
6,status,1,BODYGUARD,ALIVE,wolf1
6,status,2,VILLAGER,ALIVE,SampleRoleAssignPlayer
6,status,3,VILLAGER,ALIVE,SampleRoleAssignPlayer
6,status,4,VILLAGER,ALIVE,SampleRoleAssignPlayer
6,status,5,VILLAGER,DEAD,SampleRoleAssignPlayer
6,status,6,VILLAGER,DEAD,SampleRoleAssignPlayer
6,status,7,MEDIUM,DEAD,SampleRoleAssignPlayer
6,status,8,WEREWOLF,DEAD,SampleRoleAssignPlayer
6,status,9,WEREWOLF,DEAD,SampleRoleAssignPlayer
6,status,10,VILLAGER,DEAD,SampleRoleAssignPlayer
6,status,11,POSSESSED,DEAD,SampleRoleAssignPlayer
6,status,12,VILLAGER,ALIVE,SampleRoleAssignPlayer
6,status,13,SEER,ALIVE,SampleRoleAssignPlayer
6,status,14,VILLAGER,ALIVE,SampleRoleAssignPlayer
6,status,15,WEREWOLF,ALIVE,SampleRoleAssignPlayer
6,talk,0,0,15,VOTE Agent[13]
6,talk,1,0,12,VOTE Agent[01]
6,talk,2,0,4,VOTE Agent[13]
6,talk,3,0,1,GUARDED Agent[04]
6,talk,4,0,2,VOTE Agent[04]
6,talk,5,0,14,VOTE Agent[04]
6,talk,6,0,13,DIVINED Agent[03] HUMAN
6,talk,7,0,3,VOTE Agent[02]
6,talk,8,1,3,Skip
6,talk,9,1,2,Skip
6,talk,10,1,15,REQUEST(VOTE Agent[13])
6,talk,11,1,1,VOTE Agent[15]
6,talk,12,1,12,Skip
6,talk,13,1,13,VOTE Agent[14]
6,talk,14,1,4,Skip
6,talk,15,1,14,Skip
6,talk,16,2,4,Skip
6,talk,17,2,1,ESTIMATE Agent[08] WEREWOLF
6,talk,18,2,2,Skip
6,talk,19,2,12,Skip
6,talk,20,2,15,Skip
6,talk,21,2,3,Skip
6,talk,22,2,14,Skip
6,talk,23,2,13,Skip
6,talk,24,3,4,Over
6,talk,25,3,1,ESTIMATE Agent[09] WEREWOLF
6,talk,26,3,15,Skip
6,talk,27,3,12,Over
6,talk,28,3,13,Skip
6,talk,29,3,3,Over
6,talk,30,3,2,Over
6,talk,31,3,14,Over
6,talk,32,4,4,Over
6,talk,33,4,14,Over
6,talk,34,4,15,Over
6,talk,35,4,3,Over
6,talk,36,4,2,Over
6,talk,37,4,1,ESTIMATE Agent[15] WEREWOLF
6,talk,38,4,13,Over
6,talk,39,4,12,Over
6,talk,40,5,14,Over
6,talk,41,5,13,Over
6,talk,42,5,15,Over
6,talk,43,5,1,ESTIMATE Agent[04] VILLAGER
6,talk,44,5,4,Over
6,talk,45,5,12,Over
6,talk,46,5,2,Over
6,talk,47,5,3,Over
6,talk,48,6,3,Over
6,talk,49,6,15,Over
6,talk,50,6,14,Over
6,talk,51,6,2,Over
6,talk,52,6,13,Over
6,talk,53,6,12,Over
6,talk,54,6,1,Over
6,talk,55,6,4,Over
6,vote,1,15
6,vote,2,4
6,vote,3,2
6,vote,4,13
6,vote,12,1
6,vote,13,14
6,vote,14,4
6,vote,15,13
6,vote,1,15
6,vote,2,4
6,vote,3,13
6,vote,4,13
6,vote,12,13
6,vote,13,4
6,vote,14,4
6,vote,15,13
6,execute,13,SEER
6,guard,1,3,VILLAGER
6,attackVote,15,1
6,attack,1,true
7,status,1,BODYGUARD,DEAD,wolf1
7,status,2,VILLAGER,ALIVE,SampleRoleAssignPlayer
7,status,3,VILLAGER,ALIVE,SampleRoleAssignPlayer
7,status,4,VILLAGER,ALIVE,SampleRoleAssignPlayer
7,status,5,VILLAGER,DEAD,SampleRoleAssignPlayer
7,status,6,VILLAGER,DEAD,SampleRoleAssignPlayer
7,status,7,MEDIUM,DEAD,SampleRoleAssignPlayer
7,status,8,WEREWOLF,DEAD,SampleRoleAssignPlayer
7,status,9,WEREWOLF,DEAD,SampleRoleAssignPlayer
7,status,10,VILLAGER,DEAD,SampleRoleAssignPlayer
7,status,11,POSSESSED,DEAD,SampleRoleAssignPlayer
7,status,12,VILLAGER,ALIVE,SampleRoleAssignPlayer
7,status,13,SEER,DEAD,SampleRoleAssignPlayer
7,status,14,VILLAGER,ALIVE,SampleRoleAssignPlayer
7,status,15,WEREWOLF,ALIVE,SampleRoleAssignPlayer
7,talk,0,0,2,VOTE Agent[15]
7,talk,1,0,3,VOTE Agent[04]
7,talk,2,0,15,VOTE Agent[03]
7,talk,3,0,14,VOTE Agent[04]
7,talk,4,0,12,VOTE Agent[02]
7,talk,5,0,4,VOTE Agent[15]
7,talk,6,1,4,Skip
7,talk,7,1,14,Skip
7,talk,8,1,15,REQUEST(VOTE Agent[03])
7,talk,9,1,12,Skip
7,talk,10,1,2,Skip
7,talk,11,1,3,Skip
7,talk,12,2,12,Skip
7,talk,13,2,4,Skip
7,talk,14,2,3,Skip
7,talk,15,2,14,Skip
7,talk,16,2,2,Skip
7,talk,17,2,15,Skip
7,talk,18,3,2,Over
7,talk,19,3,4,Over
7,talk,20,3,3,Over
7,talk,21,3,14,Over
7,talk,22,3,12,Over
7,talk,23,3,15,Skip
7,talk,24,4,14,Over
7,talk,25,4,2,Over
7,talk,26,4,3,Over
7,talk,27,4,15,Over
7,talk,28,4,4,Over
7,talk,29,4,12,Over
7,vote,2,15
7,vote,3,4
7,vote,4,15
7,vote,12,2
7,vote,14,4
7,vote,15,3
7,vote,2,15
7,vote,3,4
7,vote,4,15
7,vote,12,4
7,vote,14,4
7,vote,15,4
7,execute,4,VILLAGER
7,attackVote,15,2
7,attack,2,true
8,status,1,BODYGUARD,DEAD,wolf1
8,status,2,VILLAGER,DEAD,SampleRoleAssignPlayer
8,status,3,VILLAGER,ALIVE,SampleRoleAssignPlayer
8,status,4,VILLAGER,DEAD,SampleRoleAssignPlayer
8,status,5,VILLAGER,DEAD,SampleRoleAssignPlayer
8,status,6,VILLAGER,DEAD,SampleRoleAssignPlayer
8,status,7,MEDIUM,DEAD,SampleRoleAssignPlayer
8,status,8,WEREWOLF,DEAD,SampleRoleAssignPlayer
8,status,9,WEREWOLF,DEAD,SampleRoleAssignPlayer
8,status,10,VILLAGER,DEAD,SampleRoleAssignPlayer
8,status,11,POSSESSED,DEAD,SampleRoleAssignPlayer
8,status,12,VILLAGER,ALIVE,SampleRoleAssignPlayer
8,status,13,SEER,DEAD,SampleRoleAssignPlayer
8,status,14,VILLAGER,ALIVE,SampleRoleAssignPlayer
8,status,15,WEREWOLF,ALIVE,SampleRoleAssignPlayer
8,talk,0,0,14,VOTE Agent[12]
8,talk,1,0,3,VOTE Agent[14]
8,talk,2,0,15,VOTE Agent[14]
8,talk,3,0,12,VOTE Agent[03]
8,talk,4,1,15,REQUEST(VOTE Agent[14])
8,talk,5,1,14,Skip
8,talk,6,1,12,Skip
8,talk,7,1,3,Skip
8,talk,8,2,12,Skip
8,talk,9,2,3,Skip
8,talk,10,2,15,Skip
8,talk,11,2,14,Skip
8,talk,12,3,3,Over
8,talk,13,3,14,Over
8,talk,14,3,15,Skip
8,talk,15,3,12,Over
8,talk,16,4,3,Over
8,talk,17,4,12,Over
8,talk,18,4,14,Over
8,talk,19,4,15,Over
8,vote,3,14
8,vote,12,3
8,vote,14,12
8,vote,15,14
8,execute,14,VILLAGER
8,attackVote,15,12
8,attack,12,true
9,status,1,BODYGUARD,DEAD,wolf1
9,status,2,VILLAGER,DEAD,SampleRoleAssignPlayer
9,status,3,VILLAGER,ALIVE,SampleRoleAssignPlayer
9,status,4,VILLAGER,DEAD,SampleRoleAssignPlayer
9,status,5,VILLAGER,DEAD,SampleRoleAssignPlayer
9,status,6,VILLAGER,DEAD,SampleRoleAssignPlayer
9,status,7,MEDIUM,DEAD,SampleRoleAssignPlayer
9,status,8,WEREWOLF,DEAD,SampleRoleAssignPlayer
9,status,9,WEREWOLF,DEAD,SampleRoleAssignPlayer
9,status,10,VILLAGER,DEAD,SampleRoleAssignPlayer
9,status,11,POSSESSED,DEAD,SampleRoleAssignPlayer
9,status,12,VILLAGER,DEAD,SampleRoleAssignPlayer
9,status,13,SEER,DEAD,SampleRoleAssignPlayer
9,status,14,VILLAGER,DEAD,SampleRoleAssignPlayer
9,status,15,WEREWOLF,ALIVE,SampleRoleAssignPlayer
9,result,1,1,WEREWOLF
