0,status,1,VILLAGER,ALIVE,wolf1
0,status,2,WEREWOLF,ALIVE,SampleRoleAssignPlayer
0,status,3,POSSESSED,ALIVE,SampleRoleAssignPlayer
0,status,4,MEDIUM,ALIVE,SampleRoleAssignPlayer
0,status,5,VILLAGER,ALIVE,SampleRoleAssignPlayer
0,status,6,VILLAGER,ALIVE,SampleRoleAssignPlayer
0,status,7,VILLAGER,ALIVE,SampleRoleAssignPlayer
0,status,8,WEREWOLF,ALIVE,SampleRoleAssignPlayer
0,status,9,VILLAGER,ALIVE,SampleRoleAssignPlayer
0,status,10,VILLAGER,ALIVE,SampleRoleAssignPlayer
0,status,11,SEER,ALIVE,SampleRoleAssignPlayer
0,status,12,WEREWOLF,ALIVE,SampleRoleAssignPlayer
0,status,13,VILLAGER,ALIVE,SampleRoleAssignPlayer
0,status,14,BODYGUARD,ALIVE,SampleRoleAssignPlayer
0,status,15,VILLAGER,ALIVE,SampleRoleAssignPlayer
0,whisper,0,0,8,COMINGOUT Agent[08] VILLAGER
0,whisper,1,0,2,COMINGOUT Agent[02] SEER
0,whisper,2,0,12,COMINGOUT Agent[12] MEDIUM
0,whisper,3,1,2,DIVINED Agent[06] WEREWOLF
0,whisper,4,1,12,Skip
0,whisper,5,1,8,Skip
0,whisper,6,2,8,Skip
0,whisper,7,2,2,Skip
0,whisper,8,2,12,Skip
0,whisper,9,3,8,Over
0,whisper,10,3,12,Over
0,whisper,11,3,2,Skip
0,whisper,12,4,8,Over
0,whisper,13,4,2,Over
0,whisper,14,4,12,Over
0,divine,11,12,WEREWOLF
1,status,1,VILLAGER,ALIVE,wolf1
1,status,2,WEREWOLF,ALIVE,SampleRoleAssignPlayer
1,status,3,POSSESSED,ALIVE,SampleRoleAssignPlayer
1,status,4,MEDIUM,ALIVE,SampleRoleAssignPlayer
1,status,5,VILLAGER,ALIVE,SampleRoleAssignPlayer
1,status,6,VILLAGER,ALIVE,SampleRoleAssignPlayer
1,status,7,VILLAGER,ALIVE,SampleRoleAssignPlayer
1,status,8,WEREWOLF,ALIVE,SampleRoleAssignPlayer
1,status,9,VILLAGER,ALIVE,SampleRoleAssignPlayer
1,status,10,VILLAGER,ALIVE,SampleRoleAssignPlayer
1,status,11,SEER,ALIVE,SampleRoleAssignPlayer
1,status,12,WEREWOLF,ALIVE,SampleRoleAssignPlayer
1,status,13,VILLAGER,ALIVE,SampleRoleAssignPlayer
1,status,14,BODYGUARD,ALIVE,SampleRoleAssignPlayer
1,status,15,VILLAGER,ALIVE,SampleRoleAssignPlayer
1,talk,0,0,11,COMINGOUT Agent[11] SEER
1,talk,1,0,13,VOTE Agent[10]
1,talk,2,0,15,VOTE Agent[03]
1,talk,3,0,7,VOTE Agent[01]
1,talk,4,0,4,VOTE Agent[08]
1,talk,5,0,1,VOTE Agent[02]
1,talk,6,0,12,VOTE Agent[10]
1,talk,7,0,2,VOTE Agent[06]
1,talk,8,0,10,VOTE Agent[07]
1,talk,9,0,9,VOTE Agent[05]
1,talk,10,0,6,VOTE Agent[12]
1,talk,11,0,5,VOTE Agent[15]
1,talk,12,0,3,COMINGOUT Agent[03] SEER
1,talk,13,0,14,VOTE Agent[10]
1,talk,14,0,8,VOTE Agent[10]
1,talk,15,1,2,REQUEST(VOTE Agent[06])
1,talk,16,1,4,Skip
1,talk,17,1,8,REQUEST(VOTE Agent[10])
1,talk,18,1,5,Skip
1,talk,19,1,1,ESTIMATE Agent[02] WEREWOLF
1,talk,20,1,10,Skip
1,talk,21,1,3,DIVINED Agent[12] WEREWOLF
1,talk,22,1,13,Skip
1,talk,23,1,12,REQUEST(VOTE Agent[10])
1,talk,24,1,14,Skip
1,talk,25,1,7,Skip
1,talk,26,1,9,Skip
1,talk,27,1,6,Skip
1,talk,28,1,11,DIVINED Agent[12] WEREWOLF
1,talk,29,1,15,Skip
1,talk,30,2,11,REQUEST(VOTE Agent[12])
1,talk,31,2,1,ESTIMATE Agent[08] WEREWOLF
1,talk,32,2,9,ESTIMATE Agent[03] SEER
1,talk,33,2,12,Skip
1,talk,34,2,4,ESTIMATE Agent[03] SEER
1,talk,35,2,14,ESTIMATE Agent[03] SEER
1,talk,36,2,15,ESTIMATE Agent[03] SEER
1,talk,37,2,7,ESTIMATE Agent[11] SEER
1,talk,38,2,10,ESTIMATE Agent[11] SEER
1,talk,39,2,3,VOTE Agent[12]
1,talk,40,2,8,Skip
1,talk,41,2,6,ESTIMATE Agent[03] SEER
1,talk,42,2,13,ESTIMATE Agent[03] SEER
1,talk,43,2,5,ESTIMATE Agent[03] SEER
1,talk,44,2,2,COMINGOUT Agent[02] SEER
1,talk,45,3,8,Skip
1,talk,46,3,15,ESTIMATE Agent[12] WEREWOLF
1,talk,47,3,12,Skip
1,talk,48,3,3,REQUEST(VOTE Agent[12])
1,talk,49,3,14,ESTIMATE Agent[12] WEREWOLF
1,talk,50,3,13,ESTIMATE Agent[12] WEREWOLF
1,talk,51,3,4,ESTIMATE Agent[12] WEREWOLF
1,talk,52,3,6,Skip
1,talk,53,3,5,ESTIMATE Agent[12] WEREWOLF
1,talk,54,3,7,ESTIMATE Agent[12] WEREWOLF
1,talk,55,3,1,ESTIMATE Agent[03] WEREWOLF
1,talk,56,3,2,DIVINED Agent[06] WEREWOLF
1,talk,57,3,10,ESTIMATE Agent[12] WEREWOLF
1,talk,58,3,9,ESTIMATE Agent[12] WEREWOLF
1,talk,59,3,11,VOTE Agent[12]
1,talk,60,4,7,REQUEST(Agent[11] DIVINATION Agent[12])
1,talk,61,4,5,REQUEST(Agent[03] DIVINATION Agent[12])
1,talk,62,4,13,REQUEST(Agent[03] DIVINATION Agent[12])
1,talk,63,4,15,REQUEST(Agent[03] DIVINATION Agent[12])
1,talk,64,4,1,VOTE Agent[12]
1,talk,65,4,12,Over
1,talk,66,4,6,Skip
1,talk,67,4,10,REQUEST(Agent[11] DIVINATION Agent[12])
1,talk,68,4,9,REQUEST(Agent[03] DIVINATION Agent[12])
1,talk,69,4,2,Skip
1,talk,70,4,11,Skip
1,talk,71,4,3,Skip
1,talk,72,4,8,Over
1,talk,73,4,4,REQUEST(Agent[03] DIVINATION Agent[12])
1,talk,74,4,14,REQUEST(Agent[03] DIVINATION Agent[12])
1,talk,75,5,9,VOTE Agent[12]
1,talk,76,5,13,VOTE Agent[12]
1,talk,77,5,14,VOTE Agent[12]
1,talk,78,5,6,Over
1,talk,79,5,7,VOTE Agent[12]
1,talk,80,5,12,Over
1,talk,81,5,3,Skip
1,talk,82,5,5,VOTE Agent[12]
1,talk,83,5,4,VOTE Agent[12]
1,talk,84,5,10,VOTE Agent[12]
1,talk,85,5,8,Over
1,talk,86,5,11,Skip
1,talk,87,5,1,ESTIMATE Agent[06] WEREWOLF
1,talk,88,5,15,VOTE Agent[12]
1,talk,89,5,2,Skip
1,talk,90,6,12,Over
1,talk,91,6,10,Skip
1,talk,92,6,15,Skip
1,talk,93,6,14,Skip
1,talk,94,6,13,Skip
1,talk,95,6,6,Over
1,talk,96,6,5,Skip
1,talk,97,6,7,Skip
1,talk,98,6,3,Over
1,talk,99,6,11,Over
1,talk,100,6,9,Skip
1,talk,101,6,4,Skip
1,talk,102,6,1,Over
1,talk,103,6,2,Over
1,talk,104,6,8,Over
1,talk,105,7,9,Skip
1,talk,106,7,1,Over
1,talk,107,7,15,Skip
1,talk,108,7,7,Skip
1,talk,109,7,8,Over
1,talk,110,7,3,Over
1,talk,111,7,12,Over
1,talk,112,7,13,Skip
1,talk,113,7,6,Over
1,talk,114,7,14,Skip
1,talk,115,7,5,Skip
1,talk,116,7,4,Skip
1,talk,117,7,10,Skip
1,talk,118,7,11,Over
1,talk,119,7,2,Over
1,talk,120,8,7,Over
1,talk,121,8,14,Over
1,talk,122,8,11,Over
1,talk,123,8,6,Over
1,talk,124,8,2,Over
1,talk,125,8,5,Over
1,talk,126,8,3,Over
1,talk,127,8,10,Over
1,talk,128,8,4,Over
1,talk,129,8,13,Over
1,talk,130,8,1,Over
1,talk,131,8,9,Over
1,talk,132,8,8,Over
1,talk,133,8,12,Over
1,talk,134,8,15,Over
1,vote,1,12
1,vote,2,6
1,vote,3,12
1,vote,4,12
1,vote,5,12
1,vote,6,12
1,vote,7,12
1,vote,8,10
1,vote,9,12
1,vote,10,12
1,vote,11,12
1,vote,12,10
1,vote,13,12
1,vote,14,12
1,vote,15,12
1,execute,12,WEREWOLF
1,divine,11,15,HUMAN
1,whisper,0,0,8,ATTACK Agent[03]
1,whisper,1,0,2,ATTACK Agent[03]
1,whisper,2,1,8,REQUEST(ATTACK Agent[03])
1,whisper,3,1,2,REQUEST(ATTACK Agent[03])
1,whisper,4,2,2,DIVINED Agent[15] WEREWOLF
1,whisper,5,2,8,Skip
1,whisper,6,3,8,Skip
1,whisper,7,3,2,Skip
1,whisper,8,4,2,Skip
1,whisper,9,4,8,Over
1,whisper,10,5,8,Over
1,whisper,11,5,2,Over
1,guard,14,3,POSSESSED
1,attackVote,2,3
1,attackVote,8,3
1,attack,3,false
2,status,1,VILLAGER,ALIVE,wolf1
2,status,2,WEREWOLF,ALIVE,SampleRoleAssignPlayer
2,status,3,POSSESSED,ALIVE,SampleRoleAssignPlayer
2,status,4,MEDIUM,ALIVE,SampleRoleAssignPlayer
2,status,5,VILLAGER,ALIVE,SampleRoleAssignPlayer
2,status,6,VILLAGER,ALIVE,SampleRoleAssignPlayer
2,status,7,VILLAGER,ALIVE,SampleRoleAssignPlayer
2,status,8,WEREWOLF,ALIVE,SampleRoleAssignPlayer
2,status,9,VILLAGER,ALIVE,SampleRoleAssignPlayer
2,status,10,VILLAGER,ALIVE,SampleRoleAssignPlayer
2,status,11,SEER,ALIVE,SampleRoleAssignPlayer
2,status,12,WEREWOLF,DEAD,SampleRoleAssignPlayer
2,status,13,VILLAGER,ALIVE,SampleRoleAssignPlayer
2,status,14,BODYGUARD,ALIVE,SampleRoleAssignPlayer
2,status,15,VILLAGER,ALIVE,SampleRoleAssignPlayer
2,talk,0,0,8,VOTE Agent[10]
2,talk,1,0,10,AGREE TALK day1 ID:87
2,talk,2,0,14,AGREE TALK day1 ID:87
2,talk,3,0,7,AGREE TALK day1 ID:87
2,talk,4,0,4,COMINGOUT Agent[04] MEDIUM
2,talk,5,0,5,AGREE TALK day1 ID:87
2,talk,6,0,6,AGREE TALK day1 ID:19
2,talk,7,0,13,AGREE TALK day1 ID:87
2,talk,8,0,11,DIVINED Agent[15] HUMAN
2,talk,9,0,2,DIVINED Agent[15] WEREWOLF
2,talk,10,0,3,DIVINED Agent[15] WEREWOLF
2,talk,11,0,15,AGREE TALK day1 ID:87
2,talk,12,0,1,VOTE Agent[06]
2,talk,13,0,9,AGREE TALK day1 ID:87
2,talk,14,1,6,ESTIMATE Agent[02] WEREWOLF
2,talk,15,1,4,IDENTIFIED Agent[12] WEREWOLF
2,talk,16,1,15,ESTIMATE Agent[06] WEREWOLF
2,talk,17,1,10,ESTIMATE Agent[06] WEREWOLF
2,talk,18,1,11,DISAGREE TALK day1 ID:32
2,talk,19,1,13,ESTIMATE Agent[06] WEREWOLF
2,talk,20,1,14,ESTIMATE Agent[06] WEREWOLF
2,talk,21,1,2,VOTE Agent[15]
2,talk,22,1,1,ESTIMATE Agent[06] WEREWOLF
2,talk,23,1,3,VOTE Agent[12]
2,talk,24,1,9,ESTIMATE Agent[06] WEREWOLF
2,talk,25,1,8,REQUEST(VOTE Agent[10])
2,talk,26,1,7,ESTIMATE Agent[06] WEREWOLF
2,talk,27,1,5,ESTIMATE Agent[06] WEREWOLF
2,talk,28,2,13,REQUEST(Agent[03] DIVINATION Agent[06])
2,talk,29,2,15,REQUEST(Agent[03] DIVINATION Agent[06])
2,talk,30,2,8,Skip
2,talk,31,2,14,REQUEST(Agent[03] DIVINATION Agent[06])
2,talk,32,2,1,ESTIMATE Agent[02] WEREWOLF
2,talk,33,2,9,REQUEST(Agent[03] DIVINATION Agent[06])
2,talk,34,2,3,REQUEST(VOTE Agent[12])
2,talk,35,2,5,REQUEST(Agent[03] DIVINATION Agent[06])
2,talk,36,2,2,REQUEST(VOTE Agent[15])
2,talk,37,2,7,REQUEST(Agent[11] DIVINATION Agent[06])
2,talk,38,2,11,DISAGREE TALK day1 ID:34
2,talk,39,2,6,REQUEST(Agent[03] DIVINATION Agent[02])
2,talk,40,2,10,REQUEST(Agent[11] DIVINATION Agent[06])
2,talk,41,2,4,AGREE TALK day1 ID:87
2,talk,42,3,9,VOTE Agent[06]
2,talk,43,3,14,VOTE Agent[06]
2,talk,44,3,15,AGREE TALK day1 ID:37
2,talk,45,3,4,ESTIMATE Agent[06] WEREWOLF
2,talk,46,3,10,VOTE Agent[06]
2,talk,47,3,1,ESTIMATE Agent[08] WEREWOLF
2,talk,48,3,5,VOTE Agent[06]
2,talk,49,3,13,VOTE Agent[06]
2,talk,50,3,6,VOTE Agent[02]
2,talk,51,3,3,Skip
2,talk,52,3,2,Skip
2,talk,53,3,8,Skip
2,talk,54,3,7,VOTE Agent[06]
2,talk,55,3,11,DISAGREE TALK day1 ID:35
2,talk,56,4,11,DISAGREE TALK day1 ID:36
2,talk,57,4,8,Over
2,talk,58,4,7,Skip
2,talk,59,4,5,Skip
2,talk,60,4,2,Skip
2,talk,61,4,6,Skip
2,talk,62,4,14,Skip
2,talk,63,4,3,Skip
2,talk,64,4,1,VOTE Agent[15]
2,talk,65,4,4,REQUEST(Agent[03] DIVINATION Agent[06])
2,talk,66,4,13,Skip
2,talk,67,4,15,AGREE TALK day1 ID:38
2,talk,68,4,9,Skip
2,talk,69,4,10,Skip
2,talk,70,5,3,Over
2,talk,71,5,13,Skip
2,talk,72,5,1,ESTIMATE Agent[12] WEREWOLF
2,talk,73,5,6,Skip
2,talk,74,5,10,Skip
2,talk,75,5,8,Over
2,talk,76,5,5,Skip
2,talk,77,5,15,ESTIMATE Agent[11] SEER
2,talk,78,5,7,Skip
2,talk,79,5,4,VOTE Agent[06]
2,talk,80,5,11,DISAGREE TALK day1 ID:41
2,talk,81,5,9,Skip
2,talk,82,5,2,Over
2,talk,83,5,14,Skip
2,talk,84,6,13,Over
2,talk,85,6,9,Over
2,talk,86,6,8,Over
2,talk,87,6,2,Over
2,talk,88,6,1,ESTIMATE Agent[04] MEDIUM
2,talk,89,6,4,Skip
2,talk,90,6,7,Over
2,talk,91,6,10,Over
2,talk,92,6,3,Over
2,talk,93,6,6,Over
2,talk,94,6,15,AGREE TALK day1 ID:19
2,talk,95,6,5,Over
2,talk,96,6,11,DISAGREE TALK day1 ID:42
2,talk,97,6,14,Over
2,talk,98,7,6,Over
2,talk,99,7,9,Over
2,talk,100,7,8,Over
2,talk,101,7,13,Over
2,talk,102,7,1,ESTIMATE Agent[06] VILLAGER
2,talk,103,7,4,Skip
2,talk,104,7,3,Over
2,talk,105,7,7,Over
2,talk,106,7,11,DISAGREE TALK day1 ID:43
2,talk,107,7,10,Over
2,talk,108,7,2,Over
2,talk,109,7,14,Over
2,talk,110,7,15,ESTIMATE Agent[02] WEREWOLF
2,talk,111,7,5,Over
2,talk,112,8,1,ESTIMATE Agent[10] VILLAGER
2,talk,113,8,15,REQUEST(Agent[11] DIVINATION Agent[02])
2,talk,114,8,10,Over
2,talk,115,8,8,Over
2,talk,116,8,11,AGREE TALK day1 ID:55
2,talk,117,8,9,Over
2,talk,118,8,14,Over
2,talk,119,8,5,Over
2,talk,120,8,6,Over
2,talk,121,8,13,Over
2,talk,122,8,2,Over
2,talk,123,8,3,Over
2,talk,124,8,4,Over
2,talk,125,8,7,Over
2,talk,126,9,15,VOTE Agent[02]
2,talk,127,9,3,Over
2,talk,128,9,5,Over
2,talk,129,9,14,Over
2,talk,130,9,7,Over
2,talk,131,9,13,Over
2,talk,132,9,4,Over
2,talk,133,9,2,Over
2,talk,134,9,11,ESTIMATE Agent[03] WEREWOLF
2,talk,135,9,1,ESTIMATE Agent[11] SEER
2,talk,136,9,8,Over
2,talk,137,9,6,Over
2,talk,138,9,10,Over
2,talk,139,9,9,Over
2,talk,140,10,10,Over
2,talk,141,10,13,Over
2,talk,142,10,15,Over
2,talk,143,10,11,Over
2,talk,144,10,4,Over
2,talk,145,10,9,Over
2,talk,146,10,1,Over
2,talk,147,10,3,Over
2,talk,148,10,14,Over
2,talk,149,10,5,Over
2,talk,150,10,7,Over
2,talk,151,10,8,Over
2,talk,152,10,2,Over
2,talk,153,10,6,Over
2,vote,1,15
2,vote,2,15
2,vote,3,4
2,vote,4,6
2,vote,5,6
2,vote,6,2
2,vote,7,6
2,vote,8,10
2,vote,9,6
2,vote,10,6
2,vote,11,3
2,vote,13,6
2,vote,14,6
2,vote,15,2
2,execute,6,VILLAGER
2,divine,11,2,WEREWOLF
2,whisper,0,0,2,ESTIMATE Agent[03] POSSESSED
2,whisper,1,0,8,ESTIMATE Agent[03] POSSESSED
2,whisper,2,1,8,ATTACK Agent[11]
2,whisper,3,1,2,ATTACK Agent[04]
2,whisper,4,2,8,REQUEST(ATTACK Agent[11])
2,whisper,5,2,2,REQUEST(ATTACK Agent[04])
2,whisper,6,3,2,DIVINED Agent[01] HUMAN
2,whisper,7,3,8,Skip
2,whisper,8,4,2,Skip
2,whisper,9,4,8,Skip
2,whisper,10,5,2,Skip
2,whisper,11,5,8,Over
2,whisper,12,6,2,Over
2,whisper,13,6,8,Over
2,guard,14,3,POSSESSED
2,attackVote,2,4
2,attackVote,8,11
2,attackVote,2,4
2,attackVote,8,11
2,attack,11,true
3,status,1,VILLAGER,ALIVE,wolf1
3,status,2,WEREWOLF,ALIVE,SampleRoleAssignPlayer
3,status,3,POSSESSED,ALIVE,SampleRoleAssignPlayer
3,status,4,MEDIUM,ALIVE,SampleRoleAssignPlayer
3,status,5,VILLAGER,ALIVE,SampleRoleAssignPlayer
3,status,6,VILLAGER,DEAD,SampleRoleAssignPlayer
3,status,7,VILLAGER,ALIVE,SampleRoleAssignPlayer
3,status,8,WEREWOLF,ALIVE,SampleRoleAssignPlayer
3,status,9,VILLAGER,ALIVE,SampleRoleAssignPlayer
3,status,10,VILLAGER,ALIVE,SampleRoleAssignPlayer
3,status,11,SEER,DEAD,SampleRoleAssignPlayer
3,status,12,WEREWOLF,DEAD,SampleRoleAssignPlayer
3,status,13,VILLAGER,ALIVE,SampleRoleAssignPlayer
3,status,14,BODYGUARD,ALIVE,SampleRoleAssignPlayer
3,status,15,VILLAGER,ALIVE,SampleRoleAssignPlayer
3,talk,0,0,9,ESTIMATE Agent[15] WEREWOLF
3,talk,1,0,2,DIVINED Agent[01] HUMAN
3,talk,2,0,8,VOTE Agent[14]
3,talk,3,0,1,VOTE Agent[08]
3,talk,4,0,14,ESTIMATE Agent[15] WEREWOLF
3,talk,5,0,5,ESTIMATE Agent[15] WEREWOLF
3,talk,6,0,13,ESTIMATE Agent[15] WEREWOLF
3,talk,7,0,10,DISAGREE TALK day1 ID:19
3,talk,8,0,3,DIVINED Agent[04] HUMAN
3,talk,9,0,15,DISAGREE TALK day1 ID:32
3,talk,10,0,4,IDENTIFIED Agent[06] HUMAN
3,talk,11,0,7,AGREE TALK day1 ID:32
3,talk,12,1,9,REQUEST(Agent[03] DIVINATION Agent[15])
3,talk,13,1,5,REQUEST(Agent[03] DIVINATION Agent[15])
3,talk,14,1,1,ESTIMATE Agent[02] WEREWOLF
3,talk,15,1,3,VOTE Agent[15]
3,talk,16,1,8,REQUEST(VOTE Agent[14])
3,talk,17,1,7,AGREE TALK day1 ID:34
3,talk,18,1,10,DISAGREE TALK day2 ID:14
3,talk,19,1,13,REQUEST(Agent[03] DIVINATION Agent[15])
3,talk,20,1,2,VOTE Agent[15]
3,talk,21,1,14,REQUEST(Agent[03] DIVINATION Agent[15])
3,talk,22,1,15,DISAGREE TALK day1 ID:34
3,talk,23,1,4,AGREE TALK day1 ID:19
3,talk,24,2,1,ESTIMATE Agent[08] WEREWOLF
3,talk,25,2,2,REQUEST(VOTE Agent[15])
3,talk,26,2,10,DISAGREE TALK day2 ID:32
3,talk,27,2,5,VOTE Agent[15]
3,talk,28,2,3,REQUEST(VOTE Agent[15])
3,talk,29,2,7,AGREE TALK day1 ID:35
3,talk,30,2,13,VOTE Agent[15]
3,talk,31,2,15,DISAGREE TALK day1 ID:35
3,talk,32,2,14,VOTE Agent[15]
3,talk,33,2,9,VOTE Agent[15]
3,talk,34,2,8,Skip
3,talk,35,2,4,AGREE TALK day2 ID:14
3,talk,36,3,4,AGREE TALK day2 ID:32
3,talk,37,3,3,Skip
3,talk,38,3,13,Skip
3,talk,39,3,2,Skip
3,talk,40,3,10,DISAGREE TALK day2 ID:110
3,talk,41,3,14,Skip
3,talk,42,3,9,Skip
3,talk,43,3,5,Skip
3,talk,44,3,15,DISAGREE TALK day1 ID:36
3,talk,45,3,7,AGREE TALK day1 ID:36
3,talk,46,3,8,Skip
3,talk,47,3,1,ESTIMATE Agent[12] WEREWOLF
3,talk,48,4,13,Skip
3,talk,49,4,14,Skip
3,talk,50,4,8,Over
3,talk,51,4,7,AGREE TALK day1 ID:41
3,talk,52,4,4,AGREE TALK day2 ID:110
3,talk,53,4,10,ESTIMATE Agent[02] SEER
3,talk,54,4,2,Skip
3,talk,55,4,9,Skip
3,talk,56,4,5,Skip
3,talk,57,4,15,DISAGREE TALK day1 ID:41
3,talk,58,4,3,Skip
3,talk,59,4,1,VOTE Agent[02]
3,talk,60,5,2,Over
3,talk,61,5,15,DISAGREE TALK day1 ID:42
3,talk,62,5,7,AGREE TALK day1 ID:42
3,talk,63,5,10,ESTIMATE Agent[15] WEREWOLF
3,talk,64,5,8,Over
3,talk,65,5,3,Over
3,talk,66,5,5,Over
3,talk,67,5,4,ESTIMATE Agent[02] WEREWOLF
3,talk,68,5,14,Over
3,talk,69,5,13,Over
3,talk,70,5,9,Over
3,talk,71,5,1,ESTIMATE Agent[04] MEDIUM
3,talk,72,6,2,Over
3,talk,73,6,13,Over
3,talk,74,6,5,Over
3,talk,75,6,4,REQUEST(Agent[03] DIVINATION Agent[02])
3,talk,76,6,8,Over
3,talk,77,6,7,AGREE TALK day1 ID:43
3,talk,78,6,10,REQUEST(Agent[02] DIVINATION Agent[15])
3,talk,79,6,9,Over
3,talk,80,6,15,DISAGREE TALK day1 ID:43
3,talk,81,6,1,ESTIMATE Agent[10] VILLAGER
3,talk,82,6,14,Over
3,talk,83,6,3,Over
3,talk,84,7,10,VOTE Agent[15]
3,talk,85,7,3,Over
3,talk,86,7,4,VOTE Agent[02]
3,talk,87,7,5,Over
3,talk,88,7,13,Over
3,talk,89,7,8,Over
3,talk,90,7,15,AGREE TALK day1 ID:55
3,talk,91,7,9,Over
3,talk,92,7,7,DISAGREE TALK day1 ID:55
3,talk,93,7,14,Over
3,talk,94,7,2,Over
3,talk,95,7,1,ESTIMATE Agent[15] VILLAGER
3,talk,96,8,7,DISAGREE TALK day2 ID:134
3,talk,97,8,4,Skip
3,talk,98,8,8,Over
3,talk,99,8,10,Skip
3,talk,100,8,15,AGREE TALK day2 ID:134
3,talk,101,8,2,Over
3,talk,102,8,13,Over
3,talk,103,8,1,Over
3,talk,104,8,9,Over
3,talk,105,8,14,Over
3,talk,106,8,3,Over
3,talk,107,8,5,Over
3,talk,108,9,2,Over
3,talk,109,9,8,Over
3,talk,110,9,9,Over
3,talk,111,9,1,Over
3,talk,112,9,3,Over
3,talk,113,9,5,Over
3,talk,114,9,4,Skip
3,talk,115,9,15,ESTIMATE Agent[03] WEREWOLF
3,talk,116,9,14,Over
3,talk,117,9,7,ESTIMATE Agent[03] SEER
3,talk,118,9,10,Skip
3,talk,119,9,13,Over
3,talk,120,10,8,Over
3,talk,121,10,13,Over
3,talk,122,10,5,Over
3,talk,123,10,4,Over
3,talk,124,10,1,Over
3,talk,125,10,15,Over
3,talk,126,10,14,Over
3,talk,127,10,2,Over
3,talk,128,10,10,Over
3,talk,129,10,3,Over
3,talk,130,10,9,Over
3,talk,131,10,7,Over
3,vote,1,2
3,vote,2,15
3,vote,3,15
3,vote,4,2
3,vote,5,15
3,vote,7,15
3,vote,8,14
3,vote,9,15
3,vote,10,15
3,vote,13,15
3,vote,14,15
3,vote,15,3
3,execute,15,VILLAGER
3,whisper,0,0,8,ATTACK Agent[04]
3,whisper,1,0,2,ATTACK Agent[04]
3,whisper,2,1,2,REQUEST(ATTACK Agent[04])
3,whisper,3,1,8,REQUEST(ATTACK Agent[04])
3,whisper,4,2,8,Skip
3,whisper,5,2,2,DIVINED Agent[13] WEREWOLF
3,whisper,6,3,8,Skip
3,whisper,7,3,2,Skip
3,whisper,8,4,8,Over
3,whisper,9,4,2,Skip
3,whisper,10,5,2,Over
3,whisper,11,5,8,Over
3,guard,14,3,POSSESSED
3,attackVote,2,4
3,attackVote,8,4
3,attack,4,true
4,status,1,VILLAGER,ALIVE,wolf1
4,status,2,WEREWOLF,ALIVE,SampleRoleAssignPlayer
4,status,3,POSSESSED,ALIVE,SampleRoleAssignPlayer
4,status,4,MEDIUM,DEAD,SampleRoleAssignPlayer
4,status,5,VILLAGER,ALIVE,SampleRoleAssignPlayer
4,status,6,VILLAGER,DEAD,SampleRoleAssignPlayer
4,status,7,VILLAGER,ALIVE,SampleRoleAssignPlayer
4,status,8,WEREWOLF,ALIVE,SampleRoleAssignPlayer
4,status,9,VILLAGER,ALIVE,SampleRoleAssignPlayer
4,status,10,VILLAGER,ALIVE,SampleRoleAssignPlayer
4,status,11,SEER,DEAD,SampleRoleAssignPlayer
4,status,12,WEREWOLF,DEAD,SampleRoleAssignPlayer
4,status,13,VILLAGER,ALIVE,SampleRoleAssignPlayer
4,status,14,BODYGUARD,ALIVE,SampleRoleAssignPlayer
4,status,15,VILLAGER,DEAD,SampleRoleAssignPlayer
4,talk,0,0,5,VOTE Agent[14]
4,talk,1,0,7,VOTE Agent[03]
4,talk,2,0,8,VOTE Agent[05]
4,talk,3,0,3,DIVINED Agent[09] WEREWOLF
4,talk,4,0,14,VOTE Agent[09]
4,talk,5,0,2,DIVINED Agent[13] WEREWOLF
4,talk,6,0,9,VOTE Agent[13]
4,talk,7,0,10,VOTE Agent[13]
4,talk,8,0,13,VOTE Agent[07]
4,talk,9,0,1,VOTE Agent[02]
4,talk,10,1,9,DISAGREE TALK day1 ID:19
4,talk,11,1,2,VOTE Agent[13]
4,talk,12,1,5,ESTIMATE Agent[13] WEREWOLF
4,talk,13,1,8,REQUEST(VOTE Agent[05])
4,talk,14,1,13,ESTIMATE Agent[09] WEREWOLF
4,talk,15,1,1,ESTIMATE Agent[02] WEREWOLF
4,talk,16,1,14,Skip
4,talk,17,1,7,ESTIMATE Agent[13] WEREWOLF
4,talk,18,1,10,Skip
4,talk,19,1,3,VOTE Agent[15]
4,talk,20,2,14,Skip
4,talk,21,2,10,Skip
4,talk,22,2,13,REQUEST(Agent[03] DIVINATION Agent[09])
4,talk,23,2,3,REQUEST(VOTE Agent[15])
4,talk,24,2,8,Skip
4,talk,25,2,1,ESTIMATE Agent[08] WEREWOLF
4,talk,26,2,7,REQUEST(Agent[03] DIVINATION Agent[13])
4,talk,27,2,5,REQUEST(Agent[03] DIVINATION Agent[13])
4,talk,28,2,9,DISAGREE TALK day2 ID:14
4,talk,29,2,2,REQUEST(VOTE Agent[13])
4,talk,30,3,10,Over
4,talk,31,3,2,Skip
4,talk,32,3,13,VOTE Agent[09]
4,talk,33,3,9,DISAGREE TALK day2 ID:32
4,talk,34,3,5,VOTE Agent[13]
4,talk,35,3,7,VOTE Agent[13]
4,talk,36,3,1,ESTIMATE Agent[12] WEREWOLF
4,talk,37,3,8,Skip
4,talk,38,3,14,Over
4,talk,39,3,3,Skip
4,talk,40,4,14,Over
4,talk,41,4,1,ESTIMATE Agent[10] VILLAGER
4,talk,42,4,7,Skip
4,talk,43,4,13,Skip
4,talk,44,4,3,Skip
4,talk,45,4,8,Over
4,talk,46,4,9,DISAGREE TALK day2 ID:110
4,talk,47,4,10,Over
4,talk,48,4,2,Skip
4,talk,49,4,5,Skip
4,talk,50,5,10,Over
4,talk,51,5,2,Over
4,talk,52,5,8,Over
4,talk,53,5,5,Skip
4,talk,54,5,3,Over
4,talk,55,5,7,Skip
4,talk,56,5,14,Over
4,talk,57,5,9,DISAGREE TALK day3 ID:14
4,talk,58,5,1,ESTIMATE Agent[13] VILLAGER
4,talk,59,5,13,Skip
4,talk,60,6,3,Over
4,talk,61,6,2,Over
4,talk,62,6,8,Over
4,talk,63,6,1,Over
4,talk,64,6,14,Over
4,talk,65,6,7,Over
4,talk,66,6,13,Over
4,talk,67,6,9,AGREE TALK day3 ID:53
4,talk,68,6,5,Over
4,talk,69,6,10,Over
4,talk,70,7,3,Over
4,talk,71,7,8,Over
4,talk,72,7,9,DISAGREE TALK day3 ID:67
4,talk,73,7,1,ESTIMATE Agent[09] VILLAGER
4,talk,74,7,14,Over
4,talk,75,7,13,Over
4,talk,76,7,2,Over
4,talk,77,7,7,Over
4,talk,78,7,5,Over
4,talk,79,7,10,Over
4,talk,80,8,7,Over
4,talk,81,8,10,Over
4,talk,82,8,8,Over
4,talk,83,8,3,Over
4,talk,84,8,5,Over
4,talk,85,8,2,Over
4,talk,86,8,9,ESTIMATE Agent[02] SEER
4,talk,87,8,13,Over
4,talk,88,8,14,Over
4,talk,89,8,1,Over
4,talk,90,9,8,Over
4,talk,91,9,3,Over
4,talk,92,9,10,Over
4,talk,93,9,7,Over
4,talk,94,9,13,Over
4,talk,95,9,1,Over
4,talk,96,9,5,Over
4,talk,97,9,9,Skip
4,talk,98,9,14,Over
4,talk,99,9,2,Over
4,talk,100,10,13,Over
4,talk,101,10,10,Over
4,talk,102,10,3,Over
4,talk,103,10,8,Over
4,talk,104,10,14,Over
4,talk,105,10,7,Over
4,talk,106,10,2,Over
4,talk,107,10,1,Over
4,talk,108,10,9,Skip
4,talk,109,10,5,Over
4,talk,110,11,14,Over
4,talk,111,11,9,Over
4,talk,112,11,13,Over
4,talk,113,11,8,Over
4,talk,114,11,7,Over
4,talk,115,11,10,Over
4,talk,116,11,5,Over
4,talk,117,11,1,Over
4,talk,118,11,3,Over
4,talk,119,11,2,Over
4,vote,1,2
4,vote,2,13
4,vote,3,5
4,vote,5,13
4,vote,7,13
4,vote,8,5
4,vote,9,13
4,vote,10,13
4,vote,13,9
4,vote,14,9
4,execute,13,VILLAGER
4,whisper,0,0,2,ATTACK Agent[07]
4,whisper,1,0,8,ATTACK Agent[09]
4,whisper,2,1,2,REQUEST(ATTACK Agent[07])
4,whisper,3,1,8,REQUEST(ATTACK Agent[09])
4,whisper,4,2,8,Skip
4,whisper,5,2,2,DIVINED Agent[05] HUMAN
4,whisper,6,3,8,Skip
4,whisper,7,3,2,Skip
4,whisper,8,4,2,Skip
4,whisper,9,4,8,Over
4,whisper,10,5,2,Over
4,whisper,11,5,8,Over
4,guard,14,3,POSSESSED
4,attackVote,2,7
4,attackVote,8,9
4,attackVote,2,7
4,attackVote,8,9
4,attack,9,true
5,status,1,VILLAGER,ALIVE,wolf1
5,status,2,WEREWOLF,ALIVE,SampleRoleAssignPlayer
5,status,3,POSSESSED,ALIVE,SampleRoleAssignPlayer
5,status,4,MEDIUM,DEAD,SampleRoleAssignPlayer
5,status,5,VILLAGER,ALIVE,SampleRoleAssignPlayer
5,status,6,VILLAGER,DEAD,SampleRoleAssignPlayer
5,status,7,VILLAGER,ALIVE,SampleRoleAssignPlayer
5,status,8,WEREWOLF,ALIVE,SampleRoleAssignPlayer
5,status,9,VILLAGER,DEAD,SampleRoleAssignPlayer
5,status,10,VILLAGER,ALIVE,SampleRoleAssignPlayer
5,status,11,SEER,DEAD,SampleRoleAssignPlayer
5,status,12,WEREWOLF,DEAD,SampleRoleAssignPlayer
5,status,13,VILLAGER,DEAD,SampleRoleAssignPlayer
5,status,14,BODYGUARD,ALIVE,SampleRoleAssignPlayer
5,status,15,VILLAGER,DEAD,SampleRoleAssignPlayer
5,talk,0,0,1,VOTE Agent[02]
5,talk,1,0,7,DISAGREE TALK day1 ID:19
5,talk,2,0,8,VOTE Agent[07]
5,talk,3,0,10,DISAGREE TALK day1 ID:32
5,talk,4,0,14,DISAGREE TALK day1 ID:19
5,talk,5,0,3,DIVINED Agent[14] HUMAN
5,talk,6,0,2,DIVINED Agent[05] HUMAN
5,talk,7,0,5,DISAGREE TALK day1 ID:19
5,talk,8,1,5,DISAGREE TALK day2 ID:14
5,talk,9,1,3,VOTE Agent[12]
5,talk,10,1,14,DISAGREE TALK day2 ID:14
5,talk,11,1,1,ESTIMATE Agent[02] WEREWOLF
5,talk,12,1,2,VOTE Agent[07]
5,talk,13,1,7,DISAGREE TALK day2 ID:14
5,talk,14,1,10,DISAGREE TALK day1 ID:34
5,talk,15,1,8,REQUEST(VOTE Agent[07])
5,talk,16,2,5,DISAGREE TALK day2 ID:32
5,talk,17,2,1,ESTIMATE Agent[08] WEREWOLF
5,talk,18,2,2,REQUEST(VOTE Agent[07])
5,talk,19,2,14,DISAGREE TALK day2 ID:32
5,talk,20,2,3,REQUEST(VOTE Agent[12])
5,talk,21,2,7,DISAGREE TALK day2 ID:32
5,talk,22,2,8,Skip
5,talk,23,2,10,DISAGREE TALK day1 ID:35
5,talk,24,3,7,DISAGREE TALK day2 ID:110
5,talk,25,3,10,DISAGREE TALK day1 ID:36
5,talk,26,3,14,DISAGREE TALK day2 ID:110
5,talk,27,3,2,Skip
5,talk,28,3,8,Skip
5,talk,29,3,5,DISAGREE TALK day2 ID:110
5,talk,30,3,3,Skip
5,talk,31,3,1,ESTIMATE Agent[12] WEREWOLF
5,talk,32,4,10,DISAGREE TALK day1 ID:41
5,talk,33,4,2,Skip
5,talk,34,4,1,Over
5,talk,35,4,7,DISAGREE TALK day3 ID:14
5,talk,36,4,8,Over
5,talk,37,4,5,DISAGREE TALK day3 ID:14
5,talk,38,4,14,DISAGREE TALK day3 ID:14
5,talk,39,4,3,Skip
5,talk,40,5,7,AGREE TALK day3 ID:53
5,talk,41,5,2,Over
5,talk,42,5,5,AGREE TALK day3 ID:53
5,talk,43,5,14,AGREE TALK day3 ID:53
5,talk,44,5,1,Over
5,talk,45,5,8,Over
5,talk,46,5,3,Over
5,talk,47,5,10,DISAGREE TALK day1 ID:42
5,talk,48,6,8,Over
5,talk,49,6,10,DISAGREE TALK day1 ID:43
5,talk,50,6,14,DISAGREE TALK day3 ID:67
5,talk,51,6,5,DISAGREE TALK day3 ID:67
5,talk,52,6,1,ESTIMATE Agent[07] VILLAGER
5,talk,53,6,2,Over
5,talk,54,6,3,Over
5,talk,55,6,7,DISAGREE TALK day3 ID:67
5,talk,56,7,14,DISAGREE TALK day4 ID:15
5,talk,57,7,7,DISAGREE TALK day4 ID:15
5,talk,58,7,8,Over
5,talk,59,7,1,Over
5,talk,60,7,3,Over
5,talk,61,7,10,AGREE TALK day1 ID:55
5,talk,62,7,2,Over
5,talk,63,7,5,DISAGREE TALK day4 ID:15
5,talk,64,8,1,Over
5,talk,65,8,7,AGREE TALK day4 ID:86
5,talk,66,8,5,AGREE TALK day4 ID:86
5,talk,67,8,14,AGREE TALK day4 ID:86
5,talk,68,8,3,Over
5,talk,69,8,2,Over
5,talk,70,8,10,AGREE TALK day2 ID:134
5,talk,71,8,8,Over
5,talk,72,9,1,Over
5,talk,73,9,7,ESTIMATE Agent[02] SEER
5,talk,74,9,5,ESTIMATE Agent[02] SEER
5,talk,75,9,10,AGREE TALK day3 ID:115
5,talk,76,9,8,Over
5,talk,77,9,14,ESTIMATE Agent[02] SEER
5,talk,78,9,3,Over
5,talk,79,9,2,Over
5,talk,80,10,7,Over
5,talk,81,10,14,Over
5,talk,82,10,1,Over
5,talk,83,10,5,Over
5,talk,84,10,2,Over
5,talk,85,10,3,Over
5,talk,86,10,8,Over
5,talk,87,10,10,Over
5,vote,1,2
5,vote,2,7
5,vote,3,14
5,vote,5,3
5,vote,7,3
5,vote,8,7
5,vote,10,3
5,vote,14,3
5,execute,3,POSSESSED
5,whisper,0,0,8,ATTACK Agent[07]
5,whisper,1,0,2,ATTACK Agent[14]
5,whisper,2,1,2,REQUEST(ATTACK Agent[14])
5,whisper,3,1,8,REQUEST(ATTACK Agent[07])
5,whisper,4,2,2,DIVINED Agent[10] HUMAN
5,whisper,5,2,8,Skip
5,whisper,6,3,8,Skip
5,whisper,7,3,2,Skip
5,whisper,8,4,8,Over
5,whisper,9,4,2,Skip
5,whisper,10,5,8,Over
5,whisper,11,5,2,Over
5,guard,14,2,WEREWOLF
5,attackVote,2,14
5,attackVote,8,7
5,attackVote,2,14
5,attackVote,8,7
5,attack,7,true
6,status,1,VILLAGER,ALIVE,wolf1
6,status,2,WEREWOLF,ALIVE,SampleRoleAssignPlayer
6,status,3,POSSESSED,DEAD,SampleRoleAssignPlayer
6,status,4,MEDIUM,DEAD,SampleRoleAssignPlayer
6,status,5,VILLAGER,ALIVE,SampleRoleAssignPlayer
6,status,6,VILLAGER,DEAD,SampleRoleAssignPlayer
6,status,7,VILLAGER,DEAD,SampleRoleAssignPlayer
6,status,8,WEREWOLF,ALIVE,SampleRoleAssignPlayer
6,status,9,VILLAGER,DEAD,SampleRoleAssignPlayer
6,status,10,VILLAGER,ALIVE,SampleRoleAssignPlayer
6,status,11,SEER,DEAD,SampleRoleAssignPlayer
6,status,12,WEREWOLF,DEAD,SampleRoleAssignPlayer
6,status,13,VILLAGER,DEAD,SampleRoleAssignPlayer
6,status,14,BODYGUARD,ALIVE,SampleRoleAssignPlayer
6,status,15,VILLAGER,DEAD,SampleRoleAssignPlayer
6,talk,0,0,1,VOTE Agent[02]
6,talk,1,0,8,VOTE Agent[14]
6,talk,2,0,5,VOTE Agent[10]
6,talk,3,0,14,VOTE Agent[02]
6,talk,4,0,2,DIVINED Agent[10] HUMAN
6,talk,5,0,10,VOTE Agent[05]
6,talk,6,1,10,Skip
6,talk,7,1,14,Skip
6,talk,8,1,8,REQUEST(VOTE Agent[14])
6,talk,9,1,2,VOTE Agent[14]
6,talk,10,1,1,ESTIMATE Agent[02] WEREWOLF
6,talk,11,1,5,Skip
6,talk,12,2,5,Skip
6,talk,13,2,1,ESTIMATE Agent[08] WEREWOLF
6,talk,14,2,2,REQUEST(VOTE Agent[14])
6,talk,15,2,8,Skip
6,talk,16,2,10,Skip
6,talk,17,2,14,Skip
6,talk,18,3,5,Over
6,talk,19,3,1,ESTIMATE Agent[12] WEREWOLF
6,talk,20,3,8,Skip
6,talk,21,3,2,Skip
6,talk,22,3,14,Over
6,talk,23,3,10,Over
6,talk,24,4,14,Over
6,talk,25,4,10,Over
6,talk,26,4,1,ESTIMATE Agent[14] VILLAGER
6,talk,27,4,5,Over
6,talk,28,4,2,Skip
6,talk,29,4,8,Over
6,talk,30,5,1,Over
6,talk,31,5,2,Over
6,talk,32,5,8,Over
6,talk,33,5,14,Over
6,talk,34,5,10,Over
6,talk,35,5,5,Over
6,vote,1,2
6,vote,2,14
6,vote,5,10
6,vote,8,14
6,vote,10,5
6,vote,14,2
6,vote,1,2
6,vote,2,14
6,vote,5,14
6,vote,8,14
6,vote,10,14
6,vote,14,2
6,execute,14,BODYGUARD
6,whisper,0,0,2,ATTACK Agent[05]
6,whisper,1,0,8,ATTACK Agent[10]
6,whisper,2,1,8,REQUEST(ATTACK Agent[10])
6,whisper,3,1,2,REQUEST(ATTACK Agent[05])
6,whisper,4,2,2,DIVINED Agent[08] HUMAN
6,whisper,5,2,8,Skip
6,whisper,6,3,2,Skip
6,whisper,7,3,8,Skip
6,whisper,8,4,8,Over
6,whisper,9,4,2,Skip
6,whisper,10,5,8,Over
6,whisper,11,5,2,Over
6,attackVote,2,5
6,attackVote,8,10
6,attackVote,2,5
6,attackVote,8,10
6,attack,5,true
7,status,1,VILLAGER,ALIVE,wolf1
7,status,2,WEREWOLF,ALIVE,SampleRoleAssignPlayer
7,status,3,POSSESSED,DEAD,SampleRoleAssignPlayer
7,status,4,MEDIUM,DEAD,SampleRoleAssignPlayer
7,status,5,VILLAGER,DEAD,SampleRoleAssignPlayer
7,status,6,VILLAGER,DEAD,SampleRoleAssignPlayer
7,status,7,VILLAGER,DEAD,SampleRoleAssignPlayer
7,status,8,WEREWOLF,ALIVE,SampleRoleAssignPlayer
7,status,9,VILLAGER,DEAD,SampleRoleAssignPlayer
7,status,10,VILLAGER,ALIVE,SampleRoleAssignPlayer
7,status,11,SEER,DEAD,SampleRoleAssignPlayer
7,status,12,WEREWOLF,DEAD,SampleRoleAssignPlayer
7,status,13,VILLAGER,DEAD,SampleRoleAssignPlayer
7,status,14,BODYGUARD,DEAD,SampleRoleAssignPlayer
7,status,15,VILLAGER,DEAD,SampleRoleAssignPlayer
7,result,2,2,WEREWOLF
