0,status,1,WEREWOLF,ALIVE,wolf1
0,status,2,VILLAGER,ALIVE,SampleRoleAssignPlayer
0,status,3,VILLAGER,ALIVE,SampleRoleAssignPlayer
0,status,4,VILLAGER,ALIVE,SampleRoleAssignPlayer
0,status,5,BODYGUARD,ALIVE,SampleRoleAssignPlayer
0,status,6,WEREWOLF,ALIVE,SampleRoleAssignPlayer
0,status,7,VILLAGER,ALIVE,SampleRoleAssignPlayer
0,status,8,VILLAGER,ALIVE,SampleRoleAssignPlayer
0,status,9,POSSESSED,ALIVE,SampleRoleAssignPlayer
0,status,10,SEER,ALIVE,SampleRoleAssignPlayer
0,status,11,VILLAGER,ALIVE,SampleRoleAssignPlayer
0,status,12,VILLAGER,ALIVE,SampleRoleAssignPlayer
0,status,13,WEREWOLF,ALIVE,SampleRoleAssignPlayer
0,status,14,VILLAGER,ALIVE,SampleRoleAssignPlayer
0,status,15,MEDIUM,ALIVE,SampleRoleAssignPlayer
0,whisper,0,0,1,COMINGOUT Agent[01] VILLAGER
0,whisper,1,0,6,COMINGOUT Agent[06] MEDIUM
0,whisper,2,0,13,COMINGOUT Agent[13] SEER
0,whisper,3,1,6,Skip
0,whisper,4,1,13,DIVINED Agent[04] HUMAN
0,whisper,5,1,1,ATTACK Agent[02]
0,whisper,6,2,6,Skip
0,whisper,7,2,1,Over
0,whisper,8,2,13,Skip
0,whisper,9,3,1,Over
0,whisper,10,3,13,Skip
0,whisper,11,3,6,Over
0,whisper,12,4,1,Over
0,whisper,13,4,6,Over
0,whisper,14,4,13,Over
0,divine,10,15,HUMAN
1,status,1,WEREWOLF,ALIVE,wolf1
1,status,2,VILLAGER,ALIVE,SampleRoleAssignPlayer
1,status,3,VILLAGER,ALIVE,SampleRoleAssignPlayer
1,status,4,VILLAGER,ALIVE,SampleRoleAssignPlayer
1,status,5,BODYGUARD,ALIVE,SampleRoleAssignPlayer
1,status,6,WEREWOLF,ALIVE,SampleRoleAssignPlayer
1,status,7,VILLAGER,ALIVE,SampleRoleAssignPlayer
1,status,8,VILLAGER,ALIVE,SampleRoleAssignPlayer
1,status,9,POSSESSED,ALIVE,SampleRoleAssignPlayer
1,status,10,SEER,ALIVE,SampleRoleAssignPlayer
1,status,11,VILLAGER,ALIVE,SampleRoleAssignPlayer
1,status,12,VILLAGER,ALIVE,SampleRoleAssignPlayer
1,status,13,WEREWOLF,ALIVE,SampleRoleAssignPlayer
1,status,14,VILLAGER,ALIVE,SampleRoleAssignPlayer
1,status,15,MEDIUM,ALIVE,SampleRoleAssignPlayer
1,talk,0,0,14,VOTE Agent[02]
1,talk,1,0,2,VOTE Agent[06]
1,talk,2,0,12,VOTE Agent[05]
1,talk,3,0,9,COMINGOUT Agent[09] SEER
1,talk,4,0,7,VOTE Agent[04]
1,talk,5,0,3,VOTE Agent[14]
1,talk,6,0,5,VOTE Agent[14]
1,talk,7,0,4,VOTE Agent[01]
1,talk,8,0,13,VOTE Agent[10]
1,talk,9,0,11,VOTE Agent[07]
1,talk,10,0,6,VOTE Agent[15]
1,talk,11,0,10,COMINGOUT Agent[10] SEER
1,talk,12,0,15,VOTE Agent[11]
1,talk,13,0,8,VOTE Agent[04]
1,talk,14,0,1,VOTE Agent[03]
1,talk,15,1,3,Skip
1,talk,16,1,13,REQUEST(VOTE Agent[10])
1,talk,17,1,15,Skip
1,talk,18,1,11,Skip
1,talk,19,1,9,DIVINED Agent[12] HUMAN
1,talk,20,1,1,ESTIMATE Agent[03] WEREWOLF
1,talk,21,1,10,DIVINED Agent[15] HUMAN
1,talk,22,1,5,Skip
1,talk,23,1,14,Skip
1,talk,24,1,8,Skip
1,talk,25,1,12,Skip
1,talk,26,1,6,REQUEST(VOTE Agent[15])
1,talk,27,1,7,Skip
1,talk,28,1,4,Skip
1,talk,29,1,2,Skip
1,talk,30,2,1,ESTIMATE Agent[04] WEREWOLF
1,talk,31,2,14,ESTIMATE Agent[10] SEER
1,talk,32,2,11,ESTIMATE Agent[10] SEER
1,talk,33,2,12,ESTIMATE Agent[09] SEER
1,talk,34,2,9,REQUEST(VOTE Agent[04])
1,talk,35,2,4,ESTIMATE Agent[10] SEER
1,talk,36,2,7,ESTIMATE Agent[10] SEER
1,talk,37,2,8,ESTIMATE Agent[09] SEER
1,talk,38,2,2,ESTIMATE Agent[10] SEER
1,talk,39,2,10,ESTIMATE Agent[09] WEREWOLF
1,talk,40,2,5,ESTIMATE Agent[10] SEER
1,talk,41,2,6,Skip
1,talk,42,2,3,ESTIMATE Agent[09] SEER
1,talk,43,2,13,COMINGOUT Agent[13] SEER
1,talk,44,2,15,ESTIMATE Agent[10] SEER
1,talk,45,3,12,Skip
1,talk,46,3,3,Skip
1,talk,47,3,8,Skip
1,talk,48,3,9,VOTE Agent[10]
1,talk,49,3,13,DIVINED Agent[04] HUMAN
1,talk,50,3,5,Skip
1,talk,51,3,7,Skip
1,talk,52,3,4,Skip
1,talk,53,3,2,Skip
1,talk,54,3,11,Skip
1,talk,55,3,15,Skip
1,talk,56,3,6,Skip
1,talk,57,3,10,VOTE Agent[09]
1,talk,58,3,14,Skip
1,talk,59,3,1,ESTIMATE Agent[10] WEREWOLF
1,talk,60,4,8,Skip
1,talk,61,4,11,Skip
1,talk,62,4,15,Skip
1,talk,63,4,1,VOTE Agent[09]
1,talk,64,4,14,Skip
1,talk,65,4,9,REQUEST(VOTE Agent[10])
1,talk,66,4,5,Skip
1,talk,67,4,4,Skip
1,talk,68,4,13,Skip
1,talk,69,4,2,Skip
1,talk,70,4,10,Skip
1,talk,71,4,3,Skip
1,talk,72,4,12,Skip
1,talk,73,4,6,Over
1,talk,74,4,7,Skip
1,talk,75,5,6,Over
1,talk,76,5,15,Over
1,talk,77,5,3,Over
1,talk,78,5,1,ESTIMATE Agent[11] WEREWOLF
1,talk,79,5,7,Over
1,talk,80,5,12,Over
1,talk,81,5,13,Skip
1,talk,82,5,9,Skip
1,talk,83,5,11,Over
1,talk,84,5,14,Over
1,talk,85,5,4,Over
1,talk,86,5,8,Over
1,talk,87,5,10,Skip
1,talk,88,5,5,Over
1,talk,89,5,2,Over
1,talk,90,6,7,Over
1,talk,91,6,4,Over
1,talk,92,6,3,Over
1,talk,93,6,6,Over
1,talk,94,6,13,Over
1,talk,95,6,10,Over
1,talk,96,6,1,Over
1,talk,97,6,14,Over
1,talk,98,6,12,Over
1,talk,99,6,5,Over
1,talk,100,6,8,Over
1,talk,101,6,11,Over
1,talk,102,6,9,Skip
1,talk,103,6,2,Over
1,talk,104,6,15,Over
1,talk,105,7,9,Over
1,talk,106,7,13,Over
1,talk,107,7,15,Over
1,talk,108,7,11,Over
1,talk,109,7,10,Over
1,talk,110,7,7,Over
1,talk,111,7,1,Over
1,talk,112,7,6,Over
1,talk,113,7,8,Over
1,talk,114,7,3,Over
1,talk,115,7,12,Over
1,talk,116,7,5,Over
1,talk,117,7,4,Over
1,talk,118,7,2,Over
1,talk,119,7,14,Over
1,vote,1,9
1,vote,2,6
1,vote,3,14
1,vote,4,1
1,vote,5,14
1,vote,6,15
1,vote,7,4
1,vote,8,4
1,vote,9,10
1,vote,10,9
1,vote,11,7
1,vote,12,5
1,vote,13,10
1,vote,14,2
1,vote,15,11
1,vote,1,9
1,vote,2,9
1,vote,3,14
1,vote,4,3
1,vote,5,14
1,vote,6,4
1,vote,7,4
1,vote,8,4
1,vote,9,10
1,vote,10,9
1,vote,11,4
1,vote,12,4
1,vote,13,10
1,vote,14,11
1,vote,15,14
1,execute,4,VILLAGER
1,divine,10,9,HUMAN
1,whisper,0,0,6,ATTACK Agent[09]
1,whisper,1,0,13,ATTACK Agent[09]
1,whisper,2,0,1,ATTACK Agent[12]
1,whisper,3,1,13,REQUEST(ATTACK Agent[09])
1,whisper,4,1,1,Over
1,whisper,5,1,6,REQUEST(ATTACK Agent[09])
1,whisper,6,2,1,Over
1,whisper,7,2,13,DIVINED Agent[15] HUMAN
1,whisper,8,2,6,IDENTIFIED Agent[04] HUMAN
1,whisper,9,3,6,Skip
1,whisper,10,3,13,Skip
1,whisper,11,3,1,Over
1,whisper,12,4,1,Over
1,whisper,13,4,13,Skip
1,whisper,14,4,6,Skip
1,whisper,15,5,13,Over
1,whisper,16,5,1,Over
1,whisper,17,5,6,Over
1,guard,5,10,SEER
1,attackVote,1,12
1,attackVote,6,9
1,attackVote,13,9
1,attack,9,true
2,status,1,WEREWOLF,ALIVE,wolf1
2,status,2,VILLAGER,ALIVE,SampleRoleAssignPlayer
2,status,3,VILLAGER,ALIVE,SampleRoleAssignPlayer
2,status,4,VILLAGER,DEAD,SampleRoleAssignPlayer
2,status,5,BODYGUARD,ALIVE,SampleRoleAssignPlayer
2,status,6,WEREWOLF,ALIVE,SampleRoleAssignPlayer
2,status,7,VILLAGER,ALIVE,SampleRoleAssignPlayer
2,status,8,VILLAGER,ALIVE,SampleRoleAssignPlayer
2,status,9,POSSESSED,DEAD,SampleRoleAssignPlayer
2,status,10,SEER,ALIVE,SampleRoleAssignPlayer
2,status,11,VILLAGER,ALIVE,SampleRoleAssignPlayer
2,status,12,VILLAGER,ALIVE,SampleRoleAssignPlayer
2,status,13,WEREWOLF,ALIVE,SampleRoleAssignPlayer
2,status,14,VILLAGER,ALIVE,SampleRoleAssignPlayer
2,status,15,MEDIUM,ALIVE,SampleRoleAssignPlayer
2,talk,0,0,10,DIVINED Agent[09] HUMAN
2,talk,1,0,3,ESTIMATE Agent[13] SEER
2,talk,2,0,1,VOTE Agent[03]
2,talk,3,0,15,VOTE Agent[14]
2,talk,4,0,2,VOTE Agent[14]
2,talk,5,0,8,ESTIMATE Agent[13] SEER
2,talk,6,0,11,VOTE Agent[12]
2,talk,7,0,13,DIVINED Agent[15] HUMAN
2,talk,8,0,6,VOTE Agent[07]
2,talk,9,0,7,VOTE Agent[08]
2,talk,10,0,14,VOTE Agent[03]
2,talk,11,0,12,ESTIMATE Agent[13] SEER
2,talk,12,0,5,VOTE Agent[03]
2,talk,13,1,10,ESTIMATE Agent[13] WEREWOLF
2,talk,14,1,1,ESTIMATE Agent[03] WEREWOLF
2,talk,15,1,3,VOTE Agent[10]
2,talk,16,1,13,VOTE Agent[10]
2,talk,17,1,2,Skip
2,talk,18,1,15,Skip
2,talk,19,1,5,Skip
2,talk,20,1,6,REQUEST(VOTE Agent[07])
2,talk,21,1,8,VOTE Agent[03]
2,talk,22,1,7,Skip
2,talk,23,1,14,Skip
2,talk,24,1,11,Skip
2,talk,25,1,12,VOTE Agent[03]
2,talk,26,2,12,Skip
2,talk,27,2,14,Skip
2,talk,28,2,8,Skip
2,talk,29,2,7,Skip
2,talk,30,2,1,ESTIMATE Agent[10] WEREWOLF
2,talk,31,2,6,COMINGOUT Agent[06] MEDIUM
2,talk,32,2,11,Skip
2,talk,33,2,13,REQUEST(VOTE Agent[10])
2,talk,34,2,5,Skip
2,talk,35,2,15,Skip
2,talk,36,2,3,Skip
2,talk,37,2,2,Skip
2,talk,38,2,10,VOTE Agent[13]
2,talk,39,3,8,Skip
2,talk,40,3,13,Skip
2,talk,41,3,6,IDENTIFIED Agent[04] HUMAN
2,talk,42,3,14,Over
2,talk,43,3,2,Over
2,talk,44,3,10,Skip
2,talk,45,3,7,Over
2,talk,46,3,5,Over
2,talk,47,3,3,Skip
2,talk,48,3,1,ESTIMATE Agent[11] WEREWOLF
2,talk,49,3,11,Over
2,talk,50,3,15,COMINGOUT Agent[15] MEDIUM
2,talk,51,3,12,Skip
2,talk,52,4,3,Over
2,talk,53,4,11,Over
2,talk,54,4,14,Over
2,talk,55,4,7,Over
2,talk,56,4,10,Skip
2,talk,57,4,12,Over
2,talk,58,4,15,IDENTIFIED Agent[04] HUMAN
2,talk,59,4,6,VOTE Agent[15]
2,talk,60,4,1,ESTIMATE Agent[06] WEREWOLF
2,talk,61,4,8,Over
2,talk,62,4,5,Over
2,talk,63,4,2,Over
2,talk,64,4,13,Skip
2,talk,65,5,14,Over
2,talk,66,5,1,VOTE Agent[15]
2,talk,67,5,2,Over
2,talk,68,5,5,Over
2,talk,69,5,11,Over
2,talk,70,5,13,Over
2,talk,71,5,8,Over
2,talk,72,5,3,Over
2,talk,73,5,6,REQUEST(VOTE Agent[15])
2,talk,74,5,7,Over
2,talk,75,5,15,ESTIMATE Agent[06] WEREWOLF
2,talk,76,5,12,Over
2,talk,77,5,10,Over
2,talk,78,6,15,REQUEST(Agent[10] DIVINATION Agent[06])
2,talk,79,6,12,Over
2,talk,80,6,6,Skip
2,talk,81,6,1,Over
2,talk,82,6,8,Over
2,talk,83,6,14,Over
2,talk,84,6,11,Over
2,talk,85,6,3,Over
2,talk,86,6,10,Over
2,talk,87,6,13,Over
2,talk,88,6,5,Over
2,talk,89,6,7,Over
2,talk,90,6,2,Over
2,talk,91,7,14,Over
2,talk,92,7,1,Over
2,talk,93,7,2,Over
2,talk,94,7,6,Skip
2,talk,95,7,7,Over
2,talk,96,7,8,Over
2,talk,97,7,5,Over
2,talk,98,7,3,Over
2,talk,99,7,15,VOTE Agent[06]
2,talk,100,7,11,Over
2,talk,101,7,13,Over
2,talk,102,7,10,Over
2,talk,103,7,12,Over
2,talk,104,8,2,Over
2,talk,105,8,3,Over
2,talk,106,8,10,Over
2,talk,107,8,1,VOTE Agent[06]
2,talk,108,8,6,Over
2,talk,109,8,15,Skip
2,talk,110,8,12,Over
2,talk,111,8,7,Over
2,talk,112,8,14,Over
2,talk,113,8,8,Over
2,talk,114,8,11,Over
2,talk,115,8,13,Over
2,talk,116,8,5,Over
2,talk,117,9,2,Over
2,talk,118,9,10,Over
2,talk,119,9,13,Over
2,talk,120,9,7,Over
2,talk,121,9,3,Over
2,talk,122,9,5,Over
2,talk,123,9,11,Over
2,talk,124,9,14,Over
2,talk,125,9,1,Over
2,talk,126,9,6,Over
2,talk,127,9,15,Skip
2,talk,128,9,12,Over
2,talk,129,9,8,Over
2,talk,130,10,12,Over
2,talk,131,10,11,Over
2,talk,132,10,8,Over
2,talk,133,10,14,Over
2,talk,134,10,2,Over
2,talk,135,10,6,Over
2,talk,136,10,13,Over
2,talk,137,10,5,Over
2,talk,138,10,10,Over
2,talk,139,10,7,Over
2,talk,140,10,1,Over
2,talk,141,10,15,Over
2,talk,142,10,3,Over
2,vote,1,6
2,vote,2,14
2,vote,3,10
2,vote,5,3
2,vote,6,15
2,vote,7,8
2,vote,8,3
2,vote,10,13
2,vote,11,12
2,vote,12,3
2,vote,13,10
2,vote,14,3
2,vote,15,6
2,execute,3,VILLAGER
2,divine,10,13,WEREWOLF
2,whisper,0,0,13,ATTACK Agent[15]
2,whisper,1,0,6,ATTACK Agent[15]
2,whisper,2,0,1,ATTACK Agent[10]
2,whisper,3,1,13,REQUEST(ATTACK Agent[15])
2,whisper,4,1,1,Over
2,whisper,5,1,6,REQUEST(ATTACK Agent[15])
2,whisper,6,2,6,IDENTIFIED Agent[03] WEREWOLF
2,whisper,7,2,13,DIVINED Agent[07] HUMAN
2,whisper,8,2,1,Over
2,whisper,9,3,1,Over
2,whisper,10,3,13,Skip
2,whisper,11,3,6,Skip
2,whisper,12,4,1,Over
2,whisper,13,4,6,Skip
2,whisper,14,4,13,Skip
2,whisper,15,5,1,Over
2,whisper,16,5,6,Over
2,whisper,17,5,13,Over
2,guard,5,10,SEER
2,attackVote,1,10
2,attackVote,6,15
2,attackVote,13,15
2,attack,15,true
3,status,1,WEREWOLF,ALIVE,wolf1
3,status,2,VILLAGER,ALIVE,SampleRoleAssignPlayer
3,status,3,VILLAGER,DEAD,SampleRoleAssignPlayer
3,status,4,VILLAGER,DEAD,SampleRoleAssignPlayer
3,status,5,BODYGUARD,ALIVE,SampleRoleAssignPlayer
3,status,6,WEREWOLF,ALIVE,SampleRoleAssignPlayer
3,status,7,VILLAGER,ALIVE,SampleRoleAssignPlayer
3,status,8,VILLAGER,ALIVE,SampleRoleAssignPlayer
3,status,9,POSSESSED,DEAD,SampleRoleAssignPlayer
3,status,10,SEER,ALIVE,SampleRoleAssignPlayer
3,status,11,VILLAGER,ALIVE,SampleRoleAssignPlayer
3,status,12,VILLAGER,ALIVE,SampleRoleAssignPlayer
3,status,13,WEREWOLF,ALIVE,SampleRoleAssignPlayer
3,status,14,VILLAGER,ALIVE,SampleRoleAssignPlayer
3,status,15,MEDIUM,DEAD,SampleRoleAssignPlayer
3,talk,0,0,13,DIVINED Agent[07] HUMAN
3,talk,1,0,10,DIVINED Agent[13] WEREWOLF
3,talk,2,0,12,VOTE Agent[06]
3,talk,3,0,6,IDENTIFIED Agent[03] WEREWOLF
3,talk,4,0,8,VOTE Agent[10]
3,talk,5,0,14,VOTE Agent[07]
3,talk,6,0,5,VOTE Agent[10]
3,talk,7,0,7,VOTE Agent[12]
3,talk,8,0,11,VOTE Agent[06]
3,talk,9,0,1,VOTE Agent[06]
3,talk,10,0,2,VOTE Agent[01]
3,talk,11,1,7,DISAGREE TALK day2 ID:1
3,talk,12,1,11,DISAGREE TALK day2 ID:1
3,talk,13,1,8,DISAGREE TALK day2 ID:1
3,talk,14,1,2,DISAGREE TALK day2 ID:1
3,talk,15,1,14,DISAGREE TALK day2 ID:1
3,talk,16,1,13,VOTE Agent[10]
3,talk,17,1,12,DISAGREE TALK day2 ID:1
3,talk,18,1,1,ESTIMATE Agent[02] WEREWOLF
3,talk,19,1,6,VOTE Agent[11]
3,talk,20,1,5,DISAGREE TALK day2 ID:1
3,talk,21,1,10,REQUEST(VOTE Agent[13])
3,talk,22,2,10,VOTE Agent[13]
3,talk,23,2,5,DISAGREE TALK day2 ID:5
3,talk,24,2,2,DISAGREE TALK day2 ID:5
3,talk,25,2,13,REQUEST(VOTE Agent[10])
3,talk,26,2,12,DISAGREE TALK day2 ID:5
3,talk,27,2,11,DISAGREE TALK day2 ID:5
3,talk,28,2,1,ESTIMATE Agent[06] WEREWOLF
3,talk,29,2,14,DISAGREE TALK day2 ID:5
3,talk,30,2,6,REQUEST(VOTE Agent[11])
3,talk,31,2,7,DISAGREE TALK day2 ID:5
3,talk,32,2,8,DISAGREE TALK day2 ID:5
3,talk,33,3,8,DISAGREE TALK day2 ID:11
3,talk,34,3,10,Skip
3,talk,35,3,1,ESTIMATE Agent[10] WEREWOLF
3,talk,36,3,14,DISAGREE TALK day2 ID:11
3,talk,37,3,13,Skip
3,talk,38,3,7,DISAGREE TALK day2 ID:11
3,talk,39,3,12,DISAGREE TALK day2 ID:11
3,talk,40,3,6,Skip
3,talk,41,3,5,DISAGREE TALK day2 ID:11
3,talk,42,3,11,DISAGREE TALK day2 ID:11
3,talk,43,3,2,DISAGREE TALK day2 ID:11
3,talk,44,4,13,Skip
3,talk,45,4,5,AGREE TALK day2 ID:13
3,talk,46,4,6,Skip
3,talk,47,4,12,AGREE TALK day2 ID:13
3,talk,48,4,1,VOTE Agent[10]
3,talk,49,4,14,AGREE TALK day2 ID:13
3,talk,50,4,8,AGREE TALK day2 ID:13
3,talk,51,4,7,AGREE TALK day2 ID:13
3,talk,52,4,2,AGREE TALK day2 ID:13
3,talk,53,4,11,AGREE TALK day2 ID:13
3,talk,54,4,10,Skip
3,talk,55,5,14,ESTIMATE Agent[13] WEREWOLF
3,talk,56,5,13,Over
3,talk,57,5,1,VOTE Agent[06]
3,talk,58,5,5,ESTIMATE Agent[13] WEREWOLF
3,talk,59,5,10,Over
3,talk,60,5,2,ESTIMATE Agent[13] WEREWOLF
3,talk,61,5,8,ESTIMATE Agent[13] WEREWOLF
3,talk,62,5,11,ESTIMATE Agent[13] WEREWOLF
3,talk,63,5,7,ESTIMATE Agent[13] WEREWOLF
3,talk,64,5,12,ESTIMATE Agent[13] WEREWOLF
3,talk,65,5,6,Over
3,talk,66,6,6,Over
3,talk,67,6,7,REQUEST(Agent[10] DIVINATION Agent[13])
3,talk,68,6,12,REQUEST(Agent[13] DIVINATION Agent[13])
3,talk,69,6,11,REQUEST(Agent[10] DIVINATION Agent[13])
3,talk,70,6,1,Over
3,talk,71,6,2,REQUEST(Agent[10] DIVINATION Agent[13])
3,talk,72,6,10,Over
3,talk,73,6,13,Over
3,talk,74,6,14,REQUEST(Agent[10] DIVINATION Agent[13])
3,talk,75,6,5,REQUEST(Agent[10] DIVINATION Agent[13])
3,talk,76,6,8,REQUEST(Agent[13] DIVINATION Agent[13])
3,talk,77,7,2,VOTE Agent[13]
3,talk,78,7,7,VOTE Agent[13]
3,talk,79,7,10,Over
3,talk,80,7,12,VOTE Agent[13]
3,talk,81,7,13,Over
3,talk,82,7,8,VOTE Agent[13]
3,talk,83,7,1,Over
3,talk,84,7,14,VOTE Agent[13]
3,talk,85,7,6,Over
3,talk,86,7,11,VOTE Agent[13]
3,talk,87,7,5,VOTE Agent[13]
3,talk,88,8,14,Skip
3,talk,89,8,11,Skip
3,talk,90,8,10,Over
3,talk,91,8,13,Over
3,talk,92,8,7,Skip
3,talk,93,8,2,Skip
3,talk,94,8,12,Skip
3,talk,95,8,5,Skip
3,talk,96,8,1,Over
3,talk,97,8,8,Skip
3,talk,98,8,6,Over
3,talk,99,9,7,Skip
3,talk,100,9,10,Over
3,talk,101,9,11,Skip
3,talk,102,9,8,Skip
3,talk,103,9,12,Skip
3,talk,104,9,2,Skip
3,talk,105,9,14,Skip
3,talk,106,9,1,Over
3,talk,107,9,5,Skip
3,talk,108,9,6,Over
3,talk,109,9,13,Over
3,talk,110,10,11,Over
3,talk,111,10,6,Over
3,talk,112,10,7,Over
3,talk,113,10,13,Over
3,talk,114,10,12,Over
3,talk,115,10,2,Over
3,talk,116,10,14,Over
3,talk,117,10,10,Over
3,talk,118,10,8,Over
3,talk,119,10,1,Over
3,talk,120,10,5,Over
3,vote,1,6
3,vote,2,13
3,vote,5,13
3,vote,6,11
3,vote,7,13
3,vote,8,13
3,vote,10,13
3,vote,11,13
3,vote,12,13
3,vote,13,10
3,vote,14,13
3,execute,13,WEREWOLF
3,whisper,0,0,6,ATTACK Agent[10]
3,whisper,1,0,1,Over
3,whisper,2,1,6,REQUEST(ATTACK Agent[10])
3,whisper,3,1,1,Over
3,whisper,4,2,6,IDENTIFIED Agent[13] HUMAN
3,whisper,5,2,1,Over
3,whisper,6,3,1,Over
3,whisper,7,3,6,Skip
3,whisper,8,4,1,Over
3,whisper,9,4,6,Skip
3,whisper,10,5,1,Over
3,whisper,11,5,6,Over
3,guard,5,10,SEER
3,attackVote,1,10
3,attackVote,6,10
3,attack,10,false
4,status,1,WEREWOLF,ALIVE,wolf1
4,status,2,VILLAGER,ALIVE,SampleRoleAssignPlayer
4,status,3,VILLAGER,DEAD,SampleRoleAssignPlayer
4,status,4,VILLAGER,DEAD,SampleRoleAssignPlayer
4,status,5,BODYGUARD,ALIVE,SampleRoleAssignPlayer
4,status,6,WEREWOLF,ALIVE,SampleRoleAssignPlayer
4,status,7,VILLAGER,ALIVE,SampleRoleAssignPlayer
4,status,8,VILLAGER,ALIVE,SampleRoleAssignPlayer
4,status,9,POSSESSED,DEAD,SampleRoleAssignPlayer
4,status,10,SEER,ALIVE,SampleRoleAssignPlayer
4,status,11,VILLAGER,ALIVE,SampleRoleAssignPlayer
4,status,12,VILLAGER,ALIVE,SampleRoleAssignPlayer
4,status,13,WEREWOLF,DEAD,SampleRoleAssignPlayer
4,status,14,VILLAGER,ALIVE,SampleRoleAssignPlayer
4,status,15,MEDIUM,DEAD,SampleRoleAssignPlayer
4,talk,0,0,7,VOTE Agent[01]
4,talk,1,0,10,VOTE Agent[05]
4,talk,2,0,1,VOTE Agent[06]
4,talk,3,0,2,VOTE Agent[07]
4,talk,4,0,8,AGREE TALK day1 ID:31
4,talk,5,0,5,VOTE Agent[02]
4,talk,6,0,6,IDENTIFIED Agent[13] HUMAN
4,talk,7,0,14,VOTE Agent[07]
4,talk,8,0,12,AGREE TALK day1 ID:31
4,talk,9,0,11,VOTE Agent[07]
4,talk,10,1,6,VOTE Agent[12]
4,talk,11,1,12,AGREE TALK day1 ID:32
4,talk,12,1,10,AGREE TALK day2 ID:60
4,talk,13,1,8,AGREE TALK day1 ID:32
4,talk,14,1,1,ESTIMATE Agent[03] WEREWOLF
4,talk,15,1,11,Skip
4,talk,16,1,2,Skip
4,talk,17,1,5,Skip
4,talk,18,1,14,Skip
4,talk,19,1,7,Skip
4,talk,20,2,6,REQUEST(VOTE Agent[12])
4,talk,21,2,10,AGREE TALK day2 ID:75
4,talk,22,2,7,Skip
4,talk,23,2,5,Skip
4,talk,24,2,8,AGREE TALK day1 ID:35
4,talk,25,2,1,ESTIMATE Agent[06] WEREWOLF
4,talk,26,2,12,AGREE TALK day1 ID:35
4,talk,27,2,14,Skip
4,talk,28,2,2,Skip
4,talk,29,2,11,Skip
4,talk,30,3,7,Over
4,talk,31,3,10,AGREE TALK day3 ID:28
4,talk,32,3,1,ESTIMATE Agent[13] WEREWOLF
4,talk,33,3,12,AGREE TALK day1 ID:36
4,talk,34,3,6,Skip
4,talk,35,3,8,AGREE TALK day1 ID:36
4,talk,36,3,2,Over
4,talk,37,3,5,Over
4,talk,38,3,14,Over
4,talk,39,3,11,Over
4,talk,40,4,8,AGREE TALK day1 ID:38
4,talk,41,4,2,Over
4,talk,42,4,12,AGREE TALK day1 ID:38
4,talk,43,4,14,Over
4,talk,44,4,5,Over
4,talk,45,4,11,Over
4,talk,46,4,7,Over
4,talk,47,4,10,ESTIMATE Agent[06] WEREWOLF
4,talk,48,4,1,VOTE Agent[10]
4,talk,49,4,6,Skip
4,talk,50,5,11,Over
4,talk,51,5,8,AGREE TALK day1 ID:40
4,talk,52,5,7,Over
4,talk,53,5,14,Over
4,talk,54,5,5,Over
4,talk,55,5,12,AGREE TALK day1 ID:40
4,talk,56,5,2,Over
4,talk,57,5,1,ESTIMATE Agent[11] VILLAGER
4,talk,58,5,10,VOTE Agent[06]
4,talk,59,5,6,Over
4,talk,60,6,6,Over
4,talk,61,6,11,Over
4,talk,62,6,5,Over
4,talk,63,6,1,ESTIMATE Agent[12] VILLAGER
4,talk,64,6,12,AGREE TALK day1 ID:44
4,talk,65,6,8,AGREE TALK day1 ID:44
4,talk,66,6,10,Skip
4,talk,67,6,14,Over
4,talk,68,6,7,Over
4,talk,69,6,2,Over
4,talk,70,7,8,DISAGREE TALK day1 ID:59
4,talk,71,7,1,Over
4,talk,72,7,7,Over
4,talk,73,7,2,Over
4,talk,74,7,11,Over
4,talk,75,7,5,Over
4,talk,76,7,6,Over
4,talk,77,7,10,Skip
4,talk,78,7,14,Over
4,talk,79,7,12,DISAGREE TALK day1 ID:59
4,talk,80,8,6,Over
4,talk,81,8,2,Over
4,talk,82,8,14,Over
4,talk,83,8,7,Over
4,talk,84,8,10,Over
4,talk,85,8,8,DISAGREE TALK day2 ID:30
4,talk,86,8,11,Over
4,talk,87,8,5,Over
4,talk,88,8,12,DISAGREE TALK day2 ID:30
4,talk,89,8,1,Over
4,talk,90,9,12,DISAGREE TALK day3 ID:35
4,talk,91,9,2,Over
4,talk,92,9,8,DISAGREE TALK day3 ID:35
4,talk,93,9,1,Over
4,talk,94,9,5,Over
4,talk,95,9,10,Over
4,talk,96,9,14,Over
4,talk,97,9,6,Over
4,talk,98,9,7,Over
4,talk,99,9,11,Over
4,talk,100,10,14,Over
4,talk,101,10,6,Over
4,talk,102,10,10,Over
4,talk,103,10,11,Over
4,talk,104,10,8,Over
4,talk,105,10,2,Over
4,talk,106,10,7,Over
4,talk,107,10,12,Over
4,talk,108,10,5,Over
4,talk,109,10,1,Over
4,vote,1,10
4,vote,2,7
4,vote,5,2
4,vote,6,12
4,vote,7,1
4,vote,8,5
4,vote,10,6
4,vote,11,7
4,vote,12,8
4,vote,14,7
4,execute,7,VILLAGER
4,divine,10,6,WEREWOLF
4,whisper,0,0,6,ATTACK Agent[10]
4,whisper,1,0,1,ATTACK Agent[12]
4,whisper,2,1,1,Over
4,whisper,3,1,6,REQUEST(ATTACK Agent[10])
4,whisper,4,2,1,Over
4,whisper,5,2,6,IDENTIFIED Agent[07] WEREWOLF
4,whisper,6,3,6,Skip
4,whisper,7,3,1,Over
4,whisper,8,4,1,Over
4,whisper,9,4,6,Skip
4,whisper,10,5,6,Over
4,whisper,11,5,1,Over
4,guard,5,10,SEER
4,attackVote,1,12
4,attackVote,6,10
4,attackVote,1,12
4,attackVote,6,10
4,attack,10,false
5,status,1,WEREWOLF,ALIVE,wolf1
5,status,2,VILLAGER,ALIVE,SampleRoleAssignPlayer
5,status,3,VILLAGER,DEAD,SampleRoleAssignPlayer
5,status,4,VILLAGER,DEAD,SampleRoleAssignPlayer
5,status,5,BODYGUARD,ALIVE,SampleRoleAssignPlayer
5,status,6,WEREWOLF,ALIVE,SampleRoleAssignPlayer
5,status,7,VILLAGER,DEAD,SampleRoleAssignPlayer
5,status,8,VILLAGER,ALIVE,SampleRoleAssignPlayer
5,status,9,POSSESSED,DEAD,SampleRoleAssignPlayer
5,status,10,SEER,ALIVE,SampleRoleAssignPlayer
5,status,11,VILLAGER,ALIVE,SampleRoleAssignPlayer
5,status,12,VILLAGER,ALIVE,SampleRoleAssignPlayer
5,status,13,WEREWOLF,DEAD,SampleRoleAssignPlayer
5,status,14,VILLAGER,ALIVE,SampleRoleAssignPlayer
5,status,15,MEDIUM,DEAD,SampleRoleAssignPlayer
5,talk,0,0,12,VOTE Agent[06]
5,talk,1,0,1,VOTE Agent[06]
5,talk,2,0,11,VOTE Agent[08]
5,talk,3,0,5,VOTE Agent[11]
5,talk,4,0,10,DIVINED Agent[06] WEREWOLF
5,talk,5,0,14,VOTE Agent[05]
5,talk,6,0,6,IDENTIFIED Agent[07] WEREWOLF
5,talk,7,0,8,VOTE Agent[02]
5,talk,8,0,2,VOTE Agent[05]
5,talk,9,1,6,VOTE Agent[11]
5,talk,10,1,2,AGREE TALK day2 ID:60
5,talk,11,1,10,REQUEST(VOTE Agent[06])
5,talk,12,1,11,AGREE TALK day2 ID:60
5,talk,13,1,1,ESTIMATE Agent[03] WEREWOLF
5,talk,14,1,8,AGREE TALK day2 ID:60
5,talk,15,1,14,AGREE TALK day2 ID:60
5,talk,16,1,12,Skip
5,talk,17,1,5,AGREE TALK day2 ID:60
5,talk,18,2,12,Skip
5,talk,19,2,2,AGREE TALK day2 ID:75
5,talk,20,2,10,VOTE Agent[06]
5,talk,21,2,8,AGREE TALK day2 ID:75
5,talk,22,2,14,AGREE TALK day2 ID:75
5,talk,23,2,5,AGREE TALK day2 ID:75
5,talk,24,2,1,ESTIMATE Agent[06] WEREWOLF
5,talk,25,2,11,AGREE TALK day2 ID:75
5,talk,26,2,6,REQUEST(VOTE Agent[11])
5,talk,27,3,2,AGREE TALK day3 ID:28
5,talk,28,3,6,Skip
5,talk,29,3,11,AGREE TALK day3 ID:28
5,talk,30,3,10,Skip
5,talk,31,3,8,AGREE TALK day3 ID:28
5,talk,32,3,14,AGREE TALK day3 ID:28
5,talk,33,3,5,AGREE TALK day3 ID:28
5,talk,34,3,12,Over
5,talk,35,3,1,ESTIMATE Agent[13] WEREWOLF
5,talk,36,4,10,Skip
5,talk,37,4,1,ESTIMATE Agent[11] VILLAGER
5,talk,38,4,8,AGREE TALK day4 ID:25
5,talk,39,4,5,AGREE TALK day4 ID:25
5,talk,40,4,11,AGREE TALK day4 ID:25
5,talk,41,4,2,AGREE TALK day4 ID:25
5,talk,42,4,12,Over
5,talk,43,4,14,AGREE TALK day4 ID:25
5,talk,44,4,6,Skip
5,talk,45,5,8,AGREE TALK day4 ID:47
5,talk,46,5,5,AGREE TALK day4 ID:47
5,talk,47,5,6,Over
5,talk,48,5,14,AGREE TALK day4 ID:47
5,talk,49,5,2,AGREE TALK day4 ID:47
5,talk,50,5,12,Over
5,talk,51,5,11,AGREE TALK day4 ID:47
5,talk,52,5,10,Over
5,talk,53,5,1,ESTIMATE Agent[12] VILLAGER
5,talk,54,6,14,ESTIMATE Agent[06] WEREWOLF
5,talk,55,6,12,Over
5,talk,56,6,10,Over
5,talk,57,6,2,ESTIMATE Agent[06] WEREWOLF
5,talk,58,6,5,ESTIMATE Agent[06] WEREWOLF
5,talk,59,6,6,Over
5,talk,60,6,8,ESTIMATE Agent[06] WEREWOLF
5,talk,61,6,1,Over
5,talk,62,6,11,ESTIMATE Agent[06] WEREWOLF
5,talk,63,7,1,Over
5,talk,64,7,12,Over
5,talk,65,7,11,REQUEST(Agent[10] DIVINATION Agent[06])
5,talk,66,7,2,REQUEST(Agent[10] DIVINATION Agent[06])
5,talk,67,7,5,REQUEST(Agent[10] DIVINATION Agent[06])
5,talk,68,7,8,REQUEST(Agent[10] DIVINATION Agent[06])
5,talk,69,7,6,Over
5,talk,70,7,14,REQUEST(Agent[10] DIVINATION Agent[06])
5,talk,71,7,10,Over
5,talk,72,8,1,Over
5,talk,73,8,12,Over
5,talk,74,8,8,VOTE Agent[06]
5,talk,75,8,6,Over
5,talk,76,8,2,VOTE Agent[06]
5,talk,77,8,10,Over
5,talk,78,8,11,VOTE Agent[06]
5,talk,79,8,5,VOTE Agent[06]
5,talk,80,8,14,VOTE Agent[06]
5,talk,81,9,8,Skip
5,talk,82,9,1,Over
5,talk,83,9,6,Over
5,talk,84,9,10,Over
5,talk,85,9,2,Skip
5,talk,86,9,11,Skip
5,talk,87,9,12,Over
5,talk,88,9,5,Skip
5,talk,89,9,14,Skip
5,talk,90,10,10,Over
5,talk,91,10,1,Over
5,talk,92,10,14,Skip
5,talk,93,10,11,Skip
5,talk,94,10,6,Over
5,talk,95,10,12,Over
5,talk,96,10,8,Skip
5,talk,97,10,2,Skip
5,talk,98,10,5,Skip
5,talk,99,11,6,Over
5,talk,100,11,5,Over
5,talk,101,11,2,Over
5,talk,102,11,8,Over
5,talk,103,11,11,Over
5,talk,104,11,12,Over
5,talk,105,11,10,Over
5,talk,106,11,14,Over
5,talk,107,11,1,Over
5,vote,1,6
5,vote,2,6
5,vote,5,6
5,vote,6,11
5,vote,8,6
5,vote,10,6
5,vote,11,6
5,vote,12,6
5,vote,14,6
5,execute,6,WEREWOLF
5,guard,5,10,SEER
6,status,1,WEREWOLF,ALIVE,wolf1
6,status,2,VILLAGER,ALIVE,SampleRoleAssignPlayer
6,status,3,VILLAGER,DEAD,SampleRoleAssignPlayer
6,status,4,VILLAGER,DEAD,SampleRoleAssignPlayer
6,status,5,BODYGUARD,ALIVE,SampleRoleAssignPlayer
6,status,6,WEREWOLF,DEAD,SampleRoleAssignPlayer
6,status,7,VILLAGER,DEAD,SampleRoleAssignPlayer
6,status,8,VILLAGER,ALIVE,SampleRoleAssignPlayer
6,status,9,POSSESSED,DEAD,SampleRoleAssignPlayer
6,status,10,SEER,ALIVE,SampleRoleAssignPlayer
6,status,11,VILLAGER,ALIVE,SampleRoleAssignPlayer
6,status,12,VILLAGER,ALIVE,SampleRoleAssignPlayer
6,status,13,WEREWOLF,DEAD,SampleRoleAssignPlayer
6,status,14,VILLAGER,ALIVE,SampleRoleAssignPlayer
6,status,15,MEDIUM,DEAD,SampleRoleAssignPlayer
6,talk,0,0,8,VOTE Agent[12]
6,talk,1,0,5,VOTE Agent[08]
6,talk,2,0,1,VOTE Agent[02]
6,talk,3,0,2,VOTE Agent[11]
6,talk,4,0,11,VOTE Agent[08]
6,talk,5,0,10,VOTE Agent[01]
6,talk,6,0,12,VOTE Agent[11]
6,talk,7,0,14,VOTE Agent[08]
6,talk,8,1,5,Skip
6,talk,9,1,2,Skip
6,talk,10,1,11,Skip
6,talk,11,1,10,Skip
6,talk,12,1,1,ESTIMATE Agent[02] WEREWOLF
6,talk,13,1,8,Skip
6,talk,14,1,14,Skip
6,talk,15,1,12,Skip
6,talk,16,2,10,Skip
6,talk,17,2,14,Skip
6,talk,18,2,1,ESTIMATE Agent[06] WEREWOLF
6,talk,19,2,2,Skip
6,talk,20,2,12,Skip
6,talk,21,2,8,Skip
6,talk,22,2,11,Skip
6,talk,23,2,5,Skip
6,talk,24,3,2,Over
6,talk,25,3,12,Over
6,talk,26,3,10,Over
6,talk,27,3,14,Over
6,talk,28,3,11,Over
6,talk,29,3,1,ESTIMATE Agent[13] WEREWOLF
6,talk,30,3,5,Over
6,talk,31,3,8,Over
6,talk,32,4,11,Over
6,talk,33,4,2,Over
6,talk,34,4,5,Over
6,talk,35,4,14,Over
6,talk,36,4,10,Over
6,talk,37,4,8,Over
6,talk,38,4,1,VOTE Agent[08]
6,talk,39,4,12,Over
6,talk,40,5,10,Over
6,talk,41,5,1,ESTIMATE Agent[11] VILLAGER
6,talk,42,5,8,Over
6,talk,43,5,14,Over
6,talk,44,5,5,Over
6,talk,45,5,12,Over
6,talk,46,5,11,Over
6,talk,47,5,2,Over
6,talk,48,6,5,Over
6,talk,49,6,14,Over
6,talk,50,6,10,Over
6,talk,51,6,12,Over
6,talk,52,6,2,Over
6,talk,53,6,8,Over
6,talk,54,6,1,Over
6,talk,55,6,11,Over
6,vote,1,8
6,vote,2,11
6,vote,5,8
6,vote,8,12
6,vote,10,1
6,vote,11,8
6,vote,12,11
6,vote,14,8
6,execute,8,VILLAGER
6,divine,10,11,HUMAN
6,guard,5,10,SEER
6,attackVote,1,10
6,attack,10,false
7,status,1,WEREWOLF,ALIVE,wolf1
7,status,2,VILLAGER,ALIVE,SampleRoleAssignPlayer
7,status,3,VILLAGER,DEAD,SampleRoleAssignPlayer
7,status,4,VILLAGER,DEAD,SampleRoleAssignPlayer
7,status,5,BODYGUARD,ALIVE,SampleRoleAssignPlayer
7,status,6,WEREWOLF,DEAD,SampleRoleAssignPlayer
7,status,7,VILLAGER,DEAD,SampleRoleAssignPlayer
7,status,8,VILLAGER,DEAD,SampleRoleAssignPlayer
7,status,9,POSSESSED,DEAD,SampleRoleAssignPlayer
7,status,10,SEER,ALIVE,SampleRoleAssignPlayer
7,status,11,VILLAGER,ALIVE,SampleRoleAssignPlayer
7,status,12,VILLAGER,ALIVE,SampleRoleAssignPlayer
7,status,13,WEREWOLF,DEAD,SampleRoleAssignPlayer
7,status,14,VILLAGER,ALIVE,SampleRoleAssignPlayer
7,status,15,MEDIUM,DEAD,SampleRoleAssignPlayer
7,talk,0,0,1,VOTE Agent[02]
7,talk,1,0,5,VOTE Agent[11]
7,talk,2,0,2,VOTE Agent[01]
7,talk,3,0,10,DIVINED Agent[11] HUMAN
7,talk,4,0,14,VOTE Agent[02]
7,talk,5,0,11,VOTE Agent[10]
7,talk,6,0,12,VOTE Agent[11]
7,talk,7,1,10,VOTE Agent[01]
7,talk,8,1,5,Skip
7,talk,9,1,12,Skip
7,talk,10,1,2,Skip
7,talk,11,1,14,Skip
7,talk,12,1,1,ESTIMATE Agent[02] WEREWOLF
7,talk,13,1,11,Skip
7,talk,14,2,1,ESTIMATE Agent[06] WEREWOLF
7,talk,15,2,10,Skip
7,talk,16,2,12,Skip
7,talk,17,2,5,Skip
7,talk,18,2,11,Skip
7,talk,19,2,2,Skip
7,talk,20,2,14,Skip
7,talk,21,3,10,Skip
7,talk,22,3,2,Over
7,talk,23,3,1,ESTIMATE Agent[13] WEREWOLF
7,talk,24,3,5,Over
7,talk,25,3,14,Over
7,talk,26,3,12,Over
7,talk,27,3,11,Over
7,talk,28,4,1,VOTE Agent[10]
7,talk,29,4,12,Over
7,talk,30,4,2,Over
7,talk,31,4,14,Over
7,talk,32,4,5,Over
7,talk,33,4,10,Over
7,talk,34,4,11,Over
7,talk,35,5,10,Over
7,talk,36,5,14,Over
7,talk,37,5,11,Over
7,talk,38,5,5,Over
7,talk,39,5,12,Over
7,talk,40,5,1,ESTIMATE Agent[11] VILLAGER
7,talk,41,5,2,Over
7,talk,42,6,2,Over
7,talk,43,6,14,Over
7,talk,44,6,12,Over
7,talk,45,6,11,Over
7,talk,46,6,5,Over
7,talk,47,6,1,ESTIMATE Agent[12] VILLAGER
7,talk,48,6,10,Over
7,talk,49,7,10,Over
7,talk,50,7,5,Over
7,talk,51,7,11,Over
7,talk,52,7,2,Over
7,talk,53,7,12,Over
7,talk,54,7,14,Over
7,talk,55,7,1,Over
7,vote,1,10
7,vote,2,1
7,vote,5,11
7,vote,10,1
7,vote,11,10
7,vote,12,11
7,vote,14,2
7,vote,1,10
7,vote,2,1
7,vote,5,11
7,vote,10,1
7,vote,11,10
7,vote,12,11
7,vote,14,11
7,execute,11,VILLAGER
7,divine,10,5,HUMAN
7,guard,5,10,SEER
7,attackVote,1,10
7,attack,10,false
8,status,1,WEREWOLF,ALIVE,wolf1
8,status,2,VILLAGER,ALIVE,SampleRoleAssignPlayer
8,status,3,VILLAGER,DEAD,SampleRoleAssignPlayer
8,status,4,VILLAGER,DEAD,SampleRoleAssignPlayer
8,status,5,BODYGUARD,ALIVE,SampleRoleAssignPlayer
8,status,6,WEREWOLF,DEAD,SampleRoleAssignPlayer
8,status,7,VILLAGER,DEAD,SampleRoleAssignPlayer
8,status,8,VILLAGER,DEAD,SampleRoleAssignPlayer
8,status,9,POSSESSED,DEAD,SampleRoleAssignPlayer
8,status,10,SEER,ALIVE,SampleRoleAssignPlayer
8,status,11,VILLAGER,DEAD,SampleRoleAssignPlayer
8,status,12,VILLAGER,ALIVE,SampleRoleAssignPlayer
8,status,13,WEREWOLF,DEAD,SampleRoleAssignPlayer
8,status,14,VILLAGER,ALIVE,SampleRoleAssignPlayer
8,status,15,MEDIUM,DEAD,SampleRoleAssignPlayer
8,talk,0,0,5,VOTE Agent[14]
8,talk,1,0,10,DIVINED Agent[05] HUMAN
8,talk,2,0,12,VOTE Agent[05]
8,talk,3,0,2,VOTE Agent[14]
8,talk,4,0,1,VOTE Agent[02]
8,talk,5,0,14,VOTE Agent[10]
8,talk,6,1,14,Skip
8,talk,7,1,2,Skip
8,talk,8,1,10,VOTE Agent[02]
8,talk,9,1,5,Skip
8,talk,10,1,12,Skip
8,talk,11,1,1,ESTIMATE Agent[06] WEREWOLF
8,talk,12,2,5,Skip
8,talk,13,2,14,Skip
8,talk,14,2,1,ESTIMATE Agent[13] WEREWOLF
8,talk,15,2,2,Skip
8,talk,16,2,12,Skip
8,talk,17,2,10,Skip
8,talk,18,3,14,Over
8,talk,19,3,1,ESTIMATE Agent[14] WEREWOLF
8,talk,20,3,12,Over
8,talk,21,3,2,Over
8,talk,22,3,5,Over
8,talk,23,3,10,Skip
8,talk,24,4,12,Over
8,talk,25,4,2,Over
8,talk,26,4,10,Over
8,talk,27,4,14,Over
8,talk,28,4,5,Over
8,talk,29,4,1,VOTE Agent[10]
8,talk,30,5,2,Over
8,talk,31,5,10,Over
8,talk,32,5,1,ESTIMATE Agent[12] VILLAGER
8,talk,33,5,12,Over
8,talk,34,5,5,Over
8,talk,35,5,14,Over
8,talk,36,6,14,Over
8,talk,37,6,12,Over
8,talk,38,6,5,Over
8,talk,39,6,2,Over
8,talk,40,6,10,Over
8,talk,41,6,1,Over
8,vote,1,10
8,vote,2,14
8,vote,5,14
8,vote,10,2
8,vote,12,5
8,vote,14,10
8,vote,1,10
8,vote,2,14
8,vote,5,14
8,vote,10,14
8,vote,12,10
8,vote,14,10
8,execute,10,SEER
8,guard,5,10,SEER
8,attackVote,1,14
8,attack,14,true
9,status,1,WEREWOLF,ALIVE,wolf1
9,status,2,VILLAGER,ALIVE,SampleRoleAssignPlayer
9,status,3,VILLAGER,DEAD,SampleRoleAssignPlayer
9,status,4,VILLAGER,DEAD,SampleRoleAssignPlayer
9,status,5,BODYGUARD,ALIVE,SampleRoleAssignPlayer
9,status,6,WEREWOLF,DEAD,SampleRoleAssignPlayer
9,status,7,VILLAGER,DEAD,SampleRoleAssignPlayer
9,status,8,VILLAGER,DEAD,SampleRoleAssignPlayer
9,status,9,POSSESSED,DEAD,SampleRoleAssignPlayer
9,status,10,SEER,DEAD,SampleRoleAssignPlayer
9,status,11,VILLAGER,DEAD,SampleRoleAssignPlayer
9,status,12,VILLAGER,ALIVE,SampleRoleAssignPlayer
9,status,13,WEREWOLF,DEAD,SampleRoleAssignPlayer
9,status,14,VILLAGER,DEAD,SampleRoleAssignPlayer
9,status,15,MEDIUM,DEAD,SampleRoleAssignPlayer
9,talk,0,0,1,ESTIMATE Agent[02] WEREWOLF
9,talk,1,0,12,VOTE Agent[05]
9,talk,2,0,5,VOTE Agent[12]
9,talk,3,0,2,VOTE Agent[05]
9,talk,4,1,2,Skip
9,talk,5,1,12,Skip
9,talk,6,1,1,ESTIMATE Agent[06] WEREWOLF
9,talk,7,1,5,Skip
9,talk,8,2,5,Skip
9,talk,9,2,12,Skip
9,talk,10,2,2,Skip
9,talk,11,2,1,ESTIMATE Agent[13] WEREWOLF
9,talk,12,3,12,Over
9,talk,13,3,5,Over
9,talk,14,3,2,Over
9,talk,15,3,1,ESTIMATE Agent[12] VILLAGER
9,talk,16,4,5,Over
9,talk,17,4,2,Over
9,talk,18,4,1,Over
9,talk,19,4,12,Over
9,vote,1,5
9,vote,2,5
9,vote,5,12
9,vote,12,5
9,execute,5,BODYGUARD
9,attackVote,1,12
9,attack,12,true
10,status,1,WEREWOLF,ALIVE,wolf1
10,status,2,VILLAGER,ALIVE,SampleRoleAssignPlayer
10,status,3,VILLAGER,DEAD,SampleRoleAssignPlayer
10,status,4,VILLAGER,DEAD,SampleRoleAssignPlayer
10,status,5,BODYGUARD,DEAD,SampleRoleAssignPlayer
10,status,6,WEREWOLF,DEAD,SampleRoleAssignPlayer
10,status,7,VILLAGER,DEAD,SampleRoleAssignPlayer
10,status,8,VILLAGER,DEAD,SampleRoleAssignPlayer
10,status,9,POSSESSED,DEAD,SampleRoleAssignPlayer
10,status,10,SEER,DEAD,SampleRoleAssignPlayer
10,status,11,VILLAGER,DEAD,SampleRoleAssignPlayer
10,status,12,VILLAGER,DEAD,SampleRoleAssignPlayer
10,status,13,WEREWOLF,DEAD,SampleRoleAssignPlayer
10,status,14,VILLAGER,DEAD,SampleRoleAssignPlayer
10,status,15,MEDIUM,DEAD,SampleRoleAssignPlayer
10,result,1,1,WEREWOLF
