0,status,1,VILLAGER,ALIVE,wolf1
0,status,2,SEER,ALIVE,SampleRoleAssignPlayer
0,status,3,VILLAGER,ALIVE,SampleRoleAssignPlayer
0,status,4,VILLAGER,ALIVE,SampleRoleAssignPlayer
0,status,5,MEDIUM,ALIVE,SampleRoleAssignPlayer
0,status,6,VILLAGER,ALIVE,SampleRoleAssignPlayer
0,status,7,WEREWOLF,ALIVE,SampleRoleAssignPlayer
0,status,8,VILLAGER,ALIVE,SampleRoleAssignPlayer
0,status,9,VILLAGER,ALIVE,SampleRoleAssignPlayer
0,status,10,WEREWOLF,ALIVE,SampleRoleAssignPlayer
0,status,11,VILLAGER,ALIVE,SampleRoleAssignPlayer
0,status,12,WEREWOLF,ALIVE,SampleRoleAssignPlayer
0,status,13,BODYGUARD,ALIVE,SampleRoleAssignPlayer
0,status,14,POSSESSED,ALIVE,SampleRoleAssignPlayer
0,status,15,VILLAGER,ALIVE,SampleRoleAssignPlayer
0,whisper,0,0,12,COMINGOUT Agent[12] VILLAGER
0,whisper,1,0,7,COMINGOUT Agent[07] MEDIUM
0,whisper,2,0,10,COMINGOUT Agent[10] MEDIUM
0,whisper,3,1,10,COMINGOUT Agent[10] VILLAGER
0,whisper,4,1,7,Skip
0,whisper,5,1,12,Skip
0,whisper,6,2,10,COMINGOUT Agent[10] SEER
0,whisper,7,2,12,COMINGOUT Agent[12] SEER
0,whisper,8,2,7,Skip
0,whisper,9,3,10,Skip
0,whisper,10,3,7,Over
0,whisper,11,3,12,Skip
0,whisper,12,4,7,Over
0,whisper,13,4,10,Skip
0,whisper,14,4,12,COMINGOUT Agent[12] VILLAGER
0,whisper,15,5,7,Over
0,whisper,16,5,12,Skip
0,whisper,17,5,10,DIVINED Agent[12] HUMAN
0,whisper,18,6,7,Over
0,whisper,19,6,12,Skip
0,whisper,20,6,10,Skip
0,whisper,21,7,10,Skip
0,whisper,22,7,7,Over
0,whisper,23,7,12,Over
0,whisper,24,8,12,Over
0,whisper,25,8,10,Over
0,whisper,26,8,7,Over
0,divine,2,11,HUMAN
1,status,1,VILLAGER,ALIVE,wolf1
1,status,2,SEER,ALIVE,SampleRoleAssignPlayer
1,status,3,VILLAGER,ALIVE,SampleRoleAssignPlayer
1,status,4,VILLAGER,ALIVE,SampleRoleAssignPlayer
1,status,5,MEDIUM,ALIVE,SampleRoleAssignPlayer
1,status,6,VILLAGER,ALIVE,SampleRoleAssignPlayer
1,status,7,WEREWOLF,ALIVE,SampleRoleAssignPlayer
1,status,8,VILLAGER,ALIVE,SampleRoleAssignPlayer
1,status,9,VILLAGER,ALIVE,SampleRoleAssignPlayer
1,status,10,WEREWOLF,ALIVE,SampleRoleAssignPlayer
1,status,11,VILLAGER,ALIVE,SampleRoleAssignPlayer
1,status,12,WEREWOLF,ALIVE,SampleRoleAssignPlayer
1,status,13,BODYGUARD,ALIVE,SampleRoleAssignPlayer
1,status,14,POSSESSED,ALIVE,SampleRoleAssignPlayer
1,status,15,VILLAGER,ALIVE,SampleRoleAssignPlayer
1,talk,0,0,9,VOTE Agent[11]
1,talk,1,0,8,VOTE Agent[14]
1,talk,2,0,5,COMINGOUT Agent[05] MEDIUM
1,talk,3,0,15,VOTE Agent[04]
1,talk,4,0,6,VOTE Agent[11]
1,talk,5,0,7,VOTE Agent[11]
1,talk,6,0,10,VOTE Agent[08]
1,talk,7,0,12,VOTE Agent[02]
1,talk,8,0,13,VOTE Agent[08]
1,talk,9,0,1,VOTE Agent[05]
1,talk,10,0,4,VOTE Agent[13]
1,talk,11,0,14,COMINGOUT Agent[14] SEER
1,talk,12,0,3,VOTE Agent[11]
1,talk,13,0,11,VOTE Agent[12]
1,talk,14,0,2,VOTE Agent[12]
1,talk,15,1,4,Skip
1,talk,16,1,1,ESTIMATE Agent[06] WEREWOLF
1,talk,17,1,11,Skip
1,talk,18,1,8,Skip
1,talk,19,1,15,Skip
1,talk,20,1,2,COMINGOUT Agent[02] SEER
1,talk,21,1,3,Skip
1,talk,22,1,14,DIVINED Agent[08] WEREWOLF
1,talk,23,1,6,Skip
1,talk,24,1,7,REQUEST(VOTE Agent[11])
1,talk,25,1,5,VOTE Agent[02]
1,talk,26,1,10,REQUEST(VOTE Agent[08])
1,talk,27,1,12,REQUEST(VOTE Agent[02])
1,talk,28,1,13,Skip
1,talk,29,1,9,Skip
1,talk,30,2,1,ESTIMATE Agent[10] WEREWOLF
1,talk,31,2,10,COMINGOUT Agent[10] SEER
1,talk,32,2,4,ESTIMATE Agent[14] SEER
1,talk,33,2,3,ESTIMATE Agent[14] SEER
1,talk,34,2,6,ESTIMATE Agent[14] SEER
1,talk,35,2,9,ESTIMATE Agent[14] SEER
1,talk,36,2,13,ESTIMATE Agent[14] SEER
1,talk,37,2,12,Skip
1,talk,38,2,2,DIVINED Agent[11] HUMAN
1,talk,39,2,14,VOTE Agent[08]
1,talk,40,2,11,ESTIMATE Agent[14] SEER
1,talk,41,2,5,ESTIMATE Agent[14] SEER
1,talk,42,2,7,COMINGOUT Agent[07] MEDIUM
1,talk,43,2,15,ESTIMATE Agent[14] SEER
1,talk,44,2,8,Skip
1,talk,45,3,3,ESTIMATE Agent[08] WEREWOLF
1,talk,46,3,12,Skip
1,talk,47,3,10,DIVINED Agent[12] HUMAN
1,talk,48,3,7,VOTE Agent[05]
1,talk,49,3,11,ESTIMATE Agent[08] WEREWOLF
1,talk,50,3,2,ESTIMATE Agent[14] WEREWOLF
1,talk,51,3,5,ESTIMATE Agent[08] WEREWOLF
1,talk,52,3,13,Skip
1,talk,53,3,1,ESTIMATE Agent[05] WEREWOLF
1,talk,54,3,6,ESTIMATE Agent[08] WEREWOLF
1,talk,55,3,9,ESTIMATE Agent[08] WEREWOLF
1,talk,56,3,14,REQUEST(VOTE Agent[08])
1,talk,57,3,4,ESTIMATE Agent[08] WEREWOLF
1,talk,58,3,8,ESTIMATE Agent[02] SEER
1,talk,59,3,15,ESTIMATE Agent[08] WEREWOLF
1,talk,60,4,6,REQUEST(Agent[14] DIVINATION Agent[08])
1,talk,61,4,4,REQUEST(Agent[14] DIVINATION Agent[08])
1,talk,62,4,9,REQUEST(Agent[14] DIVINATION Agent[08])
1,talk,63,4,13,Skip
1,talk,64,4,14,Skip
1,talk,65,4,7,REQUEST(VOTE Agent[05])
1,talk,66,4,15,REQUEST(Agent[14] DIVINATION Agent[08])
1,talk,67,4,8,Skip
1,talk,68,4,12,Over
1,talk,69,4,2,VOTE Agent[14]
1,talk,70,4,11,REQUEST(Agent[14] DIVINATION Agent[08])
1,talk,71,4,3,REQUEST(Agent[14] DIVINATION Agent[08])
1,talk,72,4,10,REQUEST(VOTE Agent[14])
1,talk,73,4,1,VOTE Agent[08]
1,talk,74,4,5,REQUEST(Agent[14] DIVINATION Agent[08])
1,talk,75,5,6,VOTE Agent[08]
1,talk,76,5,11,VOTE Agent[08]
1,talk,77,5,2,Skip
1,talk,78,5,7,Skip
1,talk,79,5,8,Skip
1,talk,80,5,9,VOTE Agent[08]
1,talk,81,5,5,VOTE Agent[08]
1,talk,82,5,15,VOTE Agent[08]
1,talk,83,5,4,VOTE Agent[08]
1,talk,84,5,1,ESTIMATE Agent[12] WEREWOLF
1,talk,85,5,14,Skip
1,talk,86,5,13,Over
1,talk,87,5,12,Over
1,talk,88,5,3,VOTE Agent[08]
1,talk,89,5,10,VOTE Agent[02]
1,talk,90,6,11,Skip
1,talk,91,6,12,Over
1,talk,92,6,3,Skip
1,talk,93,6,9,Skip
1,talk,94,6,10,REQUEST(VOTE Agent[02])
1,talk,95,6,15,Skip
1,talk,96,6,4,Skip
1,talk,97,6,6,Skip
1,talk,98,6,2,Skip
1,talk,99,6,5,Skip
1,talk,100,6,8,Over
1,talk,101,6,13,Over
1,talk,102,6,7,Skip
1,talk,103,6,14,Over
1,talk,104,6,1,Over
1,talk,105,7,14,Over
1,talk,106,7,1,Over
1,talk,107,7,12,Over
1,talk,108,7,4,Skip
1,talk,109,7,15,Skip
1,talk,110,7,3,Skip
1,talk,111,7,7,Over
1,talk,112,7,11,Skip
1,talk,113,7,13,Over
1,talk,114,7,10,Skip
1,talk,115,7,9,Skip
1,talk,116,7,2,Over
1,talk,117,7,5,Skip
1,talk,118,7,6,Skip
1,talk,119,7,8,Over
1,talk,120,8,8,Over
1,talk,121,8,14,Over
1,talk,122,8,2,Over
1,talk,123,8,5,Over
1,talk,124,8,6,Over
1,talk,125,8,11,Over
1,talk,126,8,13,Over
1,talk,127,8,15,Over
1,talk,128,8,4,Over
1,talk,129,8,1,Over
1,talk,130,8,12,Over
1,talk,131,8,9,Over
1,talk,132,8,7,Over
1,talk,133,8,10,Skip
1,talk,134,8,3,Over
1,talk,135,9,3,Over
1,talk,136,9,2,Over
1,talk,137,9,9,Over
1,talk,138,9,13,Over
1,talk,139,9,6,Over
1,talk,140,9,10,Over
1,talk,141,9,7,Over
1,talk,142,9,1,Over
1,talk,143,9,12,Over
1,talk,144,9,11,Over
1,talk,145,9,5,Over
1,talk,146,9,15,Over
1,talk,147,9,4,Over
1,talk,148,9,8,Over
1,talk,149,9,14,Over
1,vote,1,8
1,vote,2,14
1,vote,3,8
1,vote,4,8
1,vote,5,8
1,vote,6,8
1,vote,7,5
1,vote,8,14
1,vote,9,8
1,vote,10,2
1,vote,11,8
1,vote,12,2
1,vote,13,8
1,vote,14,8
1,vote,15,8
1,execute,8,VILLAGER
1,divine,2,10,WEREWOLF
1,whisper,0,0,7,ESTIMATE Agent[14] POSSESSED
1,whisper,1,0,12,ESTIMATE Agent[14] POSSESSED
1,whisper,2,0,10,ESTIMATE Agent[14] POSSESSED
1,whisper,3,1,7,ATTACK Agent[02]
1,whisper,4,1,10,ATTACK Agent[05]
1,whisper,5,1,12,ATTACK Agent[02]
1,whisper,6,2,12,REQUEST(ATTACK Agent[02])
1,whisper,7,2,10,REQUEST(ATTACK Agent[05])
1,whisper,8,2,7,REQUEST(ATTACK Agent[02])
1,whisper,9,3,7,IDENTIFIED Agent[08] WEREWOLF
1,whisper,10,3,10,DIVINED Agent[09] WEREWOLF
1,whisper,11,3,12,Skip
1,whisper,12,4,10,Skip
1,whisper,13,4,7,Skip
1,whisper,14,4,12,Skip
1,whisper,15,5,12,Over
1,whisper,16,5,7,Skip
1,whisper,17,5,10,Skip
1,whisper,18,6,12,Over
1,whisper,19,6,7,Over
1,whisper,20,6,10,Over
1,guard,13,14,POSSESSED
1,attackVote,7,2
1,attackVote,10,5
1,attackVote,12,2
1,attack,2,true
2,status,1,VILLAGER,ALIVE,wolf1
2,status,2,SEER,DEAD,SampleRoleAssignPlayer
2,status,3,VILLAGER,ALIVE,SampleRoleAssignPlayer
2,status,4,VILLAGER,ALIVE,SampleRoleAssignPlayer
2,status,5,MEDIUM,ALIVE,SampleRoleAssignPlayer
2,status,6,VILLAGER,ALIVE,SampleRoleAssignPlayer
2,status,7,WEREWOLF,ALIVE,SampleRoleAssignPlayer
2,status,8,VILLAGER,DEAD,SampleRoleAssignPlayer
2,status,9,VILLAGER,ALIVE,SampleRoleAssignPlayer
2,status,10,WEREWOLF,ALIVE,SampleRoleAssignPlayer
2,status,11,VILLAGER,ALIVE,SampleRoleAssignPlayer
2,status,12,WEREWOLF,ALIVE,SampleRoleAssignPlayer
2,status,13,BODYGUARD,ALIVE,SampleRoleAssignPlayer
2,status,14,POSSESSED,ALIVE,SampleRoleAssignPlayer
2,status,15,VILLAGER,ALIVE,SampleRoleAssignPlayer
2,talk,0,0,9,VOTE Agent[07]
2,talk,1,0,6,VOTE Agent[10]
2,talk,2,0,13,VOTE Agent[14]
2,talk,3,0,1,VOTE Agent[05]
2,talk,4,0,15,VOTE Agent[05]
2,talk,5,0,11,VOTE Agent[04]
2,talk,6,0,14,DIVINED Agent[07] WEREWOLF
2,talk,7,0,5,IDENTIFIED Agent[08] HUMAN
2,talk,8,0,7,IDENTIFIED Agent[08] WEREWOLF
2,talk,9,0,10,DIVINED Agent[09] WEREWOLF
2,talk,10,0,4,VOTE Agent[11]
2,talk,11,0,12,VOTE Agent[11]
2,talk,12,0,3,VOTE Agent[01]
2,talk,13,1,9,Skip
2,talk,14,1,5,DISAGREE TALK day1 ID:30
2,talk,15,1,14,VOTE Agent[10]
2,talk,16,1,7,VOTE Agent[05]
2,talk,17,1,15,ESTIMATE Agent[07] WEREWOLF
2,talk,18,1,11,ESTIMATE Agent[07] WEREWOLF
2,talk,19,1,6,ESTIMATE Agent[07] WEREWOLF
2,talk,20,1,10,VOTE Agent[09]
2,talk,21,1,4,ESTIMATE Agent[07] WEREWOLF
2,talk,22,1,12,REQUEST(VOTE Agent[11])
2,talk,23,1,1,ESTIMATE Agent[10] WEREWOLF
2,talk,24,1,13,ESTIMATE Agent[07] WEREWOLF
2,talk,25,1,3,ESTIMATE Agent[07] WEREWOLF
2,talk,26,2,10,REQUEST(VOTE Agent[09])
2,talk,27,2,5,ESTIMATE Agent[10] SEER
2,talk,28,2,7,REQUEST(VOTE Agent[05])
2,talk,29,2,1,ESTIMATE Agent[14] WEREWOLF
2,talk,30,2,3,REQUEST(Agent[14] DIVINATION Agent[07])
2,talk,31,2,12,Skip
2,talk,32,2,4,REQUEST(Agent[14] DIVINATION Agent[07])
2,talk,33,2,13,REQUEST(Agent[14] DIVINATION Agent[07])
2,talk,34,2,15,REQUEST(Agent[14] DIVINATION Agent[07])
2,talk,35,2,14,REQUEST(VOTE Agent[10])
2,talk,36,2,6,REQUEST(Agent[14] DIVINATION Agent[07])
2,talk,37,2,9,Skip
2,talk,38,2,11,REQUEST(Agent[14] DIVINATION Agent[07])
2,talk,39,3,15,VOTE Agent[07]
2,talk,40,3,6,VOTE Agent[07]
2,talk,41,3,9,Over
2,talk,42,3,1,ESTIMATE Agent[15] WEREWOLF
2,talk,43,3,11,VOTE Agent[07]
2,talk,44,3,3,VOTE Agent[07]
2,talk,45,3,13,VOTE Agent[07]
2,talk,46,3,14,Skip
2,talk,47,3,4,VOTE Agent[07]
2,talk,48,3,5,DISAGREE TALK day1 ID:32
2,talk,49,3,7,Skip
2,talk,50,3,12,Skip
2,talk,51,3,10,Skip
2,talk,52,4,3,Skip
2,talk,53,4,7,Skip
2,talk,54,4,10,Skip
2,talk,55,4,9,Over
2,talk,56,4,13,Skip
2,talk,57,4,14,Skip
2,talk,58,4,11,Skip
2,talk,59,4,15,Skip
2,talk,60,4,12,Over
2,talk,61,4,4,Skip
2,talk,62,4,6,Skip
2,talk,63,4,5,DISAGREE TALK day1 ID:33
2,talk,64,4,1,VOTE Agent[07]
2,talk,65,5,14,Over
2,talk,66,5,4,Skip
2,talk,67,5,9,Over
2,talk,68,5,15,Skip
2,talk,69,5,1,ESTIMATE Agent[11] VILLAGER
2,talk,70,5,11,Skip
2,talk,71,5,7,Over
2,talk,72,5,10,Over
2,talk,73,5,5,DISAGREE TALK day1 ID:34
2,talk,74,5,6,Skip
2,talk,75,5,13,Skip
2,talk,76,5,12,Over
2,talk,77,5,3,Skip
2,talk,78,6,14,Over
2,talk,79,6,9,Over
2,talk,80,6,1,Over
2,talk,81,6,10,Over
2,talk,82,6,4,Over
2,talk,83,6,7,Over
2,talk,84,6,11,Over
2,talk,85,6,6,Over
2,talk,86,6,3,Over
2,talk,87,6,5,DISAGREE TALK day1 ID:35
2,talk,88,6,13,Over
2,talk,89,6,12,Over
2,talk,90,6,15,Over
2,talk,91,7,14,Over
2,talk,92,7,3,Over
2,talk,93,7,9,Over
2,talk,94,7,11,Over
2,talk,95,7,7,Over
2,talk,96,7,5,DISAGREE TALK day1 ID:36
2,talk,97,7,12,Over
2,talk,98,7,13,Over
2,talk,99,7,4,Over
2,talk,100,7,15,Over
2,talk,101,7,6,Over
2,talk,102,7,10,Over
2,talk,103,7,1,Over
2,talk,104,8,9,Over
2,talk,105,8,12,Over
2,talk,106,8,5,DISAGREE TALK day1 ID:40
2,talk,107,8,7,Over
2,talk,108,8,10,Over
2,talk,109,8,11,Over
2,talk,110,8,6,Over
2,talk,111,8,13,Over
2,talk,112,8,1,Over
2,talk,113,8,3,Over
2,talk,114,8,14,Over
2,talk,115,8,4,Over
2,talk,116,8,15,Over
2,talk,117,9,14,Over
2,talk,118,9,7,Over
2,talk,119,9,6,Over
2,talk,120,9,3,Over
2,talk,121,9,1,Over
2,talk,122,9,12,Over
2,talk,123,9,10,Over
2,talk,124,9,9,Over
2,talk,125,9,13,Over
2,talk,126,9,15,Over
2,talk,127,9,5,DISAGREE TALK day1 ID:41
2,talk,128,9,4,Over
2,talk,129,9,11,Over
2,talk,130,10,6,Over
2,talk,131,10,5,Over
2,talk,132,10,15,Over
2,talk,133,10,7,Over
2,talk,134,10,10,Over
2,talk,135,10,13,Over
2,talk,136,10,12,Over
2,talk,137,10,14,Over
2,talk,138,10,9,Over
2,talk,139,10,3,Over
2,talk,140,10,1,Over
2,talk,141,10,11,Over
2,talk,142,10,4,Over
2,vote,1,7
2,vote,3,7
2,vote,4,7
2,vote,5,14
2,vote,6,7
2,vote,7,5
2,vote,9,7
2,vote,10,9
2,vote,11,7
2,vote,12,11
2,vote,13,7
2,vote,14,10
2,vote,15,7
2,execute,7,WEREWOLF
2,whisper,0,0,10,ATTACK Agent[05]
2,whisper,1,0,12,ATTACK Agent[05]
2,whisper,2,1,10,REQUEST(ATTACK Agent[05])
2,whisper,3,1,12,REQUEST(ATTACK Agent[05])
2,whisper,4,2,12,Skip
2,whisper,5,2,10,DIVINED Agent[13] HUMAN
2,whisper,6,3,12,Skip
2,whisper,7,3,10,Skip
2,whisper,8,4,10,Skip
2,whisper,9,4,12,Over
2,whisper,10,5,10,Over
2,whisper,11,5,12,Over
2,guard,13,14,POSSESSED
2,attackVote,10,5
2,attackVote,12,5
2,attack,5,true
3,status,1,VILLAGER,ALIVE,wolf1
3,status,2,SEER,DEAD,SampleRoleAssignPlayer
3,status,3,VILLAGER,ALIVE,SampleRoleAssignPlayer
3,status,4,VILLAGER,ALIVE,SampleRoleAssignPlayer
3,status,5,MEDIUM,DEAD,SampleRoleAssignPlayer
3,status,6,VILLAGER,ALIVE,SampleRoleAssignPlayer
3,status,7,WEREWOLF,DEAD,SampleRoleAssignPlayer
3,status,8,VILLAGER,DEAD,SampleRoleAssignPlayer
3,status,9,VILLAGER,ALIVE,SampleRoleAssignPlayer
3,status,10,WEREWOLF,ALIVE,SampleRoleAssignPlayer
3,status,11,VILLAGER,ALIVE,SampleRoleAssignPlayer
3,status,12,WEREWOLF,ALIVE,SampleRoleAssignPlayer
3,status,13,BODYGUARD,ALIVE,SampleRoleAssignPlayer
3,status,14,POSSESSED,ALIVE,SampleRoleAssignPlayer
3,status,15,VILLAGER,ALIVE,SampleRoleAssignPlayer
3,talk,0,0,12,VOTE Agent[15]
3,talk,1,0,3,ESTIMATE Agent[09] WEREWOLF
3,talk,2,0,11,ESTIMATE Agent[09] WEREWOLF
3,talk,3,0,9,AGREE TALK day1 ID:30
3,talk,4,0,13,ESTIMATE Agent[09] WEREWOLF
3,talk,5,0,14,DIVINED Agent[13] WEREWOLF
3,talk,6,0,1,VOTE Agent[09]
3,talk,7,0,10,DIVINED Agent[13] HUMAN
3,talk,8,0,6,ESTIMATE Agent[09] WEREWOLF
3,talk,9,0,15,ESTIMATE Agent[09] WEREWOLF
3,talk,10,0,4,ESTIMATE Agent[09] WEREWOLF
3,talk,11,1,15,REQUEST(Agent[14] DIVINATION Agent[09])
3,talk,12,1,9,AGREE TALK day2 ID:23
3,talk,13,1,6,REQUEST(Agent[14] DIVINATION Agent[09])
3,talk,14,1,14,VOTE Agent[10]
3,talk,15,1,1,ESTIMATE Agent[07] WEREWOLF
3,talk,16,1,3,REQUEST(Agent[14] DIVINATION Agent[09])
3,talk,17,1,4,REQUEST(Agent[14] DIVINATION Agent[09])
3,talk,18,1,13,REQUEST(Agent[14] DIVINATION Agent[09])
3,talk,19,1,11,REQUEST(Agent[14] DIVINATION Agent[09])
3,talk,20,1,10,VOTE Agent[09]
3,talk,21,1,12,REQUEST(VOTE Agent[15])
3,talk,22,2,6,VOTE Agent[09]
3,talk,23,2,12,Skip
3,talk,24,2,14,REQUEST(VOTE Agent[10])
3,talk,25,2,3,VOTE Agent[09]
3,talk,26,2,9,DISAGREE TALK day2 ID:27
3,talk,27,2,13,VOTE Agent[09]
3,talk,28,2,10,REQUEST(VOTE Agent[09])
3,talk,29,2,1,ESTIMATE Agent[09] WEREWOLF
3,talk,30,2,15,VOTE Agent[09]
3,talk,31,2,11,VOTE Agent[09]
3,talk,32,2,4,VOTE Agent[09]
3,talk,33,3,10,Skip
3,talk,34,3,1,ESTIMATE Agent[14] WEREWOLF
3,talk,35,3,6,Skip
3,talk,36,3,11,Skip
3,talk,37,3,3,Skip
3,talk,38,3,12,Skip
3,talk,39,3,15,Skip
3,talk,40,3,4,Skip
3,talk,41,3,13,DISAGREE TALK day1 ID:30
3,talk,42,3,14,Skip
3,talk,43,3,9,ESTIMATE Agent[10] WEREWOLF
3,talk,44,4,1,ESTIMATE Agent[11] VILLAGER
3,talk,45,4,4,Skip
3,talk,46,4,15,Skip
3,talk,47,4,14,Skip
3,talk,48,4,10,Skip
3,talk,49,4,13,DISAGREE TALK day2 ID:23
3,talk,50,4,9,REQUEST(Agent[14] DIVINATION Agent[10])
3,talk,51,4,12,Over
3,talk,52,4,6,Skip
3,talk,53,4,3,Skip
3,talk,54,4,11,Skip
3,talk,55,5,14,Over
3,talk,56,5,1,Over
3,talk,57,5,12,Over
3,talk,58,5,13,AGREE TALK day2 ID:27
3,talk,59,5,10,Over
3,talk,60,5,15,Over
3,talk,61,5,9,VOTE Agent[10]
3,talk,62,5,4,Over
3,talk,63,5,3,Over
3,talk,64,5,6,Over
3,talk,65,5,11,Over
3,talk,66,6,11,Over
3,talk,67,6,9,Skip
3,talk,68,6,10,Over
3,talk,69,6,12,Over
3,talk,70,6,14,Over
3,talk,71,6,6,Over
3,talk,72,6,3,Over
3,talk,73,6,15,Over
3,talk,74,6,1,Over
3,talk,75,6,4,Over
3,talk,76,6,13,ESTIMATE Agent[10] SEER
3,talk,77,7,11,Over
3,talk,78,7,15,Over
3,talk,79,7,13,Skip
3,talk,80,7,9,Skip
3,talk,81,7,4,Over
3,talk,82,7,3,Over
3,talk,83,7,12,Over
3,talk,84,7,14,Over
3,talk,85,7,1,Over
3,talk,86,7,10,Over
3,talk,87,7,6,Over
3,talk,88,8,4,Over
3,talk,89,8,14,Over
3,talk,90,8,6,Over
3,talk,91,8,13,Skip
3,talk,92,8,12,Over
3,talk,93,8,1,Over
3,talk,94,8,10,Over
3,talk,95,8,9,Over
3,talk,96,8,15,Over
3,talk,97,8,11,Over
3,talk,98,8,3,Over
3,talk,99,9,1,Over
3,talk,100,9,10,Over
3,talk,101,9,15,Over
3,talk,102,9,3,Over
3,talk,103,9,13,Over
3,talk,104,9,14,Over
3,talk,105,9,6,Over
3,talk,106,9,11,Over
3,talk,107,9,9,Over
3,talk,108,9,12,Over
3,talk,109,9,4,Over
3,vote,1,9
3,vote,3,9
3,vote,4,9
3,vote,6,9
3,vote,9,10
3,vote,10,9
3,vote,11,9
3,vote,12,15
3,vote,13,9
3,vote,14,10
3,vote,15,9
3,execute,9,VILLAGER
3,whisper,0,0,10,ATTACK Agent[03]
3,whisper,1,0,12,ATTACK Agent[11]
3,whisper,2,1,12,REQUEST(ATTACK Agent[11])
3,whisper,3,1,10,REQUEST(ATTACK Agent[03])
3,whisper,4,2,12,Skip
3,whisper,5,2,10,DIVINED Agent[06] WEREWOLF
3,whisper,6,3,12,Skip
3,whisper,7,3,10,Skip
3,whisper,8,4,10,Skip
3,whisper,9,4,12,Over
3,whisper,10,5,12,Over
3,whisper,11,5,10,Over
3,guard,13,10,WEREWOLF
3,attackVote,10,3
3,attackVote,12,11
3,attackVote,10,3
3,attackVote,12,11
3,attack,11,true
4,status,1,VILLAGER,ALIVE,wolf1
4,status,2,SEER,DEAD,SampleRoleAssignPlayer
4,status,3,VILLAGER,ALIVE,SampleRoleAssignPlayer
4,status,4,VILLAGER,ALIVE,SampleRoleAssignPlayer
4,status,5,MEDIUM,DEAD,SampleRoleAssignPlayer
4,status,6,VILLAGER,ALIVE,SampleRoleAssignPlayer
4,status,7,WEREWOLF,DEAD,SampleRoleAssignPlayer
4,status,8,VILLAGER,DEAD,SampleRoleAssignPlayer
4,status,9,VILLAGER,DEAD,SampleRoleAssignPlayer
4,status,10,WEREWOLF,ALIVE,SampleRoleAssignPlayer
4,status,11,VILLAGER,DEAD,SampleRoleAssignPlayer
4,status,12,WEREWOLF,ALIVE,SampleRoleAssignPlayer
4,status,13,BODYGUARD,ALIVE,SampleRoleAssignPlayer
4,status,14,POSSESSED,ALIVE,SampleRoleAssignPlayer
4,status,15,VILLAGER,ALIVE,SampleRoleAssignPlayer
4,talk,0,0,13,DISAGREE TALK day1 ID:32
4,talk,1,0,1,VOTE Agent[14]
4,talk,2,0,12,VOTE Agent[01]
4,talk,3,0,3,ESTIMATE Agent[13] WEREWOLF
4,talk,4,0,10,DIVINED Agent[06] WEREWOLF
4,talk,5,0,15,ESTIMATE Agent[13] WEREWOLF
4,talk,6,0,6,ESTIMATE Agent[13] WEREWOLF
4,talk,7,0,14,DIVINED Agent[12] HUMAN
4,talk,8,0,4,ESTIMATE Agent[13] WEREWOLF
4,talk,9,1,12,REQUEST(VOTE Agent[01])
4,talk,10,1,6,REQUEST(Agent[14] DIVINATION Agent[13])
4,talk,11,1,3,REQUEST(Agent[14] DIVINATION Agent[13])
4,talk,12,1,10,VOTE Agent[06]
4,talk,13,1,4,REQUEST(Agent[14] DIVINATION Agent[13])
4,talk,14,1,14,VOTE Agent[08]
4,talk,15,1,1,ESTIMATE Agent[07] WEREWOLF
4,talk,16,1,15,REQUEST(Agent[14] DIVINATION Agent[13])
4,talk,17,1,13,DISAGREE TALK day1 ID:33
4,talk,18,2,15,VOTE Agent[13]
4,talk,19,2,10,REQUEST(VOTE Agent[06])
4,talk,20,2,13,DISAGREE TALK day1 ID:34
4,talk,21,2,6,VOTE Agent[13]
4,talk,22,2,12,Skip
4,talk,23,2,4,VOTE Agent[13]
4,talk,24,2,1,ESTIMATE Agent[10] WEREWOLF
4,talk,25,2,14,REQUEST(VOTE Agent[08])
4,talk,26,2,3,VOTE Agent[13]
4,talk,27,3,15,Skip
4,talk,28,3,12,Skip
4,talk,29,3,4,Skip
4,talk,30,3,1,ESTIMATE Agent[12] WEREWOLF
4,talk,31,3,13,DISAGREE TALK day1 ID:35
4,talk,32,3,3,Skip
4,talk,33,3,6,Skip
4,talk,34,3,10,Skip
4,talk,35,3,14,Skip
4,talk,36,4,1,Over
4,talk,37,4,3,Skip
4,talk,38,4,12,Over
4,talk,39,4,6,Skip
4,talk,40,4,4,Skip
4,talk,41,4,14,Skip
4,talk,42,4,15,Skip
4,talk,43,4,13,DISAGREE TALK day1 ID:36
4,talk,44,4,10,Skip
4,talk,45,5,6,Over
4,talk,46,5,3,Over
4,talk,47,5,1,Over
4,talk,48,5,10,Over
4,talk,49,5,14,Over
4,talk,50,5,15,Over
4,talk,51,5,4,Over
4,talk,52,5,13,DISAGREE TALK day1 ID:40
4,talk,53,5,12,Over
4,talk,54,6,1,Over
4,talk,55,6,6,Over
4,talk,56,6,14,Over
4,talk,57,6,15,Over
4,talk,58,6,4,Over
4,talk,59,6,10,Over
4,talk,60,6,12,Over
4,talk,61,6,13,DISAGREE TALK day1 ID:41
4,talk,62,6,3,Over
4,talk,63,7,1,Over
4,talk,64,7,4,Over
4,talk,65,7,10,Over
4,talk,66,7,3,Over
4,talk,67,7,13,DISAGREE TALK day1 ID:43
4,talk,68,7,6,Over
4,talk,69,7,12,Over
4,talk,70,7,14,Over
4,talk,71,7,15,Over
4,talk,72,8,6,Over
4,talk,73,8,13,AGREE TALK day1 ID:50
4,talk,74,8,15,Over
4,talk,75,8,10,Over
4,talk,76,8,14,Over
4,talk,77,8,3,Over
4,talk,78,8,4,Over
4,talk,79,8,12,Over
4,talk,80,8,1,Over
4,talk,81,9,10,Over
4,talk,82,9,13,AGREE TALK day2 ID:29
4,talk,83,9,14,Over
4,talk,84,9,15,Over
4,talk,85,9,6,Over
4,talk,86,9,1,Over
4,talk,87,9,4,Over
4,talk,88,9,3,Over
4,talk,89,9,12,Over
4,talk,90,10,4,Over
4,talk,91,10,13,Over
4,talk,92,10,1,Over
4,talk,93,10,12,Over
4,talk,94,10,15,Over
4,talk,95,10,14,Over
4,talk,96,10,6,Over
4,talk,97,10,10,Over
4,talk,98,10,3,Over
4,vote,1,14
4,vote,3,13
4,vote,4,13
4,vote,6,13
4,vote,10,6
4,vote,12,1
4,vote,13,14
4,vote,14,13
4,vote,15,13
4,execute,13,BODYGUARD
4,whisper,0,0,12,ATTACK Agent[06]
4,whisper,1,0,10,ATTACK Agent[04]
4,whisper,2,1,12,REQUEST(ATTACK Agent[06])
4,whisper,3,1,10,REQUEST(ATTACK Agent[04])
4,whisper,4,2,12,Skip
4,whisper,5,2,10,DIVINED Agent[15] WEREWOLF
4,whisper,6,3,12,Skip
4,whisper,7,3,10,Skip
4,whisper,8,4,12,Over
4,whisper,9,4,10,Skip
4,whisper,10,5,12,Over
4,whisper,11,5,10,Over
4,attackVote,10,4
4,attackVote,12,6
4,attackVote,10,4
4,attackVote,12,6
4,attack,4,true
5,status,1,VILLAGER,ALIVE,wolf1
5,status,2,SEER,DEAD,SampleRoleAssignPlayer
5,status,3,VILLAGER,ALIVE,SampleRoleAssignPlayer
5,status,4,VILLAGER,DEAD,SampleRoleAssignPlayer
5,status,5,MEDIUM,DEAD,SampleRoleAssignPlayer
5,status,6,VILLAGER,ALIVE,SampleRoleAssignPlayer
5,status,7,WEREWOLF,DEAD,SampleRoleAssignPlayer
5,status,8,VILLAGER,DEAD,SampleRoleAssignPlayer
5,status,9,VILLAGER,DEAD,SampleRoleAssignPlayer
5,status,10,WEREWOLF,ALIVE,SampleRoleAssignPlayer
5,status,11,VILLAGER,DEAD,SampleRoleAssignPlayer
5,status,12,WEREWOLF,ALIVE,SampleRoleAssignPlayer
5,status,13,BODYGUARD,DEAD,SampleRoleAssignPlayer
5,status,14,POSSESSED,ALIVE,SampleRoleAssignPlayer
5,status,15,VILLAGER,ALIVE,SampleRoleAssignPlayer
5,talk,0,0,12,VOTE Agent[01]
5,talk,1,0,14,DIVINED Agent[01] HUMAN
5,talk,2,0,15,AGREE TALK day1 ID:16
5,talk,3,0,1,VOTE Agent[10]
5,talk,4,0,6,AGREE TALK day1 ID:30
5,talk,5,0,3,AGREE TALK day1 ID:16
5,talk,6,0,10,DIVINED Agent[15] WEREWOLF
5,talk,7,1,3,ESTIMATE Agent[06] WEREWOLF
5,talk,8,1,1,ESTIMATE Agent[07] WEREWOLF
5,talk,9,1,15,ESTIMATE Agent[06] WEREWOLF
5,talk,10,1,12,REQUEST(VOTE Agent[01])
5,talk,11,1,6,AGREE TALK day2 ID:23
5,talk,12,1,10,VOTE Agent[06]
5,talk,13,1,14,VOTE Agent[13]
5,talk,14,2,3,REQUEST(Agent[14] DIVINATION Agent[06])
5,talk,15,2,14,REQUEST(VOTE Agent[13])
5,talk,16,2,12,Skip
5,talk,17,2,10,REQUEST(VOTE Agent[06])
5,talk,18,2,1,ESTIMATE Agent[12] WEREWOLF
5,talk,19,2,6,DISAGREE TALK day2 ID:27
5,talk,20,2,15,REQUEST(Agent[14] DIVINATION Agent[06])
5,talk,21,3,15,AGREE TALK day1 ID:30
5,talk,22,3,10,Skip
5,talk,23,3,14,Skip
5,talk,24,3,6,AGREE TALK day3 ID:43
5,talk,25,3,1,ESTIMATE Agent[14] WEREWOLF
5,talk,26,3,3,VOTE Agent[06]
5,talk,27,3,12,Skip
5,talk,28,4,6,DISAGREE TALK day3 ID:76
5,talk,29,4,15,AGREE TALK day2 ID:23
5,talk,30,4,14,Skip
5,talk,31,4,10,Skip
5,talk,32,4,3,Skip
5,talk,33,4,1,Over
5,talk,34,4,12,Over
5,talk,35,5,12,Over
5,talk,36,5,10,Over
5,talk,37,5,6,AGREE TALK day4 ID:24
5,talk,38,5,1,Over
5,talk,39,5,14,Over
5,talk,40,5,3,Skip
5,talk,41,5,15,DISAGREE TALK day2 ID:27
5,talk,42,6,12,Over
5,talk,43,6,3,Over
5,talk,44,6,15,AGREE TALK day3 ID:43
5,talk,45,6,10,Over
5,talk,46,6,14,Over
5,talk,47,6,1,Over
5,talk,48,6,6,ESTIMATE Agent[10] WEREWOLF
5,talk,49,7,10,Over
5,talk,50,7,1,Over
5,talk,51,7,6,REQUEST(Agent[14] DIVINATION Agent[10])
5,talk,52,7,14,Over
5,talk,53,7,15,DISAGREE TALK day3 ID:76
5,talk,54,7,3,Over
5,talk,55,7,12,Over
5,talk,56,8,12,Over
5,talk,57,8,6,VOTE Agent[10]
5,talk,58,8,15,AGREE TALK day4 ID:24
5,talk,59,8,3,Over
5,talk,60,8,14,Over
5,talk,61,8,1,Over
5,talk,62,8,10,Over
5,talk,63,9,15,ESTIMATE Agent[10] WEREWOLF
5,talk,64,9,3,Over
5,talk,65,9,12,Over
5,talk,66,9,14,Over
5,talk,67,9,6,Skip
5,talk,68,9,10,Over
5,talk,69,9,1,Over
5,talk,70,10,6,Skip
5,talk,71,10,10,Over
5,talk,72,10,15,Over
5,talk,73,10,1,Over
5,talk,74,10,12,Over
5,talk,75,10,3,Over
5,talk,76,10,14,Over
5,talk,77,11,10,Over
5,talk,78,11,12,Over
5,talk,79,11,14,Over
5,talk,80,11,15,Over
5,talk,81,11,1,Over
5,talk,82,11,3,Over
5,talk,83,11,6,Over
5,vote,1,10
5,vote,3,6
5,vote,6,10
5,vote,10,6
5,vote,12,1
5,vote,14,1
5,vote,15,10
5,execute,10,WEREWOLF
6,status,1,VILLAGER,ALIVE,wolf1
6,status,2,SEER,DEAD,SampleRoleAssignPlayer
6,status,3,VILLAGER,ALIVE,SampleRoleAssignPlayer
6,status,4,VILLAGER,DEAD,SampleRoleAssignPlayer
6,status,5,MEDIUM,DEAD,SampleRoleAssignPlayer
6,status,6,VILLAGER,ALIVE,SampleRoleAssignPlayer
6,status,7,WEREWOLF,DEAD,SampleRoleAssignPlayer
6,status,8,VILLAGER,DEAD,SampleRoleAssignPlayer
6,status,9,VILLAGER,DEAD,SampleRoleAssignPlayer
6,status,10,WEREWOLF,DEAD,SampleRoleAssignPlayer
6,status,11,VILLAGER,DEAD,SampleRoleAssignPlayer
6,status,12,WEREWOLF,ALIVE,SampleRoleAssignPlayer
6,status,13,BODYGUARD,DEAD,SampleRoleAssignPlayer
6,status,14,POSSESSED,ALIVE,SampleRoleAssignPlayer
6,status,15,VILLAGER,ALIVE,SampleRoleAssignPlayer
6,talk,0,0,15,VOTE Agent[01]
6,talk,1,0,3,AGREE TALK day1 ID:16
6,talk,2,0,12,VOTE Agent[06]
6,talk,3,0,1,VOTE Agent[14]
6,talk,4,0,14,DIVINED Agent[06] HUMAN
6,talk,5,0,6,VOTE Agent[14]
6,talk,6,1,1,ESTIMATE Agent[07] WEREWOLF
6,talk,7,1,6,Skip
6,talk,8,1,12,REQUEST(VOTE Agent[06])
6,talk,9,1,15,Skip
6,talk,10,1,3,AGREE TALK day5 ID:7
6,talk,11,1,14,VOTE Agent[13]
6,talk,12,2,6,Skip
6,talk,13,2,12,Skip
6,talk,14,2,14,REQUEST(VOTE Agent[13])
6,talk,15,2,3,AGREE TALK day5 ID:9
6,talk,16,2,15,Skip
6,talk,17,2,1,ESTIMATE Agent[12] WEREWOLF
6,talk,18,3,12,Skip
6,talk,19,3,1,ESTIMATE Agent[14] WEREWOLF
6,talk,20,3,15,Over
6,talk,21,3,14,Skip
6,talk,22,3,3,ESTIMATE Agent[06] WEREWOLF
6,talk,23,3,6,Over
6,talk,24,4,1,Over
6,talk,25,4,12,Over
6,talk,26,4,3,REQUEST(Agent[14] DIVINATION Agent[06])
6,talk,27,4,14,Skip
6,talk,28,4,15,Over
6,talk,29,4,6,Over
6,talk,30,5,14,Over
6,talk,31,5,1,Over
6,talk,32,5,6,Over
6,talk,33,5,15,Over
6,talk,34,5,12,Over
6,talk,35,5,3,VOTE Agent[06]
6,talk,36,6,3,Skip
6,talk,37,6,14,Over
6,talk,38,6,1,Over
6,talk,39,6,6,Over
6,talk,40,6,12,Over
6,talk,41,6,15,Over
6,talk,42,7,6,Over
6,talk,43,7,15,Over
6,talk,44,7,14,Over
6,talk,45,7,1,Over
6,talk,46,7,12,Over
6,talk,47,7,3,Skip
6,talk,48,8,6,Over
6,talk,49,8,14,Over
6,talk,50,8,3,Over
6,talk,51,8,1,Over
6,talk,52,8,12,Over
6,talk,53,8,15,Over
6,vote,1,14
6,vote,3,6
6,vote,6,14
6,vote,12,6
6,vote,14,6
6,vote,15,1
6,execute,6,VILLAGER
6,attackVote,12,1
6,attack,1,true
7,status,1,VILLAGER,DEAD,wolf1
7,status,2,SEER,DEAD,SampleRoleAssignPlayer
7,status,3,VILLAGER,ALIVE,SampleRoleAssignPlayer
7,status,4,VILLAGER,DEAD,SampleRoleAssignPlayer
7,status,5,MEDIUM,DEAD,SampleRoleAssignPlayer
7,status,6,VILLAGER,DEAD,SampleRoleAssignPlayer
7,status,7,WEREWOLF,DEAD,SampleRoleAssignPlayer
7,status,8,VILLAGER,DEAD,SampleRoleAssignPlayer
7,status,9,VILLAGER,DEAD,SampleRoleAssignPlayer
7,status,10,WEREWOLF,DEAD,SampleRoleAssignPlayer
7,status,11,VILLAGER,DEAD,SampleRoleAssignPlayer
7,status,12,WEREWOLF,ALIVE,SampleRoleAssignPlayer
7,status,13,BODYGUARD,DEAD,SampleRoleAssignPlayer
7,status,14,POSSESSED,ALIVE,SampleRoleAssignPlayer
7,status,15,VILLAGER,ALIVE,SampleRoleAssignPlayer
7,talk,0,0,14,DIVINED Agent[03] HUMAN
7,talk,1,0,15,VOTE Agent[03]
7,talk,2,0,12,VOTE Agent[03]
7,talk,3,0,3,AGREE TALK day2 ID:42
7,talk,4,1,12,REQUEST(VOTE Agent[03])
7,talk,5,1,14,VOTE Agent[08]
7,talk,6,1,3,ESTIMATE Agent[15] WEREWOLF
7,talk,7,1,15,Skip
7,talk,8,2,12,Skip
7,talk,9,2,14,REQUEST(VOTE Agent[08])
7,talk,10,2,3,REQUEST(Agent[14] DIVINATION Agent[15])
7,talk,11,2,15,Skip
7,talk,12,3,12,Skip
7,talk,13,3,14,Skip
7,talk,14,3,3,VOTE Agent[15]
7,talk,15,3,15,Over
7,talk,16,4,3,Skip
7,talk,17,4,15,Over
7,talk,18,4,14,Skip
7,talk,19,4,12,Over
7,talk,20,5,3,Skip
7,talk,21,5,15,Over
7,talk,22,5,12,Over
7,talk,23,5,14,Over
7,talk,24,6,14,Over
7,talk,25,6,3,Over
7,talk,26,6,12,Over
7,talk,27,6,15,Over
7,vote,3,15
7,vote,12,3
7,vote,14,15
7,vote,15,3
7,vote,3,15
7,vote,12,3
7,vote,14,3
7,vote,15,3
7,execute,3,VILLAGER
7,attackVote,12,15
7,attack,15,true
8,status,1,VILLAGER,DEAD,wolf1
8,status,2,SEER,DEAD,SampleRoleAssignPlayer
8,status,3,VILLAGER,DEAD,SampleRoleAssignPlayer
8,status,4,VILLAGER,DEAD,SampleRoleAssignPlayer
8,status,5,MEDIUM,DEAD,SampleRoleAssignPlayer
8,status,6,VILLAGER,DEAD,SampleRoleAssignPlayer
8,status,7,WEREWOLF,DEAD,SampleRoleAssignPlayer
8,status,8,VILLAGER,DEAD,SampleRoleAssignPlayer
8,status,9,VILLAGER,DEAD,SampleRoleAssignPlayer
8,status,10,WEREWOLF,DEAD,SampleRoleAssignPlayer
8,status,11,VILLAGER,DEAD,SampleRoleAssignPlayer
8,status,12,WEREWOLF,ALIVE,SampleRoleAssignPlayer
8,status,13,BODYGUARD,DEAD,SampleRoleAssignPlayer
8,status,14,POSSESSED,ALIVE,SampleRoleAssignPlayer
8,status,15,VILLAGER,DEAD,SampleRoleAssignPlayer
8,result,1,1,WEREWOLF
