0,status,1,WEREWOLF,ALIVE,wolf1
0,status,2,VILLAGER,ALIVE,SampleRoleAssignPlayer
0,status,3,WEREWOLF,ALIVE,SampleRoleAssignPlayer
0,status,4,VILLAGER,ALIVE,SampleRoleAssignPlayer
0,status,5,BODYGUARD,ALIVE,SampleRoleAssignPlayer
0,status,6,VILLAGER,ALIVE,SampleRoleAssignPlayer
0,status,7,SEER,ALIVE,SampleRoleAssignPlayer
0,status,8,VILLAGER,ALIVE,SampleRoleAssignPlayer
0,status,9,VILLAGER,ALIVE,SampleRoleAssignPlayer
0,status,10,POSSESSED,ALIVE,SampleRoleAssignPlayer
0,status,11,VILLAGER,ALIVE,SampleRoleAssignPlayer
0,status,12,VILLAGER,ALIVE,SampleRoleAssignPlayer
0,status,13,WEREWOLF,ALIVE,SampleRoleAssignPlayer
0,status,14,VILLAGER,ALIVE,SampleRoleAssignPlayer
0,status,15,MEDIUM,ALIVE,SampleRoleAssignPlayer
0,whisper,0,0,13,COMINGOUT Agent[13] MEDIUM
0,whisper,1,0,1,COMINGOUT Agent[01] VILLAGER
0,whisper,2,0,3,COMINGOUT Agent[03] MEDIUM
0,whisper,3,1,1,ATTACK Agent[02]
0,whisper,4,1,3,COMINGOUT Agent[03] VILLAGER
0,whisper,5,1,13,COMINGOUT Agent[13] VILLAGER
0,whisper,6,2,13,Skip
0,whisper,7,2,1,Over
0,whisper,8,2,3,COMINGOUT Agent[03] MEDIUM
0,whisper,9,3,3,Skip
0,whisper,10,3,1,Over
0,whisper,11,3,13,COMINGOUT Agent[13] SEER
0,whisper,12,4,13,DIVINED Agent[14] WEREWOLF
0,whisper,13,4,3,Skip
0,whisper,14,4,1,Over
0,whisper,15,5,3,Over
0,whisper,16,5,13,Skip
0,whisper,17,5,1,Over
0,whisper,18,6,13,Skip
0,whisper,19,6,3,Over
0,whisper,20,6,1,Over
0,whisper,21,7,3,Over
0,whisper,22,7,1,Over
0,whisper,23,7,13,Over
0,divine,7,15,HUMAN
1,status,1,WEREWOLF,ALIVE,wolf1
1,status,2,VILLAGER,ALIVE,SampleRoleAssignPlayer
1,status,3,WEREWOLF,ALIVE,SampleRoleAssignPlayer
1,status,4,VILLAGER,ALIVE,SampleRoleAssignPlayer
1,status,5,BODYGUARD,ALIVE,SampleRoleAssignPlayer
1,status,6,VILLAGER,ALIVE,SampleRoleAssignPlayer
1,status,7,SEER,ALIVE,SampleRoleAssignPlayer
1,status,8,VILLAGER,ALIVE,SampleRoleAssignPlayer
1,status,9,VILLAGER,ALIVE,SampleRoleAssignPlayer
1,status,10,POSSESSED,ALIVE,SampleRoleAssignPlayer
1,status,11,VILLAGER,ALIVE,SampleRoleAssignPlayer
1,status,12,VILLAGER,ALIVE,SampleRoleAssignPlayer
1,status,13,WEREWOLF,ALIVE,SampleRoleAssignPlayer
1,status,14,VILLAGER,ALIVE,SampleRoleAssignPlayer
1,status,15,MEDIUM,ALIVE,SampleRoleAssignPlayer
1,talk,0,0,15,VOTE Agent[03]
1,talk,1,0,6,VOTE Agent[11]
1,talk,2,0,5,VOTE Agent[03]
1,talk,3,0,13,VOTE Agent[14]
1,talk,4,0,2,VOTE Agent[05]
1,talk,5,0,11,VOTE Agent[04]
1,talk,6,0,3,VOTE Agent[14]
1,talk,7,0,1,VOTE Agent[11]
1,talk,8,0,9,VOTE Agent[10]
1,talk,9,0,4,VOTE Agent[06]
1,talk,10,0,14,VOTE Agent[02]
1,talk,11,0,8,VOTE Agent[15]
1,talk,12,0,10,COMINGOUT Agent[10] SEER
1,talk,13,0,7,VOTE Agent[12]
1,talk,14,0,12,VOTE Agent[09]
1,talk,15,1,8,Skip
1,talk,16,1,3,REQUEST(VOTE Agent[14])
1,talk,17,1,13,REQUEST(VOTE Agent[14])
1,talk,18,1,5,Skip
1,talk,19,1,1,ESTIMATE Agent[02] WEREWOLF
1,talk,20,1,4,Skip
1,talk,21,1,9,Skip
1,talk,22,1,11,Skip
1,talk,23,1,15,Skip
1,talk,24,1,6,Skip
1,talk,25,1,2,Skip
1,talk,26,1,7,COMINGOUT Agent[07] SEER
1,talk,27,1,10,DIVINED Agent[05] HUMAN
1,talk,28,1,12,Skip
1,talk,29,1,14,Skip
1,talk,30,2,13,COMINGOUT Agent[13] SEER
1,talk,31,2,8,ESTIMATE Agent[10] SEER
1,talk,32,2,10,REQUEST(VOTE Agent[15])
1,talk,33,2,9,ESTIMATE Agent[10] SEER
1,talk,34,2,5,ESTIMATE Agent[10] SEER
1,talk,35,2,3,Skip
1,talk,36,2,7,DIVINED Agent[15] HUMAN
1,talk,37,2,2,ESTIMATE Agent[10] SEER
1,talk,38,2,14,ESTIMATE Agent[10] SEER
1,talk,39,2,1,ESTIMATE Agent[10] WEREWOLF
1,talk,40,2,4,ESTIMATE Agent[10] SEER
1,talk,41,2,12,ESTIMATE Agent[10] SEER
1,talk,42,2,15,ESTIMATE Agent[10] SEER
1,talk,43,2,11,ESTIMATE Agent[10] SEER
1,talk,44,2,6,ESTIMATE Agent[10] SEER
1,talk,45,3,12,Skip
1,talk,46,3,8,Skip
1,talk,47,3,15,Skip
1,talk,48,3,3,Skip
1,talk,49,3,11,Skip
1,talk,50,3,7,ESTIMATE Agent[10] WEREWOLF
1,talk,51,3,5,Skip
1,talk,52,3,9,Skip
1,talk,53,3,6,Skip
1,talk,54,3,10,VOTE Agent[07]
1,talk,55,3,14,Skip
1,talk,56,3,4,Skip
1,talk,57,3,13,DIVINED Agent[14] WEREWOLF
1,talk,58,3,1,ESTIMATE Agent[07] WEREWOLF
1,talk,59,3,2,Skip
1,talk,60,4,1,VOTE Agent[14]
1,talk,61,4,9,ESTIMATE Agent[14] WEREWOLF
1,talk,62,4,6,ESTIMATE Agent[14] WEREWOLF
1,talk,63,4,7,VOTE Agent[10]
1,talk,64,4,4,ESTIMATE Agent[14] WEREWOLF
1,talk,65,4,12,ESTIMATE Agent[14] WEREWOLF
1,talk,66,4,14,ESTIMATE Agent[13] WEREWOLF
1,talk,67,4,13,Skip
1,talk,68,4,3,Over
1,talk,69,4,8,ESTIMATE Agent[14] WEREWOLF
1,talk,70,4,10,REQUEST(VOTE Agent[07])
1,talk,71,4,5,ESTIMATE Agent[14] WEREWOLF
1,talk,72,4,15,ESTIMATE Agent[14] WEREWOLF
1,talk,73,4,2,ESTIMATE Agent[14] WEREWOLF
1,talk,74,4,11,ESTIMATE Agent[14] WEREWOLF
1,talk,75,5,7,Skip
1,talk,76,5,14,REQUEST(Agent[10] DIVINATION Agent[13])
1,talk,77,5,4,REQUEST(Agent[10] DIVINATION Agent[14])
1,talk,78,5,13,Skip
1,talk,79,5,15,REQUEST(Agent[10] DIVINATION Agent[14])
1,talk,80,5,10,Skip
1,talk,81,5,12,REQUEST(Agent[10] DIVINATION Agent[14])
1,talk,82,5,8,REQUEST(Agent[10] DIVINATION Agent[14])
1,talk,83,5,9,REQUEST(Agent[10] DIVINATION Agent[14])
1,talk,84,5,5,REQUEST(Agent[10] DIVINATION Agent[14])
1,talk,85,5,6,REQUEST(Agent[10] DIVINATION Agent[14])
1,talk,86,5,3,Over
1,talk,87,5,11,REQUEST(Agent[10] DIVINATION Agent[14])
1,talk,88,5,2,REQUEST(Agent[10] DIVINATION Agent[14])
1,talk,89,5,1,ESTIMATE Agent[11] WEREWOLF
1,talk,90,6,3,Over
1,talk,91,6,1,ESTIMATE Agent[14] WEREWOLF
1,talk,92,6,4,VOTE Agent[14]
1,talk,93,6,14,VOTE Agent[13]
1,talk,94,6,2,VOTE Agent[14]
1,talk,95,6,12,VOTE Agent[14]
1,talk,96,6,10,Skip
1,talk,97,6,9,VOTE Agent[14]
1,talk,98,6,5,VOTE Agent[14]
1,talk,99,6,8,VOTE Agent[14]
1,talk,100,6,13,Over
1,talk,101,6,15,VOTE Agent[14]
1,talk,102,6,11,VOTE Agent[14]
1,talk,103,6,7,Skip
1,talk,104,6,6,VOTE Agent[14]
1,talk,105,7,13,Over
1,talk,106,7,6,Skip
1,talk,107,7,5,Skip
1,talk,108,7,12,Skip
1,talk,109,7,9,Skip
1,talk,110,7,10,Over
1,talk,111,7,11,Skip
1,talk,112,7,14,Skip
1,talk,113,7,15,Skip
1,talk,114,7,8,Skip
1,talk,115,7,1,Over
1,talk,116,7,4,Skip
1,talk,117,7,2,Skip
1,talk,118,7,3,Over
1,talk,119,7,7,Over
1,talk,120,8,3,Over
1,talk,121,8,6,Skip
1,talk,122,8,1,Over
1,talk,123,8,2,Skip
1,talk,124,8,12,Skip
1,talk,125,8,9,Skip
1,talk,126,8,14,Skip
1,talk,127,8,4,Skip
1,talk,128,8,5,Skip
1,talk,129,8,10,Over
1,talk,130,8,11,Skip
1,talk,131,8,7,Over
1,talk,132,8,8,Skip
1,talk,133,8,15,Skip
1,talk,134,8,13,Over
1,talk,135,9,9,Over
1,talk,136,9,15,Over
1,talk,137,9,4,Over
1,talk,138,9,6,Over
1,talk,139,9,14,Over
1,talk,140,9,11,Over
1,talk,141,9,3,Over
1,talk,142,9,10,Over
1,talk,143,9,13,Over
1,talk,144,9,1,Over
1,talk,145,9,12,Over
1,talk,146,9,7,Over
1,talk,147,9,2,Over
1,talk,148,9,8,Over
1,talk,149,9,5,Over
1,vote,1,14
1,vote,2,14
1,vote,3,14
1,vote,4,14
1,vote,5,14
1,vote,6,14
1,vote,7,10
1,vote,8,14
1,vote,9,14
1,vote,10,7
1,vote,11,14
1,vote,12,14
1,vote,13,14
1,vote,14,13
1,vote,15,14
1,execute,14,VILLAGER
1,divine,7,13,WEREWOLF
1,whisper,0,0,3,ATTACK Agent[10]
1,whisper,1,0,13,ATTACK Agent[10]
1,whisper,2,0,1,ATTACK Agent[07]
1,whisper,3,1,3,REQUEST(ATTACK Agent[10])
1,whisper,4,1,1,Over
1,whisper,5,1,13,REQUEST(ATTACK Agent[10])
1,whisper,6,2,1,Over
1,whisper,7,2,13,DIVINED Agent[03] HUMAN
1,whisper,8,2,3,IDENTIFIED Agent[14] HUMAN
1,whisper,9,3,13,Skip
1,whisper,10,3,1,Over
1,whisper,11,3,3,Skip
1,whisper,12,4,13,Skip
1,whisper,13,4,1,Over
1,whisper,14,4,3,Skip
1,whisper,15,5,1,Over
1,whisper,16,5,13,Over
1,whisper,17,5,3,Over
1,guard,5,10,POSSESSED
1,attackVote,1,7
1,attackVote,3,10
1,attackVote,13,10
1,attack,10,false
2,status,1,WEREWOLF,ALIVE,wolf1
2,status,2,VILLAGER,ALIVE,SampleRoleAssignPlayer
2,status,3,WEREWOLF,ALIVE,SampleRoleAssignPlayer
2,status,4,VILLAGER,ALIVE,SampleRoleAssignPlayer
2,status,5,BODYGUARD,ALIVE,SampleRoleAssignPlayer
2,status,6,VILLAGER,ALIVE,SampleRoleAssignPlayer
2,status,7,SEER,ALIVE,SampleRoleAssignPlayer
2,status,8,VILLAGER,ALIVE,SampleRoleAssignPlayer
2,status,9,VILLAGER,ALIVE,SampleRoleAssignPlayer
2,status,10,POSSESSED,ALIVE,SampleRoleAssignPlayer
2,status,11,VILLAGER,ALIVE,SampleRoleAssignPlayer
2,status,12,VILLAGER,ALIVE,SampleRoleAssignPlayer
2,status,13,WEREWOLF,ALIVE,SampleRoleAssignPlayer
2,status,14,VILLAGER,DEAD,SampleRoleAssignPlayer
2,status,15,MEDIUM,ALIVE,SampleRoleAssignPlayer
2,talk,0,0,10,DIVINED Agent[09] HUMAN
2,talk,1,0,3,VOTE Agent[02]
2,talk,2,0,6,VOTE Agent[12]
2,talk,3,0,8,VOTE Agent[07]
2,talk,4,0,12,VOTE Agent[05]
2,talk,5,0,15,AGREE TALK day1 ID:66
2,talk,6,0,13,DIVINED Agent[03] HUMAN
2,talk,7,0,11,VOTE Agent[07]
2,talk,8,0,5,VOTE Agent[02]
2,talk,9,0,9,VOTE Agent[10]
2,talk,10,0,2,VOTE Agent[15]
2,talk,11,0,7,DIVINED Agent[13] WEREWOLF
2,talk,12,0,1,VOTE Agent[11]
2,talk,13,0,4,VOTE Agent[02]
2,talk,14,1,5,AGREE TALK day1 ID:66
2,talk,15,1,10,REQUEST(VOTE Agent[13])
2,talk,16,1,11,AGREE TALK day1 ID:66
2,talk,17,1,12,AGREE TALK day1 ID:66
2,talk,18,1,3,REQUEST(VOTE Agent[02])
2,talk,19,1,13,VOTE Agent[10]
2,talk,20,1,7,REQUEST(VOTE Agent[13])
2,talk,21,1,4,AGREE TALK day1 ID:66
2,talk,22,1,1,ESTIMATE Agent[11] WEREWOLF
2,talk,23,1,2,AGREE TALK day1 ID:66
2,talk,24,1,6,AGREE TALK day1 ID:66
2,talk,25,1,8,AGREE TALK day1 ID:66
2,talk,26,1,15,ESTIMATE Agent[13] WEREWOLF
2,talk,27,1,9,AGREE TALK day1 ID:66
2,talk,28,2,10,VOTE Agent[07]
2,talk,29,2,7,VOTE Agent[13]
2,talk,30,2,15,REQUEST(Agent[10] DIVINATION Agent[13])
2,talk,31,2,5,ESTIMATE Agent[13] WEREWOLF
2,talk,32,2,11,ESTIMATE Agent[13] WEREWOLF
2,talk,33,2,1,ESTIMATE Agent[12] WEREWOLF
2,talk,34,2,3,Skip
2,talk,35,2,6,ESTIMATE Agent[13] WEREWOLF
2,talk,36,2,12,ESTIMATE Agent[13] WEREWOLF
2,talk,37,2,4,ESTIMATE Agent[13] WEREWOLF
2,talk,38,2,9,ESTIMATE Agent[13] WEREWOLF
2,talk,39,2,2,ESTIMATE Agent[13] WEREWOLF
2,talk,40,2,8,ESTIMATE Agent[13] WEREWOLF
2,talk,41,2,13,REQUEST(VOTE Agent[10])
2,talk,42,3,4,REQUEST(Agent[10] DIVINATION Agent[13])
2,talk,43,3,8,REQUEST(Agent[10] DIVINATION Agent[13])
2,talk,44,3,15,VOTE Agent[13]
2,talk,45,3,5,REQUEST(Agent[10] DIVINATION Agent[13])
2,talk,46,3,6,REQUEST(Agent[10] DIVINATION Agent[13])
2,talk,47,3,12,REQUEST(Agent[10] DIVINATION Agent[13])
2,talk,48,3,3,Skip
2,talk,49,3,7,Skip
2,talk,50,3,1,ESTIMATE Agent[13] WEREWOLF
2,talk,51,3,13,Skip
2,talk,52,3,2,REQUEST(Agent[10] DIVINATION Agent[13])
2,talk,53,3,9,REQUEST(Agent[10] DIVINATION Agent[13])
2,talk,54,3,11,REQUEST(Agent[10] DIVINATION Agent[13])
2,talk,55,3,10,REQUEST(VOTE Agent[07])
2,talk,56,4,5,VOTE Agent[13]
2,talk,57,4,13,Skip
2,talk,58,4,4,VOTE Agent[13]
2,talk,59,4,8,VOTE Agent[13]
2,talk,60,4,10,Skip
2,talk,61,4,7,Skip
2,talk,62,4,12,VOTE Agent[13]
2,talk,63,4,11,VOTE Agent[13]
2,talk,64,4,15,Skip
2,talk,65,4,1,VOTE Agent[13]
2,talk,66,4,6,VOTE Agent[13]
2,talk,67,4,9,VOTE Agent[13]
2,talk,68,4,2,VOTE Agent[13]
2,talk,69,4,3,Over
2,talk,70,5,9,Skip
2,talk,71,5,15,Skip
2,talk,72,5,10,Skip
2,talk,73,5,7,Over
2,talk,74,5,11,Skip
2,talk,75,5,8,Skip
2,talk,76,5,12,Skip
2,talk,77,5,13,Over
2,talk,78,5,1,Over
2,talk,79,5,2,Skip
2,talk,80,5,4,Skip
2,talk,81,5,3,Over
2,talk,82,5,6,Skip
2,talk,83,5,5,Skip
2,talk,84,6,15,Over
2,talk,85,6,2,Skip
2,talk,86,6,9,Skip
2,talk,87,6,5,Skip
2,talk,88,6,11,Skip
2,talk,89,6,10,Over
2,talk,90,6,7,Over
2,talk,91,6,6,Skip
2,talk,92,6,4,Skip
2,talk,93,6,8,Skip
2,talk,94,6,13,Over
2,talk,95,6,12,Skip
2,talk,96,6,3,Over
2,talk,97,6,1,Over
2,talk,98,7,2,Over
2,talk,99,7,4,Over
2,talk,100,7,7,Over
2,talk,101,7,10,Over
2,talk,102,7,1,Over
2,talk,103,7,9,Over
2,talk,104,7,11,Over
2,talk,105,7,15,Over
2,talk,106,7,13,Over
2,talk,107,7,5,Over
2,talk,108,7,3,Over
2,talk,109,7,6,Over
2,talk,110,7,8,Over
2,talk,111,7,12,Over
2,vote,1,13
2,vote,2,13
2,vote,3,2
2,vote,4,13
2,vote,5,13
2,vote,6,13
2,vote,7,13
2,vote,8,13
2,vote,9,13
2,vote,10,7
2,vote,11,13
2,vote,12,13
2,vote,13,10
2,vote,15,13
2,execute,13,WEREWOLF
2,divine,7,10,HUMAN
2,whisper,0,0,3,ATTACK Agent[07]
2,whisper,1,0,1,ATTACK Agent[10]
2,whisper,2,1,1,Over
2,whisper,3,1,3,REQUEST(ATTACK Agent[07])
2,whisper,4,2,1,Over
2,whisper,5,2,3,IDENTIFIED Agent[13] HUMAN
2,whisper,6,3,3,Skip
2,whisper,7,3,1,Over
2,whisper,8,4,3,Skip
2,whisper,9,4,1,Over
2,whisper,10,5,1,Over
2,whisper,11,5,3,Over
2,guard,5,10,POSSESSED
2,attackVote,1,10
2,attackVote,3,7
2,attackVote,1,10
2,attackVote,3,7
2,attack,10,false
3,status,1,WEREWOLF,ALIVE,wolf1
3,status,2,VILLAGER,ALIVE,SampleRoleAssignPlayer
3,status,3,WEREWOLF,ALIVE,SampleRoleAssignPlayer
3,status,4,VILLAGER,ALIVE,SampleRoleAssignPlayer
3,status,5,BODYGUARD,ALIVE,SampleRoleAssignPlayer
3,status,6,VILLAGER,ALIVE,SampleRoleAssignPlayer
3,status,7,SEER,ALIVE,SampleRoleAssignPlayer
3,status,8,VILLAGER,ALIVE,SampleRoleAssignPlayer
3,status,9,VILLAGER,ALIVE,SampleRoleAssignPlayer
3,status,10,POSSESSED,ALIVE,SampleRoleAssignPlayer
3,status,11,VILLAGER,ALIVE,SampleRoleAssignPlayer
3,status,12,VILLAGER,ALIVE,SampleRoleAssignPlayer
3,status,13,WEREWOLF,DEAD,SampleRoleAssignPlayer
3,status,14,VILLAGER,DEAD,SampleRoleAssignPlayer
3,status,15,MEDIUM,ALIVE,SampleRoleAssignPlayer
3,talk,0,0,4,VOTE Agent[06]
3,talk,1,0,12,VOTE Agent[03]
3,talk,2,0,8,VOTE Agent[03]
3,talk,3,0,6,VOTE Agent[09]
3,talk,4,0,1,VOTE Agent[07]
3,talk,5,0,11,VOTE Agent[15]
3,talk,6,0,2,VOTE Agent[04]
3,talk,7,0,7,DIVINED Agent[10] HUMAN
3,talk,8,0,5,VOTE Agent[09]
3,talk,9,0,15,COMINGOUT Agent[15] MEDIUM
3,talk,10,0,3,VOTE Agent[05]
3,talk,11,0,10,DIVINED Agent[11] HUMAN
3,talk,12,0,9,VOTE Agent[01]
3,talk,13,1,11,Skip
3,talk,14,1,5,Skip
3,talk,15,1,6,Skip
3,talk,16,1,2,Skip
3,talk,17,1,15,IDENTIFIED Agent[14] HUMAN
3,talk,18,1,3,REQUEST(VOTE Agent[05])
3,talk,19,1,1,ESTIMATE Agent[02] WEREWOLF
3,talk,20,1,8,Skip
3,talk,21,1,12,Skip
3,talk,22,1,10,VOTE Agent[07]
3,talk,23,1,4,Skip
3,talk,24,1,9,Skip
3,talk,25,1,7,VOTE Agent[12]
3,talk,26,2,8,Skip
3,talk,27,2,7,Skip
3,talk,28,2,15,IDENTIFIED Agent[13] WEREWOLF
3,talk,29,2,10,REQUEST(VOTE Agent[07])
3,talk,30,2,9,Skip
3,talk,31,2,2,Skip
3,talk,32,2,4,Skip
3,talk,33,2,1,ESTIMATE Agent[07] WEREWOLF
3,talk,34,2,11,Skip
3,talk,35,2,12,Skip
3,talk,36,2,3,VOTE Agent[15]
3,talk,37,2,6,Skip
3,talk,38,2,5,Skip
3,talk,39,3,12,Over
3,talk,40,3,9,Over
3,talk,41,3,1,ESTIMATE Agent[03] WEREWOLF
3,talk,42,3,10,Skip
3,talk,43,3,8,Over
3,talk,44,3,15,VOTE Agent[01]
3,talk,45,3,7,Skip
3,talk,46,3,5,Over
3,talk,47,3,3,REQUEST(VOTE Agent[15])
3,talk,48,3,2,Over
3,talk,49,3,4,Over
3,talk,50,3,11,Over
3,talk,51,3,6,Over
3,talk,52,4,11,Over
3,talk,53,4,5,Over
3,talk,54,4,1,ESTIMATE Agent[04] WEREWOLF
3,talk,55,4,9,Over
3,talk,56,4,12,Over
3,talk,57,4,2,Over
3,talk,58,4,10,Skip
3,talk,59,4,4,Over
3,talk,60,4,6,Over
3,talk,61,4,7,Over
3,talk,62,4,8,Over
3,talk,63,4,3,COMINGOUT Agent[03] MEDIUM
3,talk,64,4,15,Skip
3,talk,65,5,6,Over
3,talk,66,5,11,Over
3,talk,67,5,7,Over
3,talk,68,5,10,Over
3,talk,69,5,12,Over
3,talk,70,5,1,ESTIMATE Agent[15] WEREWOLF
3,talk,71,5,4,Over
3,talk,72,5,5,Over
3,talk,73,5,9,Over
3,talk,74,5,8,Over
3,talk,75,5,2,Over
3,talk,76,5,15,AGREE TALK day3 ID:41
3,talk,77,5,3,IDENTIFIED Agent[14] HUMAN
3,talk,78,6,10,Over
3,talk,79,6,7,Over
3,talk,80,6,5,Over
3,talk,81,6,2,Over
3,talk,82,6,11,Over
3,talk,83,6,6,Over
3,talk,84,6,15,ESTIMATE Agent[03] WEREWOLF
3,talk,85,6,4,Over
3,talk,86,6,9,Over
3,talk,87,6,3,IDENTIFIED Agent[13] HUMAN
3,talk,88,6,8,Over
3,talk,89,6,1,Over
3,talk,90,6,12,Over
3,talk,91,7,4,Over
3,talk,92,7,7,AGREE TALK day3 ID:41
3,talk,93,7,2,Over
3,talk,94,7,11,Over
3,talk,95,7,8,Over
3,talk,96,7,9,Over
3,talk,97,7,5,Over
3,talk,98,7,15,REQUEST(Agent[10] DIVINATION Agent[03])
3,talk,99,7,1,Over
3,talk,100,7,12,Over
3,talk,101,7,3,Skip
3,talk,102,7,6,Over
3,talk,103,7,10,Over
3,talk,104,8,5,Over
3,talk,105,8,12,Over
3,talk,106,8,11,Over
3,talk,107,8,10,Over
3,talk,108,8,9,Over
3,talk,109,8,7,AGREE TALK day3 ID:84
3,talk,110,8,8,Over
3,talk,111,8,15,VOTE Agent[03]
3,talk,112,8,6,Over
3,talk,113,8,4,Over
3,talk,114,8,1,VOTE Agent[15]
3,talk,115,8,2,Over
3,talk,116,8,3,Skip
3,talk,117,9,7,ESTIMATE Agent[03] WEREWOLF
3,talk,118,9,8,Over
3,talk,119,9,4,Over
3,talk,120,9,12,Over
3,talk,121,9,1,ESTIMATE Agent[12] WEREWOLF
3,talk,122,9,11,Over
3,talk,123,9,9,Over
3,talk,124,9,10,Over
3,talk,125,9,2,Over
3,talk,126,9,6,Over
3,talk,127,9,5,Over
3,talk,128,9,3,Over
3,talk,129,9,15,Skip
3,talk,130,10,10,Over
3,talk,131,10,12,Over
3,talk,132,10,1,Over
3,talk,133,10,9,Over
3,talk,134,10,8,Over
3,talk,135,10,5,Over
3,talk,136,10,15,Skip
3,talk,137,10,3,Over
3,talk,138,10,6,Over
3,talk,139,10,4,Over
3,talk,140,10,7,VOTE Agent[03]
3,talk,141,10,2,Over
3,talk,142,10,11,Over
3,talk,143,11,1,Over
3,talk,144,11,2,Over
3,talk,145,11,10,Over
3,talk,146,11,7,Skip
3,talk,147,11,11,Over
3,talk,148,11,8,Over
3,talk,149,11,15,Over
3,talk,150,11,4,Over
3,talk,151,11,12,Over
3,talk,152,11,9,Over
3,talk,153,11,5,Over
3,talk,154,11,6,Over
3,talk,155,11,3,Over
3,talk,156,12,5,Over
3,talk,157,12,9,Over
3,talk,158,12,1,Over
3,talk,159,12,3,Over
3,talk,160,12,6,Over
3,talk,161,12,10,Over
3,talk,162,12,12,Over
3,talk,163,12,11,Over
3,talk,164,12,15,Over
3,talk,165,12,7,Skip
3,talk,166,12,8,Over
3,talk,167,12,4,Over
3,talk,168,12,2,Over
3,talk,169,13,12,Over
3,talk,170,13,11,Over
3,talk,171,13,4,Over
3,talk,172,13,8,Over
3,talk,173,13,10,Over
3,talk,174,13,9,Over
3,talk,175,13,15,Over
3,talk,176,13,5,Over
3,talk,177,13,6,Over
3,talk,178,13,3,Over
3,talk,179,13,1,Over
3,talk,180,13,2,Over
3,talk,181,13,7,Over
3,vote,1,15
3,vote,2,4
3,vote,3,15
3,vote,4,6
3,vote,5,9
3,vote,6,9
3,vote,7,3
3,vote,8,3
3,vote,9,1
3,vote,10,7
3,vote,11,15
3,vote,12,3
3,vote,15,3
3,execute,3,WEREWOLF
3,guard,5,10,POSSESSED
4,status,1,WEREWOLF,ALIVE,wolf1
4,status,2,VILLAGER,ALIVE,SampleRoleAssignPlayer
4,status,3,WEREWOLF,DEAD,SampleRoleAssignPlayer
4,status,4,VILLAGER,ALIVE,SampleRoleAssignPlayer
4,status,5,BODYGUARD,ALIVE,SampleRoleAssignPlayer
4,status,6,VILLAGER,ALIVE,SampleRoleAssignPlayer
4,status,7,SEER,ALIVE,SampleRoleAssignPlayer
4,status,8,VILLAGER,ALIVE,SampleRoleAssignPlayer
4,status,9,VILLAGER,ALIVE,SampleRoleAssignPlayer
4,status,10,POSSESSED,ALIVE,SampleRoleAssignPlayer
4,status,11,VILLAGER,ALIVE,SampleRoleAssignPlayer
4,status,12,VILLAGER,ALIVE,SampleRoleAssignPlayer
4,status,13,WEREWOLF,DEAD,SampleRoleAssignPlayer
4,status,14,VILLAGER,DEAD,SampleRoleAssignPlayer
4,status,15,MEDIUM,ALIVE,SampleRoleAssignPlayer
4,talk,0,0,8,VOTE Agent[01]
4,talk,1,0,10,DIVINED Agent[02] HUMAN
4,talk,2,0,7,VOTE Agent[01]
4,talk,3,0,1,VOTE Agent[07]
4,talk,4,0,2,VOTE Agent[04]
4,talk,5,0,15,IDENTIFIED Agent[03] WEREWOLF
4,talk,6,0,12,VOTE Agent[15]
4,talk,7,0,4,VOTE Agent[12]
4,talk,8,0,11,VOTE Agent[01]
4,talk,9,0,6,VOTE Agent[11]
4,talk,10,0,9,VOTE Agent[07]
4,talk,11,0,5,VOTE Agent[07]
4,talk,12,1,7,Skip
4,talk,13,1,4,Skip
4,talk,14,1,1,ESTIMATE Agent[04] WEREWOLF
4,talk,15,1,11,Skip
4,talk,16,1,9,Skip
4,talk,17,1,5,Skip
4,talk,18,1,12,Skip
4,talk,19,1,6,Skip
4,talk,20,1,10,VOTE Agent[07]
4,talk,21,1,15,VOTE Agent[07]
4,talk,22,1,2,Skip
4,talk,23,1,8,Skip
4,talk,24,2,12,Skip
4,talk,25,2,5,Skip
4,talk,26,2,8,Skip
4,talk,27,2,7,Skip
4,talk,28,2,6,Skip
4,talk,29,2,2,Skip
4,talk,30,2,10,REQUEST(VOTE Agent[07])
4,talk,31,2,9,Skip
4,talk,32,2,1,ESTIMATE Agent[07] WEREWOLF
4,talk,33,2,11,Skip
4,talk,34,2,15,Skip
4,talk,35,2,4,Skip
4,talk,36,3,12,Over
4,talk,37,3,8,Over
4,talk,38,3,9,Over
4,talk,39,3,2,Over
4,talk,40,3,7,Over
4,talk,41,3,10,Skip
4,talk,42,3,6,Over
4,talk,43,3,4,Over
4,talk,44,3,5,Over
4,talk,45,3,11,Over
4,talk,46,3,1,ESTIMATE Agent[15] WEREWOLF
4,talk,47,3,15,Skip
4,talk,48,4,5,Over
4,talk,49,4,1,Over
4,talk,50,4,10,Skip
4,talk,51,4,4,Over
4,talk,52,4,11,Over
4,talk,53,4,6,Over
4,talk,54,4,9,Over
4,talk,55,4,2,Over
4,talk,56,4,15,Over
4,talk,57,4,12,Over
4,talk,58,4,7,Over
4,talk,59,4,8,Over
4,talk,60,5,11,Over
4,talk,61,5,5,Over
4,talk,62,5,8,Over
4,talk,63,5,2,Over
4,talk,64,5,1,Over
4,talk,65,5,10,Over
4,talk,66,5,6,Over
4,talk,67,5,4,Over
4,talk,68,5,9,Over
4,talk,69,5,7,Over
4,talk,70,5,15,Over
4,talk,71,5,12,Over
4,vote,1,7
4,vote,2,4
4,vote,4,12
4,vote,5,7
4,vote,6,11
4,vote,7,1
4,vote,8,1
4,vote,9,7
4,vote,10,7
4,vote,11,1
4,vote,12,15
4,vote,15,7
4,execute,7,SEER
4,guard,5,10,POSSESSED
4,attackVote,1,10
4,attack,10,false
5,status,1,WEREWOLF,ALIVE,wolf1
5,status,2,VILLAGER,ALIVE,SampleRoleAssignPlayer
5,status,3,WEREWOLF,DEAD,SampleRoleAssignPlayer
5,status,4,VILLAGER,ALIVE,SampleRoleAssignPlayer
5,status,5,BODYGUARD,ALIVE,SampleRoleAssignPlayer
5,status,6,VILLAGER,ALIVE,SampleRoleAssignPlayer
5,status,7,SEER,DEAD,SampleRoleAssignPlayer
5,status,8,VILLAGER,ALIVE,SampleRoleAssignPlayer
5,status,9,VILLAGER,ALIVE,SampleRoleAssignPlayer
5,status,10,POSSESSED,ALIVE,SampleRoleAssignPlayer
5,status,11,VILLAGER,ALIVE,SampleRoleAssignPlayer
5,status,12,VILLAGER,ALIVE,SampleRoleAssignPlayer
5,status,13,WEREWOLF,DEAD,SampleRoleAssignPlayer
5,status,14,VILLAGER,DEAD,SampleRoleAssignPlayer
5,status,15,MEDIUM,ALIVE,SampleRoleAssignPlayer
5,talk,0,0,9,VOTE Agent[11]
5,talk,1,0,10,DIVINED Agent[08] HUMAN
5,talk,2,0,6,VOTE Agent[11]
5,talk,3,0,1,VOTE Agent[15]
5,talk,4,0,12,VOTE Agent[04]
5,talk,5,0,5,VOTE Agent[06]
5,talk,6,0,2,VOTE Agent[06]
5,talk,7,0,4,VOTE Agent[05]
5,talk,8,0,11,VOTE Agent[05]
5,talk,9,0,8,VOTE Agent[01]
5,talk,10,0,15,IDENTIFIED Agent[07] HUMAN
5,talk,11,1,2,Skip
5,talk,12,1,5,Skip
5,talk,13,1,1,ESTIMATE Agent[03] WEREWOLF
5,talk,14,1,9,Skip
5,talk,15,1,15,VOTE Agent[05]
5,talk,16,1,11,Skip
5,talk,17,1,4,Skip
5,talk,18,1,12,Skip
5,talk,19,1,8,Skip
5,talk,20,1,10,VOTE Agent[15]
5,talk,21,1,6,Skip
5,talk,22,2,8,Skip
5,talk,23,2,1,ESTIMATE Agent[04] WEREWOLF
5,talk,24,2,10,REQUEST(VOTE Agent[15])
5,talk,25,2,5,Skip
5,talk,26,2,2,Skip
5,talk,27,2,6,Skip
5,talk,28,2,12,Skip
5,talk,29,2,9,Skip
5,talk,30,2,4,Skip
5,talk,31,2,11,Skip
5,talk,32,2,15,Skip
5,talk,33,3,2,Over
5,talk,34,3,8,Over
5,talk,35,3,10,Skip
5,talk,36,3,4,Over
5,talk,37,3,9,Over
5,talk,38,3,15,Skip
5,talk,39,3,11,Over
5,talk,40,3,6,Over
5,talk,41,3,12,Over
5,talk,42,3,5,Over
5,talk,43,3,1,ESTIMATE Agent[13] WEREWOLF
5,talk,44,4,2,Over
5,talk,45,4,12,Over
5,talk,46,4,1,VOTE Agent[06]
5,talk,47,4,11,Over
5,talk,48,4,15,Over
5,talk,49,4,10,Skip
5,talk,50,4,6,Over
5,talk,51,4,8,Over
5,talk,52,4,5,Over
5,talk,53,4,9,Over
5,talk,54,4,4,Over
5,talk,55,5,8,Over
5,talk,56,5,2,Over
5,talk,57,5,12,Over
5,talk,58,5,6,Over
5,talk,59,5,5,Over
5,talk,60,5,9,Over
5,talk,61,5,15,Over
5,talk,62,5,4,Over
5,talk,63,5,10,Over
5,talk,64,5,1,Over
5,talk,65,5,11,Over
5,vote,1,6
5,vote,2,6
5,vote,4,5
5,vote,5,6
5,vote,6,11
5,vote,8,1
5,vote,9,11
5,vote,10,15
5,vote,11,5
5,vote,12,4
5,vote,15,5
5,vote,1,6
5,vote,2,6
5,vote,4,5
5,vote,5,6
5,vote,6,5
5,vote,8,5
5,vote,9,6
5,vote,10,5
5,vote,11,5
5,vote,12,5
5,vote,15,5
5,execute,5,BODYGUARD
5,attackVote,1,10
5,attack,10,true
6,status,1,WEREWOLF,ALIVE,wolf1
6,status,2,VILLAGER,ALIVE,SampleRoleAssignPlayer
6,status,3,WEREWOLF,DEAD,SampleRoleAssignPlayer
6,status,4,VILLAGER,ALIVE,SampleRoleAssignPlayer
6,status,5,BODYGUARD,DEAD,SampleRoleAssignPlayer
6,status,6,VILLAGER,ALIVE,SampleRoleAssignPlayer
6,status,7,SEER,DEAD,SampleRoleAssignPlayer
6,status,8,VILLAGER,ALIVE,SampleRoleAssignPlayer
6,status,9,VILLAGER,ALIVE,SampleRoleAssignPlayer
6,status,10,POSSESSED,DEAD,SampleRoleAssignPlayer
6,status,11,VILLAGER,ALIVE,SampleRoleAssignPlayer
6,status,12,VILLAGER,ALIVE,SampleRoleAssignPlayer
6,status,13,WEREWOLF,DEAD,SampleRoleAssignPlayer
6,status,14,VILLAGER,DEAD,SampleRoleAssignPlayer
6,status,15,MEDIUM,ALIVE,SampleRoleAssignPlayer
6,talk,0,0,1,VOTE Agent[15]
6,talk,1,0,11,VOTE Agent[09]
6,talk,2,0,6,VOTE Agent[11]
6,talk,3,0,8,VOTE Agent[02]
6,talk,4,0,9,VOTE Agent[11]
6,talk,5,0,15,IDENTIFIED Agent[05] HUMAN
6,talk,6,0,12,VOTE Agent[01]
6,talk,7,0,4,VOTE Agent[01]
6,talk,8,0,2,VOTE Agent[11]
6,talk,9,1,9,Skip
6,talk,10,1,4,Skip
6,talk,11,1,11,Skip
6,talk,12,1,1,ESTIMATE Agent[04] WEREWOLF
6,talk,13,1,15,VOTE Agent[04]
6,talk,14,1,6,Skip
6,talk,15,1,12,Skip
6,talk,16,1,2,Skip
6,talk,17,1,8,Skip
6,talk,18,2,9,Skip
6,talk,19,2,1,ESTIMATE Agent[06] WEREWOLF
6,talk,20,2,6,Skip
6,talk,21,2,15,Skip
6,talk,22,2,2,Skip
6,talk,23,2,4,Skip
6,talk,24,2,12,Skip
6,talk,25,2,11,Skip
6,talk,26,2,8,Skip
6,talk,27,3,6,Over
6,talk,28,3,15,Skip
6,talk,29,3,11,Over
6,talk,30,3,1,ESTIMATE Agent[07] WEREWOLF
6,talk,31,3,12,Over
6,talk,32,3,4,Over
6,talk,33,3,2,Over
6,talk,34,3,8,Over
6,talk,35,3,9,Over
6,talk,36,4,8,Over
6,talk,37,4,9,Over
6,talk,38,4,2,Over
6,talk,39,4,12,Over
6,talk,40,4,11,Over
6,talk,41,4,6,Over
6,talk,42,4,15,Over
6,talk,43,4,1,VOTE Agent[04]
6,talk,44,4,4,Over
6,talk,45,5,2,Over
6,talk,46,5,11,Over
6,talk,47,5,15,Over
6,talk,48,5,1,ESTIMATE Agent[15] WEREWOLF
6,talk,49,5,9,Over
6,talk,50,5,12,Over
6,talk,51,5,4,Over
6,talk,52,5,6,Over
6,talk,53,5,8,Over
6,talk,54,6,8,Over
6,talk,55,6,15,Over
6,talk,56,6,2,Over
6,talk,57,6,12,Over
6,talk,58,6,9,Over
6,talk,59,6,1,Over
6,talk,60,6,11,Over
6,talk,61,6,6,Over
6,talk,62,6,4,Over
6,vote,1,4
6,vote,2,11
6,vote,4,1
6,vote,6,11
6,vote,8,2
6,vote,9,11
6,vote,11,9
6,vote,12,1
6,vote,15,4
6,execute,11,VILLAGER
6,attackVote,1,8
6,attack,8,true
7,status,1,WEREWOLF,ALIVE,wolf1
7,status,2,VILLAGER,ALIVE,SampleRoleAssignPlayer
7,status,3,WEREWOLF,DEAD,SampleRoleAssignPlayer
7,status,4,VILLAGER,ALIVE,SampleRoleAssignPlayer
7,status,5,BODYGUARD,DEAD,SampleRoleAssignPlayer
7,status,6,VILLAGER,ALIVE,SampleRoleAssignPlayer
7,status,7,SEER,DEAD,SampleRoleAssignPlayer
7,status,8,VILLAGER,DEAD,SampleRoleAssignPlayer
7,status,9,VILLAGER,ALIVE,SampleRoleAssignPlayer
7,status,10,POSSESSED,DEAD,SampleRoleAssignPlayer
7,status,11,VILLAGER,DEAD,SampleRoleAssignPlayer
7,status,12,VILLAGER,ALIVE,SampleRoleAssignPlayer
7,status,13,WEREWOLF,DEAD,SampleRoleAssignPlayer
7,status,14,VILLAGER,DEAD,SampleRoleAssignPlayer
7,status,15,MEDIUM,ALIVE,SampleRoleAssignPlayer
7,talk,0,0,4,VOTE Agent[01]
7,talk,1,0,1,VOTE Agent[06]
7,talk,2,0,6,VOTE Agent[02]
7,talk,3,0,9,VOTE Agent[02]
7,talk,4,0,12,VOTE Agent[09]
7,talk,5,0,2,VOTE Agent[09]
7,talk,6,0,15,IDENTIFIED Agent[11] HUMAN
7,talk,7,1,15,VOTE Agent[01]
7,talk,8,1,9,Skip
7,talk,9,1,4,Skip
7,talk,10,1,12,Skip
7,talk,11,1,2,Skip
7,talk,12,1,6,Skip
7,talk,13,1,1,ESTIMATE Agent[06] WEREWOLF
7,talk,14,2,1,ESTIMATE Agent[07] WEREWOLF
7,talk,15,2,9,Skip
7,talk,16,2,2,Skip
7,talk,17,2,15,Skip
7,talk,18,2,6,Skip
7,talk,19,2,4,Skip
7,talk,20,2,12,Skip
7,talk,21,3,9,Over
7,talk,22,3,4,Over
7,talk,23,3,1,ESTIMATE Agent[15] WEREWOLF
7,talk,24,3,6,Over
7,talk,25,3,12,Over
7,talk,26,3,15,Skip
7,talk,27,3,2,Over
7,talk,28,4,15,Over
7,talk,29,4,2,Over
7,talk,30,4,6,Over
7,talk,31,4,4,Over
7,talk,32,4,12,Over
7,talk,33,4,1,VOTE Agent[09]
7,talk,34,4,9,Over
7,talk,35,5,4,Over
7,talk,36,5,9,Over
7,talk,37,5,6,Over
7,talk,38,5,12,Over
7,talk,39,5,15,Over
7,talk,40,5,1,Over
7,talk,41,5,2,Over
7,vote,1,9
7,vote,2,9
7,vote,4,1
7,vote,6,2
7,vote,9,2
7,vote,12,9
7,vote,15,1
7,execute,9,VILLAGER
7,attackVote,1,4
7,attack,4,true
8,status,1,WEREWOLF,ALIVE,wolf1
8,status,2,VILLAGER,ALIVE,SampleRoleAssignPlayer
8,status,3,WEREWOLF,DEAD,SampleRoleAssignPlayer
8,status,4,VILLAGER,DEAD,SampleRoleAssignPlayer
8,status,5,BODYGUARD,DEAD,SampleRoleAssignPlayer
8,status,6,VILLAGER,ALIVE,SampleRoleAssignPlayer
8,status,7,SEER,DEAD,SampleRoleAssignPlayer
8,status,8,VILLAGER,DEAD,SampleRoleAssignPlayer
8,status,9,VILLAGER,DEAD,SampleRoleAssignPlayer
8,status,10,POSSESSED,DEAD,SampleRoleAssignPlayer
8,status,11,VILLAGER,DEAD,SampleRoleAssignPlayer
8,status,12,VILLAGER,ALIVE,SampleRoleAssignPlayer
8,status,13,WEREWOLF,DEAD,SampleRoleAssignPlayer
8,status,14,VILLAGER,DEAD,SampleRoleAssignPlayer
8,status,15,MEDIUM,ALIVE,SampleRoleAssignPlayer
8,talk,0,0,6,VOTE Agent[15]
8,talk,1,0,15,IDENTIFIED Agent[09] HUMAN
8,talk,2,0,2,VOTE Agent[15]
8,talk,3,0,1,VOTE Agent[06]
8,talk,4,0,12,VOTE Agent[15]
8,talk,5,1,12,Skip
8,talk,6,1,1,ESTIMATE Agent[03] WEREWOLF
8,talk,7,1,6,Skip
8,talk,8,1,2,Skip
8,talk,9,1,15,VOTE Agent[06]
8,talk,10,2,12,Skip
8,talk,11,2,1,ESTIMATE Agent[06] WEREWOLF
8,talk,12,2,15,Skip
8,talk,13,2,6,Skip
8,talk,14,2,2,Skip
8,talk,15,3,2,Over
8,talk,16,3,15,Skip
8,talk,17,3,1,ESTIMATE Agent[13] WEREWOLF
8,talk,18,3,12,Over
8,talk,19,3,6,Over
8,talk,20,4,6,Over
8,talk,21,4,15,Over
8,talk,22,4,1,Over
8,talk,23,4,12,Over
8,talk,24,4,2,Over
8,vote,1,6
8,vote,2,15
8,vote,6,15
8,vote,12,15
8,vote,15,6
8,execute,15,MEDIUM
8,attackVote,1,2
8,attack,2,true
9,status,1,WEREWOLF,ALIVE,wolf1
9,status,2,VILLAGER,DEAD,SampleRoleAssignPlayer
9,status,3,WEREWOLF,DEAD,SampleRoleAssignPlayer
9,status,4,VILLAGER,DEAD,SampleRoleAssignPlayer
9,status,5,BODYGUARD,DEAD,SampleRoleAssignPlayer
9,status,6,VILLAGER,ALIVE,SampleRoleAssignPlayer
9,status,7,SEER,DEAD,SampleRoleAssignPlayer
9,status,8,VILLAGER,DEAD,SampleRoleAssignPlayer
9,status,9,VILLAGER,DEAD,SampleRoleAssignPlayer
9,status,10,POSSESSED,DEAD,SampleRoleAssignPlayer
9,status,11,VILLAGER,DEAD,SampleRoleAssignPlayer
9,status,12,VILLAGER,ALIVE,SampleRoleAssignPlayer
9,status,13,WEREWOLF,DEAD,SampleRoleAssignPlayer
9,status,14,VILLAGER,DEAD,SampleRoleAssignPlayer
9,status,15,MEDIUM,DEAD,SampleRoleAssignPlayer
9,talk,0,0,12,VOTE Agent[06]
9,talk,1,0,1,ESTIMATE Agent[03] WEREWOLF
9,talk,2,0,6,VOTE Agent[01]
9,talk,3,1,1,ESTIMATE Agent[06] WEREWOLF
9,talk,4,1,12,Skip
9,talk,5,1,6,Skip
9,talk,6,2,6,Skip
9,talk,7,2,12,Skip
9,talk,8,2,1,ESTIMATE Agent[13] WEREWOLF
9,talk,9,3,6,Over
9,talk,10,3,12,Over
9,talk,11,3,1,Over
9,vote,1,6
9,vote,6,1
9,vote,12,6
9,execute,6,VILLAGER
9,attackVote,1,12
9,attack,12,true
10,status,1,WEREWOLF,ALIVE,wolf1
10,status,2,VILLAGER,DEAD,SampleRoleAssignPlayer
10,status,3,WEREWOLF,DEAD,SampleRoleAssignPlayer
10,status,4,VILLAGER,DEAD,SampleRoleAssignPlayer
10,status,5,BODYGUARD,DEAD,SampleRoleAssignPlayer
10,status,6,VILLAGER,DEAD,SampleRoleAssignPlayer
10,status,7,SEER,DEAD,SampleRoleAssignPlayer
10,status,8,VILLAGER,DEAD,SampleRoleAssignPlayer
10,status,9,VILLAGER,DEAD,SampleRoleAssignPlayer
10,status,10,POSSESSED,DEAD,SampleRoleAssignPlayer
10,status,11,VILLAGER,DEAD,SampleRoleAssignPlayer
10,status,12,VILLAGER,DEAD,SampleRoleAssignPlayer
10,status,13,WEREWOLF,DEAD,SampleRoleAssignPlayer
10,status,14,VILLAGER,DEAD,SampleRoleAssignPlayer
10,status,15,MEDIUM,DEAD,SampleRoleAssignPlayer
10,result,0,1,WEREWOLF
