0,status,1,SEER,ALIVE,wolf1
0,status,2,VILLAGER,ALIVE,SampleRoleAssignPlayer
0,status,3,WEREWOLF,ALIVE,SampleRoleAssignPlayer
0,status,4,VILLAGER,ALIVE,SampleRoleAssignPlayer
0,status,5,VILLAGER,ALIVE,SampleRoleAssignPlayer
0,status,6,VILLAGER,ALIVE,SampleRoleAssignPlayer
0,status,7,VILLAGER,ALIVE,SampleRoleAssignPlayer
0,status,8,POSSESSED,ALIVE,SampleRoleAssignPlayer
0,status,9,VILLAGER,ALIVE,SampleRoleAssignPlayer
0,status,10,WEREWOLF,ALIVE,SampleRoleAssignPlayer
0,status,11,BODYGUARD,ALIVE,SampleRoleAssignPlayer
0,status,12,VILLAGER,ALIVE,SampleRoleAssignPlayer
0,status,13,MEDIUM,ALIVE,SampleRoleAssignPlayer
0,status,14,WEREWOLF,ALIVE,SampleRoleAssignPlayer
0,status,15,VILLAGER,ALIVE,SampleRoleAssignPlayer
0,whisper,0,0,3,COMINGOUT Agent[03] VILLAGER
0,whisper,1,0,14,COMINGOUT Agent[14] VILLAGER
0,whisper,2,0,10,COMINGOUT Agent[10] VILLAGER
0,whisper,3,1,14,COMINGOUT Agent[14] SEER
0,whisper,4,1,3,Skip
0,whisper,5,1,10,COMINGOUT Agent[10] SEER
0,whisper,6,2,14,COMINGOUT Agent[14] VILLAGER
0,whisper,7,2,3,COMINGOUT Agent[03] MEDIUM
0,whisper,8,2,10,COMINGOUT Agent[10] VILLAGER
0,whisper,9,3,10,COMINGOUT Agent[10] SEER
0,whisper,10,3,3,Skip
0,whisper,11,3,14,COMINGOUT Agent[14] SEER
0,whisper,12,4,3,Skip
0,whisper,13,4,14,Skip
0,whisper,14,4,10,COMINGOUT Agent[10] VILLAGER
0,whisper,15,5,10,Skip
0,whisper,16,5,14,DIVINED Agent[10] HUMAN
0,whisper,17,5,3,Over
0,whisper,18,6,3,Over
0,whisper,19,6,10,Skip
0,whisper,20,6,14,Skip
0,whisper,21,7,3,Over
0,whisper,22,7,14,Skip
0,whisper,23,7,10,Over
0,whisper,24,8,3,Over
0,whisper,25,8,14,Over
0,whisper,26,8,10,Over
0,divine,1,6,HUMAN
1,status,1,SEER,ALIVE,wolf1
1,status,2,VILLAGER,ALIVE,SampleRoleAssignPlayer
1,status,3,WEREWOLF,ALIVE,SampleRoleAssignPlayer
1,status,4,VILLAGER,ALIVE,SampleRoleAssignPlayer
1,status,5,VILLAGER,ALIVE,SampleRoleAssignPlayer
1,status,6,VILLAGER,ALIVE,SampleRoleAssignPlayer
1,status,7,VILLAGER,ALIVE,SampleRoleAssignPlayer
1,status,8,POSSESSED,ALIVE,SampleRoleAssignPlayer
1,status,9,VILLAGER,ALIVE,SampleRoleAssignPlayer
1,status,10,WEREWOLF,ALIVE,SampleRoleAssignPlayer
1,status,11,BODYGUARD,ALIVE,SampleRoleAssignPlayer
1,status,12,VILLAGER,ALIVE,SampleRoleAssignPlayer
1,status,13,MEDIUM,ALIVE,SampleRoleAssignPlayer
1,status,14,WEREWOLF,ALIVE,SampleRoleAssignPlayer
1,status,15,VILLAGER,ALIVE,SampleRoleAssignPlayer
1,talk,0,0,9,VOTE Agent[08]
1,talk,1,0,15,VOTE Agent[11]
1,talk,2,0,3,VOTE Agent[13]
1,talk,3,0,11,VOTE Agent[15]
1,talk,4,0,7,VOTE Agent[14]
1,talk,5,0,12,VOTE Agent[14]
1,talk,6,0,10,VOTE Agent[01]
1,talk,7,0,13,VOTE Agent[02]
1,talk,8,0,1,COMINGOUT Agent[01] SEER
1,talk,9,0,6,VOTE Agent[08]
1,talk,10,0,2,VOTE Agent[13]
1,talk,11,0,5,VOTE Agent[03]
1,talk,12,0,14,VOTE Agent[08]
1,talk,13,0,8,COMINGOUT Agent[08] SEER
1,talk,14,0,4,VOTE Agent[13]
1,talk,15,1,9,Skip
1,talk,16,1,2,Skip
1,talk,17,1,3,REQUEST(VOTE Agent[13])
1,talk,18,1,6,Skip
1,talk,19,1,13,Skip
1,talk,20,1,4,Skip
1,talk,21,1,10,REQUEST(VOTE Agent[01])
1,talk,22,1,7,Skip
1,talk,23,1,15,Skip
1,talk,24,1,12,Skip
1,talk,25,1,14,REQUEST(VOTE Agent[08])
1,talk,26,1,11,Skip
1,talk,27,1,5,Skip
1,talk,28,1,8,DIVINED Agent[09] HUMAN
1,talk,29,1,1,DIVINED Agent[06] HUMAN
1,talk,30,2,13,ESTIMATE Agent[08] SEER
1,talk,31,2,10,Skip
1,talk,32,2,9,ESTIMATE Agent[08] SEER
1,talk,33,2,2,ESTIMATE Agent[08] SEER
1,talk,34,2,5,ESTIMATE Agent[08] SEER
1,talk,35,2,8,REQUEST(VOTE Agent[15])
1,talk,36,2,7,ESTIMATE Agent[08] SEER
1,talk,37,2,1,VOTE Agent[13]
1,talk,38,2,14,COMINGOUT Agent[14] SEER
1,talk,39,2,15,ESTIMATE Agent[01] SEER
1,talk,40,2,4,ESTIMATE Agent[01] SEER
1,talk,41,2,6,ESTIMATE Agent[08] SEER
1,talk,42,2,11,ESTIMATE Agent[01] SEER
1,talk,43,2,12,ESTIMATE Agent[01] SEER
1,talk,44,2,3,COMINGOUT Agent[03] MEDIUM
1,talk,45,3,13,COMINGOUT Agent[13] MEDIUM
1,talk,46,3,5,Skip
1,talk,47,3,9,Skip
1,talk,48,3,4,Skip
1,talk,49,3,7,Skip
1,talk,50,3,8,VOTE Agent[01]
1,talk,51,3,2,Skip
1,talk,52,3,1,ESTIMATE Agent[04] WEREWOLF
1,talk,53,3,14,DIVINED Agent[10] HUMAN
1,talk,54,3,10,Skip
1,talk,55,3,6,Skip
1,talk,56,3,15,Skip
1,talk,57,3,12,Skip
1,talk,58,3,3,Skip
1,talk,59,3,11,Skip
1,talk,60,4,10,Over
1,talk,61,4,12,Skip
1,talk,62,4,4,Skip
1,talk,63,4,8,REQUEST(VOTE Agent[01])
1,talk,64,4,11,Skip
1,talk,65,4,3,Skip
1,talk,66,4,14,Skip
1,talk,67,4,9,Skip
1,talk,68,4,1,ESTIMATE Agent[13] WEREWOLF
1,talk,69,4,6,Skip
1,talk,70,4,7,Skip
1,talk,71,4,13,ESTIMATE Agent[03] WEREWOLF
1,talk,72,4,2,Skip
1,talk,73,4,5,Skip
1,talk,74,4,15,Skip
1,talk,75,5,8,Skip
1,talk,76,5,6,Over
1,talk,77,5,4,Over
1,talk,78,5,2,Over
1,talk,79,5,14,Skip
1,talk,80,5,3,Over
1,talk,81,5,9,Over
1,talk,82,5,11,Over
1,talk,83,5,5,Over
1,talk,84,5,1,ESTIMATE Agent[14] WEREWOLF
1,talk,85,5,12,Over
1,talk,86,5,7,Over
1,talk,87,5,10,Over
1,talk,88,5,15,Over
1,talk,89,5,13,REQUEST(Agent[08] DIVINATION Agent[03])
1,talk,90,6,5,Over
1,talk,91,6,11,Over
1,talk,92,6,13,VOTE Agent[03]
1,talk,93,6,12,Over
1,talk,94,6,6,Over
1,talk,95,6,10,Over
1,talk,96,6,2,Over
1,talk,97,6,4,Over
1,talk,98,6,7,Over
1,talk,99,6,14,Over
1,talk,100,6,1,ESTIMATE Agent[06] VILLAGER
1,talk,101,6,3,Over
1,talk,102,6,9,Over
1,talk,103,6,8,Skip
1,talk,104,6,15,Over
1,talk,105,7,4,Over
1,talk,106,7,12,Over
1,talk,107,7,15,Over
1,talk,108,7,10,Over
1,talk,109,7,13,Skip
1,talk,110,7,2,Over
1,talk,111,7,5,Over
1,talk,112,7,11,Over
1,talk,113,7,7,Over
1,talk,114,7,8,Over
1,talk,115,7,1,Over
1,talk,116,7,14,Over
1,talk,117,7,3,Over
1,talk,118,7,9,Over
1,talk,119,7,6,Over
1,talk,120,8,3,Over
1,talk,121,8,11,Over
1,talk,122,8,9,Over
1,talk,123,8,1,Over
1,talk,124,8,14,Over
1,talk,125,8,2,Over
1,talk,126,8,5,Over
1,talk,127,8,7,Over
1,talk,128,8,15,Over
1,talk,129,8,6,Over
1,talk,130,8,4,Over
1,talk,131,8,8,Over
1,talk,132,8,10,Over
1,talk,133,8,13,Skip
1,talk,134,8,12,Over
1,talk,135,9,12,Over
1,talk,136,9,6,Over
1,talk,137,9,11,Over
1,talk,138,9,1,Over
1,talk,139,9,8,Over
1,talk,140,9,3,Over
1,talk,141,9,13,Over
1,talk,142,9,5,Over
1,talk,143,9,14,Over
1,talk,144,9,7,Over
1,talk,145,9,4,Over
1,talk,146,9,10,Over
1,talk,147,9,2,Over
1,talk,148,9,9,Over
1,talk,149,9,15,Over
1,vote,1,13
1,vote,2,13
1,vote,3,13
1,vote,4,13
1,vote,5,3
1,vote,6,8
1,vote,7,14
1,vote,8,1
1,vote,9,8
1,vote,10,1
1,vote,11,15
1,vote,12,14
1,vote,13,3
1,vote,14,8
1,vote,15,11
1,execute,13,MEDIUM
1,divine,1,4,HUMAN
1,whisper,0,0,3,ATTACK Agent[01]
1,whisper,1,0,10,ATTACK Agent[08]
1,whisper,2,0,14,ATTACK Agent[08]
1,whisper,3,1,14,REQUEST(ATTACK Agent[08])
1,whisper,4,1,10,REQUEST(ATTACK Agent[08])
1,whisper,5,1,3,REQUEST(ATTACK Agent[01])
1,whisper,6,2,10,Skip
1,whisper,7,2,3,IDENTIFIED Agent[13] WEREWOLF
1,whisper,8,2,14,DIVINED Agent[05] HUMAN
1,whisper,9,3,10,Skip
1,whisper,10,3,3,Skip
1,whisper,11,3,14,Skip
1,whisper,12,4,10,Over
1,whisper,13,4,14,Skip
1,whisper,14,4,3,Skip
1,whisper,15,5,3,Over
1,whisper,16,5,10,Over
1,whisper,17,5,14,Over
1,guard,11,1,SEER
1,attackVote,3,1
1,attackVote,10,8
1,attackVote,14,8
1,attack,8,true
2,status,1,SEER,ALIVE,wolf1
2,status,2,VILLAGER,ALIVE,SampleRoleAssignPlayer
2,status,3,WEREWOLF,ALIVE,SampleRoleAssignPlayer
2,status,4,VILLAGER,ALIVE,SampleRoleAssignPlayer
2,status,5,VILLAGER,ALIVE,SampleRoleAssignPlayer
2,status,6,VILLAGER,ALIVE,SampleRoleAssignPlayer
2,status,7,VILLAGER,ALIVE,SampleRoleAssignPlayer
2,status,8,POSSESSED,DEAD,SampleRoleAssignPlayer
2,status,9,VILLAGER,ALIVE,SampleRoleAssignPlayer
2,status,10,WEREWOLF,ALIVE,SampleRoleAssignPlayer
2,status,11,BODYGUARD,ALIVE,SampleRoleAssignPlayer
2,status,12,VILLAGER,ALIVE,SampleRoleAssignPlayer
2,status,13,MEDIUM,DEAD,SampleRoleAssignPlayer
2,status,14,WEREWOLF,ALIVE,SampleRoleAssignPlayer
2,status,15,VILLAGER,ALIVE,SampleRoleAssignPlayer
2,talk,0,0,2,DISAGREE TALK day1 ID:84
2,talk,1,0,10,VOTE Agent[04]
2,talk,2,0,1,DIVINED Agent[04] HUMAN
2,talk,3,0,7,DISAGREE TALK day1 ID:84
2,talk,4,0,14,DIVINED Agent[05] HUMAN
2,talk,5,0,12,VOTE Agent[10]
2,talk,6,0,6,DISAGREE TALK day1 ID:84
2,talk,7,0,4,VOTE Agent[15]
2,talk,8,0,5,AGREE TALK day1 ID:39
2,talk,9,0,15,VOTE Agent[14]
2,talk,10,0,11,VOTE Agent[09]
2,talk,11,0,9,AGREE TALK day1 ID:39
2,talk,12,0,3,IDENTIFIED Agent[13] WEREWOLF
2,talk,13,1,7,ESTIMATE Agent[14] SEER
2,talk,14,1,4,Skip
2,talk,15,1,1,VOTE Agent[03]
2,talk,16,1,10,REQUEST(VOTE Agent[04])
2,talk,17,1,15,Skip
2,talk,18,1,11,Skip
2,talk,19,1,6,ESTIMATE Agent[14] SEER
2,talk,20,1,5,AGREE TALK day1 ID:40
2,talk,21,1,12,Skip
2,talk,22,1,3,VOTE Agent[15]
2,talk,23,1,9,AGREE TALK day1 ID:40
2,talk,24,1,14,VOTE Agent[01]
2,talk,25,1,2,ESTIMATE Agent[14] SEER
2,talk,26,2,11,Skip
2,talk,27,2,9,AGREE TALK day1 ID:42
2,talk,28,2,14,REQUEST(VOTE Agent[01])
2,talk,29,2,1,ESTIMATE Agent[10] WEREWOLF
2,talk,30,2,3,REQUEST(VOTE Agent[15])
2,talk,31,2,4,Skip
2,talk,32,2,12,Skip
2,talk,33,2,10,Skip
2,talk,34,2,2,VOTE Agent[14]
2,talk,35,2,5,AGREE TALK day1 ID:42
2,talk,36,2,6,VOTE Agent[04]
2,talk,37,2,7,VOTE Agent[10]
2,talk,38,2,15,Skip
2,talk,39,3,4,Over
2,talk,40,3,14,Skip
2,talk,41,3,1,ESTIMATE Agent[13] WEREWOLF
2,talk,42,3,15,Over
2,talk,43,3,2,Skip
2,talk,44,3,6,Skip
2,talk,45,3,3,Skip
2,talk,46,3,7,Skip
2,talk,47,3,12,Over
2,talk,48,3,5,AGREE TALK day1 ID:43
2,talk,49,3,10,Skip
2,talk,50,3,11,Over
2,talk,51,3,9,AGREE TALK day1 ID:43
2,talk,52,4,6,Skip
2,talk,53,4,5,ESTIMATE Agent[01] SEER
2,talk,54,4,10,Over
2,talk,55,4,1,ESTIMATE Agent[14] WEREWOLF
2,talk,56,4,7,Skip
2,talk,57,4,12,Over
2,talk,58,4,2,Skip
2,talk,59,4,11,Over
2,talk,60,4,4,Over
2,talk,61,4,15,Over
2,talk,62,4,14,Skip
2,talk,63,4,9,ESTIMATE Agent[01] SEER
2,talk,64,4,3,Skip
2,talk,65,5,7,Over
2,talk,66,5,3,Over
2,talk,67,5,10,Over
2,talk,68,5,4,Over
2,talk,69,5,6,Over
2,talk,70,5,11,Over
2,talk,71,5,14,Over
2,talk,72,5,1,VOTE Agent[10]
2,talk,73,5,12,Over
2,talk,74,5,2,Over
2,talk,75,5,9,VOTE Agent[05]
2,talk,76,5,5,VOTE Agent[03]
2,talk,77,5,15,Over
2,talk,78,6,14,Over
2,talk,79,6,2,Over
2,talk,80,6,6,Over
2,talk,81,6,11,Over
2,talk,82,6,10,Over
2,talk,83,6,5,Skip
2,talk,84,6,12,Over
2,talk,85,6,9,Skip
2,talk,86,6,1,VOTE Agent[03]
2,talk,87,6,15,Over
2,talk,88,6,4,Over
2,talk,89,6,7,Over
2,talk,90,6,3,Over
2,talk,91,7,2,Over
2,talk,92,7,14,Over
2,talk,93,7,10,Over
2,talk,94,7,4,Over
2,talk,95,7,7,Over
2,talk,96,7,5,Skip
2,talk,97,7,11,Over
2,talk,98,7,1,ESTIMATE Agent[04] VILLAGER
2,talk,99,7,3,Over
2,talk,100,7,6,Over
2,talk,101,7,12,Over
2,talk,102,7,9,Skip
2,talk,103,7,15,Over
2,talk,104,8,12,Over
2,talk,105,8,9,Over
2,talk,106,8,4,Over
2,talk,107,8,7,Over
2,talk,108,8,2,Over
2,talk,109,8,14,Over
2,talk,110,8,15,Over
2,talk,111,8,3,Over
2,talk,112,8,5,Over
2,talk,113,8,6,Over
2,talk,114,8,11,Over
2,talk,115,8,10,Over
2,talk,116,8,1,ESTIMATE Agent[06] VILLAGER
2,talk,117,9,6,Over
2,talk,118,9,4,Over
2,talk,119,9,11,Over
2,talk,120,9,9,Over
2,talk,121,9,10,Over
2,talk,122,9,12,Over
2,talk,123,9,5,Over
2,talk,124,9,1,Over
2,talk,125,9,7,Over
2,talk,126,9,3,Over
2,talk,127,9,15,Over
2,talk,128,9,14,Over
2,talk,129,9,2,Over
2,vote,1,3
2,vote,2,14
2,vote,3,15
2,vote,4,15
2,vote,5,3
2,vote,6,4
2,vote,7,10
2,vote,9,5
2,vote,10,4
2,vote,11,9
2,vote,12,10
2,vote,14,1
2,vote,15,14
2,vote,1,3
2,vote,2,14
2,vote,3,15
2,vote,4,15
2,vote,5,3
2,vote,6,4
2,vote,7,10
2,vote,9,10
2,vote,10,4
2,vote,11,3
2,vote,12,10
2,vote,14,4
2,vote,15,14
2,execute,10,WEREWOLF
2,divine,1,2,HUMAN
2,whisper,0,0,3,ATTACK Agent[01]
2,whisper,1,0,14,ATTACK Agent[01]
2,whisper,2,1,14,REQUEST(ATTACK Agent[01])
2,whisper,3,1,3,REQUEST(ATTACK Agent[01])
2,whisper,4,2,3,IDENTIFIED Agent[10] HUMAN
2,whisper,5,2,14,DIVINED Agent[03] HUMAN
2,whisper,6,3,3,Skip
2,whisper,7,3,14,Skip
2,whisper,8,4,14,Skip
2,whisper,9,4,3,Skip
2,whisper,10,5,14,Over
2,whisper,11,5,3,Over
2,guard,11,1,SEER
2,attackVote,3,1
2,attackVote,14,1
2,attack,1,false
3,status,1,SEER,ALIVE,wolf1
3,status,2,VILLAGER,ALIVE,SampleRoleAssignPlayer
3,status,3,WEREWOLF,ALIVE,SampleRoleAssignPlayer
3,status,4,VILLAGER,ALIVE,SampleRoleAssignPlayer
3,status,5,VILLAGER,ALIVE,SampleRoleAssignPlayer
3,status,6,VILLAGER,ALIVE,SampleRoleAssignPlayer
3,status,7,VILLAGER,ALIVE,SampleRoleAssignPlayer
3,status,8,POSSESSED,DEAD,SampleRoleAssignPlayer
3,status,9,VILLAGER,ALIVE,SampleRoleAssignPlayer
3,status,10,WEREWOLF,DEAD,SampleRoleAssignPlayer
3,status,11,BODYGUARD,ALIVE,SampleRoleAssignPlayer
3,status,12,VILLAGER,ALIVE,SampleRoleAssignPlayer
3,status,13,MEDIUM,DEAD,SampleRoleAssignPlayer
3,status,14,WEREWOLF,ALIVE,SampleRoleAssignPlayer
3,status,15,VILLAGER,ALIVE,SampleRoleAssignPlayer
3,talk,0,0,11,VOTE Agent[01]
3,talk,1,0,1,DIVINED Agent[02] HUMAN
3,talk,2,0,12,VOTE Agent[14]
3,talk,3,0,3,IDENTIFIED Agent[10] HUMAN
3,talk,4,0,5,VOTE Agent[09]
3,talk,5,0,7,VOTE Agent[03]
3,talk,6,0,4,VOTE Agent[11]
3,talk,7,0,2,VOTE Agent[11]
3,talk,8,0,15,VOTE Agent[09]
3,talk,9,0,6,VOTE Agent[15]
3,talk,10,0,14,DIVINED Agent[03] HUMAN
3,talk,11,0,9,VOTE Agent[03]
3,talk,12,1,14,VOTE Agent[01]
3,talk,13,1,11,Skip
3,talk,14,1,1,VOTE Agent[03]
3,talk,15,1,4,Skip
3,talk,16,1,3,VOTE Agent[15]
3,talk,17,1,12,Skip
3,talk,18,1,15,Skip
3,talk,19,1,9,Skip
3,talk,20,1,7,Skip
3,talk,21,1,6,Skip
3,talk,22,1,2,Skip
3,talk,23,1,5,Skip
3,talk,24,2,9,Skip
3,talk,25,2,6,Skip
3,talk,26,2,3,REQUEST(VOTE Agent[15])
3,talk,27,2,4,Skip
3,talk,28,2,11,Skip
3,talk,29,2,1,ESTIMATE Agent[03] WEREWOLF
3,talk,30,2,2,Skip
3,talk,31,2,15,Skip
3,talk,32,2,12,Skip
3,talk,33,2,5,Skip
3,talk,34,2,14,REQUEST(VOTE Agent[01])
3,talk,35,2,7,Skip
3,talk,36,3,5,Over
3,talk,37,3,2,Over
3,talk,38,3,6,Over
3,talk,39,3,12,Over
3,talk,40,3,9,Over
3,talk,41,3,11,Over
3,talk,42,3,3,Skip
3,talk,43,3,15,Over
3,talk,44,3,1,ESTIMATE Agent[10] WEREWOLF
3,talk,45,3,7,Over
3,talk,46,3,14,Skip
3,talk,47,3,4,Over
3,talk,48,4,6,Over
3,talk,49,4,2,Over
3,talk,50,4,1,ESTIMATE Agent[14] WEREWOLF
3,talk,51,4,7,Over
3,talk,52,4,15,Over
3,talk,53,4,12,Over
3,talk,54,4,9,Over
3,talk,55,4,3,Skip
3,talk,56,4,4,Over
3,talk,57,4,11,Over
3,talk,58,4,14,Skip
3,talk,59,4,5,Over
3,talk,60,5,3,Over
3,talk,61,5,2,Over
3,talk,62,5,6,Over
3,talk,63,5,1,ESTIMATE Agent[02] VILLAGER
3,talk,64,5,11,Over
3,talk,65,5,4,Over
3,talk,66,5,14,Over
3,talk,67,5,7,Over
3,talk,68,5,12,Over
3,talk,69,5,9,Over
3,talk,70,5,5,Over
3,talk,71,5,15,Over
3,talk,72,6,6,Over
3,talk,73,6,12,Over
3,talk,74,6,15,Over
3,talk,75,6,4,Over
3,talk,76,6,2,Over
3,talk,77,6,3,Over
3,talk,78,6,5,Over
3,talk,79,6,14,Over
3,talk,80,6,1,ESTIMATE Agent[04] VILLAGER
3,talk,81,6,7,Over
3,talk,82,6,11,Over
3,talk,83,6,9,Over
3,talk,84,7,12,Over
3,talk,85,7,5,Over
3,talk,86,7,2,Over
3,talk,87,7,7,Over
3,talk,88,7,1,ESTIMATE Agent[06] VILLAGER
3,talk,89,7,6,Over
3,talk,90,7,9,Over
3,talk,91,7,3,Over
3,talk,92,7,11,Over
3,talk,93,7,4,Over
3,talk,94,7,14,Over
3,talk,95,7,15,Over
3,talk,96,8,1,Over
3,talk,97,8,7,Over
3,talk,98,8,5,Over
3,talk,99,8,12,Over
3,talk,100,8,3,Over
3,talk,101,8,14,Over
3,talk,102,8,4,Over
3,talk,103,8,11,Over
3,talk,104,8,2,Over
3,talk,105,8,9,Over
3,talk,106,8,15,Over
3,talk,107,8,6,Over
3,vote,1,3
3,vote,2,11
3,vote,3,15
3,vote,4,11
3,vote,5,9
3,vote,6,15
3,vote,7,3
3,vote,9,3
3,vote,11,1
3,vote,12,14
3,vote,14,1
3,vote,15,9
3,execute,3,WEREWOLF
3,divine,1,9,HUMAN
3,guard,11,1,SEER
4,status,1,SEER,ALIVE,wolf1
4,status,2,VILLAGER,ALIVE,SampleRoleAssignPlayer
4,status,3,WEREWOLF,DEAD,SampleRoleAssignPlayer
4,status,4,VILLAGER,ALIVE,SampleRoleAssignPlayer
4,status,5,VILLAGER,ALIVE,SampleRoleAssignPlayer
4,status,6,VILLAGER,ALIVE,SampleRoleAssignPlayer
4,status,7,VILLAGER,ALIVE,SampleRoleAssignPlayer
4,status,8,POSSESSED,DEAD,SampleRoleAssignPlayer
4,status,9,VILLAGER,ALIVE,SampleRoleAssignPlayer
4,status,10,WEREWOLF,DEAD,SampleRoleAssignPlayer
4,status,11,BODYGUARD,ALIVE,SampleRoleAssignPlayer
4,status,12,VILLAGER,ALIVE,SampleRoleAssignPlayer
4,status,13,MEDIUM,DEAD,SampleRoleAssignPlayer
4,status,14,WEREWOLF,ALIVE,SampleRoleAssignPlayer
4,status,15,VILLAGER,ALIVE,SampleRoleAssignPlayer
4,talk,0,0,11,VOTE Agent[06]
4,talk,1,0,15,VOTE Agent[14]
4,talk,2,0,9,VOTE Agent[05]
4,talk,3,0,6,VOTE Agent[09]
4,talk,4,0,2,VOTE Agent[11]
4,talk,5,0,12,VOTE Agent[04]
4,talk,6,0,5,VOTE Agent[06]
4,talk,7,0,7,VOTE Agent[04]
4,talk,8,0,1,DIVINED Agent[09] HUMAN
4,talk,9,0,14,VOTE Agent[01]
4,talk,10,0,4,VOTE Agent[06]
4,talk,11,1,7,Skip
4,talk,12,1,1,VOTE Agent[14]
4,talk,13,1,9,Skip
4,talk,14,1,4,Skip
4,talk,15,1,2,Skip
4,talk,16,1,5,Skip
4,talk,17,1,6,Skip
4,talk,18,1,11,Skip
4,talk,19,1,12,Skip
4,talk,20,1,14,REQUEST(VOTE Agent[01])
4,talk,21,1,15,Skip
4,talk,22,2,7,Skip
4,talk,23,2,12,Skip
4,talk,24,2,9,Skip
4,talk,25,2,14,Skip
4,talk,26,2,5,Skip
4,talk,27,2,2,Skip
4,talk,28,2,4,Skip
4,talk,29,2,6,Skip
4,talk,30,2,1,ESTIMATE Agent[03] WEREWOLF
4,talk,31,2,11,Skip
4,talk,32,2,15,Skip
4,talk,33,3,5,Over
4,talk,34,3,2,Over
4,talk,35,3,4,Over
4,talk,36,3,15,Over
4,talk,37,3,1,ESTIMATE Agent[10] WEREWOLF
4,talk,38,3,9,Over
4,talk,39,3,12,Over
4,talk,40,3,6,Over
4,talk,41,3,7,Over
4,talk,42,3,14,Skip
4,talk,43,3,11,Over
4,talk,44,4,14,Over
4,talk,45,4,5,Over
4,talk,46,4,2,Over
4,talk,47,4,4,Over
4,talk,48,4,9,Over
4,talk,49,4,6,Over
4,talk,50,4,7,Over
4,talk,51,4,1,ESTIMATE Agent[14] WEREWOLF
4,talk,52,4,15,Over
4,talk,53,4,12,Over
4,talk,54,4,11,Over
4,talk,55,5,5,Over
4,talk,56,5,6,Over
4,talk,57,5,14,Over
4,talk,58,5,12,Over
4,talk,59,5,15,Over
4,talk,60,5,7,Over
4,talk,61,5,11,Over
4,talk,62,5,9,Over
4,talk,63,5,2,Over
4,talk,64,5,4,Over
4,talk,65,5,1,ESTIMATE Agent[02] VILLAGER
4,talk,66,6,6,Over
4,talk,67,6,9,Over
4,talk,68,6,1,ESTIMATE Agent[04] VILLAGER
4,talk,69,6,7,Over
4,talk,70,6,11,Over
4,talk,71,6,4,Over
4,talk,72,6,14,Over
4,talk,73,6,2,Over
4,talk,74,6,12,Over
4,talk,75,6,5,Over
4,talk,76,6,15,Over
4,talk,77,7,2,Over
4,talk,78,7,12,Over
4,talk,79,7,11,Over
4,talk,80,7,14,Over
4,talk,81,7,9,Over
4,talk,82,7,7,Over
4,talk,83,7,15,Over
4,talk,84,7,5,Over
4,talk,85,7,4,Over
4,talk,86,7,6,Over
4,talk,87,7,1,ESTIMATE Agent[06] VILLAGER
4,talk,88,8,5,Over
4,talk,89,8,4,Over
4,talk,90,8,9,Over
4,talk,91,8,2,Over
4,talk,92,8,11,Over
4,talk,93,8,7,Over
4,talk,94,8,15,Over
4,talk,95,8,6,Over
4,talk,96,8,14,Over
4,talk,97,8,1,ESTIMATE Agent[09] VILLAGER
4,talk,98,8,12,Over
4,talk,99,9,5,Over
4,talk,100,9,7,Over
4,talk,101,9,6,Over
4,talk,102,9,12,Over
4,talk,103,9,9,Over
4,talk,104,9,11,Over
4,talk,105,9,14,Over
4,talk,106,9,4,Over
4,talk,107,9,2,Over
4,talk,108,9,1,Over
4,talk,109,9,15,Over
4,vote,1,14
4,vote,2,11
4,vote,4,6
4,vote,5,6
4,vote,6,9
4,vote,7,4
4,vote,9,5
4,vote,11,6
4,vote,12,4
4,vote,14,1
4,vote,15,14
4,execute,6,VILLAGER
4,divine,1,12,HUMAN
4,guard,11,1,SEER
4,attackVote,14,1
4,attack,1,false
5,status,1,SEER,ALIVE,wolf1
5,status,2,VILLAGER,ALIVE,SampleRoleAssignPlayer
5,status,3,WEREWOLF,DEAD,SampleRoleAssignPlayer
5,status,4,VILLAGER,ALIVE,SampleRoleAssignPlayer
5,status,5,VILLAGER,ALIVE,SampleRoleAssignPlayer
5,status,6,VILLAGER,DEAD,SampleRoleAssignPlayer
5,status,7,VILLAGER,ALIVE,SampleRoleAssignPlayer
5,status,8,POSSESSED,DEAD,SampleRoleAssignPlayer
5,status,9,VILLAGER,ALIVE,SampleRoleAssignPlayer
5,status,10,WEREWOLF,DEAD,SampleRoleAssignPlayer
5,status,11,BODYGUARD,ALIVE,SampleRoleAssignPlayer
5,status,12,VILLAGER,ALIVE,SampleRoleAssignPlayer
5,status,13,MEDIUM,DEAD,SampleRoleAssignPlayer
5,status,14,WEREWOLF,ALIVE,SampleRoleAssignPlayer
5,status,15,VILLAGER,ALIVE,SampleRoleAssignPlayer
5,talk,0,0,14,DIVINED Agent[12] WEREWOLF
5,talk,1,0,7,VOTE Agent[01]
5,talk,2,0,15,VOTE Agent[07]
5,talk,3,0,5,VOTE Agent[14]
5,talk,4,0,4,VOTE Agent[14]
5,talk,5,0,11,VOTE Agent[01]
5,talk,6,0,2,VOTE Agent[05]
5,talk,7,0,9,VOTE Agent[02]
5,talk,8,0,12,VOTE Agent[14]
5,talk,9,0,1,DIVINED Agent[12] HUMAN
5,talk,10,1,14,VOTE Agent[12]
5,talk,11,1,11,ESTIMATE Agent[12] WEREWOLF
5,talk,12,1,15,ESTIMATE Agent[12] WEREWOLF
5,talk,13,1,7,ESTIMATE Agent[12] WEREWOLF
5,talk,14,1,12,Skip
5,talk,15,1,2,ESTIMATE Agent[12] WEREWOLF
5,talk,16,1,5,ESTIMATE Agent[12] WEREWOLF
5,talk,17,1,9,ESTIMATE Agent[12] WEREWOLF
5,talk,18,1,4,ESTIMATE Agent[12] WEREWOLF
5,talk,19,1,1,VOTE Agent[14]
5,talk,20,2,15,REQUEST(Agent[01] DIVINATION Agent[12])
5,talk,21,2,5,REQUEST(Agent[01] DIVINATION Agent[12])
5,talk,22,2,2,REQUEST(Agent[14] DIVINATION Agent[12])
5,talk,23,2,4,REQUEST(Agent[01] DIVINATION Agent[12])
5,talk,24,2,14,REQUEST(VOTE Agent[12])
5,talk,25,2,12,Skip
5,talk,26,2,1,ESTIMATE Agent[03] WEREWOLF
5,talk,27,2,11,REQUEST(Agent[01] DIVINATION Agent[12])
5,talk,28,2,7,REQUEST(Agent[14] DIVINATION Agent[12])
5,talk,29,2,9,REQUEST(Agent[01] DIVINATION Agent[12])
5,talk,30,3,14,Skip
5,talk,31,3,1,ESTIMATE Agent[10] WEREWOLF
5,talk,32,3,12,Over
5,talk,33,3,11,VOTE Agent[12]
5,talk,34,3,2,VOTE Agent[12]
5,talk,35,3,7,VOTE Agent[12]
5,talk,36,3,15,VOTE Agent[12]
5,talk,37,3,5,VOTE Agent[12]
5,talk,38,3,4,VOTE Agent[12]
5,talk,39,3,9,VOTE Agent[12]
5,talk,40,4,9,Skip
5,talk,41,4,14,Skip
5,talk,42,4,15,Skip
5,talk,43,4,12,Over
5,talk,44,4,2,Skip
5,talk,45,4,7,Skip
5,talk,46,4,5,Skip
5,talk,47,4,11,Skip
5,talk,48,4,1,ESTIMATE Agent[14] WEREWOLF
5,talk,49,4,4,Skip
5,talk,50,5,7,Skip
5,talk,51,5,4,Skip
5,talk,52,5,1,ESTIMATE Agent[02] VILLAGER
5,talk,53,5,12,Over
5,talk,54,5,5,Skip
5,talk,55,5,14,Over
5,talk,56,5,9,Skip
5,talk,57,5,11,Skip
5,talk,58,5,2,Skip
5,talk,59,5,15,Skip
5,talk,60,6,1,ESTIMATE Agent[04] VILLAGER
5,talk,61,6,11,Over
5,talk,62,6,14,Over
5,talk,63,6,12,Over
5,talk,64,6,9,Over
5,talk,65,6,4,Over
5,talk,66,6,15,Over
5,talk,67,6,5,Over
5,talk,68,6,2,Over
5,talk,69,6,7,Over
5,talk,70,7,14,Over
5,talk,71,7,2,Over
5,talk,72,7,12,Over
5,talk,73,7,11,Over
5,talk,74,7,15,Over
5,talk,75,7,4,Over
5,talk,76,7,5,Over
5,talk,77,7,7,Over
5,talk,78,7,9,Over
5,talk,79,7,1,ESTIMATE Agent[09] VILLAGER
5,talk,80,8,7,Over
5,talk,81,8,11,Over
5,talk,82,8,1,ESTIMATE Agent[12] VILLAGER
5,talk,83,8,12,Over
5,talk,84,8,15,Over
5,talk,85,8,4,Over
5,talk,86,8,5,Over
5,talk,87,8,14,Over
5,talk,88,8,2,Over
5,talk,89,8,9,Over
5,talk,90,9,1,Over
5,talk,91,9,7,Over
5,talk,92,9,9,Over
5,talk,93,9,12,Over
5,talk,94,9,14,Over
5,talk,95,9,11,Over
5,talk,96,9,2,Over
5,talk,97,9,15,Over
5,talk,98,9,4,Over
5,talk,99,9,5,Over
5,vote,1,14
5,vote,2,12
5,vote,4,12
5,vote,5,12
5,vote,7,12
5,vote,9,12
5,vote,11,12
5,vote,12,14
5,vote,14,12
5,vote,15,12
5,execute,12,VILLAGER
5,divine,1,5,HUMAN
5,guard,11,1,SEER
5,attackVote,14,1
5,attack,1,false
6,status,1,SEER,ALIVE,wolf1
6,status,2,VILLAGER,ALIVE,SampleRoleAssignPlayer
6,status,3,WEREWOLF,DEAD,SampleRoleAssignPlayer
6,status,4,VILLAGER,ALIVE,SampleRoleAssignPlayer
6,status,5,VILLAGER,ALIVE,SampleRoleAssignPlayer
6,status,6,VILLAGER,DEAD,SampleRoleAssignPlayer
6,status,7,VILLAGER,ALIVE,SampleRoleAssignPlayer
6,status,8,POSSESSED,DEAD,SampleRoleAssignPlayer
6,status,9,VILLAGER,ALIVE,SampleRoleAssignPlayer
6,status,10,WEREWOLF,DEAD,SampleRoleAssignPlayer
6,status,11,BODYGUARD,ALIVE,SampleRoleAssignPlayer
6,status,12,VILLAGER,DEAD,SampleRoleAssignPlayer
6,status,13,MEDIUM,DEAD,SampleRoleAssignPlayer
6,status,14,WEREWOLF,ALIVE,SampleRoleAssignPlayer
6,status,15,VILLAGER,ALIVE,SampleRoleAssignPlayer
6,talk,0,0,1,DIVINED Agent[05] HUMAN
6,talk,1,0,11,VOTE Agent[05]
6,talk,2,0,4,VOTE Agent[05]
6,talk,3,0,7,VOTE Agent[09]
6,talk,4,0,9,VOTE Agent[11]
6,talk,5,0,14,DIVINED Agent[07] WEREWOLF
6,talk,6,0,2,VOTE Agent[14]
6,talk,7,0,15,VOTE Agent[02]
6,talk,8,0,5,VOTE Agent[11]
6,talk,9,1,1,VOTE Agent[14]
6,talk,10,1,4,ESTIMATE Agent[07] WEREWOLF
6,talk,11,1,5,ESTIMATE Agent[07] WEREWOLF
6,talk,12,1,7,AGREE TALK day1 ID:39
6,talk,13,1,15,ESTIMATE Agent[07] WEREWOLF
6,talk,14,1,14,VOTE Agent[07]
6,talk,15,1,11,ESTIMATE Agent[07] WEREWOLF
6,talk,16,1,2,ESTIMATE Agent[07] WEREWOLF
6,talk,17,1,9,ESTIMATE Agent[07] WEREWOLF
6,talk,18,2,2,REQUEST(Agent[14] DIVINATION Agent[07])
6,talk,19,2,11,REQUEST(Agent[01] DIVINATION Agent[07])
6,talk,20,2,4,REQUEST(Agent[01] DIVINATION Agent[07])
6,talk,21,2,1,ESTIMATE Agent[03] WEREWOLF
6,talk,22,2,14,REQUEST(VOTE Agent[07])
6,talk,23,2,7,AGREE TALK day1 ID:40
6,talk,24,2,9,REQUEST(Agent[01] DIVINATION Agent[07])
6,talk,25,2,5,REQUEST(Agent[01] DIVINATION Agent[07])
6,talk,26,2,15,REQUEST(Agent[01] DIVINATION Agent[07])
6,talk,27,3,1,ESTIMATE Agent[10] WEREWOLF
6,talk,28,3,5,VOTE Agent[07]
6,talk,29,3,2,VOTE Agent[07]
6,talk,30,3,4,VOTE Agent[07]
6,talk,31,3,7,AGREE TALK day1 ID:42
6,talk,32,3,11,VOTE Agent[07]
6,talk,33,3,15,VOTE Agent[07]
6,talk,34,3,14,Skip
6,talk,35,3,9,VOTE Agent[07]
6,talk,36,4,1,ESTIMATE Agent[14] WEREWOLF
6,talk,37,4,14,Skip
6,talk,38,4,15,Skip
6,talk,39,4,5,Skip
6,talk,40,4,4,Skip
6,talk,41,4,9,Skip
6,talk,42,4,2,Skip
6,talk,43,4,7,AGREE TALK day1 ID:43
6,talk,44,4,11,Skip
6,talk,45,5,7,AGREE TALK day2 ID:53
6,talk,46,5,11,Skip
6,talk,47,5,14,Over
6,talk,48,5,4,Skip
6,talk,49,5,1,ESTIMATE Agent[02] VILLAGER
6,talk,50,5,5,Skip
6,talk,51,5,9,Skip
6,talk,52,5,2,Skip
6,talk,53,5,15,Skip
6,talk,54,6,9,Over
6,talk,55,6,1,ESTIMATE Agent[04] VILLAGER
6,talk,56,6,15,Over
6,talk,57,6,14,Over
6,talk,58,6,2,Over
6,talk,59,6,11,Over
6,talk,60,6,5,Over
6,talk,61,6,4,Over
6,talk,62,6,7,AGREE TALK day2 ID:63
6,talk,63,7,5,Over
6,talk,64,7,9,Over
6,talk,65,7,4,Over
6,talk,66,7,1,ESTIMATE Agent[05] VILLAGER
6,talk,67,7,15,Over
6,talk,68,7,11,Over
6,talk,69,7,7,ESTIMATE Agent[01] SEER
6,talk,70,7,2,Over
6,talk,71,7,14,Over
6,talk,72,8,4,Over
6,talk,73,8,7,AGREE TALK day1 ID:84
6,talk,74,8,11,Over
6,talk,75,8,9,Over
6,talk,76,8,5,Over
6,talk,77,8,14,Over
6,talk,78,8,1,ESTIMATE Agent[09] VILLAGER
6,talk,79,8,15,Over
6,talk,80,8,2,Over
6,talk,81,9,9,Over
6,talk,82,9,7,DISAGREE TALK day2 ID:13
6,talk,83,9,15,Over
6,talk,84,9,11,Over
6,talk,85,9,1,Over
6,talk,86,9,4,Over
6,talk,87,9,5,Over
6,talk,88,9,14,Over
6,talk,89,9,2,Over
6,talk,90,10,14,Over
6,talk,91,10,7,Over
6,talk,92,10,5,Over
6,talk,93,10,4,Over
6,talk,94,10,2,Over
6,talk,95,10,1,Over
6,talk,96,10,15,Over
6,talk,97,10,9,Over
6,talk,98,10,11,Over
6,vote,1,14
6,vote,2,7
6,vote,4,7
6,vote,5,7
6,vote,7,14
6,vote,9,7
6,vote,11,7
6,vote,14,7
6,vote,15,7
6,execute,7,VILLAGER
6,divine,1,11,HUMAN
6,guard,11,1,SEER
6,attackVote,14,1
6,attack,1,false
7,status,1,SEER,ALIVE,wolf1
7,status,2,VILLAGER,ALIVE,SampleRoleAssignPlayer
7,status,3,WEREWOLF,DEAD,SampleRoleAssignPlayer
7,status,4,VILLAGER,ALIVE,SampleRoleAssignPlayer
7,status,5,VILLAGER,ALIVE,SampleRoleAssignPlayer
7,status,6,VILLAGER,DEAD,SampleRoleAssignPlayer
7,status,7,VILLAGER,DEAD,SampleRoleAssignPlayer
7,status,8,POSSESSED,DEAD,SampleRoleAssignPlayer
7,status,9,VILLAGER,ALIVE,SampleRoleAssignPlayer
7,status,10,WEREWOLF,DEAD,SampleRoleAssignPlayer
7,status,11,BODYGUARD,ALIVE,SampleRoleAssignPlayer
7,status,12,VILLAGER,DEAD,SampleRoleAssignPlayer
7,status,13,MEDIUM,DEAD,SampleRoleAssignPlayer
7,status,14,WEREWOLF,ALIVE,SampleRoleAssignPlayer
7,status,15,VILLAGER,ALIVE,SampleRoleAssignPlayer
7,talk,0,0,11,VOTE Agent[09]
7,talk,1,0,14,DIVINED Agent[15] HUMAN
7,talk,2,0,9,VOTE Agent[02]
7,talk,3,0,5,VOTE Agent[11]
7,talk,4,0,2,VOTE Agent[05]
7,talk,5,0,15,VOTE Agent[01]
7,talk,6,0,4,VOTE Agent[11]
7,talk,7,0,1,DIVINED Agent[11] HUMAN
7,talk,8,1,4,Skip
7,talk,9,1,2,Skip
7,talk,10,1,5,Skip
7,talk,11,1,11,Skip
7,talk,12,1,14,VOTE Agent[01]
7,talk,13,1,9,Skip
7,talk,14,1,15,Skip
7,talk,15,1,1,VOTE Agent[14]
7,talk,16,2,9,Skip
7,talk,17,2,11,Skip
7,talk,18,2,15,Skip
7,talk,19,2,4,Skip
7,talk,20,2,2,Skip
7,talk,21,2,14,REQUEST(VOTE Agent[01])
7,talk,22,2,5,Skip
7,talk,23,2,1,ESTIMATE Agent[03] WEREWOLF
7,talk,24,3,2,Over
7,talk,25,3,1,ESTIMATE Agent[10] WEREWOLF
7,talk,26,3,5,Over
7,talk,27,3,15,Over
7,talk,28,3,9,Over
7,talk,29,3,4,Over
7,talk,30,3,11,Over
7,talk,31,3,14,Skip
7,talk,32,4,4,Over
7,talk,33,4,11,Over
7,talk,34,4,1,ESTIMATE Agent[14] WEREWOLF
7,talk,35,4,5,Over
7,talk,36,4,9,Over
7,talk,37,4,15,Over
7,talk,38,4,2,Over
7,talk,39,4,14,Skip
7,talk,40,5,14,Over
7,talk,41,5,2,Over
7,talk,42,5,5,Over
7,talk,43,5,4,Over
7,talk,44,5,15,Over
7,talk,45,5,11,Over
7,talk,46,5,1,ESTIMATE Agent[02] VILLAGER
7,talk,47,5,9,Over
7,talk,48,6,1,ESTIMATE Agent[04] VILLAGER
7,talk,49,6,15,Over
7,talk,50,6,5,Over
7,talk,51,6,4,Over
7,talk,52,6,9,Over
7,talk,53,6,2,Over
7,talk,54,6,14,Over
7,talk,55,6,11,Over
7,talk,56,7,5,Over
7,talk,57,7,11,Over
7,talk,58,7,4,Over
7,talk,59,7,9,Over
7,talk,60,7,15,Over
7,talk,61,7,14,Over
7,talk,62,7,1,ESTIMATE Agent[05] VILLAGER
7,talk,63,7,2,Over
7,talk,64,8,15,Over
7,talk,65,8,9,Over
7,talk,66,8,11,Over
7,talk,67,8,1,ESTIMATE Agent[09] VILLAGER
7,talk,68,8,4,Over
7,talk,69,8,14,Over
7,talk,70,8,2,Over
7,talk,71,8,5,Over
7,talk,72,9,5,Over
7,talk,73,9,1,ESTIMATE Agent[11] VILLAGER
7,talk,74,9,4,Over
7,talk,75,9,14,Over
7,talk,76,9,9,Over
7,talk,77,9,15,Over
7,talk,78,9,11,Over
7,talk,79,9,2,Over
7,talk,80,10,1,Over
7,talk,81,10,15,Over
7,talk,82,10,2,Over
7,talk,83,10,14,Over
7,talk,84,10,4,Over
7,talk,85,10,5,Over
7,talk,86,10,9,Over
7,talk,87,10,11,Over
7,vote,1,14
7,vote,2,5
7,vote,4,11
7,vote,5,11
7,vote,9,2
7,vote,11,9
7,vote,14,1
7,vote,15,1
7,vote,1,14
7,vote,2,1
7,vote,4,11
7,vote,5,11
7,vote,9,1
7,vote,11,1
7,vote,14,1
7,vote,15,1
7,execute,1,SEER
7,guard,11,1,SEER
7,attackVote,14,4
7,attack,4,true
8,status,1,SEER,DEAD,wolf1
8,status,2,VILLAGER,ALIVE,SampleRoleAssignPlayer
8,status,3,WEREWOLF,DEAD,SampleRoleAssignPlayer
8,status,4,VILLAGER,DEAD,SampleRoleAssignPlayer
8,status,5,VILLAGER,ALIVE,SampleRoleAssignPlayer
8,status,6,VILLAGER,DEAD,SampleRoleAssignPlayer
8,status,7,VILLAGER,DEAD,SampleRoleAssignPlayer
8,status,8,POSSESSED,DEAD,SampleRoleAssignPlayer
8,status,9,VILLAGER,ALIVE,SampleRoleAssignPlayer
8,status,10,WEREWOLF,DEAD,SampleRoleAssignPlayer
8,status,11,BODYGUARD,ALIVE,SampleRoleAssignPlayer
8,status,12,VILLAGER,DEAD,SampleRoleAssignPlayer
8,status,13,MEDIUM,DEAD,SampleRoleAssignPlayer
8,status,14,WEREWOLF,ALIVE,SampleRoleAssignPlayer
8,status,15,VILLAGER,ALIVE,SampleRoleAssignPlayer
8,talk,0,0,11,DISAGREE TALK day1 ID:84
8,talk,1,0,5,DISAGREE TALK day1 ID:84
8,talk,2,0,14,DIVINED Agent[11] WEREWOLF
8,talk,3,0,15,DISAGREE TALK day1 ID:84
8,talk,4,0,9,DISAGREE TALK day1 ID:84
8,talk,5,0,2,VOTE Agent[15]
8,talk,6,1,9,AGREE TALK day2 ID:13
8,talk,7,1,11,AGREE TALK day2 ID:13
8,talk,8,1,2,DISAGREE TALK day7 ID:73
8,talk,9,1,14,VOTE Agent[11]
8,talk,10,1,5,AGREE TALK day2 ID:13
8,talk,11,1,15,AGREE TALK day2 ID:13
8,talk,12,2,5,AGREE TALK day2 ID:19
8,talk,13,2,14,REQUEST(VOTE Agent[11])
8,talk,14,2,2,ESTIMATE Agent[11] WEREWOLF
8,talk,15,2,11,AGREE TALK day2 ID:19
8,talk,16,2,15,AGREE TALK day2 ID:19
8,talk,17,2,9,AGREE TALK day2 ID:19
8,talk,18,3,15,AGREE TALK day2 ID:25
8,talk,19,3,9,AGREE TALK day2 ID:25
8,talk,20,3,14,Skip
8,talk,21,3,5,AGREE TALK day2 ID:25
8,talk,22,3,2,REQUEST(Agent[14] DIVINATION Agent[11])
8,talk,23,3,11,AGREE TALK day2 ID:25
8,talk,24,4,11,DISAGREE TALK day2 ID:55
8,talk,25,4,9,DISAGREE TALK day2 ID:55
8,talk,26,4,5,DISAGREE TALK day2 ID:55
8,talk,27,4,14,Skip
8,talk,28,4,2,VOTE Agent[11]
8,talk,29,4,15,DISAGREE TALK day2 ID:55
8,talk,30,5,9,DISAGREE TALK day3 ID:50
8,talk,31,5,11,DISAGREE TALK day3 ID:50
8,talk,32,5,14,Over
8,talk,33,5,2,Skip
8,talk,34,5,15,DISAGREE TALK day3 ID:50
8,talk,35,5,5,DISAGREE TALK day3 ID:50
8,talk,36,6,14,Over
8,talk,37,6,2,Skip
8,talk,38,6,15,DISAGREE TALK day4 ID:51
8,talk,39,6,5,DISAGREE TALK day4 ID:51
8,talk,40,6,11,DISAGREE TALK day4 ID:51
8,talk,41,6,9,DISAGREE TALK day4 ID:51
8,talk,42,7,5,DISAGREE TALK day5 ID:48
8,talk,43,7,9,DISAGREE TALK day5 ID:48
8,talk,44,7,14,Over
8,talk,45,7,15,DISAGREE TALK day5 ID:48
8,talk,46,7,2,Over
8,talk,47,7,11,DISAGREE TALK day5 ID:48
8,talk,48,8,9,DISAGREE TALK day6 ID:36
8,talk,49,8,14,Over
8,talk,50,8,15,DISAGREE TALK day6 ID:36
8,talk,51,8,2,Over
8,talk,52,8,11,DISAGREE TALK day6 ID:36
8,talk,53,8,5,DISAGREE TALK day6 ID:36
8,talk,54,9,14,Over
8,talk,55,9,5,DISAGREE TALK day7 ID:34
8,talk,56,9,15,DISAGREE TALK day7 ID:34
8,talk,57,9,9,DISAGREE TALK day7 ID:34
8,talk,58,9,2,Over
8,talk,59,9,11,DISAGREE TALK day7 ID:34
8,talk,60,10,11,Over
8,talk,61,10,5,Over
8,talk,62,10,2,Over
8,talk,63,10,14,Over
8,talk,64,10,9,Over
8,talk,65,10,15,Over
8,vote,2,11
8,vote,5,11
8,vote,9,11
8,vote,11,14
8,vote,14,11
8,vote,15,11
8,execute,11,BODYGUARD
8,attackVote,14,15
8,attack,15,true
9,status,1,SEER,DEAD,wolf1
9,status,2,VILLAGER,ALIVE,SampleRoleAssignPlayer
9,status,3,WEREWOLF,DEAD,SampleRoleAssignPlayer
9,status,4,VILLAGER,DEAD,SampleRoleAssignPlayer
9,status,5,VILLAGER,ALIVE,SampleRoleAssignPlayer
9,status,6,VILLAGER,DEAD,SampleRoleAssignPlayer
9,status,7,VILLAGER,DEAD,SampleRoleAssignPlayer
9,status,8,POSSESSED,DEAD,SampleRoleAssignPlayer
9,status,9,VILLAGER,ALIVE,SampleRoleAssignPlayer
9,status,10,WEREWOLF,DEAD,SampleRoleAssignPlayer
9,status,11,BODYGUARD,DEAD,SampleRoleAssignPlayer
9,status,12,VILLAGER,DEAD,SampleRoleAssignPlayer
9,status,13,MEDIUM,DEAD,SampleRoleAssignPlayer
9,status,14,WEREWOLF,ALIVE,SampleRoleAssignPlayer
9,status,15,VILLAGER,DEAD,SampleRoleAssignPlayer
9,talk,0,0,14,DIVINED Agent[02] HUMAN
9,talk,1,0,9,VOTE Agent[05]
9,talk,2,0,2,VOTE Agent[05]
9,talk,3,0,5,VOTE Agent[14]
9,talk,4,1,5,Skip
9,talk,5,1,14,VOTE Agent[09]
9,talk,6,1,9,Skip
9,talk,7,1,2,Skip
9,talk,8,2,14,REQUEST(VOTE Agent[09])
9,talk,9,2,9,Skip
9,talk,10,2,2,Skip
9,talk,11,2,5,Skip
9,talk,12,3,5,Over
9,talk,13,3,2,Over
9,talk,14,3,9,Over
9,talk,15,3,14,Skip
9,talk,16,4,14,Skip
9,talk,17,4,5,Over
9,talk,18,4,9,Over
9,talk,19,4,2,Over
9,talk,20,5,2,Over
9,talk,21,5,5,Over
9,talk,22,5,9,Over
9,talk,23,5,14,Over
9,vote,2,5
9,vote,5,14
9,vote,9,5
9,vote,14,9
9,execute,5,VILLAGER
9,attackVote,14,2
9,attack,2,true
10,status,1,SEER,DEAD,wolf1
10,status,2,VILLAGER,DEAD,SampleRoleAssignPlayer
10,status,3,WEREWOLF,DEAD,SampleRoleAssignPlayer
10,status,4,VILLAGER,DEAD,SampleRoleAssignPlayer
10,status,5,VILLAGER,DEAD,SampleRoleAssignPlayer
10,status,6,VILLAGER,DEAD,SampleRoleAssignPlayer
10,status,7,VILLAGER,DEAD,SampleRoleAssignPlayer
10,status,8,POSSESSED,DEAD,SampleRoleAssignPlayer
10,status,9,VILLAGER,ALIVE,SampleRoleAssignPlayer
10,status,10,WEREWOLF,DEAD,SampleRoleAssignPlayer
10,status,11,BODYGUARD,DEAD,SampleRoleAssignPlayer
10,status,12,VILLAGER,DEAD,SampleRoleAssignPlayer
10,status,13,MEDIUM,DEAD,SampleRoleAssignPlayer
10,status,14,WEREWOLF,ALIVE,SampleRoleAssignPlayer
10,status,15,VILLAGER,DEAD,SampleRoleAssignPlayer
10,result,1,1,WEREWOLF
