0,status,1,VILLAGER,ALIVE,wolf1
0,status,2,MEDIUM,ALIVE,SampleRoleAssignPlayer
0,status,3,WEREWOLF,ALIVE,SampleRoleAssignPlayer
0,status,4,VILLAGER,ALIVE,SampleRoleAssignPlayer
0,status,5,VILLAGER,ALIVE,SampleRoleAssignPlayer
0,status,6,WEREWOLF,ALIVE,SampleRoleAssignPlayer
0,status,7,VILLAGER,ALIVE,SampleRoleAssignPlayer
0,status,8,VILLAGER,ALIVE,SampleRoleAssignPlayer
0,status,9,SEER,ALIVE,SampleRoleAssignPlayer
0,status,10,VILLAGER,ALIVE,SampleRoleAssignPlayer
0,status,11,WEREWOLF,ALIVE,SampleRoleAssignPlayer
0,status,12,VILLAGER,ALIVE,SampleRoleAssignPlayer
0,status,13,VILLAGER,ALIVE,SampleRoleAssignPlayer
0,status,14,BODYGUARD,ALIVE,SampleRoleAssignPlayer
0,status,15,POSSESSED,ALIVE,SampleRoleAssignPlayer
0,whisper,0,0,3,COMINGOUT Agent[03] VILLAGER
0,whisper,1,0,11,COMINGOUT Agent[11] MEDIUM
0,whisper,2,0,6,COMINGOUT Agent[06] MEDIUM
0,whisper,3,1,11,Skip
0,whisper,4,1,3,Skip
0,whisper,5,1,6,Skip
0,whisper,6,2,11,COMINGOUT Agent[11] VILLAGER
0,whisper,7,2,3,COMINGOUT Agent[03] SEER
0,whisper,8,2,6,COMINGOUT Agent[06] VILLAGER
0,whisper,9,3,3,Skip
0,whisper,10,3,11,COMINGOUT Agent[11] MEDIUM
0,whisper,11,3,6,COMINGOUT Agent[06] MEDIUM
0,whisper,12,4,6,Skip
0,whisper,13,4,3,Skip
0,whisper,14,4,11,COMINGOUT Agent[11] VILLAGER
0,whisper,15,5,11,Skip
0,whisper,16,5,6,Skip
0,whisper,17,5,3,DIVINED Agent[05] HUMAN
0,whisper,18,6,6,Over
0,whisper,19,6,3,Skip
0,whisper,20,6,11,Skip
0,whisper,21,7,3,Skip
0,whisper,22,7,6,Over
0,whisper,23,7,11,Over
0,whisper,24,8,11,Over
0,whisper,25,8,3,Over
0,whisper,26,8,6,Over
0,divine,9,12,HUMAN
1,status,1,VILLAGER,ALIVE,wolf1
1,status,2,MEDIUM,ALIVE,SampleRoleAssignPlayer
1,status,3,WEREWOLF,ALIVE,SampleRoleAssignPlayer
1,status,4,VILLAGER,ALIVE,SampleRoleAssignPlayer
1,status,5,VILLAGER,ALIVE,SampleRoleAssignPlayer
1,status,6,WEREWOLF,ALIVE,SampleRoleAssignPlayer
1,status,7,VILLAGER,ALIVE,SampleRoleAssignPlayer
1,status,8,VILLAGER,ALIVE,SampleRoleAssignPlayer
1,status,9,SEER,ALIVE,SampleRoleAssignPlayer
1,status,10,VILLAGER,ALIVE,SampleRoleAssignPlayer
1,status,11,WEREWOLF,ALIVE,SampleRoleAssignPlayer
1,status,12,VILLAGER,ALIVE,SampleRoleAssignPlayer
1,status,13,VILLAGER,ALIVE,SampleRoleAssignPlayer
1,status,14,BODYGUARD,ALIVE,SampleRoleAssignPlayer
1,status,15,POSSESSED,ALIVE,SampleRoleAssignPlayer
1,talk,0,0,3,VOTE Agent[04]
1,talk,1,0,11,VOTE Agent[13]
1,talk,2,0,12,VOTE Agent[10]
1,talk,3,0,14,VOTE Agent[13]
1,talk,4,0,9,VOTE Agent[14]
1,talk,5,0,13,VOTE Agent[07]
1,talk,6,0,7,VOTE Agent[04]
1,talk,7,0,5,VOTE Agent[02]
1,talk,8,0,6,VOTE Agent[15]
1,talk,9,0,15,COMINGOUT Agent[15] SEER
1,talk,10,0,1,VOTE Agent[03]
1,talk,11,0,10,VOTE Agent[13]
1,talk,12,0,8,VOTE Agent[03]
1,talk,13,0,4,VOTE Agent[13]
1,talk,14,0,2,COMINGOUT Agent[02] MEDIUM
1,talk,15,1,4,Skip
1,talk,16,1,8,Skip
1,talk,17,1,5,Skip
1,talk,18,1,13,Skip
1,talk,19,1,15,DIVINED Agent[04] HUMAN
1,talk,20,1,3,REQUEST(VOTE Agent[04])
1,talk,21,1,11,REQUEST(VOTE Agent[13])
1,talk,22,1,1,ESTIMATE Agent[03] WEREWOLF
1,talk,23,1,2,VOTE Agent[11]
1,talk,24,1,7,Skip
1,talk,25,1,10,Skip
1,talk,26,1,12,Skip
1,talk,27,1,9,COMINGOUT Agent[09] SEER
1,talk,28,1,6,REQUEST(VOTE Agent[15])
1,talk,29,1,14,Skip
1,talk,30,2,12,ESTIMATE Agent[15] SEER
1,talk,31,2,11,Skip
1,talk,32,2,1,ESTIMATE Agent[07] WEREWOLF
1,talk,33,2,9,DIVINED Agent[12] HUMAN
1,talk,34,2,5,ESTIMATE Agent[15] SEER
1,talk,35,2,3,VOTE Agent[15]
1,talk,36,2,8,ESTIMATE Agent[15] SEER
1,talk,37,2,7,ESTIMATE Agent[15] SEER
1,talk,38,2,6,VOTE Agent[02]
1,talk,39,2,14,ESTIMATE Agent[15] SEER
1,talk,40,2,13,ESTIMATE Agent[15] SEER
1,talk,41,2,2,ESTIMATE Agent[15] SEER
1,talk,42,2,4,ESTIMATE Agent[15] SEER
1,talk,43,2,10,ESTIMATE Agent[15] SEER
1,talk,44,2,15,REQUEST(VOTE Agent[01])
1,talk,45,3,2,Skip
1,talk,46,3,5,Skip
1,talk,47,3,1,ESTIMATE Agent[14] WEREWOLF
1,talk,48,3,10,Skip
1,talk,49,3,3,REQUEST(VOTE Agent[15])
1,talk,50,3,6,REQUEST(VOTE Agent[02])
1,talk,51,3,14,Skip
1,talk,52,3,8,Skip
1,talk,53,3,13,Skip
1,talk,54,3,4,Skip
1,talk,55,3,7,Skip
1,talk,56,3,12,Skip
1,talk,57,3,15,VOTE Agent[09]
1,talk,58,3,9,ESTIMATE Agent[15] WEREWOLF
1,talk,59,3,11,Skip
1,talk,60,4,13,Skip
1,talk,61,4,10,Skip
1,talk,62,4,1,VOTE Agent[13]
1,talk,63,4,15,REQUEST(VOTE Agent[09])
1,talk,64,4,14,Skip
1,talk,65,4,12,Skip
1,talk,66,4,7,Skip
1,talk,67,4,6,COMINGOUT Agent[06] MEDIUM
1,talk,68,4,3,COMINGOUT Agent[03] SEER
1,talk,69,4,8,Skip
1,talk,70,4,2,Skip
1,talk,71,4,4,Skip
1,talk,72,4,5,Skip
1,talk,73,4,11,Over
1,talk,74,4,9,VOTE Agent[15]
1,talk,75,5,4,Over
1,talk,76,5,5,Over
1,talk,77,5,3,DIVINED Agent[05] HUMAN
1,talk,78,5,8,Over
1,talk,79,5,12,Over
1,talk,80,5,9,Skip
1,talk,81,5,15,Skip
1,talk,82,5,11,Over
1,talk,83,5,13,Over
1,talk,84,5,7,Over
1,talk,85,5,2,ESTIMATE Agent[06] WEREWOLF
1,talk,86,5,10,Over
1,talk,87,5,1,VOTE Agent[02]
1,talk,88,5,14,Over
1,talk,89,5,6,Skip
1,talk,90,6,11,Over
1,talk,91,6,5,Over
1,talk,92,6,4,Over
1,talk,93,6,10,Over
1,talk,94,6,13,Over
1,talk,95,6,3,Skip
1,talk,96,6,14,Over
1,talk,97,6,15,Skip
1,talk,98,6,7,Over
1,talk,99,6,1,ESTIMATE Agent[02] WEREWOLF
1,talk,100,6,12,Over
1,talk,101,6,8,Over
1,talk,102,6,6,Skip
1,talk,103,6,2,REQUEST(Agent[15] DIVINATION Agent[06])
1,talk,104,6,9,Skip
1,talk,105,7,4,Over
1,talk,106,7,13,Over
1,talk,107,7,7,Over
1,talk,108,7,2,VOTE Agent[06]
1,talk,109,7,10,Over
1,talk,110,7,1,ESTIMATE Agent[09] WEREWOLF
1,talk,111,7,9,Over
1,talk,112,7,15,Over
1,talk,113,7,12,Over
1,talk,114,7,14,Over
1,talk,115,7,5,Over
1,talk,116,7,3,Skip
1,talk,117,7,11,Over
1,talk,118,7,6,Over
1,talk,119,7,8,Over
1,talk,120,8,10,Over
1,talk,121,8,6,Over
1,talk,122,8,1,Over
1,talk,123,8,4,Over
1,talk,124,8,12,Over
1,talk,125,8,13,Over
1,talk,126,8,14,Over
1,talk,127,8,11,Over
1,talk,128,8,8,Over
1,talk,129,8,3,Over
1,talk,130,8,2,Skip
1,talk,131,8,9,Over
1,talk,132,8,15,Over
1,talk,133,8,5,Over
1,talk,134,8,7,Over
1,talk,135,9,12,Over
1,talk,136,9,13,Over
1,talk,137,9,15,Over
1,talk,138,9,2,Skip
1,talk,139,9,7,Over
1,talk,140,9,9,Over
1,talk,141,9,8,Over
1,talk,142,9,1,Over
1,talk,143,9,3,Over
1,talk,144,9,14,Over
1,talk,145,9,11,Over
1,talk,146,9,6,Over
1,talk,147,9,10,Over
1,talk,148,9,4,Over
1,talk,149,9,5,Over
1,talk,150,10,6,Over
1,talk,151,10,4,Over
1,talk,152,10,3,Over
1,talk,153,10,7,Over
1,talk,154,10,15,Over
1,talk,155,10,2,Over
1,talk,156,10,10,Over
1,talk,157,10,13,Over
1,talk,158,10,9,Over
1,talk,159,10,12,Over
1,talk,160,10,5,Over
1,talk,161,10,1,Over
1,talk,162,10,11,Over
1,talk,163,10,14,Over
1,talk,164,10,8,Over
1,vote,1,2
1,vote,2,6
1,vote,3,15
1,vote,4,13
1,vote,5,2
1,vote,6,2
1,vote,7,4
1,vote,8,3
1,vote,9,15
1,vote,10,13
1,vote,11,13
1,vote,12,10
1,vote,13,7
1,vote,14,13
1,vote,15,9
1,execute,13,VILLAGER
1,divine,9,3,WEREWOLF
1,whisper,0,0,11,ATTACK Agent[15]
1,whisper,1,0,6,ATTACK Agent[09]
1,whisper,2,0,3,ATTACK Agent[15]
1,whisper,3,1,11,REQUEST(ATTACK Agent[15])
1,whisper,4,1,6,REQUEST(ATTACK Agent[09])
1,whisper,5,1,3,REQUEST(ATTACK Agent[15])
1,whisper,6,2,11,Skip
1,whisper,7,2,3,DIVINED Agent[14] WEREWOLF
1,whisper,8,2,6,IDENTIFIED Agent[13] HUMAN
1,whisper,9,3,11,Skip
1,whisper,10,3,3,Skip
1,whisper,11,3,6,Skip
1,whisper,12,4,6,Skip
1,whisper,13,4,3,Skip
1,whisper,14,4,11,Over
1,whisper,15,5,3,Over
1,whisper,16,5,11,Over
1,whisper,17,5,6,Over
1,guard,14,15,POSSESSED
1,attackVote,3,15
1,attackVote,6,9
1,attackVote,11,15
1,attack,15,false
2,status,1,VILLAGER,ALIVE,wolf1
2,status,2,MEDIUM,ALIVE,SampleRoleAssignPlayer
2,status,3,WEREWOLF,ALIVE,SampleRoleAssignPlayer
2,status,4,VILLAGER,ALIVE,SampleRoleAssignPlayer
2,status,5,VILLAGER,ALIVE,SampleRoleAssignPlayer
2,status,6,WEREWOLF,ALIVE,SampleRoleAssignPlayer
2,status,7,VILLAGER,ALIVE,SampleRoleAssignPlayer
2,status,8,VILLAGER,ALIVE,SampleRoleAssignPlayer
2,status,9,SEER,ALIVE,SampleRoleAssignPlayer
2,status,10,VILLAGER,ALIVE,SampleRoleAssignPlayer
2,status,11,WEREWOLF,ALIVE,SampleRoleAssignPlayer
2,status,12,VILLAGER,ALIVE,SampleRoleAssignPlayer
2,status,13,VILLAGER,DEAD,SampleRoleAssignPlayer
2,status,14,BODYGUARD,ALIVE,SampleRoleAssignPlayer
2,status,15,POSSESSED,ALIVE,SampleRoleAssignPlayer
2,talk,0,0,11,VOTE Agent[02]
2,talk,1,0,15,DIVINED Agent[05] HUMAN
2,talk,2,0,12,VOTE Agent[15]
2,talk,3,0,6,IDENTIFIED Agent[13] HUMAN
2,talk,4,0,1,VOTE Agent[06]
2,talk,5,0,14,VOTE Agent[10]
2,talk,6,0,5,VOTE Agent[07]
2,talk,7,0,10,VOTE Agent[09]
2,talk,8,0,3,DIVINED Agent[14] WEREWOLF
2,talk,9,0,9,DIVINED Agent[03] WEREWOLF
2,talk,10,0,2,IDENTIFIED Agent[13] HUMAN
2,talk,11,0,8,VOTE Agent[11]
2,talk,12,0,7,VOTE Agent[01]
2,talk,13,0,4,VOTE Agent[10]
2,talk,14,1,4,AGREE TALK day1 ID:47
2,talk,15,1,3,VOTE Agent[14]
2,talk,16,1,1,ESTIMATE Agent[03] WEREWOLF
2,talk,17,1,2,AGREE TALK day1 ID:85
2,talk,18,1,12,AGREE TALK day1 ID:47
2,talk,19,1,8,AGREE TALK day1 ID:47
2,talk,20,1,5,AGREE TALK day1 ID:22
2,talk,21,1,7,AGREE TALK day1 ID:22
2,talk,22,1,11,REQUEST(VOTE Agent[02])
2,talk,23,1,15,VOTE Agent[09]
2,talk,24,1,10,AGREE TALK day1 ID:22
2,talk,25,1,9,REQUEST(VOTE Agent[03])
2,talk,26,1,6,VOTE Agent[02]
2,talk,27,1,14,AGREE TALK day1 ID:22
2,talk,28,2,2,ESTIMATE Agent[06] WEREWOLF
2,talk,29,2,14,ESTIMATE Agent[03] WEREWOLF
2,talk,30,2,10,ESTIMATE Agent[03] WEREWOLF
2,talk,31,2,11,Skip
2,talk,32,2,5,ESTIMATE Agent[03] WEREWOLF
2,talk,33,2,12,ESTIMATE Agent[14] WEREWOLF
2,talk,34,2,4,ESTIMATE Agent[14] WEREWOLF
2,talk,35,2,15,REQUEST(VOTE Agent[09])
2,talk,36,2,6,REQUEST(VOTE Agent[02])
2,talk,37,2,7,ESTIMATE Agent[03] WEREWOLF
2,talk,38,2,8,ESTIMATE Agent[14] WEREWOLF
2,talk,39,2,1,ESTIMATE Agent[09] WEREWOLF
2,talk,40,2,9,VOTE Agent[03]
2,talk,41,2,3,REQUEST(VOTE Agent[14])
2,talk,42,3,7,REQUEST(Agent[15] DIVINATION Agent[03])
2,talk,43,3,4,REQUEST(Agent[15] DIVINATION Agent[14])
2,talk,44,3,15,Skip
2,talk,45,3,12,REQUEST(Agent[15] DIVINATION Agent[14])
2,talk,46,3,6,Skip
2,talk,47,3,11,Skip
2,talk,48,3,14,REQUEST(Agent[15] DIVINATION Agent[03])
2,talk,49,3,2,REQUEST(Agent[15] DIVINATION Agent[06])
2,talk,50,3,9,Skip
2,talk,51,3,5,REQUEST(Agent[15] DIVINATION Agent[03])
2,talk,52,3,1,ESTIMATE Agent[10] WEREWOLF
2,talk,53,3,10,REQUEST(Agent[15] DIVINATION Agent[03])
2,talk,54,3,8,REQUEST(Agent[15] DIVINATION Agent[14])
2,talk,55,3,3,Skip
2,talk,56,4,7,VOTE Agent[03]
2,talk,57,4,3,Skip
2,talk,58,4,9,Skip
2,talk,59,4,12,VOTE Agent[14]
2,talk,60,4,8,VOTE Agent[14]
2,talk,61,4,1,VOTE Agent[14]
2,talk,62,4,14,VOTE Agent[03]
2,talk,63,4,11,Over
2,talk,64,4,10,VOTE Agent[03]
2,talk,65,4,15,Skip
2,talk,66,4,4,VOTE Agent[14]
2,talk,67,4,2,VOTE Agent[06]
2,talk,68,4,6,Skip
2,talk,69,4,5,VOTE Agent[03]
2,talk,70,5,12,Skip
2,talk,71,5,4,Skip
2,talk,72,5,6,Over
2,talk,73,5,2,Skip
2,talk,74,5,15,Over
2,talk,75,5,3,Over
2,talk,76,5,10,Skip
2,talk,77,5,8,Skip
2,talk,78,5,7,Skip
2,talk,79,5,5,Skip
2,talk,80,5,11,Over
2,talk,81,5,14,Skip
2,talk,82,5,1,Over
2,talk,83,5,9,Over
2,talk,84,6,11,Over
2,talk,85,6,9,Over
2,talk,86,6,4,Skip
2,talk,87,6,7,Skip
2,talk,88,6,8,Skip
2,talk,89,6,15,Over
2,talk,90,6,6,Over
2,talk,91,6,3,Over
2,talk,92,6,5,Skip
2,talk,93,6,12,Skip
2,talk,94,6,10,Skip
2,talk,95,6,1,Over
2,talk,96,6,2,Skip
2,talk,97,6,14,Skip
2,talk,98,7,11,Over
2,talk,99,7,6,Over
2,talk,100,7,14,Over
2,talk,101,7,1,Over
2,talk,102,7,5,Over
2,talk,103,7,8,Over
2,talk,104,7,2,Over
2,talk,105,7,7,Over
2,talk,106,7,9,Over
2,talk,107,7,3,Over
2,talk,108,7,15,Over
2,talk,109,7,4,Over
2,talk,110,7,12,Over
2,talk,111,7,10,Over
2,vote,1,14
2,vote,2,6
2,vote,3,14
2,vote,4,14
2,vote,5,3
2,vote,6,2
2,vote,7,3
2,vote,8,14
2,vote,9,3
2,vote,10,3
2,vote,11,2
2,vote,12,14
2,vote,14,3
2,vote,15,9
2,vote,1,14
2,vote,2,3
2,vote,3,14
2,vote,4,14
2,vote,5,3
2,vote,6,14
2,vote,7,3
2,vote,8,14
2,vote,9,3
2,vote,10,3
2,vote,11,14
2,vote,12,14
2,vote,14,3
2,vote,15,2
2,execute,14,BODYGUARD
2,divine,9,3,WEREWOLF
2,whisper,0,0,11,ATTACK Agent[02]
2,whisper,1,0,6,ATTACK Agent[09]
2,whisper,2,0,3,ATTACK Agent[09]
2,whisper,3,1,3,REQUEST(ATTACK Agent[09])
2,whisper,4,1,6,REQUEST(ATTACK Agent[09])
2,whisper,5,1,11,REQUEST(ATTACK Agent[02])
2,whisper,6,2,11,Skip
2,whisper,7,2,3,DIVINED Agent[06] HUMAN
2,whisper,8,2,6,IDENTIFIED Agent[14] WEREWOLF
2,whisper,9,3,11,Skip
2,whisper,10,3,3,Skip
2,whisper,11,3,6,Skip
2,whisper,12,4,3,Skip
2,whisper,13,4,6,Skip
2,whisper,14,4,11,Over
2,whisper,15,5,6,Over
2,whisper,16,5,3,Over
2,whisper,17,5,11,Over
2,attackVote,3,9
2,attackVote,6,9
2,attackVote,11,2
2,attack,9,true
3,status,1,VILLAGER,ALIVE,wolf1
3,status,2,MEDIUM,ALIVE,SampleRoleAssignPlayer
3,status,3,WEREWOLF,ALIVE,SampleRoleAssignPlayer
3,status,4,VILLAGER,ALIVE,SampleRoleAssignPlayer
3,status,5,VILLAGER,ALIVE,SampleRoleAssignPlayer
3,status,6,WEREWOLF,ALIVE,SampleRoleAssignPlayer
3,status,7,VILLAGER,ALIVE,SampleRoleAssignPlayer
3,status,8,VILLAGER,ALIVE,SampleRoleAssignPlayer
3,status,9,SEER,DEAD,SampleRoleAssignPlayer
3,status,10,VILLAGER,ALIVE,SampleRoleAssignPlayer
3,status,11,WEREWOLF,ALIVE,SampleRoleAssignPlayer
3,status,12,VILLAGER,ALIVE,SampleRoleAssignPlayer
3,status,13,VILLAGER,DEAD,SampleRoleAssignPlayer
3,status,14,BODYGUARD,DEAD,SampleRoleAssignPlayer
3,status,15,POSSESSED,ALIVE,SampleRoleAssignPlayer
3,talk,0,0,12,AGREE TALK day1 ID:22
3,talk,1,0,1,VOTE Agent[02]
3,talk,2,0,6,IDENTIFIED Agent[14] WEREWOLF
3,talk,3,0,7,AGREE TALK day1 ID:22
3,talk,4,0,5,AGREE TALK day1 ID:22
3,talk,5,0,10,AGREE TALK day1 ID:22
3,talk,6,0,11,VOTE Agent[08]
3,talk,7,0,2,IDENTIFIED Agent[14] HUMAN
3,talk,8,0,8,AGREE TALK day1 ID:22
3,talk,9,0,3,DIVINED Agent[06] HUMAN
3,talk,10,0,15,DIVINED Agent[02] HUMAN
3,talk,11,0,4,AGREE TALK day1 ID:22
3,talk,12,1,1,ESTIMATE Agent[06] WEREWOLF
3,talk,13,1,6,VOTE Agent[02]
3,talk,14,1,7,AGREE TALK day2 ID:16
3,talk,15,1,11,REQUEST(VOTE Agent[08])
3,talk,16,1,8,AGREE TALK day2 ID:16
3,talk,17,1,15,VOTE Agent[08]
3,talk,18,1,2,AGREE TALK day1 ID:85
3,talk,19,1,3,VOTE Agent[15]
3,talk,20,1,4,AGREE TALK day2 ID:16
3,talk,21,1,10,AGREE TALK day2 ID:16
3,talk,22,1,5,AGREE TALK day2 ID:16
3,talk,23,1,12,AGREE TALK day2 ID:16
3,talk,24,2,10,AGREE TALK day2 ID:29
3,talk,25,2,11,Skip
3,talk,26,2,1,ESTIMATE Agent[09] WEREWOLF
3,talk,27,2,3,REQUEST(VOTE Agent[15])
3,talk,28,2,7,AGREE TALK day2 ID:29
3,talk,29,2,12,AGREE TALK day2 ID:29
3,talk,30,2,15,REQUEST(VOTE Agent[08])
3,talk,31,2,8,AGREE TALK day2 ID:29
3,talk,32,2,4,AGREE TALK day2 ID:29
3,talk,33,2,5,AGREE TALK day2 ID:29
3,talk,34,2,6,REQUEST(VOTE Agent[02])
3,talk,35,2,2,AGREE TALK day2 ID:28
3,talk,36,3,1,ESTIMATE Agent[10] WEREWOLF
3,talk,37,3,5,AGREE TALK day2 ID:30
3,talk,38,3,4,AGREE TALK day2 ID:30
3,talk,39,3,2,ESTIMATE Agent[06] WEREWOLF
3,talk,40,3,12,AGREE TALK day2 ID:30
3,talk,41,3,15,Skip
3,talk,42,3,7,AGREE TALK day2 ID:30
3,talk,43,3,3,Skip
3,talk,44,3,10,AGREE TALK day2 ID:30
3,talk,45,3,6,Skip
3,talk,46,3,11,Skip
3,talk,47,3,8,AGREE TALK day2 ID:30
3,talk,48,4,5,AGREE TALK day2 ID:32
3,talk,49,4,2,REQUEST(Agent[15] DIVINATION Agent[06])
3,talk,50,4,7,AGREE TALK day2 ID:32
3,talk,51,4,4,AGREE TALK day2 ID:32
3,talk,52,4,6,Skip
3,talk,53,4,1,VOTE Agent[06]
3,talk,54,4,10,AGREE TALK day2 ID:32
3,talk,55,4,12,AGREE TALK day2 ID:32
3,talk,56,4,3,Skip
3,talk,57,4,15,Skip
3,talk,58,4,11,Over
3,talk,59,4,8,AGREE TALK day2 ID:32
3,talk,60,5,1,Over
3,talk,61,5,10,AGREE TALK day2 ID:37
3,talk,62,5,4,AGREE TALK day2 ID:37
3,talk,63,5,6,Over
3,talk,64,5,12,AGREE TALK day2 ID:37
3,talk,65,5,8,AGREE TALK day2 ID:37
3,talk,66,5,3,Over
3,talk,67,5,15,Over
3,talk,68,5,5,AGREE TALK day2 ID:37
3,talk,69,5,11,Over
3,talk,70,5,2,VOTE Agent[06]
3,talk,71,5,7,AGREE TALK day2 ID:37
3,talk,72,6,1,Over
3,talk,73,6,3,Over
3,talk,74,6,10,ESTIMATE Agent[03] WEREWOLF
3,talk,75,6,11,Over
3,talk,76,6,2,Skip
3,talk,77,6,5,ESTIMATE Agent[03] WEREWOLF
3,talk,78,6,8,ESTIMATE Agent[03] WEREWOLF
3,talk,79,6,6,Over
3,talk,80,6,4,ESTIMATE Agent[03] WEREWOLF
3,talk,81,6,12,ESTIMATE Agent[03] WEREWOLF
3,talk,82,6,15,Over
3,talk,83,6,7,ESTIMATE Agent[03] WEREWOLF
3,talk,84,7,7,REQUEST(Agent[15] DIVINATION Agent[03])
3,talk,85,7,1,Over
3,talk,86,7,8,REQUEST(Agent[15] DIVINATION Agent[03])
3,talk,87,7,2,Skip
3,talk,88,7,4,REQUEST(Agent[15] DIVINATION Agent[03])
3,talk,89,7,5,REQUEST(Agent[15] DIVINATION Agent[03])
3,talk,90,7,11,Over
3,talk,91,7,3,Over
3,talk,92,7,10,REQUEST(Agent[15] DIVINATION Agent[03])
3,talk,93,7,6,Over
3,talk,94,7,15,Over
3,talk,95,7,12,REQUEST(Agent[15] DIVINATION Agent[03])
3,talk,96,8,7,VOTE Agent[03]
3,talk,97,8,8,VOTE Agent[03]
3,talk,98,8,11,Over
3,talk,99,8,3,Over
3,talk,100,8,4,VOTE Agent[03]
3,talk,101,8,5,VOTE Agent[03]
3,talk,102,8,1,Over
3,talk,103,8,12,VOTE Agent[03]
3,talk,104,8,15,Over
3,talk,105,8,6,Over
3,talk,106,8,10,VOTE Agent[03]
3,talk,107,8,2,Over
3,talk,108,9,4,Skip
3,talk,109,9,15,Over
3,talk,110,9,11,Over
3,talk,111,9,2,Over
3,talk,112,9,7,Skip
3,talk,113,9,6,Over
3,talk,114,9,5,Skip
3,talk,115,9,8,Skip
3,talk,116,9,3,Over
3,talk,117,9,1,Over
3,talk,118,9,10,Skip
3,talk,119,9,12,Skip
3,talk,120,10,6,Over
3,talk,121,10,8,Skip
3,talk,122,10,3,Over
3,talk,123,10,4,Skip
3,talk,124,10,12,Skip
3,talk,125,10,5,Skip
3,talk,126,10,15,Over
3,talk,127,10,2,Over
3,talk,128,10,10,Skip
3,talk,129,10,11,Over
3,talk,130,10,7,Skip
3,talk,131,10,1,Over
3,talk,132,11,10,Over
3,talk,133,11,2,Over
3,talk,134,11,7,Over
3,talk,135,11,11,Over
3,talk,136,11,12,Over
3,talk,137,11,5,Over
3,talk,138,11,8,Over
3,talk,139,11,4,Over
3,talk,140,11,3,Over
3,talk,141,11,6,Over
3,talk,142,11,15,Over
3,talk,143,11,1,Over
3,vote,1,6
3,vote,2,6
3,vote,3,15
3,vote,4,3
3,vote,5,3
3,vote,6,2
3,vote,7,3
3,vote,8,3
3,vote,10,3
3,vote,11,8
3,vote,12,3
3,vote,15,8
3,execute,3,WEREWOLF
3,whisper,0,0,11,ATTACK Agent[02]
3,whisper,1,0,6,ATTACK Agent[02]
3,whisper,2,1,6,REQUEST(ATTACK Agent[02])
3,whisper,3,1,11,REQUEST(ATTACK Agent[02])
3,whisper,4,2,6,IDENTIFIED Agent[03] HUMAN
3,whisper,5,2,11,Skip
3,whisper,6,3,6,Skip
3,whisper,7,3,11,Skip
3,whisper,8,4,6,Skip
3,whisper,9,4,11,Over
3,whisper,10,5,6,Over
3,whisper,11,5,11,Over
3,attackVote,6,2
3,attackVote,11,2
3,attack,2,true
4,status,1,VILLAGER,ALIVE,wolf1
4,status,2,MEDIUM,DEAD,SampleRoleAssignPlayer
4,status,3,WEREWOLF,DEAD,SampleRoleAssignPlayer
4,status,4,VILLAGER,ALIVE,SampleRoleAssignPlayer
4,status,5,VILLAGER,ALIVE,SampleRoleAssignPlayer
4,status,6,WEREWOLF,ALIVE,SampleRoleAssignPlayer
4,status,7,VILLAGER,ALIVE,SampleRoleAssignPlayer
4,status,8,VILLAGER,ALIVE,SampleRoleAssignPlayer
4,status,9,SEER,DEAD,SampleRoleAssignPlayer
4,status,10,VILLAGER,ALIVE,SampleRoleAssignPlayer
4,status,11,WEREWOLF,ALIVE,SampleRoleAssignPlayer
4,status,12,VILLAGER,ALIVE,SampleRoleAssignPlayer
4,status,13,VILLAGER,DEAD,SampleRoleAssignPlayer
4,status,14,BODYGUARD,DEAD,SampleRoleAssignPlayer
4,status,15,POSSESSED,ALIVE,SampleRoleAssignPlayer
4,talk,0,0,11,VOTE Agent[04]
4,talk,1,0,1,VOTE Agent[06]
4,talk,2,0,4,VOTE Agent[06]
4,talk,3,0,5,VOTE Agent[10]
4,talk,4,0,12,VOTE Agent[04]
4,talk,5,0,6,IDENTIFIED Agent[03] HUMAN
4,talk,6,0,7,VOTE Agent[12]
4,talk,7,0,15,DIVINED Agent[07] HUMAN
4,talk,8,0,10,VOTE Agent[11]
4,talk,9,0,8,VOTE Agent[07]
4,talk,10,1,1,ESTIMATE Agent[06] WEREWOLF
4,talk,11,1,7,Skip
4,talk,12,1,11,REQUEST(VOTE Agent[04])
4,talk,13,1,5,Skip
4,talk,14,1,8,Skip
4,talk,15,1,4,Skip
4,talk,16,1,6,VOTE Agent[12]
4,talk,17,1,12,Skip
4,talk,18,1,15,VOTE Agent[01]
4,talk,19,1,10,Skip
4,talk,20,2,10,Skip
4,talk,21,2,12,Skip
4,talk,22,2,11,Skip
4,talk,23,2,5,Skip
4,talk,24,2,7,Skip
4,talk,25,2,8,Skip
4,talk,26,2,1,ESTIMATE Agent[09] WEREWOLF
4,talk,27,2,4,Skip
4,talk,28,2,15,REQUEST(VOTE Agent[01])
4,talk,29,2,6,REQUEST(VOTE Agent[12])
4,talk,30,3,12,Over
4,talk,31,3,11,Skip
4,talk,32,3,4,Over
4,talk,33,3,5,Over
4,talk,34,3,15,Skip
4,talk,35,3,1,ESTIMATE Agent[10] WEREWOLF
4,talk,36,3,8,Over
4,talk,37,3,10,Over
4,talk,38,3,7,Over
4,talk,39,3,6,Skip
4,talk,40,4,8,Over
4,talk,41,4,15,Skip
4,talk,42,4,6,Skip
4,talk,43,4,7,Over
4,talk,44,4,5,Over
4,talk,45,4,4,Over
4,talk,46,4,12,Over
4,talk,47,4,11,Over
4,talk,48,4,10,Over
4,talk,49,4,1,ESTIMATE Agent[05] VILLAGER
4,talk,50,5,8,Over
4,talk,51,5,1,ESTIMATE Agent[07] VILLAGER
4,talk,52,5,11,Over
4,talk,53,5,12,Over
4,talk,54,5,5,Over
4,talk,55,5,6,Over
4,talk,56,5,7,Over
4,talk,57,5,4,Over
4,talk,58,5,15,Over
4,talk,59,5,10,Over
4,talk,60,6,4,Over
4,talk,61,6,6,Over
4,talk,62,6,1,Over
4,talk,63,6,10,Over
4,talk,64,6,8,Over
4,talk,65,6,5,Over
4,talk,66,6,11,Over
4,talk,67,6,7,Over
4,talk,68,6,15,Over
4,talk,69,6,12,Over
4,vote,1,6
4,vote,4,6
4,vote,5,10
4,vote,6,12
4,vote,7,12
4,vote,8,7
4,vote,10,11
4,vote,11,4
4,vote,12,4
4,vote,15,1
4,vote,1,6
4,vote,4,6
4,vote,5,4
4,vote,6,12
4,vote,7,12
4,vote,8,12
4,vote,10,6
4,vote,11,4
4,vote,12,4
4,vote,15,12
4,execute,12,VILLAGER
4,whisper,0,0,6,ATTACK Agent[15]
4,whisper,1,0,11,ATTACK Agent[15]
4,whisper,2,1,6,REQUEST(ATTACK Agent[15])
4,whisper,3,1,11,REQUEST(ATTACK Agent[15])
4,whisper,4,2,11,Skip
4,whisper,5,2,6,IDENTIFIED Agent[12] HUMAN
4,whisper,6,3,6,Skip
4,whisper,7,3,11,Skip
4,whisper,8,4,6,Skip
4,whisper,9,4,11,Over
4,whisper,10,5,6,Over
4,whisper,11,5,11,Over
4,attackVote,6,15
4,attackVote,11,15
4,attack,15,true
5,status,1,VILLAGER,ALIVE,wolf1
5,status,2,MEDIUM,DEAD,SampleRoleAssignPlayer
5,status,3,WEREWOLF,DEAD,SampleRoleAssignPlayer
5,status,4,VILLAGER,ALIVE,SampleRoleAssignPlayer
5,status,5,VILLAGER,ALIVE,SampleRoleAssignPlayer
5,status,6,WEREWOLF,ALIVE,SampleRoleAssignPlayer
5,status,7,VILLAGER,ALIVE,SampleRoleAssignPlayer
5,status,8,VILLAGER,ALIVE,SampleRoleAssignPlayer
5,status,9,SEER,DEAD,SampleRoleAssignPlayer
5,status,10,VILLAGER,ALIVE,SampleRoleAssignPlayer
5,status,11,WEREWOLF,ALIVE,SampleRoleAssignPlayer
5,status,12,VILLAGER,DEAD,SampleRoleAssignPlayer
5,status,13,VILLAGER,DEAD,SampleRoleAssignPlayer
5,status,14,BODYGUARD,DEAD,SampleRoleAssignPlayer
5,status,15,POSSESSED,DEAD,SampleRoleAssignPlayer
5,talk,0,0,8,VOTE Agent[10]
5,talk,1,0,5,VOTE Agent[04]
5,talk,2,0,7,VOTE Agent[01]
5,talk,3,0,6,IDENTIFIED Agent[12] HUMAN
5,talk,4,0,10,VOTE Agent[07]
5,talk,5,0,11,VOTE Agent[07]
5,talk,6,0,1,VOTE Agent[06]
5,talk,7,0,4,VOTE Agent[07]
5,talk,8,1,5,Skip
5,talk,9,1,10,Skip
5,talk,10,1,6,VOTE Agent[04]
5,talk,11,1,11,REQUEST(VOTE Agent[07])
5,talk,12,1,8,Skip
5,talk,13,1,7,Skip
5,talk,14,1,1,ESTIMATE Agent[06] WEREWOLF
5,talk,15,1,4,Skip
5,talk,16,2,7,Skip
5,talk,17,2,1,ESTIMATE Agent[08] WEREWOLF
5,talk,18,2,4,Skip
5,talk,19,2,8,Skip
5,talk,20,2,10,Skip
5,talk,21,2,6,REQUEST(VOTE Agent[04])
5,talk,22,2,11,Skip
5,talk,23,2,5,Skip
5,talk,24,3,1,ESTIMATE Agent[09] WEREWOLF
5,talk,25,3,8,Over
5,talk,26,3,11,Skip
5,talk,27,3,10,Over
5,talk,28,3,6,Skip
5,talk,29,3,5,Over
5,talk,30,3,7,Over
5,talk,31,3,4,Over
5,talk,32,4,4,Over
5,talk,33,4,11,Over
5,talk,34,4,1,ESTIMATE Agent[04] VILLAGER
5,talk,35,4,6,Skip
5,talk,36,4,8,Over
5,talk,37,4,5,Over
5,talk,38,4,7,Over
5,talk,39,4,10,Over
5,talk,40,5,7,Over
5,talk,41,5,10,Over
5,talk,42,5,1,ESTIMATE Agent[05] VILLAGER
5,talk,43,5,4,Over
5,talk,44,5,5,Over
5,talk,45,5,11,Over
5,talk,46,5,8,Over
5,talk,47,5,6,Over
5,talk,48,6,1,ESTIMATE Agent[07] VILLAGER
5,talk,49,6,11,Over
5,talk,50,6,6,Over
5,talk,51,6,5,Over
5,talk,52,6,4,Over
5,talk,53,6,8,Over
5,talk,54,6,10,Over
5,talk,55,6,7,Over
5,talk,56,7,6,Over
5,talk,57,7,11,Over
5,talk,58,7,5,Over
5,talk,59,7,1,Over
5,talk,60,7,8,Over
5,talk,61,7,7,Over
5,talk,62,7,10,Over
5,talk,63,7,4,Over
5,vote,1,6
5,vote,4,7
5,vote,5,4
5,vote,6,4
5,vote,7,1
5,vote,8,10
5,vote,10,7
5,vote,11,7
5,execute,7,VILLAGER
5,whisper,0,0,6,ATTACK Agent[10]
5,whisper,1,0,11,ATTACK Agent[10]
5,whisper,2,1,6,REQUEST(ATTACK Agent[10])
5,whisper,3,1,11,REQUEST(ATTACK Agent[10])
5,whisper,4,2,11,Skip
5,whisper,5,2,6,IDENTIFIED Agent[07] WEREWOLF
5,whisper,6,3,6,Skip
5,whisper,7,3,11,Skip
5,whisper,8,4,6,Skip
5,whisper,9,4,11,Over
5,whisper,10,5,6,Over
5,whisper,11,5,11,Over
5,attackVote,6,10
5,attackVote,11,10
5,attack,10,true
6,status,1,VILLAGER,ALIVE,wolf1
6,status,2,MEDIUM,DEAD,SampleRoleAssignPlayer
6,status,3,WEREWOLF,DEAD,SampleRoleAssignPlayer
6,status,4,VILLAGER,ALIVE,SampleRoleAssignPlayer
6,status,5,VILLAGER,ALIVE,SampleRoleAssignPlayer
6,status,6,WEREWOLF,ALIVE,SampleRoleAssignPlayer
6,status,7,VILLAGER,DEAD,SampleRoleAssignPlayer
6,status,8,VILLAGER,ALIVE,SampleRoleAssignPlayer
6,status,9,SEER,DEAD,SampleRoleAssignPlayer
6,status,10,VILLAGER,DEAD,SampleRoleAssignPlayer
6,status,11,WEREWOLF,ALIVE,SampleRoleAssignPlayer
6,status,12,VILLAGER,DEAD,SampleRoleAssignPlayer
6,status,13,VILLAGER,DEAD,SampleRoleAssignPlayer
6,status,14,BODYGUARD,DEAD,SampleRoleAssignPlayer
6,status,15,POSSESSED,DEAD,SampleRoleAssignPlayer
6,talk,0,0,1,VOTE Agent[06]
6,talk,1,0,5,VOTE Agent[08]
6,talk,2,0,6,IDENTIFIED Agent[07] WEREWOLF
6,talk,3,0,11,VOTE Agent[08]
6,talk,4,0,4,VOTE Agent[06]
6,talk,5,0,8,VOTE Agent[05]
6,talk,6,1,4,Skip
6,talk,7,1,8,Skip
6,talk,8,1,6,VOTE Agent[08]
6,talk,9,1,5,Skip
6,talk,10,1,1,ESTIMATE Agent[06] WEREWOLF
6,talk,11,1,11,REQUEST(VOTE Agent[08])
6,talk,12,2,5,Skip
6,talk,13,2,1,ESTIMATE Agent[03] WEREWOLF
6,talk,14,2,11,Skip
6,talk,15,2,8,Skip
6,talk,16,2,4,Skip
6,talk,17,2,6,REQUEST(VOTE Agent[08])
6,talk,18,3,11,Skip
6,talk,19,3,5,Over
6,talk,20,3,4,Over
6,talk,21,3,1,ESTIMATE Agent[11] WEREWOLF
6,talk,22,3,6,Skip
6,talk,23,3,8,Over
6,talk,24,4,6,Skip
6,talk,25,4,8,Over
6,talk,26,4,1,ESTIMATE Agent[04] VILLAGER
6,talk,27,4,11,Over
6,talk,28,4,5,Over
6,talk,29,4,4,Over
6,talk,30,5,4,Over
6,talk,31,5,6,Over
6,talk,32,5,11,Over
6,talk,33,5,8,Over
6,talk,34,5,1,Over
6,talk,35,5,5,Over
6,vote,1,6
6,vote,4,6
6,vote,5,8
6,vote,6,8
6,vote,8,5
6,vote,11,8
6,execute,8,VILLAGER
6,whisper,0,0,11,ATTACK Agent[04]
6,whisper,1,0,6,ATTACK Agent[04]
6,whisper,2,1,11,REQUEST(ATTACK Agent[04])
6,whisper,3,1,6,REQUEST(ATTACK Agent[04])
6,whisper,4,2,6,IDENTIFIED Agent[08] HUMAN
6,whisper,5,2,11,Skip
6,whisper,6,3,11,Skip
6,whisper,7,3,6,Skip
6,whisper,8,4,11,Over
6,whisper,9,4,6,Skip
6,whisper,10,5,11,Over
6,whisper,11,5,6,Over
6,attackVote,6,4
6,attackVote,11,4
6,attack,4,true
7,status,1,VILLAGER,ALIVE,wolf1
7,status,2,MEDIUM,DEAD,SampleRoleAssignPlayer
7,status,3,WEREWOLF,DEAD,SampleRoleAssignPlayer
7,status,4,VILLAGER,DEAD,SampleRoleAssignPlayer
7,status,5,VILLAGER,ALIVE,SampleRoleAssignPlayer
7,status,6,WEREWOLF,ALIVE,SampleRoleAssignPlayer
7,status,7,VILLAGER,DEAD,SampleRoleAssignPlayer
7,status,8,VILLAGER,DEAD,SampleRoleAssignPlayer
7,status,9,SEER,DEAD,SampleRoleAssignPlayer
7,status,10,VILLAGER,DEAD,SampleRoleAssignPlayer
7,status,11,WEREWOLF,ALIVE,SampleRoleAssignPlayer
7,status,12,VILLAGER,DEAD,SampleRoleAssignPlayer
7,status,13,VILLAGER,DEAD,SampleRoleAssignPlayer
7,status,14,BODYGUARD,DEAD,SampleRoleAssignPlayer
7,status,15,POSSESSED,DEAD,SampleRoleAssignPlayer
7,result,2,2,WEREWOLF
