0,status,1,MEDIUM,ALIVE,wolf1
0,status,2,VILLAGER,ALIVE,SampleRoleAssignPlayer
0,status,3,VILLAGER,ALIVE,SampleRoleAssignPlayer
0,status,4,WEREWOLF,ALIVE,SampleRoleAssignPlayer
0,status,5,BODYGUARD,ALIVE,SampleRoleAssignPlayer
0,status,6,VILLAGER,ALIVE,SampleRoleAssignPlayer
0,status,7,WEREWOLF,ALIVE,SampleRoleAssignPlayer
0,status,8,VILLAGER,ALIVE,SampleRoleAssignPlayer
0,status,9,VILLAGER,ALIVE,SampleRoleAssignPlayer
0,status,10,VILLAGER,ALIVE,SampleRoleAssignPlayer
0,status,11,VILLAGER,ALIVE,SampleRoleAssignPlayer
0,status,12,WEREWOLF,ALIVE,SampleRoleAssignPlayer
0,status,13,VILLAGER,ALIVE,SampleRoleAssignPlayer
0,status,14,POSSESSED,ALIVE,SampleRoleAssignPlayer
0,status,15,SEER,ALIVE,SampleRoleAssignPlayer
0,whisper,0,0,12,COMINGOUT Agent[12] MEDIUM
0,whisper,1,0,7,COMINGOUT Agent[07] VILLAGER
0,whisper,2,0,4,COMINGOUT Agent[04] VILLAGER
0,whisper,3,1,4,Skip
0,whisper,4,1,12,Skip
0,whisper,5,1,7,COMINGOUT Agent[07] SEER
0,whisper,6,2,7,DIVINED Agent[13] WEREWOLF
0,whisper,7,2,12,Skip
0,whisper,8,2,4,Skip
0,whisper,9,3,7,Skip
0,whisper,10,3,12,Over
0,whisper,11,3,4,Over
0,whisper,12,4,7,Skip
0,whisper,13,4,4,Over
0,whisper,14,4,12,Over
0,whisper,15,5,7,Over
0,whisper,16,5,4,Over
0,whisper,17,5,12,Over
0,divine,15,7,WEREWOLF
1,status,1,MEDIUM,ALIVE,wolf1
1,status,2,VILLAGER,ALIVE,SampleRoleAssignPlayer
1,status,3,VILLAGER,ALIVE,SampleRoleAssignPlayer
1,status,4,WEREWOLF,ALIVE,SampleRoleAssignPlayer
1,status,5,BODYGUARD,ALIVE,SampleRoleAssignPlayer
1,status,6,VILLAGER,ALIVE,SampleRoleAssignPlayer
1,status,7,WEREWOLF,ALIVE,SampleRoleAssignPlayer
1,status,8,VILLAGER,ALIVE,SampleRoleAssignPlayer
1,status,9,VILLAGER,ALIVE,SampleRoleAssignPlayer
1,status,10,VILLAGER,ALIVE,SampleRoleAssignPlayer
1,status,11,VILLAGER,ALIVE,SampleRoleAssignPlayer
1,status,12,WEREWOLF,ALIVE,SampleRoleAssignPlayer
1,status,13,VILLAGER,ALIVE,SampleRoleAssignPlayer
1,status,14,POSSESSED,ALIVE,SampleRoleAssignPlayer
1,status,15,SEER,ALIVE,SampleRoleAssignPlayer
1,talk,0,0,1,COMINGOUT Agent[01] MEDIUM
1,talk,1,0,10,VOTE Agent[05]
1,talk,2,0,13,VOTE Agent[03]
1,talk,3,0,15,COMINGOUT Agent[15] SEER
1,talk,4,0,8,VOTE Agent[14]
1,talk,5,0,7,VOTE Agent[13]
1,talk,6,0,4,VOTE Agent[15]
1,talk,7,0,9,VOTE Agent[07]
1,talk,8,0,11,VOTE Agent[01]
1,talk,9,0,3,VOTE Agent[14]
1,talk,10,0,6,VOTE Agent[09]
1,talk,11,0,14,COMINGOUT Agent[14] SEER
1,talk,12,0,2,VOTE Agent[11]
1,talk,13,0,12,VOTE Agent[10]
1,talk,14,0,5,VOTE Agent[15]
1,talk,15,1,9,Skip
1,talk,16,1,3,Skip
1,talk,17,1,15,DIVINED Agent[07] WEREWOLF
1,talk,18,1,2,Skip
1,talk,19,1,13,Skip
1,talk,20,1,1,VOTE Agent[03]
1,talk,21,1,4,REQUEST(VOTE Agent[15])
1,talk,22,1,14,DIVINED Agent[06] HUMAN
1,talk,23,1,12,REQUEST(VOTE Agent[10])
1,talk,24,1,5,Skip
1,talk,25,1,6,Skip
1,talk,26,1,10,Skip
1,talk,27,1,11,Skip
1,talk,28,1,8,Skip
1,talk,29,1,7,REQUEST(VOTE Agent[13])
1,talk,30,2,13,ESTIMATE Agent[15] SEER
1,talk,31,2,15,REQUEST(VOTE Agent[07])
1,talk,32,2,1,ESTIMATE Agent[03] WEREWOLF
1,talk,33,2,8,ESTIMATE Agent[14] SEER
1,talk,34,2,12,VOTE Agent[01]
1,talk,35,2,5,ESTIMATE Agent[15] SEER
1,talk,36,2,7,COMINGOUT Agent[07] SEER
1,talk,37,2,10,ESTIMATE Agent[14] SEER
1,talk,38,2,11,ESTIMATE Agent[14] SEER
1,talk,39,2,4,Skip
1,talk,40,2,14,VOTE Agent[15]
1,talk,41,2,2,ESTIMATE Agent[15] SEER
1,talk,42,2,9,ESTIMATE Agent[14] SEER
1,talk,43,2,6,ESTIMATE Agent[14] SEER
1,talk,44,2,3,ESTIMATE Agent[15] SEER
1,talk,45,3,5,ESTIMATE Agent[07] WEREWOLF
1,talk,46,3,8,ESTIMATE Agent[07] WEREWOLF
1,talk,47,3,15,VOTE Agent[07]
1,talk,48,3,4,Skip
1,talk,49,3,13,ESTIMATE Agent[07] WEREWOLF
1,talk,50,3,12,REQUEST(VOTE Agent[01])
1,talk,51,3,6,ESTIMATE Agent[07] WEREWOLF
1,talk,52,3,10,ESTIMATE Agent[07] WEREWOLF
1,talk,53,3,14,REQUEST(VOTE Agent[15])
1,talk,54,3,3,ESTIMATE Agent[07] WEREWOLF
1,talk,55,3,2,ESTIMATE Agent[07] WEREWOLF
1,talk,56,3,11,ESTIMATE Agent[07] WEREWOLF
1,talk,57,3,7,DIVINED Agent[13] WEREWOLF
1,talk,58,3,1,ESTIMATE Agent[06] WEREWOLF
1,talk,59,3,9,Skip
1,talk,60,4,9,Skip
1,talk,61,4,11,REQUEST(Agent[14] DIVINATION Agent[07])
1,talk,62,4,12,COMINGOUT Agent[12] MEDIUM
1,talk,63,4,14,Skip
1,talk,64,4,10,REQUEST(Agent[14] DIVINATION Agent[07])
1,talk,65,4,8,REQUEST(Agent[14] DIVINATION Agent[07])
1,talk,66,4,6,REQUEST(Agent[14] DIVINATION Agent[07])
1,talk,67,4,13,REQUEST(Agent[15] DIVINATION Agent[07])
1,talk,68,4,4,Over
1,talk,69,4,2,REQUEST(Agent[15] DIVINATION Agent[07])
1,talk,70,4,7,Skip
1,talk,71,4,15,Skip
1,talk,72,4,1,ESTIMATE Agent[07] WEREWOLF
1,talk,73,4,3,REQUEST(Agent[15] DIVINATION Agent[07])
1,talk,74,4,5,REQUEST(Agent[15] DIVINATION Agent[07])
1,talk,75,5,7,Skip
1,talk,76,5,12,Skip
1,talk,77,5,4,Over
1,talk,78,5,6,VOTE Agent[07]
1,talk,79,5,13,VOTE Agent[07]
1,talk,80,5,2,VOTE Agent[07]
1,talk,81,5,5,VOTE Agent[07]
1,talk,82,5,3,VOTE Agent[07]
1,talk,83,5,1,VOTE Agent[13]
1,talk,84,5,8,VOTE Agent[07]
1,talk,85,5,9,Over
1,talk,86,5,11,VOTE Agent[07]
1,talk,87,5,10,VOTE Agent[07]
1,talk,88,5,15,Skip
1,talk,89,5,14,Skip
1,talk,90,6,10,Skip
1,talk,91,6,3,Skip
1,talk,92,6,15,Over
1,talk,93,6,2,Skip
1,talk,94,6,8,Skip
1,talk,95,6,13,Skip
1,talk,96,6,6,Skip
1,talk,97,6,14,Over
1,talk,98,6,5,Skip
1,talk,99,6,4,Over
1,talk,100,6,9,Over
1,talk,101,6,7,Over
1,talk,102,6,1,VOTE Agent[12]
1,talk,103,6,12,Skip
1,talk,104,6,11,Skip
1,talk,105,7,6,Skip
1,talk,106,7,13,Skip
1,talk,107,7,9,Over
1,talk,108,7,15,Over
1,talk,109,7,1,Over
1,talk,110,7,4,Over
1,talk,111,7,2,Skip
1,talk,112,7,14,Over
1,talk,113,7,12,Over
1,talk,114,7,8,Skip
1,talk,115,7,5,Skip
1,talk,116,7,11,Skip
1,talk,117,7,7,Over
1,talk,118,7,3,Skip
1,talk,119,7,10,Skip
1,talk,120,8,4,Over
1,talk,121,8,2,Over
1,talk,122,8,14,Over
1,talk,123,8,9,Over
1,talk,124,8,15,Over
1,talk,125,8,11,Over
1,talk,126,8,7,Over
1,talk,127,8,12,Over
1,talk,128,8,8,Over
1,talk,129,8,13,Over
1,talk,130,8,1,Over
1,talk,131,8,6,Over
1,talk,132,8,3,Over
1,talk,133,8,10,Over
1,talk,134,8,5,Over
1,vote,1,12
1,vote,2,7
1,vote,3,7
1,vote,4,15
1,vote,5,7
1,vote,6,7
1,vote,7,13
1,vote,8,7
1,vote,9,7
1,vote,10,7
1,vote,11,7
1,vote,12,1
1,vote,13,7
1,vote,14,15
1,vote,15,7
1,execute,7,WEREWOLF
1,divine,15,3,HUMAN
1,whisper,0,0,4,ATTACK Agent[14]
1,whisper,1,0,12,ATTACK Agent[01]
1,whisper,2,1,4,REQUEST(ATTACK Agent[14])
1,whisper,3,1,12,REQUEST(ATTACK Agent[01])
1,whisper,4,2,12,IDENTIFIED Agent[07] HUMAN
1,whisper,5,2,4,Skip
1,whisper,6,3,12,Skip
1,whisper,7,3,4,Skip
1,whisper,8,4,4,Over
1,whisper,9,4,12,Skip
1,whisper,10,5,4,Over
1,whisper,11,5,12,Over
1,guard,5,15,SEER
1,attackVote,4,14
1,attackVote,12,1
1,attackVote,4,14
1,attackVote,12,1
1,attack,14,true
2,status,1,MEDIUM,ALIVE,wolf1
2,status,2,VILLAGER,ALIVE,SampleRoleAssignPlayer
2,status,3,VILLAGER,ALIVE,SampleRoleAssignPlayer
2,status,4,WEREWOLF,ALIVE,SampleRoleAssignPlayer
2,status,5,BODYGUARD,ALIVE,SampleRoleAssignPlayer
2,status,6,VILLAGER,ALIVE,SampleRoleAssignPlayer
2,status,7,WEREWOLF,DEAD,SampleRoleAssignPlayer
2,status,8,VILLAGER,ALIVE,SampleRoleAssignPlayer
2,status,9,VILLAGER,ALIVE,SampleRoleAssignPlayer
2,status,10,VILLAGER,ALIVE,SampleRoleAssignPlayer
2,status,11,VILLAGER,ALIVE,SampleRoleAssignPlayer
2,status,12,WEREWOLF,ALIVE,SampleRoleAssignPlayer
2,status,13,VILLAGER,ALIVE,SampleRoleAssignPlayer
2,status,14,POSSESSED,DEAD,SampleRoleAssignPlayer
2,status,15,SEER,ALIVE,SampleRoleAssignPlayer
2,talk,0,0,11,AGREE TALK day1 ID:30
2,talk,1,0,1,IDENTIFIED Agent[07] WEREWOLF
2,talk,2,0,6,AGREE TALK day1 ID:30
2,talk,3,0,10,AGREE TALK day1 ID:30
2,talk,4,0,3,VOTE Agent[02]
2,talk,5,0,4,VOTE Agent[01]
2,talk,6,0,8,AGREE TALK day1 ID:30
2,talk,7,0,13,VOTE Agent[06]
2,talk,8,0,12,IDENTIFIED Agent[07] HUMAN
2,talk,9,0,5,VOTE Agent[06]
2,talk,10,0,15,DIVINED Agent[03] HUMAN
2,talk,11,0,2,VOTE Agent[05]
2,talk,12,0,9,AGREE TALK day1 ID:30
2,talk,13,1,12,VOTE Agent[01]
2,talk,14,1,10,AGREE TALK day1 ID:35
2,talk,15,1,11,AGREE TALK day1 ID:35
2,talk,16,1,5,Skip
2,talk,17,1,9,AGREE TALK day1 ID:35
2,talk,18,1,15,ESTIMATE Agent[12] WEREWOLF
2,talk,19,1,1,VOTE Agent[12]
2,talk,20,1,8,AGREE TALK day1 ID:35
2,talk,21,1,13,Skip
2,talk,22,1,6,AGREE TALK day1 ID:35
2,talk,23,1,4,REQUEST(VOTE Agent[01])
2,talk,24,1,2,Skip
2,talk,25,1,3,Skip
2,talk,26,2,11,AGREE TALK day1 ID:41
2,talk,27,2,6,AGREE TALK day1 ID:41
2,talk,28,2,4,Skip
2,talk,29,2,12,REQUEST(VOTE Agent[01])
2,talk,30,2,8,AGREE TALK day1 ID:41
2,talk,31,2,2,Skip
2,talk,32,2,1,ESTIMATE Agent[04] WEREWOLF
2,talk,33,2,5,Skip
2,talk,34,2,15,VOTE Agent[12]
2,talk,35,2,13,Skip
2,talk,36,2,3,Skip
2,talk,37,2,10,AGREE TALK day1 ID:41
2,talk,38,2,9,AGREE TALK day1 ID:41
2,talk,39,3,1,ESTIMATE Agent[07] WEREWOLF
2,talk,40,3,2,Over
2,talk,41,3,6,AGREE TALK day1 ID:44
2,talk,42,3,11,AGREE TALK day1 ID:44
2,talk,43,3,13,Over
2,talk,44,3,15,Skip
2,talk,45,3,9,AGREE TALK day1 ID:44
2,talk,46,3,8,AGREE TALK day1 ID:44
2,talk,47,3,5,Over
2,talk,48,3,3,Over
2,talk,49,3,12,Skip
2,talk,50,3,4,Skip
2,talk,51,3,10,AGREE TALK day1 ID:44
2,talk,52,4,6,ESTIMATE Agent[15] SEER
2,talk,53,4,9,ESTIMATE Agent[15] SEER
2,talk,54,4,11,ESTIMATE Agent[15] SEER
2,talk,55,4,10,ESTIMATE Agent[15] SEER
2,talk,56,4,2,Over
2,talk,57,4,13,Over
2,talk,58,4,4,Over
2,talk,59,4,12,Skip
2,talk,60,4,5,Over
2,talk,61,4,15,Skip
2,talk,62,4,8,ESTIMATE Agent[15] SEER
2,talk,63,4,3,Over
2,talk,64,4,1,ESTIMATE Agent[14] WEREWOLF
2,talk,65,5,5,Over
2,talk,66,5,10,VOTE Agent[11]
2,talk,67,5,15,Over
2,talk,68,5,11,VOTE Agent[10]
2,talk,69,5,4,Over
2,talk,70,5,13,Over
2,talk,71,5,9,VOTE Agent[08]
2,talk,72,5,3,Over
2,talk,73,5,6,VOTE Agent[11]
2,talk,74,5,8,VOTE Agent[05]
2,talk,75,5,12,Over
2,talk,76,5,1,ESTIMATE Agent[13] VILLAGER
2,talk,77,5,2,Over
2,talk,78,6,6,Skip
2,talk,79,6,12,Over
2,talk,80,6,4,Over
2,talk,81,6,8,Skip
2,talk,82,6,3,Over
2,talk,83,6,10,Skip
2,talk,84,6,15,Over
2,talk,85,6,13,Over
2,talk,86,6,1,Over
2,talk,87,6,5,Over
2,talk,88,6,11,Skip
2,talk,89,6,9,Skip
2,talk,90,6,2,Over
2,talk,91,7,10,Skip
2,talk,92,7,6,Skip
2,talk,93,7,15,Over
2,talk,94,7,4,Over
2,talk,95,7,2,Over
2,talk,96,7,8,Skip
2,talk,97,7,13,Over
2,talk,98,7,3,Over
2,talk,99,7,11,Skip
2,talk,100,7,1,Over
2,talk,101,7,12,Over
2,talk,102,7,9,Skip
2,talk,103,7,5,Over
2,talk,104,8,4,Over
2,talk,105,8,15,Over
2,talk,106,8,2,Over
2,talk,107,8,9,Over
2,talk,108,8,3,Over
2,talk,109,8,1,Over
2,talk,110,8,10,Over
2,talk,111,8,6,Over
2,talk,112,8,5,Over
2,talk,113,8,11,Over
2,talk,114,8,8,Over
2,talk,115,8,13,Over
2,talk,116,8,12,Over
2,vote,1,12
2,vote,2,5
2,vote,3,2
2,vote,4,1
2,vote,5,6
2,vote,6,11
2,vote,8,5
2,vote,9,8
2,vote,10,11
2,vote,11,10
2,vote,12,1
2,vote,13,6
2,vote,15,12
2,vote,1,12
2,vote,2,5
2,vote,3,12
2,vote,4,1
2,vote,5,6
2,vote,6,11
2,vote,8,5
2,vote,9,6
2,vote,10,11
2,vote,11,1
2,vote,12,1
2,vote,13,6
2,vote,15,12
2,execute,12,WEREWOLF
2,guard,5,15,SEER
3,status,1,MEDIUM,ALIVE,wolf1
3,status,2,VILLAGER,ALIVE,SampleRoleAssignPlayer
3,status,3,VILLAGER,ALIVE,SampleRoleAssignPlayer
3,status,4,WEREWOLF,ALIVE,SampleRoleAssignPlayer
3,status,5,BODYGUARD,ALIVE,SampleRoleAssignPlayer
3,status,6,VILLAGER,ALIVE,SampleRoleAssignPlayer
3,status,7,WEREWOLF,DEAD,SampleRoleAssignPlayer
3,status,8,VILLAGER,ALIVE,SampleRoleAssignPlayer
3,status,9,VILLAGER,ALIVE,SampleRoleAssignPlayer
3,status,10,VILLAGER,ALIVE,SampleRoleAssignPlayer
3,status,11,VILLAGER,ALIVE,SampleRoleAssignPlayer
3,status,12,WEREWOLF,DEAD,SampleRoleAssignPlayer
3,status,13,VILLAGER,ALIVE,SampleRoleAssignPlayer
3,status,14,POSSESSED,DEAD,SampleRoleAssignPlayer
3,status,15,SEER,ALIVE,SampleRoleAssignPlayer
3,talk,0,0,8,VOTE Agent[01]
3,talk,1,0,9,VOTE Agent[11]
3,talk,2,0,6,VOTE Agent[05]
3,talk,3,0,1,IDENTIFIED Agent[12] WEREWOLF
3,talk,4,0,13,VOTE Agent[04]
3,talk,5,0,11,VOTE Agent[04]
3,talk,6,0,5,VOTE Agent[06]
3,talk,7,0,15,VOTE Agent[10]
3,talk,8,0,4,VOTE Agent[05]
3,talk,9,0,10,VOTE Agent[09]
3,talk,10,0,3,VOTE Agent[05]
3,talk,11,0,2,VOTE Agent[05]
3,talk,12,1,4,REQUEST(VOTE Agent[05])
3,talk,13,1,2,Skip
3,talk,14,1,6,Skip
3,talk,15,1,11,Skip
3,talk,16,1,1,VOTE Agent[04]
3,talk,17,1,10,Skip
3,talk,18,1,8,Skip
3,talk,19,1,5,Skip
3,talk,20,1,9,Skip
3,talk,21,1,3,Skip
3,talk,22,1,13,Skip
3,talk,23,1,15,Skip
3,talk,24,2,8,Skip
3,talk,25,2,15,Skip
3,talk,26,2,1,ESTIMATE Agent[04] WEREWOLF
3,talk,27,2,4,Skip
3,talk,28,2,13,Skip
3,talk,29,2,10,Skip
3,talk,30,2,11,Skip
3,talk,31,2,2,Skip
3,talk,32,2,3,Skip
3,talk,33,2,6,Skip
3,talk,34,2,5,Skip
3,talk,35,2,9,Skip
3,talk,36,3,3,Over
3,talk,37,3,1,ESTIMATE Agent[07] WEREWOLF
3,talk,38,3,2,Over
3,talk,39,3,11,Over
3,talk,40,3,5,Over
3,talk,41,3,9,Over
3,talk,42,3,8,Over
3,talk,43,3,6,Over
3,talk,44,3,10,Over
3,talk,45,3,4,Skip
3,talk,46,3,13,Over
3,talk,47,3,15,Over
3,talk,48,4,11,Over
3,talk,49,4,3,Over
3,talk,50,4,8,Over
3,talk,51,4,6,Over
3,talk,52,4,13,Over
3,talk,53,4,10,Over
3,talk,54,4,5,Over
3,talk,55,4,15,Over
3,talk,56,4,1,ESTIMATE Agent[12] WEREWOLF
3,talk,57,4,9,Over
3,talk,58,4,2,Over
3,talk,59,4,4,Over
3,talk,60,5,2,Over
3,talk,61,5,13,Over
3,talk,62,5,15,Over
3,talk,63,5,3,Over
3,talk,64,5,6,Over
3,talk,65,5,4,Over
3,talk,66,5,1,ESTIMATE Agent[13] VILLAGER
3,talk,67,5,11,Over
3,talk,68,5,10,Over
3,talk,69,5,5,Over
3,talk,70,5,8,Over
3,talk,71,5,9,Over
3,talk,72,6,4,Over
3,talk,73,6,13,Over
3,talk,74,6,9,Over
3,talk,75,6,2,Over
3,talk,76,6,3,Over
3,talk,77,6,1,Over
3,talk,78,6,5,Over
3,talk,79,6,15,Over
3,talk,80,6,11,Over
3,talk,81,6,10,Over
3,talk,82,6,6,Over
3,talk,83,6,8,Over
3,vote,1,4
3,vote,2,5
3,vote,3,5
3,vote,4,5
3,vote,5,6
3,vote,6,5
3,vote,8,1
3,vote,9,11
3,vote,10,9
3,vote,11,4
3,vote,13,4
3,vote,15,10
3,execute,5,BODYGUARD
3,divine,15,11,HUMAN
3,attackVote,4,15
3,attack,15,true
4,status,1,MEDIUM,ALIVE,wolf1
4,status,2,VILLAGER,ALIVE,SampleRoleAssignPlayer
4,status,3,VILLAGER,ALIVE,SampleRoleAssignPlayer
4,status,4,WEREWOLF,ALIVE,SampleRoleAssignPlayer
4,status,5,BODYGUARD,DEAD,SampleRoleAssignPlayer
4,status,6,VILLAGER,ALIVE,SampleRoleAssignPlayer
4,status,7,WEREWOLF,DEAD,SampleRoleAssignPlayer
4,status,8,VILLAGER,ALIVE,SampleRoleAssignPlayer
4,status,9,VILLAGER,ALIVE,SampleRoleAssignPlayer
4,status,10,VILLAGER,ALIVE,SampleRoleAssignPlayer
4,status,11,VILLAGER,ALIVE,SampleRoleAssignPlayer
4,status,12,WEREWOLF,DEAD,SampleRoleAssignPlayer
4,status,13,VILLAGER,ALIVE,SampleRoleAssignPlayer
4,status,14,POSSESSED,DEAD,SampleRoleAssignPlayer
4,status,15,SEER,DEAD,SampleRoleAssignPlayer
4,talk,0,0,8,VOTE Agent[10]
4,talk,1,0,13,VOTE Agent[06]
4,talk,2,0,6,VOTE Agent[03]
4,talk,3,0,2,VOTE Agent[06]
4,talk,4,0,1,IDENTIFIED Agent[05] HUMAN
4,talk,5,0,4,VOTE Agent[06]
4,talk,6,0,10,VOTE Agent[04]
4,talk,7,0,9,VOTE Agent[10]
4,talk,8,0,11,VOTE Agent[03]
4,talk,9,0,3,VOTE Agent[02]
4,talk,10,1,1,VOTE Agent[04]
4,talk,11,1,6,Skip
4,talk,12,1,10,Skip
4,talk,13,1,4,REQUEST(VOTE Agent[06])
4,talk,14,1,8,Skip
4,talk,15,1,11,Skip
4,talk,16,1,3,Skip
4,talk,17,1,2,Skip
4,talk,18,1,13,Skip
4,talk,19,1,9,Skip
4,talk,20,2,11,Skip
4,talk,21,2,6,Skip
4,talk,22,2,2,Skip
4,talk,23,2,1,ESTIMATE Agent[04] WEREWOLF
4,talk,24,2,8,Skip
4,talk,25,2,3,Skip
4,talk,26,2,13,Skip
4,talk,27,2,10,Skip
4,talk,28,2,4,Skip
4,talk,29,2,9,Skip
4,talk,30,3,8,Over
4,talk,31,3,10,Over
4,talk,32,3,2,Over
4,talk,33,3,6,Over
4,talk,34,3,1,ESTIMATE Agent[07] WEREWOLF
4,talk,35,3,3,Over
4,talk,36,3,13,Over
4,talk,37,3,9,Over
4,talk,38,3,11,Over
4,talk,39,3,4,Skip
4,talk,40,4,10,Over
4,talk,41,4,9,Over
4,talk,42,4,3,Over
4,talk,43,4,2,Over
4,talk,44,4,11,Over
4,talk,45,4,13,Over
4,talk,46,4,1,ESTIMATE Agent[12] WEREWOLF
4,talk,47,4,4,Over
4,talk,48,4,8,Over
4,talk,49,4,6,Over
4,talk,50,5,10,Over
4,talk,51,5,3,Over
4,talk,52,5,13,Over
4,talk,53,5,11,Over
4,talk,54,5,2,Over
4,talk,55,5,6,Over
4,talk,56,5,9,Over
4,talk,57,5,4,Over
4,talk,58,5,1,ESTIMATE Agent[13] VILLAGER
4,talk,59,5,8,Over
4,talk,60,6,6,Over
4,talk,61,6,11,Over
4,talk,62,6,1,Over
4,talk,63,6,9,Over
4,talk,64,6,8,Over
4,talk,65,6,13,Over
4,talk,66,6,10,Over
4,talk,67,6,4,Over
4,talk,68,6,3,Over
4,talk,69,6,2,Over
4,vote,1,4
4,vote,2,6
4,vote,3,2
4,vote,4,6
4,vote,6,3
4,vote,8,10
4,vote,9,10
4,vote,10,4
4,vote,11,3
4,vote,13,6
4,execute,6,VILLAGER
4,attackVote,4,1
4,attack,1,true
5,status,1,MEDIUM,DEAD,wolf1
5,status,2,VILLAGER,ALIVE,SampleRoleAssignPlayer
5,status,3,VILLAGER,ALIVE,SampleRoleAssignPlayer
5,status,4,WEREWOLF,ALIVE,SampleRoleAssignPlayer
5,status,5,BODYGUARD,DEAD,SampleRoleAssignPlayer
5,status,6,VILLAGER,DEAD,SampleRoleAssignPlayer
5,status,7,WEREWOLF,DEAD,SampleRoleAssignPlayer
5,status,8,VILLAGER,ALIVE,SampleRoleAssignPlayer
5,status,9,VILLAGER,ALIVE,SampleRoleAssignPlayer
5,status,10,VILLAGER,ALIVE,SampleRoleAssignPlayer
5,status,11,VILLAGER,ALIVE,SampleRoleAssignPlayer
5,status,12,WEREWOLF,DEAD,SampleRoleAssignPlayer
5,status,13,VILLAGER,ALIVE,SampleRoleAssignPlayer
5,status,14,POSSESSED,DEAD,SampleRoleAssignPlayer
5,status,15,SEER,DEAD,SampleRoleAssignPlayer
5,talk,0,0,10,VOTE Agent[02]
5,talk,1,0,3,VOTE Agent[04]
5,talk,2,0,2,VOTE Agent[10]
5,talk,3,0,9,VOTE Agent[13]
5,talk,4,0,13,VOTE Agent[10]
5,talk,5,0,8,VOTE Agent[09]
5,talk,6,0,11,VOTE Agent[13]
5,talk,7,0,4,VOTE Agent[10]
5,talk,8,1,2,Skip
5,talk,9,1,4,REQUEST(VOTE Agent[10])
5,talk,10,1,10,Skip
5,talk,11,1,8,Skip
5,talk,12,1,9,Skip
5,talk,13,1,11,Skip
5,talk,14,1,3,Skip
5,talk,15,1,13,Skip
5,talk,16,2,2,Skip
5,talk,17,2,3,Skip
5,talk,18,2,9,Skip
5,talk,19,2,11,Skip
5,talk,20,2,4,Skip
5,talk,21,2,13,Skip
5,talk,22,2,8,Skip
5,talk,23,2,10,Skip
5,talk,24,3,8,Over
5,talk,25,3,11,Over
5,talk,26,3,3,Over
5,talk,27,3,9,Over
5,talk,28,3,4,Skip
5,talk,29,3,10,Over
5,talk,30,3,2,Over
5,talk,31,3,13,Over
5,talk,32,4,4,Over
5,talk,33,4,10,Over
5,talk,34,4,13,Over
5,talk,35,4,11,Over
5,talk,36,4,8,Over
5,talk,37,4,3,Over
5,talk,38,4,2,Over
5,talk,39,4,9,Over
5,vote,2,10
5,vote,3,4
5,vote,4,10
5,vote,8,9
5,vote,9,13
5,vote,10,2
5,vote,11,13
5,vote,13,10
5,execute,10,VILLAGER
5,attackVote,4,11
5,attack,11,true
6,status,1,MEDIUM,DEAD,wolf1
6,status,2,VILLAGER,ALIVE,SampleRoleAssignPlayer
6,status,3,VILLAGER,ALIVE,SampleRoleAssignPlayer
6,status,4,WEREWOLF,ALIVE,SampleRoleAssignPlayer
6,status,5,BODYGUARD,DEAD,SampleRoleAssignPlayer
6,status,6,VILLAGER,DEAD,SampleRoleAssignPlayer
6,status,7,WEREWOLF,DEAD,SampleRoleAssignPlayer
6,status,8,VILLAGER,ALIVE,SampleRoleAssignPlayer
6,status,9,VILLAGER,ALIVE,SampleRoleAssignPlayer
6,status,10,VILLAGER,DEAD,SampleRoleAssignPlayer
6,status,11,VILLAGER,DEAD,SampleRoleAssignPlayer
6,status,12,WEREWOLF,DEAD,SampleRoleAssignPlayer
6,status,13,VILLAGER,ALIVE,SampleRoleAssignPlayer
6,status,14,POSSESSED,DEAD,SampleRoleAssignPlayer
6,status,15,SEER,DEAD,SampleRoleAssignPlayer
6,talk,0,0,2,VOTE Agent[04]
6,talk,1,0,13,VOTE Agent[09]
6,talk,2,0,9,VOTE Agent[04]
6,talk,3,0,4,VOTE Agent[08]
6,talk,4,0,3,VOTE Agent[04]
6,talk,5,0,8,VOTE Agent[13]
6,talk,6,1,4,REQUEST(VOTE Agent[08])
6,talk,7,1,9,Skip
6,talk,8,1,3,Skip
6,talk,9,1,2,Skip
6,talk,10,1,13,Skip
6,talk,11,1,8,Skip
6,talk,12,2,9,Skip
6,talk,13,2,8,Skip
6,talk,14,2,2,Skip
6,talk,15,2,3,Skip
6,talk,16,2,4,Skip
6,talk,17,2,13,Skip
6,talk,18,3,2,Over
6,talk,19,3,3,Over
6,talk,20,3,9,Over
6,talk,21,3,13,Over
6,talk,22,3,8,Over
6,talk,23,3,4,Skip
6,talk,24,4,2,Over
6,talk,25,4,9,Over
6,talk,26,4,4,Over
6,talk,27,4,3,Over
6,talk,28,4,13,Over
6,talk,29,4,8,Over
6,vote,2,4
6,vote,3,4
6,vote,4,8
6,vote,8,13
6,vote,9,4
6,vote,13,9
6,execute,4,WEREWOLF
6,attack,13,true
7,status,1,MEDIUM,DEAD,wolf1
7,status,2,VILLAGER,ALIVE,SampleRoleAssignPlayer
7,status,3,VILLAGER,ALIVE,SampleRoleAssignPlayer
7,status,4,WEREWOLF,DEAD,SampleRoleAssignPlayer
7,status,5,BODYGUARD,DEAD,SampleRoleAssignPlayer
7,status,6,VILLAGER,DEAD,SampleRoleAssignPlayer
7,status,7,WEREWOLF,DEAD,SampleRoleAssignPlayer
7,status,8,VILLAGER,ALIVE,SampleRoleAssignPlayer
7,status,9,VILLAGER,ALIVE,SampleRoleAssignPlayer
7,status,10,VILLAGER,DEAD,SampleRoleAssignPlayer
7,status,11,VILLAGER,DEAD,SampleRoleAssignPlayer
7,status,12,WEREWOLF,DEAD,SampleRoleAssignPlayer
7,status,13,VILLAGER,DEAD,SampleRoleAssignPlayer
7,status,14,POSSESSED,DEAD,SampleRoleAssignPlayer
7,status,15,SEER,DEAD,SampleRoleAssignPlayer
7,result,4,0,VILLAGER
