0,status,1,VILLAGER,ALIVE,wolf1
0,status,2,WEREWOLF,ALIVE,SampleRoleAssignPlayer
0,status,3,WEREWOLF,ALIVE,SampleRoleAssignPlayer
0,status,4,VILLAGER,ALIVE,SampleRoleAssignPlayer
0,status,5,BODYGUARD,ALIVE,SampleRoleAssignPlayer
0,status,6,VILLAGER,ALIVE,SampleRoleAssignPlayer
0,status,7,VILLAGER,ALIVE,SampleRoleAssignPlayer
0,status,8,SEER,ALIVE,SampleRoleAssignPlayer
0,status,9,VILLAGER,ALIVE,SampleRoleAssignPlayer
0,status,10,VILLAGER,ALIVE,SampleRoleAssignPlayer
0,status,11,MEDIUM,ALIVE,SampleRoleAssignPlayer
0,status,12,POSSESSED,ALIVE,SampleRoleAssignPlayer
0,status,13,VILLAGER,ALIVE,SampleRoleAssignPlayer
0,status,14,WEREWOLF,ALIVE,SampleRoleAssignPlayer
0,status,15,VILLAGER,ALIVE,SampleRoleAssignPlayer
0,whisper,0,0,3,COMINGOUT Agent[03] VILLAGER
0,whisper,1,0,14,COMINGOUT Agent[14] MEDIUM
0,whisper,2,0,2,COMINGOUT Agent[02] SEER
0,whisper,3,1,2,DIVINED Agent[08] WEREWOLF
0,whisper,4,1,3,Skip
0,whisper,5,1,14,Skip
0,whisper,6,2,14,Skip
0,whisper,7,2,3,Skip
0,whisper,8,2,2,Skip
0,whisper,9,3,3,Over
0,whisper,10,3,14,Over
0,whisper,11,3,2,Skip
0,whisper,12,4,2,Over
0,whisper,13,4,3,Over
0,whisper,14,4,14,Over
0,divine,8,5,HUMAN
1,status,1,VILLAGER,ALIVE,wolf1
1,status,2,WEREWOLF,ALIVE,SampleRoleAssignPlayer
1,status,3,WEREWOLF,ALIVE,SampleRoleAssignPlayer
1,status,4,VILLAGER,ALIVE,SampleRoleAssignPlayer
1,status,5,BODYGUARD,ALIVE,SampleRoleAssignPlayer
1,status,6,VILLAGER,ALIVE,SampleRoleAssignPlayer
1,status,7,VILLAGER,ALIVE,SampleRoleAssignPlayer
1,status,8,SEER,ALIVE,SampleRoleAssignPlayer
1,status,9,VILLAGER,ALIVE,SampleRoleAssignPlayer
1,status,10,VILLAGER,ALIVE,SampleRoleAssignPlayer
1,status,11,MEDIUM,ALIVE,SampleRoleAssignPlayer
1,status,12,POSSESSED,ALIVE,SampleRoleAssignPlayer
1,status,13,VILLAGER,ALIVE,SampleRoleAssignPlayer
1,status,14,WEREWOLF,ALIVE,SampleRoleAssignPlayer
1,status,15,VILLAGER,ALIVE,SampleRoleAssignPlayer
1,talk,0,0,13,VOTE Agent[14]
1,talk,1,0,9,VOTE Agent[06]
1,talk,2,0,6,VOTE Agent[01]
1,talk,3,0,15,VOTE Agent[02]
1,talk,4,0,8,COMINGOUT Agent[08] SEER
1,talk,5,0,10,VOTE Agent[03]
1,talk,6,0,11,COMINGOUT Agent[11] MEDIUM
1,talk,7,0,3,VOTE Agent[07]
1,talk,8,0,1,VOTE Agent[03]
1,talk,9,0,12,COMINGOUT Agent[12] SEER
1,talk,10,0,4,VOTE Agent[14]
1,talk,11,0,5,VOTE Agent[01]
1,talk,12,0,14,VOTE Agent[13]
1,talk,13,0,2,VOTE Agent[08]
1,talk,14,0,7,VOTE Agent[03]
1,talk,15,1,11,VOTE Agent[04]
1,talk,16,1,8,DIVINED Agent[05] HUMAN
1,talk,17,1,9,Skip
1,talk,18,1,13,Skip
1,talk,19,1,2,REQUEST(VOTE Agent[08])
1,talk,20,1,5,Skip
1,talk,21,1,6,Skip
1,talk,22,1,14,REQUEST(VOTE Agent[13])
1,talk,23,1,10,Skip
1,talk,24,1,3,REQUEST(VOTE Agent[07])
1,talk,25,1,12,DIVINED Agent[15] WEREWOLF
1,talk,26,1,7,Skip
1,talk,27,1,15,Skip
1,talk,28,1,1,ESTIMATE Agent[03] WEREWOLF
1,talk,29,1,4,Skip
1,talk,30,2,2,COMINGOUT Agent[02] SEER
1,talk,31,2,3,Skip
1,talk,32,2,6,ESTIMATE Agent[08] SEER
1,talk,33,2,4,ESTIMATE Agent[12] SEER
1,talk,34,2,12,VOTE Agent[15]
1,talk,35,2,15,ESTIMATE Agent[08] SEER
1,talk,36,2,10,ESTIMATE Agent[12] SEER
1,talk,37,2,11,ESTIMATE Agent[08] SEER
1,talk,38,2,9,ESTIMATE Agent[08] SEER
1,talk,39,2,1,ESTIMATE Agent[13] WEREWOLF
1,talk,40,2,8,ESTIMATE Agent[12] WEREWOLF
1,talk,41,2,13,ESTIMATE Agent[08] SEER
1,talk,42,2,5,ESTIMATE Agent[08] SEER
1,talk,43,2,14,COMINGOUT Agent[14] MEDIUM
1,talk,44,2,7,ESTIMATE Agent[12] SEER
1,talk,45,3,14,VOTE Agent[11]
1,talk,46,3,11,ESTIMATE Agent[15] WEREWOLF
1,talk,47,3,13,ESTIMATE Agent[15] WEREWOLF
1,talk,48,3,12,REQUEST(VOTE Agent[15])
1,talk,49,3,10,ESTIMATE Agent[15] WEREWOLF
1,talk,50,3,1,ESTIMATE Agent[02] WEREWOLF
1,talk,51,3,9,ESTIMATE Agent[15] WEREWOLF
1,talk,52,3,2,DIVINED Agent[08] WEREWOLF
1,talk,53,3,7,ESTIMATE Agent[15] WEREWOLF
1,talk,54,3,4,ESTIMATE Agent[15] WEREWOLF
1,talk,55,3,6,ESTIMATE Agent[15] WEREWOLF
1,talk,56,3,5,ESTIMATE Agent[15] WEREWOLF
1,talk,57,3,8,VOTE Agent[12]
1,talk,58,3,3,Skip
1,talk,59,3,15,ESTIMATE Agent[12] WEREWOLF
1,talk,60,4,10,REQUEST(Agent[12] DIVINATION Agent[15])
1,talk,61,4,12,Skip
1,talk,62,4,15,REQUEST(Agent[08] DIVINATION Agent[12])
1,talk,63,4,13,REQUEST(Agent[08] DIVINATION Agent[15])
1,talk,64,4,11,REQUEST(Agent[08] DIVINATION Agent[15])
1,talk,65,4,2,Skip
1,talk,66,4,1,VOTE Agent[15]
1,talk,67,4,6,REQUEST(Agent[08] DIVINATION Agent[15])
1,talk,68,4,14,REQUEST(VOTE Agent[11])
1,talk,69,4,9,REQUEST(Agent[08] DIVINATION Agent[15])
1,talk,70,4,7,REQUEST(Agent[12] DIVINATION Agent[15])
1,talk,71,4,5,REQUEST(Agent[08] DIVINATION Agent[15])
1,talk,72,4,8,Skip
1,talk,73,4,3,Over
1,talk,74,4,4,REQUEST(Agent[12] DIVINATION Agent[15])
1,talk,75,5,3,Over
1,talk,76,5,4,VOTE Agent[15]
1,talk,77,5,12,Skip
1,talk,78,5,8,Skip
1,talk,79,5,11,VOTE Agent[15]
1,talk,80,5,13,VOTE Agent[15]
1,talk,81,5,5,VOTE Agent[15]
1,talk,82,5,9,VOTE Agent[15]
1,talk,83,5,7,VOTE Agent[15]
1,talk,84,5,1,ESTIMATE Agent[08] WEREWOLF
1,talk,85,5,10,VOTE Agent[15]
1,talk,86,5,14,Skip
1,talk,87,5,6,VOTE Agent[15]
1,talk,88,5,15,VOTE Agent[12]
1,talk,89,5,2,Skip
1,talk,90,6,1,ESTIMATE Agent[14] WEREWOLF
1,talk,91,6,8,Over
1,talk,92,6,10,Skip
1,talk,93,6,15,Skip
1,talk,94,6,13,Skip
1,talk,95,6,9,Skip
1,talk,96,6,3,Over
1,talk,97,6,4,Skip
1,talk,98,6,6,Skip
1,talk,99,6,7,Skip
1,talk,100,6,2,Over
1,talk,101,6,5,Skip
1,talk,102,6,12,Over
1,talk,103,6,11,Skip
1,talk,104,6,14,Skip
1,talk,105,7,14,Over
1,talk,106,7,4,Skip
1,talk,107,7,15,Skip
1,talk,108,7,1,Over
1,talk,109,7,7,Skip
1,talk,110,7,8,Over
1,talk,111,7,9,Skip
1,talk,112,7,5,Skip
1,talk,113,7,3,Over
1,talk,114,7,13,Skip
1,talk,115,7,12,Over
1,talk,116,7,2,Over
1,talk,117,7,10,Skip
1,talk,118,7,11,Skip
1,talk,119,7,6,Skip
1,talk,120,8,14,Over
1,talk,121,8,8,Over
1,talk,122,8,5,Over
1,talk,123,8,12,Over
1,talk,124,8,6,Over
1,talk,125,8,15,Over
1,talk,126,8,11,Over
1,talk,127,8,4,Over
1,talk,128,8,2,Over
1,talk,129,8,10,Over
1,talk,130,8,9,Over
1,talk,131,8,7,Over
1,talk,132,8,1,Over
1,talk,133,8,3,Over
1,talk,134,8,13,Over
1,vote,1,15
1,vote,2,8
1,vote,3,7
1,vote,4,15
1,vote,5,15
1,vote,6,15
1,vote,7,15
1,vote,8,12
1,vote,9,15
1,vote,10,15
1,vote,11,15
1,vote,12,15
1,vote,13,15
1,vote,14,11
1,vote,15,12
1,execute,15,VILLAGER
1,divine,8,2,WEREWOLF
1,whisper,0,0,2,ESTIMATE Agent[12] POSSESSED
1,whisper,1,0,3,ESTIMATE Agent[12] POSSESSED
1,whisper,2,0,14,ESTIMATE Agent[12] POSSESSED
1,whisper,3,1,3,ATTACK Agent[11]
1,whisper,4,1,14,ATTACK Agent[08]
1,whisper,5,1,2,ATTACK Agent[11]
1,whisper,6,2,14,REQUEST(ATTACK Agent[08])
1,whisper,7,2,3,REQUEST(ATTACK Agent[11])
1,whisper,8,2,2,REQUEST(ATTACK Agent[11])
1,whisper,9,3,14,IDENTIFIED Agent[15] HUMAN
1,whisper,10,3,2,DIVINED Agent[09] HUMAN
1,whisper,11,3,3,Skip
1,whisper,12,4,3,Skip
1,whisper,13,4,2,Skip
1,whisper,14,4,14,Skip
1,whisper,15,5,14,Skip
1,whisper,16,5,3,Over
1,whisper,17,5,2,Skip
1,whisper,18,6,14,Over
1,whisper,19,6,2,Over
1,whisper,20,6,3,Over
1,guard,5,8,SEER
1,attackVote,2,11
1,attackVote,3,11
1,attackVote,14,8
1,attack,11,true
2,status,1,VILLAGER,ALIVE,wolf1
2,status,2,WEREWOLF,ALIVE,SampleRoleAssignPlayer
2,status,3,WEREWOLF,ALIVE,SampleRoleAssignPlayer
2,status,4,VILLAGER,ALIVE,SampleRoleAssignPlayer
2,status,5,BODYGUARD,ALIVE,SampleRoleAssignPlayer
2,status,6,VILLAGER,ALIVE,SampleRoleAssignPlayer
2,status,7,VILLAGER,ALIVE,SampleRoleAssignPlayer
2,status,8,SEER,ALIVE,SampleRoleAssignPlayer
2,status,9,VILLAGER,ALIVE,SampleRoleAssignPlayer
2,status,10,VILLAGER,ALIVE,SampleRoleAssignPlayer
2,status,11,MEDIUM,DEAD,SampleRoleAssignPlayer
2,status,12,POSSESSED,ALIVE,SampleRoleAssignPlayer
2,status,13,VILLAGER,ALIVE,SampleRoleAssignPlayer
2,status,14,WEREWOLF,ALIVE,SampleRoleAssignPlayer
2,status,15,VILLAGER,DEAD,SampleRoleAssignPlayer
2,talk,0,0,8,DIVINED Agent[02] WEREWOLF
2,talk,1,0,14,IDENTIFIED Agent[15] HUMAN
2,talk,2,0,3,VOTE Agent[13]
2,talk,3,0,12,DIVINED Agent[10] HUMAN
2,talk,4,0,6,DISAGREE TALK day1 ID:32
2,talk,5,0,7,DISAGREE TALK day1 ID:32
2,talk,6,0,10,DISAGREE TALK day1 ID:32
2,talk,7,0,1,VOTE Agent[14]
2,talk,8,0,9,DISAGREE TALK day1 ID:32
2,talk,9,0,2,DIVINED Agent[09] HUMAN
2,talk,10,0,5,DISAGREE TALK day1 ID:32
2,talk,11,0,13,DISAGREE TALK day1 ID:32
2,talk,12,0,4,DISAGREE TALK day1 ID:32
2,talk,13,1,9,DISAGREE TALK day1 ID:35
2,talk,14,1,6,DISAGREE TALK day1 ID:35
2,talk,15,1,10,DISAGREE TALK day1 ID:35
2,talk,16,1,2,VOTE Agent[08]
2,talk,17,1,5,DISAGREE TALK day1 ID:35
2,talk,18,1,14,VOTE Agent[10]
2,talk,19,1,12,VOTE Agent[02]
2,talk,20,1,13,DISAGREE TALK day1 ID:35
2,talk,21,1,8,REQUEST(VOTE Agent[02])
2,talk,22,1,3,REQUEST(VOTE Agent[13])
2,talk,23,1,1,ESTIMATE Agent[08] WEREWOLF
2,talk,24,1,4,DISAGREE TALK day1 ID:35
2,talk,25,1,7,DISAGREE TALK day1 ID:35
2,talk,26,2,3,Skip
2,talk,27,2,12,REQUEST(VOTE Agent[02])
2,talk,28,2,5,DISAGREE TALK day1 ID:37
2,talk,29,2,13,DISAGREE TALK day1 ID:37
2,talk,30,2,1,ESTIMATE Agent[11] WEREWOLF
2,talk,31,2,9,DISAGREE TALK day1 ID:37
2,talk,32,2,4,DISAGREE TALK day1 ID:37
2,talk,33,2,10,DISAGREE TALK day1 ID:37
2,talk,34,2,7,DISAGREE TALK day1 ID:37
2,talk,35,2,2,REQUEST(VOTE Agent[08])
2,talk,36,2,8,VOTE Agent[02]
2,talk,37,2,14,REQUEST(VOTE Agent[10])
2,talk,38,2,6,DISAGREE TALK day1 ID:37
2,talk,39,3,8,Skip
2,talk,40,3,13,DISAGREE TALK day1 ID:38
2,talk,41,3,6,DISAGREE TALK day1 ID:38
2,talk,42,3,1,ESTIMATE Agent[13] WEREWOLF
2,talk,43,3,5,DISAGREE TALK day1 ID:38
2,talk,44,3,4,DISAGREE TALK day1 ID:38
2,talk,45,3,12,Skip
2,talk,46,3,14,Skip
2,talk,47,3,7,DISAGREE TALK day1 ID:38
2,talk,48,3,3,Skip
2,talk,49,3,10,DISAGREE TALK day1 ID:38
2,talk,50,3,2,Skip
2,talk,51,3,9,DISAGREE TALK day1 ID:38
2,talk,52,4,7,DISAGREE TALK day1 ID:41
2,talk,53,4,1,VOTE Agent[08]
2,talk,54,4,14,Skip
2,talk,55,4,5,DISAGREE TALK day1 ID:41
2,talk,56,4,13,DISAGREE TALK day1 ID:41
2,talk,57,4,8,Skip
2,talk,58,4,2,Skip
2,talk,59,4,10,DISAGREE TALK day1 ID:41
2,talk,60,4,4,DISAGREE TALK day1 ID:41
2,talk,61,4,6,DISAGREE TALK day1 ID:41
2,talk,62,4,9,DISAGREE TALK day1 ID:41
2,talk,63,4,3,Over
2,talk,64,4,12,Skip
2,talk,65,5,13,DISAGREE TALK day1 ID:42
2,talk,66,5,4,DISAGREE TALK day1 ID:42
2,talk,67,5,3,Over
2,talk,68,5,9,DISAGREE TALK day1 ID:42
2,talk,69,5,7,DISAGREE TALK day1 ID:42
2,talk,70,5,14,Over
2,talk,71,5,1,Over
2,talk,72,5,6,DISAGREE TALK day1 ID:42
2,talk,73,5,12,Over
2,talk,74,5,8,Over
2,talk,75,5,10,DISAGREE TALK day1 ID:42
2,talk,76,5,2,Over
2,talk,77,5,5,DISAGREE TALK day1 ID:42
2,talk,78,6,4,AGREE TALK day1 ID:84
2,talk,79,6,10,AGREE TALK day1 ID:84
2,talk,80,6,7,AGREE TALK day1 ID:84
2,talk,81,6,5,AGREE TALK day1 ID:84
2,talk,82,6,3,Over
2,talk,83,6,2,Over
2,talk,84,6,9,AGREE TALK day1 ID:84
2,talk,85,6,12,Over
2,talk,86,6,8,Over
2,talk,87,6,6,AGREE TALK day1 ID:84
2,talk,88,6,1,Over
2,talk,89,6,14,Over
2,talk,90,6,13,AGREE TALK day1 ID:84
2,talk,91,7,2,Over
2,talk,92,7,12,Over
2,talk,93,7,5,ESTIMATE Agent[08] WEREWOLF
2,talk,94,7,7,ESTIMATE Agent[08] WEREWOLF
2,talk,95,7,13,ESTIMATE Agent[08] WEREWOLF
2,talk,96,7,14,Over
2,talk,97,7,10,ESTIMATE Agent[08] WEREWOLF
2,talk,98,7,8,Over
2,talk,99,7,9,ESTIMATE Agent[08] WEREWOLF
2,talk,100,7,6,ESTIMATE Agent[08] WEREWOLF
2,talk,101,7,1,Over
2,talk,102,7,3,Over
2,talk,103,7,4,ESTIMATE Agent[08] WEREWOLF
2,talk,104,8,8,Over
2,talk,105,8,12,Over
2,talk,106,8,10,REQUEST(Agent[12] DIVINATION Agent[08])
2,talk,107,8,3,Over
2,talk,108,8,14,Over
2,talk,109,8,4,REQUEST(Agent[12] DIVINATION Agent[08])
2,talk,110,8,13,REQUEST(Agent[08] DIVINATION Agent[08])
2,talk,111,8,6,REQUEST(Agent[08] DIVINATION Agent[08])
2,talk,112,8,5,REQUEST(Agent[08] DIVINATION Agent[08])
2,talk,113,8,9,REQUEST(Agent[08] DIVINATION Agent[08])
2,talk,114,8,2,Over
2,talk,115,8,1,Over
2,talk,116,8,7,REQUEST(Agent[12] DIVINATION Agent[08])
2,talk,117,9,12,Over
2,talk,118,9,7,VOTE Agent[08]
2,talk,119,9,4,VOTE Agent[08]
2,talk,120,9,3,Over
2,talk,121,9,1,Over
2,talk,122,9,2,Over
2,talk,123,9,9,VOTE Agent[08]
2,talk,124,9,6,VOTE Agent[08]
2,talk,125,9,10,VOTE Agent[08]
2,talk,126,9,5,VOTE Agent[08]
2,talk,127,9,14,Over
2,talk,128,9,8,Over
2,talk,129,9,13,VOTE Agent[08]
2,talk,130,10,4,Over
2,talk,131,10,6,Over
2,talk,132,10,12,Over
2,talk,133,10,10,Over
2,talk,134,10,2,Over
2,talk,135,10,9,Over
2,talk,136,10,5,Over
2,talk,137,10,7,Over
2,talk,138,10,8,Over
2,talk,139,10,13,Over
2,talk,140,10,1,Over
2,talk,141,10,14,Over
2,talk,142,10,3,Over
2,vote,1,8
2,vote,2,8
2,vote,3,13
2,vote,4,8
2,vote,5,8
2,vote,6,8
2,vote,7,8
2,vote,8,2
2,vote,9,8
2,vote,10,8
2,vote,12,2
2,vote,13,8
2,vote,14,10
2,execute,8,SEER
2,whisper,0,0,3,ATTACK Agent[10]
2,whisper,1,0,14,ATTACK Agent[05]
2,whisper,2,0,2,ATTACK Agent[09]
2,whisper,3,1,14,REQUEST(ATTACK Agent[05])
2,whisper,4,1,2,REQUEST(ATTACK Agent[09])
2,whisper,5,1,3,REQUEST(ATTACK Agent[10])
2,whisper,6,2,3,Skip
2,whisper,7,2,2,DIVINED Agent[03] HUMAN
2,whisper,8,2,14,IDENTIFIED Agent[08] WEREWOLF
2,whisper,9,3,2,Skip
2,whisper,10,3,3,Skip
2,whisper,11,3,14,Skip
2,whisper,12,4,3,Over
2,whisper,13,4,14,Skip
2,whisper,14,4,2,Skip
2,whisper,15,5,14,Over
2,whisper,16,5,2,Over
2,whisper,17,5,3,Over
2,guard,5,8,SEER
2,attackVote,2,9
2,attackVote,3,10
2,attackVote,14,5
2,attackVote,2,9
2,attackVote,3,10
2,attackVote,14,5
2,attack,9,true
3,status,1,VILLAGER,ALIVE,wolf1
3,status,2,WEREWOLF,ALIVE,SampleRoleAssignPlayer
3,status,3,WEREWOLF,ALIVE,SampleRoleAssignPlayer
3,status,4,VILLAGER,ALIVE,SampleRoleAssignPlayer
3,status,5,BODYGUARD,ALIVE,SampleRoleAssignPlayer
3,status,6,VILLAGER,ALIVE,SampleRoleAssignPlayer
3,status,7,VILLAGER,ALIVE,SampleRoleAssignPlayer
3,status,8,SEER,DEAD,SampleRoleAssignPlayer
3,status,9,VILLAGER,DEAD,SampleRoleAssignPlayer
3,status,10,VILLAGER,ALIVE,SampleRoleAssignPlayer
3,status,11,MEDIUM,DEAD,SampleRoleAssignPlayer
3,status,12,POSSESSED,ALIVE,SampleRoleAssignPlayer
3,status,13,VILLAGER,ALIVE,SampleRoleAssignPlayer
3,status,14,WEREWOLF,ALIVE,SampleRoleAssignPlayer
3,status,15,VILLAGER,DEAD,SampleRoleAssignPlayer
3,talk,0,0,4,VOTE Agent[05]
3,talk,1,0,5,DISAGREE TALK day1 ID:50
3,talk,2,0,7,VOTE Agent[13]
3,talk,3,0,6,DISAGREE TALK day1 ID:50
3,talk,4,0,1,VOTE Agent[02]
3,talk,5,0,2,DIVINED Agent[03] HUMAN
3,talk,6,0,14,IDENTIFIED Agent[08] WEREWOLF
3,talk,7,0,10,VOTE Agent[03]
3,talk,8,0,3,VOTE Agent[13]
3,talk,9,0,13,AGREE TALK day1 ID:33
3,talk,10,0,12,DIVINED Agent[04] HUMAN
3,talk,11,1,7,Skip
3,talk,12,1,4,Skip
3,talk,13,1,1,ESTIMATE Agent[08] WEREWOLF
3,talk,14,1,14,VOTE Agent[04]
3,talk,15,1,12,VOTE Agent[02]
3,talk,16,1,2,VOTE Agent[10]
3,talk,17,1,6,ESTIMATE Agent[02] SEER
3,talk,18,1,13,AGREE TALK day1 ID:36
3,talk,19,1,10,Skip
3,talk,20,1,3,REQUEST(VOTE Agent[13])
3,talk,21,1,5,ESTIMATE Agent[02] SEER
3,talk,22,2,6,VOTE Agent[04]
3,talk,23,2,2,REQUEST(VOTE Agent[10])
3,talk,24,2,10,Skip
3,talk,25,2,3,Skip
3,talk,26,2,5,VOTE Agent[10]
3,talk,27,2,1,ESTIMATE Agent[11] WEREWOLF
3,talk,28,2,13,DISAGREE TALK day1 ID:40
3,talk,29,2,14,REQUEST(VOTE Agent[04])
3,talk,30,2,12,REQUEST(VOTE Agent[02])
3,talk,31,2,7,Skip
3,talk,32,2,4,Skip
3,talk,33,3,14,Skip
3,talk,34,3,12,Skip
3,talk,35,3,13,AGREE TALK day1 ID:44
3,talk,36,3,10,Over
3,talk,37,3,6,Skip
3,talk,38,3,2,Skip
3,talk,39,3,1,ESTIMATE Agent[13] WEREWOLF
3,talk,40,3,5,Skip
3,talk,41,3,7,Over
3,talk,42,3,4,Over
3,talk,43,3,3,Skip
3,talk,44,4,4,Over
3,talk,45,4,7,Over
3,talk,46,4,13,DISAGREE TALK day1 ID:59
3,talk,47,4,2,Skip
3,talk,48,4,3,Over
3,talk,49,4,12,Skip
3,talk,50,4,10,Over
3,talk,51,4,1,Over
3,talk,52,4,6,Skip
3,talk,53,4,5,Skip
3,talk,54,4,14,Skip
3,talk,55,5,2,Over
3,talk,56,5,1,Over
3,talk,57,5,6,Over
3,talk,58,5,4,Over
3,talk,59,5,7,Over
3,talk,60,5,5,Over
3,talk,61,5,12,Over
3,talk,62,5,3,Over
3,talk,63,5,10,Over
3,talk,64,5,13,ESTIMATE Agent[12] SEER
3,talk,65,5,14,Over
3,talk,66,6,4,Over
3,talk,67,6,10,Over
3,talk,68,6,7,Over
3,talk,69,6,3,Over
3,talk,70,6,12,Over
3,talk,71,6,14,Over
3,talk,72,6,13,VOTE Agent[04]
3,talk,73,6,1,Over
3,talk,74,6,5,Over
3,talk,75,6,6,Over
3,talk,76,6,2,Over
3,talk,77,7,6,Over
3,talk,78,7,5,Over
3,talk,79,7,3,Over
3,talk,80,7,10,Over
3,talk,81,7,7,Over
3,talk,82,7,2,Over
3,talk,83,7,4,Over
3,talk,84,7,1,Over
3,talk,85,7,14,Over
3,talk,86,7,13,Skip
3,talk,87,7,12,Over
3,talk,88,8,3,Over
3,talk,89,8,1,Over
3,talk,90,8,7,Over
3,talk,91,8,10,Over
3,talk,92,8,4,Over
3,talk,93,8,14,Over
3,talk,94,8,13,Skip
3,talk,95,8,5,Over
3,talk,96,8,12,Over
3,talk,97,8,2,Over
3,talk,98,8,6,Over
3,talk,99,9,4,Over
3,talk,100,9,5,Over
3,talk,101,9,10,Over
3,talk,102,9,14,Over
3,talk,103,9,12,Over
3,talk,104,9,3,Over
3,talk,105,9,6,Over
3,talk,106,9,7,Over
3,talk,107,9,1,Over
3,talk,108,9,13,Over
3,talk,109,9,2,Over
3,vote,1,2
3,vote,2,10
3,vote,3,13
3,vote,4,5
3,vote,5,10
3,vote,6,4
3,vote,7,13
3,vote,10,3
3,vote,12,2
3,vote,13,4
3,vote,14,4
3,execute,4,VILLAGER
3,whisper,0,0,14,ATTACK Agent[06]
3,whisper,1,0,2,ATTACK Agent[10]
3,whisper,2,0,3,ATTACK Agent[10]
3,whisper,3,1,14,REQUEST(ATTACK Agent[06])
3,whisper,4,1,2,REQUEST(ATTACK Agent[10])
3,whisper,5,1,3,REQUEST(ATTACK Agent[10])
3,whisper,6,2,2,DIVINED Agent[07] WEREWOLF
3,whisper,7,2,14,IDENTIFIED Agent[04] WEREWOLF
3,whisper,8,2,3,Skip
3,whisper,9,3,3,Skip
3,whisper,10,3,2,Skip
3,whisper,11,3,14,Skip
3,whisper,12,4,2,Skip
3,whisper,13,4,14,Skip
3,whisper,14,4,3,Over
3,whisper,15,5,14,Over
3,whisper,16,5,2,Over
3,whisper,17,5,3,Over
3,guard,5,2,WEREWOLF
3,attackVote,2,10
3,attackVote,3,10
3,attackVote,14,6
3,attack,10,true
4,status,1,VILLAGER,ALIVE,wolf1
4,status,2,WEREWOLF,ALIVE,SampleRoleAssignPlayer
4,status,3,WEREWOLF,ALIVE,SampleRoleAssignPlayer
4,status,4,VILLAGER,DEAD,SampleRoleAssignPlayer
4,status,5,BODYGUARD,ALIVE,SampleRoleAssignPlayer
4,status,6,VILLAGER,ALIVE,SampleRoleAssignPlayer
4,status,7,VILLAGER,ALIVE,SampleRoleAssignPlayer
4,status,8,SEER,DEAD,SampleRoleAssignPlayer
4,status,9,VILLAGER,DEAD,SampleRoleAssignPlayer
4,status,10,VILLAGER,DEAD,SampleRoleAssignPlayer
4,status,11,MEDIUM,DEAD,SampleRoleAssignPlayer
4,status,12,POSSESSED,ALIVE,SampleRoleAssignPlayer
4,status,13,VILLAGER,ALIVE,SampleRoleAssignPlayer
4,status,14,WEREWOLF,ALIVE,SampleRoleAssignPlayer
4,status,15,VILLAGER,DEAD,SampleRoleAssignPlayer
4,talk,0,0,13,VOTE Agent[06]
4,talk,1,0,12,DIVINED Agent[03] HUMAN
4,talk,2,0,14,IDENTIFIED Agent[04] WEREWOLF
4,talk,3,0,3,VOTE Agent[07]
4,talk,4,0,7,VOTE Agent[06]
4,talk,5,0,5,VOTE Agent[02]
4,talk,6,0,2,DIVINED Agent[07] WEREWOLF
4,talk,7,0,6,VOTE Agent[14]
4,talk,8,0,1,VOTE Agent[13]
4,talk,9,1,6,ESTIMATE Agent[07] WEREWOLF
4,talk,10,1,1,ESTIMATE Agent[02] WEREWOLF
4,talk,11,1,5,ESTIMATE Agent[07] WEREWOLF
4,talk,12,1,12,VOTE Agent[02]
4,talk,13,1,7,AGREE TALK day1 ID:50
4,talk,14,1,3,REQUEST(VOTE Agent[07])
4,talk,15,1,14,VOTE Agent[07]
4,talk,16,1,13,ESTIMATE Agent[07] WEREWOLF
4,talk,17,1,2,VOTE Agent[07]
4,talk,18,2,2,REQUEST(VOTE Agent[07])
4,talk,19,2,14,REQUEST(VOTE Agent[07])
4,talk,20,2,3,Skip
4,talk,21,2,1,ESTIMATE Agent[13] WEREWOLF
4,talk,22,2,12,REQUEST(VOTE Agent[02])
4,talk,23,2,13,REQUEST(Agent[12] DIVINATION Agent[07])
4,talk,24,2,6,REQUEST(Agent[02] DIVINATION Agent[07])
4,talk,25,2,7,DISAGREE TALK day3 ID:17
4,talk,26,2,5,REQUEST(Agent[02] DIVINATION Agent[07])
4,talk,27,3,13,VOTE Agent[07]
4,talk,28,3,2,Skip
4,talk,29,3,7,DISAGREE TALK day3 ID:21
4,talk,30,3,5,VOTE Agent[07]
4,talk,31,3,1,ESTIMATE Agent[14] WEREWOLF
4,talk,32,3,6,VOTE Agent[07]
4,talk,33,3,14,Skip
4,talk,34,3,3,Skip
4,talk,35,3,12,Skip
4,talk,36,4,5,Skip
4,talk,37,4,2,Skip
4,talk,38,4,3,Over
4,talk,39,4,1,VOTE Agent[02]
4,talk,40,4,6,Skip
4,talk,41,4,12,Skip
4,talk,42,4,7,ESTIMATE Agent[02] WEREWOLF
4,talk,43,4,13,Skip
4,talk,44,4,14,Skip
4,talk,45,5,13,Skip
4,talk,46,5,2,Over
4,talk,47,5,12,Over
4,talk,48,5,5,Skip
4,talk,49,5,1,ESTIMATE Agent[05] VILLAGER
4,talk,50,5,3,Over
4,talk,51,5,7,REQUEST(Agent[12] DIVINATION Agent[02])
4,talk,52,5,6,Skip
4,talk,53,5,14,Over
4,talk,54,6,12,Over
4,talk,55,6,5,Over
4,talk,56,6,14,Over
4,talk,57,6,1,Over
4,talk,58,6,6,Over
4,talk,59,6,3,Over
4,talk,60,6,2,Over
4,talk,61,6,7,VOTE Agent[02]
4,talk,62,6,13,Over
4,talk,63,7,13,Over
4,talk,64,7,14,Over
4,talk,65,7,12,Over
4,talk,66,7,7,Skip
4,talk,67,7,3,Over
4,talk,68,7,6,Over
4,talk,69,7,1,Over
4,talk,70,7,5,Over
4,talk,71,7,2,Over
4,talk,72,8,14,Over
4,talk,73,8,2,Over
4,talk,74,8,7,Skip
4,talk,75,8,13,Over
4,talk,76,8,3,Over
4,talk,77,8,12,Over
4,talk,78,8,1,Over
4,talk,79,8,5,Over
4,talk,80,8,6,Over
4,talk,81,9,6,Over
4,talk,82,9,14,Over
4,talk,83,9,5,Over
4,talk,84,9,12,Over
4,talk,85,9,2,Over
4,talk,86,9,7,Over
4,talk,87,9,1,Over
4,talk,88,9,3,Over
4,talk,89,9,13,Over
4,vote,1,2
4,vote,2,7
4,vote,3,7
4,vote,5,7
4,vote,6,7
4,vote,7,2
4,vote,12,2
4,vote,13,7
4,vote,14,7
4,execute,7,VILLAGER
4,whisper,0,0,3,ATTACK Agent[01]
4,whisper,1,0,14,ATTACK Agent[13]
4,whisper,2,0,2,ATTACK Agent[06]
4,whisper,3,1,14,REQUEST(ATTACK Agent[13])
4,whisper,4,1,2,REQUEST(ATTACK Agent[06])
4,whisper,5,1,3,REQUEST(ATTACK Agent[01])
4,whisper,6,2,3,Skip
4,whisper,7,2,14,IDENTIFIED Agent[07] WEREWOLF
4,whisper,8,2,2,DIVINED Agent[14] HUMAN
4,whisper,9,3,3,Skip
4,whisper,10,3,14,Skip
4,whisper,11,3,2,Skip
4,whisper,12,4,14,Skip
4,whisper,13,4,3,Over
4,whisper,14,4,2,Skip
4,whisper,15,5,14,Over
4,whisper,16,5,2,Over
4,whisper,17,5,3,Over
4,guard,5,2,WEREWOLF
4,attackVote,2,6
4,attackVote,3,1
4,attackVote,14,13
4,attackVote,2,6
4,attackVote,3,1
4,attackVote,14,13
4,attack,13,true
5,status,1,VILLAGER,ALIVE,wolf1
5,status,2,WEREWOLF,ALIVE,SampleRoleAssignPlayer
5,status,3,WEREWOLF,ALIVE,SampleRoleAssignPlayer
5,status,4,VILLAGER,DEAD,SampleRoleAssignPlayer
5,status,5,BODYGUARD,ALIVE,SampleRoleAssignPlayer
5,status,6,VILLAGER,ALIVE,SampleRoleAssignPlayer
5,status,7,VILLAGER,DEAD,SampleRoleAssignPlayer
5,status,8,SEER,DEAD,SampleRoleAssignPlayer
5,status,9,VILLAGER,DEAD,SampleRoleAssignPlayer
5,status,10,VILLAGER,DEAD,SampleRoleAssignPlayer
5,status,11,MEDIUM,DEAD,SampleRoleAssignPlayer
5,status,12,POSSESSED,ALIVE,SampleRoleAssignPlayer
5,status,13,VILLAGER,DEAD,SampleRoleAssignPlayer
5,status,14,WEREWOLF,ALIVE,SampleRoleAssignPlayer
5,status,15,VILLAGER,DEAD,SampleRoleAssignPlayer
5,talk,0,0,2,DIVINED Agent[14] HUMAN
5,talk,1,0,6,VOTE Agent[05]
5,talk,2,0,14,IDENTIFIED Agent[07] WEREWOLF
5,talk,3,0,1,VOTE Agent[14]
5,talk,4,0,3,VOTE Agent[01]
5,talk,5,0,12,DIVINED Agent[06] HUMAN
5,talk,6,0,5,VOTE Agent[03]
5,talk,7,1,14,VOTE Agent[06]
5,talk,8,1,2,VOTE Agent[06]
5,talk,9,1,1,ESTIMATE Agent[02] WEREWOLF
5,talk,10,1,12,VOTE Agent[15]
5,talk,11,1,5,Skip
5,talk,12,1,6,Skip
5,talk,13,1,3,REQUEST(VOTE Agent[01])
5,talk,14,2,1,ESTIMATE Agent[13] WEREWOLF
5,talk,15,2,5,Skip
5,talk,16,2,3,Skip
5,talk,17,2,2,REQUEST(VOTE Agent[06])
5,talk,18,2,6,Skip
5,talk,19,2,14,REQUEST(VOTE Agent[06])
5,talk,20,2,12,REQUEST(VOTE Agent[15])
5,talk,21,3,6,Over
5,talk,22,3,12,Skip
5,talk,23,3,1,ESTIMATE Agent[14] WEREWOLF
5,talk,24,3,2,Skip
5,talk,25,3,3,Skip
5,talk,26,3,14,Skip
5,talk,27,3,5,Over
5,talk,28,4,14,Skip
5,talk,29,4,6,Over
5,talk,30,4,2,Skip
5,talk,31,4,3,Over
5,talk,32,4,12,Skip
5,talk,33,4,1,ESTIMATE Agent[05] VILLAGER
5,talk,34,4,5,Over
5,talk,35,5,14,Over
5,talk,36,5,3,Over
5,talk,37,5,5,Over
5,talk,38,5,6,Over
5,talk,39,5,12,Over
5,talk,40,5,2,Over
5,talk,41,5,1,Over
5,vote,1,14
5,vote,2,6
5,vote,3,1
5,vote,5,3
5,vote,6,5
5,vote,12,6
5,vote,14,6
5,execute,6,VILLAGER
5,whisper,0,0,3,ATTACK Agent[05]
5,whisper,1,0,2,ATTACK Agent[05]
5,whisper,2,0,14,ATTACK Agent[05]
5,whisper,3,1,3,REQUEST(ATTACK Agent[05])
5,whisper,4,1,14,REQUEST(ATTACK Agent[05])
5,whisper,5,1,2,REQUEST(ATTACK Agent[05])
5,whisper,6,2,2,DIVINED Agent[01] HUMAN
5,whisper,7,2,14,IDENTIFIED Agent[06] HUMAN
5,whisper,8,2,3,Skip
5,whisper,9,3,3,Skip
5,whisper,10,3,14,Skip
5,whisper,11,3,2,Skip
5,whisper,12,4,14,Skip
5,whisper,13,4,3,Over
5,whisper,14,4,2,Skip
5,whisper,15,5,2,Over
5,whisper,16,5,3,Over
5,whisper,17,5,14,Over
5,guard,5,2,WEREWOLF
5,attackVote,2,5
5,attackVote,3,5
5,attackVote,14,5
5,attack,5,true
6,status,1,VILLAGER,ALIVE,wolf1
6,status,2,WEREWOLF,ALIVE,SampleRoleAssignPlayer
6,status,3,WEREWOLF,ALIVE,SampleRoleAssignPlayer
6,status,4,VILLAGER,DEAD,SampleRoleAssignPlayer
6,status,5,BODYGUARD,DEAD,SampleRoleAssignPlayer
6,status,6,VILLAGER,DEAD,SampleRoleAssignPlayer
6,status,7,VILLAGER,DEAD,SampleRoleAssignPlayer
6,status,8,SEER,DEAD,SampleRoleAssignPlayer
6,status,9,VILLAGER,DEAD,SampleRoleAssignPlayer
6,status,10,VILLAGER,DEAD,SampleRoleAssignPlayer
6,status,11,MEDIUM,DEAD,SampleRoleAssignPlayer
6,status,12,POSSESSED,ALIVE,SampleRoleAssignPlayer
6,status,13,VILLAGER,DEAD,SampleRoleAssignPlayer
6,status,14,WEREWOLF,ALIVE,SampleRoleAssignPlayer
6,status,15,VILLAGER,DEAD,SampleRoleAssignPlayer
6,result,2,3,WEREWOLF
