0,status,1,VILLAGER,ALIVE,wolf1
0,status,2,MEDIUM,ALIVE,SampleRoleAssignPlayer
0,status,3,VILLAGER,ALIVE,SampleRoleAssignPlayer
0,status,4,SEER,ALIVE,SampleRoleAssignPlayer
0,status,5,VILLAGER,ALIVE,SampleRoleAssignPlayer
0,status,6,VILLAGER,ALIVE,SampleRoleAssignPlayer
0,status,7,POSSESSED,ALIVE,SampleRoleAssignPlayer
0,status,8,BODYGUARD,ALIVE,SampleRoleAssignPlayer
0,status,9,WEREWOLF,ALIVE,SampleRoleAssignPlayer
0,status,10,VILLAGER,ALIVE,SampleRoleAssignPlayer
0,status,11,WEREWOLF,ALIVE,SampleRoleAssignPlayer
0,status,12,VILLAGER,ALIVE,SampleRoleAssignPlayer
0,status,13,VILLAGER,ALIVE,SampleRoleAssignPlayer
0,status,14,WEREWOLF,ALIVE,SampleRoleAssignPlayer
0,status,15,VILLAGER,ALIVE,SampleRoleAssignPlayer
0,whisper,0,0,14,COMINGOUT Agent[14] MEDIUM
0,whisper,1,0,11,COMINGOUT Agent[11] SEER
0,whisper,2,0,9,COMINGOUT Agent[09] SEER
0,whisper,3,1,9,COMINGOUT Agent[09] VILLAGER
0,whisper,4,1,11,COMINGOUT Agent[11] VILLAGER
0,whisper,5,1,14,Skip
0,whisper,6,2,14,Skip
0,whisper,7,2,9,Skip
0,whisper,8,2,11,Skip
0,whisper,9,3,11,COMINGOUT Agent[11] SEER
0,whisper,10,3,9,COMINGOUT Agent[09] SEER
0,whisper,11,3,14,Over
0,whisper,12,4,14,Over
0,whisper,13,4,11,COMINGOUT Agent[11] VILLAGER
0,whisper,14,4,9,COMINGOUT Agent[09] VILLAGER
0,whisper,15,5,14,Over
0,whisper,16,5,11,COMINGOUT Agent[11] SEER
0,whisper,17,5,9,COMINGOUT Agent[09] SEER
0,whisper,18,6,9,Skip
0,whisper,19,6,14,Over
0,whisper,20,6,11,COMINGOUT Agent[11] VILLAGER
0,whisper,21,7,11,Skip
0,whisper,22,7,9,DIVINED Agent[04] HUMAN
0,whisper,23,7,14,Over
0,whisper,24,8,9,Skip
0,whisper,25,8,14,Over
0,whisper,26,8,11,Skip
0,whisper,27,9,9,Skip
0,whisper,28,9,14,Over
0,whisper,29,9,11,Over
0,whisper,30,10,9,Over
0,whisper,31,10,11,Over
0,whisper,32,10,14,Over
0,divine,4,10,HUMAN
1,status,1,VILLAGER,ALIVE,wolf1
1,status,2,MEDIUM,ALIVE,SampleRoleAssignPlayer
1,status,3,VILLAGER,ALIVE,SampleRoleAssignPlayer
1,status,4,SEER,ALIVE,SampleRoleAssignPlayer
1,status,5,VILLAGER,ALIVE,SampleRoleAssignPlayer
1,status,6,VILLAGER,ALIVE,SampleRoleAssignPlayer
1,status,7,POSSESSED,ALIVE,SampleRoleAssignPlayer
1,status,8,BODYGUARD,ALIVE,SampleRoleAssignPlayer
1,status,9,WEREWOLF,ALIVE,SampleRoleAssignPlayer
1,status,10,VILLAGER,ALIVE,SampleRoleAssignPlayer
1,status,11,WEREWOLF,ALIVE,SampleRoleAssignPlayer
1,status,12,VILLAGER,ALIVE,SampleRoleAssignPlayer
1,status,13,VILLAGER,ALIVE,SampleRoleAssignPlayer
1,status,14,WEREWOLF,ALIVE,SampleRoleAssignPlayer
1,status,15,VILLAGER,ALIVE,SampleRoleAssignPlayer
1,talk,0,0,15,VOTE Agent[04]
1,talk,1,0,8,VOTE Agent[04]
1,talk,2,0,2,VOTE Agent[03]
1,talk,3,0,4,VOTE Agent[05]
1,talk,4,0,7,COMINGOUT Agent[07] SEER
1,talk,5,0,3,VOTE Agent[12]
1,talk,6,0,6,VOTE Agent[10]
1,talk,7,0,10,VOTE Agent[15]
1,talk,8,0,9,VOTE Agent[06]
1,talk,9,0,12,VOTE Agent[08]
1,talk,10,0,13,VOTE Agent[03]
1,talk,11,0,11,VOTE Agent[12]
1,talk,12,0,1,VOTE Agent[04]
1,talk,13,0,14,VOTE Agent[06]
1,talk,14,0,5,VOTE Agent[02]
1,talk,15,1,9,REQUEST(VOTE Agent[06])
1,talk,16,1,6,Skip
1,talk,17,1,8,Skip
1,talk,18,1,12,Skip
1,talk,19,1,3,Skip
1,talk,20,1,5,Skip
1,talk,21,1,2,Skip
1,talk,22,1,4,COMINGOUT Agent[04] SEER
1,talk,23,1,7,DIVINED Agent[06] WEREWOLF
1,talk,24,1,14,REQUEST(VOTE Agent[06])
1,talk,25,1,10,Skip
1,talk,26,1,11,REQUEST(VOTE Agent[12])
1,talk,27,1,1,ESTIMATE Agent[03] WEREWOLF
1,talk,28,1,15,Skip
1,talk,29,1,13,Skip
1,talk,30,2,1,ESTIMATE Agent[06] WEREWOLF
1,talk,31,2,10,ESTIMATE Agent[07] SEER
1,talk,32,2,2,ESTIMATE Agent[07] SEER
1,talk,33,2,14,COMINGOUT Agent[14] MEDIUM
1,talk,34,2,9,COMINGOUT Agent[09] SEER
1,talk,35,2,3,ESTIMATE Agent[07] SEER
1,talk,36,2,12,ESTIMATE Agent[07] SEER
1,talk,37,2,8,ESTIMATE Agent[07] SEER
1,talk,38,2,7,VOTE Agent[06]
1,talk,39,2,4,DIVINED Agent[10] HUMAN
1,talk,40,2,11,Skip
1,talk,41,2,13,ESTIMATE Agent[07] SEER
1,talk,42,2,6,ESTIMATE Agent[07] WEREWOLF
1,talk,43,2,5,ESTIMATE Agent[07] SEER
1,talk,44,2,15,ESTIMATE Agent[07] SEER
1,talk,45,3,8,ESTIMATE Agent[06] WEREWOLF
1,talk,46,3,7,REQUEST(VOTE Agent[06])
1,talk,47,3,2,ESTIMATE Agent[06] WEREWOLF
1,talk,48,3,11,Skip
1,talk,49,3,12,ESTIMATE Agent[06] WEREWOLF
1,talk,50,3,4,ESTIMATE Agent[07] WEREWOLF
1,talk,51,3,14,Skip
1,talk,52,3,15,ESTIMATE Agent[06] WEREWOLF
1,talk,53,3,9,DIVINED Agent[04] HUMAN
1,talk,54,3,3,ESTIMATE Agent[06] WEREWOLF
1,talk,55,3,1,ESTIMATE Agent[04] WEREWOLF
1,talk,56,3,6,REQUEST(DIVINATION Agent[07])
1,talk,57,3,10,ESTIMATE Agent[06] WEREWOLF
1,talk,58,3,13,ESTIMATE Agent[06] WEREWOLF
1,talk,59,3,5,ESTIMATE Agent[06] WEREWOLF
1,talk,60,4,10,REQUEST(Agent[07] DIVINATION Agent[06])
1,talk,61,4,15,REQUEST(Agent[07] DIVINATION Agent[06])
1,talk,62,4,7,Skip
1,talk,63,4,11,Over
1,talk,64,4,1,VOTE Agent[06]
1,talk,65,4,12,REQUEST(Agent[07] DIVINATION Agent[06])
1,talk,66,4,8,REQUEST(Agent[07] DIVINATION Agent[06])
1,talk,67,4,5,REQUEST(Agent[07] DIVINATION Agent[06])
1,talk,68,4,13,REQUEST(Agent[07] DIVINATION Agent[06])
1,talk,69,4,6,VOTE Agent[07]
1,talk,70,4,4,VOTE Agent[07]
1,talk,71,4,9,REQUEST(VOTE Agent[07])
1,talk,72,4,14,Skip
1,talk,73,4,2,REQUEST(Agent[07] DIVINATION Agent[06])
1,talk,74,4,3,REQUEST(Agent[07] DIVINATION Agent[06])
1,talk,75,5,6,ESTIMATE Agent[04] SEER
1,talk,76,5,7,Skip
1,talk,77,5,11,Over
1,talk,78,5,14,Over
1,talk,79,5,2,VOTE Agent[06]
1,talk,80,5,10,VOTE Agent[06]
1,talk,81,5,12,VOTE Agent[06]
1,talk,82,5,8,VOTE Agent[06]
1,talk,83,5,3,VOTE Agent[06]
1,talk,84,5,5,VOTE Agent[06]
1,talk,85,5,4,Skip
1,talk,86,5,15,VOTE Agent[06]
1,talk,87,5,9,VOTE Agent[04]
1,talk,88,5,1,ESTIMATE Agent[14] MEDIUM
1,talk,89,5,13,VOTE Agent[06]
1,talk,90,6,5,Skip
1,talk,91,6,9,REQUEST(VOTE Agent[04])
1,talk,92,6,10,Skip
1,talk,93,6,3,Skip
1,talk,94,6,2,COMINGOUT Agent[02] MEDIUM
1,talk,95,6,11,Over
1,talk,96,6,1,Over
1,talk,97,6,14,Over
1,talk,98,6,8,Skip
1,talk,99,6,7,Over
1,talk,100,6,12,Skip
1,talk,101,6,15,Skip
1,talk,102,6,4,Skip
1,talk,103,6,13,Skip
1,talk,104,6,6,Skip
1,talk,105,7,15,Skip
1,talk,106,7,11,Over
1,talk,107,7,4,Over
1,talk,108,7,10,Skip
1,talk,109,7,6,Skip
1,talk,110,7,3,Skip
1,talk,111,7,8,Skip
1,talk,112,7,12,Skip
1,talk,113,7,1,ESTIMATE Agent[09] WEREWOLF
1,talk,114,7,2,Skip
1,talk,115,7,13,Skip
1,talk,116,7,5,Skip
1,talk,117,7,14,VOTE Agent[02]
1,talk,118,7,7,Over
1,talk,119,7,9,Skip
1,talk,120,8,7,Over
1,talk,121,8,12,Over
1,talk,122,8,14,REQUEST(VOTE Agent[02])
1,talk,123,8,10,Over
1,talk,124,8,8,Over
1,talk,125,8,13,Over
1,talk,126,8,11,Over
1,talk,127,8,5,Over
1,talk,128,8,6,Over
1,talk,129,8,4,Over
1,talk,130,8,2,Skip
1,talk,131,8,3,Over
1,talk,132,8,1,ESTIMATE Agent[14] WEREWOLF
1,talk,133,8,9,Skip
1,talk,134,8,15,Over
1,talk,135,9,10,Over
1,talk,136,9,4,Over
1,talk,137,9,13,Over
1,talk,138,9,3,Over
1,talk,139,9,6,Over
1,talk,140,9,12,Over
1,talk,141,9,11,Over
1,talk,142,9,5,Over
1,talk,143,9,14,Skip
1,talk,144,9,9,Over
1,talk,145,9,2,Over
1,talk,146,9,1,Over
1,talk,147,9,15,Over
1,talk,148,9,8,Over
1,talk,149,9,7,Over
1,talk,150,10,5,Over
1,talk,151,10,9,Over
1,talk,152,10,12,Over
1,talk,153,10,13,Over
1,talk,154,10,3,Over
1,talk,155,10,11,Over
1,talk,156,10,4,Over
1,talk,157,10,8,Over
1,talk,158,10,15,Over
1,talk,159,10,7,Over
1,talk,160,10,2,Over
1,talk,161,10,6,Over
1,talk,162,10,1,Over
1,talk,163,10,14,Skip
1,talk,164,10,10,Over
1,talk,165,11,7,Over
1,talk,166,11,5,Over
1,talk,167,11,13,Over
1,talk,168,11,1,Over
1,talk,169,11,10,Over
1,talk,170,11,2,Over
1,talk,171,11,6,Over
1,talk,172,11,4,Over
1,talk,173,11,14,Over
1,talk,174,11,15,Over
1,talk,175,11,11,Over
1,talk,176,11,12,Over
1,talk,177,11,9,Over
1,talk,178,11,3,Over
1,talk,179,11,8,Over
1,vote,1,6
1,vote,2,6
1,vote,3,6
1,vote,4,7
1,vote,5,6
1,vote,6,7
1,vote,7,6
1,vote,8,6
1,vote,9,4
1,vote,10,6
1,vote,11,12
1,vote,12,6
1,vote,13,6
1,vote,14,2
1,vote,15,6
1,execute,6,VILLAGER
1,divine,4,7,HUMAN
1,whisper,0,0,9,ESTIMATE Agent[07] POSSESSED
1,whisper,1,0,14,ESTIMATE Agent[07] POSSESSED
1,whisper,2,0,11,ESTIMATE Agent[07] POSSESSED
1,whisper,3,1,9,ATTACK Agent[04]
1,whisper,4,1,14,ATTACK Agent[04]
1,whisper,5,1,11,ATTACK Agent[02]
1,whisper,6,2,11,REQUEST(ATTACK Agent[02])
1,whisper,7,2,9,REQUEST(ATTACK Agent[04])
1,whisper,8,2,14,REQUEST(ATTACK Agent[04])
1,whisper,9,3,11,Skip
1,whisper,10,3,14,IDENTIFIED Agent[06] WEREWOLF
1,whisper,11,3,9,DIVINED Agent[03] HUMAN
1,whisper,12,4,9,Skip
1,whisper,13,4,11,Skip
1,whisper,14,4,14,Skip
1,whisper,15,5,11,Over
1,whisper,16,5,9,Skip
1,whisper,17,5,14,Skip
1,whisper,18,6,14,Over
1,whisper,19,6,9,Over
1,whisper,20,6,11,Over
1,guard,8,7,POSSESSED
1,attackVote,9,4
1,attackVote,11,2
1,attackVote,14,4
1,attack,4,true
2,status,1,VILLAGER,ALIVE,wolf1
2,status,2,MEDIUM,ALIVE,SampleRoleAssignPlayer
2,status,3,VILLAGER,ALIVE,SampleRoleAssignPlayer
2,status,4,SEER,DEAD,SampleRoleAssignPlayer
2,status,5,VILLAGER,ALIVE,SampleRoleAssignPlayer
2,status,6,VILLAGER,DEAD,SampleRoleAssignPlayer
2,status,7,POSSESSED,ALIVE,SampleRoleAssignPlayer
2,status,8,BODYGUARD,ALIVE,SampleRoleAssignPlayer
2,status,9,WEREWOLF,ALIVE,SampleRoleAssignPlayer
2,status,10,VILLAGER,ALIVE,SampleRoleAssignPlayer
2,status,11,WEREWOLF,ALIVE,SampleRoleAssignPlayer
2,status,12,VILLAGER,ALIVE,SampleRoleAssignPlayer
2,status,13,VILLAGER,ALIVE,SampleRoleAssignPlayer
2,status,14,WEREWOLF,ALIVE,SampleRoleAssignPlayer
2,status,15,VILLAGER,ALIVE,SampleRoleAssignPlayer
2,talk,0,0,8,VOTE Agent[12]
2,talk,1,0,3,VOTE Agent[08]
2,talk,2,0,1,VOTE Agent[02]
2,talk,3,0,7,DIVINED Agent[13] WEREWOLF
2,talk,4,0,9,DIVINED Agent[03] HUMAN
2,talk,5,0,13,VOTE Agent[07]
2,talk,6,0,10,VOTE Agent[11]
2,talk,7,0,12,VOTE Agent[15]
2,talk,8,0,15,VOTE Agent[10]
2,talk,9,0,2,IDENTIFIED Agent[06] HUMAN
2,talk,10,0,5,VOTE Agent[14]
2,talk,11,0,11,VOTE Agent[01]
2,talk,12,0,14,IDENTIFIED Agent[06] WEREWOLF
2,talk,13,1,1,ESTIMATE Agent[07] WEREWOLF
2,talk,14,1,11,REQUEST(VOTE Agent[01])
2,talk,15,1,8,ESTIMATE Agent[13] WEREWOLF
2,talk,16,1,13,DISAGREE TALK day1 ID:113
2,talk,17,1,9,VOTE Agent[02]
2,talk,18,1,3,ESTIMATE Agent[13] WEREWOLF
2,talk,19,1,5,ESTIMATE Agent[13] WEREWOLF
2,talk,20,1,2,DISAGREE TALK day1 ID:113
2,talk,21,1,7,VOTE Agent[09]
2,talk,22,1,10,ESTIMATE Agent[13] WEREWOLF
2,talk,23,1,12,ESTIMATE Agent[13] WEREWOLF
2,talk,24,1,14,VOTE Agent[02]
2,talk,25,1,15,ESTIMATE Agent[13] WEREWOLF
2,talk,26,2,15,REQUEST(Agent[07] DIVINATION Agent[13])
2,talk,27,2,3,REQUEST(Agent[07] DIVINATION Agent[13])
2,talk,28,2,11,Skip
2,talk,29,2,1,ESTIMATE Agent[14] WEREWOLF
2,talk,30,2,12,REQUEST(Agent[07] DIVINATION Agent[13])
2,talk,31,2,10,REQUEST(Agent[07] DIVINATION Agent[13])
2,talk,32,2,5,REQUEST(Agent[07] DIVINATION Agent[13])
2,talk,33,2,7,REQUEST(VOTE Agent[09])
2,talk,34,2,14,REQUEST(VOTE Agent[02])
2,talk,35,2,8,REQUEST(Agent[07] DIVINATION Agent[13])
2,talk,36,2,2,ESTIMATE Agent[09] SEER
2,talk,37,2,13,ESTIMATE Agent[09] SEER
2,talk,38,2,9,REQUEST(VOTE Agent[02])
2,talk,39,3,1,ESTIMATE Agent[15] WEREWOLF
2,talk,40,3,14,Skip
2,talk,41,3,3,VOTE Agent[13]
2,talk,42,3,12,VOTE Agent[13]
2,talk,43,3,9,Skip
2,talk,44,3,13,Skip
2,talk,45,3,15,VOTE Agent[13]
2,talk,46,3,5,VOTE Agent[13]
2,talk,47,3,8,VOTE Agent[13]
2,talk,48,3,11,Skip
2,talk,49,3,10,VOTE Agent[13]
2,talk,50,3,2,DISAGREE TALK day1 ID:88
2,talk,51,3,7,Skip
2,talk,52,4,9,Skip
2,talk,53,4,14,Skip
2,talk,54,4,8,Skip
2,talk,55,4,11,Over
2,talk,56,4,5,Skip
2,talk,57,4,13,Skip
2,talk,58,4,15,Skip
2,talk,59,4,10,Skip
2,talk,60,4,1,VOTE Agent[14]
2,talk,61,4,12,Skip
2,talk,62,4,3,Skip
2,talk,63,4,2,AGREE TALK day1 ID:132
2,talk,64,4,7,Skip
2,talk,65,5,13,Over
2,talk,66,5,12,Skip
2,talk,67,5,8,Skip
2,talk,68,5,9,Over
2,talk,69,5,2,ESTIMATE Agent[14] WEREWOLF
2,talk,70,5,7,Over
2,talk,71,5,1,Over
2,talk,72,5,14,Over
2,talk,73,5,3,Skip
2,talk,74,5,5,Skip
2,talk,75,5,11,Over
2,talk,76,5,15,Skip
2,talk,77,5,10,Skip
2,talk,78,6,3,Over
2,talk,79,6,14,Over
2,talk,80,6,2,REQUEST(Agent[09] DIVINATION Agent[14])
2,talk,81,6,10,Over
2,talk,82,6,13,Over
2,talk,83,6,7,Over
2,talk,84,6,8,Over
2,talk,85,6,11,Over
2,talk,86,6,12,Over
2,talk,87,6,9,Over
2,talk,88,6,5,Over
2,talk,89,6,15,Over
2,talk,90,6,1,Over
2,talk,91,7,14,Over
2,talk,92,7,10,Over
2,talk,93,7,11,Over
2,talk,94,7,12,Over
2,talk,95,7,5,Over
2,talk,96,7,3,Over
2,talk,97,7,9,Over
2,talk,98,7,2,VOTE Agent[14]
2,talk,99,7,7,Over
2,talk,100,7,1,Over
2,talk,101,7,8,Over
2,talk,102,7,15,Over
2,talk,103,7,13,Over
2,talk,104,8,1,Over
2,talk,105,8,12,Over
2,talk,106,8,8,Over
2,talk,107,8,3,Over
2,talk,108,8,15,Over
2,talk,109,8,13,Over
2,talk,110,8,5,Over
2,talk,111,8,7,Over
2,talk,112,8,14,Over
2,talk,113,8,2,Skip
2,talk,114,8,9,Over
2,talk,115,8,10,Over
2,talk,116,8,11,Over
2,talk,117,9,10,Over
2,talk,118,9,8,Over
2,talk,119,9,13,Over
2,talk,120,9,7,Over
2,talk,121,9,3,Over
2,talk,122,9,14,Over
2,talk,123,9,9,Over
2,talk,124,9,5,Over
2,talk,125,9,12,Over
2,talk,126,9,2,Skip
2,talk,127,9,1,Over
2,talk,128,9,15,Over
2,talk,129,9,11,Over
2,talk,130,10,8,Over
2,talk,131,10,9,Over
2,talk,132,10,2,Over
2,talk,133,10,7,Over
2,talk,134,10,3,Over
2,talk,135,10,11,Over
2,talk,136,10,1,Over
2,talk,137,10,13,Over
2,talk,138,10,5,Over
2,talk,139,10,12,Over
2,talk,140,10,10,Over
2,talk,141,10,14,Over
2,talk,142,10,15,Over
2,vote,1,14
2,vote,2,14
2,vote,3,13
2,vote,5,13
2,vote,7,9
2,vote,8,13
2,vote,9,2
2,vote,10,13
2,vote,11,1
2,vote,12,13
2,vote,13,7
2,vote,14,2
2,vote,15,13
2,execute,13,VILLAGER
2,whisper,0,0,14,ATTACK Agent[02]
2,whisper,1,0,11,ATTACK Agent[02]
2,whisper,2,0,9,ATTACK Agent[02]
2,whisper,3,1,11,REQUEST(ATTACK Agent[02])
2,whisper,4,1,9,REQUEST(ATTACK Agent[02])
2,whisper,5,1,14,REQUEST(ATTACK Agent[02])
2,whisper,6,2,14,IDENTIFIED Agent[13] WEREWOLF
2,whisper,7,2,11,Skip
2,whisper,8,2,9,DIVINED Agent[15] HUMAN
2,whisper,9,3,11,Skip
2,whisper,10,3,9,Skip
2,whisper,11,3,14,Skip
2,whisper,12,4,9,Skip
2,whisper,13,4,14,Skip
2,whisper,14,4,11,Over
2,whisper,15,5,11,Over
2,whisper,16,5,9,Over
2,whisper,17,5,14,Over
2,guard,8,7,POSSESSED
2,attackVote,9,2
2,attackVote,11,2
2,attackVote,14,2
2,attack,2,true
3,status,1,VILLAGER,ALIVE,wolf1
3,status,2,MEDIUM,DEAD,SampleRoleAssignPlayer
3,status,3,VILLAGER,ALIVE,SampleRoleAssignPlayer
3,status,4,SEER,DEAD,SampleRoleAssignPlayer
3,status,5,VILLAGER,ALIVE,SampleRoleAssignPlayer
3,status,6,VILLAGER,DEAD,SampleRoleAssignPlayer
3,status,7,POSSESSED,ALIVE,SampleRoleAssignPlayer
3,status,8,BODYGUARD,ALIVE,SampleRoleAssignPlayer
3,status,9,WEREWOLF,ALIVE,SampleRoleAssignPlayer
3,status,10,VILLAGER,ALIVE,SampleRoleAssignPlayer
3,status,11,WEREWOLF,ALIVE,SampleRoleAssignPlayer
3,status,12,VILLAGER,ALIVE,SampleRoleAssignPlayer
3,status,13,VILLAGER,DEAD,SampleRoleAssignPlayer
3,status,14,WEREWOLF,ALIVE,SampleRoleAssignPlayer
3,status,15,VILLAGER,ALIVE,SampleRoleAssignPlayer
3,talk,0,0,7,DIVINED Agent[08] WEREWOLF
3,talk,1,0,3,VOTE Agent[15]
3,talk,2,0,5,VOTE Agent[08]
3,talk,3,0,10,VOTE Agent[03]
3,talk,4,0,11,VOTE Agent[01]
3,talk,5,0,12,VOTE Agent[05]
3,talk,6,0,14,IDENTIFIED Agent[13] WEREWOLF
3,talk,7,0,8,VOTE Agent[07]
3,talk,8,0,1,VOTE Agent[14]
3,talk,9,0,9,DIVINED Agent[15] HUMAN
3,talk,10,0,15,VOTE Agent[07]
3,talk,11,1,12,ESTIMATE Agent[08] WEREWOLF
3,talk,12,1,10,ESTIMATE Agent[08] WEREWOLF
3,talk,13,1,5,Skip
3,talk,14,1,11,REQUEST(VOTE Agent[01])
3,talk,15,1,7,VOTE Agent[06]
3,talk,16,1,9,VOTE Agent[10]
3,talk,17,1,1,ESTIMATE Agent[05] WEREWOLF
3,talk,18,1,14,VOTE Agent[03]
3,talk,19,1,8,DISAGREE TALK day1 ID:113
3,talk,20,1,15,ESTIMATE Agent[08] WEREWOLF
3,talk,21,1,3,ESTIMATE Agent[08] WEREWOLF
3,talk,22,2,5,Skip
3,talk,23,2,15,REQUEST(Agent[07] DIVINATION Agent[08])
3,talk,24,2,10,REQUEST(Agent[07] DIVINATION Agent[08])
3,talk,25,2,8,AGREE TALK day2 ID:36
3,talk,26,2,1,ESTIMATE Agent[07] WEREWOLF
3,talk,27,2,7,REQUEST(VOTE Agent[06])
3,talk,28,2,3,REQUEST(Agent[07] DIVINATION Agent[08])
3,talk,29,2,14,REQUEST(VOTE Agent[03])
3,talk,30,2,12,REQUEST(Agent[07] DIVINATION Agent[08])
3,talk,31,2,11,Skip
3,talk,32,2,9,REQUEST(VOTE Agent[10])
3,talk,33,3,9,Skip
3,talk,34,3,5,Over
3,talk,35,3,14,Skip
3,talk,36,3,1,ESTIMATE Agent[14] WEREWOLF
3,talk,37,3,10,VOTE Agent[08]
3,talk,38,3,8,AGREE TALK day2 ID:37
3,talk,39,3,15,VOTE Agent[08]
3,talk,40,3,11,Skip
3,talk,41,3,3,VOTE Agent[08]
3,talk,42,3,12,VOTE Agent[08]
3,talk,43,3,7,Skip
3,talk,44,4,7,Skip
3,talk,45,4,14,Skip
3,talk,46,4,11,Over
3,talk,47,4,3,Skip
3,talk,48,4,15,Skip
3,talk,49,4,12,Skip
3,talk,50,4,8,ESTIMATE Agent[09] SEER
3,talk,51,4,5,Over
3,talk,52,4,9,Skip
3,talk,53,4,10,Skip
3,talk,54,4,1,Over
3,talk,55,5,10,Skip
3,talk,56,5,7,Over
3,talk,57,5,8,Skip
3,talk,58,5,14,Over
3,talk,59,5,11,Over
3,talk,60,5,15,Skip
3,talk,61,5,1,Over
3,talk,62,5,5,Over
3,talk,63,5,9,Over
3,talk,64,5,12,Skip
3,talk,65,5,3,Skip
3,talk,66,6,9,Over
3,talk,67,6,11,Over
3,talk,68,6,14,Over
3,talk,69,6,7,Over
3,talk,70,6,12,Over
3,talk,71,6,3,Over
3,talk,72,6,10,Over
3,talk,73,6,8,Skip
3,talk,74,6,5,Over
3,talk,75,6,15,Over
3,talk,76,6,1,Over
3,talk,77,7,1,Over
3,talk,78,7,15,Over
3,talk,79,7,5,Over
3,talk,80,7,14,Over
3,talk,81,7,11,Over
3,talk,82,7,10,Over
3,talk,83,7,12,Over
3,talk,84,7,8,Over
3,talk,85,7,3,Over
3,talk,86,7,7,Over
3,talk,87,7,9,Over
3,vote,1,14
3,vote,3,8
3,vote,5,8
3,vote,7,12
3,vote,8,7
3,vote,9,10
3,vote,10,8
3,vote,11,1
3,vote,12,8
3,vote,14,3
3,vote,15,8
3,execute,8,BODYGUARD
3,whisper,0,0,14,ATTACK Agent[15]
3,whisper,1,0,9,ATTACK Agent[12]
3,whisper,2,0,11,ATTACK Agent[01]
3,whisper,3,1,14,REQUEST(ATTACK Agent[15])
3,whisper,4,1,9,REQUEST(ATTACK Agent[12])
3,whisper,5,1,11,REQUEST(ATTACK Agent[01])
3,whisper,6,2,11,Skip
3,whisper,7,2,14,IDENTIFIED Agent[08] WEREWOLF
3,whisper,8,2,9,DIVINED Agent[05] HUMAN
3,whisper,9,3,9,Skip
3,whisper,10,3,14,Skip
3,whisper,11,3,11,Skip
3,whisper,12,4,9,Skip
3,whisper,13,4,11,Over
3,whisper,14,4,14,Skip
3,whisper,15,5,14,Over
3,whisper,16,5,11,Over
3,whisper,17,5,9,Over
3,attackVote,9,12
3,attackVote,11,1
3,attackVote,14,15
3,attackVote,9,12
3,attackVote,11,1
3,attackVote,14,15
3,attack,15,true
4,status,1,VILLAGER,ALIVE,wolf1
4,status,2,MEDIUM,DEAD,SampleRoleAssignPlayer
4,status,3,VILLAGER,ALIVE,SampleRoleAssignPlayer
4,status,4,SEER,DEAD,SampleRoleAssignPlayer
4,status,5,VILLAGER,ALIVE,SampleRoleAssignPlayer
4,status,6,VILLAGER,DEAD,SampleRoleAssignPlayer
4,status,7,POSSESSED,ALIVE,SampleRoleAssignPlayer
4,status,8,BODYGUARD,DEAD,SampleRoleAssignPlayer
4,status,9,WEREWOLF,ALIVE,SampleRoleAssignPlayer
4,status,10,VILLAGER,ALIVE,SampleRoleAssignPlayer
4,status,11,WEREWOLF,ALIVE,SampleRoleAssignPlayer
4,status,12,VILLAGER,ALIVE,SampleRoleAssignPlayer
4,status,13,VILLAGER,DEAD,SampleRoleAssignPlayer
4,status,14,WEREWOLF,ALIVE,SampleRoleAssignPlayer
4,status,15,VILLAGER,DEAD,SampleRoleAssignPlayer
4,talk,0,0,11,VOTE Agent[10]
4,talk,1,0,12,VOTE Agent[07]
4,talk,2,0,14,IDENTIFIED Agent[08] WEREWOLF
4,talk,3,0,7,DIVINED Agent[12] HUMAN
4,talk,4,0,5,VOTE Agent[03]
4,talk,5,0,10,VOTE Agent[01]
4,talk,6,0,9,DIVINED Agent[05] HUMAN
4,talk,7,0,1,VOTE Agent[07]
4,talk,8,0,3,VOTE Agent[05]
4,talk,9,1,7,VOTE Agent[06]
4,talk,10,1,1,ESTIMATE Agent[07] WEREWOLF
4,talk,11,1,5,Skip
4,talk,12,1,9,VOTE Agent[12]
4,talk,13,1,3,Skip
4,talk,14,1,10,Skip
4,talk,15,1,12,Skip
4,talk,16,1,14,VOTE Agent[05]
4,talk,17,1,11,REQUEST(VOTE Agent[10])
4,talk,18,2,12,Skip
4,talk,19,2,3,Skip
4,talk,20,2,10,Skip
4,talk,21,2,1,ESTIMATE Agent[10] WEREWOLF
4,talk,22,2,11,Skip
4,talk,23,2,14,REQUEST(VOTE Agent[05])
4,talk,24,2,7,REQUEST(VOTE Agent[06])
4,talk,25,2,5,Skip
4,talk,26,2,9,REQUEST(VOTE Agent[12])
4,talk,27,3,12,Over
4,talk,28,3,3,Over
4,talk,29,3,7,Skip
4,talk,30,3,10,Over
4,talk,31,3,11,Skip
4,talk,32,3,5,Over
4,talk,33,3,14,Skip
4,talk,34,3,1,ESTIMATE Agent[14] WEREWOLF
4,talk,35,3,9,Skip
4,talk,36,4,9,Skip
4,talk,37,4,1,Over
4,talk,38,4,12,Over
4,talk,39,4,5,Over
4,talk,40,4,14,Skip
4,talk,41,4,3,Over
4,talk,42,4,7,Skip
4,talk,43,4,10,Over
4,talk,44,4,11,Over
4,talk,45,5,11,Over
4,talk,46,5,12,Over
4,talk,47,5,5,Over
4,talk,48,5,9,Over
4,talk,49,5,3,Over
4,talk,50,5,7,Over
4,talk,51,5,14,Over
4,talk,52,5,10,Over
4,talk,53,5,1,Over
4,vote,1,7
4,vote,3,5
4,vote,5,3
4,vote,7,3
4,vote,9,12
4,vote,10,1
4,vote,11,10
4,vote,12,7
4,vote,14,5
4,vote,1,7
4,vote,3,5
4,vote,5,3
4,vote,7,5
4,vote,9,3
4,vote,10,5
4,vote,11,7
4,vote,12,7
4,vote,14,5
4,execute,5,VILLAGER
4,whisper,0,0,9,ATTACK Agent[03]
4,whisper,1,0,14,ATTACK Agent[12]
4,whisper,2,0,11,ATTACK Agent[12]
4,whisper,3,1,14,REQUEST(ATTACK Agent[12])
4,whisper,4,1,9,REQUEST(ATTACK Agent[03])
4,whisper,5,1,11,REQUEST(ATTACK Agent[12])
4,whisper,6,2,14,IDENTIFIED Agent[05] HUMAN
4,whisper,7,2,11,Skip
4,whisper,8,2,9,DIVINED Agent[01] HUMAN
4,whisper,9,3,14,Skip
4,whisper,10,3,11,Skip
4,whisper,11,3,9,Skip
4,whisper,12,4,14,Skip
4,whisper,13,4,11,Over
4,whisper,14,4,9,Skip
4,whisper,15,5,14,Over
4,whisper,16,5,9,Over
4,whisper,17,5,11,Over
4,attackVote,9,3
4,attackVote,11,12
4,attackVote,14,12
4,attack,12,true
5,status,1,VILLAGER,ALIVE,wolf1
5,status,2,MEDIUM,DEAD,SampleRoleAssignPlayer
5,status,3,VILLAGER,ALIVE,SampleRoleAssignPlayer
5,status,4,SEER,DEAD,SampleRoleAssignPlayer
5,status,5,VILLAGER,DEAD,SampleRoleAssignPlayer
5,status,6,VILLAGER,DEAD,SampleRoleAssignPlayer
5,status,7,POSSESSED,ALIVE,SampleRoleAssignPlayer
5,status,8,BODYGUARD,DEAD,SampleRoleAssignPlayer
5,status,9,WEREWOLF,ALIVE,SampleRoleAssignPlayer
5,status,10,VILLAGER,ALIVE,SampleRoleAssignPlayer
5,status,11,WEREWOLF,ALIVE,SampleRoleAssignPlayer
5,status,12,VILLAGER,DEAD,SampleRoleAssignPlayer
5,status,13,VILLAGER,DEAD,SampleRoleAssignPlayer
5,status,14,WEREWOLF,ALIVE,SampleRoleAssignPlayer
5,status,15,VILLAGER,DEAD,SampleRoleAssignPlayer
5,talk,0,0,11,VOTE Agent[01]
5,talk,1,0,14,IDENTIFIED Agent[05] HUMAN
5,talk,2,0,7,DIVINED Agent[01] HUMAN
5,talk,3,0,9,DIVINED Agent[01] HUMAN
5,talk,4,0,10,VOTE Agent[09]
5,talk,5,0,1,VOTE Agent[07]
5,talk,6,0,3,VOTE Agent[09]
5,talk,7,1,1,ESTIMATE Agent[07] WEREWOLF
5,talk,8,1,7,VOTE Agent[08]
5,talk,9,1,10,Skip
5,talk,10,1,11,REQUEST(VOTE Agent[01])
5,talk,11,1,14,VOTE Agent[03]
5,talk,12,1,9,VOTE Agent[10]
5,talk,13,1,3,Skip
5,talk,14,2,9,REQUEST(VOTE Agent[10])
5,talk,15,2,10,Skip
5,talk,16,2,11,Skip
5,talk,17,2,7,REQUEST(VOTE Agent[08])
5,talk,18,2,14,REQUEST(VOTE Agent[03])
5,talk,19,2,1,ESTIMATE Agent[10] WEREWOLF
5,talk,20,2,3,Skip
5,talk,21,3,3,Over
5,talk,22,3,1,ESTIMATE Agent[14] WEREWOLF
5,talk,23,3,10,Over
5,talk,24,3,11,Skip
5,talk,25,3,7,Skip
5,talk,26,3,14,Skip
5,talk,27,3,9,Skip
5,talk,28,4,3,Over
5,talk,29,4,11,Over
5,talk,30,4,7,Skip
5,talk,31,4,9,Skip
5,talk,32,4,1,VOTE Agent[10]
5,talk,33,4,10,Over
5,talk,34,4,14,Skip
5,talk,35,5,9,Over
5,talk,36,5,3,Over
5,talk,37,5,14,Over
5,talk,38,5,1,ESTIMATE Agent[03] VILLAGER
5,talk,39,5,10,Over
5,talk,40,5,11,Over
5,talk,41,5,7,Over
5,talk,42,6,10,Over
5,talk,43,6,1,Over
5,talk,44,6,3,Over
5,talk,45,6,11,Over
5,talk,46,6,14,Over
5,talk,47,6,9,Over
5,talk,48,6,7,Over
5,vote,1,10
5,vote,3,9
5,vote,7,9
5,vote,9,10
5,vote,10,9
5,vote,11,1
5,vote,14,3
5,execute,9,WEREWOLF
5,whisper,0,0,11,ATTACK Agent[10]
5,whisper,1,0,14,ATTACK Agent[01]
5,whisper,2,1,11,REQUEST(ATTACK Agent[10])
5,whisper,3,1,14,REQUEST(ATTACK Agent[01])
5,whisper,4,2,14,IDENTIFIED Agent[09] HUMAN
5,whisper,5,2,11,Skip
5,whisper,6,3,14,Skip
5,whisper,7,3,11,Skip
5,whisper,8,4,11,Over
5,whisper,9,4,14,Skip
5,whisper,10,5,11,Over
5,whisper,11,5,14,Over
5,attackVote,11,10
5,attackVote,14,1
5,attackVote,11,10
5,attackVote,14,1
5,attack,10,true
6,status,1,VILLAGER,ALIVE,wolf1
6,status,2,MEDIUM,DEAD,SampleRoleAssignPlayer
6,status,3,VILLAGER,ALIVE,SampleRoleAssignPlayer
6,status,4,SEER,DEAD,SampleRoleAssignPlayer
6,status,5,VILLAGER,DEAD,SampleRoleAssignPlayer
6,status,6,VILLAGER,DEAD,SampleRoleAssignPlayer
6,status,7,POSSESSED,ALIVE,SampleRoleAssignPlayer
6,status,8,BODYGUARD,DEAD,SampleRoleAssignPlayer
6,status,9,WEREWOLF,DEAD,SampleRoleAssignPlayer
6,status,10,VILLAGER,DEAD,SampleRoleAssignPlayer
6,status,11,WEREWOLF,ALIVE,SampleRoleAssignPlayer
6,status,12,VILLAGER,DEAD,SampleRoleAssignPlayer
6,status,13,VILLAGER,DEAD,SampleRoleAssignPlayer
6,status,14,WEREWOLF,ALIVE,SampleRoleAssignPlayer
6,status,15,VILLAGER,DEAD,SampleRoleAssignPlayer
6,talk,0,0,3,VOTE Agent[01]
6,talk,1,0,14,IDENTIFIED Agent[09] HUMAN
6,talk,2,0,1,VOTE Agent[07]
6,talk,3,0,11,VOTE Agent[03]
6,talk,4,0,7,DIVINED Agent[03] HUMAN
6,talk,5,1,7,VOTE Agent[13]
6,talk,6,1,1,ESTIMATE Agent[07] WEREWOLF
6,talk,7,1,11,REQUEST(VOTE Agent[03])
6,talk,8,1,3,Skip
6,talk,9,1,14,VOTE Agent[01]
6,talk,10,2,7,REQUEST(VOTE Agent[13])
6,talk,11,2,1,ESTIMATE Agent[10] WEREWOLF
6,talk,12,2,3,Skip
6,talk,13,2,11,Skip
6,talk,14,2,14,REQUEST(VOTE Agent[01])
6,talk,15,3,1,ESTIMATE Agent[14] WEREWOLF
6,talk,16,3,11,Skip
6,talk,17,3,3,Over
6,talk,18,3,14,Skip
6,talk,19,3,7,Skip
6,talk,20,4,7,Skip
6,talk,21,4,1,ESTIMATE Agent[03] VILLAGER
6,talk,22,4,11,Over
6,talk,23,4,14,Skip
6,talk,24,4,3,Over
6,talk,25,5,1,Over
6,talk,26,5,11,Over
6,talk,27,5,3,Over
6,talk,28,5,14,Over
6,talk,29,5,7,Over
6,vote,1,7
6,vote,3,1
6,vote,7,1
6,vote,11,3
6,vote,14,1
6,execute,1,VILLAGER
6,whisper,0,0,14,ATTACK Agent[03]
6,whisper,1,0,11,ATTACK Agent[03]
6,whisper,2,1,14,REQUEST(ATTACK Agent[03])
6,whisper,3,1,11,REQUEST(ATTACK Agent[03])
6,whisper,4,2,11,Skip
6,whisper,5,2,14,IDENTIFIED Agent[01] HUMAN
6,whisper,6,3,14,Skip
6,whisper,7,3,11,Skip
6,whisper,8,4,11,Over
6,whisper,9,4,14,Skip
6,whisper,10,5,14,Over
6,whisper,11,5,11,Over
6,attackVote,11,3
6,attackVote,14,3
6,attack,3,true
7,status,1,VILLAGER,DEAD,wolf1
7,status,2,MEDIUM,DEAD,SampleRoleAssignPlayer
7,status,3,VILLAGER,DEAD,SampleRoleAssignPlayer
7,status,4,SEER,DEAD,SampleRoleAssignPlayer
7,status,5,VILLAGER,DEAD,SampleRoleAssignPlayer
7,status,6,VILLAGER,DEAD,SampleRoleAssignPlayer
7,status,7,POSSESSED,ALIVE,SampleRoleAssignPlayer
7,status,8,BODYGUARD,DEAD,SampleRoleAssignPlayer
7,status,9,WEREWOLF,DEAD,SampleRoleAssignPlayer
7,status,10,VILLAGER,DEAD,SampleRoleAssignPlayer
7,status,11,WEREWOLF,ALIVE,SampleRoleAssignPlayer
7,status,12,VILLAGER,DEAD,SampleRoleAssignPlayer
7,status,13,VILLAGER,DEAD,SampleRoleAssignPlayer
7,status,14,WEREWOLF,ALIVE,SampleRoleAssignPlayer
7,status,15,VILLAGER,DEAD,SampleRoleAssignPlayer
7,result,1,2,WEREWOLF
