0,status,1,VILLAGER,ALIVE,wolf1
0,status,2,VILLAGER,ALIVE,SampleRoleAssignPlayer
0,status,3,VILLAGER,ALIVE,SampleRoleAssignPlayer
0,status,4,POSSESSED,ALIVE,SampleRoleAssignPlayer
0,status,5,WEREWOLF,ALIVE,SampleRoleAssignPlayer
0,status,6,VILLAGER,ALIVE,SampleRoleAssignPlayer
0,status,7,SEER,ALIVE,SampleRoleAssignPlayer
0,status,8,BODYGUARD,ALIVE,SampleRoleAssignPlayer
0,status,9,VILLAGER,ALIVE,SampleRoleAssignPlayer
0,status,10,WEREWOLF,ALIVE,SampleRoleAssignPlayer
0,status,11,VILLAGER,ALIVE,SampleRoleAssignPlayer
0,status,12,VILLAGER,ALIVE,SampleRoleAssignPlayer
0,status,13,WEREWOLF,ALIVE,SampleRoleAssignPlayer
0,status,14,VILLAGER,ALIVE,SampleRoleAssignPlayer
0,status,15,MEDIUM,ALIVE,SampleRoleAssignPlayer
0,whisper,0,0,13,COMINGOUT Agent[13] VILLAGER
0,whisper,1,0,10,COMINGOUT Agent[10] MEDIUM
0,whisper,2,0,5,COMINGOUT Agent[05] MEDIUM
0,whisper,3,1,13,COMINGOUT Agent[13] SEER
0,whisper,4,1,10,COMINGOUT Agent[10] VILLAGER
0,whisper,5,1,5,COMINGOUT Agent[05] VILLAGER
0,whisper,6,2,10,COMINGOUT Agent[10] MEDIUM
0,whisper,7,2,13,Skip
0,whisper,8,2,5,Skip
0,whisper,9,3,13,DIVINED Agent[03] WEREWOLF
0,whisper,10,3,5,Skip
0,whisper,11,3,10,Skip
0,whisper,12,4,13,Skip
0,whisper,13,4,10,Skip
0,whisper,14,4,5,Over
0,whisper,15,5,13,Skip
0,whisper,16,5,5,Over
0,whisper,17,5,10,Over
0,whisper,18,6,10,Over
0,whisper,19,6,13,Over
0,whisper,20,6,5,Over
0,divine,7,1,HUMAN
1,status,1,VILLAGER,ALIVE,wolf1
1,status,2,VILLAGER,ALIVE,SampleRoleAssignPlayer
1,status,3,VILLAGER,ALIVE,SampleRoleAssignPlayer
1,status,4,POSSESSED,ALIVE,SampleRoleAssignPlayer
1,status,5,WEREWOLF,ALIVE,SampleRoleAssignPlayer
1,status,6,VILLAGER,ALIVE,SampleRoleAssignPlayer
1,status,7,SEER,ALIVE,SampleRoleAssignPlayer
1,status,8,BODYGUARD,ALIVE,SampleRoleAssignPlayer
1,status,9,VILLAGER,ALIVE,SampleRoleAssignPlayer
1,status,10,WEREWOLF,ALIVE,SampleRoleAssignPlayer
1,status,11,VILLAGER,ALIVE,SampleRoleAssignPlayer
1,status,12,VILLAGER,ALIVE,SampleRoleAssignPlayer
1,status,13,WEREWOLF,ALIVE,SampleRoleAssignPlayer
1,status,14,VILLAGER,ALIVE,SampleRoleAssignPlayer
1,status,15,MEDIUM,ALIVE,SampleRoleAssignPlayer
1,talk,0,0,6,VOTE Agent[12]
1,talk,1,0,9,VOTE Agent[03]
1,talk,2,0,7,COMINGOUT Agent[07] SEER
1,talk,3,0,4,COMINGOUT Agent[04] SEER
1,talk,4,0,3,VOTE Agent[11]
1,talk,5,0,11,VOTE Agent[09]
1,talk,6,0,1,VOTE Agent[02]
1,talk,7,0,8,VOTE Agent[11]
1,talk,8,0,15,COMINGOUT Agent[15] MEDIUM
1,talk,9,0,12,VOTE Agent[08]
1,talk,10,0,13,VOTE Agent[03]
1,talk,11,0,10,VOTE Agent[11]
1,talk,12,0,2,VOTE Agent[01]
1,talk,13,0,14,VOTE Agent[03]
1,talk,14,0,5,VOTE Agent[04]
1,talk,15,1,12,Skip
1,talk,16,1,4,DIVINED Agent[03] HUMAN
1,talk,17,1,9,Skip
1,talk,18,1,15,VOTE Agent[02]
1,talk,19,1,1,ESTIMATE Agent[02] WEREWOLF
1,talk,20,1,2,Skip
1,talk,21,1,6,Skip
1,talk,22,1,13,REQUEST(VOTE Agent[03])
1,talk,23,1,11,Skip
1,talk,24,1,8,Skip
1,talk,25,1,14,Skip
1,talk,26,1,10,REQUEST(VOTE Agent[11])
1,talk,27,1,7,DIVINED Agent[01] HUMAN
1,talk,28,1,5,REQUEST(VOTE Agent[04])
1,talk,29,1,3,Skip
1,talk,30,2,3,ESTIMATE Agent[04] SEER
1,talk,31,2,4,REQUEST(VOTE Agent[05])
1,talk,32,2,1,ESTIMATE Agent[05] WEREWOLF
1,talk,33,2,2,ESTIMATE Agent[07] SEER
1,talk,34,2,15,ESTIMATE Agent[07] SEER
1,talk,35,2,8,ESTIMATE Agent[07] SEER
1,talk,36,2,5,Skip
1,talk,37,2,7,ESTIMATE Agent[04] WEREWOLF
1,talk,38,2,14,ESTIMATE Agent[04] SEER
1,talk,39,2,10,COMINGOUT Agent[10] MEDIUM
1,talk,40,2,11,ESTIMATE Agent[07] SEER
1,talk,41,2,6,ESTIMATE Agent[07] SEER
1,talk,42,2,13,COMINGOUT Agent[13] SEER
1,talk,43,2,12,ESTIMATE Agent[04] SEER
1,talk,44,2,9,ESTIMATE Agent[07] SEER
1,talk,45,3,8,Skip
1,talk,46,3,1,ESTIMATE Agent[10] WEREWOLF
1,talk,47,3,5,Skip
1,talk,48,3,11,Skip
1,talk,49,3,2,Skip
1,talk,50,3,13,DIVINED Agent[03] WEREWOLF
1,talk,51,3,6,Skip
1,talk,52,3,9,Skip
1,talk,53,3,7,VOTE Agent[04]
1,talk,54,3,3,Skip
1,talk,55,3,12,Skip
1,talk,56,3,14,Skip
1,talk,57,3,10,VOTE Agent[15]
1,talk,58,3,4,VOTE Agent[07]
1,talk,59,3,15,ESTIMATE Agent[10] WEREWOLF
1,talk,60,4,6,ESTIMATE Agent[03] WEREWOLF
1,talk,61,4,13,Skip
1,talk,62,4,1,VOTE Agent[15]
1,talk,63,4,7,Skip
1,talk,64,4,12,ESTIMATE Agent[03] WEREWOLF
1,talk,65,4,10,REQUEST(VOTE Agent[15])
1,talk,66,4,4,REQUEST(VOTE Agent[07])
1,talk,67,4,3,ESTIMATE Agent[13] WEREWOLF
1,talk,68,4,15,REQUEST(Agent[07] DIVINATION Agent[10])
1,talk,69,4,11,ESTIMATE Agent[03] WEREWOLF
1,talk,70,4,9,Skip
1,talk,71,4,14,Skip
1,talk,72,4,2,ESTIMATE Agent[03] WEREWOLF
1,talk,73,4,8,ESTIMATE Agent[03] WEREWOLF
1,talk,74,4,5,Over
1,talk,75,5,10,Skip
1,talk,76,5,15,VOTE Agent[10]
1,talk,77,5,9,Over
1,talk,78,5,4,Skip
1,talk,79,5,12,REQUEST(Agent[04] DIVINATION Agent[03])
1,talk,80,5,6,REQUEST(Agent[07] DIVINATION Agent[03])
1,talk,81,5,8,REQUEST(Agent[07] DIVINATION Agent[03])
1,talk,82,5,2,REQUEST(Agent[07] DIVINATION Agent[03])
1,talk,83,5,5,Over
1,talk,84,5,3,REQUEST(Agent[04] DIVINATION Agent[13])
1,talk,85,5,14,Over
1,talk,86,5,11,REQUEST(Agent[07] DIVINATION Agent[03])
1,talk,87,5,13,Skip
1,talk,88,5,1,ESTIMATE Agent[07] WEREWOLF
1,talk,89,5,7,Skip
1,talk,90,6,4,Skip
1,talk,91,6,15,Skip
1,talk,92,6,8,VOTE Agent[03]
1,talk,93,6,3,VOTE Agent[13]
1,talk,94,6,11,VOTE Agent[03]
1,talk,95,6,12,VOTE Agent[03]
1,talk,96,6,1,Over
1,talk,97,6,13,Over
1,talk,98,6,14,Over
1,talk,99,6,7,Over
1,talk,100,6,2,VOTE Agent[03]
1,talk,101,6,9,Over
1,talk,102,6,6,VOTE Agent[03]
1,talk,103,6,5,Over
1,talk,104,6,10,Skip
1,talk,105,7,10,Over
1,talk,106,7,15,Skip
1,talk,107,7,12,Skip
1,talk,108,7,13,Over
1,talk,109,7,4,Over
1,talk,110,7,5,Over
1,talk,111,7,6,Skip
1,talk,112,7,14,Over
1,talk,113,7,1,Over
1,talk,114,7,7,Over
1,talk,115,7,9,Over
1,talk,116,7,3,Skip
1,talk,117,7,8,Skip
1,talk,118,7,11,Skip
1,talk,119,7,2,Skip
1,talk,120,8,7,Over
1,talk,121,8,11,Skip
1,talk,122,8,14,Over
1,talk,123,8,6,Skip
1,talk,124,8,13,Over
1,talk,125,8,5,Over
1,talk,126,8,8,Skip
1,talk,127,8,10,Over
1,talk,128,8,2,Skip
1,talk,129,8,12,Skip
1,talk,130,8,1,Over
1,talk,131,8,15,Over
1,talk,132,8,4,Over
1,talk,133,8,3,Skip
1,talk,134,8,9,Over
1,talk,135,9,11,Over
1,talk,136,9,15,Over
1,talk,137,9,2,Over
1,talk,138,9,8,Over
1,talk,139,9,12,Over
1,talk,140,9,6,Over
1,talk,141,9,4,Over
1,talk,142,9,1,Over
1,talk,143,9,7,Over
1,talk,144,9,14,Over
1,talk,145,9,5,Over
1,talk,146,9,10,Over
1,talk,147,9,3,Over
1,talk,148,9,13,Over
1,talk,149,9,9,Over
1,vote,1,15
1,vote,2,3
1,vote,3,13
1,vote,4,7
1,vote,5,4
1,vote,6,3
1,vote,7,4
1,vote,8,3
1,vote,9,3
1,vote,10,15
1,vote,11,3
1,vote,12,3
1,vote,13,3
1,vote,14,3
1,vote,15,10
1,execute,3,VILLAGER
1,divine,7,4,HUMAN
1,whisper,0,0,5,ATTACK Agent[07]
1,whisper,1,0,10,ATTACK Agent[15]
1,whisper,2,0,13,ATTACK Agent[15]
1,whisper,3,1,13,REQUEST(ATTACK Agent[15])
1,whisper,4,1,10,REQUEST(ATTACK Agent[15])
1,whisper,5,1,5,REQUEST(ATTACK Agent[07])
1,whisper,6,2,5,Skip
1,whisper,7,2,13,DIVINED Agent[12] WEREWOLF
1,whisper,8,2,10,IDENTIFIED Agent[03] WEREWOLF
1,whisper,9,3,13,Skip
1,whisper,10,3,5,Skip
1,whisper,11,3,10,Skip
1,whisper,12,4,13,Skip
1,whisper,13,4,10,Skip
1,whisper,14,4,5,Over
1,whisper,15,5,5,Over
1,whisper,16,5,10,Over
1,whisper,17,5,13,Over
1,guard,8,7,SEER
1,attackVote,5,7
1,attackVote,10,15
1,attackVote,13,15
1,attack,15,true
2,status,1,VILLAGER,ALIVE,wolf1
2,status,2,VILLAGER,ALIVE,SampleRoleAssignPlayer
2,status,3,VILLAGER,DEAD,SampleRoleAssignPlayer
2,status,4,POSSESSED,ALIVE,SampleRoleAssignPlayer
2,status,5,WEREWOLF,ALIVE,SampleRoleAssignPlayer
2,status,6,VILLAGER,ALIVE,SampleRoleAssignPlayer
2,status,7,SEER,ALIVE,SampleRoleAssignPlayer
2,status,8,BODYGUARD,ALIVE,SampleRoleAssignPlayer
2,status,9,VILLAGER,ALIVE,SampleRoleAssignPlayer
2,status,10,WEREWOLF,ALIVE,SampleRoleAssignPlayer
2,status,11,VILLAGER,ALIVE,SampleRoleAssignPlayer
2,status,12,VILLAGER,ALIVE,SampleRoleAssignPlayer
2,status,13,WEREWOLF,ALIVE,SampleRoleAssignPlayer
2,status,14,VILLAGER,ALIVE,SampleRoleAssignPlayer
2,status,15,MEDIUM,DEAD,SampleRoleAssignPlayer
2,talk,0,0,7,DIVINED Agent[04] HUMAN
2,talk,1,0,14,VOTE Agent[05]
2,talk,2,0,13,DIVINED Agent[12] WEREWOLF
2,talk,3,0,9,VOTE Agent[02]
2,talk,4,0,4,DIVINED Agent[05] HUMAN
2,talk,5,0,10,IDENTIFIED Agent[03] WEREWOLF
2,talk,6,0,6,VOTE Agent[14]
2,talk,7,0,12,VOTE Agent[11]
2,talk,8,0,8,VOTE Agent[05]
2,talk,9,0,5,VOTE Agent[14]
2,talk,10,0,2,VOTE Agent[14]
2,talk,11,0,11,VOTE Agent[14]
2,talk,12,0,1,VOTE Agent[10]
2,talk,13,1,9,ESTIMATE Agent[12] WEREWOLF
2,talk,14,1,14,ESTIMATE Agent[12] WEREWOLF
2,talk,15,1,2,ESTIMATE Agent[12] WEREWOLF
2,talk,16,1,13,REQUEST(VOTE Agent[04])
2,talk,17,1,8,ESTIMATE Agent[12] WEREWOLF
2,talk,18,1,7,AGREE TALK day1 ID:67
2,talk,19,1,12,AGREE TALK day1 ID:67
2,talk,20,1,10,VOTE Agent[07]
2,talk,21,1,5,REQUEST(VOTE Agent[14])
2,talk,22,1,11,ESTIMATE Agent[12] WEREWOLF
2,talk,23,1,4,VOTE Agent[13]
2,talk,24,1,6,ESTIMATE Agent[12] WEREWOLF
2,talk,25,1,1,ESTIMATE Agent[02] WEREWOLF
2,talk,26,2,4,REQUEST(VOTE Agent[13])
2,talk,27,2,8,REQUEST(Agent[07] DIVINATION Agent[12])
2,talk,28,2,14,REQUEST(Agent[04] DIVINATION Agent[12])
2,talk,29,2,5,Skip
2,talk,30,2,10,REQUEST(VOTE Agent[07])
2,talk,31,2,7,ESTIMATE Agent[13] WEREWOLF
2,talk,32,2,2,REQUEST(Agent[07] DIVINATION Agent[12])
2,talk,33,2,11,REQUEST(Agent[07] DIVINATION Agent[12])
2,talk,34,2,13,VOTE Agent[12]
2,talk,35,2,12,ESTIMATE Agent[13] WEREWOLF
2,talk,36,2,1,ESTIMATE Agent[07] WEREWOLF
2,talk,37,2,9,REQUEST(Agent[07] DIVINATION Agent[12])
2,talk,38,2,6,REQUEST(Agent[07] DIVINATION Agent[12])
2,talk,39,3,12,REQUEST(Agent[04] DIVINATION Agent[13])
2,talk,40,3,4,Skip
2,talk,41,3,14,VOTE Agent[12]
2,talk,42,3,9,VOTE Agent[12]
2,talk,43,3,11,VOTE Agent[12]
2,talk,44,3,7,VOTE Agent[13]
2,talk,45,3,6,VOTE Agent[12]
2,talk,46,3,1,ESTIMATE Agent[13] WEREWOLF
2,talk,47,3,8,VOTE Agent[12]
2,talk,48,3,5,Skip
2,talk,49,3,13,REQUEST(VOTE Agent[12])
2,talk,50,3,10,Skip
2,talk,51,3,2,VOTE Agent[12]
2,talk,52,4,8,Skip
2,talk,53,4,4,Skip
2,talk,54,4,14,Skip
2,talk,55,4,9,Skip
2,talk,56,4,7,Skip
2,talk,57,4,11,Skip
2,talk,58,4,10,Skip
2,talk,59,4,5,Over
2,talk,60,4,6,Skip
2,talk,61,4,2,Skip
2,talk,62,4,12,VOTE Agent[13]
2,talk,63,4,13,Skip
2,talk,64,4,1,Over
2,talk,65,5,10,Over
2,talk,66,5,2,Skip
2,talk,67,5,8,Skip
2,talk,68,5,4,Over
2,talk,69,5,13,Skip
2,talk,70,5,14,Skip
2,talk,71,5,11,Skip
2,talk,72,5,7,Skip
2,talk,73,5,12,Skip
2,talk,74,5,9,Skip
2,talk,75,5,1,Over
2,talk,76,5,5,Over
2,talk,77,5,6,Skip
2,talk,78,6,7,Over
2,talk,79,6,2,Over
2,talk,80,6,6,Over
2,talk,81,6,12,Skip
2,talk,82,6,8,Over
2,talk,83,6,1,Over
2,talk,84,6,9,Over
2,talk,85,6,4,Over
2,talk,86,6,5,Over
2,talk,87,6,11,Over
2,talk,88,6,10,Over
2,talk,89,6,13,Over
2,talk,90,6,14,Over
2,talk,91,7,11,Over
2,talk,92,7,10,Over
2,talk,93,7,9,Over
2,talk,94,7,4,Over
2,talk,95,7,5,Over
2,talk,96,7,13,Over
2,talk,97,7,6,Over
2,talk,98,7,12,Over
2,talk,99,7,8,Over
2,talk,100,7,1,Over
2,talk,101,7,7,Over
2,talk,102,7,14,Over
2,talk,103,7,2,Over
2,vote,1,10
2,vote,2,12
2,vote,4,13
2,vote,5,14
2,vote,6,12
2,vote,7,13
2,vote,8,12
2,vote,9,12
2,vote,10,7
2,vote,11,12
2,vote,12,13
2,vote,13,12
2,vote,14,12
2,execute,12,VILLAGER
2,divine,7,13,WEREWOLF
2,whisper,0,0,10,ESTIMATE Agent[04] POSSESSED
2,whisper,1,0,5,ESTIMATE Agent[04] POSSESSED
2,whisper,2,0,13,ESTIMATE Agent[04] POSSESSED
2,whisper,3,1,5,ATTACK Agent[07]
2,whisper,4,1,13,ATTACK Agent[07]
2,whisper,5,1,10,ATTACK Agent[07]
2,whisper,6,2,10,REQUEST(ATTACK Agent[07])
2,whisper,7,2,5,REQUEST(ATTACK Agent[07])
2,whisper,8,2,13,REQUEST(ATTACK Agent[07])
2,whisper,9,3,13,DIVINED Agent[08] HUMAN
2,whisper,10,3,10,IDENTIFIED Agent[12] HUMAN
2,whisper,11,3,5,Skip
2,whisper,12,4,5,Skip
2,whisper,13,4,13,Skip
2,whisper,14,4,10,Skip
2,whisper,15,5,13,Skip
2,whisper,16,5,5,Over
2,whisper,17,5,10,Skip
2,whisper,18,6,5,Over
2,whisper,19,6,10,Over
2,whisper,20,6,13,Over
2,guard,8,7,SEER
2,attackVote,5,7
2,attackVote,10,7
2,attackVote,13,7
2,attack,7,false
3,status,1,VILLAGER,ALIVE,wolf1
3,status,2,VILLAGER,ALIVE,SampleRoleAssignPlayer
3,status,3,VILLAGER,DEAD,SampleRoleAssignPlayer
3,status,4,POSSESSED,ALIVE,SampleRoleAssignPlayer
3,status,5,WEREWOLF,ALIVE,SampleRoleAssignPlayer
3,status,6,VILLAGER,ALIVE,SampleRoleAssignPlayer
3,status,7,SEER,ALIVE,SampleRoleAssignPlayer
3,status,8,BODYGUARD,ALIVE,SampleRoleAssignPlayer
3,status,9,VILLAGER,ALIVE,SampleRoleAssignPlayer
3,status,10,WEREWOLF,ALIVE,SampleRoleAssignPlayer
3,status,11,VILLAGER,ALIVE,SampleRoleAssignPlayer
3,status,12,VILLAGER,DEAD,SampleRoleAssignPlayer
3,status,13,WEREWOLF,ALIVE,SampleRoleAssignPlayer
3,status,14,VILLAGER,ALIVE,SampleRoleAssignPlayer
3,status,15,MEDIUM,DEAD,SampleRoleAssignPlayer
3,talk,0,0,5,VOTE Agent[06]
3,talk,1,0,10,IDENTIFIED Agent[12] HUMAN
3,talk,2,0,8,VOTE Agent[01]
3,talk,3,0,11,VOTE Agent[10]
3,talk,4,0,4,DIVINED Agent[01] WEREWOLF
3,talk,5,0,1,VOTE Agent[10]
3,talk,6,0,7,DIVINED Agent[13] WEREWOLF
3,talk,7,0,13,DIVINED Agent[08] HUMAN
3,talk,8,0,9,VOTE Agent[02]
3,talk,9,0,2,VOTE Agent[14]
3,talk,10,0,14,VOTE Agent[10]
3,talk,11,0,6,VOTE Agent[05]
3,talk,12,1,4,VOTE Agent[01]
3,talk,13,1,6,ESTIMATE Agent[01] WEREWOLF
3,talk,14,1,13,VOTE Agent[07]
3,talk,15,1,11,ESTIMATE Agent[01] WEREWOLF
3,talk,16,1,1,ESTIMATE Agent[02] WEREWOLF
3,talk,17,1,14,ESTIMATE Agent[01] WEREWOLF
3,talk,18,1,8,Skip
3,talk,19,1,7,REQUEST(VOTE Agent[13])
3,talk,20,1,2,ESTIMATE Agent[01] WEREWOLF
3,talk,21,1,10,VOTE Agent[06]
3,talk,22,1,5,REQUEST(VOTE Agent[06])
3,talk,23,1,9,ESTIMATE Agent[01] WEREWOLF
3,talk,24,2,6,REQUEST(Agent[07] DIVINATION Agent[01])
3,talk,25,2,14,REQUEST(Agent[04] DIVINATION Agent[01])
3,talk,26,2,11,REQUEST(Agent[07] DIVINATION Agent[01])
3,talk,27,2,10,REQUEST(VOTE Agent[06])
3,talk,28,2,8,Skip
3,talk,29,2,7,VOTE Agent[13]
3,talk,30,2,13,REQUEST(VOTE Agent[07])
3,talk,31,2,4,REQUEST(VOTE Agent[01])
3,talk,32,2,1,ESTIMATE Agent[10] WEREWOLF
3,talk,33,2,5,Skip
3,talk,34,2,2,REQUEST(Agent[07] DIVINATION Agent[01])
3,talk,35,2,9,REQUEST(Agent[07] DIVINATION Agent[01])
3,talk,36,3,2,VOTE Agent[01]
3,talk,37,3,8,Over
3,talk,38,3,1,ESTIMATE Agent[13] WEREWOLF
3,talk,39,3,6,VOTE Agent[01]
3,talk,40,3,9,VOTE Agent[01]
3,talk,41,3,14,VOTE Agent[01]
3,talk,42,3,4,Skip
3,talk,43,3,7,Skip
3,talk,44,3,10,Skip
3,talk,45,3,11,VOTE Agent[01]
3,talk,46,3,5,Skip
3,talk,47,3,13,Skip
3,talk,48,4,13,Skip
3,talk,49,4,14,Skip
3,talk,50,4,10,Skip
3,talk,51,4,8,Over
3,talk,52,4,7,Skip
3,talk,53,4,2,Skip
3,talk,54,4,9,Skip
3,talk,55,4,11,Skip
3,talk,56,4,5,Over
3,talk,57,4,4,Skip
3,talk,58,4,1,VOTE Agent[13]
3,talk,59,4,6,Skip
3,talk,60,5,4,Over
3,talk,61,5,5,Over
3,talk,62,5,9,Skip
3,talk,63,5,8,Over
3,talk,64,5,13,Over
3,talk,65,5,7,Over
3,talk,66,5,6,Skip
3,talk,67,5,1,ESTIMATE Agent[07] SEER
3,talk,68,5,14,Skip
3,talk,69,5,11,Skip
3,talk,70,5,10,Over
3,talk,71,5,2,Skip
3,talk,72,6,14,Over
3,talk,73,6,7,Over
3,talk,74,6,1,Over
3,talk,75,6,8,Over
3,talk,76,6,9,Over
3,talk,77,6,5,Over
3,talk,78,6,6,Over
3,talk,79,6,2,Over
3,talk,80,6,13,Over
3,talk,81,6,11,Over
3,talk,82,6,10,Over
3,talk,83,6,4,Over
3,vote,1,13
3,vote,2,1
3,vote,4,1
3,vote,5,6
3,vote,6,1
3,vote,7,13
3,vote,8,1
3,vote,9,1
3,vote,10,6
3,vote,11,1
3,vote,13,7
3,vote,14,1
3,execute,1,VILLAGER
3,divine,7,13,WEREWOLF
3,whisper,0,0,10,ATTACK Agent[07]
3,whisper,1,0,13,ATTACK Agent[07]
3,whisper,2,0,5,ATTACK Agent[07]
3,whisper,3,1,13,REQUEST(ATTACK Agent[07])
3,whisper,4,1,10,REQUEST(ATTACK Agent[07])
3,whisper,5,1,5,REQUEST(ATTACK Agent[07])
3,whisper,6,2,10,IDENTIFIED Agent[01] HUMAN
3,whisper,7,2,5,Skip
3,whisper,8,2,13,DIVINED Agent[14] HUMAN
3,whisper,9,3,10,Skip
3,whisper,10,3,13,Skip
3,whisper,11,3,5,Skip
3,whisper,12,4,10,Skip
3,whisper,13,4,5,Over
3,whisper,14,4,13,Skip
3,whisper,15,5,5,Over
3,whisper,16,5,13,Over
3,whisper,17,5,10,Over
3,guard,8,7,SEER
3,attackVote,5,7
3,attackVote,10,7
3,attackVote,13,7
3,attack,7,false
4,status,1,VILLAGER,DEAD,wolf1
4,status,2,VILLAGER,ALIVE,SampleRoleAssignPlayer
4,status,3,VILLAGER,DEAD,SampleRoleAssignPlayer
4,status,4,POSSESSED,ALIVE,SampleRoleAssignPlayer
4,status,5,WEREWOLF,ALIVE,SampleRoleAssignPlayer
4,status,6,VILLAGER,ALIVE,SampleRoleAssignPlayer
4,status,7,SEER,ALIVE,SampleRoleAssignPlayer
4,status,8,BODYGUARD,ALIVE,SampleRoleAssignPlayer
4,status,9,VILLAGER,ALIVE,SampleRoleAssignPlayer
4,status,10,WEREWOLF,ALIVE,SampleRoleAssignPlayer
4,status,11,VILLAGER,ALIVE,SampleRoleAssignPlayer
4,status,12,VILLAGER,DEAD,SampleRoleAssignPlayer
4,status,13,WEREWOLF,ALIVE,SampleRoleAssignPlayer
4,status,14,VILLAGER,ALIVE,SampleRoleAssignPlayer
4,status,15,MEDIUM,DEAD,SampleRoleAssignPlayer
4,talk,0,0,5,VOTE Agent[09]
4,talk,1,0,2,AGREE TALK day1 ID:67
4,talk,2,0,8,AGREE TALK day1 ID:67
4,talk,3,0,13,DIVINED Agent[14] HUMAN
4,talk,4,0,10,IDENTIFIED Agent[01] HUMAN
4,talk,5,0,6,AGREE TALK day1 ID:67
4,talk,6,0,9,AGREE TALK day1 ID:67
4,talk,7,0,14,AGREE TALK day1 ID:67
4,talk,8,0,11,AGREE TALK day1 ID:67
4,talk,9,0,7,DIVINED Agent[13] WEREWOLF
4,talk,10,0,4,DIVINED Agent[09] WEREWOLF
4,talk,11,1,5,REQUEST(VOTE Agent[09])
4,talk,12,1,8,AGREE TALK day2 ID:31
4,talk,13,1,14,AGREE TALK day2 ID:31
4,talk,14,1,4,VOTE Agent[01]
4,talk,15,1,13,VOTE Agent[07]
4,talk,16,1,6,AGREE TALK day2 ID:31
4,talk,17,1,2,AGREE TALK day2 ID:31
4,talk,18,1,10,VOTE Agent[02]
4,talk,19,1,11,AGREE TALK day2 ID:31
4,talk,20,1,7,REQUEST(VOTE Agent[13])
4,talk,21,1,9,AGREE TALK day2 ID:31
4,talk,22,2,4,REQUEST(VOTE Agent[01])
4,talk,23,2,5,Skip
4,talk,24,2,2,AGREE TALK day2 ID:35
4,talk,25,2,10,REQUEST(VOTE Agent[02])
4,talk,26,2,11,AGREE TALK day2 ID:35
4,talk,27,2,13,REQUEST(VOTE Agent[07])
4,talk,28,2,9,AGREE TALK day2 ID:35
4,talk,29,2,14,AGREE TALK day2 ID:35
4,talk,30,2,7,VOTE Agent[13]
4,talk,31,2,8,AGREE TALK day2 ID:35
4,talk,32,2,6,AGREE TALK day2 ID:35
4,talk,33,3,10,Skip
4,talk,34,3,8,AGREE TALK day2 ID:46
4,talk,35,3,6,AGREE TALK day2 ID:46
4,talk,36,3,5,Skip
4,talk,37,3,4,Skip
4,talk,38,3,9,AGREE TALK day2 ID:46
4,talk,39,3,13,Skip
4,talk,40,3,14,AGREE TALK day2 ID:46
4,talk,41,3,2,AGREE TALK day2 ID:46
4,talk,42,3,7,Skip
4,talk,43,3,11,AGREE TALK day2 ID:46
4,talk,44,4,11,AGREE TALK day3 ID:38
4,talk,45,4,10,Skip
4,talk,46,4,8,AGREE TALK day3 ID:38
4,talk,47,4,13,Skip
4,talk,48,4,2,AGREE TALK day3 ID:38
4,talk,49,4,7,Skip
4,talk,50,4,5,Over
4,talk,51,4,6,AGREE TALK day3 ID:38
4,talk,52,4,14,AGREE TALK day3 ID:38
4,talk,53,4,4,Skip
4,talk,54,4,9,AGREE TALK day3 ID:38
4,talk,55,5,2,ESTIMATE Agent[13] WEREWOLF
4,talk,56,5,8,ESTIMATE Agent[13] WEREWOLF
4,talk,57,5,10,Over
4,talk,58,5,9,ESTIMATE Agent[13] WEREWOLF
4,talk,59,5,14,ESTIMATE Agent[13] WEREWOLF
4,talk,60,5,5,Over
4,talk,61,5,4,Over
4,talk,62,5,13,Over
4,talk,63,5,7,Over
4,talk,64,5,11,ESTIMATE Agent[13] WEREWOLF
4,talk,65,5,6,ESTIMATE Agent[13] WEREWOLF
4,talk,66,6,7,Over
4,talk,67,6,6,REQUEST(Agent[07] DIVINATION Agent[13])
4,talk,68,6,10,Over
4,talk,69,6,4,Over
4,talk,70,6,13,Over
4,talk,71,6,5,Over
4,talk,72,6,14,REQUEST(Agent[04] DIVINATION Agent[13])
4,talk,73,6,11,REQUEST(Agent[07] DIVINATION Agent[13])
4,talk,74,6,8,REQUEST(Agent[07] DIVINATION Agent[13])
4,talk,75,6,9,REQUEST(Agent[07] DIVINATION Agent[13])
4,talk,76,6,2,REQUEST(Agent[07] DIVINATION Agent[13])
4,talk,77,7,7,Over
4,talk,78,7,6,VOTE Agent[13]
4,talk,79,7,11,VOTE Agent[13]
4,talk,80,7,4,Over
4,talk,81,7,13,Over
4,talk,82,7,5,Over
4,talk,83,7,8,VOTE Agent[13]
4,talk,84,7,10,Over
4,talk,85,7,14,VOTE Agent[13]
4,talk,86,7,2,VOTE Agent[13]
4,talk,87,7,9,VOTE Agent[13]
4,talk,88,8,9,Skip
4,talk,89,8,7,Over
4,talk,90,8,14,Skip
4,talk,91,8,13,Over
4,talk,92,8,11,Skip
4,talk,93,8,2,Skip
4,talk,94,8,5,Over
4,talk,95,8,6,Skip
4,talk,96,8,8,Skip
4,talk,97,8,4,Over
4,talk,98,8,10,Over
4,talk,99,9,13,Over
4,talk,100,9,10,Over
4,talk,101,9,11,Skip
4,talk,102,9,8,Skip
4,talk,103,9,7,Over
4,talk,104,9,9,Skip
4,talk,105,9,2,Skip
4,talk,106,9,4,Over
4,talk,107,9,5,Over
4,talk,108,9,14,Skip
4,talk,109,9,6,Skip
4,talk,110,10,4,Over
4,talk,111,10,9,Over
4,talk,112,10,8,Over
4,talk,113,10,13,Over
4,talk,114,10,5,Over
4,talk,115,10,2,Over
4,talk,116,10,7,Over
4,talk,117,10,10,Over
4,talk,118,10,14,Over
4,talk,119,10,11,Over
4,talk,120,10,6,Over
4,vote,2,13
4,vote,4,7
4,vote,5,9
4,vote,6,13
4,vote,7,13
4,vote,8,13
4,vote,9,13
4,vote,10,2
4,vote,11,13
4,vote,13,7
4,vote,14,13
4,execute,13,WEREWOLF
4,whisper,0,0,10,ATTACK Agent[07]
4,whisper,1,0,5,ATTACK Agent[07]
4,whisper,2,1,10,REQUEST(ATTACK Agent[07])
4,whisper,3,1,5,REQUEST(ATTACK Agent[07])
4,whisper,4,2,5,Skip
4,whisper,5,2,10,IDENTIFIED Agent[13] HUMAN
4,whisper,6,3,5,Skip
4,whisper,7,3,10,Skip
4,whisper,8,4,5,Over
4,whisper,9,4,10,Skip
4,whisper,10,5,10,Over
4,whisper,11,5,5,Over
4,guard,8,7,SEER
4,attackVote,5,7
4,attackVote,10,7
4,attack,7,false
5,status,1,VILLAGER,DEAD,wolf1
5,status,2,VILLAGER,ALIVE,SampleRoleAssignPlayer
5,status,3,VILLAGER,DEAD,SampleRoleAssignPlayer
5,status,4,POSSESSED,ALIVE,SampleRoleAssignPlayer
5,status,5,WEREWOLF,ALIVE,SampleRoleAssignPlayer
5,status,6,VILLAGER,ALIVE,SampleRoleAssignPlayer
5,status,7,SEER,ALIVE,SampleRoleAssignPlayer
5,status,8,BODYGUARD,ALIVE,SampleRoleAssignPlayer
5,status,9,VILLAGER,ALIVE,SampleRoleAssignPlayer
5,status,10,WEREWOLF,ALIVE,SampleRoleAssignPlayer
5,status,11,VILLAGER,ALIVE,SampleRoleAssignPlayer
5,status,12,VILLAGER,DEAD,SampleRoleAssignPlayer
5,status,13,WEREWOLF,DEAD,SampleRoleAssignPlayer
5,status,14,VILLAGER,ALIVE,SampleRoleAssignPlayer
5,status,15,MEDIUM,DEAD,SampleRoleAssignPlayer
5,talk,0,0,6,ESTIMATE Agent[09] WEREWOLF
5,talk,1,0,9,DISAGREE TALK day1 ID:30
5,talk,2,0,2,ESTIMATE Agent[09] WEREWOLF
5,talk,3,0,7,VOTE Agent[14]
5,talk,4,0,11,ESTIMATE Agent[09] WEREWOLF
5,talk,5,0,5,VOTE Agent[09]
5,talk,6,0,8,ESTIMATE Agent[09] WEREWOLF
5,talk,7,0,4,DIVINED Agent[06] WEREWOLF
5,talk,8,0,10,IDENTIFIED Agent[13] HUMAN
5,talk,9,0,14,ESTIMATE Agent[09] WEREWOLF
5,talk,10,1,4,VOTE Agent[07]
5,talk,11,1,2,REQUEST(Agent[07] DIVINATION Agent[09])
5,talk,12,1,14,REQUEST(Agent[04] DIVINATION Agent[09])
5,talk,13,1,11,REQUEST(Agent[07] DIVINATION Agent[09])
5,talk,14,1,10,VOTE Agent[07]
5,talk,15,1,9,AGREE TALK day1 ID:37
5,talk,16,1,8,REQUEST(Agent[07] DIVINATION Agent[09])
5,talk,17,1,5,REQUEST(VOTE Agent[09])
5,talk,18,1,6,REQUEST(Agent[07] DIVINATION Agent[09])
5,talk,19,1,7,AGREE TALK day1 ID:46
5,talk,20,2,9,DISAGREE TALK day1 ID:38
5,talk,21,2,14,VOTE Agent[09]
5,talk,22,2,4,REQUEST(VOTE Agent[07])
5,talk,23,2,6,DISAGREE TALK day1 ID:30
5,talk,24,2,2,VOTE Agent[09]
5,talk,25,2,5,Skip
5,talk,26,2,7,AGREE TALK day1 ID:59
5,talk,27,2,10,REQUEST(VOTE Agent[07])
5,talk,28,2,11,VOTE Agent[09]
5,talk,29,2,8,VOTE Agent[09]
5,talk,30,3,5,Skip
5,talk,31,3,11,Skip
5,talk,32,3,9,DISAGREE TALK day1 ID:43
5,talk,33,3,7,AGREE TALK day3 ID:32
5,talk,34,3,2,Skip
5,talk,35,3,4,Skip
5,talk,36,3,10,Skip
5,talk,37,3,6,AGREE TALK day1 ID:37
5,talk,38,3,8,Skip
5,talk,39,3,14,Skip
5,talk,40,4,9,ESTIMATE Agent[04] WEREWOLF
5,talk,41,4,6,DISAGREE TALK day1 ID:38
5,talk,42,4,2,Skip
5,talk,43,4,4,Skip
5,talk,44,4,8,Skip
5,talk,45,4,11,Skip
5,talk,46,4,7,ESTIMATE Agent[10] WEREWOLF
5,talk,47,4,14,Skip
5,talk,48,4,10,Skip
5,talk,49,4,5,Over
5,talk,50,5,9,REQUEST(Agent[07] DIVINATION Agent[04])
5,talk,51,5,11,Over
5,talk,52,5,10,Over
5,talk,53,5,7,VOTE Agent[10]
5,talk,54,5,4,Over
5,talk,55,5,8,Over
5,talk,56,5,2,Over
5,talk,57,5,5,Over
5,talk,58,5,6,DISAGREE TALK day1 ID:43
5,talk,59,5,14,Over
5,talk,60,6,10,Over
5,talk,61,6,7,Skip
5,talk,62,6,4,Over
5,talk,63,6,14,Over
5,talk,64,6,11,Over
5,talk,65,6,9,VOTE Agent[04]
5,talk,66,6,8,Over
5,talk,67,6,5,Over
5,talk,68,6,2,Over
5,talk,69,6,6,ESTIMATE Agent[04] WEREWOLF
5,talk,70,7,14,Over
5,talk,71,7,5,Over
5,talk,72,7,6,REQUEST(Agent[07] DIVINATION Agent[04])
5,talk,73,7,4,Over
5,talk,74,7,9,Skip
5,talk,75,7,11,Over
5,talk,76,7,2,Over
5,talk,77,7,7,Skip
5,talk,78,7,8,Over
5,talk,79,7,10,Over
5,talk,80,8,10,Over
5,talk,81,8,2,Over
5,talk,82,8,5,Over
5,talk,83,8,6,VOTE Agent[04]
5,talk,84,8,11,Over
5,talk,85,8,14,Over
5,talk,86,8,9,Skip
5,talk,87,8,8,Over
5,talk,88,8,4,Over
5,talk,89,8,7,Over
5,talk,90,9,9,Over
5,talk,91,9,7,Over
5,talk,92,9,6,Skip
5,talk,93,9,11,Over
5,talk,94,9,5,Over
5,talk,95,9,14,Over
5,talk,96,9,2,Over
5,talk,97,9,10,Over
5,talk,98,9,4,Over
5,talk,99,9,8,Over
5,talk,100,10,14,Over
5,talk,101,10,10,Over
5,talk,102,10,7,Over
5,talk,103,10,8,Over
5,talk,104,10,11,Over
5,talk,105,10,5,Over
5,talk,106,10,2,Over
5,talk,107,10,6,Skip
5,talk,108,10,9,Over
5,talk,109,10,4,Over
5,talk,110,11,7,Over
5,talk,111,11,8,Over
5,talk,112,11,4,Over
5,talk,113,11,6,Over
5,talk,114,11,10,Over
5,talk,115,11,9,Over
5,talk,116,11,11,Over
5,talk,117,11,5,Over
5,talk,118,11,2,Over
5,talk,119,11,14,Over
5,vote,2,9
5,vote,4,7
5,vote,5,9
5,vote,6,4
5,vote,7,10
5,vote,8,9
5,vote,9,4
5,vote,10,7
5,vote,11,9
5,vote,14,9
5,execute,9,VILLAGER
5,divine,7,10,WEREWOLF
5,whisper,0,0,10,ATTACK Agent[07]
5,whisper,1,0,5,ATTACK Agent[07]
5,whisper,2,1,5,REQUEST(ATTACK Agent[07])
5,whisper,3,1,10,REQUEST(ATTACK Agent[07])
5,whisper,4,2,10,IDENTIFIED Agent[09] HUMAN
5,whisper,5,2,5,Skip
5,whisper,6,3,10,Skip
5,whisper,7,3,5,Skip
5,whisper,8,4,5,Over
5,whisper,9,4,10,Skip
5,whisper,10,5,5,Over
5,whisper,11,5,10,Over
5,guard,8,7,SEER
5,attackVote,5,7
5,attackVote,10,7
5,attack,7,false
6,status,1,VILLAGER,DEAD,wolf1
6,status,2,VILLAGER,ALIVE,SampleRoleAssignPlayer
6,status,3,VILLAGER,DEAD,SampleRoleAssignPlayer
6,status,4,POSSESSED,ALIVE,SampleRoleAssignPlayer
6,status,5,WEREWOLF,ALIVE,SampleRoleAssignPlayer
6,status,6,VILLAGER,ALIVE,SampleRoleAssignPlayer
6,status,7,SEER,ALIVE,SampleRoleAssignPlayer
6,status,8,BODYGUARD,ALIVE,SampleRoleAssignPlayer
6,status,9,VILLAGER,DEAD,SampleRoleAssignPlayer
6,status,10,WEREWOLF,ALIVE,SampleRoleAssignPlayer
6,status,11,VILLAGER,ALIVE,SampleRoleAssignPlayer
6,status,12,VILLAGER,DEAD,SampleRoleAssignPlayer
6,status,13,WEREWOLF,DEAD,SampleRoleAssignPlayer
6,status,14,VILLAGER,ALIVE,SampleRoleAssignPlayer
6,status,15,MEDIUM,DEAD,SampleRoleAssignPlayer
6,talk,0,0,4,DIVINED Agent[14] HUMAN
6,talk,1,0,11,ESTIMATE Agent[06] WEREWOLF
6,talk,2,0,6,DISAGREE TALK day1 ID:30
6,talk,3,0,2,ESTIMATE Agent[06] WEREWOLF
6,talk,4,0,10,IDENTIFIED Agent[09] HUMAN
6,talk,5,0,8,ESTIMATE Agent[06] WEREWOLF
6,talk,6,0,5,VOTE Agent[07]
6,talk,7,0,7,DIVINED Agent[10] WEREWOLF
6,talk,8,0,14,ESTIMATE Agent[06] WEREWOLF
6,talk,9,1,4,VOTE Agent[01]
6,talk,10,1,10,VOTE Agent[08]
6,talk,11,1,8,REQUEST(Agent[07] DIVINATION Agent[06])
6,talk,12,1,14,REQUEST(Agent[04] DIVINATION Agent[06])
6,talk,13,1,7,REQUEST(VOTE Agent[10])
6,talk,14,1,11,REQUEST(Agent[07] DIVINATION Agent[06])
6,talk,15,1,5,REQUEST(VOTE Agent[07])
6,talk,16,1,6,AGREE TALK day1 ID:37
6,talk,17,1,2,REQUEST(Agent[07] DIVINATION Agent[06])
6,talk,18,2,10,REQUEST(VOTE Agent[08])
6,talk,19,2,11,VOTE Agent[06]
6,talk,20,2,14,VOTE Agent[06]
6,talk,21,2,6,DISAGREE TALK day1 ID:38
6,talk,22,2,8,VOTE Agent[06]
6,talk,23,2,4,REQUEST(VOTE Agent[01])
6,talk,24,2,7,VOTE Agent[10]
6,talk,25,2,2,VOTE Agent[06]
6,talk,26,2,5,Skip
6,talk,27,3,5,Skip
6,talk,28,3,4,Skip
6,talk,29,3,8,Skip
6,talk,30,3,10,Skip
6,talk,31,3,7,Skip
6,talk,32,3,2,Skip
6,talk,33,3,14,Skip
6,talk,34,3,6,DISAGREE TALK day1 ID:43
6,talk,35,3,11,Skip
6,talk,36,4,11,Skip
6,talk,37,4,8,Skip
6,talk,38,4,5,Over
6,talk,39,4,4,Skip
6,talk,40,4,10,Skip
6,talk,41,4,6,AGREE TALK day5 ID:40
6,talk,42,4,7,Skip
6,talk,43,4,14,Skip
6,talk,44,4,2,Skip
6,talk,45,5,7,Over
6,talk,46,5,5,Over
6,talk,47,5,8,Over
6,talk,48,5,11,Over
6,talk,49,5,6,AGREE TALK day5 ID:69
6,talk,50,5,2,Over
6,talk,51,5,10,Over
6,talk,52,5,4,Over
6,talk,53,5,14,Over
6,talk,54,6,8,Over
6,talk,55,6,4,Over
6,talk,56,6,5,Over
6,talk,57,6,14,Over
6,talk,58,6,7,Over
6,talk,59,6,2,Over
6,talk,60,6,10,Over
6,talk,61,6,6,ESTIMATE Agent[04] WEREWOLF
6,talk,62,6,11,Over
6,talk,63,7,2,Over
6,talk,64,7,14,Over
6,talk,65,7,5,Over
6,talk,66,7,10,Over
6,talk,67,7,11,Over
6,talk,68,7,4,Over
6,talk,69,7,8,Over
6,talk,70,7,7,Over
6,talk,71,7,6,REQUEST(Agent[07] DIVINATION Agent[04])
6,talk,72,8,2,Over
6,talk,73,8,5,Over
6,talk,74,8,8,Over
6,talk,75,8,10,Over
6,talk,76,8,11,Over
6,talk,77,8,4,Over
6,talk,78,8,14,Over
6,talk,79,8,6,VOTE Agent[04]
6,talk,80,8,7,Over
6,talk,81,9,2,Over
6,talk,82,9,5,Over
6,talk,83,9,11,Over
6,talk,84,9,14,Over
6,talk,85,9,7,Over
6,talk,86,9,6,Skip
6,talk,87,9,8,Over
6,talk,88,9,10,Over
6,talk,89,9,4,Over
6,talk,90,10,14,Over
6,talk,91,10,4,Over
6,talk,92,10,8,Over
6,talk,93,10,5,Over
6,talk,94,10,7,Over
6,talk,95,10,10,Over
6,talk,96,10,11,Over
6,talk,97,10,2,Over
6,talk,98,10,6,Skip
6,talk,99,11,14,Over
6,talk,100,11,10,Over
6,talk,101,11,6,Over
6,talk,102,11,11,Over
6,talk,103,11,5,Over
6,talk,104,11,8,Over
6,talk,105,11,7,Over
6,talk,106,11,2,Over
6,talk,107,11,4,Over
6,vote,2,6
6,vote,4,7
6,vote,5,7
6,vote,6,4
6,vote,7,10
6,vote,8,6
6,vote,10,8
6,vote,11,6
6,vote,14,6
6,execute,6,VILLAGER
6,divine,7,10,WEREWOLF
6,whisper,0,0,10,ATTACK Agent[07]
6,whisper,1,0,5,ATTACK Agent[07]
6,whisper,2,1,5,REQUEST(ATTACK Agent[07])
6,whisper,3,1,10,REQUEST(ATTACK Agent[07])
6,whisper,4,2,5,Skip
6,whisper,5,2,10,IDENTIFIED Agent[06] WEREWOLF
6,whisper,6,3,10,Skip
6,whisper,7,3,5,Skip
6,whisper,8,4,5,Over
6,whisper,9,4,10,Skip
6,whisper,10,5,10,Over
6,whisper,11,5,5,Over
6,guard,8,7,SEER
6,attackVote,5,7
6,attackVote,10,7
6,attack,7,false
7,status,1,VILLAGER,DEAD,wolf1
7,status,2,VILLAGER,ALIVE,SampleRoleAssignPlayer
7,status,3,VILLAGER,DEAD,SampleRoleAssignPlayer
7,status,4,POSSESSED,ALIVE,SampleRoleAssignPlayer
7,status,5,WEREWOLF,ALIVE,SampleRoleAssignPlayer
7,status,6,VILLAGER,DEAD,SampleRoleAssignPlayer
7,status,7,SEER,ALIVE,SampleRoleAssignPlayer
7,status,8,BODYGUARD,ALIVE,SampleRoleAssignPlayer
7,status,9,VILLAGER,DEAD,SampleRoleAssignPlayer
7,status,10,WEREWOLF,ALIVE,SampleRoleAssignPlayer
7,status,11,VILLAGER,ALIVE,SampleRoleAssignPlayer
7,status,12,VILLAGER,DEAD,SampleRoleAssignPlayer
7,status,13,WEREWOLF,DEAD,SampleRoleAssignPlayer
7,status,14,VILLAGER,ALIVE,SampleRoleAssignPlayer
7,status,15,MEDIUM,DEAD,SampleRoleAssignPlayer
7,talk,0,0,7,DIVINED Agent[10] WEREWOLF
7,talk,1,0,2,AGREE TALK day1 ID:46
7,talk,2,0,14,AGREE TALK day1 ID:46
7,talk,3,0,8,AGREE TALK day1 ID:46
7,talk,4,0,5,VOTE Agent[14]
7,talk,5,0,10,IDENTIFIED Agent[06] WEREWOLF
7,talk,6,0,4,DIVINED Agent[11] HUMAN
7,talk,7,0,11,AGREE TALK day1 ID:46
7,talk,8,1,14,AGREE TALK day1 ID:59
7,talk,9,1,7,REQUEST(VOTE Agent[10])
7,talk,10,1,8,AGREE TALK day1 ID:59
7,talk,11,1,10,VOTE Agent[07]
7,talk,12,1,5,REQUEST(VOTE Agent[14])
7,talk,13,1,4,VOTE Agent[06]
7,talk,14,1,11,AGREE TALK day1 ID:59
7,talk,15,1,2,AGREE TALK day1 ID:59
7,talk,16,2,14,AGREE TALK day3 ID:32
7,talk,17,2,11,AGREE TALK day3 ID:32
7,talk,18,2,7,VOTE Agent[10]
7,talk,19,2,4,REQUEST(VOTE Agent[06])
7,talk,20,2,10,REQUEST(VOTE Agent[07])
7,talk,21,2,5,Skip
7,talk,22,2,2,AGREE TALK day3 ID:32
7,talk,23,2,8,AGREE TALK day3 ID:32
7,talk,24,3,10,Skip
7,talk,25,3,4,Skip
7,talk,26,3,7,Skip
7,talk,27,3,8,AGREE TALK day5 ID:46
7,talk,28,3,5,Skip
7,talk,29,3,2,AGREE TALK day5 ID:46
7,talk,30,3,11,AGREE TALK day5 ID:46
7,talk,31,3,14,AGREE TALK day5 ID:46
7,talk,32,4,14,ESTIMATE Agent[10] WEREWOLF
7,talk,33,4,10,Skip
7,talk,34,4,11,ESTIMATE Agent[10] WEREWOLF
7,talk,35,4,4,Skip
7,talk,36,4,2,ESTIMATE Agent[10] WEREWOLF
7,talk,37,4,5,Over
7,talk,38,4,8,ESTIMATE Agent[10] WEREWOLF
7,talk,39,4,7,Skip
7,talk,40,5,10,Over
7,talk,41,5,8,REQUEST(Agent[07] DIVINATION Agent[10])
7,talk,42,5,7,Over
7,talk,43,5,14,REQUEST(Agent[04] DIVINATION Agent[10])
7,talk,44,5,5,Over
7,talk,45,5,2,REQUEST(Agent[07] DIVINATION Agent[10])
7,talk,46,5,11,REQUEST(Agent[07] DIVINATION Agent[10])
7,talk,47,5,4,Over
7,talk,48,6,7,Over
7,talk,49,6,4,Over
7,talk,50,6,10,Over
7,talk,51,6,14,VOTE Agent[10]
7,talk,52,6,5,Over
7,talk,53,6,2,VOTE Agent[10]
7,talk,54,6,8,VOTE Agent[10]
7,talk,55,6,11,VOTE Agent[10]
7,talk,56,7,11,Skip
7,talk,57,7,7,Over
7,talk,58,7,14,Skip
7,talk,59,7,4,Over
7,talk,60,7,10,Over
7,talk,61,7,8,Skip
7,talk,62,7,5,Over
7,talk,63,7,2,Skip
7,talk,64,8,7,Over
7,talk,65,8,5,Over
7,talk,66,8,2,Skip
7,talk,67,8,4,Over
7,talk,68,8,8,Skip
7,talk,69,8,14,Skip
7,talk,70,8,11,Skip
7,talk,71,8,10,Over
7,talk,72,9,14,Over
7,talk,73,9,7,Over
7,talk,74,9,8,Over
7,talk,75,9,5,Over
7,talk,76,9,2,Over
7,talk,77,9,11,Over
7,talk,78,9,4,Over
7,talk,79,9,10,Over
7,vote,2,10
7,vote,4,2
7,vote,5,14
7,vote,7,10
7,vote,8,10
7,vote,10,7
7,vote,11,10
7,vote,14,10
7,execute,10,WEREWOLF
7,guard,8,7,SEER
8,status,1,VILLAGER,DEAD,wolf1
8,status,2,VILLAGER,ALIVE,SampleRoleAssignPlayer
8,status,3,VILLAGER,DEAD,SampleRoleAssignPlayer
8,status,4,POSSESSED,ALIVE,SampleRoleAssignPlayer
8,status,5,WEREWOLF,ALIVE,SampleRoleAssignPlayer
8,status,6,VILLAGER,DEAD,SampleRoleAssignPlayer
8,status,7,SEER,ALIVE,SampleRoleAssignPlayer
8,status,8,BODYGUARD,ALIVE,SampleRoleAssignPlayer
8,status,9,VILLAGER,DEAD,SampleRoleAssignPlayer
8,status,10,WEREWOLF,DEAD,SampleRoleAssignPlayer
8,status,11,VILLAGER,ALIVE,SampleRoleAssignPlayer
8,status,12,VILLAGER,DEAD,SampleRoleAssignPlayer
8,status,13,WEREWOLF,DEAD,SampleRoleAssignPlayer
8,status,14,VILLAGER,ALIVE,SampleRoleAssignPlayer
8,status,15,MEDIUM,DEAD,SampleRoleAssignPlayer
8,talk,0,0,8,VOTE Agent[02]
8,talk,1,0,2,VOTE Agent[04]
8,talk,2,0,11,VOTE Agent[07]
8,talk,3,0,14,VOTE Agent[02]
8,talk,4,0,5,VOTE Agent[14]
8,talk,5,0,7,VOTE Agent[11]
8,talk,6,0,4,DIVINED Agent[08] HUMAN
8,talk,7,1,14,Skip
8,talk,8,1,8,Skip
8,talk,9,1,4,VOTE Agent[06]
8,talk,10,1,5,REQUEST(VOTE Agent[14])
8,talk,11,1,7,Skip
8,talk,12,1,2,Skip
8,talk,13,1,11,Skip
8,talk,14,2,2,Skip
8,talk,15,2,7,Skip
8,talk,16,2,5,Skip
8,talk,17,2,11,Skip
8,talk,18,2,8,Skip
8,talk,19,2,14,Skip
8,talk,20,2,4,REQUEST(VOTE Agent[06])
8,talk,21,3,11,Over
8,talk,22,3,5,Skip
8,talk,23,3,8,Over
8,talk,24,3,14,Over
8,talk,25,3,7,Over
8,talk,26,3,4,Skip
8,talk,27,3,2,Over
8,talk,28,4,11,Over
8,talk,29,4,5,Over
8,talk,30,4,8,Over
8,talk,31,4,2,Over
8,talk,32,4,7,Over
8,talk,33,4,4,Skip
8,talk,34,4,14,Over
8,talk,35,5,11,Over
8,talk,36,5,8,Over
8,talk,37,5,7,Over
8,talk,38,5,14,Over
8,talk,39,5,2,Over
8,talk,40,5,4,Over
8,talk,41,5,5,Over
8,vote,2,4
8,vote,4,7
8,vote,5,14
8,vote,7,11
8,vote,8,2
8,vote,11,7
8,vote,14,2
8,vote,2,4
8,vote,4,2
8,vote,5,2
8,vote,7,14
8,vote,8,2
8,vote,11,7
8,vote,14,2
8,execute,2,VILLAGER
8,divine,7,11,HUMAN
8,guard,8,7,SEER
8,attackVote,5,7
8,attack,7,false
9,status,1,VILLAGER,DEAD,wolf1
9,status,2,VILLAGER,DEAD,SampleRoleAssignPlayer
9,status,3,VILLAGER,DEAD,SampleRoleAssignPlayer
9,status,4,POSSESSED,ALIVE,SampleRoleAssignPlayer
9,status,5,WEREWOLF,ALIVE,SampleRoleAssignPlayer
9,status,6,VILLAGER,DEAD,SampleRoleAssignPlayer
9,status,7,SEER,ALIVE,SampleRoleAssignPlayer
9,status,8,BODYGUARD,ALIVE,SampleRoleAssignPlayer
9,status,9,VILLAGER,DEAD,SampleRoleAssignPlayer
9,status,10,WEREWOLF,DEAD,SampleRoleAssignPlayer
9,status,11,VILLAGER,ALIVE,SampleRoleAssignPlayer
9,status,12,VILLAGER,DEAD,SampleRoleAssignPlayer
9,status,13,WEREWOLF,DEAD,SampleRoleAssignPlayer
9,status,14,VILLAGER,ALIVE,SampleRoleAssignPlayer
9,status,15,MEDIUM,DEAD,SampleRoleAssignPlayer
9,talk,0,0,4,DIVINED Agent[14] HUMAN
9,talk,1,0,5,VOTE Agent[08]
9,talk,2,0,14,VOTE Agent[07]
9,talk,3,0,7,DIVINED Agent[11] HUMAN
9,talk,4,0,11,VOTE Agent[08]
9,talk,5,0,8,VOTE Agent[04]
9,talk,6,1,5,REQUEST(VOTE Agent[08])
9,talk,7,1,14,Skip
9,talk,8,1,7,VOTE Agent[05]
9,talk,9,1,4,VOTE Agent[06]
9,talk,10,1,11,Skip
9,talk,11,1,8,Skip
9,talk,12,2,7,Skip
9,talk,13,2,8,Skip
9,talk,14,2,14,Skip
9,talk,15,2,5,Skip
9,talk,16,2,11,Skip
9,talk,17,2,4,REQUEST(VOTE Agent[06])
9,talk,18,3,7,Skip
9,talk,19,3,11,Over
9,talk,20,3,8,Over
9,talk,21,3,5,Skip
9,talk,22,3,14,Over
9,talk,23,3,4,Skip
9,talk,24,4,4,Skip
9,talk,25,4,11,Over
9,talk,26,4,8,Over
9,talk,27,4,5,Over
9,talk,28,4,14,Over
9,talk,29,4,7,Over
9,talk,30,5,7,Over
9,talk,31,5,11,Over
9,talk,32,5,5,Over
9,talk,33,5,4,Over
9,talk,34,5,8,Over
9,talk,35,5,14,Over
9,vote,4,5
9,vote,5,8
9,vote,7,5
9,vote,8,4
9,vote,11,8
9,vote,14,7
9,vote,4,5
9,vote,5,8
9,vote,7,5
9,vote,8,11
9,vote,11,8
9,vote,14,8
9,execute,8,BODYGUARD
9,divine,7,14,HUMAN
9,attackVote,5,7
9,attack,7,true
10,status,1,VILLAGER,DEAD,wolf1
10,status,2,VILLAGER,DEAD,SampleRoleAssignPlayer
10,status,3,VILLAGER,DEAD,SampleRoleAssignPlayer
10,status,4,POSSESSED,ALIVE,SampleRoleAssignPlayer
10,status,5,WEREWOLF,ALIVE,SampleRoleAssignPlayer
10,status,6,VILLAGER,DEAD,SampleRoleAssignPlayer
10,status,7,SEER,DEAD,SampleRoleAssignPlayer
10,status,8,BODYGUARD,DEAD,SampleRoleAssignPlayer
10,status,9,VILLAGER,DEAD,SampleRoleAssignPlayer
10,status,10,WEREWOLF,DEAD,SampleRoleAssignPlayer
10,status,11,VILLAGER,ALIVE,SampleRoleAssignPlayer
10,status,12,VILLAGER,DEAD,SampleRoleAssignPlayer
10,status,13,WEREWOLF,DEAD,SampleRoleAssignPlayer
10,status,14,VILLAGER,ALIVE,SampleRoleAssignPlayer
10,status,15,MEDIUM,DEAD,SampleRoleAssignPlayer
10,talk,0,0,5,VOTE Agent[11]
10,talk,1,0,14,VOTE Agent[04]
10,talk,2,0,11,AGREE TALK day1 ID:30
10,talk,3,0,4,DIVINED Agent[14] HUMAN
10,talk,4,1,5,REQUEST(VOTE Agent[11])
10,talk,5,1,11,DISAGREE TALK day1 ID:37
10,talk,6,1,4,VOTE Agent[06]
10,talk,7,1,14,Skip
10,talk,8,2,14,Skip
10,talk,9,2,5,Skip
10,talk,10,2,11,AGREE TALK day1 ID:38
10,talk,11,2,4,REQUEST(VOTE Agent[06])
10,talk,12,3,11,AGREE TALK day1 ID:43
10,talk,13,3,4,Skip
10,talk,14,3,14,Over
10,talk,15,3,5,Skip
10,talk,16,4,14,Over
10,talk,17,4,4,Skip
10,talk,18,4,11,DISAGREE TALK day5 ID:40
10,talk,19,4,5,Over
10,talk,20,5,11,DISAGREE TALK day5 ID:69
10,talk,21,5,4,Over
10,talk,22,5,5,Over
10,talk,23,5,14,Over
10,talk,24,6,14,Over
10,talk,25,6,5,Over
10,talk,26,6,4,Over
10,talk,27,6,11,DISAGREE TALK day6 ID:61
10,talk,28,7,4,Over
10,talk,29,7,14,Over
10,talk,30,7,11,ESTIMATE Agent[04] SEER
10,talk,31,7,5,Over
10,talk,32,8,11,VOTE Agent[04]
10,talk,33,8,14,Over
10,talk,34,8,5,Over
10,talk,35,8,4,Over
10,talk,36,9,5,Over
10,talk,37,9,4,Over
10,talk,38,9,11,Skip
10,talk,39,9,14,Over
10,talk,40,10,11,Skip
10,talk,41,10,5,Over
10,talk,42,10,14,Over
10,talk,43,10,4,Over
10,talk,44,11,11,Over
10,talk,45,11,4,Over
10,talk,46,11,14,Over
10,talk,47,11,5,Over
10,vote,4,14
10,vote,5,11
10,vote,11,4
10,vote,14,4
10,execute,4,POSSESSED
10,attackVote,5,11
10,attack,11,true
11,status,1,VILLAGER,DEAD,wolf1
11,status,2,VILLAGER,DEAD,SampleRoleAssignPlayer
11,status,3,VILLAGER,DEAD,SampleRoleAssignPlayer
11,status,4,POSSESSED,DEAD,SampleRoleAssignPlayer
11,status,5,WEREWOLF,ALIVE,SampleRoleAssignPlayer
11,status,6,VILLAGER,DEAD,SampleRoleAssignPlayer
11,status,7,SEER,DEAD,SampleRoleAssignPlayer
11,status,8,BODYGUARD,DEAD,SampleRoleAssignPlayer
11,status,9,VILLAGER,DEAD,SampleRoleAssignPlayer
11,status,10,WEREWOLF,DEAD,SampleRoleAssignPlayer
11,status,11,VILLAGER,DEAD,SampleRoleAssignPlayer
11,status,12,VILLAGER,DEAD,SampleRoleAssignPlayer
11,status,13,WEREWOLF,DEAD,SampleRoleAssignPlayer
11,status,14,VILLAGER,ALIVE,SampleRoleAssignPlayer
11,status,15,MEDIUM,DEAD,SampleRoleAssignPlayer
11,result,1,1,WEREWOLF
