0,status,1,SEER,ALIVE,wolf1
0,status,2,WEREWOLF,ALIVE,SampleRoleAssignPlayer
0,status,3,POSSESSED,ALIVE,SampleRoleAssignPlayer
0,status,4,WEREWOLF,ALIVE,SampleRoleAssignPlayer
0,status,5,VILLAGER,ALIVE,SampleRoleAssignPlayer
0,status,6,MEDIUM,ALIVE,SampleRoleAssignPlayer
0,status,7,VILLAGER,ALIVE,SampleRoleAssignPlayer
0,status,8,VILLAGER,ALIVE,SampleRoleAssignPlayer
0,status,9,BODYGUARD,ALIVE,SampleRoleAssignPlayer
0,status,10,VILLAGER,ALIVE,SampleRoleAssignPlayer
0,status,11,VILLAGER,ALIVE,SampleRoleAssignPlayer
0,status,12,WEREWOLF,ALIVE,SampleRoleAssignPlayer
0,status,13,VILLAGER,ALIVE,SampleRoleAssignPlayer
0,status,14,VILLAGER,ALIVE,SampleRoleAssignPlayer
0,status,15,VILLAGER,ALIVE,SampleRoleAssignPlayer
0,whisper,0,0,2,COMINGOUT Agent[02] MEDIUM
0,whisper,1,0,12,COMINGOUT Agent[12] MEDIUM
0,whisper,2,0,4,COMINGOUT Agent[04] SEER
0,whisper,3,1,2,Skip
0,whisper,4,1,4,Skip
0,whisper,5,1,12,Skip
0,whisper,6,2,4,Skip
0,whisper,7,2,12,Skip
0,whisper,8,2,2,Skip
0,whisper,9,3,4,Over
0,whisper,10,3,12,COMINGOUT Agent[12] VILLAGER
0,whisper,11,3,2,Over
0,whisper,12,4,4,DIVINED Agent[06] WEREWOLF
0,whisper,13,4,2,Over
0,whisper,14,4,12,Skip
0,whisper,15,5,12,Skip
0,whisper,16,5,4,Skip
0,whisper,17,5,2,Over
0,whisper,18,6,12,Over
0,whisper,19,6,4,Skip
0,whisper,20,6,2,Over
0,whisper,21,7,12,Over
0,whisper,22,7,4,Over
0,whisper,23,7,2,Over
0,divine,1,2,WEREWOLF
1,status,1,SEER,ALIVE,wolf1
1,status,2,WEREWOLF,ALIVE,SampleRoleAssignPlayer
1,status,3,POSSESSED,ALIVE,SampleRoleAssignPlayer
1,status,4,WEREWOLF,ALIVE,SampleRoleAssignPlayer
1,status,5,VILLAGER,ALIVE,SampleRoleAssignPlayer
1,status,6,MEDIUM,ALIVE,SampleRoleAssignPlayer
1,status,7,VILLAGER,ALIVE,SampleRoleAssignPlayer
1,status,8,VILLAGER,ALIVE,SampleRoleAssignPlayer
1,status,9,BODYGUARD,ALIVE,SampleRoleAssignPlayer
1,status,10,VILLAGER,ALIVE,SampleRoleAssignPlayer
1,status,11,VILLAGER,ALIVE,SampleRoleAssignPlayer
1,status,12,WEREWOLF,ALIVE,SampleRoleAssignPlayer
1,status,13,VILLAGER,ALIVE,SampleRoleAssignPlayer
1,status,14,VILLAGER,ALIVE,SampleRoleAssignPlayer
1,status,15,VILLAGER,ALIVE,SampleRoleAssignPlayer
1,talk,0,0,2,VOTE Agent[01]
1,talk,1,0,13,VOTE Agent[05]
1,talk,2,0,5,VOTE Agent[02]
1,talk,3,0,4,VOTE Agent[06]
1,talk,4,0,11,VOTE Agent[04]
1,talk,5,0,3,COMINGOUT Agent[03] SEER
1,talk,6,0,7,VOTE Agent[08]
1,talk,7,0,15,VOTE Agent[05]
1,talk,8,0,1,COMINGOUT Agent[01] SEER
1,talk,9,0,6,VOTE Agent[05]
1,talk,10,0,14,VOTE Agent[08]
1,talk,11,0,12,VOTE Agent[01]
1,talk,12,0,9,VOTE Agent[06]
1,talk,13,0,10,VOTE Agent[05]
1,talk,14,0,8,VOTE Agent[14]
1,talk,15,1,8,Skip
1,talk,16,1,7,Skip
1,talk,17,1,4,REQUEST(VOTE Agent[06])
1,talk,18,1,13,Skip
1,talk,19,1,1,DIVINED Agent[02] WEREWOLF
1,talk,20,1,6,Skip
1,talk,21,1,11,Skip
1,talk,22,1,10,Skip
1,talk,23,1,12,REQUEST(VOTE Agent[01])
1,talk,24,1,5,Skip
1,talk,25,1,15,Skip
1,talk,26,1,2,REQUEST(VOTE Agent[01])
1,talk,27,1,14,Skip
1,talk,28,1,9,Skip
1,talk,29,1,3,DIVINED Agent[04] HUMAN
1,talk,30,2,6,ESTIMATE Agent[01] SEER
1,talk,31,2,15,ESTIMATE Agent[01] SEER
1,talk,32,2,10,ESTIMATE Agent[03] SEER
1,talk,33,2,3,REQUEST(VOTE Agent[13])
1,talk,34,2,14,ESTIMATE Agent[01] SEER
1,talk,35,2,5,ESTIMATE Agent[01] SEER
1,talk,36,2,4,COMINGOUT Agent[04] SEER
1,talk,37,2,12,Skip
1,talk,38,2,13,ESTIMATE Agent[01] SEER
1,talk,39,2,1,VOTE Agent[02]
1,talk,40,2,8,ESTIMATE Agent[01] SEER
1,talk,41,2,7,ESTIMATE Agent[03] SEER
1,talk,42,2,2,Skip
1,talk,43,2,9,ESTIMATE Agent[01] SEER
1,talk,44,2,11,ESTIMATE Agent[03] SEER
1,talk,45,3,10,ESTIMATE Agent[02] WEREWOLF
1,talk,46,3,1,ESTIMATE Agent[02] WEREWOLF
1,talk,47,3,11,ESTIMATE Agent[02] WEREWOLF
1,talk,48,3,13,ESTIMATE Agent[02] WEREWOLF
1,talk,49,3,7,ESTIMATE Agent[02] WEREWOLF
1,talk,50,3,6,ESTIMATE Agent[02] WEREWOLF
1,talk,51,3,3,VOTE Agent[01]
1,talk,52,3,14,ESTIMATE Agent[02] WEREWOLF
1,talk,53,3,12,Skip
1,talk,54,3,4,DIVINED Agent[06] WEREWOLF
1,talk,55,3,2,Skip
1,talk,56,3,15,ESTIMATE Agent[02] WEREWOLF
1,talk,57,3,5,Skip
1,talk,58,3,9,ESTIMATE Agent[02] WEREWOLF
1,talk,59,3,8,ESTIMATE Agent[02] WEREWOLF
1,talk,60,4,8,REQUEST(Agent[01] DIVINATION Agent[02])
1,talk,61,4,14,REQUEST(Agent[01] DIVINATION Agent[02])
1,talk,62,4,2,Over
1,talk,63,4,13,REQUEST(Agent[01] DIVINATION Agent[02])
1,talk,64,4,10,REQUEST(Agent[03] DIVINATION Agent[02])
1,talk,65,4,9,REQUEST(Agent[01] DIVINATION Agent[02])
1,talk,66,4,7,REQUEST(Agent[03] DIVINATION Agent[02])
1,talk,67,4,15,REQUEST(Agent[01] DIVINATION Agent[02])
1,talk,68,4,6,REQUEST(Agent[01] DIVINATION Agent[02])
1,talk,69,4,3,REQUEST(VOTE Agent[01])
1,talk,70,4,12,Over
1,talk,71,4,4,Skip
1,talk,72,4,1,ESTIMATE Agent[03] WEREWOLF
1,talk,73,4,5,Skip
1,talk,74,4,11,REQUEST(Agent[03] DIVINATION Agent[02])
1,talk,75,5,7,VOTE Agent[02]
1,talk,76,5,1,ESTIMATE Agent[11] WEREWOLF
1,talk,77,5,2,Over
1,talk,78,5,14,VOTE Agent[02]
1,talk,79,5,12,Over
1,talk,80,5,9,VOTE Agent[02]
1,talk,81,5,6,VOTE Agent[02]
1,talk,82,5,11,VOTE Agent[02]
1,talk,83,5,15,VOTE Agent[02]
1,talk,84,5,10,VOTE Agent[02]
1,talk,85,5,13,VOTE Agent[02]
1,talk,86,5,3,Skip
1,talk,87,5,5,Over
1,talk,88,5,8,VOTE Agent[02]
1,talk,89,5,4,Skip
1,talk,90,6,5,Over
1,talk,91,6,11,Skip
1,talk,92,6,8,Skip
1,talk,93,6,15,Skip
1,talk,94,6,9,Skip
1,talk,95,6,6,Skip
1,talk,96,6,4,Over
1,talk,97,6,7,Skip
1,talk,98,6,3,Skip
1,talk,99,6,14,Skip
1,talk,100,6,12,Over
1,talk,101,6,2,Over
1,talk,102,6,1,Over
1,talk,103,6,13,Skip
1,talk,104,6,10,Skip
1,talk,105,7,12,Over
1,talk,106,7,1,Over
1,talk,107,7,3,Over
1,talk,108,7,8,Skip
1,talk,109,7,10,Skip
1,talk,110,7,5,Over
1,talk,111,7,14,Skip
1,talk,112,7,7,Skip
1,talk,113,7,13,Skip
1,talk,114,7,11,Skip
1,talk,115,7,4,Over
1,talk,116,7,15,Skip
1,talk,117,7,9,Skip
1,talk,118,7,6,Skip
1,talk,119,7,2,Over
1,talk,120,8,7,Over
1,talk,121,8,9,Over
1,talk,122,8,1,Over
1,talk,123,8,5,Over
1,talk,124,8,3,Over
1,talk,125,8,4,Over
1,talk,126,8,10,Over
1,talk,127,8,13,Over
1,talk,128,8,2,Over
1,talk,129,8,14,Over
1,talk,130,8,11,Over
1,talk,131,8,6,Over
1,talk,132,8,8,Over
1,talk,133,8,15,Over
1,talk,134,8,12,Over
1,vote,1,2
1,vote,2,1
1,vote,3,1
1,vote,4,6
1,vote,5,2
1,vote,6,2
1,vote,7,2
1,vote,8,2
1,vote,9,2
1,vote,10,2
1,vote,11,2
1,vote,12,1
1,vote,13,2
1,vote,14,2
1,vote,15,2
1,execute,2,WEREWOLF
1,divine,1,11,HUMAN
1,whisper,0,0,12,ESTIMATE Agent[03] POSSESSED
1,whisper,1,0,4,ESTIMATE Agent[03] POSSESSED
1,whisper,2,1,12,ATTACK Agent[01]
1,whisper,3,1,4,ATTACK Agent[01]
1,whisper,4,2,12,REQUEST(ATTACK Agent[01])
1,whisper,5,2,4,REQUEST(ATTACK Agent[01])
1,whisper,6,3,4,DIVINED Agent[09] HUMAN
1,whisper,7,3,12,Skip
1,whisper,8,4,4,Skip
1,whisper,9,4,12,Skip
1,whisper,10,5,4,Skip
1,whisper,11,5,12,Over
1,whisper,12,6,12,Over
1,whisper,13,6,4,Over
1,guard,9,1,SEER
1,attackVote,4,1
1,attackVote,12,1
1,attack,1,false
2,status,1,SEER,ALIVE,wolf1
2,status,2,WEREWOLF,DEAD,SampleRoleAssignPlayer
2,status,3,POSSESSED,ALIVE,SampleRoleAssignPlayer
2,status,4,WEREWOLF,ALIVE,SampleRoleAssignPlayer
2,status,5,VILLAGER,ALIVE,SampleRoleAssignPlayer
2,status,6,MEDIUM,ALIVE,SampleRoleAssignPlayer
2,status,7,VILLAGER,ALIVE,SampleRoleAssignPlayer
2,status,8,VILLAGER,ALIVE,SampleRoleAssignPlayer
2,status,9,BODYGUARD,ALIVE,SampleRoleAssignPlayer
2,status,10,VILLAGER,ALIVE,SampleRoleAssignPlayer
2,status,11,VILLAGER,ALIVE,SampleRoleAssignPlayer
2,status,12,WEREWOLF,ALIVE,SampleRoleAssignPlayer
2,status,13,VILLAGER,ALIVE,SampleRoleAssignPlayer
2,status,14,VILLAGER,ALIVE,SampleRoleAssignPlayer
2,status,15,VILLAGER,ALIVE,SampleRoleAssignPlayer
2,talk,0,0,8,ESTIMATE Agent[06] WEREWOLF
2,talk,1,0,13,ESTIMATE Agent[06] WEREWOLF
2,talk,2,0,1,DIVINED Agent[11] HUMAN
2,talk,3,0,6,COMINGOUT Agent[06] MEDIUM
2,talk,4,0,15,ESTIMATE Agent[06] WEREWOLF
2,talk,5,0,11,ESTIMATE Agent[06] WEREWOLF
2,talk,6,0,9,ESTIMATE Agent[06] WEREWOLF
2,talk,7,0,5,ESTIMATE Agent[06] WEREWOLF
2,talk,8,0,10,ESTIMATE Agent[06] WEREWOLF
2,talk,9,0,7,ESTIMATE Agent[06] WEREWOLF
2,talk,10,0,14,ESTIMATE Agent[06] WEREWOLF
2,talk,11,0,3,DIVINED Agent[10] WEREWOLF
2,talk,12,0,12,VOTE Agent[07]
2,talk,13,0,4,DIVINED Agent[09] HUMAN
2,talk,14,1,12,REQUEST(VOTE Agent[07])
2,talk,15,1,3,VOTE Agent[04]
2,talk,16,1,1,VOTE Agent[12]
2,talk,17,1,4,VOTE Agent[01]
2,talk,18,1,9,REQUEST(Agent[01] DIVINATION Agent[06])
2,talk,19,1,7,REQUEST(Agent[03] DIVINATION Agent[06])
2,talk,20,1,13,REQUEST(Agent[01] DIVINATION Agent[06])
2,talk,21,1,14,REQUEST(Agent[01] DIVINATION Agent[06])
2,talk,22,1,15,REQUEST(Agent[01] DIVINATION Agent[06])
2,talk,23,1,6,IDENTIFIED Agent[02] WEREWOLF
2,talk,24,1,11,REQUEST(Agent[03] DIVINATION Agent[06])
2,talk,25,1,10,REQUEST(Agent[03] DIVINATION Agent[06])
2,talk,26,1,5,REQUEST(Agent[01] DIVINATION Agent[06])
2,talk,27,1,8,REQUEST(Agent[01] DIVINATION Agent[06])
2,talk,28,2,6,ESTIMATE Agent[04] WEREWOLF
2,talk,29,2,4,REQUEST(VOTE Agent[01])
2,talk,30,2,9,VOTE Agent[06]
2,talk,31,2,10,VOTE Agent[06]
2,talk,32,2,1,ESTIMATE Agent[02] WEREWOLF
2,talk,33,2,8,VOTE Agent[06]
2,talk,34,2,15,VOTE Agent[06]
2,talk,35,2,5,VOTE Agent[06]
2,talk,36,2,12,Skip
2,talk,37,2,13,VOTE Agent[06]
2,talk,38,2,7,VOTE Agent[06]
2,talk,39,2,11,VOTE Agent[06]
2,talk,40,2,14,VOTE Agent[06]
2,talk,41,2,3,REQUEST(VOTE Agent[04])
2,talk,42,3,14,Skip
2,talk,43,3,9,Skip
2,talk,44,3,6,REQUEST(Agent[01] DIVINATION Agent[04])
2,talk,45,3,10,AGREE TALK day1 ID:30
2,talk,46,3,13,Skip
2,talk,47,3,7,Skip
2,talk,48,3,8,Skip
2,talk,49,3,15,Skip
2,talk,50,3,5,Skip
2,talk,51,3,1,ESTIMATE Agent[03] WEREWOLF
2,talk,52,3,3,Skip
2,talk,53,3,12,Skip
2,talk,54,3,4,Skip
2,talk,55,3,11,Skip
2,talk,56,4,5,Skip
2,talk,57,4,6,VOTE Agent[04]
2,talk,58,4,3,Skip
2,talk,59,4,14,Skip
2,talk,60,4,4,Skip
2,talk,61,4,11,Skip
2,talk,62,4,9,Skip
2,talk,63,4,8,Skip
2,talk,64,4,15,Skip
2,talk,65,4,1,ESTIMATE Agent[12] WEREWOLF
2,talk,66,4,12,Over
2,talk,67,4,7,Skip
2,talk,68,4,10,AGREE TALK day1 ID:31
2,talk,69,4,13,Skip
2,talk,70,5,14,Over
2,talk,71,5,10,AGREE TALK day1 ID:34
2,talk,72,5,3,Over
2,talk,73,5,8,Over
2,talk,74,5,4,Over
2,talk,75,5,12,Over
2,talk,76,5,7,Over
2,talk,77,5,13,Over
2,talk,78,5,5,Over
2,talk,79,5,15,Over
2,talk,80,5,6,Skip
2,talk,81,5,9,Over
2,talk,82,5,1,VOTE Agent[04]
2,talk,83,5,11,Over
2,talk,84,6,14,Over
2,talk,85,6,10,AGREE TALK day1 ID:35
2,talk,86,6,15,Over
2,talk,87,6,4,Over
2,talk,88,6,8,Over
2,talk,89,6,6,Skip
2,talk,90,6,13,Over
2,talk,91,6,9,Over
2,talk,92,6,3,Over
2,talk,93,6,5,Over
2,talk,94,6,12,Over
2,talk,95,6,11,Over
2,talk,96,6,7,Over
2,talk,97,6,1,ESTIMATE Agent[06] MEDIUM
2,talk,98,7,1,ESTIMATE Agent[11] VILLAGER
2,talk,99,7,4,Over
2,talk,100,7,8,Over
2,talk,101,7,3,Over
2,talk,102,7,14,Over
2,talk,103,7,7,Over
2,talk,104,7,10,AGREE TALK day1 ID:38
2,talk,105,7,9,Over
2,talk,106,7,6,Over
2,talk,107,7,11,Over
2,talk,108,7,12,Over
2,talk,109,7,5,Over
2,talk,110,7,15,Over
2,talk,111,7,13,Over
2,talk,112,8,5,Over
2,talk,113,8,14,Over
2,talk,114,8,9,Over
2,talk,115,8,3,Over
2,talk,116,8,6,Over
2,talk,117,8,4,Over
2,talk,118,8,10,AGREE TALK day1 ID:40
2,talk,119,8,15,Over
2,talk,120,8,7,Over
2,talk,121,8,8,Over
2,talk,122,8,12,Over
2,talk,123,8,1,Over
2,talk,124,8,13,Over
2,talk,125,8,11,Over
2,talk,126,9,3,Over
2,talk,127,9,11,Over
2,talk,128,9,14,Over
2,talk,129,9,5,Over
2,talk,130,9,15,Over
2,talk,131,9,12,Over
2,talk,132,9,10,AGREE TALK day1 ID:43
2,talk,133,9,9,Over
2,talk,134,9,7,Over
2,talk,135,9,8,Over
2,talk,136,9,4,Over
2,talk,137,9,13,Over
2,talk,138,9,1,Over
2,talk,139,9,6,Over
2,talk,140,10,4,Over
2,talk,141,10,3,Over
2,talk,142,10,10,Over
2,talk,143,10,7,Over
2,talk,144,10,14,Over
2,talk,145,10,11,Over
2,talk,146,10,12,Over
2,talk,147,10,8,Over
2,talk,148,10,5,Over
2,talk,149,10,6,Over
2,talk,150,10,13,Over
2,talk,151,10,9,Over
2,talk,152,10,15,Over
2,talk,153,10,1,Over
2,vote,1,4
2,vote,3,4
2,vote,4,1
2,vote,5,6
2,vote,6,4
2,vote,7,6
2,vote,8,6
2,vote,9,6
2,vote,10,6
2,vote,11,6
2,vote,12,7
2,vote,13,6
2,vote,14,6
2,vote,15,6
2,execute,6,MEDIUM
2,divine,1,12,WEREWOLF
2,whisper,0,0,4,ATTACK Agent[01]
2,whisper,1,0,12,ATTACK Agent[01]
2,whisper,2,1,12,REQUEST(ATTACK Agent[01])
2,whisper,3,1,4,REQUEST(ATTACK Agent[01])
2,whisper,4,2,4,DIVINED Agent[11] HUMAN
2,whisper,5,2,12,Skip
2,whisper,6,3,4,Skip
2,whisper,7,3,12,Skip
2,whisper,8,4,12,Over
2,whisper,9,4,4,Skip
2,whisper,10,5,12,Over
2,whisper,11,5,4,Over
2,guard,9,1,SEER
2,attackVote,4,1
2,attackVote,12,1
2,attack,1,false
3,status,1,SEER,ALIVE,wolf1
3,status,2,WEREWOLF,DEAD,SampleRoleAssignPlayer
3,status,3,POSSESSED,ALIVE,SampleRoleAssignPlayer
3,status,4,WEREWOLF,ALIVE,SampleRoleAssignPlayer
3,status,5,VILLAGER,ALIVE,SampleRoleAssignPlayer
3,status,6,MEDIUM,DEAD,SampleRoleAssignPlayer
3,status,7,VILLAGER,ALIVE,SampleRoleAssignPlayer
3,status,8,VILLAGER,ALIVE,SampleRoleAssignPlayer
3,status,9,BODYGUARD,ALIVE,SampleRoleAssignPlayer
3,status,10,VILLAGER,ALIVE,SampleRoleAssignPlayer
3,status,11,VILLAGER,ALIVE,SampleRoleAssignPlayer
3,status,12,WEREWOLF,ALIVE,SampleRoleAssignPlayer
3,status,13,VILLAGER,ALIVE,SampleRoleAssignPlayer
3,status,14,VILLAGER,ALIVE,SampleRoleAssignPlayer
3,status,15,VILLAGER,ALIVE,SampleRoleAssignPlayer
3,talk,0,0,11,ESTIMATE Agent[10] WEREWOLF
3,talk,1,0,5,ESTIMATE Agent[10] WEREWOLF
3,talk,2,0,14,ESTIMATE Agent[10] WEREWOLF
3,talk,3,0,12,VOTE Agent[01]
3,talk,4,0,1,DIVINED Agent[12] WEREWOLF
3,talk,5,0,3,DIVINED Agent[11] WEREWOLF
3,talk,6,0,7,ESTIMATE Agent[10] WEREWOLF
3,talk,7,0,4,DIVINED Agent[11] HUMAN
3,talk,8,0,8,ESTIMATE Agent[10] WEREWOLF
3,talk,9,0,13,ESTIMATE Agent[10] WEREWOLF
3,talk,10,0,10,DISAGREE TALK day1 ID:32
3,talk,11,0,9,ESTIMATE Agent[10] WEREWOLF
3,talk,12,0,15,ESTIMATE Agent[10] WEREWOLF
3,talk,13,1,15,REQUEST(Agent[01] DIVINATION Agent[10])
3,talk,14,1,1,VOTE Agent[12]
3,talk,15,1,14,REQUEST(Agent[01] DIVINATION Agent[10])
3,talk,16,1,7,REQUEST(Agent[03] DIVINATION Agent[10])
3,talk,17,1,13,REQUEST(Agent[01] DIVINATION Agent[10])
3,talk,18,1,3,VOTE Agent[11]
3,talk,19,1,11,REQUEST(Agent[03] DIVINATION Agent[10])
3,talk,20,1,8,REQUEST(Agent[01] DIVINATION Agent[10])
3,talk,21,1,5,REQUEST(Agent[01] DIVINATION Agent[10])
3,talk,22,1,10,DISAGREE TALK day1 ID:41
3,talk,23,1,12,REQUEST(VOTE Agent[01])
3,talk,24,1,4,VOTE Agent[01]
3,talk,25,1,9,REQUEST(Agent[01] DIVINATION Agent[10])
3,talk,26,2,3,REQUEST(VOTE Agent[11])
3,talk,27,2,12,Skip
3,talk,28,2,14,VOTE Agent[10]
3,talk,29,2,9,VOTE Agent[10]
3,talk,30,2,1,ESTIMATE Agent[02] WEREWOLF
3,talk,31,2,5,VOTE Agent[10]
3,talk,32,2,13,VOTE Agent[10]
3,talk,33,2,4,REQUEST(VOTE Agent[01])
3,talk,34,2,10,DISAGREE TALK day1 ID:44
3,talk,35,2,15,VOTE Agent[10]
3,talk,36,2,8,VOTE Agent[10]
3,talk,37,2,7,VOTE Agent[10]
3,talk,38,2,11,DISAGREE TALK day2 ID:28
3,talk,39,3,5,Skip
3,talk,40,3,15,Skip
3,talk,41,3,13,Skip
3,talk,42,3,3,Skip
3,talk,43,3,10,AGREE TALK day1 ID:72
3,talk,44,3,12,Skip
3,talk,45,3,1,ESTIMATE Agent[03] WEREWOLF
3,talk,46,3,7,Skip
3,talk,47,3,8,Skip
3,talk,48,3,11,ESTIMATE Agent[04] SEER
3,talk,49,3,4,Skip
3,talk,50,3,14,Skip
3,talk,51,3,9,Skip
3,talk,52,4,8,Skip
3,talk,53,4,14,Skip
3,talk,54,4,1,ESTIMATE Agent[12] WEREWOLF
3,talk,55,4,9,Skip
3,talk,56,4,7,Skip
3,talk,57,4,10,AGREE TALK day2 ID:51
3,talk,58,4,5,Skip
3,talk,59,4,11,DISAGREE TALK day1 ID:32
3,talk,60,4,12,Over
3,talk,61,4,3,Skip
3,talk,62,4,15,Skip
3,talk,63,4,4,Skip
3,talk,64,4,13,Skip
3,talk,65,5,11,DISAGREE TALK day1 ID:41
3,talk,66,5,12,Over
3,talk,67,5,4,Over
3,talk,68,5,14,Over
3,talk,69,5,7,Over
3,talk,70,5,9,Over
3,talk,71,5,15,Over
3,talk,72,5,5,Over
3,talk,73,5,3,Over
3,talk,74,5,13,Over
3,talk,75,5,8,Over
3,talk,76,5,10,ESTIMATE Agent[03] WEREWOLF
3,talk,77,5,1,ESTIMATE Agent[05] VILLAGER
3,talk,78,6,14,Over
3,talk,79,6,15,Over
3,talk,80,6,9,Over
3,talk,81,6,11,DISAGREE TALK day1 ID:44
3,talk,82,6,10,REQUEST(Agent[01] DIVINATION Agent[03])
3,talk,83,6,4,Over
3,talk,84,6,7,Over
3,talk,85,6,13,Over
3,talk,86,6,5,Over
3,talk,87,6,8,Over
3,talk,88,6,12,Over
3,talk,89,6,1,ESTIMATE Agent[07] VILLAGER
3,talk,90,6,3,Over
3,talk,91,7,15,Over
3,talk,92,7,3,Over
3,talk,93,7,9,Over
3,talk,94,7,4,Over
3,talk,95,7,13,Over
3,talk,96,7,11,AGREE TALK day1 ID:72
3,talk,97,7,8,Over
3,talk,98,7,12,Over
3,talk,99,7,5,Over
3,talk,100,7,7,Over
3,talk,101,7,14,Over
3,talk,102,7,1,ESTIMATE Agent[08] VILLAGER
3,talk,103,7,10,VOTE Agent[03]
3,talk,104,8,1,ESTIMATE Agent[09] VILLAGER
3,talk,105,8,13,Over
3,talk,106,8,11,AGREE TALK day2 ID:51
3,talk,107,8,9,Over
3,talk,108,8,15,Over
3,talk,109,8,8,Over
3,talk,110,8,4,Over
3,talk,111,8,10,Skip
3,talk,112,8,3,Over
3,talk,113,8,14,Over
3,talk,114,8,5,Over
3,talk,115,8,7,Over
3,talk,116,8,12,Over
3,talk,117,9,9,Over
3,talk,118,9,3,Over
3,talk,119,9,5,Over
3,talk,120,9,4,Over
3,talk,121,9,15,Over
3,talk,122,9,7,Over
3,talk,123,9,13,Over
3,talk,124,9,10,Skip
3,talk,125,9,12,Over
3,talk,126,9,11,ESTIMATE Agent[03] WEREWOLF
3,talk,127,9,1,ESTIMATE Agent[10] VILLAGER
3,talk,128,9,14,Over
3,talk,129,9,8,Over
3,talk,130,10,3,Over
3,talk,131,10,12,Over
3,talk,132,10,1,Over
3,talk,133,10,7,Over
3,talk,134,10,11,Over
3,talk,135,10,10,Over
3,talk,136,10,14,Over
3,talk,137,10,5,Over
3,talk,138,10,9,Over
3,talk,139,10,8,Over
3,talk,140,10,15,Over
3,talk,141,10,4,Over
3,talk,142,10,13,Over
3,vote,1,12
3,vote,3,11
3,vote,4,1
3,vote,5,10
3,vote,7,10
3,vote,8,10
3,vote,9,10
3,vote,10,3
3,vote,11,3
3,vote,12,1
3,vote,13,10
3,vote,14,10
3,vote,15,10
3,execute,10,VILLAGER
3,divine,1,5,HUMAN
3,whisper,0,0,12,ATTACK Agent[01]
3,whisper,1,0,4,ATTACK Agent[01]
3,whisper,2,1,12,REQUEST(ATTACK Agent[01])
3,whisper,3,1,4,REQUEST(ATTACK Agent[01])
3,whisper,4,2,4,DIVINED Agent[12] HUMAN
3,whisper,5,2,12,Skip
3,whisper,6,3,12,Skip
3,whisper,7,3,4,Skip
3,whisper,8,4,12,Over
3,whisper,9,4,4,Skip
3,whisper,10,5,4,Over
3,whisper,11,5,12,Over
3,guard,9,1,SEER
3,attackVote,4,1
3,attackVote,12,1
3,attack,1,false
4,status,1,SEER,ALIVE,wolf1
4,status,2,WEREWOLF,DEAD,SampleRoleAssignPlayer
4,status,3,POSSESSED,ALIVE,SampleRoleAssignPlayer
4,status,4,WEREWOLF,ALIVE,SampleRoleAssignPlayer
4,status,5,VILLAGER,ALIVE,SampleRoleAssignPlayer
4,status,6,MEDIUM,DEAD,SampleRoleAssignPlayer
4,status,7,VILLAGER,ALIVE,SampleRoleAssignPlayer
4,status,8,VILLAGER,ALIVE,SampleRoleAssignPlayer
4,status,9,BODYGUARD,ALIVE,SampleRoleAssignPlayer
4,status,10,VILLAGER,DEAD,SampleRoleAssignPlayer
4,status,11,VILLAGER,ALIVE,SampleRoleAssignPlayer
4,status,12,WEREWOLF,ALIVE,SampleRoleAssignPlayer
4,status,13,VILLAGER,ALIVE,SampleRoleAssignPlayer
4,status,14,VILLAGER,ALIVE,SampleRoleAssignPlayer
4,status,15,VILLAGER,ALIVE,SampleRoleAssignPlayer
4,talk,0,0,9,AGREE TALK day2 ID:65
4,talk,1,0,4,DIVINED Agent[12] HUMAN
4,talk,2,0,14,AGREE TALK day2 ID:65
4,talk,3,0,7,AGREE TALK day1 ID:76
4,talk,4,0,1,DIVINED Agent[05] HUMAN
4,talk,5,0,13,AGREE TALK day2 ID:65
4,talk,6,0,3,DIVINED Agent[05] HUMAN
4,talk,7,0,5,AGREE TALK day2 ID:65
4,talk,8,0,11,AGREE TALK day2 ID:65
4,talk,9,0,15,AGREE TALK day2 ID:65
4,talk,10,0,12,VOTE Agent[05]
4,talk,11,0,8,AGREE TALK day1 ID:76
4,talk,12,1,13,AGREE TALK day3 ID:54
4,talk,13,1,4,VOTE Agent[01]
4,talk,14,1,8,DISAGREE TALK day2 ID:98
4,talk,15,1,12,REQUEST(VOTE Agent[05])
4,talk,16,1,9,AGREE TALK day3 ID:54
4,talk,17,1,1,VOTE Agent[12]
4,talk,18,1,5,AGREE TALK day3 ID:54
4,talk,19,1,7,DISAGREE TALK day2 ID:98
4,talk,20,1,15,AGREE TALK day3 ID:54
4,talk,21,1,14,AGREE TALK day3 ID:54
4,talk,22,1,3,VOTE Agent[04]
4,talk,23,1,11,AGREE TALK day3 ID:54
4,talk,24,2,14,ESTIMATE Agent[12] WEREWOLF
4,talk,25,2,7,ESTIMATE Agent[11] WEREWOLF
4,talk,26,2,8,ESTIMATE Agent[11] WEREWOLF
4,talk,27,2,15,ESTIMATE Agent[12] WEREWOLF
4,talk,28,2,3,REQUEST(VOTE Agent[04])
4,talk,29,2,1,ESTIMATE Agent[02] WEREWOLF
4,talk,30,2,5,ESTIMATE Agent[12] WEREWOLF
4,talk,31,2,12,Skip
4,talk,32,2,4,REQUEST(VOTE Agent[01])
4,talk,33,2,9,ESTIMATE Agent[12] WEREWOLF
4,talk,34,2,13,ESTIMATE Agent[12] WEREWOLF
4,talk,35,2,11,ESTIMATE Agent[12] WEREWOLF
4,talk,36,3,13,REQUEST(Agent[01] DIVINATION Agent[12])
4,talk,37,3,3,Skip
4,talk,38,3,4,Skip
4,talk,39,3,14,REQUEST(Agent[01] DIVINATION Agent[12])
4,talk,40,3,15,REQUEST(Agent[01] DIVINATION Agent[12])
4,talk,41,3,8,REQUEST(Agent[01] DIVINATION Agent[11])
4,talk,42,3,11,REQUEST(Agent[04] DIVINATION Agent[12])
4,talk,43,3,5,REQUEST(Agent[01] DIVINATION Agent[12])
4,talk,44,3,9,REQUEST(Agent[01] DIVINATION Agent[12])
4,talk,45,3,12,Skip
4,talk,46,3,1,ESTIMATE Agent[03] WEREWOLF
4,talk,47,3,7,REQUEST(Agent[03] DIVINATION Agent[11])
4,talk,48,4,15,VOTE Agent[12]
4,talk,49,4,4,Skip
4,talk,50,4,3,Skip
4,talk,51,4,11,VOTE Agent[12]
4,talk,52,4,5,VOTE Agent[12]
4,talk,53,4,8,VOTE Agent[11]
4,talk,54,4,14,VOTE Agent[12]
4,talk,55,4,7,VOTE Agent[11]
4,talk,56,4,1,ESTIMATE Agent[12] WEREWOLF
4,talk,57,4,13,VOTE Agent[12]
4,talk,58,4,9,VOTE Agent[12]
4,talk,59,4,12,Over
4,talk,60,5,14,Skip
4,talk,61,5,12,Over
4,talk,62,5,15,Skip
4,talk,63,5,8,Skip
4,talk,64,5,1,ESTIMATE Agent[05] VILLAGER
4,talk,65,5,11,Skip
4,talk,66,5,13,Skip
4,talk,67,5,4,Over
4,talk,68,5,3,Over
4,talk,69,5,7,Skip
4,talk,70,5,5,Skip
4,talk,71,5,9,Skip
4,talk,72,6,3,Over
4,talk,73,6,9,Skip
4,talk,74,6,12,Over
4,talk,75,6,14,Skip
4,talk,76,6,1,ESTIMATE Agent[07] VILLAGER
4,talk,77,6,15,Skip
4,talk,78,6,7,Skip
4,talk,79,6,8,Skip
4,talk,80,6,11,Skip
4,talk,81,6,4,Over
4,talk,82,6,5,Skip
4,talk,83,6,13,Skip
4,talk,84,7,13,Over
4,talk,85,7,12,Over
4,talk,86,7,14,Over
4,talk,87,7,5,Over
4,talk,88,7,1,ESTIMATE Agent[08] VILLAGER
4,talk,89,7,9,Over
4,talk,90,7,4,Over
4,talk,91,7,7,Over
4,talk,92,7,3,Over
4,talk,93,7,8,Over
4,talk,94,7,11,Over
4,talk,95,7,15,Over
4,talk,96,8,3,Over
4,talk,97,8,11,Over
4,talk,98,8,9,Over
4,talk,99,8,7,Over
4,talk,100,8,8,Over
4,talk,101,8,1,ESTIMATE Agent[09] VILLAGER
4,talk,102,8,15,Over
4,talk,103,8,13,Over
4,talk,104,8,12,Over
4,talk,105,8,5,Over
4,talk,106,8,14,Over
4,talk,107,8,4,Over
4,talk,108,9,5,Over
4,talk,109,9,8,Over
4,talk,110,9,11,Over
4,talk,111,9,1,ESTIMATE Agent[11] VILLAGER
4,talk,112,9,13,Over
4,talk,113,9,4,Over
4,talk,114,9,9,Over
4,talk,115,9,14,Over
4,talk,116,9,3,Over
4,talk,117,9,7,Over
4,talk,118,9,15,Over
4,talk,119,9,12,Over
4,talk,120,10,8,Over
4,talk,121,10,7,Over
4,talk,122,10,9,Over
4,talk,123,10,5,Over
4,talk,124,10,3,Over
4,talk,125,10,11,Over
4,talk,126,10,14,Over
4,talk,127,10,4,Over
4,talk,128,10,13,Over
4,talk,129,10,1,Over
4,talk,130,10,15,Over
4,talk,131,10,12,Over
4,vote,1,12
4,vote,3,4
4,vote,4,1
4,vote,5,12
4,vote,7,11
4,vote,8,11
4,vote,9,12
4,vote,11,12
4,vote,12,5
4,vote,13,12
4,vote,14,12
4,vote,15,12
4,execute,12,WEREWOLF
4,divine,1,7,HUMAN
4,guard,9,1,SEER
5,status,1,SEER,ALIVE,wolf1
5,status,2,WEREWOLF,DEAD,SampleRoleAssignPlayer
5,status,3,POSSESSED,ALIVE,SampleRoleAssignPlayer
5,status,4,WEREWOLF,ALIVE,SampleRoleAssignPlayer
5,status,5,VILLAGER,ALIVE,SampleRoleAssignPlayer
5,status,6,MEDIUM,DEAD,SampleRoleAssignPlayer
5,status,7,VILLAGER,ALIVE,SampleRoleAssignPlayer
5,status,8,VILLAGER,ALIVE,SampleRoleAssignPlayer
5,status,9,BODYGUARD,ALIVE,SampleRoleAssignPlayer
5,status,10,VILLAGER,DEAD,SampleRoleAssignPlayer
5,status,11,VILLAGER,ALIVE,SampleRoleAssignPlayer
5,status,12,WEREWOLF,DEAD,SampleRoleAssignPlayer
5,status,13,VILLAGER,ALIVE,SampleRoleAssignPlayer
5,status,14,VILLAGER,ALIVE,SampleRoleAssignPlayer
5,status,15,VILLAGER,ALIVE,SampleRoleAssignPlayer
5,talk,0,0,8,AGREE TALK day1 ID:76
5,talk,1,0,5,AGREE TALK day1 ID:76
5,talk,2,0,7,AGREE TALK day1 ID:76
5,talk,3,0,13,AGREE TALK day1 ID:76
5,talk,4,0,3,DIVINED Agent[14] HUMAN
5,talk,5,0,4,VOTE Agent[01]
5,talk,6,0,1,DIVINED Agent[07] HUMAN
5,talk,7,0,9,AGREE TALK day1 ID:76
5,talk,8,0,11,DISAGREE TALK day1 ID:32
5,talk,9,0,14,AGREE TALK day1 ID:76
5,talk,10,0,15,AGREE TALK day1 ID:76
5,talk,11,1,9,DISAGREE TALK day2 ID:98
5,talk,12,1,5,DISAGREE TALK day2 ID:98
5,talk,13,1,1,VOTE Agent[03]
5,talk,14,1,7,DISAGREE TALK day2 ID:98
5,talk,15,1,3,VOTE Agent[01]
5,talk,16,1,11,DISAGREE TALK day1 ID:41
5,talk,17,1,14,DISAGREE TALK day2 ID:98
5,talk,18,1,15,DISAGREE TALK day2 ID:98
5,talk,19,1,4,REQUEST(VOTE Agent[01])
5,talk,20,1,13,DISAGREE TALK day2 ID:98
5,talk,21,1,8,DISAGREE TALK day2 ID:98
5,talk,22,2,5,AGREE TALK day4 ID:25
5,talk,23,2,9,AGREE TALK day4 ID:25
5,talk,24,2,11,DISAGREE TALK day1 ID:44
5,talk,25,2,1,ESTIMATE Agent[02] WEREWOLF
5,talk,26,2,13,AGREE TALK day4 ID:25
5,talk,27,2,3,REQUEST(VOTE Agent[01])
5,talk,28,2,8,AGREE TALK day4 ID:25
5,talk,29,2,7,AGREE TALK day4 ID:25
5,talk,30,2,15,AGREE TALK day4 ID:25
5,talk,31,2,4,Skip
5,talk,32,2,14,AGREE TALK day4 ID:25
5,talk,33,3,8,AGREE TALK day4 ID:26
5,talk,34,3,4,Skip
5,talk,35,3,11,AGREE TALK day1 ID:72
5,talk,36,3,5,AGREE TALK day4 ID:26
5,talk,37,3,7,AGREE TALK day4 ID:26
5,talk,38,3,1,ESTIMATE Agent[03] WEREWOLF
5,talk,39,3,14,AGREE TALK day4 ID:26
5,talk,40,3,3,Skip
5,talk,41,3,15,AGREE TALK day4 ID:26
5,talk,42,3,13,AGREE TALK day4 ID:26
5,talk,43,3,9,AGREE TALK day4 ID:26
5,talk,44,4,15,DISAGREE TALK day4 ID:111
5,talk,45,4,3,Skip
5,talk,46,4,13,DISAGREE TALK day4 ID:111
5,talk,47,4,5,DISAGREE TALK day4 ID:111
5,talk,48,4,11,AGREE TALK day2 ID:51
5,talk,49,4,14,DISAGREE TALK day4 ID:111
5,talk,50,4,4,Over
5,talk,51,4,1,ESTIMATE Agent[12] WEREWOLF
5,talk,52,4,8,DISAGREE TALK day4 ID:111
5,talk,53,4,7,DISAGREE TALK day4 ID:111
5,talk,54,4,9,DISAGREE TALK day4 ID:111
5,talk,55,5,7,ESTIMATE Agent[11] WEREWOLF
5,talk,56,5,3,Over
5,talk,57,5,9,ESTIMATE Agent[11] WEREWOLF
5,talk,58,5,15,ESTIMATE Agent[11] WEREWOLF
5,talk,59,5,8,ESTIMATE Agent[11] WEREWOLF
5,talk,60,5,1,ESTIMATE Agent[05] VILLAGER
5,talk,61,5,11,AGREE TALK day3 ID:45
5,talk,62,5,5,ESTIMATE Agent[11] WEREWOLF
5,talk,63,5,4,Over
5,talk,64,5,14,ESTIMATE Agent[11] WEREWOLF
5,talk,65,5,13,ESTIMATE Agent[11] WEREWOLF
5,talk,66,6,4,Over
5,talk,67,6,1,ESTIMATE Agent[07] VILLAGER
5,talk,68,6,9,REQUEST(Agent[01] DIVINATION Agent[11])
5,talk,69,6,7,REQUEST(Agent[03] DIVINATION Agent[11])
5,talk,70,6,8,REQUEST(Agent[01] DIVINATION Agent[11])
5,talk,71,6,14,REQUEST(Agent[01] DIVINATION Agent[11])
5,talk,72,6,5,REQUEST(Agent[01] DIVINATION Agent[11])
5,talk,73,6,13,REQUEST(Agent[01] DIVINATION Agent[11])
5,talk,74,6,15,REQUEST(Agent[01] DIVINATION Agent[11])
5,talk,75,6,11,AGREE TALK day3 ID:76
5,talk,76,6,3,Over
5,talk,77,7,8,VOTE Agent[11]
5,talk,78,7,14,VOTE Agent[11]
5,talk,79,7,9,VOTE Agent[11]
5,talk,80,7,1,ESTIMATE Agent[08] VILLAGER
5,talk,81,7,11,AGREE TALK day3 ID:126
5,talk,82,7,13,VOTE Agent[11]
5,talk,83,7,7,VOTE Agent[11]
5,talk,84,7,5,VOTE Agent[11]
5,talk,85,7,4,Over
5,talk,86,7,3,Over
5,talk,87,7,15,VOTE Agent[11]
5,talk,88,8,7,Skip
5,talk,89,8,11,AGREE TALK day4 ID:46
5,talk,90,8,15,Skip
5,talk,91,8,13,Skip
5,talk,92,8,3,Over
5,talk,93,8,4,Over
5,talk,94,8,14,Skip
5,talk,95,8,9,Skip
5,talk,96,8,5,Skip
5,talk,97,8,1,ESTIMATE Agent[09] VILLAGER
5,talk,98,8,8,Skip
5,talk,99,9,14,Skip
5,talk,100,9,1,ESTIMATE Agent[11] VILLAGER
5,talk,101,9,7,Skip
5,talk,102,9,9,Skip
5,talk,103,9,8,Skip
5,talk,104,9,4,Over
5,talk,105,9,13,Skip
5,talk,106,9,15,Skip
5,talk,107,9,5,Skip
5,talk,108,9,3,Over
5,talk,109,9,11,ESTIMATE Agent[03] WEREWOLF
5,talk,110,10,8,Over
5,talk,111,10,15,Over
5,talk,112,10,14,Over
5,talk,113,10,1,Over
5,talk,114,10,11,Over
5,talk,115,10,9,Over
5,talk,116,10,13,Over
5,talk,117,10,7,Over
5,talk,118,10,4,Over
5,talk,119,10,3,Over
5,talk,120,10,5,Over
5,vote,1,3
5,vote,3,1
5,vote,4,1
5,vote,5,11
5,vote,7,11
5,vote,8,11
5,vote,9,11
5,vote,11,3
5,vote,13,11
5,vote,14,11
5,vote,15,11
5,execute,11,VILLAGER
5,divine,1,8,HUMAN
5,guard,9,1,SEER
5,attackVote,4,1
5,attack,1,false
6,status,1,SEER,ALIVE,wolf1
6,status,2,WEREWOLF,DEAD,SampleRoleAssignPlayer
6,status,3,POSSESSED,ALIVE,SampleRoleAssignPlayer
6,status,4,WEREWOLF,ALIVE,SampleRoleAssignPlayer
6,status,5,VILLAGER,ALIVE,SampleRoleAssignPlayer
6,status,6,MEDIUM,DEAD,SampleRoleAssignPlayer
6,status,7,VILLAGER,ALIVE,SampleRoleAssignPlayer
6,status,8,VILLAGER,ALIVE,SampleRoleAssignPlayer
6,status,9,BODYGUARD,ALIVE,SampleRoleAssignPlayer
6,status,10,VILLAGER,DEAD,SampleRoleAssignPlayer
6,status,11,VILLAGER,DEAD,SampleRoleAssignPlayer
6,status,12,WEREWOLF,DEAD,SampleRoleAssignPlayer
6,status,13,VILLAGER,ALIVE,SampleRoleAssignPlayer
6,status,14,VILLAGER,ALIVE,SampleRoleAssignPlayer
6,status,15,VILLAGER,ALIVE,SampleRoleAssignPlayer
6,talk,0,0,5,VOTE Agent[01]
6,talk,1,0,1,DIVINED Agent[08] HUMAN
6,talk,2,0,9,VOTE Agent[01]
6,talk,3,0,13,VOTE Agent[08]
6,talk,4,0,7,VOTE Agent[05]
6,talk,5,0,15,VOTE Agent[14]
6,talk,6,0,8,VOTE Agent[01]
6,talk,7,0,4,DIVINED Agent[05] WEREWOLF
6,talk,8,0,3,DIVINED Agent[15] HUMAN
6,talk,9,0,14,VOTE Agent[09]
6,talk,10,1,4,VOTE Agent[05]
6,talk,11,1,15,DISAGREE TALK day3 ID:77
6,talk,12,1,1,VOTE Agent[03]
6,talk,13,1,13,DISAGREE TALK day3 ID:77
6,talk,14,1,9,DISAGREE TALK day3 ID:77
6,talk,15,1,3,VOTE Agent[10]
6,talk,16,1,8,DISAGREE TALK day3 ID:77
6,talk,17,1,7,Skip
6,talk,18,1,14,DISAGREE TALK day3 ID:77
6,talk,19,1,5,AGREE TALK day2 ID:28
6,talk,20,2,3,REQUEST(VOTE Agent[10])
6,talk,21,2,14,DISAGREE TALK day4 ID:64
6,talk,22,2,15,DISAGREE TALK day4 ID:64
6,talk,23,2,1,ESTIMATE Agent[02] WEREWOLF
6,talk,24,2,8,DISAGREE TALK day4 ID:64
6,talk,25,2,7,Skip
6,talk,26,2,13,DISAGREE TALK day4 ID:64
6,talk,27,2,9,DISAGREE TALK day4 ID:64
6,talk,28,2,4,REQUEST(VOTE Agent[05])
6,talk,29,2,5,DISAGREE TALK day3 ID:48
6,talk,30,3,8,DISAGREE TALK day5 ID:60
6,talk,31,3,1,ESTIMATE Agent[03] WEREWOLF
6,talk,32,3,15,DISAGREE TALK day5 ID:60
6,talk,33,3,14,DISAGREE TALK day5 ID:60
6,talk,34,3,7,Over
6,talk,35,3,13,DISAGREE TALK day5 ID:60
6,talk,36,3,4,Skip
6,talk,37,3,5,ESTIMATE Agent[04] WEREWOLF
6,talk,38,3,3,Skip
6,talk,39,3,9,DISAGREE TALK day5 ID:60
6,talk,40,4,1,ESTIMATE Agent[12] WEREWOLF
6,talk,41,4,14,ESTIMATE Agent[05] WEREWOLF
6,talk,42,4,3,Skip
6,talk,43,4,5,REQUEST(Agent[01] DIVINATION Agent[04])
6,talk,44,4,7,Over
6,talk,45,4,9,ESTIMATE Agent[05] WEREWOLF
6,talk,46,4,4,Skip
6,talk,47,4,8,ESTIMATE Agent[05] WEREWOLF
6,talk,48,4,15,ESTIMATE Agent[05] WEREWOLF
6,talk,49,4,13,ESTIMATE Agent[05] WEREWOLF
6,talk,50,5,14,REQUEST(Agent[01] DIVINATION Agent[05])
6,talk,51,5,7,Over
6,talk,52,5,15,REQUEST(Agent[01] DIVINATION Agent[05])
6,talk,53,5,4,Over
6,talk,54,5,9,REQUEST(Agent[01] DIVINATION Agent[05])
6,talk,55,5,8,REQUEST(Agent[01] DIVINATION Agent[05])
6,talk,56,5,1,VOTE Agent[04]
6,talk,57,5,13,REQUEST(Agent[01] DIVINATION Agent[05])
6,talk,58,5,3,Over
6,talk,59,5,5,VOTE Agent[04]
6,talk,60,6,3,Over
6,talk,61,6,14,VOTE Agent[05]
6,talk,62,6,13,VOTE Agent[05]
6,talk,63,6,1,ESTIMATE Agent[05] VILLAGER
6,talk,64,6,9,VOTE Agent[05]
6,talk,65,6,7,Over
6,talk,66,6,5,Skip
6,talk,67,6,15,VOTE Agent[05]
6,talk,68,6,8,VOTE Agent[05]
6,talk,69,6,4,Over
6,talk,70,7,13,Skip
6,talk,71,7,7,Over
6,talk,72,7,1,ESTIMATE Agent[07] VILLAGER
6,talk,73,7,4,Over
6,talk,74,7,14,Skip
6,talk,75,7,9,Skip
6,talk,76,7,5,Skip
6,talk,77,7,15,Skip
6,talk,78,7,3,Over
6,talk,79,7,8,Skip
6,talk,80,8,13,Skip
6,talk,81,8,4,Over
6,talk,82,8,9,Skip
6,talk,83,8,3,Over
6,talk,84,8,15,Skip
6,talk,85,8,8,Skip
6,talk,86,8,7,Over
6,talk,87,8,5,Over
6,talk,88,8,14,Skip
6,talk,89,8,1,ESTIMATE Agent[08] VILLAGER
6,talk,90,9,9,Over
6,talk,91,9,8,Over
6,talk,92,9,14,Over
6,talk,93,9,7,Over
6,talk,94,9,3,Over
6,talk,95,9,15,Over
6,talk,96,9,4,Over
6,talk,97,9,13,Over
6,talk,98,9,1,ESTIMATE Agent[09] VILLAGER
6,talk,99,9,5,Over
6,talk,100,10,14,Over
6,talk,101,10,8,Over
6,talk,102,10,1,Over
6,talk,103,10,4,Over
6,talk,104,10,7,Over
6,talk,105,10,9,Over
6,talk,106,10,3,Over
6,talk,107,10,5,Over
6,talk,108,10,15,Over
6,talk,109,10,13,Over
6,vote,1,4
6,vote,3,1
6,vote,4,5
6,vote,5,4
6,vote,7,5
6,vote,8,5
6,vote,9,5
6,vote,13,5
6,vote,14,5
6,vote,15,5
6,execute,5,VILLAGER
6,divine,1,9,HUMAN
6,guard,9,1,SEER
6,attackVote,4,1
6,attack,1,false
7,status,1,SEER,ALIVE,wolf1
7,status,2,WEREWOLF,DEAD,SampleRoleAssignPlayer
7,status,3,POSSESSED,ALIVE,SampleRoleAssignPlayer
7,status,4,WEREWOLF,ALIVE,SampleRoleAssignPlayer
7,status,5,VILLAGER,DEAD,SampleRoleAssignPlayer
7,status,6,MEDIUM,DEAD,SampleRoleAssignPlayer
7,status,7,VILLAGER,ALIVE,SampleRoleAssignPlayer
7,status,8,VILLAGER,ALIVE,SampleRoleAssignPlayer
7,status,9,BODYGUARD,ALIVE,SampleRoleAssignPlayer
7,status,10,VILLAGER,DEAD,SampleRoleAssignPlayer
7,status,11,VILLAGER,DEAD,SampleRoleAssignPlayer
7,status,12,WEREWOLF,DEAD,SampleRoleAssignPlayer
7,status,13,VILLAGER,ALIVE,SampleRoleAssignPlayer
7,status,14,VILLAGER,ALIVE,SampleRoleAssignPlayer
7,status,15,VILLAGER,ALIVE,SampleRoleAssignPlayer
7,talk,0,0,9,VOTE Agent[07]
7,talk,1,0,4,DIVINED Agent[07] WEREWOLF
7,talk,2,0,15,VOTE Agent[03]
7,talk,3,0,3,DIVINED Agent[07] WEREWOLF
7,talk,4,0,14,VOTE Agent[01]
7,talk,5,0,7,VOTE Agent[01]
7,talk,6,0,1,DIVINED Agent[09] HUMAN
7,talk,7,0,13,VOTE Agent[15]
7,talk,8,0,8,VOTE Agent[07]
7,talk,9,1,3,VOTE Agent[01]
7,talk,10,1,15,DISAGREE TALK day3 ID:89
7,talk,11,1,1,VOTE Agent[03]
7,talk,12,1,14,DISAGREE TALK day3 ID:89
7,talk,13,1,4,VOTE Agent[07]
7,talk,14,1,7,AGREE TALK day1 ID:30
7,talk,15,1,9,Skip
7,talk,16,1,13,DISAGREE TALK day3 ID:89
7,talk,17,1,8,Skip
7,talk,18,2,13,DISAGREE TALK day4 ID:76
7,talk,19,2,1,ESTIMATE Agent[02] WEREWOLF
7,talk,20,2,3,REQUEST(VOTE Agent[01])
7,talk,21,2,9,Skip
7,talk,22,2,14,DISAGREE TALK day4 ID:76
7,talk,23,2,15,DISAGREE TALK day4 ID:76
7,talk,24,2,8,Skip
7,talk,25,2,4,REQUEST(VOTE Agent[07])
7,talk,26,2,7,AGREE TALK day1 ID:31
7,talk,27,3,3,Skip
7,talk,28,3,14,DISAGREE TALK day5 ID:67
7,talk,29,3,1,ESTIMATE Agent[03] WEREWOLF
7,talk,30,3,9,Over
7,talk,31,3,4,Skip
7,talk,32,3,13,DISAGREE TALK day5 ID:67
7,talk,33,3,8,Over
7,talk,34,3,7,AGREE TALK day1 ID:34
7,talk,35,3,15,DISAGREE TALK day5 ID:67
7,talk,36,4,14,DISAGREE TALK day6 ID:72
7,talk,37,4,4,Skip
7,talk,38,4,3,Skip
7,talk,39,4,15,DISAGREE TALK day6 ID:72
7,talk,40,4,13,DISAGREE TALK day6 ID:72
7,talk,41,4,1,ESTIMATE Agent[12] WEREWOLF
7,talk,42,4,8,Over
7,talk,43,4,9,Over
7,talk,44,4,7,AGREE TALK day1 ID:35
7,talk,45,5,13,ESTIMATE Agent[07] WEREWOLF
7,talk,46,5,7,AGREE TALK day1 ID:38
7,talk,47,5,4,Over
7,talk,48,5,1,ESTIMATE Agent[07] VILLAGER
7,talk,49,5,3,Over
7,talk,50,5,8,Over
7,talk,51,5,15,ESTIMATE Agent[07] WEREWOLF
7,talk,52,5,9,Over
7,talk,53,5,14,ESTIMATE Agent[07] WEREWOLF
7,talk,54,6,4,Over
7,talk,55,6,13,REQUEST(Agent[01] DIVINATION Agent[07])
7,talk,56,6,9,Over
7,talk,57,6,1,ESTIMATE Agent[08] VILLAGER
7,talk,58,6,14,REQUEST(Agent[01] DIVINATION Agent[07])
7,talk,59,6,15,REQUEST(Agent[01] DIVINATION Agent[07])
7,talk,60,6,3,Over
7,talk,61,6,8,Over
7,talk,62,6,7,AGREE TALK day1 ID:40
7,talk,63,7,1,ESTIMATE Agent[09] VILLAGER
7,talk,64,7,4,Over
7,talk,65,7,9,Over
7,talk,66,7,15,VOTE Agent[07]
7,talk,67,7,7,AGREE TALK day1 ID:43
7,talk,68,7,14,VOTE Agent[07]
7,talk,69,7,3,Over
7,talk,70,7,13,VOTE Agent[07]
7,talk,71,7,8,Over
7,talk,72,8,9,Over
7,talk,73,8,13,Skip
7,talk,74,8,14,Skip
7,talk,75,8,4,Over
7,talk,76,8,15,Skip
7,talk,77,8,1,ESTIMATE Agent[13] VILLAGER
7,talk,78,8,7,ESTIMATE Agent[01] SEER
7,talk,79,8,8,Over
7,talk,80,8,3,Over
7,talk,81,9,13,Skip
7,talk,82,9,8,Over
7,talk,83,9,9,Over
7,talk,84,9,7,DISAGREE TALK day1 ID:32
7,talk,85,9,15,Skip
7,talk,86,9,1,ESTIMATE Agent[14] VILLAGER
7,talk,87,9,4,Over
7,talk,88,9,14,Skip
7,talk,89,9,3,Over
7,talk,90,10,8,Over
7,talk,91,10,15,Over
7,talk,92,10,1,Over
7,talk,93,10,7,Over
7,talk,94,10,13,Over
7,talk,95,10,9,Over
7,talk,96,10,3,Over
7,talk,97,10,14,Over
7,talk,98,10,4,Over
7,vote,1,3
7,vote,3,1
7,vote,4,7
7,vote,7,3
7,vote,8,7
7,vote,9,7
7,vote,13,7
7,vote,14,7
7,vote,15,7
7,execute,7,VILLAGER
7,divine,1,13,HUMAN
7,guard,9,1,SEER
7,attackVote,4,1
7,attack,1,false
8,status,1,SEER,ALIVE,wolf1
8,status,2,WEREWOLF,DEAD,SampleRoleAssignPlayer
8,status,3,POSSESSED,ALIVE,SampleRoleAssignPlayer
8,status,4,WEREWOLF,ALIVE,SampleRoleAssignPlayer
8,status,5,VILLAGER,DEAD,SampleRoleAssignPlayer
8,status,6,MEDIUM,DEAD,SampleRoleAssignPlayer
8,status,7,VILLAGER,DEAD,SampleRoleAssignPlayer
8,status,8,VILLAGER,ALIVE,SampleRoleAssignPlayer
8,status,9,BODYGUARD,ALIVE,SampleRoleAssignPlayer
8,status,10,VILLAGER,DEAD,SampleRoleAssignPlayer
8,status,11,VILLAGER,DEAD,SampleRoleAssignPlayer
8,status,12,WEREWOLF,DEAD,SampleRoleAssignPlayer
8,status,13,VILLAGER,ALIVE,SampleRoleAssignPlayer
8,status,14,VILLAGER,ALIVE,SampleRoleAssignPlayer
8,status,15,VILLAGER,ALIVE,SampleRoleAssignPlayer
8,talk,0,0,1,DIVINED Agent[13] HUMAN
8,talk,1,0,3,DIVINED Agent[08] HUMAN
8,talk,2,0,8,VOTE Agent[03]
8,talk,3,0,14,VOTE Agent[15]
8,talk,4,0,9,VOTE Agent[08]
8,talk,5,0,4,DIVINED Agent[13] HUMAN
8,talk,6,0,13,VOTE Agent[01]
8,talk,7,0,15,VOTE Agent[03]
8,talk,8,1,3,VOTE Agent[01]
8,talk,9,1,8,Skip
8,talk,10,1,14,Skip
8,talk,11,1,4,VOTE Agent[01]
8,talk,12,1,15,Skip
8,talk,13,1,13,Skip
8,talk,14,1,9,Skip
8,talk,15,1,1,VOTE Agent[03]
8,talk,16,2,1,ESTIMATE Agent[02] WEREWOLF
8,talk,17,2,14,Skip
8,talk,18,2,3,REQUEST(VOTE Agent[01])
8,talk,19,2,8,Skip
8,talk,20,2,13,Skip
8,talk,21,2,15,Skip
8,talk,22,2,4,REQUEST(VOTE Agent[01])
8,talk,23,2,9,Skip
8,talk,24,3,14,Over
8,talk,25,3,9,Over
8,talk,26,3,4,Skip
8,talk,27,3,3,Skip
8,talk,28,3,15,Over
8,talk,29,3,8,Over
8,talk,30,3,13,Over
8,talk,31,3,1,ESTIMATE Agent[04] WEREWOLF
8,talk,32,4,3,Skip
8,talk,33,4,13,Over
8,talk,34,4,1,ESTIMATE Agent[12] WEREWOLF
8,talk,35,4,15,Over
8,talk,36,4,14,Over
8,talk,37,4,4,Skip
8,talk,38,4,9,Over
8,talk,39,4,8,Over
8,talk,40,5,13,Over
8,talk,41,5,3,Over
8,talk,42,5,9,Over
8,talk,43,5,15,Over
8,talk,44,5,4,Over
8,talk,45,5,14,Over
8,talk,46,5,8,Over
8,talk,47,5,1,ESTIMATE Agent[08] VILLAGER
8,talk,48,6,13,Over
8,talk,49,6,1,ESTIMATE Agent[09] VILLAGER
8,talk,50,6,4,Over
8,talk,51,6,14,Over
8,talk,52,6,3,Over
8,talk,53,6,15,Over
8,talk,54,6,8,Over
8,talk,55,6,9,Over
8,talk,56,7,13,Over
8,talk,57,7,14,Over
8,talk,58,7,9,Over
8,talk,59,7,1,ESTIMATE Agent[13] VILLAGER
8,talk,60,7,4,Over
8,talk,61,7,15,Over
8,talk,62,7,8,Over
8,talk,63,7,3,Over
8,talk,64,8,14,Over
8,talk,65,8,8,Over
8,talk,66,8,9,Over
8,talk,67,8,15,Over
8,talk,68,8,13,Over
8,talk,69,8,1,ESTIMATE Agent[14] VILLAGER
8,talk,70,8,4,Over
8,talk,71,8,3,Over
8,talk,72,9,4,Over
8,talk,73,9,1,ESTIMATE Agent[15] VILLAGER
8,talk,74,9,9,Over
8,talk,75,9,8,Over
8,talk,76,9,3,Over
8,talk,77,9,13,Over
8,talk,78,9,15,Over
8,talk,79,9,14,Over
8,talk,80,10,9,Over
8,talk,81,10,8,Over
8,talk,82,10,14,Over
8,talk,83,10,15,Over
8,talk,84,10,3,Over
8,talk,85,10,13,Over
8,talk,86,10,4,Over
8,talk,87,10,1,Over
8,vote,1,3
8,vote,3,1
8,vote,4,1
8,vote,8,3
8,vote,9,8
8,vote,13,1
8,vote,14,15
8,vote,15,3
8,vote,1,3
8,vote,3,1
8,vote,4,1
8,vote,8,3
8,vote,9,3
8,vote,13,1
8,vote,14,3
8,vote,15,3
8,execute,3,POSSESSED
8,divine,1,14,HUMAN
8,guard,9,1,SEER
8,attackVote,4,1
8,attack,1,false
9,status,1,SEER,ALIVE,wolf1
9,status,2,WEREWOLF,DEAD,SampleRoleAssignPlayer
9,status,3,POSSESSED,DEAD,SampleRoleAssignPlayer
9,status,4,WEREWOLF,ALIVE,SampleRoleAssignPlayer
9,status,5,VILLAGER,DEAD,SampleRoleAssignPlayer
9,status,6,MEDIUM,DEAD,SampleRoleAssignPlayer
9,status,7,VILLAGER,DEAD,SampleRoleAssignPlayer
9,status,8,VILLAGER,ALIVE,SampleRoleAssignPlayer
9,status,9,BODYGUARD,ALIVE,SampleRoleAssignPlayer
9,status,10,VILLAGER,DEAD,SampleRoleAssignPlayer
9,status,11,VILLAGER,DEAD,SampleRoleAssignPlayer
9,status,12,WEREWOLF,DEAD,SampleRoleAssignPlayer
9,status,13,VILLAGER,ALIVE,SampleRoleAssignPlayer
9,status,14,VILLAGER,ALIVE,SampleRoleAssignPlayer
9,status,15,VILLAGER,ALIVE,SampleRoleAssignPlayer
9,talk,0,0,4,DIVINED Agent[15] HUMAN
9,talk,1,0,8,VOTE Agent[15]
9,talk,2,0,1,DIVINED Agent[14] HUMAN
9,talk,3,0,13,VOTE Agent[04]
9,talk,4,0,15,VOTE Agent[08]
9,talk,5,0,14,VOTE Agent[09]
9,talk,6,0,9,VOTE Agent[08]
9,talk,7,1,8,Skip
9,talk,8,1,9,Skip
9,talk,9,1,14,Skip
9,talk,10,1,13,Skip
9,talk,11,1,15,Skip
9,talk,12,1,4,VOTE Agent[01]
9,talk,13,1,1,VOTE Agent[04]
9,talk,14,2,14,Skip
9,talk,15,2,1,ESTIMATE Agent[02] WEREWOLF
9,talk,16,2,4,REQUEST(VOTE Agent[01])
9,talk,17,2,15,Skip
9,talk,18,2,8,Skip
9,talk,19,2,13,Skip
9,talk,20,2,9,Skip
9,talk,21,3,8,Over
9,talk,22,3,4,Skip
9,talk,23,3,15,Over
9,talk,24,3,9,Over
9,talk,25,3,1,ESTIMATE Agent[04] WEREWOLF
9,talk,26,3,13,Over
9,talk,27,3,14,Over
9,talk,28,4,9,Over
9,talk,29,4,14,Over
9,talk,30,4,15,Over
9,talk,31,4,8,Over
9,talk,32,4,4,Skip
9,talk,33,4,1,ESTIMATE Agent[12] WEREWOLF
9,talk,34,4,13,Over
9,talk,35,5,1,ESTIMATE Agent[08] VILLAGER
9,talk,36,5,8,Over
9,talk,37,5,15,Over
9,talk,38,5,9,Over
9,talk,39,5,4,Over
9,talk,40,5,13,Over
9,talk,41,5,14,Over
9,talk,42,6,4,Over
9,talk,43,6,8,Over
9,talk,44,6,13,Over
9,talk,45,6,15,Over
9,talk,46,6,9,Over
9,talk,47,6,1,ESTIMATE Agent[09] VILLAGER
9,talk,48,6,14,Over
9,talk,49,7,1,ESTIMATE Agent[13] VILLAGER
9,talk,50,7,15,Over
9,talk,51,7,13,Over
9,talk,52,7,14,Over
9,talk,53,7,8,Over
9,talk,54,7,4,Over
9,talk,55,7,9,Over
9,talk,56,8,13,Over
9,talk,57,8,14,Over
9,talk,58,8,8,Over
9,talk,59,8,9,Over
9,talk,60,8,15,Over
9,talk,61,8,4,Over
9,talk,62,8,1,ESTIMATE Agent[14] VILLAGER
9,talk,63,9,1,ESTIMATE Agent[15] VILLAGER
9,talk,64,9,14,Over
9,talk,65,9,15,Over
9,talk,66,9,9,Over
9,talk,67,9,13,Over
9,talk,68,9,4,Over
9,talk,69,9,8,Over
9,talk,70,10,15,Over
9,talk,71,10,8,Over
9,talk,72,10,4,Over
9,talk,73,10,13,Over
9,talk,74,10,9,Over
9,talk,75,10,14,Over
9,talk,76,10,1,Over
9,vote,1,4
9,vote,4,1
9,vote,8,15
9,vote,9,8
9,vote,13,4
9,vote,14,9
9,vote,15,8
9,vote,1,4
9,vote,4,8
9,vote,8,1
9,vote,9,8
9,vote,13,4
9,vote,14,8
9,vote,15,8
9,execute,8,VILLAGER
9,divine,1,15,HUMAN
9,guard,9,1,SEER
9,attackVote,4,1
9,attack,1,false
10,status,1,SEER,ALIVE,wolf1
10,status,2,WEREWOLF,DEAD,SampleRoleAssignPlayer
10,status,3,POSSESSED,DEAD,SampleRoleAssignPlayer
10,status,4,WEREWOLF,ALIVE,SampleRoleAssignPlayer
10,status,5,VILLAGER,DEAD,SampleRoleAssignPlayer
10,status,6,MEDIUM,DEAD,SampleRoleAssignPlayer
10,status,7,VILLAGER,DEAD,SampleRoleAssignPlayer
10,status,8,VILLAGER,DEAD,SampleRoleAssignPlayer
10,status,9,BODYGUARD,ALIVE,SampleRoleAssignPlayer
10,status,10,VILLAGER,DEAD,SampleRoleAssignPlayer
10,status,11,VILLAGER,DEAD,SampleRoleAssignPlayer
10,status,12,WEREWOLF,DEAD,SampleRoleAssignPlayer
10,status,13,VILLAGER,ALIVE,SampleRoleAssignPlayer
10,status,14,VILLAGER,ALIVE,SampleRoleAssignPlayer
10,status,15,VILLAGER,ALIVE,SampleRoleAssignPlayer
10,talk,0,0,1,DIVINED Agent[15] HUMAN
10,talk,1,0,9,VOTE Agent[15]
10,talk,2,0,13,VOTE Agent[14]
10,talk,3,0,14,VOTE Agent[15]
10,talk,4,0,15,VOTE Agent[09]
10,talk,5,0,4,DIVINED Agent[14] HUMAN
10,talk,6,1,13,Skip
10,talk,7,1,4,VOTE Agent[01]
10,talk,8,1,9,Skip
10,talk,9,1,14,Skip
10,talk,10,1,1,VOTE Agent[04]
10,talk,11,1,15,Skip
10,talk,12,2,1,ESTIMATE Agent[02] WEREWOLF
10,talk,13,2,14,Skip
10,talk,14,2,9,Skip
10,talk,15,2,13,Skip
10,talk,16,2,4,REQUEST(VOTE Agent[01])
10,talk,17,2,15,Skip
10,talk,18,3,1,ESTIMATE Agent[04] WEREWOLF
10,talk,19,3,9,Over
10,talk,20,3,4,Skip
10,talk,21,3,14,Over
10,talk,22,3,13,Over
10,talk,23,3,15,Over
10,talk,24,4,14,Over
10,talk,25,4,9,Over
10,talk,26,4,13,Over
10,talk,27,4,15,Over
10,talk,28,4,1,ESTIMATE Agent[12] WEREWOLF
10,talk,29,4,4,Skip
10,talk,30,5,1,ESTIMATE Agent[09] VILLAGER
10,talk,31,5,9,Over
10,talk,32,5,4,Over
10,talk,33,5,13,Over
10,talk,34,5,15,Over
10,talk,35,5,14,Over
10,talk,36,6,14,Over
10,talk,37,6,15,Over
10,talk,38,6,4,Over
10,talk,39,6,9,Over
10,talk,40,6,13,Over
10,talk,41,6,1,ESTIMATE Agent[13] VILLAGER
10,talk,42,7,4,Over
10,talk,43,7,9,Over
10,talk,44,7,1,ESTIMATE Agent[14] VILLAGER
10,talk,45,7,14,Over
10,talk,46,7,13,Over
10,talk,47,7,15,Over
10,talk,48,8,15,Over
10,talk,49,8,9,Over
10,talk,50,8,14,Over
10,talk,51,8,1,ESTIMATE Agent[15] VILLAGER
10,talk,52,8,13,Over
10,talk,53,8,4,Over
10,talk,54,9,13,Over
10,talk,55,9,9,Over
10,talk,56,9,14,Over
10,talk,57,9,4,Over
10,talk,58,9,15,Over
10,talk,59,9,1,Over
10,vote,1,4
10,vote,4,1
10,vote,9,15
10,vote,13,14
10,vote,14,15
10,vote,15,9
10,execute,15,VILLAGER
10,divine,1,4,WEREWOLF
10,guard,9,1,SEER
10,attackVote,4,1
10,attack,1,false
11,status,1,SEER,ALIVE,wolf1
11,status,2,WEREWOLF,DEAD,SampleRoleAssignPlayer
11,status,3,POSSESSED,DEAD,SampleRoleAssignPlayer
11,status,4,WEREWOLF,ALIVE,SampleRoleAssignPlayer
11,status,5,VILLAGER,DEAD,SampleRoleAssignPlayer
11,status,6,MEDIUM,DEAD,SampleRoleAssignPlayer
11,status,7,VILLAGER,DEAD,SampleRoleAssignPlayer
11,status,8,VILLAGER,DEAD,SampleRoleAssignPlayer
11,status,9,BODYGUARD,ALIVE,SampleRoleAssignPlayer
11,status,10,VILLAGER,DEAD,SampleRoleAssignPlayer
11,status,11,VILLAGER,DEAD,SampleRoleAssignPlayer
11,status,12,WEREWOLF,DEAD,SampleRoleAssignPlayer
11,status,13,VILLAGER,ALIVE,SampleRoleAssignPlayer
11,status,14,VILLAGER,ALIVE,SampleRoleAssignPlayer
11,status,15,VILLAGER,DEAD,SampleRoleAssignPlayer
11,talk,0,0,4,DIVINED Agent[13] HUMAN
11,talk,1,0,9,VOTE Agent[01]
11,talk,2,0,1,DIVINED Agent[04] WEREWOLF
11,talk,3,0,13,VOTE Agent[09]
11,talk,4,0,14,VOTE Agent[09]
11,talk,5,1,1,VOTE Agent[04]
11,talk,6,1,14,AGREE TALK day2 ID:28
11,talk,7,1,13,AGREE TALK day2 ID:28
11,talk,8,1,9,AGREE TALK day2 ID:28
11,talk,9,1,4,VOTE Agent[01]
11,talk,10,2,4,REQUEST(VOTE Agent[01])
11,talk,11,2,9,DISAGREE TALK day3 ID:48
11,talk,12,2,14,DISAGREE TALK day3 ID:48
11,talk,13,2,1,ESTIMATE Agent[02] WEREWOLF
11,talk,14,2,13,DISAGREE TALK day3 ID:48
11,talk,15,3,9,AGREE TALK day6 ID:37
11,talk,16,3,4,Skip
11,talk,17,3,1,ESTIMATE Agent[04] WEREWOLF
11,talk,18,3,14,AGREE TALK day6 ID:37
11,talk,19,3,13,AGREE TALK day6 ID:37
11,talk,20,4,4,Skip
11,talk,21,4,1,ESTIMATE Agent[12] WEREWOLF
11,talk,22,4,13,AGREE TALK day8 ID:31
11,talk,23,4,9,AGREE TALK day8 ID:31
11,talk,24,4,14,AGREE TALK day8 ID:31
11,talk,25,5,9,AGREE TALK day9 ID:25
11,talk,26,5,4,Over
11,talk,27,5,14,AGREE TALK day9 ID:25
11,talk,28,5,1,ESTIMATE Agent[09] VILLAGER
11,talk,29,5,13,AGREE TALK day9 ID:25
11,talk,30,6,13,AGREE TALK day10 ID:18
11,talk,31,6,4,Over
11,talk,32,6,9,AGREE TALK day10 ID:18
11,talk,33,6,14,AGREE TALK day10 ID:18
11,talk,34,6,1,ESTIMATE Agent[13] VILLAGER
11,talk,35,7,14,ESTIMATE Agent[04] WEREWOLF
11,talk,36,7,1,ESTIMATE Agent[14] VILLAGER
11,talk,37,7,9,ESTIMATE Agent[04] WEREWOLF
11,talk,38,7,4,Over
11,talk,39,7,13,ESTIMATE Agent[04] WEREWOLF
11,talk,40,8,13,REQUEST(Agent[01] DIVINATION Agent[04])
11,talk,41,8,9,REQUEST(Agent[01] DIVINATION Agent[04])
11,talk,42,8,14,REQUEST(Agent[01] DIVINATION Agent[04])
11,talk,43,8,4,Over
11,talk,44,8,1,Over
11,talk,45,9,14,VOTE Agent[04]
11,talk,46,9,13,VOTE Agent[04]
11,talk,47,9,9,VOTE Agent[04]
11,talk,48,9,4,Over
11,talk,49,9,1,Over
11,talk,50,10,4,Over
11,talk,51,10,1,Over
11,talk,52,10,13,Over
11,talk,53,10,14,Over
11,talk,54,10,9,Over
11,vote,1,4
11,vote,4,1
11,vote,9,4
11,vote,13,4
11,vote,14,4
11,execute,4,WEREWOLF
11,divine,1,9,HUMAN
11,guard,9,1,SEER
11,attack,9,true
12,status,1,SEER,ALIVE,wolf1
12,status,2,WEREWOLF,DEAD,SampleRoleAssignPlayer
12,status,3,POSSESSED,DEAD,SampleRoleAssignPlayer
12,status,4,WEREWOLF,DEAD,SampleRoleAssignPlayer
12,status,5,VILLAGER,DEAD,SampleRoleAssignPlayer
12,status,6,MEDIUM,DEAD,SampleRoleAssignPlayer
12,status,7,VILLAGER,DEAD,SampleRoleAssignPlayer
12,status,8,VILLAGER,DEAD,SampleRoleAssignPlayer
12,status,9,BODYGUARD,DEAD,SampleRoleAssignPlayer
12,status,10,VILLAGER,DEAD,SampleRoleAssignPlayer
12,status,11,VILLAGER,DEAD,SampleRoleAssignPlayer
12,status,12,WEREWOLF,DEAD,SampleRoleAssignPlayer
12,status,13,VILLAGER,ALIVE,SampleRoleAssignPlayer
12,status,14,VILLAGER,ALIVE,SampleRoleAssignPlayer
12,status,15,VILLAGER,DEAD,SampleRoleAssignPlayer
12,result,3,0,VILLAGER
