0,status,1,VILLAGER,ALIVE,wolf1
0,status,2,VILLAGER,ALIVE,SampleRoleAssignPlayer
0,status,3,SEER,ALIVE,SampleRoleAssignPlayer
0,status,4,WEREWOLF,ALIVE,SampleRoleAssignPlayer
0,status,5,WEREWOLF,ALIVE,SampleRoleAssignPlayer
0,status,6,MEDIUM,ALIVE,SampleRoleAssignPlayer
0,status,7,POSSESSED,ALIVE,SampleRoleAssignPlayer
0,status,8,BODYGUARD,ALIVE,SampleRoleAssignPlayer
0,status,9,WEREWOLF,ALIVE,SampleRoleAssignPlayer
0,status,10,VILLAGER,ALIVE,SampleRoleAssignPlayer
0,status,11,VILLAGER,ALIVE,SampleRoleAssignPlayer
0,status,12,VILLAGER,ALIVE,SampleRoleAssignPlayer
0,status,13,VILLAGER,ALIVE,SampleRoleAssignPlayer
0,status,14,VILLAGER,ALIVE,SampleRoleAssignPlayer
0,status,15,VILLAGER,ALIVE,SampleRoleAssignPlayer
0,whisper,0,0,9,COMINGOUT Agent[09] MEDIUM
0,whisper,1,0,5,COMINGOUT Agent[05] MEDIUM
0,whisper,2,0,4,COMINGOUT Agent[04] SEER
0,whisper,3,1,9,COMINGOUT Agent[09] VILLAGER
0,whisper,4,1,4,Skip
0,whisper,5,1,5,Skip
0,whisper,6,2,4,DIVINED Agent[14] WEREWOLF
0,whisper,7,2,5,Skip
0,whisper,8,2,9,Skip
0,whisper,9,3,4,Skip
0,whisper,10,3,9,Skip
0,whisper,11,3,5,Over
0,whisper,12,4,4,Skip
0,whisper,13,4,9,Over
0,whisper,14,4,5,Over
0,whisper,15,5,5,Over
0,whisper,16,5,4,Over
0,whisper,17,5,9,Over
0,divine,3,14,HUMAN
1,status,1,VILLAGER,ALIVE,wolf1
1,status,2,VILLAGER,ALIVE,SampleRoleAssignPlayer
1,status,3,SEER,ALIVE,SampleRoleAssignPlayer
1,status,4,WEREWOLF,ALIVE,SampleRoleAssignPlayer
1,status,5,WEREWOLF,ALIVE,SampleRoleAssignPlayer
1,status,6,MEDIUM,ALIVE,SampleRoleAssignPlayer
1,status,7,POSSESSED,ALIVE,SampleRoleAssignPlayer
1,status,8,BODYGUARD,ALIVE,SampleRoleAssignPlayer
1,status,9,WEREWOLF,ALIVE,SampleRoleAssignPlayer
1,status,10,VILLAGER,ALIVE,SampleRoleAssignPlayer
1,status,11,VILLAGER,ALIVE,SampleRoleAssignPlayer
1,status,12,VILLAGER,ALIVE,SampleRoleAssignPlayer
1,status,13,VILLAGER,ALIVE,SampleRoleAssignPlayer
1,status,14,VILLAGER,ALIVE,SampleRoleAssignPlayer
1,status,15,VILLAGER,ALIVE,SampleRoleAssignPlayer
1,talk,0,0,4,VOTE Agent[14]
1,talk,1,0,6,VOTE Agent[07]
1,talk,2,0,9,VOTE Agent[12]
1,talk,3,0,12,VOTE Agent[09]
1,talk,4,0,2,VOTE Agent[08]
1,talk,5,0,10,VOTE Agent[14]
1,talk,6,0,15,VOTE Agent[12]
1,talk,7,0,8,VOTE Agent[07]
1,talk,8,0,11,VOTE Agent[04]
1,talk,9,0,13,VOTE Agent[02]
1,talk,10,0,14,VOTE Agent[01]
1,talk,11,0,7,COMINGOUT Agent[07] SEER
1,talk,12,0,3,COMINGOUT Agent[03] SEER
1,talk,13,0,5,VOTE Agent[07]
1,talk,14,0,1,VOTE Agent[05]
1,talk,15,1,1,ESTIMATE Agent[03] WEREWOLF
1,talk,16,1,9,REQUEST(VOTE Agent[12])
1,talk,17,1,6,Skip
1,talk,18,1,8,Skip
1,talk,19,1,10,Skip
1,talk,20,1,14,Skip
1,talk,21,1,4,REQUEST(VOTE Agent[14])
1,talk,22,1,13,Skip
1,talk,23,1,7,DIVINED Agent[03] HUMAN
1,talk,24,1,2,Skip
1,talk,25,1,3,DIVINED Agent[14] HUMAN
1,talk,26,1,5,REQUEST(VOTE Agent[07])
1,talk,27,1,15,Skip
1,talk,28,1,11,Skip
1,talk,29,1,12,Skip
1,talk,30,2,3,ESTIMATE Agent[07] WEREWOLF
1,talk,31,2,12,DISAGREE TALK day1 ID:15
1,talk,32,2,11,ESTIMATE Agent[07] SEER
1,talk,33,2,7,REQUEST(VOTE Agent[01])
1,talk,34,2,4,COMINGOUT Agent[04] SEER
1,talk,35,2,2,ESTIMATE Agent[07] SEER
1,talk,36,2,14,ESTIMATE Agent[07] SEER
1,talk,37,2,1,ESTIMATE Agent[04] WEREWOLF
1,talk,38,2,9,Skip
1,talk,39,2,8,ESTIMATE Agent[07] SEER
1,talk,40,2,10,ESTIMATE Agent[07] SEER
1,talk,41,2,5,Skip
1,talk,42,2,15,DISAGREE TALK day1 ID:15
1,talk,43,2,13,ESTIMATE Agent[07] SEER
1,talk,44,2,6,DISAGREE TALK day1 ID:15
1,talk,45,3,2,Skip
1,talk,46,3,10,Skip
1,talk,47,3,4,DIVINED Agent[14] WEREWOLF
1,talk,48,3,12,ESTIMATE Agent[03] SEER
1,talk,49,3,14,Skip
1,talk,50,3,3,VOTE Agent[07]
1,talk,51,3,7,VOTE Agent[03]
1,talk,52,3,13,Skip
1,talk,53,3,1,ESTIMATE Agent[05] WEREWOLF
1,talk,54,3,5,Skip
1,talk,55,3,11,Skip
1,talk,56,3,9,Skip
1,talk,57,3,15,ESTIMATE Agent[03] SEER
1,talk,58,3,8,Skip
1,talk,59,3,6,ESTIMATE Agent[03] SEER
1,talk,60,4,15,ESTIMATE Agent[14] WEREWOLF
1,talk,61,4,8,ESTIMATE Agent[14] WEREWOLF
1,talk,62,4,13,ESTIMATE Agent[14] WEREWOLF
1,talk,63,4,9,Over
1,talk,64,4,14,AGREE TALK day1 ID:37
1,talk,65,4,12,ESTIMATE Agent[14] WEREWOLF
1,talk,66,4,2,ESTIMATE Agent[14] WEREWOLF
1,talk,67,4,7,REQUEST(VOTE Agent[03])
1,talk,68,4,6,ESTIMATE Agent[14] WEREWOLF
1,talk,69,4,3,Skip
1,talk,70,4,10,Skip
1,talk,71,4,5,Over
1,talk,72,4,4,Skip
1,talk,73,4,1,VOTE Agent[14]
1,talk,74,4,11,ESTIMATE Agent[14] WEREWOLF
1,talk,75,5,8,REQUEST(Agent[07] DIVINATION Agent[14])
1,talk,76,5,2,REQUEST(Agent[07] DIVINATION Agent[14])
1,talk,77,5,15,REQUEST(Agent[03] DIVINATION Agent[14])
1,talk,78,5,12,REQUEST(Agent[03] DIVINATION Agent[14])
1,talk,79,5,4,Skip
1,talk,80,5,1,ESTIMATE Agent[07] WEREWOLF
1,talk,81,5,5,Over
1,talk,82,5,10,Over
1,talk,83,5,6,REQUEST(Agent[03] DIVINATION Agent[14])
1,talk,84,5,7,Skip
1,talk,85,5,3,Skip
1,talk,86,5,13,REQUEST(Agent[07] DIVINATION Agent[14])
1,talk,87,5,14,ESTIMATE Agent[04] WEREWOLF
1,talk,88,5,9,Over
1,talk,89,5,11,REQUEST(Agent[07] DIVINATION Agent[14])
1,talk,90,6,6,VOTE Agent[14]
1,talk,91,6,4,Over
1,talk,92,6,3,Over
1,talk,93,6,8,VOTE Agent[14]
1,talk,94,6,12,VOTE Agent[14]
1,talk,95,6,13,VOTE Agent[14]
1,talk,96,6,10,Over
1,talk,97,6,1,ESTIMATE Agent[12] WEREWOLF
1,talk,98,6,15,VOTE Agent[14]
1,talk,99,6,11,VOTE Agent[14]
1,talk,100,6,14,REQUEST(Agent[07] DIVINATION Agent[04])
1,talk,101,6,9,Over
1,talk,102,6,7,Skip
1,talk,103,6,2,VOTE Agent[14]
1,talk,104,6,5,Over
1,talk,105,7,15,Skip
1,talk,106,7,10,Over
1,talk,107,7,4,Over
1,talk,108,7,3,Over
1,talk,109,7,5,Over
1,talk,110,7,2,Skip
1,talk,111,7,8,Skip
1,talk,112,7,1,Over
1,talk,113,7,12,Skip
1,talk,114,7,6,Skip
1,talk,115,7,11,Skip
1,talk,116,7,14,VOTE Agent[04]
1,talk,117,7,7,Over
1,talk,118,7,13,Skip
1,talk,119,7,9,Over
1,talk,120,8,10,Over
1,talk,121,8,14,Skip
1,talk,122,8,4,Over
1,talk,123,8,9,Over
1,talk,124,8,13,Skip
1,talk,125,8,5,Over
1,talk,126,8,15,Skip
1,talk,127,8,1,Over
1,talk,128,8,8,Skip
1,talk,129,8,11,Skip
1,talk,130,8,12,Skip
1,talk,131,8,6,Skip
1,talk,132,8,7,Over
1,talk,133,8,2,Skip
1,talk,134,8,3,Over
1,talk,135,9,5,Over
1,talk,136,9,8,Over
1,talk,137,9,4,Over
1,talk,138,9,12,Over
1,talk,139,9,2,Over
1,talk,140,9,13,Over
1,talk,141,9,11,Over
1,talk,142,9,6,Over
1,talk,143,9,9,Over
1,talk,144,9,7,Over
1,talk,145,9,14,Skip
1,talk,146,9,15,Over
1,talk,147,9,10,Over
1,talk,148,9,1,Over
1,talk,149,9,3,Over
1,talk,150,10,11,Over
1,talk,151,10,7,Over
1,talk,152,10,4,Over
1,talk,153,10,3,Over
1,talk,154,10,5,Over
1,talk,155,10,1,Over
1,talk,156,10,15,Over
1,talk,157,10,8,Over
1,talk,158,10,13,Over
1,talk,159,10,10,Over
1,talk,160,10,9,Over
1,talk,161,10,2,Over
1,talk,162,10,6,Over
1,talk,163,10,12,Over
1,talk,164,10,14,Over
1,vote,1,14
1,vote,2,14
1,vote,3,7
1,vote,4,14
1,vote,5,7
1,vote,6,14
1,vote,7,3
1,vote,8,14
1,vote,9,12
1,vote,10,14
1,vote,11,14
1,vote,12,14
1,vote,13,14
1,vote,14,4
1,vote,15,14
1,execute,14,VILLAGER
1,divine,3,4,WEREWOLF
1,whisper,0,0,4,ATTACK Agent[03]
1,whisper,1,0,9,ATTACK Agent[03]
1,whisper,2,0,5,ATTACK Agent[07]
1,whisper,3,1,9,REQUEST(ATTACK Agent[03])
1,whisper,4,1,4,REQUEST(ATTACK Agent[03])
1,whisper,5,1,5,REQUEST(ATTACK Agent[07])
1,whisper,6,2,9,Skip
1,whisper,7,2,4,DIVINED Agent[06] WEREWOLF
1,whisper,8,2,5,IDENTIFIED Agent[14] HUMAN
1,whisper,9,3,5,Skip
1,whisper,10,3,4,Skip
1,whisper,11,3,9,Skip
1,whisper,12,4,4,Skip
1,whisper,13,4,5,Skip
1,whisper,14,4,9,Over
1,whisper,15,5,5,Over
1,whisper,16,5,4,Over
1,whisper,17,5,9,Over
1,guard,8,7,POSSESSED
1,attackVote,4,3
1,attackVote,5,7
1,attackVote,9,3
1,attack,3,true
2,status,1,VILLAGER,ALIVE,wolf1
2,status,2,VILLAGER,ALIVE,SampleRoleAssignPlayer
2,status,3,SEER,DEAD,SampleRoleAssignPlayer
2,status,4,WEREWOLF,ALIVE,SampleRoleAssignPlayer
2,status,5,WEREWOLF,ALIVE,SampleRoleAssignPlayer
2,status,6,MEDIUM,ALIVE,SampleRoleAssignPlayer
2,status,7,POSSESSED,ALIVE,SampleRoleAssignPlayer
2,status,8,BODYGUARD,ALIVE,SampleRoleAssignPlayer
2,status,9,WEREWOLF,ALIVE,SampleRoleAssignPlayer
2,status,10,VILLAGER,ALIVE,SampleRoleAssignPlayer
2,status,11,VILLAGER,ALIVE,SampleRoleAssignPlayer
2,status,12,VILLAGER,ALIVE,SampleRoleAssignPlayer
2,status,13,VILLAGER,ALIVE,SampleRoleAssignPlayer
2,status,14,VILLAGER,DEAD,SampleRoleAssignPlayer
2,status,15,VILLAGER,ALIVE,SampleRoleAssignPlayer
2,talk,0,0,4,DIVINED Agent[06] WEREWOLF
2,talk,1,0,8,VOTE Agent[02]
2,talk,2,0,1,VOTE Agent[05]
2,talk,3,0,9,VOTE Agent[07]
2,talk,4,0,13,VOTE Agent[07]
2,talk,5,0,6,DISAGREE TALK day1 ID:30
2,talk,6,0,12,DISAGREE TALK day1 ID:37
2,talk,7,0,7,DIVINED Agent[02] HUMAN
2,talk,8,0,2,VOTE Agent[01]
2,talk,9,0,15,DISAGREE TALK day1 ID:37
2,talk,10,0,11,VOTE Agent[08]
2,talk,11,0,5,VOTE Agent[01]
2,talk,12,0,10,VOTE Agent[09]
2,talk,13,1,13,ESTIMATE Agent[06] WEREWOLF
2,talk,14,1,4,VOTE Agent[06]
2,talk,15,1,15,DISAGREE TALK day1 ID:87
2,talk,16,1,7,VOTE Agent[04]
2,talk,17,1,1,ESTIMATE Agent[04] WEREWOLF
2,talk,18,1,6,AGREE TALK day1 ID:32
2,talk,19,1,5,REQUEST(VOTE Agent[01])
2,talk,20,1,10,ESTIMATE Agent[06] WEREWOLF
2,talk,21,1,12,DISAGREE TALK day1 ID:87
2,talk,22,1,2,ESTIMATE Agent[06] WEREWOLF
2,talk,23,1,9,REQUEST(VOTE Agent[07])
2,talk,24,1,8,ESTIMATE Agent[06] WEREWOLF
2,talk,25,1,11,ESTIMATE Agent[06] WEREWOLF
2,talk,26,2,2,REQUEST(Agent[07] DIVINATION Agent[06])
2,talk,27,2,10,REQUEST(Agent[07] DIVINATION Agent[06])
2,talk,28,2,6,AGREE TALK day1 ID:35
2,talk,29,2,7,REQUEST(VOTE Agent[04])
2,talk,30,2,11,REQUEST(Agent[07] DIVINATION Agent[06])
2,talk,31,2,13,REQUEST(Agent[07] DIVINATION Agent[06])
2,talk,32,2,1,ESTIMATE Agent[12] WEREWOLF
2,talk,33,2,5,Skip
2,talk,34,2,9,Skip
2,talk,35,2,4,REQUEST(VOTE Agent[06])
2,talk,36,2,12,ESTIMATE Agent[04] SEER
2,talk,37,2,8,REQUEST(Agent[07] DIVINATION Agent[06])
2,talk,38,2,15,ESTIMATE Agent[04] SEER
2,talk,39,3,7,Skip
2,talk,40,3,8,VOTE Agent[06]
2,talk,41,3,2,VOTE Agent[06]
2,talk,42,3,1,ESTIMATE Agent[13] WEREWOLF
2,talk,43,3,5,Skip
2,talk,44,3,15,ESTIMATE Agent[06] WEREWOLF
2,talk,45,3,9,Skip
2,talk,46,3,13,VOTE Agent[06]
2,talk,47,3,4,Skip
2,talk,48,3,6,AGREE TALK day1 ID:36
2,talk,49,3,12,ESTIMATE Agent[06] WEREWOLF
2,talk,50,3,11,VOTE Agent[06]
2,talk,51,3,10,VOTE Agent[06]
2,talk,52,4,10,Skip
2,talk,53,4,7,Skip
2,talk,54,4,4,Skip
2,talk,55,4,5,Over
2,talk,56,4,1,VOTE Agent[06]
2,talk,57,4,9,Over
2,talk,58,4,11,Skip
2,talk,59,4,12,REQUEST(Agent[04] DIVINATION Agent[06])
2,talk,60,4,8,Skip
2,talk,61,4,13,Skip
2,talk,62,4,15,REQUEST(Agent[04] DIVINATION Agent[06])
2,talk,63,4,6,AGREE TALK day1 ID:39
2,talk,64,4,2,Skip
2,talk,65,5,6,AGREE TALK day1 ID:40
2,talk,66,5,13,Skip
2,talk,67,5,11,Skip
2,talk,68,5,7,Over
2,talk,69,5,12,VOTE Agent[06]
2,talk,70,5,10,Skip
2,talk,71,5,5,Over
2,talk,72,5,2,Skip
2,talk,73,5,8,Skip
2,talk,74,5,9,Over
2,talk,75,5,4,Over
2,talk,76,5,15,VOTE Agent[06]
2,talk,77,5,1,Over
2,talk,78,6,15,Skip
2,talk,79,6,12,Skip
2,talk,80,6,2,Over
2,talk,81,6,7,Over
2,talk,82,6,9,Over
2,talk,83,6,6,AGREE TALK day1 ID:43
2,talk,84,6,11,Over
2,talk,85,6,4,Over
2,talk,86,6,13,Over
2,talk,87,6,5,Over
2,talk,88,6,10,Over
2,talk,89,6,8,Over
2,talk,90,6,1,Over
2,talk,91,7,1,Over
2,talk,92,7,15,Skip
2,talk,93,7,12,Skip
2,talk,94,7,6,DISAGREE TALK day1 ID:80
2,talk,95,7,13,Over
2,talk,96,7,2,Over
2,talk,97,7,11,Over
2,talk,98,7,10,Over
2,talk,99,7,7,Over
2,talk,100,7,4,Over
2,talk,101,7,9,Over
2,talk,102,7,5,Over
2,talk,103,7,8,Over
2,talk,104,8,9,Over
2,talk,105,8,8,Over
2,talk,106,8,2,Over
2,talk,107,8,12,Over
2,talk,108,8,15,Over
2,talk,109,8,13,Over
2,talk,110,8,4,Over
2,talk,111,8,10,Over
2,talk,112,8,1,Over
2,talk,113,8,11,Over
2,talk,114,8,6,ESTIMATE Agent[07] SEER
2,talk,115,8,5,Over
2,talk,116,8,7,Over
2,talk,117,9,1,Over
2,talk,118,9,8,Over
2,talk,119,9,11,Over
2,talk,120,9,5,Over
2,talk,121,9,4,Over
2,talk,122,9,2,Over
2,talk,123,9,6,AGREE TALK day1 ID:37
2,talk,124,9,9,Over
2,talk,125,9,7,Over
2,talk,126,9,10,Over
2,talk,127,9,13,Over
2,talk,128,9,12,Over
2,talk,129,9,15,Over
2,talk,130,10,8,Over
2,talk,131,10,12,Over
2,talk,132,10,5,Over
2,talk,133,10,6,Over
2,talk,134,10,15,Over
2,talk,135,10,13,Over
2,talk,136,10,11,Over
2,talk,137,10,1,Over
2,talk,138,10,4,Over
2,talk,139,10,2,Over
2,talk,140,10,7,Over
2,talk,141,10,9,Over
2,talk,142,10,10,Over
2,vote,1,6
2,vote,2,6
2,vote,4,6
2,vote,5,1
2,vote,6,4
2,vote,7,4
2,vote,8,6
2,vote,9,7
2,vote,10,6
2,vote,11,6
2,vote,12,6
2,vote,13,6
2,vote,15,6
2,execute,6,MEDIUM
2,whisper,0,0,9,ATTACK Agent[07]
2,whisper,1,0,4,ATTACK Agent[07]
2,whisper,2,0,5,ATTACK Agent[07]
2,whisper,3,1,4,REQUEST(ATTACK Agent[07])
2,whisper,4,1,5,REQUEST(ATTACK Agent[07])
2,whisper,5,1,9,REQUEST(ATTACK Agent[07])
2,whisper,6,2,5,IDENTIFIED Agent[06] HUMAN
2,whisper,7,2,4,DIVINED Agent[08] HUMAN
2,whisper,8,2,9,Skip
2,whisper,9,3,5,Skip
2,whisper,10,3,4,Skip
2,whisper,11,3,9,Skip
2,whisper,12,4,5,Skip
2,whisper,13,4,4,Skip
2,whisper,14,4,9,Over
2,whisper,15,5,4,Over
2,whisper,16,5,9,Over
2,whisper,17,5,5,Over
2,guard,8,7,POSSESSED
2,attackVote,4,7
2,attackVote,5,7
2,attackVote,9,7
2,attack,7,false
3,status,1,VILLAGER,ALIVE,wolf1
3,status,2,VILLAGER,ALIVE,SampleRoleAssignPlayer
3,status,3,SEER,DEAD,SampleRoleAssignPlayer
3,status,4,WEREWOLF,ALIVE,SampleRoleAssignPlayer
3,status,5,WEREWOLF,ALIVE,SampleRoleAssignPlayer
3,status,6,MEDIUM,DEAD,SampleRoleAssignPlayer
3,status,7,POSSESSED,ALIVE,SampleRoleAssignPlayer
3,status,8,BODYGUARD,ALIVE,SampleRoleAssignPlayer
3,status,9,WEREWOLF,ALIVE,SampleRoleAssignPlayer
3,status,10,VILLAGER,ALIVE,SampleRoleAssignPlayer
3,status,11,VILLAGER,ALIVE,SampleRoleAssignPlayer
3,status,12,VILLAGER,ALIVE,SampleRoleAssignPlayer
3,status,13,VILLAGER,ALIVE,SampleRoleAssignPlayer
3,status,14,VILLAGER,DEAD,SampleRoleAssignPlayer
3,status,15,VILLAGER,ALIVE,SampleRoleAssignPlayer
3,talk,0,0,2,VOTE Agent[09]
3,talk,1,0,11,VOTE Agent[10]
3,talk,2,0,9,VOTE Agent[12]
3,talk,3,0,1,VOTE Agent[04]
3,talk,4,0,8,VOTE Agent[01]
3,talk,5,0,12,VOTE Agent[09]
3,talk,6,0,15,VOTE Agent[09]
3,talk,7,0,4,DIVINED Agent[08] HUMAN
3,talk,8,0,5,VOTE Agent[07]
3,talk,9,0,7,DIVINED Agent[09] WEREWOLF
3,talk,10,0,13,VOTE Agent[08]
3,talk,11,0,10,VOTE Agent[07]
3,talk,12,1,11,ESTIMATE Agent[09] WEREWOLF
3,talk,13,1,12,Skip
3,talk,14,1,10,ESTIMATE Agent[09] WEREWOLF
3,talk,15,1,8,ESTIMATE Agent[09] WEREWOLF
3,talk,16,1,5,REQUEST(VOTE Agent[07])
3,talk,17,1,15,Skip
3,talk,18,1,4,VOTE Agent[07]
3,talk,19,1,9,REQUEST(VOTE Agent[12])
3,talk,20,1,7,VOTE Agent[04]
3,talk,21,1,1,ESTIMATE Agent[04] WEREWOLF
3,talk,22,1,2,Skip
3,talk,23,1,13,ESTIMATE Agent[09] WEREWOLF
3,talk,24,2,7,REQUEST(VOTE Agent[04])
3,talk,25,2,4,REQUEST(VOTE Agent[07])
3,talk,26,2,9,Skip
3,talk,27,2,1,ESTIMATE Agent[09] WEREWOLF
3,talk,28,2,11,REQUEST(Agent[07] DIVINATION Agent[09])
3,talk,29,2,12,Skip
3,talk,30,2,5,COMINGOUT Agent[05] MEDIUM
3,talk,31,2,8,REQUEST(Agent[07] DIVINATION Agent[09])
3,talk,32,2,2,Skip
3,talk,33,2,10,REQUEST(Agent[07] DIVINATION Agent[09])
3,talk,34,2,15,Skip
3,talk,35,2,13,REQUEST(Agent[07] DIVINATION Agent[09])
3,talk,36,3,5,IDENTIFIED Agent[14] HUMAN
3,talk,37,3,1,ESTIMATE Agent[13] WEREWOLF
3,talk,38,3,8,VOTE Agent[09]
3,talk,39,3,2,Over
3,talk,40,3,4,Skip
3,talk,41,3,15,Over
3,talk,42,3,10,VOTE Agent[09]
3,talk,43,3,12,Over
3,talk,44,3,7,Skip
3,talk,45,3,11,VOTE Agent[09]
3,talk,46,3,9,Skip
3,talk,47,3,13,VOTE Agent[09]
3,talk,48,4,7,Skip
3,talk,49,4,5,IDENTIFIED Agent[06] HUMAN
3,talk,50,4,9,Over
3,talk,51,4,4,Skip
3,talk,52,4,10,Skip
3,talk,53,4,1,ESTIMATE Agent[12] WEREWOLF
3,talk,54,4,2,Over
3,talk,55,4,12,Over
3,talk,56,4,15,Over
3,talk,57,4,13,Skip
3,talk,58,4,8,Skip
3,talk,59,4,11,Skip
3,talk,60,5,13,Skip
3,talk,61,5,7,Over
3,talk,62,5,8,Skip
3,talk,63,5,10,Skip
3,talk,64,5,1,Over
3,talk,65,5,2,Over
3,talk,66,5,11,Skip
3,talk,67,5,9,Over
3,talk,68,5,15,Over
3,talk,69,5,4,Over
3,talk,70,5,12,Over
3,talk,71,5,5,Skip
3,talk,72,6,8,Over
3,talk,73,6,5,Skip
3,talk,74,6,4,Over
3,talk,75,6,10,Over
3,talk,76,6,7,Over
3,talk,77,6,11,Over
3,talk,78,6,1,Over
3,talk,79,6,2,Over
3,talk,80,6,9,Over
3,talk,81,6,12,Over
3,talk,82,6,13,Over
3,talk,83,6,15,Over
3,talk,84,7,13,Over
3,talk,85,7,4,Over
3,talk,86,7,12,Over
3,talk,87,7,7,Over
3,talk,88,7,15,Over
3,talk,89,7,11,Over
3,talk,90,7,8,Over
3,talk,91,7,2,Over
3,talk,92,7,5,Over
3,talk,93,7,9,Over
3,talk,94,7,1,Over
3,talk,95,7,10,Over
3,vote,1,4
3,vote,2,9
3,vote,4,7
3,vote,5,7
3,vote,7,4
3,vote,8,9
3,vote,9,12
3,vote,10,9
3,vote,11,9
3,vote,12,9
3,vote,13,9
3,vote,15,9
3,execute,9,WEREWOLF
3,whisper,0,0,5,ATTACK Agent[07]
3,whisper,1,0,4,ATTACK Agent[07]
3,whisper,2,1,4,REQUEST(ATTACK Agent[07])
3,whisper,3,1,5,REQUEST(ATTACK Agent[07])
3,whisper,4,2,5,IDENTIFIED Agent[09] HUMAN
3,whisper,5,2,4,DIVINED Agent[13] WEREWOLF
3,whisper,6,3,4,Skip
3,whisper,7,3,5,Skip
3,whisper,8,4,5,Skip
3,whisper,9,4,4,Skip
3,whisper,10,5,5,Over
3,whisper,11,5,4,Over
3,guard,8,7,POSSESSED
3,attackVote,4,7
3,attackVote,5,7
3,attack,7,false
4,status,1,VILLAGER,ALIVE,wolf1
4,status,2,VILLAGER,ALIVE,SampleRoleAssignPlayer
4,status,3,SEER,DEAD,SampleRoleAssignPlayer
4,status,4,WEREWOLF,ALIVE,SampleRoleAssignPlayer
4,status,5,WEREWOLF,ALIVE,SampleRoleAssignPlayer
4,status,6,MEDIUM,DEAD,SampleRoleAssignPlayer
4,status,7,POSSESSED,ALIVE,SampleRoleAssignPlayer
4,status,8,BODYGUARD,ALIVE,SampleRoleAssignPlayer
4,status,9,WEREWOLF,DEAD,SampleRoleAssignPlayer
4,status,10,VILLAGER,ALIVE,SampleRoleAssignPlayer
4,status,11,VILLAGER,ALIVE,SampleRoleAssignPlayer
4,status,12,VILLAGER,ALIVE,SampleRoleAssignPlayer
4,status,13,VILLAGER,ALIVE,SampleRoleAssignPlayer
4,status,14,VILLAGER,DEAD,SampleRoleAssignPlayer
4,status,15,VILLAGER,ALIVE,SampleRoleAssignPlayer
4,talk,0,0,1,VOTE Agent[04]
4,talk,1,0,15,VOTE Agent[07]
4,talk,2,0,8,VOTE Agent[04]
4,talk,3,0,4,DIVINED Agent[13] WEREWOLF
4,talk,4,0,12,VOTE Agent[04]
4,talk,5,0,11,VOTE Agent[05]
4,talk,6,0,2,VOTE Agent[15]
4,talk,7,0,10,VOTE Agent[15]
4,talk,8,0,13,VOTE Agent[12]
4,talk,9,0,7,DIVINED Agent[05] HUMAN
4,talk,10,0,5,IDENTIFIED Agent[09] HUMAN
4,talk,11,1,1,ESTIMATE Agent[02] WEREWOLF
4,talk,12,1,4,VOTE Agent[13]
4,talk,13,1,8,AGREE TALK day2 ID:42
4,talk,14,1,2,AGREE TALK day2 ID:42
4,talk,15,1,5,VOTE Agent[11]
4,talk,16,1,15,AGREE TALK day2 ID:42
4,talk,17,1,7,VOTE Agent[09]
4,talk,18,1,10,AGREE TALK day2 ID:42
4,talk,19,1,11,AGREE TALK day2 ID:42
4,talk,20,1,12,AGREE TALK day2 ID:42
4,talk,21,1,13,AGREE TALK day1 ID:37
4,talk,22,2,1,ESTIMATE Agent[04] WEREWOLF
4,talk,23,2,4,REQUEST(VOTE Agent[13])
4,talk,24,2,8,AGREE TALK day3 ID:37
4,talk,25,2,7,REQUEST(VOTE Agent[09])
4,talk,26,2,2,AGREE TALK day3 ID:37
4,talk,27,2,11,AGREE TALK day3 ID:37
4,talk,28,2,12,AGREE TALK day3 ID:37
4,talk,29,2,10,AGREE TALK day3 ID:37
4,talk,30,2,15,AGREE TALK day3 ID:37
4,talk,31,2,5,REQUEST(VOTE Agent[11])
4,talk,32,2,13,AGREE TALK day1 ID:87
4,talk,33,3,7,Skip
4,talk,34,3,2,ESTIMATE Agent[13] WEREWOLF
4,talk,35,3,13,AGREE TALK day2 ID:17
4,talk,36,3,4,Skip
4,talk,37,3,5,Skip
4,talk,38,3,15,ESTIMATE Agent[13] WEREWOLF
4,talk,39,3,11,ESTIMATE Agent[13] WEREWOLF
4,talk,40,3,12,ESTIMATE Agent[13] WEREWOLF
4,talk,41,3,8,ESTIMATE Agent[13] WEREWOLF
4,talk,42,3,10,ESTIMATE Agent[13] WEREWOLF
4,talk,43,3,1,ESTIMATE Agent[08] WEREWOLF
4,talk,44,4,8,REQUEST(Agent[07] DIVINATION Agent[13])
4,talk,45,4,5,Skip
4,talk,46,4,4,Skip
4,talk,47,4,15,REQUEST(Agent[04] DIVINATION Agent[13])
4,talk,48,4,7,Skip
4,talk,49,4,2,REQUEST(Agent[07] DIVINATION Agent[13])
4,talk,50,4,12,REQUEST(Agent[04] DIVINATION Agent[13])
4,talk,51,4,11,REQUEST(Agent[07] DIVINATION Agent[13])
4,talk,52,4,13,DISAGREE TALK day2 ID:36
4,talk,53,4,10,REQUEST(Agent[07] DIVINATION Agent[13])
4,talk,54,4,1,ESTIMATE Agent[12] WEREWOLF
4,talk,55,5,15,VOTE Agent[13]
4,talk,56,5,1,Over
4,talk,57,5,11,VOTE Agent[13]
4,talk,58,5,2,VOTE Agent[13]
4,talk,59,5,13,DISAGREE TALK day2 ID:38
4,talk,60,5,12,VOTE Agent[13]
4,talk,61,5,4,Over
4,talk,62,5,8,VOTE Agent[13]
4,talk,63,5,10,VOTE Agent[13]
4,talk,64,5,7,Over
4,talk,65,5,5,Over
4,talk,66,6,2,Skip
4,talk,67,6,13,AGREE TALK day3 ID:21
4,talk,68,6,11,Skip
4,talk,69,6,1,Over
4,talk,70,6,4,Over
4,talk,71,6,15,Skip
4,talk,72,6,12,Skip
4,talk,73,6,8,Skip
4,talk,74,6,10,Skip
4,talk,75,6,5,Over
4,talk,76,6,7,Over
4,talk,77,7,13,ESTIMATE Agent[04] WEREWOLF
4,talk,78,7,5,Over
4,talk,79,7,4,Over
4,talk,80,7,10,Skip
4,talk,81,7,2,Skip
4,talk,82,7,11,Skip
4,talk,83,7,15,Skip
4,talk,84,7,1,Over
4,talk,85,7,8,Skip
4,talk,86,7,12,Skip
4,talk,87,7,7,Over
4,talk,88,8,7,Over
4,talk,89,8,8,Over
4,talk,90,8,5,Over
4,talk,91,8,15,Over
4,talk,92,8,12,Over
4,talk,93,8,1,Over
4,talk,94,8,4,Over
4,talk,95,8,10,Over
4,talk,96,8,13,REQUEST(Agent[07] DIVINATION Agent[04])
4,talk,97,8,2,Over
4,talk,98,8,11,Over
4,talk,99,9,7,Over
4,talk,100,9,5,Over
4,talk,101,9,2,Over
4,talk,102,9,11,Over
4,talk,103,9,15,Over
4,talk,104,9,12,Over
4,talk,105,9,1,Over
4,talk,106,9,8,Over
4,talk,107,9,4,Over
4,talk,108,9,10,Over
4,talk,109,9,13,VOTE Agent[04]
4,talk,110,10,2,Over
4,talk,111,10,4,Over
4,talk,112,10,11,Over
4,talk,113,10,7,Over
4,talk,114,10,8,Over
4,talk,115,10,12,Over
4,talk,116,10,1,Over
4,talk,117,10,10,Over
4,talk,118,10,5,Over
4,talk,119,10,13,Over
4,talk,120,10,15,Over
4,vote,1,4
4,vote,2,13
4,vote,4,13
4,vote,5,11
4,vote,7,2
4,vote,8,13
4,vote,10,13
4,vote,11,13
4,vote,12,13
4,vote,13,4
4,vote,15,13
4,execute,13,VILLAGER
4,whisper,0,0,4,ESTIMATE Agent[07] POSSESSED
4,whisper,1,0,5,ESTIMATE Agent[07] POSSESSED
4,whisper,2,1,5,ATTACK Agent[12]
4,whisper,3,1,4,ATTACK Agent[10]
4,whisper,4,2,5,REQUEST(ATTACK Agent[12])
4,whisper,5,2,4,REQUEST(ATTACK Agent[10])
4,whisper,6,3,4,DIVINED Agent[12] HUMAN
4,whisper,7,3,5,IDENTIFIED Agent[13] WEREWOLF
4,whisper,8,4,4,Skip
4,whisper,9,4,5,Skip
4,whisper,10,5,5,Skip
4,whisper,11,5,4,Skip
4,whisper,12,6,4,Over
4,whisper,13,6,5,Over
4,guard,8,7,POSSESSED
4,attackVote,4,10
4,attackVote,5,12
4,attackVote,4,10
4,attackVote,5,12
4,attack,10,true
5,status,1,VILLAGER,ALIVE,wolf1
5,status,2,VILLAGER,ALIVE,SampleRoleAssignPlayer
5,status,3,SEER,DEAD,SampleRoleAssignPlayer
5,status,4,WEREWOLF,ALIVE,SampleRoleAssignPlayer
5,status,5,WEREWOLF,ALIVE,SampleRoleAssignPlayer
5,status,6,MEDIUM,DEAD,SampleRoleAssignPlayer
5,status,7,POSSESSED,ALIVE,SampleRoleAssignPlayer
5,status,8,BODYGUARD,ALIVE,SampleRoleAssignPlayer
5,status,9,WEREWOLF,DEAD,SampleRoleAssignPlayer
5,status,10,VILLAGER,DEAD,SampleRoleAssignPlayer
5,status,11,VILLAGER,ALIVE,SampleRoleAssignPlayer
5,status,12,VILLAGER,ALIVE,SampleRoleAssignPlayer
5,status,13,VILLAGER,DEAD,SampleRoleAssignPlayer
5,status,14,VILLAGER,DEAD,SampleRoleAssignPlayer
5,status,15,VILLAGER,ALIVE,SampleRoleAssignPlayer
5,talk,0,0,15,VOTE Agent[05]
5,talk,1,0,8,VOTE Agent[01]
5,talk,2,0,12,VOTE Agent[04]
5,talk,3,0,5,IDENTIFIED Agent[13] WEREWOLF
5,talk,4,0,7,DIVINED Agent[15] WEREWOLF
5,talk,5,0,11,VOTE Agent[05]
5,talk,6,0,4,DIVINED Agent[12] HUMAN
5,talk,7,0,1,VOTE Agent[04]
5,talk,8,0,2,VOTE Agent[11]
5,talk,9,1,2,ESTIMATE Agent[15] WEREWOLF
5,talk,10,1,8,ESTIMATE Agent[15] WEREWOLF
5,talk,11,1,7,VOTE Agent[15]
5,talk,12,1,12,ESTIMATE Agent[15] WEREWOLF
5,talk,13,1,4,VOTE Agent[11]
5,talk,14,1,11,ESTIMATE Agent[15] WEREWOLF
5,talk,15,1,5,VOTE Agent[11]
5,talk,16,1,1,ESTIMATE Agent[04] WEREWOLF
5,talk,17,1,15,AGREE TALK day1 ID:30
5,talk,18,2,5,REQUEST(VOTE Agent[11])
5,talk,19,2,1,ESTIMATE Agent[05] WEREWOLF
5,talk,20,2,7,REQUEST(VOTE Agent[15])
5,talk,21,2,4,REQUEST(VOTE Agent[11])
5,talk,22,2,15,DISAGREE TALK day1 ID:32
5,talk,23,2,2,REQUEST(Agent[07] DIVINATION Agent[15])
5,talk,24,2,8,REQUEST(Agent[07] DIVINATION Agent[15])
5,talk,25,2,11,REQUEST(Agent[07] DIVINATION Agent[15])
5,talk,26,2,12,REQUEST(Agent[04] DIVINATION Agent[15])
5,talk,27,3,2,VOTE Agent[15]
5,talk,28,3,11,VOTE Agent[15]
5,talk,29,3,7,Skip
5,talk,30,3,4,Skip
5,talk,31,3,1,ESTIMATE Agent[08] WEREWOLF
5,talk,32,3,12,VOTE Agent[15]
5,talk,33,3,15,DISAGREE TALK day1 ID:35
5,talk,34,3,5,Skip
5,talk,35,3,8,VOTE Agent[15]
5,talk,36,4,15,DISAGREE TALK day1 ID:36
5,talk,37,4,11,Skip
5,talk,38,4,5,Skip
5,talk,39,4,7,Skip
5,talk,40,4,4,Skip
5,talk,41,4,1,VOTE Agent[07]
5,talk,42,4,8,Skip
5,talk,43,4,12,Skip
5,talk,44,4,2,Skip
5,talk,45,5,15,DISAGREE TALK day1 ID:39
5,talk,46,5,2,Skip
5,talk,47,5,1,ESTIMATE Agent[12] WEREWOLF
5,talk,48,5,7,Over
5,talk,49,5,11,Skip
5,talk,50,5,12,Skip
5,talk,51,5,5,Over
5,talk,52,5,8,Skip
5,talk,53,5,4,Over
5,talk,54,6,11,Over
5,talk,55,6,2,Over
5,talk,56,6,1,Over
5,talk,57,6,7,Over
5,talk,58,6,8,Over
5,talk,59,6,5,Over
5,talk,60,6,12,Over
5,talk,61,6,15,DISAGREE TALK day1 ID:40
5,talk,62,6,4,Over
5,talk,63,7,4,Over
5,talk,64,7,11,Over
5,talk,65,7,7,Over
5,talk,66,7,12,Over
5,talk,67,7,1,Over
5,talk,68,7,8,Over
5,talk,69,7,15,DISAGREE TALK day1 ID:43
5,talk,70,7,2,Over
5,talk,71,7,5,Over
5,talk,72,8,5,Over
5,talk,73,8,8,Over
5,talk,74,8,1,Over
5,talk,75,8,7,Over
5,talk,76,8,2,Over
5,talk,77,8,4,Over
5,talk,78,8,12,Over
5,talk,79,8,15,AGREE TALK day1 ID:80
5,talk,80,8,11,Over
5,talk,81,9,1,Over
5,talk,82,9,4,Over
5,talk,83,9,11,Over
5,talk,84,9,12,Over
5,talk,85,9,7,Over
5,talk,86,9,2,Over
5,talk,87,9,15,DISAGREE TALK day2 ID:114
5,talk,88,9,8,Over
5,talk,89,9,5,Over
5,talk,90,10,11,Over
5,talk,91,10,1,Over
5,talk,92,10,7,Over
5,talk,93,10,15,Over
5,talk,94,10,8,Over
5,talk,95,10,5,Over
5,talk,96,10,2,Over
5,talk,97,10,4,Over
5,talk,98,10,12,Over
5,vote,1,7
5,vote,2,15
5,vote,4,11
5,vote,5,11
5,vote,7,15
5,vote,8,15
5,vote,11,15
5,vote,12,15
5,vote,15,7
5,execute,15,VILLAGER
5,whisper,0,0,4,ATTACK Agent[02]
5,whisper,1,0,5,ATTACK Agent[12]
5,whisper,2,1,5,REQUEST(ATTACK Agent[12])
5,whisper,3,1,4,REQUEST(ATTACK Agent[02])
5,whisper,4,2,4,DIVINED Agent[05] HUMAN
5,whisper,5,2,5,IDENTIFIED Agent[15] WEREWOLF
5,whisper,6,3,4,Skip
5,whisper,7,3,5,Skip
5,whisper,8,4,4,Skip
5,whisper,9,4,5,Skip
5,whisper,10,5,5,Over
5,whisper,11,5,4,Over
5,guard,8,7,POSSESSED
5,attackVote,4,2
5,attackVote,5,12
5,attackVote,4,2
5,attackVote,5,12
5,attack,12,true
6,status,1,VILLAGER,ALIVE,wolf1
6,status,2,VILLAGER,ALIVE,SampleRoleAssignPlayer
6,status,3,SEER,DEAD,SampleRoleAssignPlayer
6,status,4,WEREWOLF,ALIVE,SampleRoleAssignPlayer
6,status,5,WEREWOLF,ALIVE,SampleRoleAssignPlayer
6,status,6,MEDIUM,DEAD,SampleRoleAssignPlayer
6,status,7,POSSESSED,ALIVE,SampleRoleAssignPlayer
6,status,8,BODYGUARD,ALIVE,SampleRoleAssignPlayer
6,status,9,WEREWOLF,DEAD,SampleRoleAssignPlayer
6,status,10,VILLAGER,DEAD,SampleRoleAssignPlayer
6,status,11,VILLAGER,ALIVE,SampleRoleAssignPlayer
6,status,12,VILLAGER,DEAD,SampleRoleAssignPlayer
6,status,13,VILLAGER,DEAD,SampleRoleAssignPlayer
6,status,14,VILLAGER,DEAD,SampleRoleAssignPlayer
6,status,15,VILLAGER,DEAD,SampleRoleAssignPlayer
6,talk,0,0,1,VOTE Agent[04]
6,talk,1,0,11,VOTE Agent[05]
6,talk,2,0,2,VOTE Agent[04]
6,talk,3,0,5,IDENTIFIED Agent[15] WEREWOLF
6,talk,4,0,4,DIVINED Agent[05] HUMAN
6,talk,5,0,7,DIVINED Agent[01] HUMAN
6,talk,6,0,8,VOTE Agent[05]
6,talk,7,1,8,Skip
6,talk,8,1,1,ESTIMATE Agent[04] WEREWOLF
6,talk,9,1,2,Skip
6,talk,10,1,7,VOTE Agent[09]
6,talk,11,1,4,VOTE Agent[02]
6,talk,12,1,11,Skip
6,talk,13,1,5,VOTE Agent[11]
6,talk,14,2,5,REQUEST(VOTE Agent[11])
6,talk,15,2,7,REQUEST(VOTE Agent[09])
6,talk,16,2,8,Skip
6,talk,17,2,4,REQUEST(VOTE Agent[02])
6,talk,18,2,1,ESTIMATE Agent[05] WEREWOLF
6,talk,19,2,2,Skip
6,talk,20,2,11,Skip
6,talk,21,3,2,Over
6,talk,22,3,8,Over
6,talk,23,3,11,Over
6,talk,24,3,7,Skip
6,talk,25,3,4,Skip
6,talk,26,3,5,Skip
6,talk,27,3,1,ESTIMATE Agent[12] WEREWOLF
6,talk,28,4,8,Over
6,talk,29,4,5,Skip
6,talk,30,4,4,Skip
6,talk,31,4,2,Over
6,talk,32,4,11,Over
6,talk,33,4,1,ESTIMATE Agent[02] VILLAGER
6,talk,34,4,7,Skip
6,talk,35,5,5,Over
6,talk,36,5,2,Over
6,talk,37,5,11,Over
6,talk,38,5,8,Over
6,talk,39,5,7,Over
6,talk,40,5,4,Over
6,talk,41,5,1,ESTIMATE Agent[11] VILLAGER
6,talk,42,6,4,Over
6,talk,43,6,2,Over
6,talk,44,6,11,Over
6,talk,45,6,8,Over
6,talk,46,6,5,Over
6,talk,47,6,1,Over
6,talk,48,6,7,Over
6,vote,1,4
6,vote,2,4
6,vote,4,2
6,vote,5,11
6,vote,7,4
6,vote,8,5
6,vote,11,5
6,execute,4,WEREWOLF
6,guard,8,7,POSSESSED
7,status,1,VILLAGER,ALIVE,wolf1
7,status,2,VILLAGER,ALIVE,SampleRoleAssignPlayer
7,status,3,SEER,DEAD,SampleRoleAssignPlayer
7,status,4,WEREWOLF,DEAD,SampleRoleAssignPlayer
7,status,5,WEREWOLF,ALIVE,SampleRoleAssignPlayer
7,status,6,MEDIUM,DEAD,SampleRoleAssignPlayer
7,status,7,POSSESSED,ALIVE,SampleRoleAssignPlayer
7,status,8,BODYGUARD,ALIVE,SampleRoleAssignPlayer
7,status,9,WEREWOLF,DEAD,SampleRoleAssignPlayer
7,status,10,VILLAGER,DEAD,SampleRoleAssignPlayer
7,status,11,VILLAGER,ALIVE,SampleRoleAssignPlayer
7,status,12,VILLAGER,DEAD,SampleRoleAssignPlayer
7,status,13,VILLAGER,DEAD,SampleRoleAssignPlayer
7,status,14,VILLAGER,DEAD,SampleRoleAssignPlayer
7,status,15,VILLAGER,DEAD,SampleRoleAssignPlayer
7,talk,0,0,5,VOTE Agent[02]
7,talk,1,0,8,VOTE Agent[05]
7,talk,2,0,1,VOTE Agent[07]
7,talk,3,0,7,DIVINED Agent[08] WEREWOLF
7,talk,4,0,11,VOTE Agent[02]
7,talk,5,0,2,VOTE Agent[07]
7,talk,6,1,7,VOTE Agent[15]
7,talk,7,1,11,AGREE TALK day4 ID:43
7,talk,8,1,5,REQUEST(VOTE Agent[02])
7,talk,9,1,2,AGREE TALK day4 ID:43
7,talk,10,1,1,ESTIMATE Agent[04] WEREWOLF
7,talk,11,1,8,AGREE TALK day1 ID:30
7,talk,12,2,5,Skip
7,talk,13,2,8,DISAGREE TALK day1 ID:32
7,talk,14,2,11,AGREE TALK day5 ID:31
7,talk,15,2,2,AGREE TALK day5 ID:31
7,talk,16,2,7,REQUEST(VOTE Agent[15])
7,talk,17,2,1,ESTIMATE Agent[05] WEREWOLF
7,talk,18,3,7,Skip
7,talk,19,3,2,ESTIMATE Agent[08] WEREWOLF
7,talk,20,3,1,ESTIMATE Agent[12] WEREWOLF
7,talk,21,3,11,ESTIMATE Agent[08] WEREWOLF
7,talk,22,3,8,DISAGREE TALK day1 ID:35
7,talk,23,3,5,Skip
7,talk,24,4,5,Over
7,talk,25,4,1,ESTIMATE Agent[02] VILLAGER
7,talk,26,4,11,REQUEST(Agent[07] DIVINATION Agent[08])
7,talk,27,4,8,DISAGREE TALK day1 ID:36
7,talk,28,4,2,REQUEST(Agent[07] DIVINATION Agent[08])
7,talk,29,4,7,Skip
7,talk,30,5,2,VOTE Agent[08]
7,talk,31,5,7,Over
7,talk,32,5,1,ESTIMATE Agent[11] VILLAGER
7,talk,33,5,5,Over
7,talk,34,5,8,DISAGREE TALK day1 ID:39
7,talk,35,5,11,VOTE Agent[08]
7,talk,36,6,8,DISAGREE TALK day1 ID:40
7,talk,37,6,1,Over
7,talk,38,6,11,Skip
7,talk,39,6,7,Over
7,talk,40,6,5,Over
7,talk,41,6,2,Skip
7,talk,42,7,7,Over
7,talk,43,7,1,Over
7,talk,44,7,8,DISAGREE TALK day1 ID:43
7,talk,45,7,11,Skip
7,talk,46,7,2,Skip
7,talk,47,7,5,Over
7,talk,48,8,5,Over
7,talk,49,8,8,AGREE TALK day1 ID:80
7,talk,50,8,1,Over
7,talk,51,8,7,Over
7,talk,52,8,2,Over
7,talk,53,8,11,Over
7,talk,54,9,2,Over
7,talk,55,9,7,Over
7,talk,56,9,8,DISAGREE TALK day2 ID:114
7,talk,57,9,5,Over
7,talk,58,9,1,Over
7,talk,59,9,11,Over
7,talk,60,10,5,Over
7,talk,61,10,7,Over
7,talk,62,10,11,Over
7,talk,63,10,8,Over
7,talk,64,10,1,Over
7,talk,65,10,2,Over
7,vote,1,7
7,vote,2,8
7,vote,5,2
7,vote,7,5
7,vote,8,7
7,vote,11,8
7,vote,1,7
7,vote,2,8
7,vote,5,7
7,vote,7,1
7,vote,8,7
7,vote,11,8
7,execute,7,POSSESSED
7,guard,8,5,WEREWOLF
7,attackVote,5,2
7,attack,2,true
8,status,1,VILLAGER,ALIVE,wolf1
8,status,2,VILLAGER,DEAD,SampleRoleAssignPlayer
8,status,3,SEER,DEAD,SampleRoleAssignPlayer
8,status,4,WEREWOLF,DEAD,SampleRoleAssignPlayer
8,status,5,WEREWOLF,ALIVE,SampleRoleAssignPlayer
8,status,6,MEDIUM,DEAD,SampleRoleAssignPlayer
8,status,7,POSSESSED,DEAD,SampleRoleAssignPlayer
8,status,8,BODYGUARD,ALIVE,SampleRoleAssignPlayer
8,status,9,WEREWOLF,DEAD,SampleRoleAssignPlayer
8,status,10,VILLAGER,DEAD,SampleRoleAssignPlayer
8,status,11,VILLAGER,ALIVE,SampleRoleAssignPlayer
8,status,12,VILLAGER,DEAD,SampleRoleAssignPlayer
8,status,13,VILLAGER,DEAD,SampleRoleAssignPlayer
8,status,14,VILLAGER,DEAD,SampleRoleAssignPlayer
8,status,15,VILLAGER,DEAD,SampleRoleAssignPlayer
8,talk,0,0,1,ESTIMATE Agent[04] WEREWOLF
8,talk,1,0,11,AGREE TALK day4 ID:43
8,talk,2,0,8,VOTE Agent[11]
8,talk,3,0,5,IDENTIFIED Agent[07] WEREWOLF
8,talk,4,1,8,Skip
8,talk,5,1,11,AGREE TALK day5 ID:31
8,talk,6,1,5,VOTE Agent[08]
8,talk,7,1,1,ESTIMATE Agent[05] WEREWOLF
8,talk,8,2,8,Skip
8,talk,9,2,11,AGREE TALK day7 ID:19
8,talk,10,2,1,ESTIMATE Agent[12] WEREWOLF
8,talk,11,2,5,REQUEST(VOTE Agent[08])
8,talk,12,3,5,Skip
8,talk,13,3,8,Over
8,talk,14,3,11,AGREE TALK day7 ID:21
8,talk,15,3,1,ESTIMATE Agent[08] VILLAGER
8,talk,16,4,11,ESTIMATE Agent[08] WEREWOLF
8,talk,17,4,8,Over
8,talk,18,4,5,Skip
8,talk,19,4,1,ESTIMATE Agent[11] VILLAGER
8,talk,20,5,11,REQUEST(DIVINATION Agent[08])
8,talk,21,5,5,Over
8,talk,22,5,8,Over
8,talk,23,5,1,Over
8,talk,24,6,8,Over
8,talk,25,6,11,VOTE Agent[08]
8,talk,26,6,1,Over
8,talk,27,6,5,Over
8,talk,28,7,11,Skip
8,talk,29,7,8,Over
8,talk,30,7,5,Over
8,talk,31,7,1,Over
8,talk,32,8,8,Over
8,talk,33,8,11,Skip
8,talk,34,8,1,Over
8,talk,35,8,5,Over
8,talk,36,9,8,Over
8,talk,37,9,1,Over
8,talk,38,9,11,Over
8,talk,39,9,5,Over
8,vote,1,5
8,vote,5,8
8,vote,8,11
8,vote,11,8
8,execute,8,BODYGUARD
8,attackVote,5,1
8,attack,1,true
9,status,1,VILLAGER,DEAD,wolf1
9,status,2,VILLAGER,DEAD,SampleRoleAssignPlayer
9,status,3,SEER,DEAD,SampleRoleAssignPlayer
9,status,4,WEREWOLF,DEAD,SampleRoleAssignPlayer
9,status,5,WEREWOLF,ALIVE,SampleRoleAssignPlayer
9,status,6,MEDIUM,DEAD,SampleRoleAssignPlayer
9,status,7,POSSESSED,DEAD,SampleRoleAssignPlayer
9,status,8,BODYGUARD,DEAD,SampleRoleAssignPlayer
9,status,9,WEREWOLF,DEAD,SampleRoleAssignPlayer
9,status,10,VILLAGER,DEAD,SampleRoleAssignPlayer
9,status,11,VILLAGER,ALIVE,SampleRoleAssignPlayer
9,status,12,VILLAGER,DEAD,SampleRoleAssignPlayer
9,status,13,VILLAGER,DEAD,SampleRoleAssignPlayer
9,status,14,VILLAGER,DEAD,SampleRoleAssignPlayer
9,status,15,VILLAGER,DEAD,SampleRoleAssignPlayer
9,result,1,1,WEREWOLF
