0,status,1,WEREWOLF,ALIVE,wolf1
0,status,2,VILLAGER,ALIVE,SampleRoleAssignPlayer
0,status,3,WEREWOLF,ALIVE,SampleRoleAssignPlayer
0,status,4,VILLAGER,ALIVE,SampleRoleAssignPlayer
0,status,5,SEER,ALIVE,SampleRoleAssignPlayer
0,status,6,VILLAGER,ALIVE,SampleRoleAssignPlayer
0,status,7,VILLAGER,ALIVE,SampleRoleAssignPlayer
0,status,8,VILLAGER,ALIVE,SampleRoleAssignPlayer
0,status,9,WEREWOLF,ALIVE,SampleRoleAssignPlayer
0,status,10,BODYGUARD,ALIVE,SampleRoleAssignPlayer
0,status,11,VILLAGER,ALIVE,SampleRoleAssignPlayer
0,status,12,POSSESSED,ALIVE,SampleRoleAssignPlayer
0,status,13,VILLAGER,ALIVE,SampleRoleAssignPlayer
0,status,14,VILLAGER,ALIVE,SampleRoleAssignPlayer
0,status,15,MEDIUM,ALIVE,SampleRoleAssignPlayer
0,whisper,0,0,1,COMINGOUT Agent[01] SEER
0,whisper,1,0,3,COMINGOUT Agent[03] VILLAGER
0,whisper,2,0,9,COMINGOUT Agent[09] SEER
0,whisper,3,1,3,COMINGOUT Agent[03] MEDIUM
0,whisper,4,1,9,COMINGOUT Agent[09] VILLAGER
0,whisper,5,1,1,ATTACK Agent[02]
0,whisper,6,2,1,Over
0,whisper,7,2,9,Skip
0,whisper,8,2,3,Skip
0,whisper,9,3,1,Over
0,whisper,10,3,9,Skip
0,whisper,11,3,3,Skip
0,whisper,12,4,3,Over
0,whisper,13,4,9,Over
0,whisper,14,4,1,Over
0,divine,5,12,HUMAN
1,status,1,WEREWOLF,ALIVE,wolf1
1,status,2,VILLAGER,ALIVE,SampleRoleAssignPlayer
1,status,3,WEREWOLF,ALIVE,SampleRoleAssignPlayer
1,status,4,VILLAGER,ALIVE,SampleRoleAssignPlayer
1,status,5,SEER,ALIVE,SampleRoleAssignPlayer
1,status,6,VILLAGER,ALIVE,SampleRoleAssignPlayer
1,status,7,VILLAGER,ALIVE,SampleRoleAssignPlayer
1,status,8,VILLAGER,ALIVE,SampleRoleAssignPlayer
1,status,9,WEREWOLF,ALIVE,SampleRoleAssignPlayer
1,status,10,BODYGUARD,ALIVE,SampleRoleAssignPlayer
1,status,11,VILLAGER,ALIVE,SampleRoleAssignPlayer
1,status,12,POSSESSED,ALIVE,SampleRoleAssignPlayer
1,status,13,VILLAGER,ALIVE,SampleRoleAssignPlayer
1,status,14,VILLAGER,ALIVE,SampleRoleAssignPlayer
1,status,15,MEDIUM,ALIVE,SampleRoleAssignPlayer
1,talk,0,0,12,COMINGOUT Agent[12] SEER
1,talk,1,0,14,VOTE Agent[07]
1,talk,2,0,6,VOTE Agent[12]
1,talk,3,0,7,VOTE Agent[11]
1,talk,4,0,15,COMINGOUT Agent[15] MEDIUM
1,talk,5,0,4,VOTE Agent[06]
1,talk,6,0,10,VOTE Agent[15]
1,talk,7,0,3,VOTE Agent[06]
1,talk,8,0,1,COMINGOUT Agent[01] SEER
1,talk,9,0,5,COMINGOUT Agent[05] SEER
1,talk,10,0,13,VOTE Agent[07]
1,talk,11,0,2,VOTE Agent[01]
1,talk,12,0,11,VOTE Agent[14]
1,talk,13,0,9,VOTE Agent[02]
1,talk,14,0,8,VOTE Agent[10]
1,talk,15,1,15,VOTE Agent[12]
1,talk,16,1,7,Skip
1,talk,17,1,2,Skip
1,talk,18,1,5,DIVINED Agent[12] HUMAN
1,talk,19,1,11,Skip
1,talk,20,1,10,Skip
1,talk,21,1,9,REQUEST(VOTE Agent[02])
1,talk,22,1,8,Skip
1,talk,23,1,6,Skip
1,talk,24,1,1,DIVINED Agent[13] HUMAN
1,talk,25,1,12,DIVINED Agent[06] HUMAN
1,talk,26,1,3,REQUEST(VOTE Agent[06])
1,talk,27,1,4,Skip
1,talk,28,1,13,Skip
1,talk,29,1,14,Skip
1,talk,30,2,8,ESTIMATE Agent[01] SEER
1,talk,31,2,13,ESTIMATE Agent[05] SEER
1,talk,32,2,4,ESTIMATE Agent[01] SEER
1,talk,33,2,10,ESTIMATE Agent[12] SEER
1,talk,34,2,1,VOTE Agent[10]
1,talk,35,2,12,REQUEST(VOTE Agent[07])
1,talk,36,2,3,COMINGOUT Agent[03] MEDIUM
1,talk,37,2,15,ESTIMATE Agent[05] SEER
1,talk,38,2,11,ESTIMATE Agent[12] SEER
1,talk,39,2,14,ESTIMATE Agent[01] SEER
1,talk,40,2,7,ESTIMATE Agent[01] SEER
1,talk,41,2,5,ESTIMATE Agent[01] WEREWOLF
1,talk,42,2,2,ESTIMATE Agent[12] SEER
1,talk,43,2,6,ESTIMATE Agent[01] SEER
1,talk,44,2,9,Skip
1,talk,45,3,14,Skip
1,talk,46,3,4,Skip
1,talk,47,3,1,ESTIMATE Agent[05] WEREWOLF
1,talk,48,3,8,Skip
1,talk,49,3,5,VOTE Agent[01]
1,talk,50,3,3,VOTE Agent[15]
1,talk,51,3,12,VOTE Agent[01]
1,talk,52,3,6,Skip
1,talk,53,3,10,Skip
1,talk,54,3,9,Skip
1,talk,55,3,11,Skip
1,talk,56,3,7,Skip
1,talk,57,3,13,Skip
1,talk,58,3,15,ESTIMATE Agent[03] WEREWOLF
1,talk,59,3,2,Skip
1,talk,60,4,12,REQUEST(VOTE Agent[01])
1,talk,61,4,2,Skip
1,talk,62,4,6,Skip
1,talk,63,4,13,Skip
1,talk,64,4,1,ESTIMATE Agent[10] WEREWOLF
1,talk,65,4,11,Skip
1,talk,66,4,5,Skip
1,talk,67,4,15,REQUEST(Agent[05] DIVINATION Agent[03])
1,talk,68,4,10,Skip
1,talk,69,4,9,Over
1,talk,70,4,7,Skip
1,talk,71,4,3,REQUEST(VOTE Agent[15])
1,talk,72,4,14,Skip
1,talk,73,4,4,Skip
1,talk,74,4,8,Skip
1,talk,75,5,1,ESTIMATE Agent[12] WEREWOLF
1,talk,76,5,9,Over
1,talk,77,5,6,Over
1,talk,78,5,12,Skip
1,talk,79,5,3,Skip
1,talk,80,5,14,Over
1,talk,81,5,2,Over
1,talk,82,5,10,Over
1,talk,83,5,13,Over
1,talk,84,5,8,Over
1,talk,85,5,4,Over
1,talk,86,5,5,Skip
1,talk,87,5,7,Over
1,talk,88,5,15,VOTE Agent[03]
1,talk,89,5,11,Over
1,talk,90,6,10,Over
1,talk,91,6,5,Over
1,talk,92,6,1,VOTE Agent[15]
1,talk,93,6,7,Over
1,talk,94,6,13,Over
1,talk,95,6,2,Over
1,talk,96,6,14,Over
1,talk,97,6,15,Skip
1,talk,98,6,4,Over
1,talk,99,6,8,Over
1,talk,100,6,11,Over
1,talk,101,6,9,Over
1,talk,102,6,3,Skip
1,talk,103,6,12,Skip
1,talk,104,6,6,Over
1,talk,105,7,10,Over
1,talk,106,7,1,ESTIMATE Agent[13] VILLAGER
1,talk,107,7,7,Over
1,talk,108,7,8,Over
1,talk,109,7,11,Over
1,talk,110,7,9,Over
1,talk,111,7,13,Over
1,talk,112,7,14,Over
1,talk,113,7,15,Skip
1,talk,114,7,4,Over
1,talk,115,7,3,Over
1,talk,116,7,2,Over
1,talk,117,7,12,Over
1,talk,118,7,6,Over
1,talk,119,7,5,Over
1,talk,120,8,13,Over
1,talk,121,8,6,Over
1,talk,122,8,9,Over
1,talk,123,8,10,Over
1,talk,124,8,7,Over
1,talk,125,8,15,Over
1,talk,126,8,3,Over
1,talk,127,8,2,Over
1,talk,128,8,11,Over
1,talk,129,8,12,Over
1,talk,130,8,8,Over
1,talk,131,8,14,Over
1,talk,132,8,4,Over
1,talk,133,8,1,Over
1,talk,134,8,5,Over
1,vote,1,15
1,vote,2,1
1,vote,3,15
1,vote,4,6
1,vote,5,1
1,vote,6,12
1,vote,7,11
1,vote,8,10
1,vote,9,2
1,vote,10,15
1,vote,11,14
1,vote,12,1
1,vote,13,7
1,vote,14,7
1,vote,15,3
1,vote,1,15
1,vote,2,1
1,vote,3,15
1,vote,4,1
1,vote,5,1
1,vote,6,15
1,vote,7,15
1,vote,8,15
1,vote,9,15
1,vote,10,15
1,vote,11,15
1,vote,12,1
1,vote,13,15
1,vote,14,15
1,vote,15,3
1,execute,15,MEDIUM
1,divine,5,1,WEREWOLF
1,whisper,0,0,1,ATTACK Agent[12]
1,whisper,1,0,3,ATTACK Agent[05]
1,whisper,2,0,9,ATTACK Agent[12]
1,whisper,3,1,9,REQUEST(ATTACK Agent[12])
1,whisper,4,1,1,Over
1,whisper,5,1,3,REQUEST(ATTACK Agent[05])
1,whisper,6,2,3,IDENTIFIED Agent[15] WEREWOLF
1,whisper,7,2,9,Skip
1,whisper,8,2,1,Over
1,whisper,9,3,9,Skip
1,whisper,10,3,3,Skip
1,whisper,11,3,1,Over
1,whisper,12,4,9,Over
1,whisper,13,4,3,Skip
1,whisper,14,4,1,Over
1,whisper,15,5,9,Over
1,whisper,16,5,3,Over
1,whisper,17,5,1,Over
1,guard,10,12,POSSESSED
1,attackVote,1,12
1,attackVote,3,5
1,attackVote,9,12
1,attack,12,false
2,status,1,WEREWOLF,ALIVE,wolf1
2,status,2,VILLAGER,ALIVE,SampleRoleAssignPlayer
2,status,3,WEREWOLF,ALIVE,SampleRoleAssignPlayer
2,status,4,VILLAGER,ALIVE,SampleRoleAssignPlayer
2,status,5,SEER,ALIVE,SampleRoleAssignPlayer
2,status,6,VILLAGER,ALIVE,SampleRoleAssignPlayer
2,status,7,VILLAGER,ALIVE,SampleRoleAssignPlayer
2,status,8,VILLAGER,ALIVE,SampleRoleAssignPlayer
2,status,9,WEREWOLF,ALIVE,SampleRoleAssignPlayer
2,status,10,BODYGUARD,ALIVE,SampleRoleAssignPlayer
2,status,11,VILLAGER,ALIVE,SampleRoleAssignPlayer
2,status,12,POSSESSED,ALIVE,SampleRoleAssignPlayer
2,status,13,VILLAGER,ALIVE,SampleRoleAssignPlayer
2,status,14,VILLAGER,ALIVE,SampleRoleAssignPlayer
2,status,15,MEDIUM,DEAD,SampleRoleAssignPlayer
2,talk,0,0,7,VOTE Agent[13]
2,talk,1,0,4,VOTE Agent[11]
2,talk,2,0,9,VOTE Agent[12]
2,talk,3,0,14,VOTE Agent[03]
2,talk,4,0,11,VOTE Agent[07]
2,talk,5,0,5,DIVINED Agent[01] WEREWOLF
2,talk,6,0,3,IDENTIFIED Agent[15] WEREWOLF
2,talk,7,0,12,DIVINED Agent[13] WEREWOLF
2,talk,8,0,6,VOTE Agent[08]
2,talk,9,0,13,VOTE Agent[07]
2,talk,10,0,8,VOTE Agent[14]
2,talk,11,0,2,VOTE Agent[12]
2,talk,12,0,1,DIVINED Agent[10] HUMAN
2,talk,13,0,10,VOTE Agent[14]
2,talk,14,1,2,DISAGREE TALK day1 ID:106
2,talk,15,1,6,DISAGREE TALK day1 ID:106
2,talk,16,1,5,REQUEST(VOTE Agent[01])
2,talk,17,1,3,VOTE Agent[08]
2,talk,18,1,13,DISAGREE TALK day1 ID:33
2,talk,19,1,8,DISAGREE TALK day1 ID:106
2,talk,20,1,10,DISAGREE TALK day1 ID:106
2,talk,21,1,9,REQUEST(VOTE Agent[12])
2,talk,22,1,1,VOTE Agent[03]
2,talk,23,1,12,REQUEST(VOTE Agent[01])
2,talk,24,1,7,Skip
2,talk,25,1,4,DISAGREE TALK day1 ID:106
2,talk,26,1,14,DISAGREE TALK day1 ID:106
2,talk,27,1,11,DISAGREE TALK day1 ID:106
2,talk,28,2,7,Skip
2,talk,29,2,6,ESTIMATE Agent[13] WEREWOLF
2,talk,30,2,3,REQUEST(VOTE Agent[08])
2,talk,31,2,5,VOTE Agent[01]
2,talk,32,2,14,ESTIMATE Agent[13] WEREWOLF
2,talk,33,2,2,ESTIMATE Agent[13] WEREWOLF
2,talk,34,2,1,ESTIMATE Agent[02] WEREWOLF
2,talk,35,2,11,ESTIMATE Agent[13] WEREWOLF
2,talk,36,2,12,VOTE Agent[05]
2,talk,37,2,8,ESTIMATE Agent[13] WEREWOLF
2,talk,38,2,4,ESTIMATE Agent[13] WEREWOLF
2,talk,39,2,10,ESTIMATE Agent[13] WEREWOLF
2,talk,40,2,9,VOTE Agent[02]
2,talk,41,2,13,DISAGREE TALK day1 ID:38
2,talk,42,3,5,Skip
2,talk,43,3,3,Skip
2,talk,44,3,6,REQUEST(Agent[01] DIVINATION Agent[13])
2,talk,45,3,10,REQUEST(Agent[12] DIVINATION Agent[13])
2,talk,46,3,14,REQUEST(Agent[01] DIVINATION Agent[13])
2,talk,47,3,12,REQUEST(VOTE Agent[05])
2,talk,48,3,1,ESTIMATE Agent[05] WEREWOLF
2,talk,49,3,9,REQUEST(VOTE Agent[02])
2,talk,50,3,11,REQUEST(Agent[12] DIVINATION Agent[13])
2,talk,51,3,8,REQUEST(Agent[01] DIVINATION Agent[13])
2,talk,52,3,13,DISAGREE TALK day1 ID:42
2,talk,53,3,4,REQUEST(Agent[01] DIVINATION Agent[13])
2,talk,54,3,2,REQUEST(Agent[12] DIVINATION Agent[13])
2,talk,55,3,7,Over
2,talk,56,4,14,VOTE Agent[13]
2,talk,57,4,12,Skip
2,talk,58,4,4,VOTE Agent[13]
2,talk,59,4,11,VOTE Agent[13]
2,talk,60,4,2,VOTE Agent[13]
2,talk,61,4,8,VOTE Agent[13]
2,talk,62,4,7,Over
2,talk,63,4,6,VOTE Agent[13]
2,talk,64,4,5,Skip
2,talk,65,4,10,VOTE Agent[13]
2,talk,66,4,9,Skip
2,talk,67,4,1,ESTIMATE Agent[15] WEREWOLF
2,talk,68,4,13,AGREE TALK day1 ID:75
2,talk,69,4,3,Skip
2,talk,70,5,6,Skip
2,talk,71,5,5,Over
2,talk,72,5,3,Over
2,talk,73,5,7,Over
2,talk,74,5,12,Skip
2,talk,75,5,2,Skip
2,talk,76,5,4,Skip
2,talk,77,5,1,VOTE Agent[05]
2,talk,78,5,8,Skip
2,talk,79,5,14,Skip
2,talk,80,5,11,Skip
2,talk,81,5,13,ESTIMATE Agent[12] WEREWOLF
2,talk,82,5,10,Skip
2,talk,83,5,9,Skip
2,talk,84,6,6,Skip
2,talk,85,6,2,Skip
2,talk,86,6,1,ESTIMATE Agent[10] VILLAGER
2,talk,87,6,3,Over
2,talk,88,6,4,Skip
2,talk,89,6,7,Over
2,talk,90,6,13,REQUEST(Agent[05] DIVINATION Agent[12])
2,talk,91,6,12,Over
2,talk,92,6,10,Skip
2,talk,93,6,8,Skip
2,talk,94,6,5,Over
2,talk,95,6,11,Skip
2,talk,96,6,9,Over
2,talk,97,6,14,Skip
2,talk,98,7,9,Over
2,talk,99,7,2,Over
2,talk,100,7,4,Over
2,talk,101,7,7,Over
2,talk,102,7,11,Over
2,talk,103,7,1,ESTIMATE Agent[13] VILLAGER
2,talk,104,7,5,Over
2,talk,105,7,6,Over
2,talk,106,7,3,Over
2,talk,107,7,8,Over
2,talk,108,7,10,Over
2,talk,109,7,13,VOTE Agent[12]
2,talk,110,7,12,Over
2,talk,111,7,14,Over
2,talk,112,8,8,Over
2,talk,113,8,12,Over
2,talk,114,8,7,Over
2,talk,115,8,4,Over
2,talk,116,8,10,Over
2,talk,117,8,1,Over
2,talk,118,8,14,Over
2,talk,119,8,13,Skip
2,talk,120,8,2,Over
2,talk,121,8,9,Over
2,talk,122,8,11,Over
2,talk,123,8,5,Over
2,talk,124,8,6,Over
2,talk,125,8,3,Over
2,talk,126,9,8,Over
2,talk,127,9,13,Skip
2,talk,128,9,4,Over
2,talk,129,9,1,Over
2,talk,130,9,14,Over
2,talk,131,9,2,Over
2,talk,132,9,6,Over
2,talk,133,9,7,Over
2,talk,134,9,3,Over
2,talk,135,9,9,Over
2,talk,136,9,12,Over
2,talk,137,9,10,Over
2,talk,138,9,11,Over
2,talk,139,9,5,Over
2,talk,140,10,4,Over
2,talk,141,10,7,Over
2,talk,142,10,14,Over
2,talk,143,10,6,Over
2,talk,144,10,13,Over
2,talk,145,10,11,Over
2,talk,146,10,3,Over
2,talk,147,10,5,Over
2,talk,148,10,2,Over
2,talk,149,10,1,Over
2,talk,150,10,9,Over
2,talk,151,10,12,Over
2,talk,152,10,10,Over
2,talk,153,10,8,Over
2,vote,1,5
2,vote,2,13
2,vote,3,8
2,vote,4,13
2,vote,5,1
2,vote,6,13
2,vote,7,13
2,vote,8,13
2,vote,9,2
2,vote,10,13
2,vote,11,13
2,vote,12,5
2,vote,13,12
2,vote,14,13
2,execute,13,VILLAGER
2,divine,5,1,WEREWOLF
2,whisper,0,0,3,ESTIMATE Agent[12] POSSESSED
2,whisper,1,0,1,ATTACK Agent[05]
2,whisper,2,0,9,ESTIMATE Agent[12] POSSESSED
2,whisper,3,1,3,ATTACK Agent[05]
2,whisper,4,1,9,ATTACK Agent[05]
2,whisper,5,1,1,Over
2,whisper,6,2,1,Over
2,whisper,7,2,9,REQUEST(ATTACK Agent[05])
2,whisper,8,2,3,REQUEST(ATTACK Agent[05])
2,whisper,9,3,9,Skip
2,whisper,10,3,1,Over
2,whisper,11,3,3,IDENTIFIED Agent[13] WEREWOLF
2,whisper,12,4,3,Skip
2,whisper,13,4,1,Over
2,whisper,14,4,9,Skip
2,whisper,15,5,9,Over
2,whisper,16,5,1,Over
2,whisper,17,5,3,Skip
2,whisper,18,6,3,Over
2,whisper,19,6,9,Over
2,whisper,20,6,1,Over
2,guard,10,12,POSSESSED
2,attackVote,1,5
2,attackVote,3,5
2,attackVote,9,5
2,attack,5,true
3,status,1,WEREWOLF,ALIVE,wolf1
3,status,2,VILLAGER,ALIVE,SampleRoleAssignPlayer
3,status,3,WEREWOLF,ALIVE,SampleRoleAssignPlayer
3,status,4,VILLAGER,ALIVE,SampleRoleAssignPlayer
3,status,5,SEER,DEAD,SampleRoleAssignPlayer
3,status,6,VILLAGER,ALIVE,SampleRoleAssignPlayer
3,status,7,VILLAGER,ALIVE,SampleRoleAssignPlayer
3,status,8,VILLAGER,ALIVE,SampleRoleAssignPlayer
3,status,9,WEREWOLF,ALIVE,SampleRoleAssignPlayer
3,status,10,BODYGUARD,ALIVE,SampleRoleAssignPlayer
3,status,11,VILLAGER,ALIVE,SampleRoleAssignPlayer
3,status,12,POSSESSED,ALIVE,SampleRoleAssignPlayer
3,status,13,VILLAGER,DEAD,SampleRoleAssignPlayer
3,status,14,VILLAGER,ALIVE,SampleRoleAssignPlayer
3,status,15,MEDIUM,DEAD,SampleRoleAssignPlayer
3,talk,0,0,2,DISAGREE TALK day1 ID:30
3,talk,1,0,4,DISAGREE TALK day1 ID:30
3,talk,2,0,3,IDENTIFIED Agent[13] WEREWOLF
3,talk,3,0,12,DIVINED Agent[02] WEREWOLF
3,talk,4,0,6,DISAGREE TALK day1 ID:30
3,talk,5,0,1,DIVINED Agent[02] HUMAN
3,talk,6,0,11,DISAGREE TALK day1 ID:30
3,talk,7,0,9,VOTE Agent[11]
3,talk,8,0,10,DISAGREE TALK day1 ID:30
3,talk,9,0,14,DISAGREE TALK day1 ID:30
3,talk,10,0,8,DISAGREE TALK day1 ID:30
3,talk,11,0,7,DISAGREE TALK day1 ID:30
3,talk,12,1,7,DISAGREE TALK day1 ID:32
3,talk,13,1,2,DISAGREE TALK day1 ID:32
3,talk,14,1,14,DISAGREE TALK day1 ID:32
3,talk,15,1,6,DISAGREE TALK day1 ID:32
3,talk,16,1,8,DISAGREE TALK day1 ID:32
3,talk,17,1,11,DISAGREE TALK day1 ID:32
3,talk,18,1,3,VOTE Agent[04]
3,talk,19,1,1,VOTE Agent[03]
3,talk,20,1,12,VOTE Agent[13]
3,talk,21,1,4,DISAGREE TALK day1 ID:32
3,talk,22,1,10,DISAGREE TALK day1 ID:32
3,talk,23,1,9,REQUEST(VOTE Agent[11])
3,talk,24,2,11,DISAGREE TALK day1 ID:39
3,talk,25,2,9,Skip
3,talk,26,2,3,REQUEST(VOTE Agent[04])
3,talk,27,2,7,DISAGREE TALK day1 ID:39
3,talk,28,2,2,DISAGREE TALK day1 ID:39
3,talk,29,2,8,DISAGREE TALK day1 ID:39
3,talk,30,2,12,REQUEST(VOTE Agent[13])
3,talk,31,2,14,DISAGREE TALK day1 ID:39
3,talk,32,2,1,ESTIMATE Agent[02] WEREWOLF
3,talk,33,2,6,DISAGREE TALK day1 ID:39
3,talk,34,2,10,DISAGREE TALK day1 ID:39
3,talk,35,2,4,DISAGREE TALK day1 ID:39
3,talk,36,3,9,Skip
3,talk,37,3,12,Skip
3,talk,38,3,3,Skip
3,talk,39,3,7,DISAGREE TALK day1 ID:40
3,talk,40,3,14,DISAGREE TALK day1 ID:40
3,talk,41,3,8,DISAGREE TALK day1 ID:40
3,talk,42,3,2,DISAGREE TALK day1 ID:40
3,talk,43,3,1,ESTIMATE Agent[04] WEREWOLF
3,talk,44,3,10,DISAGREE TALK day1 ID:40
3,talk,45,3,11,DISAGREE TALK day1 ID:40
3,talk,46,3,6,DISAGREE TALK day1 ID:40
3,talk,47,3,4,DISAGREE TALK day1 ID:40
3,talk,48,4,3,Skip
3,talk,49,4,9,Over
3,talk,50,4,8,AGREE TALK day1 ID:41
3,talk,51,4,2,AGREE TALK day1 ID:41
3,talk,52,4,10,AGREE TALK day1 ID:41
3,talk,53,4,7,AGREE TALK day1 ID:41
3,talk,54,4,11,AGREE TALK day1 ID:41
3,talk,55,4,6,AGREE TALK day1 ID:41
3,talk,56,4,1,ESTIMATE Agent[10] WEREWOLF
3,talk,57,4,14,AGREE TALK day1 ID:41
3,talk,58,4,4,AGREE TALK day1 ID:41
3,talk,59,4,12,Skip
3,talk,60,5,9,Over
3,talk,61,5,14,DISAGREE TALK day1 ID:43
3,talk,62,5,4,DISAGREE TALK day1 ID:43
3,talk,63,5,6,DISAGREE TALK day1 ID:43
3,talk,64,5,2,DISAGREE TALK day1 ID:43
3,talk,65,5,7,DISAGREE TALK day1 ID:43
3,talk,66,5,12,Over
3,talk,67,5,1,VOTE Agent[04]
3,talk,68,5,8,DISAGREE TALK day1 ID:43
3,talk,69,5,11,DISAGREE TALK day1 ID:43
3,talk,70,5,10,DISAGREE TALK day1 ID:43
3,talk,71,5,3,Over
3,talk,72,6,6,ESTIMATE Agent[01] WEREWOLF
3,talk,73,6,4,ESTIMATE Agent[01] WEREWOLF
3,talk,74,6,7,ESTIMATE Agent[01] WEREWOLF
3,talk,75,6,3,Over
3,talk,76,6,2,REQUEST(Agent[12] DIVINATION Agent[01])
3,talk,77,6,12,Over
3,talk,78,6,10,ESTIMATE Agent[01] WEREWOLF
3,talk,79,6,1,Over
3,talk,80,6,11,ESTIMATE Agent[01] WEREWOLF
3,talk,81,6,9,Over
3,talk,82,6,8,ESTIMATE Agent[01] WEREWOLF
3,talk,83,6,14,ESTIMATE Agent[01] WEREWOLF
3,talk,84,7,9,Over
3,talk,85,7,14,REQUEST(Agent[01] DIVINATION Agent[01])
3,talk,86,7,11,REQUEST(Agent[12] DIVINATION Agent[01])
3,talk,87,7,1,Over
3,talk,88,7,3,Over
3,talk,89,7,12,Over
3,talk,90,7,7,REQUEST(Agent[01] DIVINATION Agent[01])
3,talk,91,7,10,REQUEST(Agent[12] DIVINATION Agent[01])
3,talk,92,7,4,REQUEST(Agent[01] DIVINATION Agent[01])
3,talk,93,7,8,REQUEST(Agent[01] DIVINATION Agent[01])
3,talk,94,7,6,REQUEST(Agent[01] DIVINATION Agent[01])
3,talk,95,7,2,VOTE Agent[01]
3,talk,96,8,14,VOTE Agent[01]
3,talk,97,8,12,Over
3,talk,98,8,2,AGREE TALK day1 ID:30
3,talk,99,8,3,Over
3,talk,100,8,6,VOTE Agent[01]
3,talk,101,8,8,VOTE Agent[01]
3,talk,102,8,11,VOTE Agent[01]
3,talk,103,8,10,VOTE Agent[01]
3,talk,104,8,4,VOTE Agent[01]
3,talk,105,8,7,VOTE Agent[01]
3,talk,106,8,1,Over
3,talk,107,8,9,Over
3,talk,108,9,3,Over
3,talk,109,9,9,Over
3,talk,110,9,12,Over
3,talk,111,9,4,Skip
3,talk,112,9,8,Skip
3,talk,113,9,2,AGREE TALK day1 ID:32
3,talk,114,9,7,Skip
3,talk,115,9,14,Skip
3,talk,116,9,10,Skip
3,talk,117,9,11,Skip
3,talk,118,9,1,Over
3,talk,119,9,6,Skip
3,talk,120,10,10,Skip
3,talk,121,10,14,Skip
3,talk,122,10,3,Over
3,talk,123,10,1,Over
3,talk,124,10,9,Over
3,talk,125,10,8,Skip
3,talk,126,10,11,Skip
3,talk,127,10,4,Skip
3,talk,128,10,6,Skip
3,talk,129,10,7,Skip
3,talk,130,10,12,Over
3,talk,131,10,2,Over
3,talk,132,11,4,Over
3,talk,133,11,7,Over
3,talk,134,11,1,Over
3,talk,135,11,14,Over
3,talk,136,11,8,Over
3,talk,137,11,6,Over
3,talk,138,11,10,Over
3,talk,139,11,3,Over
3,talk,140,11,11,Over
3,talk,141,11,2,Over
3,talk,142,11,12,Over
3,talk,143,11,9,Over
3,vote,1,4
3,vote,2,1
3,vote,3,4
3,vote,4,1
3,vote,6,1
3,vote,7,1
3,vote,8,1
3,vote,9,11
3,vote,10,1
3,vote,11,1
3,vote,12,2
3,vote,14,1
3,execute,1,WEREWOLF
3,whisper,0,0,9,ATTACK Agent[11]
3,whisper,1,0,3,ATTACK Agent[08]
3,whisper,2,1,3,REQUEST(ATTACK Agent[08])
3,whisper,3,1,9,REQUEST(ATTACK Agent[11])
3,whisper,4,2,9,Skip
3,whisper,5,2,3,IDENTIFIED Agent[01] HUMAN
3,whisper,6,3,3,Skip
3,whisper,7,3,9,Skip
3,whisper,8,4,3,Skip
3,whisper,9,4,9,Over
3,whisper,10,5,9,Over
3,whisper,11,5,3,Over
3,guard,10,12,POSSESSED
3,attackVote,3,8
3,attackVote,9,11
3,attackVote,3,8
3,attackVote,9,11
3,attack,11,true
4,status,1,WEREWOLF,DEAD,wolf1
4,status,2,VILLAGER,ALIVE,SampleRoleAssignPlayer
4,status,3,WEREWOLF,ALIVE,SampleRoleAssignPlayer
4,status,4,VILLAGER,ALIVE,SampleRoleAssignPlayer
4,status,5,SEER,DEAD,SampleRoleAssignPlayer
4,status,6,VILLAGER,ALIVE,SampleRoleAssignPlayer
4,status,7,VILLAGER,ALIVE,SampleRoleAssignPlayer
4,status,8,VILLAGER,ALIVE,SampleRoleAssignPlayer
4,status,9,WEREWOLF,ALIVE,SampleRoleAssignPlayer
4,status,10,BODYGUARD,ALIVE,SampleRoleAssignPlayer
4,status,11,VILLAGER,DEAD,SampleRoleAssignPlayer
4,status,12,POSSESSED,ALIVE,SampleRoleAssignPlayer
4,status,13,VILLAGER,DEAD,SampleRoleAssignPlayer
4,status,14,VILLAGER,ALIVE,SampleRoleAssignPlayer
4,status,15,MEDIUM,DEAD,SampleRoleAssignPlayer
4,talk,0,0,2,DISAGREE TALK day1 ID:33
4,talk,1,0,14,AGREE TALK day1 ID:33
4,talk,2,0,9,VOTE Agent[07]
4,talk,3,0,8,AGREE TALK day1 ID:33
4,talk,4,0,10,AGREE TALK day2 ID:34
4,talk,5,0,3,IDENTIFIED Agent[01] HUMAN
4,talk,6,0,4,AGREE TALK day1 ID:33
4,talk,7,0,6,AGREE TALK day1 ID:33
4,talk,8,0,7,AGREE TALK day1 ID:33
4,talk,9,0,12,DIVINED Agent[03] WEREWOLF
4,talk,10,1,14,AGREE TALK day1 ID:38
4,talk,11,1,2,DISAGREE TALK day1 ID:38
4,talk,12,1,8,AGREE TALK day1 ID:38
4,talk,13,1,9,REQUEST(VOTE Agent[07])
4,talk,14,1,7,AGREE TALK day1 ID:38
4,talk,15,1,6,AGREE TALK day1 ID:38
4,talk,16,1,3,VOTE Agent[04]
4,talk,17,1,10,AGREE TALK day3 ID:32
4,talk,18,1,12,VOTE Agent[02]
4,talk,19,1,4,AGREE TALK day1 ID:38
4,talk,20,2,9,Skip
4,talk,21,2,2,DISAGREE TALK day1 ID:42
4,talk,22,2,7,AGREE TALK day1 ID:42
4,talk,23,2,8,AGREE TALK day1 ID:42
4,talk,24,2,12,REQUEST(VOTE Agent[02])
4,talk,25,2,10,ESTIMATE Agent[02] WEREWOLF
4,talk,26,2,3,REQUEST(VOTE Agent[04])
4,talk,27,2,6,AGREE TALK day1 ID:42
4,talk,28,2,14,AGREE TALK day1 ID:42
4,talk,29,2,4,AGREE TALK day1 ID:42
4,talk,30,3,4,DISAGREE TALK day1 ID:75
4,talk,31,3,6,DISAGREE TALK day1 ID:75
4,talk,32,3,12,Skip
4,talk,33,3,14,DISAGREE TALK day1 ID:75
4,talk,34,3,3,Skip
4,talk,35,3,10,REQUEST(Agent[12] DIVINATION Agent[02])
4,talk,36,3,8,DISAGREE TALK day1 ID:75
4,talk,37,3,2,AGREE TALK day1 ID:75
4,talk,38,3,9,Skip
4,talk,39,3,7,DISAGREE TALK day1 ID:75
4,talk,40,4,9,Over
4,talk,41,4,7,DISAGREE TALK day2 ID:81
4,talk,42,4,6,DISAGREE TALK day2 ID:81
4,talk,43,4,8,DISAGREE TALK day2 ID:81
4,talk,44,4,10,VOTE Agent[02]
4,talk,45,4,14,DISAGREE TALK day2 ID:81
4,talk,46,4,12,Skip
4,talk,47,4,3,Skip
4,talk,48,4,2,AGREE TALK day2 ID:81
4,talk,49,4,4,DISAGREE TALK day2 ID:81
4,talk,50,5,10,Skip
4,talk,51,5,3,Over
4,talk,52,5,6,ESTIMATE Agent[12] SEER
4,talk,53,5,7,ESTIMATE Agent[12] SEER
4,talk,54,5,12,Over
4,talk,55,5,14,ESTIMATE Agent[12] SEER
4,talk,56,5,4,ESTIMATE Agent[12] SEER
4,talk,57,5,9,Over
4,talk,58,5,2,ESTIMATE Agent[12] WEREWOLF
4,talk,59,5,8,ESTIMATE Agent[12] SEER
4,talk,60,6,6,AGREE TALK day2 ID:34
4,talk,61,6,3,Over
4,talk,62,6,2,REQUEST(DIVINATION Agent[12])
4,talk,63,6,14,AGREE TALK day2 ID:34
4,talk,64,6,10,Skip
4,talk,65,6,8,AGREE TALK day2 ID:34
4,talk,66,6,7,AGREE TALK day2 ID:34
4,talk,67,6,9,Over
4,talk,68,6,12,Over
4,talk,69,6,4,AGREE TALK day2 ID:34
4,talk,70,7,4,AGREE TALK day3 ID:32
4,talk,71,7,2,VOTE Agent[12]
4,talk,72,7,6,AGREE TALK day3 ID:32
4,talk,73,7,14,AGREE TALK day3 ID:32
4,talk,74,7,9,Over
4,talk,75,7,12,Over
4,talk,76,7,3,Over
4,talk,77,7,8,AGREE TALK day3 ID:32
4,talk,78,7,10,Over
4,talk,79,7,7,AGREE TALK day3 ID:32
4,talk,80,8,7,ESTIMATE Agent[02] WEREWOLF
4,talk,81,8,4,ESTIMATE Agent[02] WEREWOLF
4,talk,82,8,6,ESTIMATE Agent[02] WEREWOLF
4,talk,83,8,14,ESTIMATE Agent[02] WEREWOLF
4,talk,84,8,10,Over
4,talk,85,8,2,Skip
4,talk,86,8,8,ESTIMATE Agent[02] WEREWOLF
4,talk,87,8,12,Over
4,talk,88,8,3,Over
4,talk,89,8,9,Over
4,talk,90,9,8,REQUEST(Agent[12] DIVINATION Agent[02])
4,talk,91,9,9,Over
4,talk,92,9,12,Over
4,talk,93,9,6,REQUEST(Agent[12] DIVINATION Agent[02])
4,talk,94,9,3,Over
4,talk,95,9,7,REQUEST(Agent[12] DIVINATION Agent[02])
4,talk,96,9,10,Over
4,talk,97,9,2,Skip
4,talk,98,9,14,REQUEST(Agent[12] DIVINATION Agent[02])
4,talk,99,9,4,REQUEST(Agent[12] DIVINATION Agent[02])
4,talk,100,10,9,Over
4,talk,101,10,4,Over
4,talk,102,10,6,Over
4,talk,103,10,12,Over
4,talk,104,10,7,Over
4,talk,105,10,10,Over
4,talk,106,10,14,Over
4,talk,107,10,2,Over
4,talk,108,10,3,Over
4,talk,109,10,8,Over
4,vote,2,12
4,vote,3,4
4,vote,4,2
4,vote,6,2
4,vote,7,2
4,vote,8,2
4,vote,9,7
4,vote,10,2
4,vote,12,2
4,vote,14,2
4,execute,2,VILLAGER
4,whisper,0,0,3,ATTACK Agent[08]
4,whisper,1,0,9,ATTACK Agent[08]
4,whisper,2,1,9,REQUEST(ATTACK Agent[08])
4,whisper,3,1,3,REQUEST(ATTACK Agent[08])
4,whisper,4,2,3,IDENTIFIED Agent[02] WEREWOLF
4,whisper,5,2,9,Skip
4,whisper,6,3,3,Skip
4,whisper,7,3,9,Skip
4,whisper,8,4,3,Skip
4,whisper,9,4,9,Over
4,whisper,10,5,3,Over
4,whisper,11,5,9,Over
4,guard,10,12,POSSESSED
4,attackVote,3,8
4,attackVote,9,8
4,attack,8,true
5,status,1,WEREWOLF,DEAD,wolf1
5,status,2,VILLAGER,DEAD,SampleRoleAssignPlayer
5,status,3,WEREWOLF,ALIVE,SampleRoleAssignPlayer
5,status,4,VILLAGER,ALIVE,SampleRoleAssignPlayer
5,status,5,SEER,DEAD,SampleRoleAssignPlayer
5,status,6,VILLAGER,ALIVE,SampleRoleAssignPlayer
5,status,7,VILLAGER,ALIVE,SampleRoleAssignPlayer
5,status,8,VILLAGER,DEAD,SampleRoleAssignPlayer
5,status,9,WEREWOLF,ALIVE,SampleRoleAssignPlayer
5,status,10,BODYGUARD,ALIVE,SampleRoleAssignPlayer
5,status,11,VILLAGER,DEAD,SampleRoleAssignPlayer
5,status,12,POSSESSED,ALIVE,SampleRoleAssignPlayer
5,status,13,VILLAGER,DEAD,SampleRoleAssignPlayer
5,status,14,VILLAGER,ALIVE,SampleRoleAssignPlayer
5,status,15,MEDIUM,DEAD,SampleRoleAssignPlayer
5,talk,0,0,12,DIVINED Agent[04] HUMAN
5,talk,1,0,3,IDENTIFIED Agent[02] WEREWOLF
5,talk,2,0,14,AGREE TALK day1 ID:58
5,talk,3,0,4,AGREE TALK day1 ID:58
5,talk,4,0,7,AGREE TALK day1 ID:58
5,talk,5,0,6,AGREE TALK day1 ID:58
5,talk,6,0,10,AGREE TALK day1 ID:58
5,talk,7,0,9,VOTE Agent[07]
5,talk,8,1,10,ESTIMATE Agent[03] WEREWOLF
5,talk,9,1,12,VOTE Agent[13]
5,talk,10,1,6,ESTIMATE Agent[03] WEREWOLF
5,talk,11,1,3,VOTE Agent[04]
5,talk,12,1,14,ESTIMATE Agent[03] WEREWOLF
5,talk,13,1,7,ESTIMATE Agent[03] WEREWOLF
5,talk,14,1,4,ESTIMATE Agent[03] WEREWOLF
5,talk,15,1,9,REQUEST(VOTE Agent[07])
5,talk,16,2,3,REQUEST(VOTE Agent[04])
5,talk,17,2,7,REQUEST(Agent[12] DIVINATION Agent[03])
5,talk,18,2,14,REQUEST(Agent[12] DIVINATION Agent[03])
5,talk,19,2,6,REQUEST(Agent[12] DIVINATION Agent[03])
5,talk,20,2,10,REQUEST(Agent[12] DIVINATION Agent[03])
5,talk,21,2,4,REQUEST(Agent[12] DIVINATION Agent[03])
5,talk,22,2,12,REQUEST(VOTE Agent[13])
5,talk,23,2,9,Skip
5,talk,24,3,12,Skip
5,talk,25,3,9,Skip
5,talk,26,3,3,Skip
5,talk,27,3,4,VOTE Agent[03]
5,talk,28,3,10,VOTE Agent[03]
5,talk,29,3,6,VOTE Agent[03]
5,talk,30,3,14,VOTE Agent[03]
5,talk,31,3,7,VOTE Agent[03]
5,talk,32,4,14,Skip
5,talk,33,4,4,Skip
5,talk,34,4,6,Skip
5,talk,35,4,12,Skip
5,talk,36,4,7,Skip
5,talk,37,4,3,Skip
5,talk,38,4,10,Skip
5,talk,39,4,9,Over
5,talk,40,5,3,Over
5,talk,41,5,7,Skip
5,talk,42,5,14,Skip
5,talk,43,5,4,Skip
5,talk,44,5,12,Over
5,talk,45,5,9,Over
5,talk,46,5,10,Skip
5,talk,47,5,6,Skip
5,talk,48,6,12,Over
5,talk,49,6,6,Over
5,talk,50,6,7,Over
5,talk,51,6,10,Over
5,talk,52,6,4,Over
5,talk,53,6,14,Over
5,talk,54,6,3,Over
5,talk,55,6,9,Over
5,vote,3,4
5,vote,4,3
5,vote,6,3
5,vote,7,3
5,vote,9,7
5,vote,10,3
5,vote,12,14
5,vote,14,3
5,execute,3,WEREWOLF
5,guard,10,12,POSSESSED
6,status,1,WEREWOLF,DEAD,wolf1
6,status,2,VILLAGER,DEAD,SampleRoleAssignPlayer
6,status,3,WEREWOLF,DEAD,SampleRoleAssignPlayer
6,status,4,VILLAGER,ALIVE,SampleRoleAssignPlayer
6,status,5,SEER,DEAD,SampleRoleAssignPlayer
6,status,6,VILLAGER,ALIVE,SampleRoleAssignPlayer
6,status,7,VILLAGER,ALIVE,SampleRoleAssignPlayer
6,status,8,VILLAGER,DEAD,SampleRoleAssignPlayer
6,status,9,WEREWOLF,ALIVE,SampleRoleAssignPlayer
6,status,10,BODYGUARD,ALIVE,SampleRoleAssignPlayer
6,status,11,VILLAGER,DEAD,SampleRoleAssignPlayer
6,status,12,POSSESSED,ALIVE,SampleRoleAssignPlayer
6,status,13,VILLAGER,DEAD,SampleRoleAssignPlayer
6,status,14,VILLAGER,ALIVE,SampleRoleAssignPlayer
6,status,15,MEDIUM,DEAD,SampleRoleAssignPlayer
6,talk,0,0,9,VOTE Agent[10]
6,talk,1,0,12,DIVINED Agent[09] HUMAN
6,talk,2,0,7,VOTE Agent[12]
6,talk,3,0,14,VOTE Agent[12]
6,talk,4,0,6,VOTE Agent[04]
6,talk,5,0,4,VOTE Agent[09]
6,talk,6,0,10,VOTE Agent[09]
6,talk,7,1,12,VOTE Agent[03]
6,talk,8,1,7,Skip
6,talk,9,1,10,Skip
6,talk,10,1,9,REQUEST(VOTE Agent[10])
6,talk,11,1,14,Skip
6,talk,12,1,6,Skip
6,talk,13,1,4,Skip
6,talk,14,2,6,Skip
6,talk,15,2,14,Skip
6,talk,16,2,4,Skip
6,talk,17,2,9,Skip
6,talk,18,2,12,REQUEST(VOTE Agent[03])
6,talk,19,2,10,Skip
6,talk,20,2,7,Skip
6,talk,21,3,9,Skip
6,talk,22,3,6,Over
6,talk,23,3,4,Over
6,talk,24,3,10,Over
6,talk,25,3,14,Over
6,talk,26,3,12,Skip
6,talk,27,3,7,Over
6,talk,28,4,7,Over
6,talk,29,4,4,Over
6,talk,30,4,9,Over
6,talk,31,4,10,Over
6,talk,32,4,12,Skip
6,talk,33,4,14,Over
6,talk,34,4,6,Over
6,talk,35,5,14,Over
6,talk,36,5,12,Over
6,talk,37,5,6,Over
6,talk,38,5,10,Over
6,talk,39,5,7,Over
6,talk,40,5,9,Over
6,talk,41,5,4,Over
6,vote,4,9
6,vote,6,4
6,vote,7,12
6,vote,9,10
6,vote,10,9
6,vote,12,7
6,vote,14,12
6,vote,4,9
6,vote,6,12
6,vote,7,12
6,vote,9,12
6,vote,10,9
6,vote,12,9
6,vote,14,12
6,execute,12,POSSESSED
6,guard,10,12,POSSESSED
6,attackVote,9,7
6,attack,7,true
7,status,1,WEREWOLF,DEAD,wolf1
7,status,2,VILLAGER,DEAD,SampleRoleAssignPlayer
7,status,3,WEREWOLF,DEAD,SampleRoleAssignPlayer
7,status,4,VILLAGER,ALIVE,SampleRoleAssignPlayer
7,status,5,SEER,DEAD,SampleRoleAssignPlayer
7,status,6,VILLAGER,ALIVE,SampleRoleAssignPlayer
7,status,7,VILLAGER,DEAD,SampleRoleAssignPlayer
7,status,8,VILLAGER,DEAD,SampleRoleAssignPlayer
7,status,9,WEREWOLF,ALIVE,SampleRoleAssignPlayer
7,status,10,BODYGUARD,ALIVE,SampleRoleAssignPlayer
7,status,11,VILLAGER,DEAD,SampleRoleAssignPlayer
7,status,12,POSSESSED,DEAD,SampleRoleAssignPlayer
7,status,13,VILLAGER,DEAD,SampleRoleAssignPlayer
7,status,14,VILLAGER,ALIVE,SampleRoleAssignPlayer
7,status,15,MEDIUM,DEAD,SampleRoleAssignPlayer
7,talk,0,0,10,VOTE Agent[06]
7,talk,1,0,6,VOTE Agent[10]
7,talk,2,0,4,VOTE Agent[06]
7,talk,3,0,9,VOTE Agent[06]
7,talk,4,0,14,VOTE Agent[04]
7,talk,5,1,6,Skip
7,talk,6,1,4,Skip
7,talk,7,1,10,Skip
7,talk,8,1,14,Skip
7,talk,9,1,9,REQUEST(VOTE Agent[06])
7,talk,10,2,14,Skip
7,talk,11,2,9,Skip
7,talk,12,2,6,Skip
7,talk,13,2,4,Skip
7,talk,14,2,10,Skip
7,talk,15,3,14,Over
7,talk,16,3,10,Over
7,talk,17,3,4,Over
7,talk,18,3,9,Skip
7,talk,19,3,6,Over
7,talk,20,4,10,Over
7,talk,21,4,9,Over
7,talk,22,4,14,Over
7,talk,23,4,4,Over
7,talk,24,4,6,Over
7,vote,4,6
7,vote,6,10
7,vote,9,6
7,vote,10,6
7,vote,14,4
7,execute,6,VILLAGER
7,guard,10,4,VILLAGER
7,attackVote,9,14
7,attack,14,true
8,status,1,WEREWOLF,DEAD,wolf1
8,status,2,VILLAGER,DEAD,SampleRoleAssignPlayer
8,status,3,WEREWOLF,DEAD,SampleRoleAssignPlayer
8,status,4,VILLAGER,ALIVE,SampleRoleAssignPlayer
8,status,5,SEER,DEAD,SampleRoleAssignPlayer
8,status,6,VILLAGER,DEAD,SampleRoleAssignPlayer
8,status,7,VILLAGER,DEAD,SampleRoleAssignPlayer
8,status,8,VILLAGER,DEAD,SampleRoleAssignPlayer
8,status,9,WEREWOLF,ALIVE,SampleRoleAssignPlayer
8,status,10,BODYGUARD,ALIVE,SampleRoleAssignPlayer
8,status,11,VILLAGER,DEAD,SampleRoleAssignPlayer
8,status,12,POSSESSED,DEAD,SampleRoleAssignPlayer
8,status,13,VILLAGER,DEAD,SampleRoleAssignPlayer
8,status,14,VILLAGER,DEAD,SampleRoleAssignPlayer
8,status,15,MEDIUM,DEAD,SampleRoleAssignPlayer
8,talk,0,0,9,VOTE Agent[04]
8,talk,1,0,4,VOTE Agent[10]
8,talk,2,0,10,VOTE Agent[04]
8,talk,3,1,10,Skip
8,talk,4,1,9,REQUEST(VOTE Agent[04])
8,talk,5,1,4,Skip
8,talk,6,2,4,Skip
8,talk,7,2,9,Skip
8,talk,8,2,10,Skip
8,talk,9,3,9,Skip
8,talk,10,3,4,Over
8,talk,11,3,10,Over
8,talk,12,4,9,Over
8,talk,13,4,10,Over
8,talk,14,4,4,Over
8,vote,4,10
8,vote,9,4
8,vote,10,4
8,execute,4,VILLAGER
8,guard,10,9,WEREWOLF
8,attackVote,9,10
8,attack,10,true
9,status,1,WEREWOLF,DEAD,wolf1
9,status,2,VILLAGER,DEAD,SampleRoleAssignPlayer
9,status,3,WEREWOLF,DEAD,SampleRoleAssignPlayer
9,status,4,VILLAGER,DEAD,SampleRoleAssignPlayer
9,status,5,SEER,DEAD,SampleRoleAssignPlayer
9,status,6,VILLAGER,DEAD,SampleRoleAssignPlayer
9,status,7,VILLAGER,DEAD,SampleRoleAssignPlayer
9,status,8,VILLAGER,DEAD,SampleRoleAssignPlayer
9,status,9,WEREWOLF,ALIVE,SampleRoleAssignPlayer
9,status,10,BODYGUARD,DEAD,SampleRoleAssignPlayer
9,status,11,VILLAGER,DEAD,SampleRoleAssignPlayer
9,status,12,POSSESSED,DEAD,SampleRoleAssignPlayer
9,status,13,VILLAGER,DEAD,SampleRoleAssignPlayer
9,status,14,VILLAGER,DEAD,SampleRoleAssignPlayer
9,status,15,MEDIUM,DEAD,SampleRoleAssignPlayer
9,result,0,1,WEREWOLF
