0,status,1,MEDIUM,ALIVE,wolf1
0,status,2,VILLAGER,ALIVE,SampleRoleAssignPlayer
0,status,3,VILLAGER,ALIVE,SampleRoleAssignPlayer
0,status,4,SEER,ALIVE,SampleRoleAssignPlayer
0,status,5,WEREWOLF,ALIVE,SampleRoleAssignPlayer
0,status,6,VILLAGER,ALIVE,SampleRoleAssignPlayer
0,status,7,BODYGUARD,ALIVE,SampleRoleAssignPlayer
0,status,8,VILLAGER,ALIVE,SampleRoleAssignPlayer
0,status,9,VILLAGER,ALIVE,SampleRoleAssignPlayer
0,status,10,VILLAGER,ALIVE,SampleRoleAssignPlayer
0,status,11,POSSESSED,ALIVE,SampleRoleAssignPlayer
0,status,12,WEREWOLF,ALIVE,SampleRoleAssignPlayer
0,status,13,VILLAGER,ALIVE,SampleRoleAssignPlayer
0,status,14,VILLAGER,ALIVE,SampleRoleAssignPlayer
0,status,15,WEREWOLF,ALIVE,SampleRoleAssignPlayer
0,whisper,0,0,12,COMINGOUT Agent[12] VILLAGER
0,whisper,1,0,5,COMINGOUT Agent[05] SEER
0,whisper,2,0,15,COMINGOUT Agent[15] SEER
0,whisper,3,1,5,Skip
0,whisper,4,1,12,Skip
0,whisper,5,1,15,COMINGOUT Agent[15] VILLAGER
0,whisper,6,2,15,Skip
0,whisper,7,2,5,Skip
0,whisper,8,2,12,COMINGOUT Agent[12] MEDIUM
0,whisper,9,3,15,Skip
0,whisper,10,3,12,Skip
0,whisper,11,3,5,DIVINED Agent[06] HUMAN
0,whisper,12,4,12,Skip
0,whisper,13,4,5,Skip
0,whisper,14,4,15,Over
0,whisper,15,5,12,Over
0,whisper,16,5,5,Skip
0,whisper,17,5,15,Over
0,whisper,18,6,15,Over
0,whisper,19,6,12,Over
0,whisper,20,6,5,Over
0,divine,4,8,HUMAN
1,status,1,MEDIUM,ALIVE,wolf1
1,status,2,VILLAGER,ALIVE,SampleRoleAssignPlayer
1,status,3,VILLAGER,ALIVE,SampleRoleAssignPlayer
1,status,4,SEER,ALIVE,SampleRoleAssignPlayer
1,status,5,WEREWOLF,ALIVE,SampleRoleAssignPlayer
1,status,6,VILLAGER,ALIVE,SampleRoleAssignPlayer
1,status,7,BODYGUARD,ALIVE,SampleRoleAssignPlayer
1,status,8,VILLAGER,ALIVE,SampleRoleAssignPlayer
1,status,9,VILLAGER,ALIVE,SampleRoleAssignPlayer
1,status,10,VILLAGER,ALIVE,SampleRoleAssignPlayer
1,status,11,POSSESSED,ALIVE,SampleRoleAssignPlayer
1,status,12,WEREWOLF,ALIVE,SampleRoleAssignPlayer
1,status,13,VILLAGER,ALIVE,SampleRoleAssignPlayer
1,status,14,VILLAGER,ALIVE,SampleRoleAssignPlayer
1,status,15,WEREWOLF,ALIVE,SampleRoleAssignPlayer
1,talk,0,0,10,VOTE Agent[02]
1,talk,1,0,14,VOTE Agent[12]
1,talk,2,0,13,VOTE Agent[08]
1,talk,3,0,2,VOTE Agent[04]
1,talk,4,0,8,VOTE Agent[02]
1,talk,5,0,5,COMINGOUT Agent[05] SEER
1,talk,6,0,9,VOTE Agent[08]
1,talk,7,0,4,COMINGOUT Agent[04] SEER
1,talk,8,0,1,COMINGOUT Agent[01] MEDIUM
1,talk,9,0,12,VOTE Agent[08]
1,talk,10,0,7,VOTE Agent[11]
1,talk,11,0,3,VOTE Agent[05]
1,talk,12,0,11,COMINGOUT Agent[11] SEER
1,talk,13,0,6,VOTE Agent[12]
1,talk,14,0,15,VOTE Agent[06]
1,talk,15,1,8,Skip
1,talk,16,1,4,DIVINED Agent[08] HUMAN
1,talk,17,1,7,Skip
1,talk,18,1,10,Skip
1,talk,19,1,2,Skip
1,talk,20,1,1,VOTE Agent[12]
1,talk,21,1,6,Skip
1,talk,22,1,3,Skip
1,talk,23,1,13,Skip
1,talk,24,1,12,REQUEST(VOTE Agent[08])
1,talk,25,1,5,DIVINED Agent[06] HUMAN
1,talk,26,1,11,DIVINED Agent[08] HUMAN
1,talk,27,1,9,Skip
1,talk,28,1,14,Skip
1,talk,29,1,15,REQUEST(VOTE Agent[06])
1,talk,30,2,8,ESTIMATE Agent[11] SEER
1,talk,31,2,14,ESTIMATE Agent[11] SEER
1,talk,32,2,2,ESTIMATE Agent[04] SEER
1,talk,33,2,9,ESTIMATE Agent[05] SEER
1,talk,34,2,3,ESTIMATE Agent[04] SEER
1,talk,35,2,4,VOTE Agent[11]
1,talk,36,2,6,ESTIMATE Agent[04] SEER
1,talk,37,2,7,ESTIMATE Agent[04] SEER
1,talk,38,2,11,REQUEST(VOTE Agent[09])
1,talk,39,2,12,COMINGOUT Agent[12] MEDIUM
1,talk,40,2,15,Skip
1,talk,41,2,1,ESTIMATE Agent[04] WEREWOLF
1,talk,42,2,13,ESTIMATE Agent[05] SEER
1,talk,43,2,5,REQUEST(VOTE Agent[07])
1,talk,44,2,10,ESTIMATE Agent[04] SEER
1,talk,45,3,15,Skip
1,talk,46,3,10,Skip
1,talk,47,3,12,VOTE Agent[01]
1,talk,48,3,13,Skip
1,talk,49,3,14,Skip
1,talk,50,3,6,Skip
1,talk,51,3,3,Skip
1,talk,52,3,1,ESTIMATE Agent[05] WEREWOLF
1,talk,53,3,8,Skip
1,talk,54,3,7,Skip
1,talk,55,3,11,VOTE Agent[04]
1,talk,56,3,2,Skip
1,talk,57,3,5,VOTE Agent[11]
1,talk,58,3,9,Skip
1,talk,59,3,4,Skip
1,talk,60,4,1,ESTIMATE Agent[14] WEREWOLF
1,talk,61,4,4,Skip
1,talk,62,4,10,Skip
1,talk,63,4,3,Skip
1,talk,64,4,6,Skip
1,talk,65,4,13,Skip
1,talk,66,4,14,Skip
1,talk,67,4,8,Skip
1,talk,68,4,9,Skip
1,talk,69,4,15,Over
1,talk,70,4,5,REQUEST(VOTE Agent[11])
1,talk,71,4,12,REQUEST(VOTE Agent[01])
1,talk,72,4,2,Skip
1,talk,73,4,7,Skip
1,talk,74,4,11,REQUEST(VOTE Agent[04])
1,talk,75,5,12,Skip
1,talk,76,5,1,Over
1,talk,77,5,5,Skip
1,talk,78,5,8,Over
1,talk,79,5,15,Over
1,talk,80,5,11,Skip
1,talk,81,5,6,Over
1,talk,82,5,7,Over
1,talk,83,5,2,Over
1,talk,84,5,9,Over
1,talk,85,5,4,Over
1,talk,86,5,14,Over
1,talk,87,5,13,Over
1,talk,88,5,3,Over
1,talk,89,5,10,Over
1,talk,90,6,8,Over
1,talk,91,6,9,Over
1,talk,92,6,11,Skip
1,talk,93,6,1,Over
1,talk,94,6,14,Over
1,talk,95,6,7,Over
1,talk,96,6,15,Over
1,talk,97,6,4,Over
1,talk,98,6,13,Over
1,talk,99,6,6,Over
1,talk,100,6,3,Over
1,talk,101,6,12,Skip
1,talk,102,6,2,Over
1,talk,103,6,10,Over
1,talk,104,6,5,Skip
1,talk,105,7,9,Over
1,talk,106,7,2,Over
1,talk,107,7,7,Over
1,talk,108,7,6,Over
1,talk,109,7,11,Over
1,talk,110,7,14,Over
1,talk,111,7,8,Over
1,talk,112,7,3,Over
1,talk,113,7,10,Over
1,talk,114,7,1,Over
1,talk,115,7,13,Over
1,talk,116,7,5,Over
1,talk,117,7,4,Over
1,talk,118,7,12,Over
1,talk,119,7,15,Over
1,vote,1,12
1,vote,2,4
1,vote,3,5
1,vote,4,11
1,vote,5,11
1,vote,6,12
1,vote,7,11
1,vote,8,2
1,vote,9,8
1,vote,10,2
1,vote,11,4
1,vote,12,1
1,vote,13,8
1,vote,14,12
1,vote,15,6
1,vote,1,12
1,vote,2,11
1,vote,3,11
1,vote,4,11
1,vote,5,11
1,vote,6,12
1,vote,7,11
1,vote,8,12
1,vote,9,12
1,vote,10,11
1,vote,11,9
1,vote,12,11
1,vote,13,11
1,vote,14,12
1,vote,15,11
1,execute,11,POSSESSED
1,whisper,0,0,12,ATTACK Agent[04]
1,whisper,1,0,15,ATTACK Agent[01]
1,whisper,2,0,5,ATTACK Agent[01]
1,whisper,3,1,12,REQUEST(ATTACK Agent[04])
1,whisper,4,1,15,REQUEST(ATTACK Agent[01])
1,whisper,5,1,5,REQUEST(ATTACK Agent[01])
1,whisper,6,2,15,Skip
1,whisper,7,2,12,IDENTIFIED Agent[11] WEREWOLF
1,whisper,8,2,5,DIVINED Agent[03] WEREWOLF
1,whisper,9,3,12,Skip
1,whisper,10,3,5,Skip
1,whisper,11,3,15,Skip
1,whisper,12,4,15,Over
1,whisper,13,4,5,Skip
1,whisper,14,4,12,Skip
1,whisper,15,5,5,Over
1,whisper,16,5,15,Over
1,whisper,17,5,12,Over
1,guard,7,4,SEER
1,attackVote,5,1
1,attackVote,12,4
1,attackVote,15,1
1,attack,1,true
2,status,1,MEDIUM,DEAD,wolf1
2,status,2,VILLAGER,ALIVE,SampleRoleAssignPlayer
2,status,3,VILLAGER,ALIVE,SampleRoleAssignPlayer
2,status,4,SEER,ALIVE,SampleRoleAssignPlayer
2,status,5,WEREWOLF,ALIVE,SampleRoleAssignPlayer
2,status,6,VILLAGER,ALIVE,SampleRoleAssignPlayer
2,status,7,BODYGUARD,ALIVE,SampleRoleAssignPlayer
2,status,8,VILLAGER,ALIVE,SampleRoleAssignPlayer
2,status,9,VILLAGER,ALIVE,SampleRoleAssignPlayer
2,status,10,VILLAGER,ALIVE,SampleRoleAssignPlayer
2,status,11,POSSESSED,DEAD,SampleRoleAssignPlayer
2,status,12,WEREWOLF,ALIVE,SampleRoleAssignPlayer
2,status,13,VILLAGER,ALIVE,SampleRoleAssignPlayer
2,status,14,VILLAGER,ALIVE,SampleRoleAssignPlayer
2,status,15,WEREWOLF,ALIVE,SampleRoleAssignPlayer
2,talk,0,0,3,VOTE Agent[10]
2,talk,1,0,15,VOTE Agent[08]
2,talk,2,0,9,VOTE Agent[08]
2,talk,3,0,12,IDENTIFIED Agent[11] WEREWOLF
2,talk,4,0,14,AGREE TALK day1 ID:33
2,talk,5,0,10,VOTE Agent[08]
2,talk,6,0,4,DISAGREE TALK day1 ID:33
2,talk,7,0,2,VOTE Agent[03]
2,talk,8,0,6,VOTE Agent[03]
2,talk,9,0,5,DIVINED Agent[03] WEREWOLF
2,talk,10,0,7,VOTE Agent[13]
2,talk,11,0,8,AGREE TALK day1 ID:33
2,talk,12,0,13,VOTE Agent[12]
2,talk,13,1,5,VOTE Agent[03]
2,talk,14,1,7,ESTIMATE Agent[03] WEREWOLF
2,talk,15,1,15,REQUEST(VOTE Agent[08])
2,talk,16,1,8,AGREE TALK day1 ID:42
2,talk,17,1,9,ESTIMATE Agent[03] WEREWOLF
2,talk,18,1,13,ESTIMATE Agent[03] WEREWOLF
2,talk,19,1,10,ESTIMATE Agent[03] WEREWOLF
2,talk,20,1,14,AGREE TALK day1 ID:42
2,talk,21,1,6,Skip
2,talk,22,1,4,DISAGREE TALK day1 ID:42
2,talk,23,1,3,DISAGREE TALK day1 ID:33
2,talk,24,1,2,Skip
2,talk,25,1,12,VOTE Agent[08]
2,talk,26,2,7,REQUEST(Agent[04] DIVINATION Agent[03])
2,talk,27,2,6,Skip
2,talk,28,2,3,DISAGREE TALK day1 ID:42
2,talk,29,2,9,REQUEST(Agent[05] DIVINATION Agent[03])
2,talk,30,2,4,AGREE TALK day1 ID:52
2,talk,31,2,8,DISAGREE TALK day1 ID:52
2,talk,32,2,13,REQUEST(Agent[05] DIVINATION Agent[03])
2,talk,33,2,15,Skip
2,talk,34,2,2,Skip
2,talk,35,2,12,REQUEST(VOTE Agent[08])
2,talk,36,2,14,DISAGREE TALK day1 ID:52
2,talk,37,2,10,REQUEST(Agent[04] DIVINATION Agent[03])
2,talk,38,2,5,REQUEST(VOTE Agent[03])
2,talk,39,3,10,VOTE Agent[03]
2,talk,40,3,9,VOTE Agent[03]
2,talk,41,3,2,Over
2,talk,42,3,3,AGREE TALK day1 ID:52
2,talk,43,3,15,Skip
2,talk,44,3,13,VOTE Agent[03]
2,talk,45,3,6,Over
2,talk,46,3,7,VOTE Agent[03]
2,talk,47,3,8,ESTIMATE Agent[05] SEER
2,talk,48,3,4,ESTIMATE Agent[05] WEREWOLF
2,talk,49,3,5,Skip
2,talk,50,3,12,Skip
2,talk,51,3,14,ESTIMATE Agent[05] SEER
2,talk,52,4,14,ESTIMATE Agent[03] WEREWOLF
2,talk,53,4,13,Skip
2,talk,54,4,2,Over
2,talk,55,4,7,Skip
2,talk,56,4,12,Skip
2,talk,57,4,10,Skip
2,talk,58,4,5,Skip
2,talk,59,4,9,Skip
2,talk,60,4,3,ESTIMATE Agent[05] WEREWOLF
2,talk,61,4,6,Over
2,talk,62,4,15,Over
2,talk,63,4,4,VOTE Agent[05]
2,talk,64,4,8,ESTIMATE Agent[03] WEREWOLF
2,talk,65,5,15,Over
2,talk,66,5,14,REQUEST(Agent[05] DIVINATION Agent[03])
2,talk,67,5,13,Skip
2,talk,68,5,4,Skip
2,talk,69,5,2,Over
2,talk,70,5,12,Over
2,talk,71,5,5,Over
2,talk,72,5,9,Skip
2,talk,73,5,8,REQUEST(Agent[05] DIVINATION Agent[03])
2,talk,74,5,10,Skip
2,talk,75,5,7,Skip
2,talk,76,5,6,Over
2,talk,77,5,3,REQUEST(Agent[04] DIVINATION Agent[05])
2,talk,78,6,14,VOTE Agent[03]
2,talk,79,6,9,Over
2,talk,80,6,2,Over
2,talk,81,6,5,Over
2,talk,82,6,12,Over
2,talk,83,6,10,Over
2,talk,84,6,6,Over
2,talk,85,6,13,Over
2,talk,86,6,4,Skip
2,talk,87,6,3,VOTE Agent[05]
2,talk,88,6,7,Over
2,talk,89,6,8,VOTE Agent[03]
2,talk,90,6,15,Over
2,talk,91,7,8,Skip
2,talk,92,7,10,Over
2,talk,93,7,9,Over
2,talk,94,7,5,Over
2,talk,95,7,15,Over
2,talk,96,7,2,Over
2,talk,97,7,7,Over
2,talk,98,7,14,Skip
2,talk,99,7,13,Over
2,talk,100,7,6,Over
2,talk,101,7,4,Over
2,talk,102,7,3,Skip
2,talk,103,7,12,Over
2,talk,104,8,10,Over
2,talk,105,8,2,Over
2,talk,106,8,8,Skip
2,talk,107,8,4,Over
2,talk,108,8,15,Over
2,talk,109,8,9,Over
2,talk,110,8,7,Over
2,talk,111,8,3,Skip
2,talk,112,8,13,Over
2,talk,113,8,6,Over
2,talk,114,8,14,Skip
2,talk,115,8,5,Over
2,talk,116,8,12,Over
2,talk,117,9,14,Over
2,talk,118,9,2,Over
2,talk,119,9,5,Over
2,talk,120,9,15,Over
2,talk,121,9,10,Over
2,talk,122,9,4,Over
2,talk,123,9,13,Over
2,talk,124,9,3,Over
2,talk,125,9,7,Over
2,talk,126,9,8,Over
2,talk,127,9,6,Over
2,talk,128,9,12,Over
2,talk,129,9,9,Over
2,vote,2,3
2,vote,3,5
2,vote,4,5
2,vote,5,3
2,vote,6,3
2,vote,7,3
2,vote,8,3
2,vote,9,3
2,vote,10,3
2,vote,12,8
2,vote,13,3
2,vote,14,3
2,vote,15,8
2,execute,3,VILLAGER
2,divine,4,5,WEREWOLF
2,whisper,0,0,12,ATTACK Agent[04]
2,whisper,1,0,5,ATTACK Agent[04]
2,whisper,2,0,15,ATTACK Agent[04]
2,whisper,3,1,12,REQUEST(ATTACK Agent[04])
2,whisper,4,1,15,REQUEST(ATTACK Agent[04])
2,whisper,5,1,5,REQUEST(ATTACK Agent[04])
2,whisper,6,2,12,IDENTIFIED Agent[03] HUMAN
2,whisper,7,2,15,Skip
2,whisper,8,2,5,DIVINED Agent[12] HUMAN
2,whisper,9,3,12,Skip
2,whisper,10,3,5,Skip
2,whisper,11,3,15,Skip
2,whisper,12,4,5,Skip
2,whisper,13,4,15,Over
2,whisper,14,4,12,Skip
2,whisper,15,5,15,Over
2,whisper,16,5,5,Over
2,whisper,17,5,12,Over
2,guard,7,4,SEER
2,attackVote,5,4
2,attackVote,12,4
2,attackVote,15,4
2,attack,4,false
3,status,1,MEDIUM,DEAD,wolf1
3,status,2,VILLAGER,ALIVE,SampleRoleAssignPlayer
3,status,3,VILLAGER,DEAD,SampleRoleAssignPlayer
3,status,4,SEER,ALIVE,SampleRoleAssignPlayer
3,status,5,WEREWOLF,ALIVE,SampleRoleAssignPlayer
3,status,6,VILLAGER,ALIVE,SampleRoleAssignPlayer
3,status,7,BODYGUARD,ALIVE,SampleRoleAssignPlayer
3,status,8,VILLAGER,ALIVE,SampleRoleAssignPlayer
3,status,9,VILLAGER,ALIVE,SampleRoleAssignPlayer
3,status,10,VILLAGER,ALIVE,SampleRoleAssignPlayer
3,status,11,POSSESSED,DEAD,SampleRoleAssignPlayer
3,status,12,WEREWOLF,ALIVE,SampleRoleAssignPlayer
3,status,13,VILLAGER,ALIVE,SampleRoleAssignPlayer
3,status,14,VILLAGER,ALIVE,SampleRoleAssignPlayer
3,status,15,WEREWOLF,ALIVE,SampleRoleAssignPlayer
3,talk,0,0,6,VOTE Agent[07]
3,talk,1,0,7,VOTE Agent[15]
3,talk,2,0,15,VOTE Agent[06]
3,talk,3,0,5,DIVINED Agent[12] HUMAN
3,talk,4,0,12,IDENTIFIED Agent[03] HUMAN
3,talk,5,0,8,VOTE Agent[06]
3,talk,6,0,14,VOTE Agent[07]
3,talk,7,0,2,VOTE Agent[12]
3,talk,8,0,10,VOTE Agent[07]
3,talk,9,0,4,DIVINED Agent[05] WEREWOLF
3,talk,10,0,9,VOTE Agent[06]
3,talk,11,0,13,VOTE Agent[15]
3,talk,12,1,14,DISAGREE TALK day1 ID:33
3,talk,13,1,6,DISAGREE TALK day1 ID:33
3,talk,14,1,10,DISAGREE TALK day1 ID:33
3,talk,15,1,2,DISAGREE TALK day1 ID:33
3,talk,16,1,4,REQUEST(VOTE Agent[05])
3,talk,17,1,9,DISAGREE TALK day1 ID:33
3,talk,18,1,7,DISAGREE TALK day1 ID:33
3,talk,19,1,15,REQUEST(VOTE Agent[06])
3,talk,20,1,5,VOTE Agent[04]
3,talk,21,1,8,DISAGREE TALK day1 ID:33
3,talk,22,1,12,VOTE Agent[10]
3,talk,23,1,13,DISAGREE TALK day1 ID:33
3,talk,24,2,5,REQUEST(VOTE Agent[04])
3,talk,25,2,7,DISAGREE TALK day1 ID:42
3,talk,26,2,14,DISAGREE TALK day1 ID:42
3,talk,27,2,8,DISAGREE TALK day1 ID:42
3,talk,28,2,15,Skip
3,talk,29,2,6,DISAGREE TALK day1 ID:42
3,talk,30,2,4,VOTE Agent[05]
3,talk,31,2,2,DISAGREE TALK day1 ID:42
3,talk,32,2,13,DISAGREE TALK day1 ID:42
3,talk,33,2,10,DISAGREE TALK day1 ID:42
3,talk,34,2,12,REQUEST(VOTE Agent[10])
3,talk,35,2,9,DISAGREE TALK day1 ID:42
3,talk,36,3,6,AGREE TALK day1 ID:52
3,talk,37,3,5,Skip
3,talk,38,3,9,AGREE TALK day1 ID:52
3,talk,39,3,15,Skip
3,talk,40,3,14,AGREE TALK day1 ID:52
3,talk,41,3,7,AGREE TALK day1 ID:52
3,talk,42,3,12,Skip
3,talk,43,3,2,AGREE TALK day1 ID:52
3,talk,44,3,10,AGREE TALK day1 ID:52
3,talk,45,3,4,Skip
3,talk,46,3,8,AGREE TALK day1 ID:52
3,talk,47,3,13,AGREE TALK day1 ID:52
3,talk,48,4,13,DISAGREE TALK day2 ID:47
3,talk,49,4,8,DISAGREE TALK day2 ID:47
3,talk,50,4,9,DISAGREE TALK day2 ID:47
3,talk,51,4,5,Skip
3,talk,52,4,10,DISAGREE TALK day2 ID:47
3,talk,53,4,14,DISAGREE TALK day2 ID:47
3,talk,54,4,6,DISAGREE TALK day2 ID:47
3,talk,55,4,15,Over
3,talk,56,4,4,Skip
3,talk,57,4,7,DISAGREE TALK day2 ID:47
3,talk,58,4,2,DISAGREE TALK day2 ID:47
3,talk,59,4,12,Skip
3,talk,60,5,7,AGREE TALK day2 ID:48
3,talk,61,5,2,AGREE TALK day2 ID:48
3,talk,62,5,12,Over
3,talk,63,5,4,Over
3,talk,64,5,14,AGREE TALK day2 ID:48
3,talk,65,5,6,AGREE TALK day2 ID:48
3,talk,66,5,15,Over
3,talk,67,5,8,AGREE TALK day2 ID:48
3,talk,68,5,5,Over
3,talk,69,5,9,AGREE TALK day2 ID:48
3,talk,70,5,10,AGREE TALK day2 ID:48
3,talk,71,5,13,AGREE TALK day2 ID:48
3,talk,72,6,14,DISAGREE TALK day2 ID:51
3,talk,73,6,6,DISAGREE TALK day2 ID:51
3,talk,74,6,4,Over
3,talk,75,6,5,Over
3,talk,76,6,9,DISAGREE TALK day2 ID:51
3,talk,77,6,8,DISAGREE TALK day2 ID:51
3,talk,78,6,2,DISAGREE TALK day2 ID:51
3,talk,79,6,12,Over
3,talk,80,6,7,DISAGREE TALK day2 ID:51
3,talk,81,6,10,DISAGREE TALK day2 ID:51
3,talk,82,6,13,DISAGREE TALK day2 ID:51
3,talk,83,6,15,Over
3,talk,84,7,8,AGREE TALK day2 ID:60
3,talk,85,7,6,AGREE TALK day2 ID:60
3,talk,86,7,10,AGREE TALK day2 ID:60
3,talk,87,7,2,AGREE TALK day2 ID:60
3,talk,88,7,12,Over
3,talk,89,7,13,AGREE TALK day2 ID:60
3,talk,90,7,15,Over
3,talk,91,7,5,Over
3,talk,92,7,9,AGREE TALK day2 ID:60
3,talk,93,7,7,AGREE TALK day2 ID:60
3,talk,94,7,4,Over
3,talk,95,7,14,AGREE TALK day2 ID:60
3,talk,96,8,13,ESTIMATE Agent[05] WEREWOLF
3,talk,97,8,2,ESTIMATE Agent[05] WEREWOLF
3,talk,98,8,8,ESTIMATE Agent[05] WEREWOLF
3,talk,99,8,6,ESTIMATE Agent[05] WEREWOLF
3,talk,100,8,5,Over
3,talk,101,8,10,ESTIMATE Agent[05] WEREWOLF
3,talk,102,8,4,Over
3,talk,103,8,7,ESTIMATE Agent[05] WEREWOLF
3,talk,104,8,14,ESTIMATE Agent[05] WEREWOLF
3,talk,105,8,12,Over
3,talk,106,8,15,Over
3,talk,107,8,9,ESTIMATE Agent[05] WEREWOLF
3,talk,108,9,4,Over
3,talk,109,9,2,REQUEST(Agent[04] DIVINATION Agent[05])
3,talk,110,9,14,REQUEST(Agent[05] DIVINATION Agent[05])
3,talk,111,9,5,Over
3,talk,112,9,8,REQUEST(Agent[05] DIVINATION Agent[05])
3,talk,113,9,13,REQUEST(Agent[05] DIVINATION Agent[05])
3,talk,114,9,6,REQUEST(Agent[04] DIVINATION Agent[05])
3,talk,115,9,9,REQUEST(Agent[05] DIVINATION Agent[05])
3,talk,116,9,10,REQUEST(Agent[04] DIVINATION Agent[05])
3,talk,117,9,12,Over
3,talk,118,9,15,Over
3,talk,119,9,7,REQUEST(Agent[04] DIVINATION Agent[05])
3,talk,120,10,14,Over
3,talk,121,10,10,Over
3,talk,122,10,9,Over
3,talk,123,10,5,Over
3,talk,124,10,13,Over
3,talk,125,10,7,Over
3,talk,126,10,15,Over
3,talk,127,10,8,Over
3,talk,128,10,4,Over
3,talk,129,10,2,Over
3,talk,130,10,6,Over
3,talk,131,10,12,Over
3,vote,2,5
3,vote,4,5
3,vote,5,4
3,vote,6,5
3,vote,7,5
3,vote,8,5
3,vote,9,5
3,vote,10,5
3,vote,12,10
3,vote,13,5
3,vote,14,5
3,vote,15,6
3,execute,5,WEREWOLF
3,whisper,0,0,12,ATTACK Agent[04]
3,whisper,1,0,15,ATTACK Agent[04]
3,whisper,2,1,15,REQUEST(ATTACK Agent[04])
3,whisper,3,1,12,REQUEST(ATTACK Agent[04])
3,whisper,4,2,12,IDENTIFIED Agent[05] HUMAN
3,whisper,5,2,15,Skip
3,whisper,6,3,15,Skip
3,whisper,7,3,12,Skip
3,whisper,8,4,15,Over
3,whisper,9,4,12,Skip
3,whisper,10,5,15,Over
3,whisper,11,5,12,Over
3,guard,7,4,SEER
3,attackVote,12,4
3,attackVote,15,4
3,attack,4,false
4,status,1,MEDIUM,DEAD,wolf1
4,status,2,VILLAGER,ALIVE,SampleRoleAssignPlayer
4,status,3,VILLAGER,DEAD,SampleRoleAssignPlayer
4,status,4,SEER,ALIVE,SampleRoleAssignPlayer
4,status,5,WEREWOLF,DEAD,SampleRoleAssignPlayer
4,status,6,VILLAGER,ALIVE,SampleRoleAssignPlayer
4,status,7,BODYGUARD,ALIVE,SampleRoleAssignPlayer
4,status,8,VILLAGER,ALIVE,SampleRoleAssignPlayer
4,status,9,VILLAGER,ALIVE,SampleRoleAssignPlayer
4,status,10,VILLAGER,ALIVE,SampleRoleAssignPlayer
4,status,11,POSSESSED,DEAD,SampleRoleAssignPlayer
4,status,12,WEREWOLF,ALIVE,SampleRoleAssignPlayer
4,status,13,VILLAGER,ALIVE,SampleRoleAssignPlayer
4,status,14,VILLAGER,ALIVE,SampleRoleAssignPlayer
4,status,15,WEREWOLF,ALIVE,SampleRoleAssignPlayer
4,talk,0,0,7,VOTE Agent[09]
4,talk,1,0,6,VOTE Agent[13]
4,talk,2,0,10,VOTE Agent[09]
4,talk,3,0,9,AGREE TALK day1 ID:32
4,talk,4,0,15,VOTE Agent[08]
4,talk,5,0,12,IDENTIFIED Agent[05] HUMAN
4,talk,6,0,4,VOTE Agent[15]
4,talk,7,0,2,VOTE Agent[07]
4,talk,8,0,14,AGREE TALK day1 ID:32
4,talk,9,0,8,AGREE TALK day1 ID:32
4,talk,10,0,13,AGREE TALK day1 ID:32
4,talk,11,1,13,AGREE TALK day1 ID:34
4,talk,12,1,15,REQUEST(VOTE Agent[08])
4,talk,13,1,14,AGREE TALK day1 ID:34
4,talk,14,1,8,AGREE TALK day1 ID:34
4,talk,15,1,10,Skip
4,talk,16,1,12,VOTE Agent[09]
4,talk,17,1,2,Skip
4,talk,18,1,7,Skip
4,talk,19,1,6,Skip
4,talk,20,1,9,AGREE TALK day1 ID:34
4,talk,21,1,4,ESTIMATE Agent[12] WEREWOLF
4,talk,22,2,2,Skip
4,talk,23,2,10,Skip
4,talk,24,2,15,Skip
4,talk,25,2,14,AGREE TALK day1 ID:36
4,talk,26,2,7,Skip
4,talk,27,2,8,AGREE TALK day1 ID:36
4,talk,28,2,12,REQUEST(VOTE Agent[09])
4,talk,29,2,4,VOTE Agent[12]
4,talk,30,2,6,Skip
4,talk,31,2,9,AGREE TALK day1 ID:36
4,talk,32,2,13,AGREE TALK day1 ID:36
4,talk,33,3,7,Over
4,talk,34,3,8,AGREE TALK day1 ID:37
4,talk,35,3,14,AGREE TALK day1 ID:37
4,talk,36,3,13,AGREE TALK day1 ID:37
4,talk,37,3,2,Over
4,talk,38,3,6,Over
4,talk,39,3,12,Skip
4,talk,40,3,10,Over
4,talk,41,3,15,Skip
4,talk,42,3,4,Skip
4,talk,43,3,9,AGREE TALK day1 ID:37
4,talk,44,4,14,DISAGREE TALK day1 ID:41
4,talk,45,4,6,Over
4,talk,46,4,15,Over
4,talk,47,4,2,Over
4,talk,48,4,8,DISAGREE TALK day1 ID:41
4,talk,49,4,4,Skip
4,talk,50,4,13,DISAGREE TALK day1 ID:41
4,talk,51,4,10,Over
4,talk,52,4,9,DISAGREE TALK day1 ID:41
4,talk,53,4,12,Skip
4,talk,54,4,7,Over
4,talk,55,5,2,Over
4,talk,56,5,7,Over
4,talk,57,5,12,Over
4,talk,58,5,13,AGREE TALK day1 ID:44
4,talk,59,5,4,Over
4,talk,60,5,8,AGREE TALK day1 ID:44
4,talk,61,5,15,Over
4,talk,62,5,6,Over
4,talk,63,5,14,AGREE TALK day1 ID:44
4,talk,64,5,9,AGREE TALK day1 ID:44
4,talk,65,5,10,Over
4,talk,66,6,12,Over
4,talk,67,6,4,Over
4,talk,68,6,6,Over
4,talk,69,6,14,ESTIMATE Agent[04] SEER
4,talk,70,6,10,Over
4,talk,71,6,8,ESTIMATE Agent[04] SEER
4,talk,72,6,15,Over
4,talk,73,6,7,Over
4,talk,74,6,9,ESTIMATE Agent[04] SEER
4,talk,75,6,2,Over
4,talk,76,6,13,ESTIMATE Agent[04] SEER
4,talk,77,7,6,Over
4,talk,78,7,12,Over
4,talk,79,7,13,VOTE Agent[02]
4,talk,80,7,10,Over
4,talk,81,7,15,Over
4,talk,82,7,7,Over
4,talk,83,7,2,Over
4,talk,84,7,4,Over
4,talk,85,7,8,VOTE Agent[06]
4,talk,86,7,9,VOTE Agent[07]
4,talk,87,7,14,VOTE Agent[09]
4,talk,88,8,2,Over
4,talk,89,8,9,Skip
4,talk,90,8,14,Skip
4,talk,91,8,4,Over
4,talk,92,8,13,Skip
4,talk,93,8,10,Over
4,talk,94,8,8,Skip
4,talk,95,8,12,Over
4,talk,96,8,15,Over
4,talk,97,8,6,Over
4,talk,98,8,7,Over
4,talk,99,9,14,Skip
4,talk,100,9,7,Over
4,talk,101,9,12,Over
4,talk,102,9,8,Skip
4,talk,103,9,15,Over
4,talk,104,9,9,Skip
4,talk,105,9,10,Over
4,talk,106,9,6,Over
4,talk,107,9,13,Skip
4,talk,108,9,2,Over
4,talk,109,9,4,Over
4,talk,110,10,8,Over
4,talk,111,10,7,Over
4,talk,112,10,4,Over
4,talk,113,10,12,Over
4,talk,114,10,15,Over
4,talk,115,10,14,Over
4,talk,116,10,10,Over
4,talk,117,10,13,Over
4,talk,118,10,9,Over
4,talk,119,10,6,Over
4,talk,120,10,2,Over
4,vote,2,7
4,vote,4,12
4,vote,6,13
4,vote,7,9
4,vote,8,6
4,vote,9,7
4,vote,10,9
4,vote,12,9
4,vote,13,2
4,vote,14,9
4,vote,15,8
4,execute,9,VILLAGER
4,divine,4,12,WEREWOLF
4,whisper,0,0,15,ATTACK Agent[04]
4,whisper,1,0,12,ATTACK Agent[04]
4,whisper,2,1,15,REQUEST(ATTACK Agent[04])
4,whisper,3,1,12,REQUEST(ATTACK Agent[04])
4,whisper,4,2,12,IDENTIFIED Agent[09] WEREWOLF
4,whisper,5,2,15,Skip
4,whisper,6,3,15,Skip
4,whisper,7,3,12,Skip
4,whisper,8,4,15,Over
4,whisper,9,4,12,Skip
4,whisper,10,5,12,Over
4,whisper,11,5,15,Over
4,guard,7,4,SEER
4,attackVote,12,4
4,attackVote,15,4
4,attack,4,false
5,status,1,MEDIUM,DEAD,wolf1
5,status,2,VILLAGER,ALIVE,SampleRoleAssignPlayer
5,status,3,VILLAGER,DEAD,SampleRoleAssignPlayer
5,status,4,SEER,ALIVE,SampleRoleAssignPlayer
5,status,5,WEREWOLF,DEAD,SampleRoleAssignPlayer
5,status,6,VILLAGER,ALIVE,SampleRoleAssignPlayer
5,status,7,BODYGUARD,ALIVE,SampleRoleAssignPlayer
5,status,8,VILLAGER,ALIVE,SampleRoleAssignPlayer
5,status,9,VILLAGER,DEAD,SampleRoleAssignPlayer
5,status,10,VILLAGER,ALIVE,SampleRoleAssignPlayer
5,status,11,POSSESSED,DEAD,SampleRoleAssignPlayer
5,status,12,WEREWOLF,ALIVE,SampleRoleAssignPlayer
5,status,13,VILLAGER,ALIVE,SampleRoleAssignPlayer
5,status,14,VILLAGER,ALIVE,SampleRoleAssignPlayer
5,status,15,WEREWOLF,ALIVE,SampleRoleAssignPlayer
5,talk,0,0,4,DIVINED Agent[12] WEREWOLF
5,talk,1,0,6,VOTE Agent[02]
5,talk,2,0,14,VOTE Agent[06]
5,talk,3,0,7,VOTE Agent[08]
5,talk,4,0,8,VOTE Agent[06]
5,talk,5,0,13,VOTE Agent[14]
5,talk,6,0,12,IDENTIFIED Agent[09] WEREWOLF
5,talk,7,0,15,VOTE Agent[04]
5,talk,8,0,2,VOTE Agent[06]
5,talk,9,0,10,VOTE Agent[07]
5,talk,10,1,4,REQUEST(VOTE Agent[12])
5,talk,11,1,2,AGREE TALK day4 ID:21
5,talk,12,1,10,AGREE TALK day4 ID:21
5,talk,13,1,6,AGREE TALK day4 ID:21
5,talk,14,1,15,REQUEST(VOTE Agent[04])
5,talk,15,1,8,AGREE TALK day4 ID:21
5,talk,16,1,7,AGREE TALK day4 ID:21
5,talk,17,1,12,VOTE Agent[08]
5,talk,18,1,14,AGREE TALK day4 ID:21
5,talk,19,1,13,AGREE TALK day4 ID:21
5,talk,20,2,12,REQUEST(VOTE Agent[08])
5,talk,21,2,15,Skip
5,talk,22,2,13,ESTIMATE Agent[12] WEREWOLF
5,talk,23,2,7,ESTIMATE Agent[12] WEREWOLF
5,talk,24,2,10,ESTIMATE Agent[12] WEREWOLF
5,talk,25,2,14,ESTIMATE Agent[12] WEREWOLF
5,talk,26,2,6,ESTIMATE Agent[12] WEREWOLF
5,talk,27,2,4,VOTE Agent[12]
5,talk,28,2,8,ESTIMATE Agent[12] WEREWOLF
5,talk,29,2,2,ESTIMATE Agent[12] WEREWOLF
5,talk,30,3,10,REQUEST(Agent[04] DIVINATION Agent[12])
5,talk,31,3,7,REQUEST(Agent[04] DIVINATION Agent[12])
5,talk,32,3,15,Skip
5,talk,33,3,8,REQUEST(Agent[04] DIVINATION Agent[12])
5,talk,34,3,2,REQUEST(Agent[04] DIVINATION Agent[12])
5,talk,35,3,13,REQUEST(Agent[04] DIVINATION Agent[12])
5,talk,36,3,14,REQUEST(Agent[04] DIVINATION Agent[12])
5,talk,37,3,6,REQUEST(Agent[04] DIVINATION Agent[12])
5,talk,38,3,4,Skip
5,talk,39,3,12,Skip
5,talk,40,4,15,Over
5,talk,41,4,6,VOTE Agent[12]
5,talk,42,4,2,VOTE Agent[12]
5,talk,43,4,14,VOTE Agent[12]
5,talk,44,4,13,VOTE Agent[12]
5,talk,45,4,8,VOTE Agent[12]
5,talk,46,4,4,Skip
5,talk,47,4,7,VOTE Agent[12]
5,talk,48,4,10,VOTE Agent[12]
5,talk,49,4,12,Skip
5,talk,50,5,7,Skip
5,talk,51,5,13,Skip
5,talk,52,5,10,Skip
5,talk,53,5,14,Skip
5,talk,54,5,8,Skip
5,talk,55,5,15,Over
5,talk,56,5,6,Skip
5,talk,57,5,2,Skip
5,talk,58,5,4,Over
5,talk,59,5,12,Over
5,talk,60,6,12,Over
5,talk,61,6,14,Skip
5,talk,62,6,6,Skip
5,talk,63,6,2,Skip
5,talk,64,6,10,Skip
5,talk,65,6,4,Over
5,talk,66,6,8,Skip
5,talk,67,6,7,Skip
5,talk,68,6,13,Skip
5,talk,69,6,15,Over
5,talk,70,7,2,Over
5,talk,71,7,8,Over
5,talk,72,7,13,Over
5,talk,73,7,4,Over
5,talk,74,7,15,Over
5,talk,75,7,12,Over
5,talk,76,7,14,Over
5,talk,77,7,6,Over
5,talk,78,7,7,Over
5,talk,79,7,10,Over
5,vote,2,12
5,vote,4,12
5,vote,6,12
5,vote,7,12
5,vote,8,12
5,vote,10,12
5,vote,12,8
5,vote,13,12
5,vote,14,12
5,vote,15,4
5,execute,12,WEREWOLF
5,guard,7,4,SEER
6,status,1,MEDIUM,DEAD,wolf1
6,status,2,VILLAGER,ALIVE,SampleRoleAssignPlayer
6,status,3,VILLAGER,DEAD,SampleRoleAssignPlayer
6,status,4,SEER,ALIVE,SampleRoleAssignPlayer
6,status,5,WEREWOLF,DEAD,SampleRoleAssignPlayer
6,status,6,VILLAGER,ALIVE,SampleRoleAssignPlayer
6,status,7,BODYGUARD,ALIVE,SampleRoleAssignPlayer
6,status,8,VILLAGER,ALIVE,SampleRoleAssignPlayer
6,status,9,VILLAGER,DEAD,SampleRoleAssignPlayer
6,status,10,VILLAGER,ALIVE,SampleRoleAssignPlayer
6,status,11,POSSESSED,DEAD,SampleRoleAssignPlayer
6,status,12,WEREWOLF,DEAD,SampleRoleAssignPlayer
6,status,13,VILLAGER,ALIVE,SampleRoleAssignPlayer
6,status,14,VILLAGER,ALIVE,SampleRoleAssignPlayer
6,status,15,WEREWOLF,ALIVE,SampleRoleAssignPlayer
6,talk,0,0,14,VOTE Agent[08]
6,talk,1,0,7,VOTE Agent[15]
6,talk,2,0,13,VOTE Agent[14]
6,talk,3,0,6,VOTE Agent[07]
6,talk,4,0,8,VOTE Agent[15]
6,talk,5,0,4,VOTE Agent[15]
6,talk,6,0,10,VOTE Agent[06]
6,talk,7,0,15,VOTE Agent[04]
6,talk,8,0,2,VOTE Agent[15]
6,talk,9,1,8,Skip
6,talk,10,1,13,Skip
6,talk,11,1,10,Skip
6,talk,12,1,14,Skip
6,talk,13,1,15,REQUEST(VOTE Agent[04])
6,talk,14,1,4,Skip
6,talk,15,1,2,Skip
6,talk,16,1,6,Skip
6,talk,17,1,7,Skip
6,talk,18,2,13,Skip
6,talk,19,2,4,Skip
6,talk,20,2,15,Skip
6,talk,21,2,7,Skip
6,talk,22,2,6,Skip
6,talk,23,2,14,Skip
6,talk,24,2,8,Skip
6,talk,25,2,2,Skip
6,talk,26,2,10,Skip
6,talk,27,3,15,Skip
6,talk,28,3,6,Over
6,talk,29,3,8,Over
6,talk,30,3,4,Over
6,talk,31,3,13,Over
6,talk,32,3,2,Over
6,talk,33,3,14,Over
6,talk,34,3,10,Over
6,talk,35,3,7,Over
6,talk,36,4,10,Over
6,talk,37,4,8,Over
6,talk,38,4,7,Over
6,talk,39,4,15,Over
6,talk,40,4,14,Over
6,talk,41,4,4,Over
6,talk,42,4,2,Over
6,talk,43,4,6,Over
6,talk,44,4,13,Over
6,vote,2,15
6,vote,4,15
6,vote,6,7
6,vote,7,15
6,vote,8,15
6,vote,10,6
6,vote,13,14
6,vote,14,8
6,vote,15,4
6,execute,15,WEREWOLF
6,divine,4,13,HUMAN
6,guard,7,4,SEER
6,attack,14,true
7,status,1,MEDIUM,DEAD,wolf1
7,status,2,VILLAGER,ALIVE,SampleRoleAssignPlayer
7,status,3,VILLAGER,DEAD,SampleRoleAssignPlayer
7,status,4,SEER,ALIVE,SampleRoleAssignPlayer
7,status,5,WEREWOLF,DEAD,SampleRoleAssignPlayer
7,status,6,VILLAGER,ALIVE,SampleRoleAssignPlayer
7,status,7,BODYGUARD,ALIVE,SampleRoleAssignPlayer
7,status,8,VILLAGER,ALIVE,SampleRoleAssignPlayer
7,status,9,VILLAGER,DEAD,SampleRoleAssignPlayer
7,status,10,VILLAGER,ALIVE,SampleRoleAssignPlayer
7,status,11,POSSESSED,DEAD,SampleRoleAssignPlayer
7,status,12,WEREWOLF,DEAD,SampleRoleAssignPlayer
7,status,13,VILLAGER,ALIVE,SampleRoleAssignPlayer
7,status,14,VILLAGER,DEAD,SampleRoleAssignPlayer
7,status,15,WEREWOLF,DEAD,SampleRoleAssignPlayer
7,result,7,0,VILLAGER
