0,status,1,WEREWOLF,ALIVE,wolf1
0,status,2,VILLAGER,ALIVE,SampleRoleAssignPlayer
0,status,3,VILLAGER,ALIVE,SampleRoleAssignPlayer
0,status,4,WEREWOLF,ALIVE,SampleRoleAssignPlayer
0,status,5,VILLAGER,ALIVE,SampleRoleAssignPlayer
0,status,6,VILLAGER,ALIVE,SampleRoleAssignPlayer
0,status,7,VILLAGER,ALIVE,SampleRoleAssignPlayer
0,status,8,VILLAGER,ALIVE,SampleRoleAssignPlayer
0,status,9,VILLAGER,ALIVE,SampleRoleAssignPlayer
0,status,10,WEREWOLF,ALIVE,SampleRoleAssignPlayer
0,status,11,BODYGUARD,ALIVE,SampleRoleAssignPlayer
0,status,12,VILLAGER,ALIVE,SampleRoleAssignPlayer
0,status,13,MEDIUM,ALIVE,SampleRoleAssignPlayer
0,status,14,SEER,ALIVE,SampleRoleAssignPlayer
0,status,15,POSSESSED,ALIVE,SampleRoleAssignPlayer
0,whisper,0,0,4,COMINGOUT Agent[04] MEDIUM
0,whisper,1,0,1,COMINGOUT Agent[01] VILLAGER
0,whisper,2,0,10,COMINGOUT Agent[10] SEER
0,whisper,3,1,10,DIVINED Agent[01] HUMAN
0,whisper,4,1,1,ATTACK Agent[02]
0,whisper,5,1,4,Skip
0,whisper,6,2,1,Over
0,whisper,7,2,4,Skip
0,whisper,8,2,10,Skip
0,whisper,9,3,10,Skip
0,whisper,10,3,1,Over
0,whisper,11,3,4,Over
0,whisper,12,4,10,Over
0,whisper,13,4,4,Over
0,whisper,14,4,1,Over
0,divine,14,4,WEREWOLF
1,status,1,WEREWOLF,ALIVE,wolf1
1,status,2,VILLAGER,ALIVE,SampleRoleAssignPlayer
1,status,3,VILLAGER,ALIVE,SampleRoleAssignPlayer
1,status,4,WEREWOLF,ALIVE,SampleRoleAssignPlayer
1,status,5,VILLAGER,ALIVE,SampleRoleAssignPlayer
1,status,6,VILLAGER,ALIVE,SampleRoleAssignPlayer
1,status,7,VILLAGER,ALIVE,SampleRoleAssignPlayer
1,status,8,VILLAGER,ALIVE,SampleRoleAssignPlayer
1,status,9,VILLAGER,ALIVE,SampleRoleAssignPlayer
1,status,10,WEREWOLF,ALIVE,SampleRoleAssignPlayer
1,status,11,BODYGUARD,ALIVE,SampleRoleAssignPlayer
1,status,12,VILLAGER,ALIVE,SampleRoleAssignPlayer
1,status,13,MEDIUM,ALIVE,SampleRoleAssignPlayer
1,status,14,SEER,ALIVE,SampleRoleAssignPlayer
1,status,15,POSSESSED,ALIVE,SampleRoleAssignPlayer
1,talk,0,0,2,VOTE Agent[05]
1,talk,1,0,3,VOTE Agent[12]
1,talk,2,0,9,VOTE Agent[06]
1,talk,3,0,7,VOTE Agent[13]
1,talk,4,0,12,VOTE Agent[02]
1,talk,5,0,4,COMINGOUT Agent[04] MEDIUM
1,talk,6,0,1,VOTE Agent[05]
1,talk,7,0,14,COMINGOUT Agent[14] SEER
1,talk,8,0,11,VOTE Agent[12]
1,talk,9,0,6,VOTE Agent[09]
1,talk,10,0,5,VOTE Agent[14]
1,talk,11,0,13,VOTE Agent[12]
1,talk,12,0,15,COMINGOUT Agent[15] SEER
1,talk,13,0,8,VOTE Agent[10]
1,talk,14,0,10,VOTE Agent[14]
1,talk,15,1,12,Skip
1,talk,16,1,15,DIVINED Agent[04] HUMAN
1,talk,17,1,13,COMINGOUT Agent[13] MEDIUM
1,talk,18,1,9,Skip
1,talk,19,1,14,DIVINED Agent[04] WEREWOLF
1,talk,20,1,5,Skip
1,talk,21,1,1,ESTIMATE Agent[05] WEREWOLF
1,talk,22,1,6,Skip
1,talk,23,1,4,VOTE Agent[02]
1,talk,24,1,7,Skip
1,talk,25,1,10,REQUEST(VOTE Agent[14])
1,talk,26,1,3,Skip
1,talk,27,1,8,Skip
1,talk,28,1,11,Skip
1,talk,29,1,2,Skip
1,talk,30,2,10,COMINGOUT Agent[10] SEER
1,talk,31,2,14,REQUEST(VOTE Agent[04])
1,talk,32,2,9,ESTIMATE Agent[15] SEER
1,talk,33,2,4,REQUEST(VOTE Agent[02])
1,talk,34,2,2,ESTIMATE Agent[15] SEER
1,talk,35,2,13,ESTIMATE Agent[04] WEREWOLF
1,talk,36,2,6,ESTIMATE Agent[15] SEER
1,talk,37,2,11,ESTIMATE Agent[15] SEER
1,talk,38,2,5,ESTIMATE Agent[14] SEER
1,talk,39,2,8,ESTIMATE Agent[14] SEER
1,talk,40,2,7,ESTIMATE Agent[14] SEER
1,talk,41,2,1,ESTIMATE Agent[06] WEREWOLF
1,talk,42,2,12,ESTIMATE Agent[14] SEER
1,talk,43,2,3,ESTIMATE Agent[14] SEER
1,talk,44,2,15,REQUEST(VOTE Agent[02])
1,talk,45,3,8,ESTIMATE Agent[04] WEREWOLF
1,talk,46,3,7,ESTIMATE Agent[04] WEREWOLF
1,talk,47,3,4,VOTE Agent[13]
1,talk,48,3,1,ESTIMATE Agent[13] WEREWOLF
1,talk,49,3,5,ESTIMATE Agent[04] WEREWOLF
1,talk,50,3,9,ESTIMATE Agent[04] WEREWOLF
1,talk,51,3,12,ESTIMATE Agent[04] WEREWOLF
1,talk,52,3,3,ESTIMATE Agent[04] WEREWOLF
1,talk,53,3,2,ESTIMATE Agent[04] WEREWOLF
1,talk,54,3,13,REQUEST(DIVINATION Agent[04])
1,talk,55,3,14,VOTE Agent[04]
1,talk,56,3,15,VOTE Agent[14]
1,talk,57,3,10,DIVINED Agent[01] HUMAN
1,talk,58,3,6,ESTIMATE Agent[04] WEREWOLF
1,talk,59,3,11,ESTIMATE Agent[04] WEREWOLF
1,talk,60,4,11,REQUEST(Agent[15] DIVINATION Agent[04])
1,talk,61,4,10,Skip
1,talk,62,4,8,REQUEST(Agent[14] DIVINATION Agent[04])
1,talk,63,4,5,REQUEST(Agent[14] DIVINATION Agent[04])
1,talk,64,4,13,VOTE Agent[04]
1,talk,65,4,6,REQUEST(Agent[15] DIVINATION Agent[04])
1,talk,66,4,3,REQUEST(Agent[14] DIVINATION Agent[04])
1,talk,67,4,1,VOTE Agent[04]
1,talk,68,4,15,REQUEST(VOTE Agent[14])
1,talk,69,4,7,REQUEST(Agent[14] DIVINATION Agent[04])
1,talk,70,4,12,REQUEST(Agent[14] DIVINATION Agent[04])
1,talk,71,4,14,Skip
1,talk,72,4,9,REQUEST(Agent[15] DIVINATION Agent[04])
1,talk,73,4,4,REQUEST(VOTE Agent[13])
1,talk,74,4,2,REQUEST(Agent[15] DIVINATION Agent[04])
1,talk,75,5,4,Skip
1,talk,76,5,9,VOTE Agent[04]
1,talk,77,5,10,Skip
1,talk,78,5,14,Skip
1,talk,79,5,7,VOTE Agent[04]
1,talk,80,5,1,ESTIMATE Agent[15] WEREWOLF
1,talk,81,5,15,Skip
1,talk,82,5,13,ESTIMATE Agent[15] SEER
1,talk,83,5,5,VOTE Agent[04]
1,talk,84,5,3,VOTE Agent[04]
1,talk,85,5,2,VOTE Agent[04]
1,talk,86,5,12,VOTE Agent[04]
1,talk,87,5,6,VOTE Agent[04]
1,talk,88,5,8,VOTE Agent[04]
1,talk,89,5,11,VOTE Agent[04]
1,talk,90,6,11,Skip
1,talk,91,6,14,Over
1,talk,92,6,9,Skip
1,talk,93,6,8,Skip
1,talk,94,6,1,Over
1,talk,95,6,4,Skip
1,talk,96,6,10,Over
1,talk,97,6,13,Skip
1,talk,98,6,2,Skip
1,talk,99,6,15,Skip
1,talk,100,6,12,Skip
1,talk,101,6,6,Skip
1,talk,102,6,7,Skip
1,talk,103,6,3,Skip
1,talk,104,6,5,Skip
1,talk,105,7,9,Skip
1,talk,106,7,15,Over
1,talk,107,7,2,Skip
1,talk,108,7,11,Skip
1,talk,109,7,5,Skip
1,talk,110,7,12,Skip
1,talk,111,7,13,Skip
1,talk,112,7,3,Skip
1,talk,113,7,1,Over
1,talk,114,7,10,Over
1,talk,115,7,6,Skip
1,talk,116,7,8,Skip
1,talk,117,7,14,Over
1,talk,118,7,7,Skip
1,talk,119,7,4,Over
1,talk,120,8,5,Over
1,talk,121,8,14,Over
1,talk,122,8,13,Over
1,talk,123,8,2,Over
1,talk,124,8,11,Over
1,talk,125,8,10,Over
1,talk,126,8,12,Over
1,talk,127,8,1,Over
1,talk,128,8,3,Over
1,talk,129,8,6,Over
1,talk,130,8,9,Over
1,talk,131,8,8,Over
1,talk,132,8,15,Over
1,talk,133,8,4,Over
1,talk,134,8,7,Over
1,vote,1,4
1,vote,2,4
1,vote,3,4
1,vote,4,13
1,vote,5,4
1,vote,6,4
1,vote,7,4
1,vote,8,4
1,vote,9,4
1,vote,10,14
1,vote,11,4
1,vote,12,4
1,vote,13,4
1,vote,14,4
1,vote,15,14
1,execute,4,WEREWOLF
1,divine,14,7,HUMAN
1,whisper,0,0,1,ATTACK Agent[14]
1,whisper,1,0,10,ESTIMATE Agent[15] POSSESSED
1,whisper,2,1,10,ATTACK Agent[14]
1,whisper,3,1,1,Over
1,whisper,4,2,1,Over
1,whisper,5,2,10,REQUEST(ATTACK Agent[14])
1,whisper,6,3,1,Over
1,whisper,7,3,10,DIVINED Agent[02] WEREWOLF
1,whisper,8,4,1,Over
1,whisper,9,4,10,Skip
1,whisper,10,5,1,Over
1,whisper,11,5,10,Skip
1,whisper,12,6,1,Over
1,whisper,13,6,10,Over
1,guard,11,15,POSSESSED
1,attackVote,1,14
1,attackVote,10,14
1,attack,14,true
2,status,1,WEREWOLF,ALIVE,wolf1
2,status,2,VILLAGER,ALIVE,SampleRoleAssignPlayer
2,status,3,VILLAGER,ALIVE,SampleRoleAssignPlayer
2,status,4,WEREWOLF,DEAD,SampleRoleAssignPlayer
2,status,5,VILLAGER,ALIVE,SampleRoleAssignPlayer
2,status,6,VILLAGER,ALIVE,SampleRoleAssignPlayer
2,status,7,VILLAGER,ALIVE,SampleRoleAssignPlayer
2,status,8,VILLAGER,ALIVE,SampleRoleAssignPlayer
2,status,9,VILLAGER,ALIVE,SampleRoleAssignPlayer
2,status,10,WEREWOLF,ALIVE,SampleRoleAssignPlayer
2,status,11,BODYGUARD,ALIVE,SampleRoleAssignPlayer
2,status,12,VILLAGER,ALIVE,SampleRoleAssignPlayer
2,status,13,MEDIUM,ALIVE,SampleRoleAssignPlayer
2,status,14,SEER,DEAD,SampleRoleAssignPlayer
2,status,15,POSSESSED,ALIVE,SampleRoleAssignPlayer
2,talk,0,0,11,VOTE Agent[01]
2,talk,1,0,1,VOTE Agent[13]
2,talk,2,0,7,AGREE TALK day1 ID:32
2,talk,3,0,3,ESTIMATE Agent[10] SEER
2,talk,4,0,12,AGREE TALK day1 ID:32
2,talk,5,0,2,VOTE Agent[07]
2,talk,6,0,8,ESTIMATE Agent[10] SEER
2,talk,7,0,15,DIVINED Agent[11] HUMAN
2,talk,8,0,6,VOTE Agent[08]
2,talk,9,0,13,IDENTIFIED Agent[04] WEREWOLF
2,talk,10,0,5,AGREE TALK day1 ID:32
2,talk,11,0,9,VOTE Agent[01]
2,talk,12,0,10,DIVINED Agent[02] WEREWOLF
2,talk,13,1,11,ESTIMATE Agent[02] WEREWOLF
2,talk,14,1,1,ESTIMATE Agent[05] WEREWOLF
2,talk,15,1,2,DISAGREE TALK day2 ID:3
2,talk,16,1,12,AGREE TALK day1 ID:34
2,talk,17,1,7,AGREE TALK day1 ID:34
2,talk,18,1,10,VOTE Agent[02]
2,talk,19,1,5,AGREE TALK day1 ID:34
2,talk,20,1,9,ESTIMATE Agent[02] WEREWOLF
2,talk,21,1,13,ESTIMATE Agent[10] SEER
2,talk,22,1,3,ESTIMATE Agent[02] WEREWOLF
2,talk,23,1,15,VOTE Agent[10]
2,talk,24,1,8,ESTIMATE Agent[02] WEREWOLF
2,talk,25,1,6,ESTIMATE Agent[02] WEREWOLF
2,talk,26,2,7,AGREE TALK day1 ID:36
2,talk,27,2,10,REQUEST(VOTE Agent[02])
2,talk,28,2,12,AGREE TALK day1 ID:36
2,talk,29,2,8,REQUEST(Agent[10] DIVINATION Agent[02])
2,talk,30,2,2,DISAGREE TALK day2 ID:6
2,talk,31,2,3,REQUEST(Agent[10] DIVINATION Agent[02])
2,talk,32,2,13,DISAGREE TALK day1 ID:32
2,talk,33,2,9,REQUEST(Agent[15] DIVINATION Agent[02])
2,talk,34,2,5,AGREE TALK day1 ID:36
2,talk,35,2,1,ESTIMATE Agent[10] WEREWOLF
2,talk,36,2,15,REQUEST(VOTE Agent[10])
2,talk,37,2,11,REQUEST(Agent[15] DIVINATION Agent[02])
2,talk,38,2,6,REQUEST(Agent[15] DIVINATION Agent[02])
2,talk,39,3,8,VOTE Agent[02]
2,talk,40,3,12,AGREE TALK day1 ID:37
2,talk,41,3,13,DISAGREE TALK day1 ID:34
2,talk,42,3,3,VOTE Agent[02]
2,talk,43,3,2,ESTIMATE Agent[10] WEREWOLF
2,talk,44,3,9,VOTE Agent[02]
2,talk,45,3,7,AGREE TALK day1 ID:37
2,talk,46,3,1,ESTIMATE Agent[13] WEREWOLF
2,talk,47,3,15,Skip
2,talk,48,3,10,Skip
2,talk,49,3,5,AGREE TALK day1 ID:37
2,talk,50,3,11,VOTE Agent[02]
2,talk,51,3,6,VOTE Agent[02]
2,talk,52,4,9,Skip
2,talk,53,4,11,Skip
2,talk,54,4,8,Skip
2,talk,55,4,6,Skip
2,talk,56,4,12,DISAGREE TALK day1 ID:80
2,talk,57,4,1,VOTE Agent[02]
2,talk,58,4,3,Skip
2,talk,59,4,13,DISAGREE TALK day1 ID:36
2,talk,60,4,5,DISAGREE TALK day1 ID:80
2,talk,61,4,7,DISAGREE TALK day1 ID:80
2,talk,62,4,2,REQUEST(Agent[15] DIVINATION Agent[10])
2,talk,63,4,10,Skip
2,talk,64,4,15,Skip
2,talk,65,5,9,Skip
2,talk,66,5,2,VOTE Agent[10]
2,talk,67,5,11,Skip
2,talk,68,5,12,AGREE TALK day1 ID:82
2,talk,69,5,8,Skip
2,talk,70,5,7,AGREE TALK day1 ID:82
2,talk,71,5,5,AGREE TALK day1 ID:82
2,talk,72,5,1,Over
2,talk,73,5,10,Over
2,talk,74,5,3,Skip
2,talk,75,5,15,Over
2,talk,76,5,13,DISAGREE TALK day1 ID:37
2,talk,77,5,6,Skip
2,talk,78,6,3,Over
2,talk,79,6,13,AGREE TALK day1 ID:80
2,talk,80,6,9,Over
2,talk,81,6,11,Over
2,talk,82,6,2,Skip
2,talk,83,6,7,ESTIMATE Agent[15] SEER
2,talk,84,6,6,Over
2,talk,85,6,1,Over
2,talk,86,6,5,ESTIMATE Agent[15] SEER
2,talk,87,6,15,Over
2,talk,88,6,8,Over
2,talk,89,6,10,Over
2,talk,90,6,12,ESTIMATE Agent[15] SEER
2,talk,91,7,10,Over
2,talk,92,7,2,Skip
2,talk,93,7,11,Over
2,talk,94,7,6,Over
2,talk,95,7,12,ESTIMATE Agent[02] WEREWOLF
2,talk,96,7,3,Over
2,talk,97,7,13,DISAGREE TALK day1 ID:82
2,talk,98,7,9,Over
2,talk,99,7,7,ESTIMATE Agent[02] WEREWOLF
2,talk,100,7,8,Over
2,talk,101,7,15,Over
2,talk,102,7,5,ESTIMATE Agent[02] WEREWOLF
2,talk,103,7,1,Over
2,talk,104,8,9,Over
2,talk,105,8,7,REQUEST(Agent[15] DIVINATION Agent[02])
2,talk,106,8,15,Over
2,talk,107,8,8,Over
2,talk,108,8,6,Over
2,talk,109,8,13,ESTIMATE Agent[15] WEREWOLF
2,talk,110,8,3,Over
2,talk,111,8,1,Over
2,talk,112,8,10,Over
2,talk,113,8,12,REQUEST(Agent[15] DIVINATION Agent[02])
2,talk,114,8,11,Over
2,talk,115,8,5,REQUEST(Agent[15] DIVINATION Agent[02])
2,talk,116,8,2,Over
2,talk,117,9,1,Over
2,talk,118,9,9,Over
2,talk,119,9,6,Over
2,talk,120,9,3,Over
2,talk,121,9,2,Over
2,talk,122,9,12,VOTE Agent[02]
2,talk,123,9,8,Over
2,talk,124,9,5,VOTE Agent[02]
2,talk,125,9,11,Over
2,talk,126,9,15,Over
2,talk,127,9,7,VOTE Agent[02]
2,talk,128,9,10,Over
2,talk,129,9,13,REQUEST(Agent[10] DIVINATION Agent[15])
2,talk,130,10,7,Over
2,talk,131,10,12,Over
2,talk,132,10,15,Over
2,talk,133,10,1,Over
2,talk,134,10,11,Over
2,talk,135,10,8,Over
2,talk,136,10,5,Over
2,talk,137,10,13,Over
2,talk,138,10,3,Over
2,talk,139,10,2,Over
2,talk,140,10,10,Over
2,talk,141,10,9,Over
2,talk,142,10,6,Over
2,vote,1,2
2,vote,2,10
2,vote,3,2
2,vote,5,2
2,vote,6,2
2,vote,7,2
2,vote,8,2
2,vote,9,2
2,vote,10,2
2,vote,11,2
2,vote,12,2
2,vote,13,15
2,vote,15,10
2,execute,2,VILLAGER
2,whisper,0,0,10,ATTACK Agent[13]
2,whisper,1,0,1,ATTACK Agent[11]
2,whisper,2,1,10,REQUEST(ATTACK Agent[13])
2,whisper,3,1,1,Over
2,whisper,4,2,1,Over
2,whisper,5,2,10,DIVINED Agent[07] WEREWOLF
2,whisper,6,3,1,Over
2,whisper,7,3,10,Skip
2,whisper,8,4,10,Skip
2,whisper,9,4,1,Over
2,whisper,10,5,1,Over
2,whisper,11,5,10,Over
2,guard,11,15,POSSESSED
2,attackVote,1,11
2,attackVote,10,13
2,attackVote,1,11
2,attackVote,10,13
2,attack,11,true
3,status,1,WEREWOLF,ALIVE,wolf1
3,status,2,VILLAGER,DEAD,SampleRoleAssignPlayer
3,status,3,VILLAGER,ALIVE,SampleRoleAssignPlayer
3,status,4,WEREWOLF,DEAD,SampleRoleAssignPlayer
3,status,5,VILLAGER,ALIVE,SampleRoleAssignPlayer
3,status,6,VILLAGER,ALIVE,SampleRoleAssignPlayer
3,status,7,VILLAGER,ALIVE,SampleRoleAssignPlayer
3,status,8,VILLAGER,ALIVE,SampleRoleAssignPlayer
3,status,9,VILLAGER,ALIVE,SampleRoleAssignPlayer
3,status,10,WEREWOLF,ALIVE,SampleRoleAssignPlayer
3,status,11,BODYGUARD,DEAD,SampleRoleAssignPlayer
3,status,12,VILLAGER,ALIVE,SampleRoleAssignPlayer
3,status,13,MEDIUM,ALIVE,SampleRoleAssignPlayer
3,status,14,SEER,DEAD,SampleRoleAssignPlayer
3,status,15,POSSESSED,ALIVE,SampleRoleAssignPlayer
3,talk,0,0,5,VOTE Agent[01]
3,talk,1,0,8,VOTE Agent[12]
3,talk,2,0,12,VOTE Agent[07]
3,talk,3,0,6,VOTE Agent[05]
3,talk,4,0,1,VOTE Agent[13]
3,talk,5,0,3,VOTE Agent[10]
3,talk,6,0,10,DIVINED Agent[07] WEREWOLF
3,talk,7,0,9,VOTE Agent[01]
3,talk,8,0,7,VOTE Agent[09]
3,talk,9,0,15,DIVINED Agent[08] WEREWOLF
3,talk,10,0,13,IDENTIFIED Agent[02] HUMAN
3,talk,11,1,7,DISAGREE TALK day2 ID:3
3,talk,12,1,6,ESTIMATE Agent[07] WEREWOLF
3,talk,13,1,10,VOTE Agent[07]
3,talk,14,1,13,DISAGREE TALK day1 ID:32
3,talk,15,1,3,ESTIMATE Agent[07] WEREWOLF
3,talk,16,1,9,ESTIMATE Agent[07] WEREWOLF
3,talk,17,1,5,ESTIMATE Agent[07] WEREWOLF
3,talk,18,1,15,VOTE Agent[08]
3,talk,19,1,8,ESTIMATE Agent[07] WEREWOLF
3,talk,20,1,1,ESTIMATE Agent[08] WEREWOLF
3,talk,21,1,12,Skip
3,talk,22,2,1,ESTIMATE Agent[10] WEREWOLF
3,talk,23,2,9,REQUEST(Agent[15] DIVINATION Agent[07])
3,talk,24,2,13,DISAGREE TALK day1 ID:34
3,talk,25,2,6,REQUEST(Agent[15] DIVINATION Agent[07])
3,talk,26,2,15,REQUEST(VOTE Agent[08])
3,talk,27,2,7,DISAGREE TALK day2 ID:6
3,talk,28,2,10,REQUEST(VOTE Agent[07])
3,talk,29,2,5,REQUEST(Agent[15] DIVINATION Agent[07])
3,talk,30,2,3,REQUEST(Agent[10] DIVINATION Agent[07])
3,talk,31,2,12,Skip
3,talk,32,2,8,REQUEST(Agent[10] DIVINATION Agent[07])
3,talk,33,3,5,VOTE Agent[07]
3,talk,34,3,13,DISAGREE TALK day1 ID:36
3,talk,35,3,9,VOTE Agent[07]
3,talk,36,3,3,VOTE Agent[07]
3,talk,37,3,15,Skip
3,talk,38,3,1,ESTIMATE Agent[13] WEREWOLF
3,talk,39,3,7,DISAGREE TALK day2 ID:21
3,talk,40,3,12,Over
3,talk,41,3,8,VOTE Agent[07]
3,talk,42,3,6,VOTE Agent[07]
3,talk,43,3,10,Skip
3,talk,44,4,10,Skip
3,talk,45,4,13,DISAGREE TALK day1 ID:37
3,talk,46,4,6,Skip
3,talk,47,4,9,Skip
3,talk,48,4,12,Over
3,talk,49,4,7,AGREE TALK day2 ID:35
3,talk,50,4,15,Skip
3,talk,51,4,5,Skip
3,talk,52,4,8,Skip
3,talk,53,4,1,VOTE Agent[08]
3,talk,54,4,3,Skip
3,talk,55,5,8,Skip
3,talk,56,5,15,Over
3,talk,57,5,1,VOTE Agent[10]
3,talk,58,5,9,Skip
3,talk,59,5,13,AGREE TALK day1 ID:80
3,talk,60,5,3,Skip
3,talk,61,5,6,Skip
3,talk,62,5,5,Skip
3,talk,63,5,7,AGREE TALK day2 ID:43
3,talk,64,5,10,Over
3,talk,65,5,12,Over
3,talk,66,6,6,Over
3,talk,67,6,15,Over
3,talk,68,6,13,DISAGREE TALK day1 ID:82
3,talk,69,6,1,Over
3,talk,70,6,10,Over
3,talk,71,6,7,ESTIMATE Agent[10] WEREWOLF
3,talk,72,6,12,Over
3,talk,73,6,8,Over
3,talk,74,6,3,Over
3,talk,75,6,9,Over
3,talk,76,6,5,Over
3,talk,77,7,9,Over
3,talk,78,7,6,Over
3,talk,79,7,13,DISAGREE TALK day2 ID:83
3,talk,80,7,7,REQUEST(Agent[15] DIVINATION Agent[10])
3,talk,81,7,12,Over
3,talk,82,7,8,Over
3,talk,83,7,3,Over
3,talk,84,7,1,Over
3,talk,85,7,10,Over
3,talk,86,7,5,Over
3,talk,87,7,15,Over
3,talk,88,8,10,Over
3,talk,89,8,7,VOTE Agent[10]
3,talk,90,8,13,DISAGREE TALK day2 ID:86
3,talk,91,8,15,Over
3,talk,92,8,5,Over
3,talk,93,8,6,Over
3,talk,94,8,1,Over
3,talk,95,8,9,Over
3,talk,96,8,3,Over
3,talk,97,8,12,Over
3,talk,98,8,8,Over
3,talk,99,9,5,Over
3,talk,100,9,15,Over
3,talk,101,9,13,DISAGREE TALK day2 ID:90
3,talk,102,9,10,Over
3,talk,103,9,8,Over
3,talk,104,9,3,Over
3,talk,105,9,7,Skip
3,talk,106,9,1,Over
3,talk,107,9,12,Over
3,talk,108,9,6,Over
3,talk,109,9,9,Over
3,talk,110,10,8,Over
3,talk,111,10,9,Over
3,talk,112,10,10,Over
3,talk,113,10,12,Over
3,talk,114,10,3,Over
3,talk,115,10,15,Over
3,talk,116,10,7,Skip
3,talk,117,10,1,Over
3,talk,118,10,5,Over
3,talk,119,10,13,Over
3,talk,120,10,6,Over
3,talk,121,11,12,Over
3,talk,122,11,10,Over
3,talk,123,11,3,Over
3,talk,124,11,7,Over
3,talk,125,11,13,Over
3,talk,126,11,6,Over
3,talk,127,11,9,Over
3,talk,128,11,8,Over
3,talk,129,11,15,Over
3,talk,130,11,1,Over
3,talk,131,11,5,Over
3,vote,1,10
3,vote,3,7
3,vote,5,7
3,vote,6,7
3,vote,7,10
3,vote,8,7
3,vote,9,7
3,vote,10,7
3,vote,12,7
3,vote,13,15
3,vote,15,8
3,execute,7,VILLAGER
3,whisper,0,0,10,ATTACK Agent[13]
3,whisper,1,0,1,ATTACK Agent[03]
3,whisper,2,1,10,REQUEST(ATTACK Agent[13])
3,whisper,3,1,1,Over
3,whisper,4,2,10,DIVINED Agent[08] WEREWOLF
3,whisper,5,2,1,Over
3,whisper,6,3,10,Skip
3,whisper,7,3,1,Over
3,whisper,8,4,10,Skip
3,whisper,9,4,1,Over
3,whisper,10,5,10,Over
3,whisper,11,5,1,Over
3,attackVote,1,3
3,attackVote,10,13
3,attackVote,1,3
3,attackVote,10,13
3,attack,3,true
4,status,1,WEREWOLF,ALIVE,wolf1
4,status,2,VILLAGER,DEAD,SampleRoleAssignPlayer
4,status,3,VILLAGER,DEAD,SampleRoleAssignPlayer
4,status,4,WEREWOLF,DEAD,SampleRoleAssignPlayer
4,status,5,VILLAGER,ALIVE,SampleRoleAssignPlayer
4,status,6,VILLAGER,ALIVE,SampleRoleAssignPlayer
4,status,7,VILLAGER,DEAD,SampleRoleAssignPlayer
4,status,8,VILLAGER,ALIVE,SampleRoleAssignPlayer
4,status,9,VILLAGER,ALIVE,SampleRoleAssignPlayer
4,status,10,WEREWOLF,ALIVE,SampleRoleAssignPlayer
4,status,11,BODYGUARD,DEAD,SampleRoleAssignPlayer
4,status,12,VILLAGER,ALIVE,SampleRoleAssignPlayer
4,status,13,MEDIUM,ALIVE,SampleRoleAssignPlayer
4,status,14,SEER,DEAD,SampleRoleAssignPlayer
4,status,15,POSSESSED,ALIVE,SampleRoleAssignPlayer
4,talk,0,0,8,DISAGREE TALK day1 ID:32
4,talk,1,0,12,AGREE TALK day3 ID:20
4,talk,2,0,9,AGREE TALK day3 ID:20
4,talk,3,0,1,VOTE Agent[10]
4,talk,4,0,10,DIVINED Agent[08] WEREWOLF
4,talk,5,0,5,AGREE TALK day3 ID:20
4,talk,6,0,13,IDENTIFIED Agent[07] HUMAN
4,talk,7,0,6,AGREE TALK day3 ID:20
4,talk,8,0,15,DIVINED Agent[13] HUMAN
4,talk,9,1,13,DISAGREE TALK day1 ID:32
4,talk,10,1,9,ESTIMATE Agent[08] WEREWOLF
4,talk,11,1,15,VOTE Agent[08]
4,talk,12,1,6,ESTIMATE Agent[08] WEREWOLF
4,talk,13,1,5,ESTIMATE Agent[08] WEREWOLF
4,talk,14,1,10,VOTE Agent[08]
4,talk,15,1,8,DISAGREE TALK day1 ID:34
4,talk,16,1,1,ESTIMATE Agent[04] WEREWOLF
4,talk,17,1,12,ESTIMATE Agent[08] WEREWOLF
4,talk,18,2,8,DISAGREE TALK day1 ID:36
4,talk,19,2,1,ESTIMATE Agent[05] WEREWOLF
4,talk,20,2,5,REQUEST(Agent[15] DIVINATION Agent[08])
4,talk,21,2,12,REQUEST(Agent[15] DIVINATION Agent[08])
4,talk,22,2,15,REQUEST(VOTE Agent[08])
4,talk,23,2,9,REQUEST(Agent[15] DIVINATION Agent[08])
4,talk,24,2,13,DISAGREE TALK day1 ID:34
4,talk,25,2,10,REQUEST(VOTE Agent[08])
4,talk,26,2,6,REQUEST(Agent[15] DIVINATION Agent[08])
4,talk,27,3,10,Skip
4,talk,28,3,5,VOTE Agent[08]
4,talk,29,3,9,VOTE Agent[08]
4,talk,30,3,1,ESTIMATE Agent[10] WEREWOLF
4,talk,31,3,8,DISAGREE TALK day1 ID:37
4,talk,32,3,6,VOTE Agent[08]
4,talk,33,3,15,Skip
4,talk,34,3,13,DISAGREE TALK day1 ID:36
4,talk,35,3,12,VOTE Agent[08]
4,talk,36,4,1,ESTIMATE Agent[13] MEDIUM
4,talk,37,4,12,Skip
4,talk,38,4,5,Skip
4,talk,39,4,6,Skip
4,talk,40,4,13,DISAGREE TALK day1 ID:37
4,talk,41,4,9,Skip
4,talk,42,4,8,AGREE TALK day1 ID:80
4,talk,43,4,10,Skip
4,talk,44,4,15,Skip
4,talk,45,5,10,Over
4,talk,46,5,6,Skip
4,talk,47,5,9,Skip
4,talk,48,5,1,VOTE Agent[15]
4,talk,49,5,15,Over
4,talk,50,5,8,DISAGREE TALK day1 ID:82
4,talk,51,5,13,AGREE TALK day1 ID:80
4,talk,52,5,5,Skip
4,talk,53,5,12,Skip
4,talk,54,6,5,Over
4,talk,55,6,8,DISAGREE TALK day2 ID:83
4,talk,56,6,10,Over
4,talk,57,6,12,Over
4,talk,58,6,6,Over
4,talk,59,6,9,Over
4,talk,60,6,13,DISAGREE TALK day1 ID:82
4,talk,61,6,1,Over
4,talk,62,6,15,Over
4,talk,63,7,6,Over
4,talk,64,7,9,Over
4,talk,65,7,10,Over
4,talk,66,7,8,DISAGREE TALK day2 ID:86
4,talk,67,7,13,DISAGREE TALK day2 ID:83
4,talk,68,7,15,Over
4,talk,69,7,5,Over
4,talk,70,7,12,Over
4,talk,71,7,1,Over
4,talk,72,8,15,Over
4,talk,73,8,1,Over
4,talk,74,8,8,DISAGREE TALK day2 ID:90
4,talk,75,8,12,Over
4,talk,76,8,5,Over
4,talk,77,8,10,Over
4,talk,78,8,13,DISAGREE TALK day2 ID:86
4,talk,79,8,6,Over
4,talk,80,8,9,Over
4,talk,81,9,5,Over
4,talk,82,9,10,Over
4,talk,83,9,15,Over
4,talk,84,9,8,AGREE TALK day2 ID:109
4,talk,85,9,9,Over
4,talk,86,9,13,DISAGREE TALK day2 ID:90
4,talk,87,9,12,Over
4,talk,88,9,6,Over
4,talk,89,9,1,Over
4,talk,90,10,12,Over
4,talk,91,10,13,Over
4,talk,92,10,6,Over
4,talk,93,10,15,Over
4,talk,94,10,8,Over
4,talk,95,10,5,Over
4,talk,96,10,10,Over
4,talk,97,10,9,Over
4,talk,98,10,1,Over
4,vote,1,15
4,vote,5,8
4,vote,6,8
4,vote,8,15
4,vote,9,8
4,vote,10,8
4,vote,12,8
4,vote,13,15
4,vote,15,8
4,execute,8,VILLAGER
4,whisper,0,0,1,ATTACK Agent[05]
4,whisper,1,0,10,ATTACK Agent[13]
4,whisper,2,1,10,REQUEST(ATTACK Agent[13])
4,whisper,3,1,1,Over
4,whisper,4,2,1,Over
4,whisper,5,2,10,DIVINED Agent[09] HUMAN
4,whisper,6,3,10,Skip
4,whisper,7,3,1,Over
4,whisper,8,4,1,Over
4,whisper,9,4,10,Skip
4,whisper,10,5,10,Over
4,whisper,11,5,1,Over
4,attackVote,1,5
4,attackVote,10,13
4,attackVote,1,5
4,attackVote,10,13
4,attack,5,true
5,status,1,WEREWOLF,ALIVE,wolf1
5,status,2,VILLAGER,DEAD,SampleRoleAssignPlayer
5,status,3,VILLAGER,DEAD,SampleRoleAssignPlayer
5,status,4,WEREWOLF,DEAD,SampleRoleAssignPlayer
5,status,5,VILLAGER,DEAD,SampleRoleAssignPlayer
5,status,6,VILLAGER,ALIVE,SampleRoleAssignPlayer
5,status,7,VILLAGER,DEAD,SampleRoleAssignPlayer
5,status,8,VILLAGER,DEAD,SampleRoleAssignPlayer
5,status,9,VILLAGER,ALIVE,SampleRoleAssignPlayer
5,status,10,WEREWOLF,ALIVE,SampleRoleAssignPlayer
5,status,11,BODYGUARD,DEAD,SampleRoleAssignPlayer
5,status,12,VILLAGER,ALIVE,SampleRoleAssignPlayer
5,status,13,MEDIUM,ALIVE,SampleRoleAssignPlayer
5,status,14,SEER,DEAD,SampleRoleAssignPlayer
5,status,15,POSSESSED,ALIVE,SampleRoleAssignPlayer
5,talk,0,0,10,DIVINED Agent[09] HUMAN
5,talk,1,0,1,VOTE Agent[10]
5,talk,2,0,15,DIVINED Agent[09] HUMAN
5,talk,3,0,6,VOTE Agent[15]
5,talk,4,0,9,VOTE Agent[06]
5,talk,5,0,13,IDENTIFIED Agent[08] HUMAN
5,talk,6,0,12,VOTE Agent[06]
5,talk,7,1,10,VOTE Agent[06]
5,talk,8,1,15,VOTE Agent[10]
5,talk,9,1,13,DISAGREE TALK day1 ID:32
5,talk,10,1,9,Skip
5,talk,11,1,1,ESTIMATE Agent[04] WEREWOLF
5,talk,12,1,12,Skip
5,talk,13,1,6,Skip
5,talk,14,2,13,DISAGREE TALK day1 ID:34
5,talk,15,2,10,REQUEST(VOTE Agent[06])
5,talk,16,2,9,Skip
5,talk,17,2,15,REQUEST(VOTE Agent[10])
5,talk,18,2,1,ESTIMATE Agent[10] WEREWOLF
5,talk,19,2,6,Skip
5,talk,20,2,12,Skip
5,talk,21,3,10,Skip
5,talk,22,3,9,Over
5,talk,23,3,13,DISAGREE TALK day1 ID:36
5,talk,24,3,12,Over
5,talk,25,3,15,Skip
5,talk,26,3,1,ESTIMATE Agent[12] WEREWOLF
5,talk,27,3,6,Over
5,talk,28,4,12,Over
5,talk,29,4,15,Skip
5,talk,30,4,10,Skip
5,talk,31,4,6,Over
5,talk,32,4,1,VOTE Agent[15]
5,talk,33,4,9,Over
5,talk,34,4,13,DISAGREE TALK day1 ID:37
5,talk,35,5,15,Over
5,talk,36,5,13,AGREE TALK day1 ID:80
5,talk,37,5,1,ESTIMATE Agent[13] MEDIUM
5,talk,38,5,6,Over
5,talk,39,5,10,Over
5,talk,40,5,12,Over
5,talk,41,5,9,Over
5,talk,42,6,13,DISAGREE TALK day1 ID:82
5,talk,43,6,6,Over
5,talk,44,6,15,Over
5,talk,45,6,9,Over
5,talk,46,6,12,Over
5,talk,47,6,1,Over
5,talk,48,6,10,Over
5,talk,49,7,6,Over
5,talk,50,7,15,Over
5,talk,51,7,13,DISAGREE TALK day2 ID:83
5,talk,52,7,1,Over
5,talk,53,7,12,Over
5,talk,54,7,10,Over
5,talk,55,7,9,Over
5,talk,56,8,12,Over
5,talk,57,8,13,DISAGREE TALK day2 ID:86
5,talk,58,8,1,Over
5,talk,59,8,10,Over
5,talk,60,8,6,Over
5,talk,61,8,9,Over
5,talk,62,8,15,Over
5,talk,63,9,15,Over
5,talk,64,9,1,Over
5,talk,65,9,6,Over
5,talk,66,9,13,DISAGREE TALK day2 ID:90
5,talk,67,9,10,Over
5,talk,68,9,9,Over
5,talk,69,9,12,Over
5,talk,70,10,1,Over
5,talk,71,10,12,Over
5,talk,72,10,10,Over
5,talk,73,10,13,Over
5,talk,74,10,6,Over
5,talk,75,10,9,Over
5,talk,76,10,15,Over
5,vote,1,15
5,vote,6,15
5,vote,9,6
5,vote,10,6
5,vote,12,6
5,vote,13,15
5,vote,15,10
5,vote,1,15
5,vote,6,15
5,vote,9,6
5,vote,10,6
5,vote,12,6
5,vote,13,15
5,vote,15,12
5,execute,15,POSSESSED
5,whisper,0,0,1,ATTACK Agent[09]
5,whisper,1,0,10,ATTACK Agent[13]
5,whisper,2,1,10,REQUEST(ATTACK Agent[13])
5,whisper,3,1,1,Over
5,whisper,4,2,1,Over
5,whisper,5,2,10,DIVINED Agent[12] HUMAN
5,whisper,6,3,10,Skip
5,whisper,7,3,1,Over
5,whisper,8,4,1,Over
5,whisper,9,4,10,Skip
5,whisper,10,5,1,Over
5,whisper,11,5,10,Over
5,attackVote,1,9
5,attackVote,10,13
5,attackVote,1,9
5,attackVote,10,13
5,attack,13,true
6,status,1,WEREWOLF,ALIVE,wolf1
6,status,2,VILLAGER,DEAD,SampleRoleAssignPlayer
6,status,3,VILLAGER,DEAD,SampleRoleAssignPlayer
6,status,4,WEREWOLF,DEAD,SampleRoleAssignPlayer
6,status,5,VILLAGER,DEAD,SampleRoleAssignPlayer
6,status,6,VILLAGER,ALIVE,SampleRoleAssignPlayer
6,status,7,VILLAGER,DEAD,SampleRoleAssignPlayer
6,status,8,VILLAGER,DEAD,SampleRoleAssignPlayer
6,status,9,VILLAGER,ALIVE,SampleRoleAssignPlayer
6,status,10,WEREWOLF,ALIVE,SampleRoleAssignPlayer
6,status,11,BODYGUARD,DEAD,SampleRoleAssignPlayer
6,status,12,VILLAGER,ALIVE,SampleRoleAssignPlayer
6,status,13,MEDIUM,DEAD,SampleRoleAssignPlayer
6,status,14,SEER,DEAD,SampleRoleAssignPlayer
6,status,15,POSSESSED,DEAD,SampleRoleAssignPlayer
6,talk,0,0,6,AGREE TALK day2 ID:3
6,talk,1,0,9,AGREE TALK day2 ID:3
6,talk,2,0,10,DIVINED Agent[12] HUMAN
6,talk,3,0,1,VOTE Agent[10]
6,talk,4,0,12,AGREE TALK day2 ID:3
6,talk,5,1,12,AGREE TALK day2 ID:6
6,talk,6,1,10,VOTE Agent[06]
6,talk,7,1,9,AGREE TALK day2 ID:6
6,talk,8,1,1,ESTIMATE Agent[04] WEREWOLF
6,talk,9,1,6,AGREE TALK day2 ID:6
6,talk,10,2,1,ESTIMATE Agent[09] WEREWOLF
6,talk,11,2,9,AGREE TALK day2 ID:21
6,talk,12,2,10,REQUEST(VOTE Agent[06])
6,talk,13,2,12,AGREE TALK day2 ID:21
6,talk,14,2,6,AGREE TALK day2 ID:21
6,talk,15,3,6,DISAGREE TALK day2 ID:35
6,talk,16,3,1,ESTIMATE Agent[15] WEREWOLF
6,talk,17,3,10,Skip
6,talk,18,3,9,DISAGREE TALK day2 ID:35
6,talk,19,3,12,DISAGREE TALK day2 ID:35
6,talk,20,4,1,Over
6,talk,21,4,9,DISAGREE TALK day2 ID:43
6,talk,22,4,12,DISAGREE TALK day2 ID:43
6,talk,23,4,10,Skip
6,talk,24,4,6,DISAGREE TALK day2 ID:43
6,talk,25,5,10,Over
6,talk,26,5,9,DISAGREE TALK day3 ID:22
6,talk,27,5,6,DISAGREE TALK day3 ID:22
6,talk,28,5,1,Over
6,talk,29,5,12,DISAGREE TALK day3 ID:22
6,talk,30,6,12,DISAGREE TALK day3 ID:71
6,talk,31,6,1,Over
6,talk,32,6,10,Over
6,talk,33,6,9,DISAGREE TALK day3 ID:71
6,talk,34,6,6,DISAGREE TALK day3 ID:71
6,talk,35,7,1,Over
6,talk,36,7,9,DISAGREE TALK day4 ID:30
6,talk,37,7,12,DISAGREE TALK day4 ID:30
6,talk,38,7,10,Over
6,talk,39,7,6,DISAGREE TALK day4 ID:30
6,talk,40,8,1,Over
6,talk,41,8,12,DISAGREE TALK day5 ID:18
6,talk,42,8,9,DISAGREE TALK day5 ID:18
6,talk,43,8,6,DISAGREE TALK day5 ID:18
6,talk,44,8,10,Over
6,talk,45,9,1,Over
6,talk,46,9,10,Over
6,talk,47,9,6,ESTIMATE Agent[10] SEER
6,talk,48,9,12,ESTIMATE Agent[10] SEER
6,talk,49,9,9,ESTIMATE Agent[10] SEER
6,talk,50,10,9,Over
6,talk,51,10,12,Over
6,talk,52,10,10,Over
6,talk,53,10,1,Over
6,talk,54,10,6,Over
6,vote,1,10
6,vote,6,9
6,vote,9,1
6,vote,10,6
6,vote,12,6
6,execute,6,VILLAGER
6,whisper,0,0,10,ATTACK Agent[09]
6,whisper,1,0,1,Over
6,whisper,2,1,1,Over
6,whisper,3,1,10,REQUEST(ATTACK Agent[09])
6,whisper,4,2,10,DIVINED Agent[09] HUMAN
6,whisper,5,2,1,Over
6,whisper,6,3,1,Over
6,whisper,7,3,10,Skip
6,whisper,8,4,1,Over
6,whisper,9,4,10,Skip
6,whisper,10,5,10,Over
6,whisper,11,5,1,Over
6,attackVote,1,9
6,attackVote,10,9
6,attack,9,true
7,status,1,WEREWOLF,ALIVE,wolf1
7,status,2,VILLAGER,DEAD,SampleRoleAssignPlayer
7,status,3,VILLAGER,DEAD,SampleRoleAssignPlayer
7,status,4,WEREWOLF,DEAD,SampleRoleAssignPlayer
7,status,5,VILLAGER,DEAD,SampleRoleAssignPlayer
7,status,6,VILLAGER,DEAD,SampleRoleAssignPlayer
7,status,7,VILLAGER,DEAD,SampleRoleAssignPlayer
7,status,8,VILLAGER,DEAD,SampleRoleAssignPlayer
7,status,9,VILLAGER,DEAD,SampleRoleAssignPlayer
7,status,10,WEREWOLF,ALIVE,SampleRoleAssignPlayer
7,status,11,BODYGUARD,DEAD,SampleRoleAssignPlayer
7,status,12,VILLAGER,ALIVE,SampleRoleAssignPlayer
7,status,13,MEDIUM,DEAD,SampleRoleAssignPlayer
7,status,14,SEER,DEAD,SampleRoleAssignPlayer
7,status,15,POSSESSED,DEAD,SampleRoleAssignPlayer
7,result,1,2,WEREWOLF
