0,status,1,WEREWOLF,ALIVE,wolf1
0,status,2,VILLAGER,ALIVE,SampleRoleAssignPlayer
0,status,3,BODYGUARD,ALIVE,SampleRoleAssignPlayer
0,status,4,VILLAGER,ALIVE,SampleRoleAssignPlayer
0,status,5,VILLAGER,ALIVE,SampleRoleAssignPlayer
0,status,6,WEREWOLF,ALIVE,SampleRoleAssignPlayer
0,status,7,MEDIUM,ALIVE,SampleRoleAssignPlayer
0,status,8,VILLAGER,ALIVE,SampleRoleAssignPlayer
0,status,9,POSSESSED,ALIVE,SampleRoleAssignPlayer
0,status,10,VILLAGER,ALIVE,SampleRoleAssignPlayer
0,status,11,VILLAGER,ALIVE,SampleRoleAssignPlayer
0,status,12,SEER,ALIVE,SampleRoleAssignPlayer
0,status,13,VILLAGER,ALIVE,SampleRoleAssignPlayer
0,status,14,VILLAGER,ALIVE,SampleRoleAssignPlayer
0,status,15,WEREWOLF,ALIVE,SampleRoleAssignPlayer
0,whisper,0,0,15,COMINGOUT Agent[15] SEER
0,whisper,1,0,6,COMINGOUT Agent[06] VILLAGER
0,whisper,2,0,1,COMINGOUT Agent[01] VILLAGER
0,whisper,3,1,15,Skip
0,whisper,4,1,6,Skip
0,whisper,5,1,1,ATTACK Agent[02]
0,whisper,6,2,15,Skip
0,whisper,7,2,1,Over
0,whisper,8,2,6,COMINGOUT Agent[06] MEDIUM
0,whisper,9,3,1,Over
0,whisper,10,3,6,Skip
0,whisper,11,3,15,DIVINED Agent[12] HUMAN
0,whisper,12,4,1,Over
0,whisper,13,4,15,Skip
0,whisper,14,4,6,Skip
0,whisper,15,5,6,Over
0,whisper,16,5,1,Over
0,whisper,17,5,15,Skip
0,whisper,18,6,15,Over
0,whisper,19,6,1,Over
0,whisper,20,6,6,Over
0,divine,12,10,HUMAN
1,status,1,WEREWOLF,ALIVE,wolf1
1,status,2,VILLAGER,ALIVE,SampleRoleAssignPlayer
1,status,3,BODYGUARD,ALIVE,SampleRoleAssignPlayer
1,status,4,VILLAGER,ALIVE,SampleRoleAssignPlayer
1,status,5,VILLAGER,ALIVE,SampleRoleAssignPlayer
1,status,6,WEREWOLF,ALIVE,SampleRoleAssignPlayer
1,status,7,MEDIUM,ALIVE,SampleRoleAssignPlayer
1,status,8,VILLAGER,ALIVE,SampleRoleAssignPlayer
1,status,9,POSSESSED,ALIVE,SampleRoleAssignPlayer
1,status,10,VILLAGER,ALIVE,SampleRoleAssignPlayer
1,status,11,VILLAGER,ALIVE,SampleRoleAssignPlayer
1,status,12,SEER,ALIVE,SampleRoleAssignPlayer
1,status,13,VILLAGER,ALIVE,SampleRoleAssignPlayer
1,status,14,VILLAGER,ALIVE,SampleRoleAssignPlayer
1,status,15,WEREWOLF,ALIVE,SampleRoleAssignPlayer
1,talk,0,0,11,VOTE Agent[03]
1,talk,1,0,1,VOTE Agent[05]
1,talk,2,0,12,VOTE Agent[10]
1,talk,3,0,15,VOTE Agent[03]
1,talk,4,0,5,VOTE Agent[08]
1,talk,5,0,13,VOTE Agent[08]
1,talk,6,0,14,VOTE Agent[02]
1,talk,7,0,7,VOTE Agent[11]
1,talk,8,0,4,VOTE Agent[14]
1,talk,9,0,6,VOTE Agent[13]
1,talk,10,0,10,VOTE Agent[15]
1,talk,11,0,8,VOTE Agent[13]
1,talk,12,0,2,VOTE Agent[13]
1,talk,13,0,3,VOTE Agent[09]
1,talk,14,0,9,COMINGOUT Agent[09] SEER
1,talk,15,1,12,COMINGOUT Agent[12] SEER
1,talk,16,1,15,REQUEST(VOTE Agent[03])
1,talk,17,1,11,Skip
1,talk,18,1,5,Skip
1,talk,19,1,1,ESTIMATE Agent[05] WEREWOLF
1,talk,20,1,4,Skip
1,talk,21,1,13,Skip
1,talk,22,1,3,Skip
1,talk,23,1,6,REQUEST(VOTE Agent[13])
1,talk,24,1,10,Skip
1,talk,25,1,2,Skip
1,talk,26,1,14,Skip
1,talk,27,1,8,Skip
1,talk,28,1,7,Skip
1,talk,29,1,9,DIVINED Agent[04] HUMAN
1,talk,30,2,10,ESTIMATE Agent[09] SEER
1,talk,31,2,12,DIVINED Agent[10] HUMAN
1,talk,32,2,9,VOTE Agent[12]
1,talk,33,2,1,ESTIMATE Agent[07] WEREWOLF
1,talk,34,2,2,ESTIMATE Agent[09] SEER
1,talk,35,2,14,ESTIMATE Agent[09] SEER
1,talk,36,2,8,ESTIMATE Agent[09] SEER
1,talk,37,2,4,ESTIMATE Agent[09] SEER
1,talk,38,2,7,ESTIMATE Agent[09] SEER
1,talk,39,2,3,ESTIMATE Agent[09] SEER
1,talk,40,2,15,COMINGOUT Agent[15] SEER
1,talk,41,2,5,ESTIMATE Agent[09] SEER
1,talk,42,2,6,COMINGOUT Agent[06] MEDIUM
1,talk,43,2,11,ESTIMATE Agent[09] SEER
1,talk,44,2,13,ESTIMATE Agent[09] SEER
1,talk,45,3,11,Skip
1,talk,46,3,9,REQUEST(VOTE Agent[12])
1,talk,47,3,10,Skip
1,talk,48,3,7,COMINGOUT Agent[07] MEDIUM
1,talk,49,3,6,Skip
1,talk,50,3,2,Skip
1,talk,51,3,5,Skip
1,talk,52,3,8,Skip
1,talk,53,3,4,Skip
1,talk,54,3,13,Skip
1,talk,55,3,3,Skip
1,talk,56,3,1,ESTIMATE Agent[12] WEREWOLF
1,talk,57,3,15,DIVINED Agent[12] HUMAN
1,talk,58,3,12,ESTIMATE Agent[09] WEREWOLF
1,talk,59,3,14,Skip
1,talk,60,4,12,VOTE Agent[09]
1,talk,61,4,1,VOTE Agent[07]
1,talk,62,4,8,Skip
1,talk,63,4,9,Skip
1,talk,64,4,15,VOTE Agent[09]
1,talk,65,4,14,Skip
1,talk,66,4,3,Skip
1,talk,67,4,11,Skip
1,talk,68,4,4,Skip
1,talk,69,4,2,Skip
1,talk,70,4,6,VOTE Agent[07]
1,talk,71,4,10,Skip
1,talk,72,4,5,Skip
1,talk,73,4,7,ESTIMATE Agent[06] WEREWOLF
1,talk,74,4,13,Skip
1,talk,75,5,8,Over
1,talk,76,5,2,Over
1,talk,77,5,11,Over
1,talk,78,5,7,REQUEST(Agent[09] DIVINATION Agent[06])
1,talk,79,5,6,REQUEST(VOTE Agent[07])
1,talk,80,5,10,Over
1,talk,81,5,14,Over
1,talk,82,5,15,REQUEST(VOTE Agent[09])
1,talk,83,5,12,Skip
1,talk,84,5,1,ESTIMATE Agent[09] WEREWOLF
1,talk,85,5,4,Over
1,talk,86,5,13,Over
1,talk,87,5,9,Skip
1,talk,88,5,5,Over
1,talk,89,5,3,Over
1,talk,90,6,2,Over
1,talk,91,6,7,VOTE Agent[06]
1,talk,92,6,13,Over
1,talk,93,6,11,Over
1,talk,94,6,6,Skip
1,talk,95,6,5,Over
1,talk,96,6,1,Over
1,talk,97,6,3,Over
1,talk,98,6,9,Over
1,talk,99,6,8,Over
1,talk,100,6,15,Skip
1,talk,101,6,14,Over
1,talk,102,6,10,Over
1,talk,103,6,12,Skip
1,talk,104,6,4,Over
1,talk,105,7,10,Over
1,talk,106,7,6,Skip
1,talk,107,7,5,Over
1,talk,108,7,11,Over
1,talk,109,7,12,Over
1,talk,110,7,9,Over
1,talk,111,7,8,Over
1,talk,112,7,2,Over
1,talk,113,7,3,Over
1,talk,114,7,15,Skip
1,talk,115,7,1,Over
1,talk,116,7,13,Over
1,talk,117,7,4,Over
1,talk,118,7,7,Skip
1,talk,119,7,14,Over
1,talk,120,8,1,Over
1,talk,121,8,3,Over
1,talk,122,8,9,Over
1,talk,123,8,15,Over
1,talk,124,8,10,Over
1,talk,125,8,13,Over
1,talk,126,8,5,Over
1,talk,127,8,2,Over
1,talk,128,8,6,Over
1,talk,129,8,14,Over
1,talk,130,8,11,Over
1,talk,131,8,4,Over
1,talk,132,8,12,Over
1,talk,133,8,7,Skip
1,talk,134,8,8,Over
1,talk,135,9,9,Over
1,talk,136,9,1,Over
1,talk,137,9,14,Over
1,talk,138,9,2,Over
1,talk,139,9,11,Over
1,talk,140,9,3,Over
1,talk,141,9,15,Over
1,talk,142,9,10,Over
1,talk,143,9,4,Over
1,talk,144,9,7,Over
1,talk,145,9,8,Over
1,talk,146,9,6,Over
1,talk,147,9,12,Over
1,talk,148,9,5,Over
1,talk,149,9,13,Over
1,vote,1,7
1,vote,2,13
1,vote,3,9
1,vote,4,14
1,vote,5,8
1,vote,6,7
1,vote,7,6
1,vote,8,13
1,vote,9,12
1,vote,10,15
1,vote,11,3
1,vote,12,9
1,vote,13,8
1,vote,14,2
1,vote,15,9
1,execute,9,POSSESSED
1,whisper,0,0,6,ATTACK Agent[07]
1,whisper,1,0,1,ATTACK Agent[12]
1,whisper,2,0,15,ATTACK Agent[07]
1,whisper,3,1,6,REQUEST(ATTACK Agent[07])
1,whisper,4,1,1,Over
1,whisper,5,1,15,REQUEST(ATTACK Agent[07])
1,whisper,6,2,15,DIVINED Agent[10] HUMAN
1,whisper,7,2,6,IDENTIFIED Agent[09] WEREWOLF
1,whisper,8,2,1,Over
1,whisper,9,3,15,Skip
1,whisper,10,3,1,Over
1,whisper,11,3,6,Skip
1,whisper,12,4,6,Skip
1,whisper,13,4,1,Over
1,whisper,14,4,15,Skip
1,whisper,15,5,15,Over
1,whisper,16,5,1,Over
1,whisper,17,5,6,Over
1,guard,3,9,POSSESSED
1,attackVote,1,12
1,attackVote,6,7
1,attackVote,15,7
1,attack,7,true
2,status,1,WEREWOLF,ALIVE,wolf1
2,status,2,VILLAGER,ALIVE,SampleRoleAssignPlayer
2,status,3,BODYGUARD,ALIVE,SampleRoleAssignPlayer
2,status,4,VILLAGER,ALIVE,SampleRoleAssignPlayer
2,status,5,VILLAGER,ALIVE,SampleRoleAssignPlayer
2,status,6,WEREWOLF,ALIVE,SampleRoleAssignPlayer
2,status,7,MEDIUM,DEAD,SampleRoleAssignPlayer
2,status,8,VILLAGER,ALIVE,SampleRoleAssignPlayer
2,status,9,POSSESSED,DEAD,SampleRoleAssignPlayer
2,status,10,VILLAGER,ALIVE,SampleRoleAssignPlayer
2,status,11,VILLAGER,ALIVE,SampleRoleAssignPlayer
2,status,12,SEER,ALIVE,SampleRoleAssignPlayer
2,status,13,VILLAGER,ALIVE,SampleRoleAssignPlayer
2,status,14,VILLAGER,ALIVE,SampleRoleAssignPlayer
2,status,15,WEREWOLF,ALIVE,SampleRoleAssignPlayer
2,talk,0,0,8,ESTIMATE Agent[15] SEER
2,talk,1,0,11,DISAGREE TALK day1 ID:56
2,talk,2,0,5,DISAGREE TALK day1 ID:56
2,talk,3,0,12,ESTIMATE Agent[15] WEREWOLF
2,talk,4,0,10,DISAGREE TALK day1 ID:56
2,talk,5,0,2,DISAGREE TALK day1 ID:56
2,talk,6,0,1,VOTE Agent[06]
2,talk,7,0,14,ESTIMATE Agent[15] SEER
2,talk,8,0,15,DIVINED Agent[10] HUMAN
2,talk,9,0,3,DISAGREE TALK day1 ID:56
2,talk,10,0,4,DISAGREE TALK day1 ID:56
2,talk,11,0,6,IDENTIFIED Agent[09] WEREWOLF
2,talk,12,0,13,DISAGREE TALK day1 ID:56
2,talk,13,1,1,ESTIMATE Agent[05] WEREWOLF
2,talk,14,1,10,ESTIMATE Agent[12] SEER
2,talk,15,1,12,VOTE Agent[15]
2,talk,16,1,3,ESTIMATE Agent[12] SEER
2,talk,17,1,5,ESTIMATE Agent[12] SEER
2,talk,18,1,4,ESTIMATE Agent[12] SEER
2,talk,19,1,11,ESTIMATE Agent[12] SEER
2,talk,20,1,6,VOTE Agent[14]
2,talk,21,1,15,VOTE Agent[12]
2,talk,22,1,2,ESTIMATE Agent[12] SEER
2,talk,23,1,8,VOTE Agent[06]
2,talk,24,1,14,VOTE Agent[10]
2,talk,25,1,13,ESTIMATE Agent[12] SEER
2,talk,26,2,6,REQUEST(VOTE Agent[14])
2,talk,27,2,13,VOTE Agent[11]
2,talk,28,2,4,VOTE Agent[14]
2,talk,29,2,8,Skip
2,talk,30,2,15,REQUEST(VOTE Agent[12])
2,talk,31,2,11,VOTE Agent[06]
2,talk,32,2,2,VOTE Agent[05]
2,talk,33,2,5,VOTE Agent[10]
2,talk,34,2,3,VOTE Agent[13]
2,talk,35,2,12,Skip
2,talk,36,2,10,VOTE Agent[01]
2,talk,37,2,1,ESTIMATE Agent[06] WEREWOLF
2,talk,38,2,14,Skip
2,talk,39,3,4,Skip
2,talk,40,3,1,ESTIMATE Agent[09] WEREWOLF
2,talk,41,3,13,Skip
2,talk,42,3,2,Skip
2,talk,43,3,15,Skip
2,talk,44,3,8,Skip
2,talk,45,3,11,Skip
2,talk,46,3,6,Skip
2,talk,47,3,14,Skip
2,talk,48,3,3,Skip
2,talk,49,3,12,Skip
2,talk,50,3,10,Skip
2,talk,51,3,5,Skip
2,talk,52,4,2,Skip
2,talk,53,4,3,Skip
2,talk,54,4,12,Over
2,talk,55,4,4,Skip
2,talk,56,4,10,Skip
2,talk,57,4,5,Skip
2,talk,58,4,1,Over
2,talk,59,4,6,Skip
2,talk,60,4,8,Over
2,talk,61,4,14,Over
2,talk,62,4,13,Skip
2,talk,63,4,11,Skip
2,talk,64,4,15,Skip
2,talk,65,5,5,Over
2,talk,66,5,1,Over
2,talk,67,5,4,Over
2,talk,68,5,13,Over
2,talk,69,5,11,Over
2,talk,70,5,6,Over
2,talk,71,5,8,Over
2,talk,72,5,12,Over
2,talk,73,5,3,Over
2,talk,74,5,14,Over
2,talk,75,5,10,Over
2,talk,76,5,2,Over
2,talk,77,5,15,Over
2,vote,1,6
2,vote,2,5
2,vote,3,13
2,vote,4,14
2,vote,5,10
2,vote,6,14
2,vote,8,6
2,vote,10,1
2,vote,11,6
2,vote,12,15
2,vote,13,11
2,vote,14,10
2,vote,15,12
2,execute,6,WEREWOLF
2,divine,12,15,WEREWOLF
2,whisper,0,0,1,Over
2,whisper,1,0,15,ATTACK Agent[12]
2,whisper,2,1,15,REQUEST(ATTACK Agent[12])
2,whisper,3,1,1,Over
2,whisper,4,2,15,DIVINED Agent[04] HUMAN
2,whisper,5,2,1,Over
2,whisper,6,3,1,Over
2,whisper,7,3,15,Skip
2,whisper,8,4,1,Over
2,whisper,9,4,15,Skip
2,whisper,10,5,15,Over
2,whisper,11,5,1,Over
2,guard,3,12,SEER
2,attackVote,1,12
2,attackVote,15,12
2,attack,12,false
3,status,1,WEREWOLF,ALIVE,wolf1
3,status,2,VILLAGER,ALIVE,SampleRoleAssignPlayer
3,status,3,BODYGUARD,ALIVE,SampleRoleAssignPlayer
3,status,4,VILLAGER,ALIVE,SampleRoleAssignPlayer
3,status,5,VILLAGER,ALIVE,SampleRoleAssignPlayer
3,status,6,WEREWOLF,DEAD,SampleRoleAssignPlayer
3,status,7,MEDIUM,DEAD,SampleRoleAssignPlayer
3,status,8,VILLAGER,ALIVE,SampleRoleAssignPlayer
3,status,9,POSSESSED,DEAD,SampleRoleAssignPlayer
3,status,10,VILLAGER,ALIVE,SampleRoleAssignPlayer
3,status,11,VILLAGER,ALIVE,SampleRoleAssignPlayer
3,status,12,SEER,ALIVE,SampleRoleAssignPlayer
3,status,13,VILLAGER,ALIVE,SampleRoleAssignPlayer
3,status,14,VILLAGER,ALIVE,SampleRoleAssignPlayer
3,status,15,WEREWOLF,ALIVE,SampleRoleAssignPlayer
3,talk,0,0,14,VOTE Agent[08]
3,talk,1,0,4,VOTE Agent[05]
3,talk,2,0,2,VOTE Agent[14]
3,talk,3,0,8,VOTE Agent[14]
3,talk,4,0,13,VOTE Agent[01]
3,talk,5,0,11,VOTE Agent[01]
3,talk,6,0,10,VOTE Agent[01]
3,talk,7,0,15,DIVINED Agent[04] HUMAN
3,talk,8,0,5,VOTE Agent[03]
3,talk,9,0,12,DIVINED Agent[15] WEREWOLF
3,talk,10,0,1,VOTE Agent[05]
3,talk,11,0,3,VOTE Agent[01]
3,talk,12,1,5,DISAGREE TALK day2 ID:0
3,talk,13,1,3,DISAGREE TALK day2 ID:0
3,talk,14,1,4,DISAGREE TALK day2 ID:0
3,talk,15,1,13,DISAGREE TALK day2 ID:0
3,talk,16,1,2,DISAGREE TALK day2 ID:0
3,talk,17,1,1,ESTIMATE Agent[05] WEREWOLF
3,talk,18,1,12,REQUEST(VOTE Agent[15])
3,talk,19,1,14,DISAGREE TALK day2 ID:0
3,talk,20,1,10,DISAGREE TALK day2 ID:0
3,talk,21,1,11,DISAGREE TALK day2 ID:0
3,talk,22,1,8,DISAGREE TALK day2 ID:0
3,talk,23,1,15,VOTE Agent[12]
3,talk,24,2,2,AGREE TALK day2 ID:3
3,talk,25,2,11,AGREE TALK day2 ID:3
3,talk,26,2,10,AGREE TALK day2 ID:3
3,talk,27,2,15,REQUEST(VOTE Agent[12])
3,talk,28,2,3,AGREE TALK day2 ID:3
3,talk,29,2,13,AGREE TALK day2 ID:3
3,talk,30,2,12,VOTE Agent[15]
3,talk,31,2,8,AGREE TALK day2 ID:3
3,talk,32,2,5,AGREE TALK day2 ID:3
3,talk,33,2,4,AGREE TALK day2 ID:3
3,talk,34,2,14,AGREE TALK day2 ID:3
3,talk,35,2,1,ESTIMATE Agent[06] WEREWOLF
3,talk,36,3,5,DISAGREE TALK day2 ID:7
3,talk,37,3,11,DISAGREE TALK day2 ID:7
3,talk,38,3,2,DISAGREE TALK day2 ID:7
3,talk,39,3,12,Skip
3,talk,40,3,15,Skip
3,talk,41,3,8,DISAGREE TALK day2 ID:7
3,talk,42,3,13,DISAGREE TALK day2 ID:7
3,talk,43,3,3,DISAGREE TALK day2 ID:7
3,talk,44,3,10,DISAGREE TALK day2 ID:7
3,talk,45,3,14,DISAGREE TALK day2 ID:7
3,talk,46,3,1,ESTIMATE Agent[09] WEREWOLF
3,talk,47,3,4,DISAGREE TALK day2 ID:7
3,talk,48,4,10,ESTIMATE Agent[15] WEREWOLF
3,talk,49,4,13,ESTIMATE Agent[15] WEREWOLF
3,talk,50,4,11,ESTIMATE Agent[15] WEREWOLF
3,talk,51,4,5,ESTIMATE Agent[15] WEREWOLF
3,talk,52,4,4,ESTIMATE Agent[15] WEREWOLF
3,talk,53,4,12,Skip
3,talk,54,4,3,ESTIMATE Agent[15] WEREWOLF
3,talk,55,4,15,Skip
3,talk,56,4,2,ESTIMATE Agent[15] WEREWOLF
3,talk,57,4,1,VOTE Agent[15]
3,talk,58,4,14,ESTIMATE Agent[15] WEREWOLF
3,talk,59,4,8,ESTIMATE Agent[15] WEREWOLF
3,talk,60,5,14,REQUEST(Agent[15] DIVINATION Agent[15])
3,talk,61,5,11,REQUEST(Agent[12] DIVINATION Agent[15])
3,talk,62,5,13,REQUEST(Agent[12] DIVINATION Agent[15])
3,talk,63,5,12,Over
3,talk,64,5,15,Over
3,talk,65,5,10,REQUEST(Agent[12] DIVINATION Agent[15])
3,talk,66,5,5,REQUEST(Agent[12] DIVINATION Agent[15])
3,talk,67,5,2,REQUEST(Agent[12] DIVINATION Agent[15])
3,talk,68,5,4,REQUEST(Agent[12] DIVINATION Agent[15])
3,talk,69,5,8,REQUEST(Agent[15] DIVINATION Agent[15])
3,talk,70,5,1,ESTIMATE Agent[10] VILLAGER
3,talk,71,5,3,REQUEST(Agent[12] DIVINATION Agent[15])
3,talk,72,6,15,Over
3,talk,73,6,1,Over
3,talk,74,6,11,VOTE Agent[15]
3,talk,75,6,13,VOTE Agent[15]
3,talk,76,6,12,Over
3,talk,77,6,14,VOTE Agent[15]
3,talk,78,6,3,VOTE Agent[15]
3,talk,79,6,5,VOTE Agent[15]
3,talk,80,6,10,VOTE Agent[15]
3,talk,81,6,2,VOTE Agent[15]
3,talk,82,6,4,VOTE Agent[15]
3,talk,83,6,8,VOTE Agent[15]
3,talk,84,7,13,Skip
3,talk,85,7,14,Skip
3,talk,86,7,1,Over
3,talk,87,7,10,Skip
3,talk,88,7,5,Skip
3,talk,89,7,3,Skip
3,talk,90,7,8,Skip
3,talk,91,7,2,Skip
3,talk,92,7,12,Over
3,talk,93,7,4,Skip
3,talk,94,7,15,Over
3,talk,95,7,11,Skip
3,talk,96,8,12,Over
3,talk,97,8,3,Skip
3,talk,98,8,8,Skip
3,talk,99,8,10,Skip
3,talk,100,8,14,Skip
3,talk,101,8,13,Skip
3,talk,102,8,15,Over
3,talk,103,8,2,Skip
3,talk,104,8,1,Over
3,talk,105,8,5,Skip
3,talk,106,8,4,Skip
3,talk,107,8,11,Skip
3,talk,108,9,2,Over
3,talk,109,9,3,Over
3,talk,110,9,4,Over
3,talk,111,9,14,Over
3,talk,112,9,15,Over
3,talk,113,9,12,Over
3,talk,114,9,13,Over
3,talk,115,9,1,Over
3,talk,116,9,10,Over
3,talk,117,9,5,Over
3,talk,118,9,8,Over
3,talk,119,9,11,Over
3,vote,1,15
3,vote,2,15
3,vote,3,15
3,vote,4,15
3,vote,5,15
3,vote,8,15
3,vote,10,15
3,vote,11,15
3,vote,12,15
3,vote,13,15
3,vote,14,15
3,vote,15,12
3,execute,15,WEREWOLF
3,guard,3,12,SEER
4,status,1,WEREWOLF,ALIVE,wolf1
4,status,2,VILLAGER,ALIVE,SampleRoleAssignPlayer
4,status,3,BODYGUARD,ALIVE,SampleRoleAssignPlayer
4,status,4,VILLAGER,ALIVE,SampleRoleAssignPlayer
4,status,5,VILLAGER,ALIVE,SampleRoleAssignPlayer
4,status,6,WEREWOLF,DEAD,SampleRoleAssignPlayer
4,status,7,MEDIUM,DEAD,SampleRoleAssignPlayer
4,status,8,VILLAGER,ALIVE,SampleRoleAssignPlayer
4,status,9,POSSESSED,DEAD,SampleRoleAssignPlayer
4,status,10,VILLAGER,ALIVE,SampleRoleAssignPlayer
4,status,11,VILLAGER,ALIVE,SampleRoleAssignPlayer
4,status,12,SEER,ALIVE,SampleRoleAssignPlayer
4,status,13,VILLAGER,ALIVE,SampleRoleAssignPlayer
4,status,14,VILLAGER,ALIVE,SampleRoleAssignPlayer
4,status,15,WEREWOLF,DEAD,SampleRoleAssignPlayer
4,talk,0,0,14,DISAGREE TALK day1 ID:56
4,talk,1,0,10,VOTE Agent[03]
4,talk,2,0,4,VOTE Agent[01]
4,talk,3,0,12,VOTE Agent[08]
4,talk,4,0,5,VOTE Agent[03]
4,talk,5,0,8,DISAGREE TALK day1 ID:56
4,talk,6,0,2,VOTE Agent[14]
4,talk,7,0,11,VOTE Agent[08]
4,talk,8,0,13,VOTE Agent[03]
4,talk,9,0,3,VOTE Agent[01]
4,talk,10,0,1,VOTE Agent[05]
4,talk,11,1,10,Skip
4,talk,12,1,1,ESTIMATE Agent[05] WEREWOLF
4,talk,13,1,12,Skip
4,talk,14,1,5,Skip
4,talk,15,1,4,Skip
4,talk,16,1,3,Skip
4,talk,17,1,2,Skip
4,talk,18,1,8,AGREE TALK day2 ID:14
4,talk,19,1,11,Skip
4,talk,20,1,14,AGREE TALK day2 ID:14
4,talk,21,1,13,Skip
4,talk,22,2,2,Skip
4,talk,23,2,3,Skip
4,talk,24,2,4,Skip
4,talk,25,2,12,Skip
4,talk,26,2,1,ESTIMATE Agent[06] WEREWOLF
4,talk,27,2,8,AGREE TALK day2 ID:16
4,talk,28,2,14,AGREE TALK day2 ID:16
4,talk,29,2,13,Skip
4,talk,30,2,5,Skip
4,talk,31,2,11,Skip
4,talk,32,2,10,Skip
4,talk,33,3,8,AGREE TALK day2 ID:17
4,talk,34,3,13,Over
4,talk,35,3,14,AGREE TALK day2 ID:17
4,talk,36,3,2,Over
4,talk,37,3,3,Over
4,talk,38,3,10,Over
4,talk,39,3,1,ESTIMATE Agent[09] WEREWOLF
4,talk,40,3,5,Over
4,talk,41,3,11,Over
4,talk,42,3,12,Over
4,talk,43,3,4,Over
4,talk,44,4,10,Over
4,talk,45,4,11,Over
4,talk,46,4,5,Over
4,talk,47,4,3,Over
4,talk,48,4,12,Over
4,talk,49,4,14,AGREE TALK day2 ID:18
4,talk,50,4,8,AGREE TALK day2 ID:18
4,talk,51,4,1,VOTE Agent[12]
4,talk,52,4,4,Over
4,talk,53,4,13,Over
4,talk,54,4,2,Over
4,talk,55,5,14,AGREE TALK day2 ID:19
4,talk,56,5,5,Over
4,talk,57,5,13,Over
4,talk,58,5,1,ESTIMATE Agent[10] VILLAGER
4,talk,59,5,2,Over
4,talk,60,5,4,Over
4,talk,61,5,3,Over
4,talk,62,5,12,Over
4,talk,63,5,11,Over
4,talk,64,5,8,AGREE TALK day2 ID:19
4,talk,65,5,10,Over
4,talk,66,6,2,Over
4,talk,67,6,1,Over
4,talk,68,6,3,Over
4,talk,69,6,11,Over
4,talk,70,6,14,AGREE TALK day2 ID:22
4,talk,71,6,8,AGREE TALK day2 ID:22
4,talk,72,6,4,Over
4,talk,73,6,5,Over
4,talk,74,6,12,Over
4,talk,75,6,10,Over
4,talk,76,6,13,Over
4,talk,77,7,8,AGREE TALK day2 ID:25
4,talk,78,7,4,Over
4,talk,79,7,12,Over
4,talk,80,7,13,Over
4,talk,81,7,3,Over
4,talk,82,7,2,Over
4,talk,83,7,5,Over
4,talk,84,7,1,Over
4,talk,85,7,14,AGREE TALK day2 ID:25
4,talk,86,7,10,Over
4,talk,87,7,11,Over
4,talk,88,8,5,Over
4,talk,89,8,8,ESTIMATE Agent[12] SEER
4,talk,90,8,10,Over
4,talk,91,8,3,Over
4,talk,92,8,13,Over
4,talk,93,8,2,Over
4,talk,94,8,12,Over
4,talk,95,8,4,Over
4,talk,96,8,14,ESTIMATE Agent[12] SEER
4,talk,97,8,11,Over
4,talk,98,8,1,Over
4,talk,99,9,5,Over
4,talk,100,9,8,VOTE Agent[12]
4,talk,101,9,4,Over
4,talk,102,9,13,Over
4,talk,103,9,2,Over
4,talk,104,9,14,VOTE Agent[04]
4,talk,105,9,10,Over
4,talk,106,9,12,Over
4,talk,107,9,1,Over
4,talk,108,9,11,Over
4,talk,109,9,3,Over
4,talk,110,10,1,Over
4,talk,111,10,3,Over
4,talk,112,10,10,Over
4,talk,113,10,11,Over
4,talk,114,10,8,Over
4,talk,115,10,5,Over
4,talk,116,10,4,Over
4,talk,117,10,14,Over
4,talk,118,10,12,Over
4,talk,119,10,13,Over
4,talk,120,10,2,Over
4,vote,1,12
4,vote,2,14
4,vote,3,1
4,vote,4,1
4,vote,5,3
4,vote,8,12
4,vote,10,3
4,vote,11,8
4,vote,12,8
4,vote,13,3
4,vote,14,4
4,execute,3,BODYGUARD
4,divine,12,8,HUMAN
4,attackVote,1,12
4,attack,12,true
5,status,1,WEREWOLF,ALIVE,wolf1
5,status,2,VILLAGER,ALIVE,SampleRoleAssignPlayer
5,status,3,BODYGUARD,DEAD,SampleRoleAssignPlayer
5,status,4,VILLAGER,ALIVE,SampleRoleAssignPlayer
5,status,5,VILLAGER,ALIVE,SampleRoleAssignPlayer
5,status,6,WEREWOLF,DEAD,SampleRoleAssignPlayer
5,status,7,MEDIUM,DEAD,SampleRoleAssignPlayer
5,status,8,VILLAGER,ALIVE,SampleRoleAssignPlayer
5,status,9,POSSESSED,DEAD,SampleRoleAssignPlayer
5,status,10,VILLAGER,ALIVE,SampleRoleAssignPlayer
5,status,11,VILLAGER,ALIVE,SampleRoleAssignPlayer
5,status,12,SEER,DEAD,SampleRoleAssignPlayer
5,status,13,VILLAGER,ALIVE,SampleRoleAssignPlayer
5,status,14,VILLAGER,ALIVE,SampleRoleAssignPlayer
5,status,15,WEREWOLF,DEAD,SampleRoleAssignPlayer
5,talk,0,0,10,VOTE Agent[02]
5,talk,1,0,2,VOTE Agent[05]
5,talk,2,0,13,VOTE Agent[01]
5,talk,3,0,5,VOTE Agent[02]
5,talk,4,0,8,VOTE Agent[02]
5,talk,5,0,1,VOTE Agent[05]
5,talk,6,0,4,VOTE Agent[01]
5,talk,7,0,11,VOTE Agent[02]
5,talk,8,0,14,VOTE Agent[01]
5,talk,9,1,5,Skip
5,talk,10,1,8,Skip
5,talk,11,1,11,Skip
5,talk,12,1,13,Skip
5,talk,13,1,4,Skip
5,talk,14,1,14,Skip
5,talk,15,1,10,Skip
5,talk,16,1,2,Skip
5,talk,17,1,1,ESTIMATE Agent[05] WEREWOLF
5,talk,18,2,5,Skip
5,talk,19,2,13,Skip
5,talk,20,2,4,Skip
5,talk,21,2,14,Skip
5,talk,22,2,11,Skip
5,talk,23,2,1,ESTIMATE Agent[06] WEREWOLF
5,talk,24,2,8,Skip
5,talk,25,2,10,Skip
5,talk,26,2,2,Skip
5,talk,27,3,11,Over
5,talk,28,3,5,Over
5,talk,29,3,13,Over
5,talk,30,3,4,Over
5,talk,31,3,10,Over
5,talk,32,3,1,ESTIMATE Agent[09] WEREWOLF
5,talk,33,3,14,Over
5,talk,34,3,8,Over
5,talk,35,3,2,Over
5,talk,36,4,10,Over
5,talk,37,4,8,Over
5,talk,38,4,5,Over
5,talk,39,4,2,Over
5,talk,40,4,11,Over
5,talk,41,4,14,Over
5,talk,42,4,13,Over
5,talk,43,4,4,Over
5,talk,44,4,1,VOTE Agent[02]
5,talk,45,5,11,Over
5,talk,46,5,5,Over
5,talk,47,5,1,ESTIMATE Agent[10] VILLAGER
5,talk,48,5,4,Over
5,talk,49,5,14,Over
5,talk,50,5,2,Over
5,talk,51,5,13,Over
5,talk,52,5,8,Over
5,talk,53,5,10,Over
5,talk,54,6,1,Over
5,talk,55,6,5,Over
5,talk,56,6,13,Over
5,talk,57,6,14,Over
5,talk,58,6,10,Over
5,talk,59,6,2,Over
5,talk,60,6,4,Over
5,talk,61,6,8,Over
5,talk,62,6,11,Over
5,vote,1,2
5,vote,2,5
5,vote,4,1
5,vote,5,2
5,vote,8,2
5,vote,10,2
5,vote,11,2
5,vote,13,1
5,vote,14,1
5,execute,2,VILLAGER
5,attackVote,1,4
5,attack,4,true
6,status,1,WEREWOLF,ALIVE,wolf1
6,status,2,VILLAGER,DEAD,SampleRoleAssignPlayer
6,status,3,BODYGUARD,DEAD,SampleRoleAssignPlayer
6,status,4,VILLAGER,DEAD,SampleRoleAssignPlayer
6,status,5,VILLAGER,ALIVE,SampleRoleAssignPlayer
6,status,6,WEREWOLF,DEAD,SampleRoleAssignPlayer
6,status,7,MEDIUM,DEAD,SampleRoleAssignPlayer
6,status,8,VILLAGER,ALIVE,SampleRoleAssignPlayer
6,status,9,POSSESSED,DEAD,SampleRoleAssignPlayer
6,status,10,VILLAGER,ALIVE,SampleRoleAssignPlayer
6,status,11,VILLAGER,ALIVE,SampleRoleAssignPlayer
6,status,12,SEER,DEAD,SampleRoleAssignPlayer
6,status,13,VILLAGER,ALIVE,SampleRoleAssignPlayer
6,status,14,VILLAGER,ALIVE,SampleRoleAssignPlayer
6,status,15,WEREWOLF,DEAD,SampleRoleAssignPlayer
6,talk,0,0,14,VOTE Agent[10]
6,talk,1,0,8,VOTE Agent[05]
6,talk,2,0,10,VOTE Agent[05]
6,talk,3,0,5,VOTE Agent[10]
6,talk,4,0,13,VOTE Agent[14]
6,talk,5,0,1,VOTE Agent[05]
6,talk,6,0,11,VOTE Agent[05]
6,talk,7,1,8,Skip
6,talk,8,1,5,Skip
6,talk,9,1,13,Skip
6,talk,10,1,10,Skip
6,talk,11,1,1,ESTIMATE Agent[05] WEREWOLF
6,talk,12,1,14,Skip
6,talk,13,1,11,Skip
6,talk,14,2,13,Skip
6,talk,15,2,14,Skip
6,talk,16,2,11,Skip
6,talk,17,2,8,Skip
6,talk,18,2,10,Skip
6,talk,19,2,5,Skip
6,talk,20,2,1,ESTIMATE Agent[06] WEREWOLF
6,talk,21,3,11,Over
6,talk,22,3,13,Over
6,talk,23,3,14,Over
6,talk,24,3,5,Over
6,talk,25,3,8,Over
6,talk,26,3,10,Over
6,talk,27,3,1,ESTIMATE Agent[09] WEREWOLF
6,talk,28,4,8,Over
6,talk,29,4,11,Over
6,talk,30,4,14,Over
6,talk,31,4,5,Over
6,talk,32,4,10,Over
6,talk,33,4,1,ESTIMATE Agent[10] VILLAGER
6,talk,34,4,13,Over
6,talk,35,5,8,Over
6,talk,36,5,1,Over
6,talk,37,5,11,Over
6,talk,38,5,10,Over
6,talk,39,5,13,Over
6,talk,40,5,14,Over
6,talk,41,5,5,Over
6,vote,1,5
6,vote,5,10
6,vote,8,5
6,vote,10,5
6,vote,11,5
6,vote,13,14
6,vote,14,10
6,execute,5,VILLAGER
6,attackVote,1,10
6,attack,10,true
7,status,1,WEREWOLF,ALIVE,wolf1
7,status,2,VILLAGER,DEAD,SampleRoleAssignPlayer
7,status,3,BODYGUARD,DEAD,SampleRoleAssignPlayer
7,status,4,VILLAGER,DEAD,SampleRoleAssignPlayer
7,status,5,VILLAGER,DEAD,SampleRoleAssignPlayer
7,status,6,WEREWOLF,DEAD,SampleRoleAssignPlayer
7,status,7,MEDIUM,DEAD,SampleRoleAssignPlayer
7,status,8,VILLAGER,ALIVE,SampleRoleAssignPlayer
7,status,9,POSSESSED,DEAD,SampleRoleAssignPlayer
7,status,10,VILLAGER,DEAD,SampleRoleAssignPlayer
7,status,11,VILLAGER,ALIVE,SampleRoleAssignPlayer
7,status,12,SEER,DEAD,SampleRoleAssignPlayer
7,status,13,VILLAGER,ALIVE,SampleRoleAssignPlayer
7,status,14,VILLAGER,ALIVE,SampleRoleAssignPlayer
7,status,15,WEREWOLF,DEAD,SampleRoleAssignPlayer
7,talk,0,0,13,VOTE Agent[08]
7,talk,1,0,11,VOTE Agent[13]
7,talk,2,0,1,VOTE Agent[13]
7,talk,3,0,8,VOTE Agent[14]
7,talk,4,0,14,VOTE Agent[11]
7,talk,5,1,13,Skip
7,talk,6,1,14,Skip
7,talk,7,1,8,Skip
7,talk,8,1,1,ESTIMATE Agent[06] WEREWOLF
7,talk,9,1,11,Skip
7,talk,10,2,14,Skip
7,talk,11,2,11,Skip
7,talk,12,2,13,Skip
7,talk,13,2,8,Skip
7,talk,14,2,1,ESTIMATE Agent[09] WEREWOLF
7,talk,15,3,13,Over
7,talk,16,3,14,Over
7,talk,17,3,8,Over
7,talk,18,3,11,Over
7,talk,19,3,1,ESTIMATE Agent[13] WEREWOLF
7,talk,20,4,8,Over
7,talk,21,4,14,Over
7,talk,22,4,1,Over
7,talk,23,4,13,Over
7,talk,24,4,11,Over
7,vote,1,13
7,vote,8,14
7,vote,11,13
7,vote,13,8
7,vote,14,11
7,execute,13,VILLAGER
7,attackVote,1,8
7,attack,8,true
8,status,1,WEREWOLF,ALIVE,wolf1
8,status,2,VILLAGER,DEAD,SampleRoleAssignPlayer
8,status,3,BODYGUARD,DEAD,SampleRoleAssignPlayer
8,status,4,VILLAGER,DEAD,SampleRoleAssignPlayer
8,status,5,VILLAGER,DEAD,SampleRoleAssignPlayer
8,status,6,WEREWOLF,DEAD,SampleRoleAssignPlayer
8,status,7,MEDIUM,DEAD,SampleRoleAssignPlayer
8,status,8,VILLAGER,DEAD,SampleRoleAssignPlayer
8,status,9,POSSESSED,DEAD,SampleRoleAssignPlayer
8,status,10,VILLAGER,DEAD,SampleRoleAssignPlayer
8,status,11,VILLAGER,ALIVE,SampleRoleAssignPlayer
8,status,12,SEER,DEAD,SampleRoleAssignPlayer
8,status,13,VILLAGER,DEAD,SampleRoleAssignPlayer
8,status,14,VILLAGER,ALIVE,SampleRoleAssignPlayer
8,status,15,WEREWOLF,DEAD,SampleRoleAssignPlayer
8,talk,0,0,14,VOTE Agent[01]
8,talk,1,0,1,ESTIMATE Agent[06] WEREWOLF
8,talk,2,0,11,VOTE Agent[14]
8,talk,3,1,14,Skip
8,talk,4,1,11,Skip
8,talk,5,1,1,ESTIMATE Agent[09] WEREWOLF
8,talk,6,2,14,Skip
8,talk,7,2,11,Skip
8,talk,8,2,1,ESTIMATE Agent[11] WEREWOLF
8,talk,9,3,1,Over
8,talk,10,3,14,Over
8,talk,11,3,11,Over
8,vote,1,11
8,vote,11,14
8,vote,14,1
8,vote,1,11
8,vote,11,14
8,vote,14,1
8,execute,1,WEREWOLF
8,attack,14,true
9,status,1,WEREWOLF,DEAD,wolf1
9,status,2,VILLAGER,DEAD,SampleRoleAssignPlayer
9,status,3,BODYGUARD,DEAD,SampleRoleAssignPlayer
9,status,4,VILLAGER,DEAD,SampleRoleAssignPlayer
9,status,5,VILLAGER,DEAD,SampleRoleAssignPlayer
9,status,6,WEREWOLF,DEAD,SampleRoleAssignPlayer
9,status,7,MEDIUM,DEAD,SampleRoleAssignPlayer
9,status,8,VILLAGER,DEAD,SampleRoleAssignPlayer
9,status,9,POSSESSED,DEAD,SampleRoleAssignPlayer
9,status,10,VILLAGER,DEAD,SampleRoleAssignPlayer
9,status,11,VILLAGER,ALIVE,SampleRoleAssignPlayer
9,status,12,SEER,DEAD,SampleRoleAssignPlayer
9,status,13,VILLAGER,DEAD,SampleRoleAssignPlayer
9,status,14,VILLAGER,DEAD,SampleRoleAssignPlayer
9,status,15,WEREWOLF,DEAD,SampleRoleAssignPlayer
9,result,1,0,VILLAGER
