0,status,1,VILLAGER,ALIVE,wolf1
0,status,2,BODYGUARD,ALIVE,SampleRoleAssignPlayer
0,status,3,WEREWOLF,ALIVE,SampleRoleAssignPlayer
0,status,4,VILLAGER,ALIVE,SampleRoleAssignPlayer
0,status,5,WEREWOLF,ALIVE,SampleRoleAssignPlayer
0,status,6,VILLAGER,ALIVE,SampleRoleAssignPlayer
0,status,7,MEDIUM,ALIVE,SampleRoleAssignPlayer
0,status,8,VILLAGER,ALIVE,SampleRoleAssignPlayer
0,status,9,WEREWOLF,ALIVE,SampleRoleAssignPlayer
0,status,10,VILLAGER,ALIVE,SampleRoleAssignPlayer
0,status,11,POSSESSED,ALIVE,SampleRoleAssignPlayer
0,status,12,SEER,ALIVE,SampleRoleAssignPlayer
0,status,13,VILLAGER,ALIVE,SampleRoleAssignPlayer
0,status,14,VILLAGER,ALIVE,SampleRoleAssignPlayer
0,status,15,VILLAGER,ALIVE,SampleRoleAssignPlayer
0,whisper,0,0,9,COMINGOUT Agent[09] MEDIUM
0,whisper,1,0,3,COMINGOUT Agent[03] VILLAGER
0,whisper,2,0,5,COMINGOUT Agent[05] MEDIUM
0,whisper,3,1,3,COMINGOUT Agent[03] SEER
0,whisper,4,1,9,Skip
0,whisper,5,1,5,COMINGOUT Agent[05] VILLAGER
0,whisper,6,2,5,Skip
0,whisper,7,2,9,Skip
0,whisper,8,2,3,DIVINED Agent[12] WEREWOLF
0,whisper,9,3,9,Over
0,whisper,10,3,3,Skip
0,whisper,11,3,5,Skip
0,whisper,12,4,3,Skip
0,whisper,13,4,5,Over
0,whisper,14,4,9,Over
0,whisper,15,5,5,Over
0,whisper,16,5,9,Over
0,whisper,17,5,3,Over
0,divine,12,11,HUMAN
1,status,1,VILLAGER,ALIVE,wolf1
1,status,2,BODYGUARD,ALIVE,SampleRoleAssignPlayer
1,status,3,WEREWOLF,ALIVE,SampleRoleAssignPlayer
1,status,4,VILLAGER,ALIVE,SampleRoleAssignPlayer
1,status,5,WEREWOLF,ALIVE,SampleRoleAssignPlayer
1,status,6,VILLAGER,ALIVE,SampleRoleAssignPlayer
1,status,7,MEDIUM,ALIVE,SampleRoleAssignPlayer
1,status,8,VILLAGER,ALIVE,SampleRoleAssignPlayer
1,status,9,WEREWOLF,ALIVE,SampleRoleAssignPlayer
1,status,10,VILLAGER,ALIVE,SampleRoleAssignPlayer
1,status,11,POSSESSED,ALIVE,SampleRoleAssignPlayer
1,status,12,SEER,ALIVE,SampleRoleAssignPlayer
1,status,13,VILLAGER,ALIVE,SampleRoleAssignPlayer
1,status,14,VILLAGER,ALIVE,SampleRoleAssignPlayer
1,status,15,VILLAGER,ALIVE,SampleRoleAssignPlayer
1,talk,0,0,13,VOTE Agent[07]
1,talk,1,0,1,VOTE Agent[10]
1,talk,2,0,12,COMINGOUT Agent[12] SEER
1,talk,3,0,8,VOTE Agent[07]
1,talk,4,0,7,COMINGOUT Agent[07] MEDIUM
1,talk,5,0,11,COMINGOUT Agent[11] SEER
1,talk,6,0,6,VOTE Agent[13]
1,talk,7,0,15,VOTE Agent[03]
1,talk,8,0,14,VOTE Agent[06]
1,talk,9,0,5,VOTE Agent[13]
1,talk,10,0,2,VOTE Agent[15]
1,talk,11,0,4,VOTE Agent[12]
1,talk,12,0,9,VOTE Agent[02]
1,talk,13,0,10,VOTE Agent[07]
1,talk,14,0,3,VOTE Agent[12]
1,talk,15,1,5,REQUEST(VOTE Agent[13])
1,talk,16,1,14,Skip
1,talk,17,1,12,DIVINED Agent[11] HUMAN
1,talk,18,1,9,REQUEST(VOTE Agent[02])
1,talk,19,1,13,Skip
1,talk,20,1,1,ESTIMATE Agent[04] WEREWOLF
1,talk,21,1,7,VOTE Agent[13]
1,talk,22,1,11,DIVINED Agent[13] HUMAN
1,talk,23,1,10,Skip
1,talk,24,1,2,Skip
1,talk,25,1,15,Skip
1,talk,26,1,4,Skip
1,talk,27,1,6,Skip
1,talk,28,1,8,Skip
1,talk,29,1,3,REQUEST(VOTE Agent[12])
1,talk,30,2,1,ESTIMATE Agent[09] WEREWOLF
1,talk,31,2,5,Skip
1,talk,32,2,2,ESTIMATE Agent[11] SEER
1,talk,33,2,8,ESTIMATE Agent[12] SEER
1,talk,34,2,6,ESTIMATE Agent[11] SEER
1,talk,35,2,13,ESTIMATE Agent[12] SEER
1,talk,36,2,4,ESTIMATE Agent[12] SEER
1,talk,37,2,9,COMINGOUT Agent[09] MEDIUM
1,talk,38,2,14,ESTIMATE Agent[11] SEER
1,talk,39,2,3,COMINGOUT Agent[03] SEER
1,talk,40,2,12,VOTE Agent[10]
1,talk,41,2,7,ESTIMATE Agent[12] SEER
1,talk,42,2,15,ESTIMATE Agent[11] SEER
1,talk,43,2,10,ESTIMATE Agent[12] SEER
1,talk,44,2,11,REQUEST(VOTE Agent[04])
1,talk,45,3,11,VOTE Agent[12]
1,talk,46,3,9,VOTE Agent[07]
1,talk,47,3,4,Skip
1,talk,48,3,6,Skip
1,talk,49,3,12,ESTIMATE Agent[03] WEREWOLF
1,talk,50,3,14,Skip
1,talk,51,3,15,Skip
1,talk,52,3,10,Skip
1,talk,53,3,13,Skip
1,talk,54,3,1,ESTIMATE Agent[10] WEREWOLF
1,talk,55,3,5,Skip
1,talk,56,3,8,Skip
1,talk,57,3,7,AGREE TALK day1 ID:30
1,talk,58,3,2,Skip
1,talk,59,3,3,DIVINED Agent[12] WEREWOLF
1,talk,60,4,1,VOTE Agent[07]
1,talk,61,4,5,Over
1,talk,62,4,3,Skip
1,talk,63,4,13,DISAGREE TALK day1 ID:33
1,talk,64,4,9,REQUEST(VOTE Agent[07])
1,talk,65,4,4,Skip
1,talk,66,4,8,DISAGREE TALK day1 ID:33
1,talk,67,4,11,REQUEST(VOTE Agent[12])
1,talk,68,4,7,ESTIMATE Agent[09] WEREWOLF
1,talk,69,4,12,VOTE Agent[03]
1,talk,70,4,2,DISAGREE TALK day1 ID:33
1,talk,71,4,14,DISAGREE TALK day1 ID:33
1,talk,72,4,10,DISAGREE TALK day1 ID:33
1,talk,73,4,6,DISAGREE TALK day1 ID:33
1,talk,74,4,15,DISAGREE TALK day1 ID:33
1,talk,75,5,13,DISAGREE TALK day1 ID:35
1,talk,76,5,5,Over
1,talk,77,5,7,REQUEST(Agent[12] DIVINATION Agent[09])
1,talk,78,5,9,Skip
1,talk,79,5,6,DISAGREE TALK day1 ID:35
1,talk,80,5,8,DISAGREE TALK day1 ID:35
1,talk,81,5,11,VOTE Agent[03]
1,talk,82,5,4,Over
1,talk,83,5,3,Skip
1,talk,84,5,14,DISAGREE TALK day1 ID:35
1,talk,85,5,15,DISAGREE TALK day1 ID:35
1,talk,86,5,10,DISAGREE TALK day1 ID:35
1,talk,87,5,2,DISAGREE TALK day1 ID:35
1,talk,88,5,12,Skip
1,talk,89,5,1,ESTIMATE Agent[12] WEREWOLF
1,talk,90,6,4,Over
1,talk,91,6,10,DISAGREE TALK day1 ID:36
1,talk,92,6,13,DISAGREE TALK day1 ID:36
1,talk,93,6,5,Over
1,talk,94,6,8,DISAGREE TALK day1 ID:36
1,talk,95,6,11,REQUEST(VOTE Agent[03])
1,talk,96,6,9,Skip
1,talk,97,6,12,Skip
1,talk,98,6,6,DISAGREE TALK day1 ID:36
1,talk,99,6,1,Over
1,talk,100,6,2,DISAGREE TALK day1 ID:36
1,talk,101,6,7,VOTE Agent[09]
1,talk,102,6,14,DISAGREE TALK day1 ID:36
1,talk,103,6,15,DISAGREE TALK day1 ID:36
1,talk,104,6,3,Over
1,talk,105,7,10,DISAGREE TALK day1 ID:41
1,talk,106,7,3,Over
1,talk,107,7,4,Over
1,talk,108,7,1,Over
1,talk,109,7,15,DISAGREE TALK day1 ID:41
1,talk,110,7,7,Skip
1,talk,111,7,13,DISAGREE TALK day1 ID:41
1,talk,112,7,6,DISAGREE TALK day1 ID:41
1,talk,113,7,9,Over
1,talk,114,7,12,Over
1,talk,115,7,5,Over
1,talk,116,7,8,DISAGREE TALK day1 ID:41
1,talk,117,7,11,Skip
1,talk,118,7,2,DISAGREE TALK day1 ID:41
1,talk,119,7,14,DISAGREE TALK day1 ID:41
1,talk,120,8,11,Skip
1,talk,121,8,5,Over
1,talk,122,8,9,Over
1,talk,123,8,3,Over
1,talk,124,8,13,DISAGREE TALK day1 ID:43
1,talk,125,8,8,DISAGREE TALK day1 ID:43
1,talk,126,8,15,DISAGREE TALK day1 ID:43
1,talk,127,8,2,DISAGREE TALK day1 ID:43
1,talk,128,8,12,Over
1,talk,129,8,7,Skip
1,talk,130,8,14,DISAGREE TALK day1 ID:43
1,talk,131,8,4,Over
1,talk,132,8,1,Over
1,talk,133,8,6,DISAGREE TALK day1 ID:43
1,talk,134,8,10,DISAGREE TALK day1 ID:43
1,talk,135,9,5,Over
1,talk,136,9,1,Over
1,talk,137,9,13,ESTIMATE Agent[12] WEREWOLF
1,talk,138,9,12,Over
1,talk,139,9,9,Over
1,talk,140,9,3,Over
1,talk,141,9,14,ESTIMATE Agent[12] WEREWOLF
1,talk,142,9,6,ESTIMATE Agent[12] WEREWOLF
1,talk,143,9,11,Over
1,talk,144,9,7,Over
1,talk,145,9,10,ESTIMATE Agent[12] WEREWOLF
1,talk,146,9,4,Over
1,talk,147,9,2,ESTIMATE Agent[12] WEREWOLF
1,talk,148,9,15,ESTIMATE Agent[12] WEREWOLF
1,talk,149,9,8,ESTIMATE Agent[12] WEREWOLF
1,talk,150,10,5,Over
1,talk,151,10,12,Over
1,talk,152,10,6,REQUEST(Agent[11] DIVINATION Agent[12])
1,talk,153,10,7,Over
1,talk,154,10,13,REQUEST(Agent[12] DIVINATION Agent[12])
1,talk,155,10,9,Over
1,talk,156,10,14,REQUEST(Agent[11] DIVINATION Agent[12])
1,talk,157,10,3,Over
1,talk,158,10,4,Over
1,talk,159,10,1,Over
1,talk,160,10,8,REQUEST(Agent[12] DIVINATION Agent[12])
1,talk,161,10,11,Over
1,talk,162,10,2,REQUEST(Agent[11] DIVINATION Agent[12])
1,talk,163,10,15,REQUEST(Agent[11] DIVINATION Agent[12])
1,talk,164,10,10,REQUEST(Agent[12] DIVINATION Agent[12])
1,talk,165,11,6,VOTE Agent[12]
1,talk,166,11,4,Over
1,talk,167,11,2,VOTE Agent[12]
1,talk,168,11,10,VOTE Agent[12]
1,talk,169,11,13,VOTE Agent[12]
1,talk,170,11,5,Over
1,talk,171,11,14,VOTE Agent[12]
1,talk,172,11,12,Over
1,talk,173,11,7,Over
1,talk,174,11,8,VOTE Agent[12]
1,talk,175,11,3,Over
1,talk,176,11,9,Over
1,talk,177,11,11,Over
1,talk,178,11,15,VOTE Agent[12]
1,talk,179,11,1,Over
1,talk,180,12,11,Over
1,talk,181,12,14,Over
1,talk,182,12,10,Over
1,talk,183,12,3,Over
1,talk,184,12,15,Over
1,talk,185,12,1,VOTE Agent[09]
1,talk,186,12,7,Over
1,talk,187,12,4,Over
1,talk,188,12,2,Over
1,talk,189,12,9,Over
1,talk,190,12,6,Over
1,talk,191,12,5,Over
1,talk,192,12,13,Over
1,talk,193,12,8,Over
1,talk,194,12,12,Over
1,talk,195,13,7,Over
1,talk,196,13,9,Over
1,talk,197,13,11,Over
1,talk,198,13,14,Over
1,talk,199,13,1,Over
1,talk,200,13,3,Over
1,talk,201,13,10,Over
1,talk,202,13,6,Over
1,talk,203,13,4,Over
1,talk,204,13,8,Over
1,talk,205,13,5,Over
1,talk,206,13,15,Over
1,talk,207,13,13,Over
1,talk,208,13,2,Over
1,talk,209,13,12,Over
1,vote,1,9
1,vote,2,12
1,vote,3,12
1,vote,4,12
1,vote,5,13
1,vote,6,12
1,vote,7,9
1,vote,8,12
1,vote,9,7
1,vote,10,12
1,vote,11,3
1,vote,12,3
1,vote,13,12
1,vote,14,12
1,vote,15,12
1,execute,12,SEER
1,whisper,0,0,9,ATTACK Agent[07]
1,whisper,1,0,3,ATTACK Agent[07]
1,whisper,2,0,5,ATTACK Agent[07]
1,whisper,3,1,3,REQUEST(ATTACK Agent[07])
1,whisper,4,1,9,REQUEST(ATTACK Agent[07])
1,whisper,5,1,5,REQUEST(ATTACK Agent[07])
1,whisper,6,2,5,Skip
1,whisper,7,2,9,IDENTIFIED Agent[12] WEREWOLF
1,whisper,8,2,3,DIVINED Agent[06] HUMAN
1,whisper,9,3,3,Skip
1,whisper,10,3,9,Skip
1,whisper,11,3,5,Skip
1,whisper,12,4,3,Skip
1,whisper,13,4,5,Over
1,whisper,14,4,9,Skip
1,whisper,15,5,3,Over
1,whisper,16,5,5,Over
1,whisper,17,5,9,Over
1,guard,2,11,POSSESSED
1,attackVote,3,7
1,attackVote,5,7
1,attackVote,9,7
1,attack,7,true
2,status,1,VILLAGER,ALIVE,wolf1
2,status,2,BODYGUARD,ALIVE,SampleRoleAssignPlayer
2,status,3,WEREWOLF,ALIVE,SampleRoleAssignPlayer
2,status,4,VILLAGER,ALIVE,SampleRoleAssignPlayer
2,status,5,WEREWOLF,ALIVE,SampleRoleAssignPlayer
2,status,6,VILLAGER,ALIVE,SampleRoleAssignPlayer
2,status,7,MEDIUM,DEAD,SampleRoleAssignPlayer
2,status,8,VILLAGER,ALIVE,SampleRoleAssignPlayer
2,status,9,WEREWOLF,ALIVE,SampleRoleAssignPlayer
2,status,10,VILLAGER,ALIVE,SampleRoleAssignPlayer
2,status,11,POSSESSED,ALIVE,SampleRoleAssignPlayer
2,status,12,SEER,DEAD,SampleRoleAssignPlayer
2,status,13,VILLAGER,ALIVE,SampleRoleAssignPlayer
2,status,14,VILLAGER,ALIVE,SampleRoleAssignPlayer
2,status,15,VILLAGER,ALIVE,SampleRoleAssignPlayer
2,talk,0,0,8,DISAGREE TALK day1 ID:49
2,talk,1,0,1,VOTE Agent[09]
2,talk,2,0,3,DIVINED Agent[06] HUMAN
2,talk,3,0,5,VOTE Agent[13]
2,talk,4,0,11,DIVINED Agent[05] WEREWOLF
2,talk,5,0,4,AGREE TALK day1 ID:32
2,talk,6,0,15,VOTE Agent[04]
2,talk,7,0,9,IDENTIFIED Agent[12] WEREWOLF
2,talk,8,0,10,AGREE TALK day1 ID:32
2,talk,9,0,13,AGREE TALK day1 ID:32
2,talk,10,0,6,VOTE Agent[05]
2,talk,11,0,2,VOTE Agent[05]
2,talk,12,0,14,VOTE Agent[01]
2,talk,13,1,11,VOTE Agent[03]
2,talk,14,1,14,ESTIMATE Agent[05] WEREWOLF
2,talk,15,1,5,REQUEST(VOTE Agent[13])
2,talk,16,1,2,Skip
2,talk,17,1,4,AGREE TALK day1 ID:34
2,talk,18,1,3,VOTE Agent[11]
2,talk,19,1,8,ESTIMATE Agent[03] SEER
2,talk,20,1,1,ESTIMATE Agent[03] WEREWOLF
2,talk,21,1,9,VOTE Agent[02]
2,talk,22,1,10,AGREE TALK day1 ID:34
2,talk,23,1,13,AGREE TALK day1 ID:34
2,talk,24,1,15,ESTIMATE Agent[05] WEREWOLF
2,talk,25,1,6,Skip
2,talk,26,2,3,REQUEST(VOTE Agent[11])
2,talk,27,2,1,ESTIMATE Agent[09] WEREWOLF
2,talk,28,2,9,REQUEST(VOTE Agent[02])
2,talk,29,2,6,Skip
2,talk,30,2,4,AGREE TALK day1 ID:38
2,talk,31,2,10,AGREE TALK day1 ID:38
2,talk,32,2,2,Skip
2,talk,33,2,14,REQUEST(Agent[11] DIVINATION Agent[05])
2,talk,34,2,5,Skip
2,talk,35,2,15,REQUEST(Agent[11] DIVINATION Agent[05])
2,talk,36,2,8,ESTIMATE Agent[05] WEREWOLF
2,talk,37,2,11,REQUEST(VOTE Agent[03])
2,talk,38,2,13,AGREE TALK day1 ID:38
2,talk,39,3,15,VOTE Agent[05]
2,talk,40,3,1,ESTIMATE Agent[10] WEREWOLF
2,talk,41,3,6,Over
2,talk,42,3,14,VOTE Agent[05]
2,talk,43,3,3,Skip
2,talk,44,3,5,Skip
2,talk,45,3,10,AGREE TALK day1 ID:42
2,talk,46,3,13,AGREE TALK day1 ID:42
2,talk,47,3,2,Over
2,talk,48,3,9,Skip
2,talk,49,3,8,REQUEST(Agent[03] DIVINATION Agent[05])
2,talk,50,3,4,AGREE TALK day1 ID:42
2,talk,51,3,11,Skip
2,talk,52,4,10,ESTIMATE Agent[11] SEER
2,talk,53,4,6,Over
2,talk,54,4,1,VOTE Agent[05]
2,talk,55,4,13,ESTIMATE Agent[11] SEER
2,talk,56,4,2,Over
2,talk,57,4,8,VOTE Agent[05]
2,talk,58,4,15,Skip
2,talk,59,4,4,ESTIMATE Agent[11] SEER
2,talk,60,4,11,Skip
2,talk,61,4,3,Skip
2,talk,62,4,5,Over
2,talk,63,4,14,Skip
2,talk,64,4,9,Skip
2,talk,65,5,15,Skip
2,talk,66,5,6,Over
2,talk,67,5,1,Over
2,talk,68,5,2,Over
2,talk,69,5,5,Over
2,talk,70,5,9,Over
2,talk,71,5,10,ESTIMATE Agent[05] WEREWOLF
2,talk,72,5,4,ESTIMATE Agent[05] WEREWOLF
2,talk,73,5,14,Skip
2,talk,74,5,13,ESTIMATE Agent[05] WEREWOLF
2,talk,75,5,3,Over
2,talk,76,5,8,Skip
2,talk,77,5,11,Over
2,talk,78,6,9,Over
2,talk,79,6,10,REQUEST(Agent[11] DIVINATION Agent[05])
2,talk,80,6,15,Over
2,talk,81,6,4,REQUEST(Agent[11] DIVINATION Agent[05])
2,talk,82,6,3,Over
2,talk,83,6,2,Over
2,talk,84,6,5,Over
2,talk,85,6,14,Over
2,talk,86,6,11,Over
2,talk,87,6,6,Over
2,talk,88,6,8,Skip
2,talk,89,6,1,Over
2,talk,90,6,13,REQUEST(Agent[11] DIVINATION Agent[05])
2,talk,91,7,8,Over
2,talk,92,7,15,Over
2,talk,93,7,6,Over
2,talk,94,7,11,Over
2,talk,95,7,9,Over
2,talk,96,7,4,VOTE Agent[05]
2,talk,97,7,2,Over
2,talk,98,7,3,Over
2,talk,99,7,5,Over
2,talk,100,7,13,VOTE Agent[05]
2,talk,101,7,14,Over
2,talk,102,7,1,Over
2,talk,103,7,10,VOTE Agent[05]
2,talk,104,8,4,Skip
2,talk,105,8,15,Over
2,talk,106,8,8,Over
2,talk,107,8,2,Over
2,talk,108,8,9,Over
2,talk,109,8,5,Over
2,talk,110,8,14,Over
2,talk,111,8,10,Skip
2,talk,112,8,1,Over
2,talk,113,8,13,Skip
2,talk,114,8,6,Over
2,talk,115,8,11,Over
2,talk,116,8,3,Over
2,talk,117,9,10,Skip
2,talk,118,9,6,Over
2,talk,119,9,13,Skip
2,talk,120,9,3,Over
2,talk,121,9,14,Over
2,talk,122,9,11,Over
2,talk,123,9,15,Over
2,talk,124,9,5,Over
2,talk,125,9,4,Skip
2,talk,126,9,2,Over
2,talk,127,9,1,Over
2,talk,128,9,9,Over
2,talk,129,9,8,Over
2,talk,130,10,15,Over
2,talk,131,10,8,Over
2,talk,132,10,1,Over
2,talk,133,10,5,Over
2,talk,134,10,6,Over
2,talk,135,10,3,Over
2,talk,136,10,11,Over
2,talk,137,10,13,Over
2,talk,138,10,14,Over
2,talk,139,10,2,Over
2,talk,140,10,10,Over
2,talk,141,10,9,Over
2,talk,142,10,4,Over
2,vote,1,5
2,vote,2,5
2,vote,3,11
2,vote,4,5
2,vote,5,13
2,vote,6,5
2,vote,8,5
2,vote,9,2
2,vote,10,5
2,vote,11,3
2,vote,13,5
2,vote,14,5
2,vote,15,5
2,execute,5,WEREWOLF
2,whisper,0,0,9,ATTACK Agent[11]
2,whisper,1,0,3,ATTACK Agent[11]
2,whisper,2,1,9,REQUEST(ATTACK Agent[11])
2,whisper,3,1,3,REQUEST(ATTACK Agent[11])
2,whisper,4,2,3,DIVINED Agent[08] HUMAN
2,whisper,5,2,9,IDENTIFIED Agent[05] HUMAN
2,whisper,6,3,3,Skip
2,whisper,7,3,9,Skip
2,whisper,8,4,3,Skip
2,whisper,9,4,9,Skip
2,whisper,10,5,3,Over
2,whisper,11,5,9,Over
2,guard,2,11,POSSESSED
2,attackVote,3,11
2,attackVote,9,11
2,attack,11,false
3,status,1,VILLAGER,ALIVE,wolf1
3,status,2,BODYGUARD,ALIVE,SampleRoleAssignPlayer
3,status,3,WEREWOLF,ALIVE,SampleRoleAssignPlayer
3,status,4,VILLAGER,ALIVE,SampleRoleAssignPlayer
3,status,5,WEREWOLF,DEAD,SampleRoleAssignPlayer
3,status,6,VILLAGER,ALIVE,SampleRoleAssignPlayer
3,status,7,MEDIUM,DEAD,SampleRoleAssignPlayer
3,status,8,VILLAGER,ALIVE,SampleRoleAssignPlayer
3,status,9,WEREWOLF,ALIVE,SampleRoleAssignPlayer
3,status,10,VILLAGER,ALIVE,SampleRoleAssignPlayer
3,status,11,POSSESSED,ALIVE,SampleRoleAssignPlayer
3,status,12,SEER,DEAD,SampleRoleAssignPlayer
3,status,13,VILLAGER,ALIVE,SampleRoleAssignPlayer
3,status,14,VILLAGER,ALIVE,SampleRoleAssignPlayer
3,status,15,VILLAGER,ALIVE,SampleRoleAssignPlayer
3,talk,0,0,13,VOTE Agent[01]
3,talk,1,0,14,VOTE Agent[13]
3,talk,2,0,11,DIVINED Agent[14] HUMAN
3,talk,3,0,2,VOTE Agent[10]
3,talk,4,0,4,VOTE Agent[01]
3,talk,5,0,6,VOTE Agent[09]
3,talk,6,0,15,VOTE Agent[11]
3,talk,7,0,9,IDENTIFIED Agent[05] HUMAN
3,talk,8,0,10,VOTE Agent[01]
3,talk,9,0,3,DIVINED Agent[08] HUMAN
3,talk,10,0,8,VOTE Agent[03]
3,talk,11,0,1,VOTE Agent[09]
3,talk,12,1,1,ESTIMATE Agent[03] WEREWOLF
3,talk,13,1,3,VOTE Agent[11]
3,talk,14,1,8,Skip
3,talk,15,1,15,Skip
3,talk,16,1,11,VOTE Agent[03]
3,talk,17,1,2,Skip
3,talk,18,1,4,Skip
3,talk,19,1,13,Skip
3,talk,20,1,9,VOTE Agent[02]
3,talk,21,1,6,Skip
3,talk,22,1,10,Skip
3,talk,23,1,14,Skip
3,talk,24,2,11,REQUEST(VOTE Agent[03])
3,talk,25,2,4,Skip
3,talk,26,2,9,REQUEST(VOTE Agent[02])
3,talk,27,2,14,Skip
3,talk,28,2,10,Skip
3,talk,29,2,15,Skip
3,talk,30,2,2,Skip
3,talk,31,2,1,ESTIMATE Agent[09] WEREWOLF
3,talk,32,2,13,Skip
3,talk,33,2,8,Skip
3,talk,34,2,6,Skip
3,talk,35,2,3,REQUEST(VOTE Agent[11])
3,talk,36,3,9,Skip
3,talk,37,3,3,Skip
3,talk,38,3,1,ESTIMATE Agent[10] WEREWOLF
3,talk,39,3,13,Over
3,talk,40,3,14,Over
3,talk,41,3,11,Skip
3,talk,42,3,8,Over
3,talk,43,3,6,Over
3,talk,44,3,2,Over
3,talk,45,3,10,Over
3,talk,46,3,4,Over
3,talk,47,3,15,Over
3,talk,48,4,14,Over
3,talk,49,4,6,Over
3,talk,50,4,8,Over
3,talk,51,4,10,Over
3,talk,52,4,3,Skip
3,talk,53,4,2,Over
3,talk,54,4,1,Over
3,talk,55,4,15,Over
3,talk,56,4,4,Over
3,talk,57,4,11,Skip
3,talk,58,4,9,Skip
3,talk,59,4,13,Over
3,talk,60,5,15,Over
3,talk,61,5,2,Over
3,talk,62,5,8,Over
3,talk,63,5,1,Over
3,talk,64,5,13,Over
3,talk,65,5,10,Over
3,talk,66,5,6,Over
3,talk,67,5,9,Over
3,talk,68,5,11,Over
3,talk,69,5,4,Over
3,talk,70,5,3,Over
3,talk,71,5,14,Over
3,vote,1,9
3,vote,2,10
3,vote,3,11
3,vote,4,1
3,vote,6,9
3,vote,8,3
3,vote,9,2
3,vote,10,1
3,vote,11,3
3,vote,13,1
3,vote,14,13
3,vote,15,11
3,execute,1,VILLAGER
3,whisper,0,0,9,ATTACK Agent[11]
3,whisper,1,0,3,ATTACK Agent[11]
3,whisper,2,1,9,REQUEST(ATTACK Agent[11])
3,whisper,3,1,3,REQUEST(ATTACK Agent[11])
3,whisper,4,2,9,IDENTIFIED Agent[01] HUMAN
3,whisper,5,2,3,DIVINED Agent[04] WEREWOLF
3,whisper,6,3,3,Skip
3,whisper,7,3,9,Skip
3,whisper,8,4,3,Skip
3,whisper,9,4,9,Skip
3,whisper,10,5,9,Over
3,whisper,11,5,3,Over
3,guard,2,11,POSSESSED
3,attackVote,3,11
3,attackVote,9,11
3,attack,11,false
4,status,1,VILLAGER,DEAD,wolf1
4,status,2,BODYGUARD,ALIVE,SampleRoleAssignPlayer
4,status,3,WEREWOLF,ALIVE,SampleRoleAssignPlayer
4,status,4,VILLAGER,ALIVE,SampleRoleAssignPlayer
4,status,5,WEREWOLF,DEAD,SampleRoleAssignPlayer
4,status,6,VILLAGER,ALIVE,SampleRoleAssignPlayer
4,status,7,MEDIUM,DEAD,SampleRoleAssignPlayer
4,status,8,VILLAGER,ALIVE,SampleRoleAssignPlayer
4,status,9,WEREWOLF,ALIVE,SampleRoleAssignPlayer
4,status,10,VILLAGER,ALIVE,SampleRoleAssignPlayer
4,status,11,POSSESSED,ALIVE,SampleRoleAssignPlayer
4,status,12,SEER,DEAD,SampleRoleAssignPlayer
4,status,13,VILLAGER,ALIVE,SampleRoleAssignPlayer
4,status,14,VILLAGER,ALIVE,SampleRoleAssignPlayer
4,status,15,VILLAGER,ALIVE,SampleRoleAssignPlayer
4,talk,0,0,10,VOTE Agent[09]
4,talk,1,0,2,VOTE Agent[15]
4,talk,2,0,11,DIVINED Agent[10] HUMAN
4,talk,3,0,13,VOTE Agent[14]
4,talk,4,0,15,VOTE Agent[03]
4,talk,5,0,3,DIVINED Agent[04] WEREWOLF
4,talk,6,0,9,IDENTIFIED Agent[01] HUMAN
4,talk,7,0,6,VOTE Agent[02]
4,talk,8,0,14,VOTE Agent[03]
4,talk,9,0,8,VOTE Agent[13]
4,talk,10,0,4,VOTE Agent[14]
4,talk,11,1,8,AGREE TALK day1 ID:20
4,talk,12,1,4,AGREE TALK day1 ID:49
4,talk,13,1,3,VOTE Agent[11]
4,talk,14,1,14,AGREE TALK day1 ID:20
4,talk,15,1,2,AGREE TALK day1 ID:20
4,talk,16,1,13,AGREE TALK day1 ID:20
4,talk,17,1,10,AGREE TALK day1 ID:20
4,talk,18,1,6,AGREE TALK day1 ID:20
4,talk,19,1,11,VOTE Agent[03]
4,talk,20,1,9,VOTE Agent[06]
4,talk,21,1,15,AGREE TALK day1 ID:20
4,talk,22,2,11,REQUEST(VOTE Agent[03])
4,talk,23,2,3,REQUEST(VOTE Agent[11])
4,talk,24,2,10,ESTIMATE Agent[04] WEREWOLF
4,talk,25,2,14,ESTIMATE Agent[04] WEREWOLF
4,talk,26,2,2,ESTIMATE Agent[04] WEREWOLF
4,talk,27,2,6,ESTIMATE Agent[04] WEREWOLF
4,talk,28,2,15,ESTIMATE Agent[04] WEREWOLF
4,talk,29,2,8,ESTIMATE Agent[04] WEREWOLF
4,talk,30,2,9,REQUEST(VOTE Agent[06])
4,talk,31,2,4,DISAGREE TALK day2 ID:19
4,talk,32,2,13,ESTIMATE Agent[04] WEREWOLF
4,talk,33,3,15,REQUEST(Agent[11] DIVINATION Agent[04])
4,talk,34,3,3,Skip
4,talk,35,3,9,Skip
4,talk,36,3,2,REQUEST(Agent[11] DIVINATION Agent[04])
4,talk,37,3,10,REQUEST(Agent[11] DIVINATION Agent[04])
4,talk,38,3,11,Skip
4,talk,39,3,6,REQUEST(Agent[11] DIVINATION Agent[04])
4,talk,40,3,14,REQUEST(Agent[11] DIVINATION Agent[04])
4,talk,41,3,4,AGREE TALK day2 ID:20
4,talk,42,3,13,REQUEST(Agent[11] DIVINATION Agent[04])
4,talk,43,3,8,REQUEST(Agent[03] DIVINATION Agent[04])
4,talk,44,4,10,VOTE Agent[04]
4,talk,45,4,11,Skip
4,talk,46,4,3,Skip
4,talk,47,4,9,Skip
4,talk,48,4,8,VOTE Agent[04]
4,talk,49,4,15,VOTE Agent[04]
4,talk,50,4,4,AGREE TALK day3 ID:12
4,talk,51,4,14,VOTE Agent[04]
4,talk,52,4,6,VOTE Agent[04]
4,talk,53,4,13,VOTE Agent[04]
4,talk,54,4,2,VOTE Agent[04]
4,talk,55,5,13,Skip
4,talk,56,5,8,Skip
4,talk,57,5,3,Over
4,talk,58,5,6,Skip
4,talk,59,5,11,Over
4,talk,60,5,15,Skip
4,talk,61,5,14,Skip
4,talk,62,5,2,Skip
4,talk,63,5,10,Skip
4,talk,64,5,4,ESTIMATE Agent[03] WEREWOLF
4,talk,65,5,9,Over
4,talk,66,6,11,Over
4,talk,67,6,6,Skip
4,talk,68,6,2,Skip
4,talk,69,6,14,Skip
4,talk,70,6,8,Skip
4,talk,71,6,15,Skip
4,talk,72,6,9,Over
4,talk,73,6,3,Over
4,talk,74,6,13,Skip
4,talk,75,6,10,Skip
4,talk,76,6,4,REQUEST(Agent[11] DIVINATION Agent[03])
4,talk,77,7,10,Over
4,talk,78,7,11,Over
4,talk,79,7,14,Over
4,talk,80,7,6,Over
4,talk,81,7,9,Over
4,talk,82,7,13,Over
4,talk,83,7,3,Over
4,talk,84,7,4,VOTE Agent[03]
4,talk,85,7,15,Over
4,talk,86,7,8,Over
4,talk,87,7,2,Over
4,talk,88,8,11,Over
4,talk,89,8,9,Over
4,talk,90,8,8,Over
4,talk,91,8,2,Over
4,talk,92,8,6,Over
4,talk,93,8,10,Over
4,talk,94,8,15,Over
4,talk,95,8,4,Skip
4,talk,96,8,14,Over
4,talk,97,8,3,Over
4,talk,98,8,13,Over
4,talk,99,9,9,Over
4,talk,100,9,15,Over
4,talk,101,9,6,Over
4,talk,102,9,11,Over
4,talk,103,9,13,Over
4,talk,104,9,10,Over
4,talk,105,9,14,Over
4,talk,106,9,4,Skip
4,talk,107,9,8,Over
4,talk,108,9,2,Over
4,talk,109,9,3,Over
4,talk,110,10,10,Over
4,talk,111,10,6,Over
4,talk,112,10,9,Over
4,talk,113,10,13,Over
4,talk,114,10,15,Over
4,talk,115,10,11,Over
4,talk,116,10,4,Over
4,talk,117,10,3,Over
4,talk,118,10,2,Over
4,talk,119,10,14,Over
4,talk,120,10,8,Over
4,vote,2,4
4,vote,3,11
4,vote,4,3
4,vote,6,4
4,vote,8,4
4,vote,9,6
4,vote,10,4
4,vote,11,3
4,vote,13,4
4,vote,14,4
4,vote,15,4
4,execute,4,VILLAGER
4,whisper,0,0,9,ATTACK Agent[11]
4,whisper,1,0,3,ATTACK Agent[11]
4,whisper,2,1,9,REQUEST(ATTACK Agent[11])
4,whisper,3,1,3,REQUEST(ATTACK Agent[11])
4,whisper,4,2,3,DIVINED Agent[15] HUMAN
4,whisper,5,2,9,IDENTIFIED Agent[04] HUMAN
4,whisper,6,3,9,Skip
4,whisper,7,3,3,Skip
4,whisper,8,4,9,Skip
4,whisper,9,4,3,Skip
4,whisper,10,5,9,Over
4,whisper,11,5,3,Over
4,guard,2,11,POSSESSED
4,attackVote,3,11
4,attackVote,9,11
4,attack,11,false
5,status,1,VILLAGER,DEAD,wolf1
5,status,2,BODYGUARD,ALIVE,SampleRoleAssignPlayer
5,status,3,WEREWOLF,ALIVE,SampleRoleAssignPlayer
5,status,4,VILLAGER,DEAD,SampleRoleAssignPlayer
5,status,5,WEREWOLF,DEAD,SampleRoleAssignPlayer
5,status,6,VILLAGER,ALIVE,SampleRoleAssignPlayer
5,status,7,MEDIUM,DEAD,SampleRoleAssignPlayer
5,status,8,VILLAGER,ALIVE,SampleRoleAssignPlayer
5,status,9,WEREWOLF,ALIVE,SampleRoleAssignPlayer
5,status,10,VILLAGER,ALIVE,SampleRoleAssignPlayer
5,status,11,POSSESSED,ALIVE,SampleRoleAssignPlayer
5,status,12,SEER,DEAD,SampleRoleAssignPlayer
5,status,13,VILLAGER,ALIVE,SampleRoleAssignPlayer
5,status,14,VILLAGER,ALIVE,SampleRoleAssignPlayer
5,status,15,VILLAGER,ALIVE,SampleRoleAssignPlayer
5,talk,0,0,9,IDENTIFIED Agent[04] HUMAN
5,talk,1,0,15,VOTE Agent[13]
5,talk,2,0,2,VOTE Agent[14]
5,talk,3,0,3,DIVINED Agent[15] HUMAN
5,talk,4,0,14,VOTE Agent[11]
5,talk,5,0,10,VOTE Agent[09]
5,talk,6,0,8,VOTE Agent[09]
5,talk,7,0,6,VOTE Agent[14]
5,talk,8,0,13,VOTE Agent[09]
5,talk,9,0,11,DIVINED Agent[09] HUMAN
5,talk,10,1,10,Skip
5,talk,11,1,9,VOTE Agent[02]
5,talk,12,1,15,Skip
5,talk,13,1,14,Skip
5,talk,14,1,11,VOTE Agent[05]
5,talk,15,1,3,REQUEST(VOTE Agent[11])
5,talk,16,1,6,Skip
5,talk,17,1,2,Skip
5,talk,18,1,13,Skip
5,talk,19,1,8,Skip
5,talk,20,2,9,REQUEST(VOTE Agent[02])
5,talk,21,2,15,Skip
5,talk,22,2,3,VOTE Agent[14]
5,talk,23,2,13,Skip
5,talk,24,2,2,Skip
5,talk,25,2,14,Skip
5,talk,26,2,6,Skip
5,talk,27,2,8,Skip
5,talk,28,2,11,REQUEST(VOTE Agent[05])
5,talk,29,2,10,Skip
5,talk,30,3,15,Over
5,talk,31,3,2,Over
5,talk,32,3,13,Over
5,talk,33,3,10,Over
5,talk,34,3,6,Over
5,talk,35,3,14,Over
5,talk,36,3,11,Skip
5,talk,37,3,3,REQUEST(VOTE Agent[14])
5,talk,38,3,9,Skip
5,talk,39,3,8,Over
5,talk,40,4,9,Skip
5,talk,41,4,6,Over
5,talk,42,4,14,Over
5,talk,43,4,10,Over
5,talk,44,4,3,Skip
5,talk,45,4,2,Over
5,talk,46,4,11,Skip
5,talk,47,4,15,Over
5,talk,48,4,13,Over
5,talk,49,4,8,Over
5,talk,50,5,15,Over
5,talk,51,5,10,Over
5,talk,52,5,3,Skip
5,talk,53,5,8,Over
5,talk,54,5,6,Over
5,talk,55,5,11,Over
5,talk,56,5,2,Over
5,talk,57,5,9,Over
5,talk,58,5,13,Over
5,talk,59,5,14,Over
5,talk,60,6,9,Over
5,talk,61,6,15,Over
5,talk,62,6,14,Over
5,talk,63,6,11,Over
5,talk,64,6,6,Over
5,talk,65,6,3,Over
5,talk,66,6,10,Over
5,talk,67,6,2,Over
5,talk,68,6,8,Over
5,talk,69,6,13,Over
5,vote,2,14
5,vote,3,14
5,vote,6,14
5,vote,8,9
5,vote,9,2
5,vote,10,9
5,vote,11,15
5,vote,13,9
5,vote,14,11
5,vote,15,13
5,vote,2,14
5,vote,3,14
5,vote,6,14
5,vote,8,9
5,vote,9,14
5,vote,10,9
5,vote,11,14
5,vote,13,9
5,vote,14,11
5,vote,15,9
5,execute,14,VILLAGER
5,whisper,0,0,9,ESTIMATE Agent[11] POSSESSED
5,whisper,1,0,3,ESTIMATE Agent[11] POSSESSED
5,whisper,2,1,3,ATTACK Agent[06]
5,whisper,3,1,9,ATTACK Agent[10]
5,whisper,4,2,3,REQUEST(ATTACK Agent[06])
5,whisper,5,2,9,REQUEST(ATTACK Agent[10])
5,whisper,6,3,9,IDENTIFIED Agent[14] HUMAN
5,whisper,7,3,3,DIVINED Agent[09] HUMAN
5,whisper,8,4,9,Skip
5,whisper,9,4,3,Skip
5,whisper,10,5,3,Skip
5,whisper,11,5,9,Skip
5,whisper,12,6,3,Over
5,whisper,13,6,9,Over
5,guard,2,11,POSSESSED
5,attackVote,3,6
5,attackVote,9,10
5,attackVote,3,6
5,attackVote,9,10
5,attack,6,true
6,status,1,VILLAGER,DEAD,wolf1
6,status,2,BODYGUARD,ALIVE,SampleRoleAssignPlayer
6,status,3,WEREWOLF,ALIVE,SampleRoleAssignPlayer
6,status,4,VILLAGER,DEAD,SampleRoleAssignPlayer
6,status,5,WEREWOLF,DEAD,SampleRoleAssignPlayer
6,status,6,VILLAGER,DEAD,SampleRoleAssignPlayer
6,status,7,MEDIUM,DEAD,SampleRoleAssignPlayer
6,status,8,VILLAGER,ALIVE,SampleRoleAssignPlayer
6,status,9,WEREWOLF,ALIVE,SampleRoleAssignPlayer
6,status,10,VILLAGER,ALIVE,SampleRoleAssignPlayer
6,status,11,POSSESSED,ALIVE,SampleRoleAssignPlayer
6,status,12,SEER,DEAD,SampleRoleAssignPlayer
6,status,13,VILLAGER,ALIVE,SampleRoleAssignPlayer
6,status,14,VILLAGER,DEAD,SampleRoleAssignPlayer
6,status,15,VILLAGER,ALIVE,SampleRoleAssignPlayer
6,talk,0,0,11,DIVINED Agent[15] HUMAN
6,talk,1,0,2,VOTE Agent[10]
6,talk,2,0,15,VOTE Agent[02]
6,talk,3,0,10,VOTE Agent[09]
6,talk,4,0,3,DIVINED Agent[09] HUMAN
6,talk,5,0,9,IDENTIFIED Agent[14] HUMAN
6,talk,6,0,8,VOTE Agent[11]
6,talk,7,0,13,VOTE Agent[15]
6,talk,8,1,11,VOTE Agent[03]
6,talk,9,1,15,Skip
6,talk,10,1,13,Skip
6,talk,11,1,9,VOTE Agent[08]
6,talk,12,1,2,Skip
6,talk,13,1,10,Skip
6,talk,14,1,3,VOTE Agent[10]
6,talk,15,1,8,Skip
6,talk,16,2,8,Skip
6,talk,17,2,15,Skip
6,talk,18,2,13,Skip
6,talk,19,2,10,Skip
6,talk,20,2,11,REQUEST(VOTE Agent[03])
6,talk,21,2,3,REQUEST(VOTE Agent[10])
6,talk,22,2,2,Skip
6,talk,23,2,9,REQUEST(VOTE Agent[08])
6,talk,24,3,8,Over
6,talk,25,3,11,Skip
6,talk,26,3,3,Skip
6,talk,27,3,13,Over
6,talk,28,3,10,Over
6,talk,29,3,2,Over
6,talk,30,3,9,Skip
6,talk,31,3,15,Over
6,talk,32,4,15,Over
6,talk,33,4,10,Over
6,talk,34,4,13,Over
6,talk,35,4,8,Over
6,talk,36,4,9,Skip
6,talk,37,4,3,Skip
6,talk,38,4,2,Over
6,talk,39,4,11,Skip
6,talk,40,5,2,Over
6,talk,41,5,11,Over
6,talk,42,5,8,Over
6,talk,43,5,10,Over
6,talk,44,5,3,Over
6,talk,45,5,9,Over
6,talk,46,5,13,Over
6,talk,47,5,15,Over
6,vote,2,10
6,vote,3,10
6,vote,8,11
6,vote,9,8
6,vote,10,9
6,vote,11,3
6,vote,13,15
6,vote,15,2
6,execute,10,VILLAGER
6,whisper,0,0,9,ATTACK Agent[08]
6,whisper,1,0,3,ATTACK Agent[08]
6,whisper,2,1,3,REQUEST(ATTACK Agent[08])
6,whisper,3,1,9,REQUEST(ATTACK Agent[08])
6,whisper,4,2,9,IDENTIFIED Agent[10] HUMAN
6,whisper,5,2,3,DIVINED Agent[13] HUMAN
6,whisper,6,3,3,Skip
6,whisper,7,3,9,Skip
6,whisper,8,4,3,Skip
6,whisper,9,4,9,Skip
6,whisper,10,5,3,Over
6,whisper,11,5,9,Over
6,guard,2,11,POSSESSED
6,attackVote,3,8
6,attackVote,9,8
6,attack,8,true
7,status,1,VILLAGER,DEAD,wolf1
7,status,2,BODYGUARD,ALIVE,SampleRoleAssignPlayer
7,status,3,WEREWOLF,ALIVE,SampleRoleAssignPlayer
7,status,4,VILLAGER,DEAD,SampleRoleAssignPlayer
7,status,5,WEREWOLF,DEAD,SampleRoleAssignPlayer
7,status,6,VILLAGER,DEAD,SampleRoleAssignPlayer
7,status,7,MEDIUM,DEAD,SampleRoleAssignPlayer
7,status,8,VILLAGER,DEAD,SampleRoleAssignPlayer
7,status,9,WEREWOLF,ALIVE,SampleRoleAssignPlayer
7,status,10,VILLAGER,DEAD,SampleRoleAssignPlayer
7,status,11,POSSESSED,ALIVE,SampleRoleAssignPlayer
7,status,12,SEER,DEAD,SampleRoleAssignPlayer
7,status,13,VILLAGER,ALIVE,SampleRoleAssignPlayer
7,status,14,VILLAGER,DEAD,SampleRoleAssignPlayer
7,status,15,VILLAGER,ALIVE,SampleRoleAssignPlayer
7,talk,0,0,11,DIVINED Agent[02] WEREWOLF
7,talk,1,0,2,VOTE Agent[13]
7,talk,2,0,9,IDENTIFIED Agent[10] HUMAN
7,talk,3,0,3,DIVINED Agent[13] HUMAN
7,talk,4,0,13,VOTE Agent[03]
7,talk,5,0,15,VOTE Agent[11]
7,talk,6,1,11,VOTE Agent[02]
7,talk,7,1,3,VOTE Agent[02]
7,talk,8,1,15,ESTIMATE Agent[02] WEREWOLF
7,talk,9,1,9,VOTE Agent[02]
7,talk,10,1,2,DISAGREE TALK day1 ID:49
7,talk,11,1,13,ESTIMATE Agent[02] WEREWOLF
7,talk,12,2,3,REQUEST(VOTE Agent[02])
7,talk,13,2,2,AGREE TALK day2 ID:19
7,talk,14,2,13,REQUEST(Agent[11] DIVINATION Agent[02])
7,talk,15,2,11,REQUEST(VOTE Agent[02])
7,talk,16,2,15,REQUEST(Agent[11] DIVINATION Agent[02])
7,talk,17,2,9,REQUEST(VOTE Agent[02])
7,talk,18,3,2,DISAGREE TALK day2 ID:20
7,talk,19,3,3,Skip
7,talk,20,3,15,VOTE Agent[02]
7,talk,21,3,9,Skip
7,talk,22,3,11,Skip
7,talk,23,3,13,VOTE Agent[02]
7,talk,24,4,15,Skip
7,talk,25,4,11,Skip
7,talk,26,4,13,Skip
7,talk,27,4,3,Skip
7,talk,28,4,9,Skip
7,talk,29,4,2,DISAGREE TALK day3 ID:12
7,talk,30,5,9,Over
7,talk,31,5,3,Over
7,talk,32,5,2,DISAGREE TALK day4 ID:64
7,talk,33,5,11,Over
7,talk,34,5,13,Skip
7,talk,35,5,15,Skip
7,talk,36,6,11,Over
7,talk,37,6,3,Over
7,talk,38,6,2,ESTIMATE Agent[03] SEER
7,talk,39,6,13,Over
7,talk,40,6,15,Over
7,talk,41,6,9,Over
7,talk,42,7,11,Over
7,talk,43,7,2,DISAGREE TALK day1 ID:32
7,talk,44,7,15,Over
7,talk,45,7,9,Over
7,talk,46,7,13,Over
7,talk,47,7,3,Over
7,talk,48,8,9,Over
7,talk,49,8,11,Over
7,talk,50,8,2,DISAGREE TALK day1 ID:34
7,talk,51,8,3,Over
7,talk,52,8,13,Over
7,talk,53,8,15,Over
7,talk,54,9,15,Over
7,talk,55,9,13,Over
7,talk,56,9,2,DISAGREE TALK day1 ID:38
7,talk,57,9,3,Over
7,talk,58,9,9,Over
7,talk,59,9,11,Over
7,talk,60,10,3,Over
7,talk,61,10,13,Over
7,talk,62,10,9,Over
7,talk,63,10,15,Over
7,talk,64,10,11,Over
7,talk,65,10,2,Over
7,vote,2,11
7,vote,3,2
7,vote,9,2
7,vote,11,2
7,vote,13,2
7,vote,15,2
7,execute,2,BODYGUARD
7,whisper,0,0,9,ATTACK Agent[15]
7,whisper,1,0,3,ATTACK Agent[13]
7,whisper,2,1,9,REQUEST(ATTACK Agent[15])
7,whisper,3,1,3,REQUEST(ATTACK Agent[13])
7,whisper,4,2,9,IDENTIFIED Agent[02] HUMAN
7,whisper,5,2,3,DIVINED Agent[13] WEREWOLF
7,whisper,6,3,9,Skip
7,whisper,7,3,3,Skip
7,whisper,8,4,3,Skip
7,whisper,9,4,9,Skip
7,whisper,10,5,9,Over
7,whisper,11,5,3,Over
7,attackVote,3,13
7,attackVote,9,15
7,attackVote,3,13
7,attackVote,9,15
7,attack,15,true
8,status,1,VILLAGER,DEAD,wolf1
8,status,2,BODYGUARD,DEAD,SampleRoleAssignPlayer
8,status,3,WEREWOLF,ALIVE,SampleRoleAssignPlayer
8,status,4,VILLAGER,DEAD,SampleRoleAssignPlayer
8,status,5,WEREWOLF,DEAD,SampleRoleAssignPlayer
8,status,6,VILLAGER,DEAD,SampleRoleAssignPlayer
8,status,7,MEDIUM,DEAD,SampleRoleAssignPlayer
8,status,8,VILLAGER,DEAD,SampleRoleAssignPlayer
8,status,9,WEREWOLF,ALIVE,SampleRoleAssignPlayer
8,status,10,VILLAGER,DEAD,SampleRoleAssignPlayer
8,status,11,POSSESSED,ALIVE,SampleRoleAssignPlayer
8,status,12,SEER,DEAD,SampleRoleAssignPlayer
8,status,13,VILLAGER,ALIVE,SampleRoleAssignPlayer
8,status,14,VILLAGER,DEAD,SampleRoleAssignPlayer
8,status,15,VILLAGER,DEAD,SampleRoleAssignPlayer
8,result,2,2,WEREWOLF
