0,status,1,VILLAGER,ALIVE,wolf1
0,status,2,SEER,ALIVE,SampleRoleAssignPlayer
0,status,3,VILLAGER,ALIVE,SampleRoleAssignPlayer
0,status,4,WEREWOLF,ALIVE,SampleRoleAssignPlayer
0,status,5,VILLAGER,ALIVE,SampleRoleAssignPlayer
0,status,6,VILLAGER,ALIVE,SampleRoleAssignPlayer
0,status,7,VILLAGER,ALIVE,SampleRoleAssignPlayer
0,status,8,BODYGUARD,ALIVE,SampleRoleAssignPlayer
0,status,9,WEREWOLF,ALIVE,SampleRoleAssignPlayer
0,status,10,VILLAGER,ALIVE,SampleRoleAssignPlayer
0,status,11,POSSESSED,ALIVE,SampleRoleAssignPlayer
0,status,12,VILLAGER,ALIVE,SampleRoleAssignPlayer
0,status,13,MEDIUM,ALIVE,SampleRoleAssignPlayer
0,status,14,VILLAGER,ALIVE,SampleRoleAssignPlayer
0,status,15,WEREWOLF,ALIVE,SampleRoleAssignPlayer
0,whisper,0,0,15,COMINGOUT Agent[15] MEDIUM
0,whisper,1,0,4,COMINGOUT Agent[04] MEDIUM
0,whisper,2,0,9,COMINGOUT Agent[09] MEDIUM
0,whisper,3,1,4,COMINGOUT Agent[04] VILLAGER
0,whisper,4,1,9,Skip
0,whisper,5,1,15,Skip
0,whisper,6,2,9,COMINGOUT Agent[09] VILLAGER
0,whisper,7,2,15,Skip
0,whisper,8,2,4,COMINGOUT Agent[04] SEER
0,whisper,9,3,4,DIVINED Agent[13] WEREWOLF
0,whisper,10,3,15,Over
0,whisper,11,3,9,Skip
0,whisper,12,4,15,Over
0,whisper,13,4,4,Skip
0,whisper,14,4,9,Skip
0,whisper,15,5,15,Over
0,whisper,16,5,9,Over
0,whisper,17,5,4,Skip
0,whisper,18,6,4,Over
0,whisper,19,6,9,Over
0,whisper,20,6,15,Over
0,divine,2,15,WEREWOLF
1,status,1,VILLAGER,ALIVE,wolf1
1,status,2,SEER,ALIVE,SampleRoleAssignPlayer
1,status,3,VILLAGER,ALIVE,SampleRoleAssignPlayer
1,status,4,WEREWOLF,ALIVE,SampleRoleAssignPlayer
1,status,5,VILLAGER,ALIVE,SampleRoleAssignPlayer
1,status,6,VILLAGER,ALIVE,SampleRoleAssignPlayer
1,status,7,VILLAGER,ALIVE,SampleRoleAssignPlayer
1,status,8,BODYGUARD,ALIVE,SampleRoleAssignPlayer
1,status,9,WEREWOLF,ALIVE,SampleRoleAssignPlayer
1,status,10,VILLAGER,ALIVE,SampleRoleAssignPlayer
1,status,11,POSSESSED,ALIVE,SampleRoleAssignPlayer
1,status,12,VILLAGER,ALIVE,SampleRoleAssignPlayer
1,status,13,MEDIUM,ALIVE,SampleRoleAssignPlayer
1,status,14,VILLAGER,ALIVE,SampleRoleAssignPlayer
1,status,15,WEREWOLF,ALIVE,SampleRoleAssignPlayer
1,talk,0,0,15,VOTE Agent[05]
1,talk,1,0,2,COMINGOUT Agent[02] SEER
1,talk,2,0,6,VOTE Agent[12]
1,talk,3,0,12,VOTE Agent[10]
1,talk,4,0,8,VOTE Agent[12]
1,talk,5,0,3,VOTE Agent[14]
1,talk,6,0,11,COMINGOUT Agent[11] SEER
1,talk,7,0,10,VOTE Agent[06]
1,talk,8,0,5,VOTE Agent[10]
1,talk,9,0,7,VOTE Agent[06]
1,talk,10,0,13,COMINGOUT Agent[13] MEDIUM
1,talk,11,0,4,VOTE Agent[13]
1,talk,12,0,9,VOTE Agent[06]
1,talk,13,0,14,VOTE Agent[13]
1,talk,14,0,1,VOTE Agent[08]
1,talk,15,1,15,REQUEST(VOTE Agent[05])
1,talk,16,1,2,DIVINED Agent[15] WEREWOLF
1,talk,17,1,7,Skip
1,talk,18,1,4,REQUEST(VOTE Agent[13])
1,talk,19,1,10,Skip
1,talk,20,1,13,VOTE Agent[14]
1,talk,21,1,11,DIVINED Agent[15] HUMAN
1,talk,22,1,9,REQUEST(VOTE Agent[06])
1,talk,23,1,8,Skip
1,talk,24,1,3,Skip
1,talk,25,1,1,ESTIMATE Agent[08] WEREWOLF
1,talk,26,1,14,Skip
1,talk,27,1,5,Skip
1,talk,28,1,6,Skip
1,talk,29,1,12,Skip
1,talk,30,2,14,ESTIMATE Agent[02] SEER
1,talk,31,2,6,ESTIMATE Agent[02] SEER
1,talk,32,2,8,ESTIMATE Agent[11] SEER
1,talk,33,2,3,ESTIMATE Agent[02] SEER
1,talk,34,2,4,COMINGOUT Agent[04] SEER
1,talk,35,2,1,ESTIMATE Agent[09] WEREWOLF
1,talk,36,2,15,COMINGOUT Agent[15] MEDIUM
1,talk,37,2,7,ESTIMATE Agent[11] SEER
1,talk,38,2,12,ESTIMATE Agent[02] SEER
1,talk,39,2,10,ESTIMATE Agent[11] SEER
1,talk,40,2,2,REQUEST(VOTE Agent[15])
1,talk,41,2,11,REQUEST(VOTE Agent[04])
1,talk,42,2,9,Skip
1,talk,43,2,5,ESTIMATE Agent[02] SEER
1,talk,44,2,13,ESTIMATE Agent[11] SEER
1,talk,45,3,15,VOTE Agent[13]
1,talk,46,3,10,ESTIMATE Agent[15] WEREWOLF
1,talk,47,3,3,ESTIMATE Agent[15] WEREWOLF
1,talk,48,3,11,VOTE Agent[02]
1,talk,49,3,5,ESTIMATE Agent[15] WEREWOLF
1,talk,50,3,1,ESTIMATE Agent[11] WEREWOLF
1,talk,51,3,6,ESTIMATE Agent[15] WEREWOLF
1,talk,52,3,8,ESTIMATE Agent[15] WEREWOLF
1,talk,53,3,9,Skip
1,talk,54,3,4,DIVINED Agent[13] WEREWOLF
1,talk,55,3,12,ESTIMATE Agent[15] WEREWOLF
1,talk,56,3,7,ESTIMATE Agent[15] WEREWOLF
1,talk,57,3,14,ESTIMATE Agent[15] WEREWOLF
1,talk,58,3,13,ESTIMATE Agent[15] WEREWOLF
1,talk,59,3,2,VOTE Agent[15]
1,talk,60,4,11,REQUEST(VOTE Agent[02])
1,talk,61,4,4,Skip
1,talk,62,4,15,REQUEST(VOTE Agent[13])
1,talk,63,4,6,REQUEST(Agent[02] DIVINATION Agent[15])
1,talk,64,4,12,REQUEST(Agent[02] DIVINATION Agent[15])
1,talk,65,4,1,VOTE Agent[15]
1,talk,66,4,9,Over
1,talk,67,4,13,REQUEST(Agent[11] DIVINATION Agent[15])
1,talk,68,4,10,REQUEST(Agent[11] DIVINATION Agent[15])
1,talk,69,4,7,REQUEST(Agent[11] DIVINATION Agent[15])
1,talk,70,4,2,Skip
1,talk,71,4,5,REQUEST(Agent[02] DIVINATION Agent[15])
1,talk,72,4,3,REQUEST(Agent[02] DIVINATION Agent[15])
1,talk,73,4,8,REQUEST(Agent[11] DIVINATION Agent[15])
1,talk,74,4,14,REQUEST(Agent[02] DIVINATION Agent[15])
1,talk,75,5,13,VOTE Agent[15]
1,talk,76,5,11,Skip
1,talk,77,5,3,VOTE Agent[15]
1,talk,78,5,1,ESTIMATE Agent[15] WEREWOLF
1,talk,79,5,10,VOTE Agent[15]
1,talk,80,5,5,VOTE Agent[15]
1,talk,81,5,14,VOTE Agent[15]
1,talk,82,5,9,Over
1,talk,83,5,12,VOTE Agent[15]
1,talk,84,5,2,Skip
1,talk,85,5,4,Skip
1,talk,86,5,7,VOTE Agent[15]
1,talk,87,5,6,VOTE Agent[15]
1,talk,88,5,8,VOTE Agent[15]
1,talk,89,5,15,Skip
1,talk,90,6,5,Skip
1,talk,91,6,12,Skip
1,talk,92,6,13,Skip
1,talk,93,6,15,Skip
1,talk,94,6,14,Skip
1,talk,95,6,4,Over
1,talk,96,6,7,Skip
1,talk,97,6,8,Skip
1,talk,98,6,9,Over
1,talk,99,6,6,Skip
1,talk,100,6,10,Skip
1,talk,101,6,2,Over
1,talk,102,6,11,Skip
1,talk,103,6,3,Skip
1,talk,104,6,1,Over
1,talk,105,7,14,Skip
1,talk,106,7,5,Skip
1,talk,107,7,13,Skip
1,talk,108,7,2,Over
1,talk,109,7,6,Skip
1,talk,110,7,15,Over
1,talk,111,7,12,Skip
1,talk,112,7,9,Over
1,talk,113,7,8,Skip
1,talk,114,7,4,Over
1,talk,115,7,10,Skip
1,talk,116,7,1,Over
1,talk,117,7,3,Skip
1,talk,118,7,7,Skip
1,talk,119,7,11,Over
1,talk,120,8,8,Over
1,talk,121,8,11,Over
1,talk,122,8,5,Over
1,talk,123,8,6,Over
1,talk,124,8,10,Over
1,talk,125,8,2,Over
1,talk,126,8,3,Over
1,talk,127,8,13,Over
1,talk,128,8,14,Over
1,talk,129,8,12,Over
1,talk,130,8,1,Over
1,talk,131,8,9,Over
1,talk,132,8,4,Over
1,talk,133,8,7,Over
1,talk,134,8,15,Over
1,vote,1,15
1,vote,2,15
1,vote,3,15
1,vote,4,13
1,vote,5,15
1,vote,6,15
1,vote,7,15
1,vote,8,15
1,vote,9,6
1,vote,10,15
1,vote,11,2
1,vote,12,15
1,vote,13,15
1,vote,14,15
1,vote,15,13
1,execute,15,WEREWOLF
1,divine,2,14,HUMAN
1,whisper,0,0,4,ESTIMATE Agent[11] POSSESSED
1,whisper,1,0,9,ESTIMATE Agent[11] POSSESSED
1,whisper,2,1,9,ATTACK Agent[13]
1,whisper,3,1,4,ATTACK Agent[13]
1,whisper,4,2,4,REQUEST(ATTACK Agent[13])
1,whisper,5,2,9,REQUEST(ATTACK Agent[13])
1,whisper,6,3,9,Skip
1,whisper,7,3,4,DIVINED Agent[03] WEREWOLF
1,whisper,8,4,9,Skip
1,whisper,9,4,4,Skip
1,whisper,10,5,4,Skip
1,whisper,11,5,9,Over
1,whisper,12,6,9,Over
1,whisper,13,6,4,Over
1,guard,8,11,POSSESSED
1,attackVote,4,13
1,attackVote,9,13
1,attack,13,true
2,status,1,VILLAGER,ALIVE,wolf1
2,status,2,SEER,ALIVE,SampleRoleAssignPlayer
2,status,3,VILLAGER,ALIVE,SampleRoleAssignPlayer
2,status,4,WEREWOLF,ALIVE,SampleRoleAssignPlayer
2,status,5,VILLAGER,ALIVE,SampleRoleAssignPlayer
2,status,6,VILLAGER,ALIVE,SampleRoleAssignPlayer
2,status,7,VILLAGER,ALIVE,SampleRoleAssignPlayer
2,status,8,BODYGUARD,ALIVE,SampleRoleAssignPlayer
2,status,9,WEREWOLF,ALIVE,SampleRoleAssignPlayer
2,status,10,VILLAGER,ALIVE,SampleRoleAssignPlayer
2,status,11,POSSESSED,ALIVE,SampleRoleAssignPlayer
2,status,12,VILLAGER,ALIVE,SampleRoleAssignPlayer
2,status,13,MEDIUM,DEAD,SampleRoleAssignPlayer
2,status,14,VILLAGER,ALIVE,SampleRoleAssignPlayer
2,status,15,WEREWOLF,DEAD,SampleRoleAssignPlayer
2,talk,0,0,4,DIVINED Agent[03] WEREWOLF
2,talk,1,0,11,DIVINED Agent[01] HUMAN
2,talk,2,0,14,ESTIMATE Agent[04] WEREWOLF
2,talk,3,0,10,ESTIMATE Agent[04] WEREWOLF
2,talk,4,0,8,ESTIMATE Agent[04] WEREWOLF
2,talk,5,0,1,VOTE Agent[09]
2,talk,6,0,5,ESTIMATE Agent[04] WEREWOLF
2,talk,7,0,12,ESTIMATE Agent[04] WEREWOLF
2,talk,8,0,2,DIVINED Agent[14] HUMAN
2,talk,9,0,6,ESTIMATE Agent[04] WEREWOLF
2,talk,10,0,3,ESTIMATE Agent[04] WEREWOLF
2,talk,11,0,9,VOTE Agent[06]
2,talk,12,0,7,ESTIMATE Agent[04] WEREWOLF
2,talk,13,1,9,REQUEST(VOTE Agent[06])
2,talk,14,1,5,REQUEST(Agent[02] DIVINATION Agent[04])
2,talk,15,1,4,VOTE Agent[03]
2,talk,16,1,1,ESTIMATE Agent[09] WEREWOLF
2,talk,17,1,7,REQUEST(Agent[11] DIVINATION Agent[04])
2,talk,18,1,2,ESTIMATE Agent[04] WEREWOLF
2,talk,19,1,8,REQUEST(Agent[11] DIVINATION Agent[04])
2,talk,20,1,6,REQUEST(Agent[02] DIVINATION Agent[04])
2,talk,21,1,10,REQUEST(Agent[11] DIVINATION Agent[04])
2,talk,22,1,12,REQUEST(Agent[02] DIVINATION Agent[04])
2,talk,23,1,14,REQUEST(Agent[02] DIVINATION Agent[04])
2,talk,24,1,11,VOTE Agent[02]
2,talk,25,1,3,REQUEST(Agent[02] DIVINATION Agent[04])
2,talk,26,2,4,REQUEST(VOTE Agent[03])
2,talk,27,2,14,VOTE Agent[04]
2,talk,28,2,3,VOTE Agent[04]
2,talk,29,2,7,VOTE Agent[04]
2,talk,30,2,6,VOTE Agent[04]
2,talk,31,2,2,VOTE Agent[04]
2,talk,32,2,5,VOTE Agent[04]
2,talk,33,2,12,VOTE Agent[04]
2,talk,34,2,9,Skip
2,talk,35,2,8,VOTE Agent[04]
2,talk,36,2,1,ESTIMATE Agent[11] WEREWOLF
2,talk,37,2,10,VOTE Agent[04]
2,talk,38,2,11,REQUEST(VOTE Agent[02])
2,talk,39,3,11,Skip
2,talk,40,3,4,Skip
2,talk,41,3,14,Skip
2,talk,42,3,9,Skip
2,talk,43,3,7,Skip
2,talk,44,3,8,Skip
2,talk,45,3,10,Skip
2,talk,46,3,6,Skip
2,talk,47,3,1,ESTIMATE Agent[15] WEREWOLF
2,talk,48,3,2,Skip
2,talk,49,3,5,Skip
2,talk,50,3,12,Skip
2,talk,51,3,3,Skip
2,talk,52,4,11,Skip
2,talk,53,4,9,Over
2,talk,54,4,4,Skip
2,talk,55,4,1,VOTE Agent[03]
2,talk,56,4,7,Skip
2,talk,57,4,2,Skip
2,talk,58,4,12,Skip
2,talk,59,4,10,Skip
2,talk,60,4,6,Skip
2,talk,61,4,3,Skip
2,talk,62,4,5,Skip
2,talk,63,4,8,Skip
2,talk,64,4,14,Skip
2,talk,65,5,6,Over
2,talk,66,5,11,Over
2,talk,67,5,9,Over
2,talk,68,5,3,Over
2,talk,69,5,12,Over
2,talk,70,5,2,Over
2,talk,71,5,10,Over
2,talk,72,5,14,Over
2,talk,73,5,7,Over
2,talk,74,5,8,Over
2,talk,75,5,5,Over
2,talk,76,5,1,Over
2,talk,77,5,4,Over
2,vote,1,3
2,vote,2,4
2,vote,3,4
2,vote,4,3
2,vote,5,4
2,vote,6,4
2,vote,7,4
2,vote,8,4
2,vote,9,6
2,vote,10,4
2,vote,11,2
2,vote,12,4
2,vote,14,4
2,execute,4,WEREWOLF
2,guard,8,11,POSSESSED
3,status,1,VILLAGER,ALIVE,wolf1
3,status,2,SEER,ALIVE,SampleRoleAssignPlayer
3,status,3,VILLAGER,ALIVE,SampleRoleAssignPlayer
3,status,4,WEREWOLF,DEAD,SampleRoleAssignPlayer
3,status,5,VILLAGER,ALIVE,SampleRoleAssignPlayer
3,status,6,VILLAGER,ALIVE,SampleRoleAssignPlayer
3,status,7,VILLAGER,ALIVE,SampleRoleAssignPlayer
3,status,8,BODYGUARD,ALIVE,SampleRoleAssignPlayer
3,status,9,WEREWOLF,ALIVE,SampleRoleAssignPlayer
3,status,10,VILLAGER,ALIVE,SampleRoleAssignPlayer
3,status,11,POSSESSED,ALIVE,SampleRoleAssignPlayer
3,status,12,VILLAGER,ALIVE,SampleRoleAssignPlayer
3,status,13,MEDIUM,DEAD,SampleRoleAssignPlayer
3,status,14,VILLAGER,ALIVE,SampleRoleAssignPlayer
3,status,15,WEREWOLF,DEAD,SampleRoleAssignPlayer
3,talk,0,0,1,VOTE Agent[03]
3,talk,1,0,3,VOTE Agent[10]
3,talk,2,0,11,DIVINED Agent[05] HUMAN
3,talk,3,0,14,VOTE Agent[02]
3,talk,4,0,8,VOTE Agent[07]
3,talk,5,0,7,VOTE Agent[05]
3,talk,6,0,12,VOTE Agent[14]
3,talk,7,0,2,DISAGREE TALK day1 ID:32
3,talk,8,0,6,VOTE Agent[05]
3,talk,9,0,5,VOTE Agent[06]
3,talk,10,0,9,VOTE Agent[07]
3,talk,11,0,10,VOTE Agent[12]
3,talk,12,1,1,ESTIMATE Agent[02] WEREWOLF
3,talk,13,1,12,Skip
3,talk,14,1,3,Skip
3,talk,15,1,2,DISAGREE TALK day1 ID:37
3,talk,16,1,11,VOTE Agent[02]
3,talk,17,1,10,Skip
3,talk,18,1,6,Skip
3,talk,19,1,7,Skip
3,talk,20,1,8,Skip
3,talk,21,1,14,Skip
3,talk,22,1,9,REQUEST(VOTE Agent[07])
3,talk,23,1,5,Skip
3,talk,24,2,9,Skip
3,talk,25,2,14,Skip
3,talk,26,2,11,REQUEST(VOTE Agent[02])
3,talk,27,2,8,Skip
3,talk,28,2,12,Skip
3,talk,29,2,5,Skip
3,talk,30,2,3,Skip
3,talk,31,2,1,ESTIMATE Agent[03] WEREWOLF
3,talk,32,2,7,Skip
3,talk,33,2,2,DISAGREE TALK day1 ID:39
3,talk,34,2,10,Skip
3,talk,35,2,6,Skip
3,talk,36,3,14,Over
3,talk,37,3,10,Over
3,talk,38,3,1,ESTIMATE Agent[13] WEREWOLF
3,talk,39,3,3,Over
3,talk,40,3,9,Skip
3,talk,41,3,11,Skip
3,talk,42,3,7,Over
3,talk,43,3,8,Over
3,talk,44,3,12,Over
3,talk,45,3,5,Over
3,talk,46,3,6,Over
3,talk,47,3,2,DISAGREE TALK day1 ID:44
3,talk,48,4,2,AGREE TALK day1 ID:50
3,talk,49,4,9,Over
3,talk,50,4,10,Over
3,talk,51,4,7,Over
3,talk,52,4,6,Over
3,talk,53,4,3,Over
3,talk,54,4,1,VOTE Agent[02]
3,talk,55,4,12,Over
3,talk,56,4,5,Over
3,talk,57,4,14,Over
3,talk,58,4,11,Skip
3,talk,59,4,8,Over
3,talk,60,5,14,Over
3,talk,61,5,6,Over
3,talk,62,5,1,Over
3,talk,63,5,9,Over
3,talk,64,5,8,Over
3,talk,65,5,10,Over
3,talk,66,5,2,AGREE TALK day2 ID:36
3,talk,67,5,3,Over
3,talk,68,5,5,Over
3,talk,69,5,11,Over
3,talk,70,5,7,Over
3,talk,71,5,12,Over
3,talk,72,6,3,Over
3,talk,73,6,1,Over
3,talk,74,6,2,ESTIMATE Agent[11] WEREWOLF
3,talk,75,6,11,Over
3,talk,76,6,8,Over
3,talk,77,6,6,Over
3,talk,78,6,7,Over
3,talk,79,6,10,Over
3,talk,80,6,14,Over
3,talk,81,6,5,Over
3,talk,82,6,12,Over
3,talk,83,6,9,Over
3,talk,84,7,5,Over
3,talk,85,7,7,Over
3,talk,86,7,10,Over
3,talk,87,7,14,Over
3,talk,88,7,6,Over
3,talk,89,7,2,VOTE Agent[11]
3,talk,90,7,1,Over
3,talk,91,7,12,Over
3,talk,92,7,11,Over
3,talk,93,7,8,Over
3,talk,94,7,9,Over
3,talk,95,7,3,Over
3,talk,96,8,10,Over
3,talk,97,8,8,Over
3,talk,98,8,12,Over
3,talk,99,8,7,Over
3,talk,100,8,11,Over
3,talk,101,8,2,Skip
3,talk,102,8,14,Over
3,talk,103,8,1,Over
3,talk,104,8,3,Over
3,talk,105,8,9,Over
3,talk,106,8,6,Over
3,talk,107,8,5,Over
3,talk,108,9,9,Over
3,talk,109,9,2,Skip
3,talk,110,9,14,Over
3,talk,111,9,6,Over
3,talk,112,9,12,Over
3,talk,113,9,8,Over
3,talk,114,9,1,Over
3,talk,115,9,10,Over
3,talk,116,9,3,Over
3,talk,117,9,7,Over
3,talk,118,9,5,Over
3,talk,119,9,11,Over
3,talk,120,10,9,Over
3,talk,121,10,12,Over
3,talk,122,10,5,Over
3,talk,123,10,10,Over
3,talk,124,10,11,Over
3,talk,125,10,14,Over
3,talk,126,10,7,Over
3,talk,127,10,1,Over
3,talk,128,10,3,Over
3,talk,129,10,8,Over
3,talk,130,10,6,Over
3,talk,131,10,2,Over
3,vote,1,2
3,vote,2,11
3,vote,3,10
3,vote,5,6
3,vote,6,5
3,vote,7,5
3,vote,8,7
3,vote,9,7
3,vote,10,12
3,vote,11,2
3,vote,12,14
3,vote,14,2
3,execute,2,SEER
3,guard,8,11,POSSESSED
3,attackVote,9,7
3,attack,7,true
4,status,1,VILLAGER,ALIVE,wolf1
4,status,2,SEER,DEAD,SampleRoleAssignPlayer
4,status,3,VILLAGER,ALIVE,SampleRoleAssignPlayer
4,status,4,WEREWOLF,DEAD,SampleRoleAssignPlayer
4,status,5,VILLAGER,ALIVE,SampleRoleAssignPlayer
4,status,6,VILLAGER,ALIVE,SampleRoleAssignPlayer
4,status,7,VILLAGER,DEAD,SampleRoleAssignPlayer
4,status,8,BODYGUARD,ALIVE,SampleRoleAssignPlayer
4,status,9,WEREWOLF,ALIVE,SampleRoleAssignPlayer
4,status,10,VILLAGER,ALIVE,SampleRoleAssignPlayer
4,status,11,POSSESSED,ALIVE,SampleRoleAssignPlayer
4,status,12,VILLAGER,ALIVE,SampleRoleAssignPlayer
4,status,13,MEDIUM,DEAD,SampleRoleAssignPlayer
4,status,14,VILLAGER,ALIVE,SampleRoleAssignPlayer
4,status,15,WEREWOLF,DEAD,SampleRoleAssignPlayer
4,talk,0,0,10,VOTE Agent[14]
4,talk,1,0,6,AGREE TALK day1 ID:32
4,talk,2,0,5,AGREE TALK day1 ID:32
4,talk,3,0,11,DIVINED Agent[12] HUMAN
4,talk,4,0,1,VOTE Agent[03]
4,talk,5,0,12,AGREE TALK day1 ID:32
4,talk,6,0,8,VOTE Agent[10]
4,talk,7,0,14,AGREE TALK day1 ID:32
4,talk,8,0,9,VOTE Agent[08]
4,talk,9,0,3,AGREE TALK day1 ID:32
4,talk,10,1,5,AGREE TALK day1 ID:37
4,talk,11,1,6,AGREE TALK day1 ID:37
4,talk,12,1,11,VOTE Agent[03]
4,talk,13,1,8,Skip
4,talk,14,1,1,ESTIMATE Agent[02] WEREWOLF
4,talk,15,1,14,AGREE TALK day1 ID:37
4,talk,16,1,9,REQUEST(VOTE Agent[08])
4,talk,17,1,10,Skip
4,talk,18,1,3,AGREE TALK day1 ID:37
4,talk,19,1,12,AGREE TALK day1 ID:37
4,talk,20,2,14,AGREE TALK day1 ID:39
4,talk,21,2,10,Skip
4,talk,22,2,9,Skip
4,talk,23,2,1,ESTIMATE Agent[03] WEREWOLF
4,talk,24,2,5,AGREE TALK day1 ID:39
4,talk,25,2,12,AGREE TALK day1 ID:39
4,talk,26,2,3,AGREE TALK day1 ID:39
4,talk,27,2,6,AGREE TALK day1 ID:39
4,talk,28,2,8,Skip
4,talk,29,2,11,REQUEST(VOTE Agent[03])
4,talk,30,3,12,AGREE TALK day1 ID:44
4,talk,31,3,9,Skip
4,talk,32,3,3,AGREE TALK day1 ID:44
4,talk,33,3,10,Over
4,talk,34,3,1,ESTIMATE Agent[13] WEREWOLF
4,talk,35,3,5,AGREE TALK day1 ID:44
4,talk,36,3,11,Skip
4,talk,37,3,6,AGREE TALK day1 ID:44
4,talk,38,3,8,Over
4,talk,39,3,14,AGREE TALK day1 ID:44
4,talk,40,4,6,DISAGREE TALK day1 ID:50
4,talk,41,4,14,DISAGREE TALK day1 ID:50
4,talk,42,4,1,Over
4,talk,43,4,12,DISAGREE TALK day1 ID:50
4,talk,44,4,11,Skip
4,talk,45,4,8,Over
4,talk,46,4,10,Over
4,talk,47,4,3,DISAGREE TALK day1 ID:50
4,talk,48,4,5,DISAGREE TALK day1 ID:50
4,talk,49,4,9,Over
4,talk,50,5,12,DISAGREE TALK day2 ID:36
4,talk,51,5,10,Over
4,talk,52,5,14,DISAGREE TALK day2 ID:36
4,talk,53,5,3,DISAGREE TALK day2 ID:36
4,talk,54,5,11,Over
4,talk,55,5,1,Over
4,talk,56,5,5,DISAGREE TALK day2 ID:36
4,talk,57,5,9,Over
4,talk,58,5,6,DISAGREE TALK day2 ID:36
4,talk,59,5,8,Over
4,talk,60,6,3,DISAGREE TALK day3 ID:74
4,talk,61,6,1,Over
4,talk,62,6,12,DISAGREE TALK day3 ID:74
4,talk,63,6,9,Over
4,talk,64,6,8,Over
4,talk,65,6,5,DISAGREE TALK day3 ID:74
4,talk,66,6,6,DISAGREE TALK day3 ID:74
4,talk,67,6,14,DISAGREE TALK day3 ID:74
4,talk,68,6,10,Over
4,talk,69,6,11,Over
4,talk,70,7,12,ESTIMATE Agent[11] SEER
4,talk,71,7,14,ESTIMATE Agent[11] SEER
4,talk,72,7,9,Over
4,talk,73,7,8,Over
4,talk,74,7,1,Over
4,talk,75,7,6,ESTIMATE Agent[11] SEER
4,talk,76,7,11,Over
4,talk,77,7,5,ESTIMATE Agent[11] SEER
4,talk,78,7,10,Over
4,talk,79,7,3,ESTIMATE Agent[11] SEER
4,talk,80,8,3,VOTE Agent[11]
4,talk,81,8,14,VOTE Agent[05]
4,talk,82,8,9,Over
4,talk,83,8,6,VOTE Agent[11]
4,talk,84,8,8,Over
4,talk,85,8,1,Over
4,talk,86,8,12,VOTE Agent[14]
4,talk,87,8,11,Over
4,talk,88,8,5,VOTE Agent[01]
4,talk,89,8,10,Over
4,talk,90,9,9,Over
4,talk,91,9,6,Skip
4,talk,92,9,12,Skip
4,talk,93,9,14,Skip
4,talk,94,9,11,Over
4,talk,95,9,10,Over
4,talk,96,9,3,Skip
4,talk,97,9,8,Over
4,talk,98,9,5,Skip
4,talk,99,9,1,Over
4,talk,100,10,6,Skip
4,talk,101,10,9,Over
4,talk,102,10,14,Skip
4,talk,103,10,5,Skip
4,talk,104,10,10,Over
4,talk,105,10,3,Skip
4,talk,106,10,11,Over
4,talk,107,10,1,Over
4,talk,108,10,8,Over
4,talk,109,10,12,Skip
4,talk,110,11,8,Over
4,talk,111,11,14,Over
4,talk,112,11,5,Over
4,talk,113,11,10,Over
4,talk,114,11,6,Over
4,talk,115,11,9,Over
4,talk,116,11,12,Over
4,talk,117,11,11,Over
4,talk,118,11,1,Over
4,talk,119,11,3,Over
4,vote,1,3
4,vote,3,11
4,vote,5,1
4,vote,6,11
4,vote,8,10
4,vote,9,8
4,vote,10,14
4,vote,11,3
4,vote,12,14
4,vote,14,5
4,vote,1,3
4,vote,3,11
4,vote,5,14
4,vote,6,11
4,vote,8,14
4,vote,9,11
4,vote,10,14
4,vote,11,3
4,vote,12,14
4,vote,14,8
4,execute,14,VILLAGER
4,guard,8,11,POSSESSED
4,attackVote,9,12
4,attack,12,true
5,status,1,VILLAGER,ALIVE,wolf1
5,status,2,SEER,DEAD,SampleRoleAssignPlayer
5,status,3,VILLAGER,ALIVE,SampleRoleAssignPlayer
5,status,4,WEREWOLF,DEAD,SampleRoleAssignPlayer
5,status,5,VILLAGER,ALIVE,SampleRoleAssignPlayer
5,status,6,VILLAGER,ALIVE,SampleRoleAssignPlayer
5,status,7,VILLAGER,DEAD,SampleRoleAssignPlayer
5,status,8,BODYGUARD,ALIVE,SampleRoleAssignPlayer
5,status,9,WEREWOLF,ALIVE,SampleRoleAssignPlayer
5,status,10,VILLAGER,ALIVE,SampleRoleAssignPlayer
5,status,11,POSSESSED,ALIVE,SampleRoleAssignPlayer
5,status,12,VILLAGER,DEAD,SampleRoleAssignPlayer
5,status,13,MEDIUM,DEAD,SampleRoleAssignPlayer
5,status,14,VILLAGER,DEAD,SampleRoleAssignPlayer
5,status,15,WEREWOLF,DEAD,SampleRoleAssignPlayer
5,talk,0,0,1,VOTE Agent[03]
5,talk,1,0,5,VOTE Agent[01]
5,talk,2,0,11,DIVINED Agent[03] WEREWOLF
5,talk,3,0,8,VOTE Agent[11]
5,talk,4,0,6,VOTE Agent[09]
5,talk,5,0,3,VOTE Agent[05]
5,talk,6,0,9,VOTE Agent[10]
5,talk,7,0,10,VOTE Agent[09]
5,talk,8,1,3,DISAGREE TALK day1 ID:32
5,talk,9,1,6,AGREE TALK day3 ID:31
5,talk,10,1,8,AGREE TALK day3 ID:31
5,talk,11,1,5,AGREE TALK day3 ID:31
5,talk,12,1,9,REQUEST(VOTE Agent[10])
5,talk,13,1,11,VOTE Agent[03]
5,talk,14,1,1,ESTIMATE Agent[02] WEREWOLF
5,talk,15,1,10,AGREE TALK day3 ID:31
5,talk,16,2,6,AGREE TALK day4 ID:23
5,talk,17,2,1,ESTIMATE Agent[03] WEREWOLF
5,talk,18,2,10,AGREE TALK day4 ID:23
5,talk,19,2,8,AGREE TALK day4 ID:23
5,talk,20,2,3,DISAGREE TALK day1 ID:37
5,talk,21,2,9,Skip
5,talk,22,2,11,REQUEST(VOTE Agent[03])
5,talk,23,2,5,AGREE TALK day4 ID:23
5,talk,24,3,3,DISAGREE TALK day1 ID:39
5,talk,25,3,8,ESTIMATE Agent[03] WEREWOLF
5,talk,26,3,5,ESTIMATE Agent[03] WEREWOLF
5,talk,27,3,6,ESTIMATE Agent[03] WEREWOLF
5,talk,28,3,1,ESTIMATE Agent[13] WEREWOLF
5,talk,29,3,9,Skip
5,talk,30,3,10,ESTIMATE Agent[03] WEREWOLF
5,talk,31,3,11,Skip
5,talk,32,4,10,REQUEST(Agent[11] DIVINATION Agent[03])
5,talk,33,4,3,DISAGREE TALK day1 ID:44
5,talk,34,4,8,REQUEST(Agent[11] DIVINATION Agent[03])
5,talk,35,4,9,Over
5,talk,36,4,11,Skip
5,talk,37,4,5,REQUEST(Agent[11] DIVINATION Agent[03])
5,talk,38,4,6,REQUEST(Agent[11] DIVINATION Agent[03])
5,talk,39,4,1,Over
5,talk,40,5,6,VOTE Agent[03]
5,talk,41,5,11,Over
5,talk,42,5,5,VOTE Agent[03]
5,talk,43,5,8,VOTE Agent[03]
5,talk,44,5,10,VOTE Agent[03]
5,talk,45,5,3,AGREE TALK day1 ID:50
5,talk,46,5,9,Over
5,talk,47,5,1,Over
5,talk,48,6,1,Over
5,talk,49,6,10,Skip
5,talk,50,6,8,Skip
5,talk,51,6,3,AGREE TALK day2 ID:36
5,talk,52,6,11,Over
5,talk,53,6,6,Skip
5,talk,54,6,5,Skip
5,talk,55,6,9,Over
5,talk,56,7,9,Over
5,talk,57,7,11,Over
5,talk,58,7,3,AGREE TALK day3 ID:74
5,talk,59,7,10,Skip
5,talk,60,7,8,Skip
5,talk,61,7,1,Over
5,talk,62,7,6,Skip
5,talk,63,7,5,Skip
5,talk,64,8,1,Over
5,talk,65,8,5,Over
5,talk,66,8,9,Over
5,talk,67,8,8,Over
5,talk,68,8,3,DISAGREE TALK day4 ID:70
5,talk,69,8,10,Over
5,talk,70,8,6,Over
5,talk,71,8,11,Over
5,talk,72,9,6,Over
5,talk,73,9,1,Over
5,talk,74,9,5,Over
5,talk,75,9,11,Over
5,talk,76,9,10,Over
5,talk,77,9,3,DISAGREE TALK day4 ID:71
5,talk,78,9,8,Over
5,talk,79,9,9,Over
5,talk,80,10,5,Over
5,talk,81,10,10,Over
5,talk,82,10,6,Over
5,talk,83,10,3,Over
5,talk,84,10,9,Over
5,talk,85,10,11,Over
5,talk,86,10,1,Over
5,talk,87,10,8,Over
5,vote,1,3
5,vote,3,11
5,vote,5,3
5,vote,6,3
5,vote,8,3
5,vote,9,10
5,vote,10,3
5,vote,11,3
5,execute,3,VILLAGER
5,guard,8,11,POSSESSED
5,attackVote,9,1
5,attack,1,true
6,status,1,VILLAGER,DEAD,wolf1
6,status,2,SEER,DEAD,SampleRoleAssignPlayer
6,status,3,VILLAGER,DEAD,SampleRoleAssignPlayer
6,status,4,WEREWOLF,DEAD,SampleRoleAssignPlayer
6,status,5,VILLAGER,ALIVE,SampleRoleAssignPlayer
6,status,6,VILLAGER,ALIVE,SampleRoleAssignPlayer
6,status,7,VILLAGER,DEAD,SampleRoleAssignPlayer
6,status,8,BODYGUARD,ALIVE,SampleRoleAssignPlayer
6,status,9,WEREWOLF,ALIVE,SampleRoleAssignPlayer
6,status,10,VILLAGER,ALIVE,SampleRoleAssignPlayer
6,status,11,POSSESSED,ALIVE,SampleRoleAssignPlayer
6,status,12,VILLAGER,DEAD,SampleRoleAssignPlayer
6,status,13,MEDIUM,DEAD,SampleRoleAssignPlayer
6,status,14,VILLAGER,DEAD,SampleRoleAssignPlayer
6,status,15,WEREWOLF,DEAD,SampleRoleAssignPlayer
6,talk,0,0,11,DIVINED Agent[06] HUMAN
6,talk,1,0,8,VOTE Agent[09]
6,talk,2,0,9,VOTE Agent[06]
6,talk,3,0,10,VOTE Agent[11]
6,talk,4,0,5,VOTE Agent[06]
6,talk,5,0,6,VOTE Agent[09]
6,talk,6,1,9,REQUEST(VOTE Agent[06])
6,talk,7,1,5,Skip
6,talk,8,1,6,Skip
6,talk,9,1,10,Skip
6,talk,10,1,8,Skip
6,talk,11,1,11,VOTE Agent[03]
6,talk,12,2,11,REQUEST(VOTE Agent[03])
6,talk,13,2,6,Skip
6,talk,14,2,10,Skip
6,talk,15,2,8,Skip
6,talk,16,2,9,Skip
6,talk,17,2,5,Skip
6,talk,18,3,11,Skip
6,talk,19,3,6,Over
6,talk,20,3,5,Over
6,talk,21,3,10,Over
6,talk,22,3,9,Skip
6,talk,23,3,8,Over
6,talk,24,4,8,Over
6,talk,25,4,9,Over
6,talk,26,4,5,Over
6,talk,27,4,10,Over
6,talk,28,4,6,Over
6,talk,29,4,11,Skip
6,talk,30,5,11,Over
6,talk,31,5,8,Over
6,talk,32,5,10,Over
6,talk,33,5,6,Over
6,talk,34,5,5,Over
6,talk,35,5,9,Over
6,vote,5,6
6,vote,6,9
6,vote,8,9
6,vote,9,6
6,vote,10,11
6,vote,11,10
6,vote,5,6
6,vote,6,9
6,vote,8,9
6,vote,9,6
6,vote,10,6
6,vote,11,9
6,execute,6,VILLAGER
6,guard,8,11,POSSESSED
6,attackVote,9,8
6,attack,8,true
7,status,1,VILLAGER,DEAD,wolf1
7,status,2,SEER,DEAD,SampleRoleAssignPlayer
7,status,3,VILLAGER,DEAD,SampleRoleAssignPlayer
7,status,4,WEREWOLF,DEAD,SampleRoleAssignPlayer
7,status,5,VILLAGER,ALIVE,SampleRoleAssignPlayer
7,status,6,VILLAGER,DEAD,SampleRoleAssignPlayer
7,status,7,VILLAGER,DEAD,SampleRoleAssignPlayer
7,status,8,BODYGUARD,DEAD,SampleRoleAssignPlayer
7,status,9,WEREWOLF,ALIVE,SampleRoleAssignPlayer
7,status,10,VILLAGER,ALIVE,SampleRoleAssignPlayer
7,status,11,POSSESSED,ALIVE,SampleRoleAssignPlayer
7,status,12,VILLAGER,DEAD,SampleRoleAssignPlayer
7,status,13,MEDIUM,DEAD,SampleRoleAssignPlayer
7,status,14,VILLAGER,DEAD,SampleRoleAssignPlayer
7,status,15,WEREWOLF,DEAD,SampleRoleAssignPlayer
7,talk,0,0,5,VOTE Agent[10]
7,talk,1,0,9,VOTE Agent[05]
7,talk,2,0,10,VOTE Agent[11]
7,talk,3,0,11,DIVINED Agent[10] WEREWOLF
7,talk,4,1,11,VOTE Agent[10]
7,talk,5,1,5,Skip
7,talk,6,1,9,REQUEST(VOTE Agent[05])
7,talk,7,1,10,Skip
7,talk,8,2,11,REQUEST(VOTE Agent[10])
7,talk,9,2,5,Skip
7,talk,10,2,10,Skip
7,talk,11,2,9,Skip
7,talk,12,3,9,Skip
7,talk,13,3,11,Skip
7,talk,14,3,5,Over
7,talk,15,3,10,Over
7,talk,16,4,5,Over
7,talk,17,4,10,Over
7,talk,18,4,9,Over
7,talk,19,4,11,Skip
7,talk,20,5,11,Over
7,talk,21,5,10,Over
7,talk,22,5,5,Over
7,talk,23,5,9,Over
7,vote,5,10
7,vote,9,5
7,vote,10,11
7,vote,11,10
7,execute,10,VILLAGER
7,attackVote,9,5
7,attack,5,true
8,status,1,VILLAGER,DEAD,wolf1
8,status,2,SEER,DEAD,SampleRoleAssignPlayer
8,status,3,VILLAGER,DEAD,SampleRoleAssignPlayer
8,status,4,WEREWOLF,DEAD,SampleRoleAssignPlayer
8,status,5,VILLAGER,DEAD,SampleRoleAssignPlayer
8,status,6,VILLAGER,DEAD,SampleRoleAssignPlayer
8,status,7,VILLAGER,DEAD,SampleRoleAssignPlayer
8,status,8,BODYGUARD,DEAD,SampleRoleAssignPlayer
8,status,9,WEREWOLF,ALIVE,SampleRoleAssignPlayer
8,status,10,VILLAGER,DEAD,SampleRoleAssignPlayer
8,status,11,POSSESSED,ALIVE,SampleRoleAssignPlayer
8,status,12,VILLAGER,DEAD,SampleRoleAssignPlayer
8,status,13,MEDIUM,DEAD,SampleRoleAssignPlayer
8,status,14,VILLAGER,DEAD,SampleRoleAssignPlayer
8,status,15,WEREWOLF,DEAD,SampleRoleAssignPlayer
8,result,1,1,WEREWOLF
